--- candidate status ---
 M sfpcl-lms/src/components/layout/Header.tsx
 M sfpcl-lms/src/pages/notifications/NotificationsCenter.test.tsx
 M sfpcl-lms/src/services/notificationsApi.ts
?? .ralph/runs/2026-07-22_084434_normal_run/
?? sfpcl-lms/e2e/header-notifications.e2e.spec.ts
?? sfpcl-lms/src/components/layout/Header.notifications.test.tsx
--- protected-path candidate check ---
PASS
--- header mock search ---
PASS
--- review result ---
# Review Packet: 2026-07-22_084434_normal_run

## Result
Ready for independent validation

## Slice
010O-header-notification-summary-wiring

--- changed-line sizing ---
81	17	sfpcl-lms/src/components/layout/Header.tsx
2	2	sfpcl-lms/src/pages/notifications/NotificationsCenter.test.tsx
2	0	sfpcl-lms/src/services/notificationsApi.ts
     183 sfpcl-lms/src/components/layout/Header.notifications.test.tsx
     103 sfpcl-lms/e2e/header-notifications.e2e.spec.ts
     286 total
