
> sfpcl-lms@1.0.0 test
> vitest run --run src/components/layout/Header.notifications.test.tsx -t 409 STALE_WRITE

[33mThe CJS build of Vite's Node API is deprecated. See https://vite.dev/guide/troubleshooting.html#vite-cjs-node-api-deprecated for more details.[39m

 RUN  v3.2.6 /Users/amitkallapa/LMS/.ralph/worktrees/2026-07-22_084434_normal_run/sfpcl-lms

 ❯ src/components/layout/Header.notifications.test.tsx (7 tests | 1 failed | 6 skipped) 1224ms
   ↓ 010O Header notification summary > renders the bounded backend unread summary and real unread count
   ↓ 010O Header notification summary > shows the existing loading pattern while the summary request is pending
   ↓ 010O Header notification summary > shows a truthful empty state when the backend has no unread notifications
   ↓ 010O Header notification summary > shows an error state without substituting notification fixtures
   ↓ 010O Header notification summary > shows the unauthorized state returned by the authenticated API seam
   ↓ 010O Header notification summary > marks a row read with its exact version and refreshes the unread summary
   × 010O Header notification summary > refreshes backend truth after a 409 STALE_WRITE instead of retaining stale rows 1223ms
     → expected "spy" to be called 2 times, but got 1 times

Ignored nodes: comments, script, style
[36m<html>[39m
  [36m<head />[39m
  [36m<body>[39m
    [36m<div>[39m
      [36m<header[39m
        [33mclass[39m=[32m"h-[72px] bg-white/95 backdrop-blur border-b border-slate-200 shadow-sm shadow-slate-200/60 flex items-center px-5 lg:px-6 gap-4 flex-shrink-0 z-20"[39m
      [36m>[39m
        [36m<div[39m
          [33mclass[39m=[32m"flex-1 max-w-2xl min-w-0"[39m
        [36m>[39m
          [36m<div[39m
            [33mclass[39m=[32m"relative"[39m
          [36m>[39m
            [36m<svg[39m
              [33maria-hidden[39m=[32m"true"[39m
              [33mclass[39m=[32m"lucide lucide-search absolute left-3.5 top-1/2 -translate-y-1/2 text-slate-400"[39m
              [33mfill[39m=[32m"none"[39m
              [33mheight[39m=[32m"16"[39m
              [33mstroke[39m=[32m"currentColor"[39m
              [33mstroke-linecap[39m=[32m"round"[39m
              [33mstroke-linejoin[39m=[32m"round"[39m
              [33mstroke-width[39m=[32m"2"[39m
              [33mviewBox[39m=[32m"0 0 24 24"[39m
              [33mwidth[39m=[32m"16"[39m
              [33mxmlns[39m=[32m"http://www.w3.org/2000/svg"[39m
            [36m>[39m
              [36m<path[39m
                [33md[39m=[32m"m21 21-4.34-4.34"[39m
              [36m/>[39m
              [36m<circle[39m
                [33mcx[39m=[32m"11"[39m
                [33mcy[39m=[32m"11"[39m
                [33mr[39m=[32m"8"[39m
              [36m/>[39m
            [36m</svg>[39m
            [36m<input[39m
              [33mautocomplete[39m=[32m"off"[39m
              [33mclass[39m=[32m"w-full h-10 pl-10 pr-4 rounded-lg border border-slate-200 text-sm bg-slate-50/80 shadow-inner shadow-slate-100 focus:bg-white focus:outline-none focus:ring-2 focus:ring-green-500 focus:border-transparent transition-all"[39m
              [33mplaceholder[39m=[32m"Search: borrower name, app no., loan no., folio, PAN, Aadhaar last 4, SAP code, mobile, cheque no…"[39m
              [33mtype[39m=[32m"text"[39m
              [33mvalue[39m=[32m""[39m
            [36m/>[39m
          [36m</div>[39m
        [36m</div>[39m
        [36m<div[39m
          [33mclass[39m=[32m"flex items-center gap-1 flex-shrink-0 ml-auto"[39m
        [36m>[39m
          [36m<button[39m
            [33mclass[39m=[32m"h-10 w-10 flex items-center justify-center text-slate-500 hover:text-slate-700 hover:bg-slate-100 rounded-lg transition-colors"[39m
            [33mtitle[39m=[32m"Help & SOP Reference"[39m
          [36m>[39m
            [36m<svg[39m
              [33maria-hidden[39m=[32m"true"[39m
              [33mclass[39m=[32m"lucide lucide-circle-question-mark"[39m
              [33mfill[39m=[32m"none"[39m
              [33mheight[39m=[32m"18"[39m
              [33mstroke[39m=[32m"currentColor"[39m
              [33mstroke-linecap[39m=[32m"round"[39m
              [33mstroke-linejoin[39m=[32m"round"[39m
              [33mstroke-width[39m=[32m"2"[39m
              [33mviewBox[39m=[32m"0 0 24 24"[39m
              [33mwidth[39m=[32m"18"[39m
              [33mxmlns[39m=[32m"http://www.w3.org/2000/svg"[39m
            [36m>[39m
              [36m<circle[39m
                [33mcx[39m=[32m"12"[39m
                [33mcy[39m=[32m"12"[39m
                [33mr[39m=[32m"10"[39m
              [36m/>[39m
              [36m<path[39m
                [33md[39m=[32m"M9.09 9a3 3 0 0 1 5.83 1c0 2-3 3-3 3"[39m
              [36m/>[39m
              [36m<path[39m
                [33md[39m=[32m"M12 17h.01"[39m
              [36m/>[39m
            [36m</svg>[39m
          [36m</button>[39m
          [36m<div[39m
            [33mclass[39m=[32m"w-px h-6 bg-slate-200 mx-1"[39m
          [36m/>[39m
          [36m<div[39m
            [33mclass[39m=[32m"relative"[39m
          [36m>[39m
            [36m<button[39m
              [33maria-label[39m=[32m"Notifications, 1 unread"[39m
              [33mclass[39m=[32m"h-10 w-10 flex items-center justify-center text-slate-500 hover:text-slate-700 hover:bg-slate-100 rounded-lg transition-colors relative"[39m
            [36m>[39m
              [36m<svg[39m
                [33maria-hidden[39m=[32m"true"[39m
                [33mclass[39m=[32m"lucide lucide-bell"[39m
                [33mfill[39m=[32m"none"[39m
                [33mheight[39m=[32m"18"[39m
                [33mstroke[39m=[32m"currentColor"[39m
                [33mstroke-linecap[39m=[32m"round"[39m
                [33mstroke-linejoin[39m=[32m"round"[39m
                [33mstroke-width[39m=[32m"2"[39m
                [33mviewBox[39m=[32m"0 0 24 24"[39m
                [33mwidth[39m=[32m"18"[39m
                [33mxmlns[39m=[32m"http://www.w3.org/2000/svg"[39m
              [36m>[39m
                [36m<path[39m
                  [33md[39m=[32m"M10.268 21a2 2 0 0 0 3.464 0"[39m
                [36m/>[39m
                [36m<path[39m
                  [33md[39m=[32m"M3.262 15.326A1 1 0 0 0 4 17h16a1 1 0 0 0 .74-1.673C19.41 13.956 18 12.499 18 8A6 6 0 0 0 6 8c0 4.499-1.411 5.956-2.738 7.326"[39m
                [36m/>[39m
              [36m</svg>[39m
              [36m<span[39m
                [33mclass[39m=[32m"absolute -top-0.5 -right-0.5 min-w-4 h-4 px-1 bg-red-500 rounded-full ring-2 ring-white text-[10px] leading-4 text-white font-semibold"[39m
              [36m>[39m
                [0m1[0m
              [36m</span>[39m
            [36m</button>[39m
            [36m<div[39m
              [33mclass[39m=[32m"absolute right-0 top-full mt-2 w-80 bg-white border border-slate-200 rounded-lg shadow-xl shadow-slate-200/80 z-50 overflow-hidden"[39m
            [36m>[39m
              [36m<div[39m
                [33mclass[39m=[32m"flex items-center justify-between px-4 py-3 border-b border-slate-100"[39m
              [36m>[39m
                [36m<span[39m
                  [33mclass[39m=[32m"text-sm font-semibold text-slate-900"[39m
                [36m>[39m
                  [0mNotifications[0m
                [36m</span>[39m
              [36m</div>[39m
              [36m<div[39m
                [33mclass[39m=[32m"px-4 py-6 text-center text-sm text-red-600"[39m
              [36m>[39m
                [0mNotifications could not be loaded.[0m
              [36m</div>[39m
              [36m<div[39m
                [33mclass[39m=[32m"px-4 py-3 border-b border-slate-50 hover:bg-slate-50 flex gap-3 bg-amber-50/50"[39m
              [36m>[39m
                [36m<div[39m
                  [33mclass[39m=[32m"w-2 h-2 rounded-full mt-1.5 flex-shrink-0 bg-amber-500"[39m
                [36m/>[39m
                [36m<div[39m
                  [33mclass[39m=[32m"min-w-0 flex-1"[39m
                [36m>[39m
                  [36m<p[39m
                    [33mclass[39m=[32m"text-sm font-medium text-slate-700"[39m
                  [36m>[39m
                    [0mReview LA-2026-0001[0m
                  [36m</p>[39m
                  [36m<p[39m
                    [33mclass[39m=[32m"text-xs text-slate-500 mt-0.5"[39m
                  [36m>[39m
                    [0mLA-2026-0001 requires credit review.[0m
                  [36m</p>[39m
                  [36m<p[39m
                    [33mclass[39m=[32m"text-xs text-slate-400 mt-0.5"[39m
                  [36m>[39m
                    [0m22 Jul, 01:30 pm[0m
                  [36m</p>[39m
                  [36m<button[39m
                    [33maria-label[39m=[32m"Mark Review LA-2026-0001 as read"[39m
                    [33mclass[39m=[32m"text-xs text-green-600 font-medium mt-1 hover:text-green-700"[39m
                    [33mtype[39m=[32m"button"[39m
                  [36m>[39m
                    [0mMark as read[0m
                  [36m</button>[39m
                [36m</div>[39m
              [36m</div>[39m
              [36m<button[39m
                [33mclass[39m=[32m"w-full px-4 py-3 text-center text-sm text-green-600 font-medium hover:bg-green-50 transition-colors"[39m
                [33mtype[39m=[32m"button"[39m
              [36m>[39m
                [0mView all notifications[0m
              [36m</button>[39m
            [36m</div>[39m
          [36m</div>[39m
          [36m<div[39m
            [33mclass[39m=[32m"w-px h-6 bg-slate-200 mx-1"[39m
          [36m/>[39m
          [36m<div[39m
            [33mclass[39m=[32m"relative"[39m
          [36m>[39m
            [36m<button[39m
              [33mclass[39m=[32m"h-10 flex items-center gap-2 pl-2.5 pr-2 rounded-lg border border-transparent hover:border-slate-200 hover:bg-slate-50 transition-colors"[39m
            [36m>[39m
              [36m<div[39m
                [33mclass[39m=[32m"w-8 h-8 rounded-full bg-green-100 flex items-center justify-center"[39m
              [36m>[39m
                [36m<svg[39m
                  [33maria-hidden[39m=[32m"true"[39m
                  [33mclass[39m=[32m"lucide lucide-user text-green-700"[39m
                  [33mfill[39m=[32m"none"[39m
                  [33mheight[39m=[32m"16"[39m
                  [33mstroke[39m=[32m"currentColor"[39m
                  [33mstroke-linecap[39m=[32m"round"[39m
                  [33mstroke-linejoin[39m=[32m"round"[39m
                  [33mstroke-width[39m=[32m"2"[39m
                  [33mviewBox[39m=[32m"0 0 24 24"[39m
                  [33mwidth[39m=[32m"16"[39m
                  [33mxmlns[39m=[32m"http://www.w3.org/2000/svg"[39m
                [36m>[39m
                  [36m<path[39m
                    [33md[39m=[32m"M19 21v-2a4 4 0 0 0-4-4H9a4 4 0 0 0-4 4v2"[39m
                  [36m/>[39m
                  [36m<circle[39m
                    [33mcx[39m=[32m"12"[39m
                    [33mcy[39m=[32m"7"[39m
                    [33mr[39m=[32m"4"[39m
                  [36m/>[39m
                [36m</svg>[39m
              [36m</div>[39m
              [36m<div[39m
                [33mclass[39m=[32m"text-left hidden sm:block"[39m
              [36m>[39m
                [36m<div[39m
                  [33mclass[39m=[32m"text-sm font-medium text-slate-900 leading-tight"[39m
                [36m>[39m
                  [0mNotification User[0m
                [36m</div>[39m
                [36m<div[39m
                  [33mclass[39m=[32m"text-xs text-slate-500 leading-tight"[39m
                [36m>[39m
                  [0mCFO[0m
                [36m</div>[39m
              [36m</div>[39m
              [36m<svg[39m
                [33maria-hidden[39m=[32m"true"[39m
                [33mclass[39m=[32m"lucide lucide-chevron-down text-slate-400"[39m
                [33mfill[39m=[32m"none"[39m
                [33mheight[39m=[32m"14"[39m
                [33mstroke[39m=[32m"currentColor"[39m
                [33mstroke-linecap[39m=[32m"round"[39m
                [33mstroke-linejoin[39m=[32m"round"[39m
                [33mstroke-width[39m=[32m"2"[39m
                [33mviewBox[39m=[32m"0 0 24 24"[39m
                [33mwidth[39m=[32m"14"[39m
                [33mxmlns[39m=[32m"http://www.w3.org/2000/svg"[39m
              [36m>[39m
                [36m<path[39m
                  [33md[39m=[32m"m6 9 6 6 6-6"[39m
                [36m/>[39m
              [36m</svg>[39m
            [36m</button>[39m
          [36m</div>[39m
        [36m</div>[39m
      [36m</header>[39m
    [36m</div>[39m
  [36m</body>[39m
[36m</html>[39m

⎯⎯⎯⎯⎯⎯⎯ Failed Tests 1 ⎯⎯⎯⎯⎯⎯⎯

 FAIL  src/components/layout/Header.notifications.test.tsx > 010O Header notification summary > refreshes backend truth after a 409 STALE_WRITE instead of retaining stale rows
AssertionError: expected "spy" to be called 2 times, but got 1 times

Ignored nodes: comments, script, style
[36m<html>[39m
  [36m<head />[39m
  [36m<body>[39m
    [36m<div>[39m
      [36m<header[39m
        [33mclass[39m=[32m"h-[72px] bg-white/95 backdrop-blur border-b border-slate-200 shadow-sm shadow-slate-200/60 flex items-center px-5 lg:px-6 gap-4 flex-shrink-0 z-20"[39m
      [36m>[39m
        [36m<div[39m
          [33mclass[39m=[32m"flex-1 max-w-2xl min-w-0"[39m
        [36m>[39m
          [36m<div[39m
            [33mclass[39m=[32m"relative"[39m
          [36m>[39m
            [36m<svg[39m
              [33maria-hidden[39m=[32m"true"[39m
              [33mclass[39m=[32m"lucide lucide-search absolute left-3.5 top-1/2 -translate-y-1/2 text-slate-400"[39m
              [33mfill[39m=[32m"none"[39m
              [33mheight[39m=[32m"16"[39m
              [33mstroke[39m=[32m"currentColor"[39m
              [33mstroke-linecap[39m=[32m"round"[39m
              [33mstroke-linejoin[39m=[32m"round"[39m
              [33mstroke-width[39m=[32m"2"[39m
              [33mviewBox[39m=[32m"0 0 24 24"[39m
              [33mwidth[39m=[32m"16"[39m
              [33mxmlns[39m=[32m"http://www.w3.org/2000/svg"[39m
            [36m>[39m
              [36m<path[39m
                [33md[39m=[32m"m21 21-4.34-4.34"[39m
              [36m/>[39m
              [36m<circle[39m
                [33mcx[39m=[32m"11"[39m
                [33mcy[39m=[32m"11"[39m
                [33mr[39m=[32m"8"[39m
              [36m/>[39m
            [36m</svg>[39m
            [36m<input[39m
              [33mautocomplete[39m=[32m"off"[39m
              [33mclass[39m=[32m"w-full h-10 pl-10 pr-4 rounded-lg border border-slate-200 text-sm bg-slate-50/80 shadow-inner shadow-slate-100 focus:bg-white focus:outline-none focus:ring-2 focus:ring-green-500 focus:border-transparent transition-all"[39m
              [33mplaceholder[39m=[32m"Search: borrower name, app no., loan no., folio, PAN, Aadhaar last 4, SAP code, mobile, cheque no…"[39m
              [33mtype[39m=[32m"text"[39m
              [33mvalue[39m=[32m""[39m
            [36m/>[39m
          [36m</div>[39m
        [36m</div>[39m
        [36m<div[39m
          [33mclass[39m=[32m"flex items-center gap-1 flex-shrink-0 ml-auto"[39m
        [36m>[39m
          [36m<button[39m
            [33mclass[39m=[32m"h-10 w-10 flex items-center justify-center text-slate-500 hover:text-slate-700 hover:bg-slate-100 rounded-lg transition-colors"[39m
            [33mtitle[39m=[32m"Help & SOP Reference"[39m
          [36m>[39m
            [36m<svg[39m
              [33maria-hidden[39m=[32m"true"[39m
              [33mclass[39m=[32m"lucide lucide-circle-question-mark"[39m
              [33mfill[39m=[32m"none"[39m
              [33mheight[39m=[32m"18"[39m
              [33mstroke[39m=[32m"currentColor"[39m
              [33mstroke-linecap[39m=[32m"round"[39m
              [33mstroke-linejoin[39m=[32m"round"[39m
              [33mstroke-width[39m=[32m"2"[39m
              [33mviewBox[39m=[32m"0 0 24 24"[39m
              [33mwidth[39m=[32m"18"[39m
              [33mxmlns[39m=[32m"http://www.w3.org/2000/svg"[39m
            [36m>[39m
              [36m<circle[39m
                [33mcx[39m=[32m"12"[39m
                [33mcy[39m=[32m"12"[39m
                [33mr[39m=[32m"10"[39m
              [36m/>[39m
              [36m<path[39m
                [33md[39m=[32m"M9.09 9a3 3 0 0 1 5.83 1c0 2-3 3-3 3"[39m
              [36m/>[39m
              [36m<path[39m
                [33md[39m=[32m"M12 17h.01"[39m
              [36m/>[39m
            [36m</svg>[39m
          [36m</button>[39m
          [36m<div[39m
            [33mclass[39m=[32m"w-px h-6 bg-slate-200 mx-1"[39m
          [36m/>[39m
          [36m<div[39m
            [33mclass[39m=[32m"relative"[39m
          [36m>[39m
            [36m<button[39m
              [33maria-label[39m=[32m"Notifications, 1 unread"[39m
              [33mclass[39m=[32m"h-10 w-10 flex items-center justify-center text-slate-500 hover:text-slate-700 hover:bg-slate-100 rounded-lg transition-colors relative"[39m
            [36m>[39m
              [36m<svg[39m
                [33maria-hidden[39m=[32m"true"[39m
                [33mclass[39m=[32m"lucide lucide-bell"[39m
                [33mfill[39m=[32m"none"[39m
                [33mheight[39m=[32m"18"[39m
                [33mstroke[39m=[32m"currentColor"[39m
                [33mstroke-linecap[39m=[32m"round"[39m
                [33mstroke-linejoin[39m=[32m"round"[39m
                [33mstroke-width[39m=[32m"2"[39m
                [33mviewBox[39m=[32m"0 0 24 24"[39m
                [33mwidth[39m=[32m"18"[39m
                [33mxmlns[39m=[32m"http://www.w3.org/2000/svg"[39m
              [36m>[39m
                [36m<path[39m
                  [33md[39m=[32m"M10.268 21a2 2 0 0 0 3.464 0"[39m
                [36m/>[39m
                [36m<path[39m
                  [33md[39m=[32m"M3.262 15.326A1 1 0 0 0 4 17h16a1 1 0 0 0 .74-1.673C19.41 13.956 18 12.499 18 8A6 6 0 0 0 6 8c0 4.499-1.411 5.956-2.738 7.326"[39m
                [36m/>[39m
              [36m</svg>[39m
              [36m<span[39m
                [33mclass[39m=[32m"absolute -top-0.5 -right-0.5 min-w-4 h-4 px-1 bg-red-500 rounded-full ring-2 ring-white text-[10px] leading-4 text-white font-semibold"[39m
              [36m>[39m
                [0m1[0m
              [36m</span>[39m
            [36m</button>[39m
            [36m<div[39m
              [33mclass[39m=[32m"absolute right-0 top-full mt-2 w-80 bg-white border border-slate-200 rounded-lg shadow-xl shadow-slate-200/80 z-50 overflow-hidden"[39m
            [36m>[39m
              [36m<div[39m
                [33mclass[39m=[32m"flex items-center justify-between px-4 py-3 border-b border-slate-100"[39m
              [36m>[39m
                [36m<span[39m
                  [33mclass[39m=[32m"text-sm font-semibold text-slate-900"[39m
                [36m>[39m
                  [0mNotifications[0m
                [36m</span>[39m
              [36m</div>[39m
              [36m<div[39m
                [33mclass[39m=[32m"px-4 py-6 text-center text-sm text-red-600"[39m
              [36m>[39m
                [0mNotifications could not be loaded.[0m
              [36m</div>[39m
              [36m<div[39m
                [33mclass[39m=[32m"px-4 py-3 border-b border-slate-50 hover:bg-slate-50 flex gap-3 bg-amber-50/50"[39m
              [36m>[39m
                [36m<div[39m
                  [33mclass[39m=[32m"w-2 h-2 rounded-full mt-1.5 flex-shrink-0 bg-amber-500"[39m
                [36m/>[39m
                [36m<div[39m
                  [33mclass[39m=[32m"min-w-0 flex-1"[39m
                [36m>[39m
                  [36m<p[39m
                    [33mclass[39m=[32m"text-sm font-medium text-slate-700"[39m
                  [36m>[39m
                    [0mReview LA-2026-0001[0m
                  [36m</p>[39m
                  [36m<p[39m
                    [33mclass[39m=[32m"text-xs text-slate-500 mt-0.5"[39m
                  [36m>[39m
                    [0mLA-2026-0001 requires credit review.[0m
                  [36m</p>[39m
                  [36m<p[39m
                    [33mclass[39m=[32m"text-xs text-slate-400 mt-0.5"[39m
                  [36m>[39m
                    [0m22 Jul, 01:30 pm[0m
                  [36m</p>[39m
                  [36m<button[39m
                    [33maria-label[39m=[32m"Mark Review LA-2026-0001 as read"[39m
                    [33mclass[39m=[32m"text-xs text-green-600 font-medium mt-1 hover:text-green-700"[39m
                    [33mtype[39m=[32m"button"[39m
                  [36m>[39m
                    [0mMark as read[0m
                  [36m</button>[39m
                [36m</div>[39m
              [36m</div>[39m
              [36m<button[39m
                [33mclass[39m=[32m"w-full px-4 py-3 text-center text-sm text-green-600 font-medium hover:bg-green-50 transition-colors"[39m
                [33mtype[39m=[32m"button"[39m
              [36m>[39m
                [0mView all notifications[0m
              [36m</button>[39m
            [36m</div>[39m
          [36m</div>[39m
          [36m<div[39m
            [33mclass[39m=[32m"w-px h-6 bg-slate-200 mx-1"[39m
          [36m/>[39m
          [36m<div[39m
            [33mclass[39m=[32m"relative"[39m
          [36m>[39m
            [36m<button[39m
              [33mclass[39m=[32m"h-10 flex items-center gap-2 pl-2.5 pr-2 rounded-lg border border-transparent hover:border-slate-200 hover:bg-slate-50 transition-colors"[39m
            [36m>[39m
              [36m<div[39m
                [33mclass[39m=[32m"w-8 h-8 rounded-full bg-green-100 flex items-center justify-center"[39m
              [36m>[39m
                [36m<svg[39m
                  [33maria-hidden[39m=[32m"true"[39m
                  [33mclass[39m=[32m"lucide lucide-user text-green-700"[39m
                  [33mfill[39m=[32m"none"[39m
                  [33mheight[39m=[32m"16"[39m
                  [33mstroke[39m=[32m"currentColor"[39m
                  [33mstroke-linecap[39m=[32m"round"[39m
                  [33mstroke-linejoin[39m=[32m"round"[39m
                  [33mstroke-width[39m=[32m"2"[39m
                  [33mviewBox[39m=[32m"0 0 24 24"[39m
                  [33mwidth[39m=[32m"16"[39m
                  [33mxmlns[39m=[32m"http://www.w3.org/2000/svg"[39m
                [36m>[39m
                  [36m<path[39m
                    [33md[39m=[32m"M19 21v-2a4 4 0 0 0-4-4H9a4 4 0 0 0-4 4v2"[39m
                  [36m/>[39m
                  [36m<circle[39m
                    [33mcx[39m=[32m"12"[39m
                    [33mcy[39m=[32m"7"[39m
                    [33mr[39m=[32m"4"[39m
                  [36m/>[39m
                [36m</svg>[39m
              [36m</div>[39m
              [36m<div[39m
                [33mclass[39m=[32m"text-left hidden sm:block"[39m
              [36m>[39m
                [36m<div[39m
                  [33mclass[39m=[32m"text-sm font-medium text-slate-900 leading-tight"[39m
                [36m>[39m
                  [0mNotification User[0m
                [36m</div>[39m
                [36m<div[39m
                  [33mclass[39m=[32m"text-xs text-slate-500 leading-tight"[39m
                [36m>[39m
                  [0mCFO[0m
                [36m</div>[39m
              [36m</div>[39m
              [36m<svg[39m
                [33maria-hidden[39m=[32m"true"[39m
                [33mclass[39m=[32m"lucide lucide-chevron-down text-slate-400"[39m
                [33mfill[39m=[32m"none"[39m
                [33mheight[39m=[32m"14"[39m
                [33mstroke[39m=[32m"currentColor"[39m
                [33mstroke-linecap[39m=[32m"round"[39m
                [33mstroke-linejoin[39m=[32m"round"[39m
                [33mstroke-width[39m=[32m"2"[39m
                [33mviewBox[39m=[32m"0 0 24 24"[39m
                [33mwidth[39m=[32m"14"[39m
                [33mxmlns[39m=[32m"http://www.w3.org/2000/svg"[39m
              [36m>[39m
                [36m<path[39m
                  [33md[39m=[32m"m6 9 6 6 6-6"[39m
                [36m/>[39m
              [36m</svg>[39m
            [36m</button>[39m
          [36m</div>[39m
        [36m</div>[39m
      [36m</header>[39m
    [36m</div>[39m
  [36m</body>[39m
[36m</html>[39m
 ❯ src/components/layout/Header.notifications.test.tsx:136:52
    134|     await userEvent.click(screen.getByRole('button', { name: 'Mark Rev…
    135| 
    136|     await waitFor(() => expect(fetchNotifications).toHaveBeenCalledTim…
       |                                                    ^
    137|     expect(screen.getByText('You have no unread notifications.')).toBe…
    138|   });
 ❯ runWithExpensiveErrorDiagnosticsDisabled node_modules/@testing-library/dom/dist/config.js:47:12
 ❯ checkCallback node_modules/@testing-library/dom/dist/wait-for.js:124:77
 ❯ Timeout.checkRealTimersCallback node_modules/@testing-library/dom/dist/wait-for.js:118:16

⎯⎯⎯⎯⎯⎯⎯⎯⎯⎯⎯⎯⎯⎯⎯⎯⎯⎯⎯⎯⎯⎯⎯⎯[1/1]⎯


 Test Files  1 failed (1)
      Tests  1 failed | 6 skipped (7)
   Start at  08:52:50
   Duration  2.04s (transform 89ms, setup 0ms, collect 239ms, tests 1.22s, environment 312ms, prepare 36ms)

