npm warn EBADENGINE Unsupported engine {
npm warn EBADENGINE   package: 'eslint-visitor-keys@5.0.1',
npm warn EBADENGINE   required: { node: '^20.19.0 || ^22.13.0 || >=24' },
npm warn EBADENGINE   current: { node: 'v18.20.4', npm: '10.7.0' }
npm warn EBADENGINE }
npm warn EBADENGINE Unsupported engine {
npm warn EBADENGINE   package: 'react-router@7.18.0',
npm warn EBADENGINE   required: { node: '>=20.0.0' },
npm warn EBADENGINE   current: { node: 'v18.20.4', npm: '10.7.0' }
npm warn EBADENGINE }
npm warn EBADENGINE Unsupported engine {
npm warn EBADENGINE   package: 'react-router-dom@7.18.0',
npm warn EBADENGINE   required: { node: '>=20.0.0' },
npm warn EBADENGINE   current: { node: 'v18.20.4', npm: '10.7.0' }
npm warn EBADENGINE }
npm warn deprecated whatwg-encoding@3.1.1: Use @exodus/bytes instead for a more spec-conformant and faster implementation

added 330 packages in 3s
npm warn EBADENGINE Unsupported engine {
npm warn EBADENGINE   package: 'eslint-visitor-keys@5.0.1',
npm warn EBADENGINE   required: { node: '^20.19.0 || ^22.13.0 || >=24' },
npm warn EBADENGINE   current: { node: 'v18.20.4', npm: '10.7.0' }
npm warn EBADENGINE }
npm warn EBADENGINE Unsupported engine {
npm warn EBADENGINE   package: 'react-router@7.18.0',
npm warn EBADENGINE   required: { node: '>=20.0.0' },
npm warn EBADENGINE   current: { node: 'v18.20.4', npm: '10.7.0' }
npm warn EBADENGINE }
npm warn EBADENGINE Unsupported engine {
npm warn EBADENGINE   package: 'react-router-dom@7.18.0',
npm warn EBADENGINE   required: { node: '>=20.0.0' },
npm warn EBADENGINE   current: { node: 'v18.20.4', npm: '10.7.0' }
npm warn EBADENGINE }

up to date in 472ms
