Architecture review verification — 2026-07-12_092009_architecture_review

Frontend command:
  npm run lint && npm run typecheck && npm test -- --run && npm run build
Result:
  PASS — ESLint and TypeScript passed; 26 files / 171 tests passed; Vite build passed.

Backend commands (all used /Users/amitkallapa/LMS/.ralph/venv/bin/python):
  manage.py check
  manage.py makemigrations --check --dry-run
  python -m coverage run --source=sfpcl_credit manage.py test sfpcl_credit.tests
  python -m coverage report --fail-under=85
Result:
  PASS — check and migration sync passed; 411 tests passed with 5 expected skips; coverage 94%.

Documentation/workflow commands:
  ralph_slice_queue_lint docs/slices
  jq empty .ralph/state.json .ralph/permissions.json
  git diff --check
  bash scripts/tests/ralph-workflow-regression.sh
Result:
  PASS — queue drains with no dangling/ambiguous/cyclic dependency; JSON and diff checks passed;
  Ralph workflow regressions passed.

Scope checks:
  PASS — no `sfpcl-lms/src`, `sfpcl-lms/e2e`, or `sfpcl_credit` diff from HEAD.
  PASS — no protected or docs/source file changed by this review.
