Command:
RALPH_EVIDENCE_DIR=/Users/amitkallapa/LMS/.ralph/worktrees/2026-07-12_150856_normal_run/.ralph/runs/2026-07-12_152923_repair/evidence/screenshots E2E_DJANGO_PYTHON=/Users/amitkallapa/LMS/.ralph/venv/bin/python npm run e2e -- e2e/witness-correction-authority.e2e.spec.ts

Working directory: sfpcl-lms/


> sfpcl-lms@1.0.0 e2e
> playwright test e2e/witness-correction-authority.e2e.spec.ts

[2m[WebServer] [22m[12/Jul/2026 10:06:58] "GET /api/v1/health/ready/ HTTP/1.1" 200 202
[2m[WebServer] [22m[33mThe CJS build of Vite's Node API is deprecated. See https://vite.dev/guide/troubleshooting.html#vite-cjs-node-api-deprecated for more details.[39m

Running 1 test using 1 worker

[2m[WebServer] [22m[12/Jul/2026 10:07:00] "OPTIONS /api/v1/auth/login/ HTTP/1.1" 200 0
[2m[WebServer] [22m[12/Jul/2026 10:07:00] "POST /api/v1/auth/login/ HTTP/1.1" 200 1314
[2m[WebServer] [22m[12/Jul/2026 10:07:00] "OPTIONS /api/v1/auth/me/ HTTP/1.1" 200 0
[2m[WebServer] [22m[12/Jul/2026 10:07:00] "GET /api/v1/auth/me/ HTTP/1.1" 200 1723
[2m[WebServer] [22m[12/Jul/2026 10:07:00] "OPTIONS /api/v1/dashboard/ HTTP/1.1" 200 0
[2m[WebServer] [22m[12/Jul/2026 10:07:00] "OPTIONS /api/v1/dashboard/ HTTP/1.1" 200 0
[2m[WebServer] [22mForbidden: /api/v1/dashboard/
[2m[WebServer] [22m[12/Jul/2026 10:07:00] "GET /api/v1/dashboard/ HTTP/1.1" 403 250
[2m[WebServer] [22mForbidden: /api/v1/dashboard/
[2m[WebServer] [22m[12/Jul/2026 10:07:00] "GET /api/v1/dashboard/ HTTP/1.1" 403 250
[2m[WebServer] [22m[12/Jul/2026 10:07:01] "OPTIONS /api/v1/loan-applications/?ordering=-application_date&page=1&page_size=20 HTTP/1.1" 200 0
[2m[WebServer] [22m[12/Jul/2026 10:07:01] "OPTIONS /api/v1/loan-applications/?ordering=-application_date&page=1&page_size=20 HTTP/1.1" 200 0
[2m[WebServer] [22m[12/Jul/2026 10:07:01] "GET /api/v1/loan-applications/?ordering=-application_date&page=1&page_size=20 HTTP/1.1" 200 1038
[2m[WebServer] [22m[12/Jul/2026 10:07:01] "OPTIONS /api/v1/loan-applications/?search=LOE2E00601&ordering=-application_date&page=1&page_size=20 HTTP/1.1" 200 0
[2m[WebServer] [22m[12/Jul/2026 10:07:01] "GET /api/v1/loan-applications/?ordering=-application_date&page=1&page_size=20 HTTP/1.1" 200 1038
[2m[WebServer] [22m[12/Jul/2026 10:07:01] "GET /api/v1/loan-applications/?search=LOE2E00601&ordering=-application_date&page=1&page_size=20 HTTP/1.1" 200 1038
[2m[WebServer] [22m[12/Jul/2026 10:07:01] "OPTIONS /api/v1/loan-request-register/?search=LOE2E00601&ordering=-reference_generated_date&page_size=20 HTTP/1.1" 200 0
[2m[WebServer] [22m[12/Jul/2026 10:07:01] "GET /api/v1/loan-request-register/?search=LOE2E00601&ordering=-reference_generated_date&page_size=20 HTTP/1.1" 200 246
[2m[WebServer] [22m[12/Jul/2026 10:07:01] "OPTIONS /api/v1/loan-applications/00000000-0000-4000-8000-000000000601/ HTTP/1.1" 200 0
[2m[WebServer] [22m[12/Jul/2026 10:07:01] "OPTIONS /api/v1/loan-applications/00000000-0000-4000-8000-000000000601/document-checklist/ HTTP/1.1" 200 0
[2m[WebServer] [22m[12/Jul/2026 10:07:01] "OPTIONS /api/v1/loan-applications/00000000-0000-4000-8000-000000000601/ HTTP/1.1" 200 0
[2m[WebServer] [22m[12/Jul/2026 10:07:01] "OPTIONS /api/v1/loan-applications/00000000-0000-4000-8000-000000000601/document-checklist/ HTTP/1.1" 200 0
[2m[WebServer] [22m[12/Jul/2026 10:07:01] "OPTIONS /api/v1/loan-applications/00000000-0000-4000-8000-000000000601/deficiencies/ HTTP/1.1" 200 0
[2m[WebServer] [22m[12/Jul/2026 10:07:01] "OPTIONS /api/v1/loan-applications/00000000-0000-4000-8000-000000000601/deficiencies/ HTTP/1.1" 200 0
[2m[WebServer] [22m[12/Jul/2026 10:07:01] "GET /api/v1/loan-applications/00000000-0000-4000-8000-000000000601/ HTTP/1.1" 200 2030
[2m[WebServer] [22m[12/Jul/2026 10:07:01] "GET /api/v1/loan-applications/00000000-0000-4000-8000-000000000601/document-checklist/ HTTP/1.1" 200 2305
[2m[WebServer] [22m[12/Jul/2026 10:07:01] "GET /api/v1/loan-applications/00000000-0000-4000-8000-000000000601/deficiencies/ HTTP/1.1" 200 1443
[2m[WebServer] [22m[12/Jul/2026 10:07:01] "GET /api/v1/loan-applications/00000000-0000-4000-8000-000000000601/ HTTP/1.1" 200 2030
[2m[WebServer] [22m[12/Jul/2026 10:07:01] "GET /api/v1/loan-applications/00000000-0000-4000-8000-000000000601/document-checklist/ HTTP/1.1" 200 2305
[2m[WebServer] [22m[12/Jul/2026 10:07:01] "OPTIONS /api/v1/loan-applications/00000000-0000-4000-8000-000000000601/appraisal-note/ HTTP/1.1" 200 0
[2m[WebServer] [22m[12/Jul/2026 10:07:01] "OPTIONS /api/v1/loan-applications/00000000-0000-4000-8000-000000000601/loan-limit-assessment/ HTTP/1.1" 200 0
[2m[WebServer] [22m[12/Jul/2026 10:07:01] "OPTIONS /api/v1/loan-applications/00000000-0000-4000-8000-000000000601/eligibility-assessment/ HTTP/1.1" 200 0
[2m[WebServer] [22m[12/Jul/2026 10:07:01] "GET /api/v1/loan-applications/00000000-0000-4000-8000-000000000601/deficiencies/ HTTP/1.1" 200 1443
[2m[WebServer] [22mNot Found: /api/v1/loan-applications/00000000-0000-4000-8000-000000000601/appraisal-note/
[2m[WebServer] [22m[12/Jul/2026 10:07:01] "GET /api/v1/loan-applications/00000000-0000-4000-8000-000000000601/appraisal-note/ HTTP/1.1" 404 224
[2m[WebServer] [22mNot Found: /api/v1/loan-applications/00000000-0000-4000-8000-000000000601/loan-limit-assessment/
[2m[WebServer] [22m[12/Jul/2026 10:07:01] "GET /api/v1/loan-applications/00000000-0000-4000-8000-000000000601/loan-limit-assessment/ HTTP/1.1" 404 231
[2m[WebServer] [22m[12/Jul/2026 10:07:01] "GET /api/v1/loan-applications/00000000-0000-4000-8000-000000000601/eligibility-assessment/ HTTP/1.1" 200 1143
[2m[WebServer] [22mNot Found: /api/v1/loan-applications/00000000-0000-4000-8000-000000000601/appraisal-note/
[2m[WebServer] [22mNot Found: /api/v1/loan-applications/00000000-0000-4000-8000-000000000601/loan-limit-assessment/
[2m[WebServer] [22m[12/Jul/2026 10:07:01] "GET /api/v1/loan-applications/00000000-0000-4000-8000-000000000601/loan-limit-assessment/ HTTP/1.1" 404 231
[2m[WebServer] [22m[12/Jul/2026 10:07:01] "GET /api/v1/loan-applications/00000000-0000-4000-8000-000000000601/appraisal-note/ HTTP/1.1" 404 224
[2m[WebServer] [22m[12/Jul/2026 10:07:01] "GET /api/v1/loan-applications/00000000-0000-4000-8000-000000000601/eligibility-assessment/ HTTP/1.1" 200 1143
[2m[WebServer] [22m[12/Jul/2026 10:07:01] "OPTIONS /api/v1/loan-applications/00000000-0000-4000-8000-000000000601/witnesses/ HTTP/1.1" 200 0
[2m[WebServer] [22m[12/Jul/2026 10:07:01] "OPTIONS /api/v1/loan-applications/00000000-0000-4000-8000-000000000601/witnesses/ HTTP/1.1" 200 0
[2m[WebServer] [22m[12/Jul/2026 10:07:01] "GET /api/v1/loan-applications/00000000-0000-4000-8000-000000000601/witnesses/ HTTP/1.1" 200 592
[2m[WebServer] [22m[12/Jul/2026 10:07:01] "GET /api/v1/loan-applications/00000000-0000-4000-8000-000000000601/witnesses/ HTTP/1.1" 200 592
[2m[WebServer] [22m[12/Jul/2026 10:07:01] "POST /api/v1/loan-applications/00000000-0000-4000-8000-000000000601/witnesses/ HTTP/1.1" 200 1493
[2m[WebServer] [22m[12/Jul/2026 10:07:01] "GET /api/v1/loan-applications/00000000-0000-4000-8000-000000000601/witnesses/ HTTP/1.1" 200 1962
[2m[WebServer] [22m[12/Jul/2026 10:07:01] "OPTIONS /api/v1/loan-applications/00000000-0000-4000-8000-000000000601/witnesses/9206a979-cd9c-44fc-acf9-ba4c01f05a1e/ HTTP/1.1" 200 0
[2m[WebServer] [22m[12/Jul/2026 10:07:01] "PATCH /api/v1/loan-applications/00000000-0000-4000-8000-000000000601/witnesses/9206a979-cd9c-44fc-acf9-ba4c01f05a1e/ HTTP/1.1" 200 1520
[2m[WebServer] [22m[12/Jul/2026 10:07:01] "GET /api/v1/loan-applications/00000000-0000-4000-8000-000000000601/witnesses/ HTTP/1.1" 200 1989
[2m[WebServer] [22m[12/Jul/2026 10:07:01] "GET /api/v1/auth/me/ HTTP/1.1" 200 1723
[2m[WebServer] [22m[12/Jul/2026 10:07:01] "GET /api/v1/auth/me/ HTTP/1.1" 200 1723
[2m[WebServer] [22mForbidden: /api/v1/dashboard/
[2m[WebServer] [22m[12/Jul/2026 10:07:01] "GET /api/v1/dashboard/ HTTP/1.1" 403 250
[2m[WebServer] [22mForbidden: /api/v1/dashboard/
[2m[WebServer] [22m[12/Jul/2026 10:07:02] "GET /api/v1/dashboard/ HTTP/1.1" 403 250
[2m[WebServer] [22m[12/Jul/2026 10:07:02] "GET /api/v1/loan-applications/?ordering=-application_date&page=1&page_size=20 HTTP/1.1" 200 1038
[2m[WebServer] [22m[12/Jul/2026 10:07:02] "GET /api/v1/loan-applications/?ordering=-application_date&page=1&page_size=20 HTTP/1.1" 200 1038
[2m[WebServer] [22m[12/Jul/2026 10:07:02] "GET /api/v1/loan-applications/?search=LOE2E00601&ordering=-application_date&page=1&page_size=20 HTTP/1.1" 200 1038
[2m[WebServer] [22m[12/Jul/2026 10:07:02] "GET /api/v1/loan-request-register/?search=LOE2E00601&ordering=-reference_generated_date&page_size=20 HTTP/1.1" 200 246
[2m[WebServer] [22m[12/Jul/2026 10:07:02] "GET /api/v1/loan-applications/00000000-0000-4000-8000-000000000601/document-checklist/ HTTP/1.1" 200 2305
[2m[WebServer] [22m[12/Jul/2026 10:07:02] "GET /api/v1/loan-applications/00000000-0000-4000-8000-000000000601/ HTTP/1.1" 200 2030
[2m[WebServer] [22m[12/Jul/2026 10:07:02] "GET /api/v1/loan-applications/00000000-0000-4000-8000-000000000601/deficiencies/ HTTP/1.1" 200 1443
[2m[WebServer] [22m[12/Jul/2026 10:07:02] "GET /api/v1/loan-applications/00000000-0000-4000-8000-000000000601/document-checklist/ HTTP/1.1" 200 2305
[2m[WebServer] [22mNot Found: /api/v1/loan-applications/00000000-0000-4000-8000-000000000601/loan-limit-assessment/
[2m[WebServer] [22m[12/Jul/2026 10:07:02] "GET /api/v1/loan-applications/00000000-0000-4000-8000-000000000601/loan-limit-assessment/ HTTP/1.1" 404 231
[2m[WebServer] [22mNot Found: /api/v1/loan-applications/00000000-0000-4000-8000-000000000601/appraisal-note/
[2m[WebServer] [22m[12/Jul/2026 10:07:02] "GET /api/v1/loan-applications/00000000-0000-4000-8000-000000000601/ HTTP/1.1" 200 2030
[2m[WebServer] [22m[12/Jul/2026 10:07:02] "GET /api/v1/loan-applications/00000000-0000-4000-8000-000000000601/eligibility-assessment/ HTTP/1.1" 200 1143
[2m[WebServer] [22m[12/Jul/2026 10:07:02] "GET /api/v1/loan-applications/00000000-0000-4000-8000-000000000601/appraisal-note/ HTTP/1.1" 404 224
[2m[WebServer] [22m[12/Jul/2026 10:07:02] "GET /api/v1/loan-applications/00000000-0000-4000-8000-000000000601/deficiencies/ HTTP/1.1" 200 1443
[2m[WebServer] [22mNot Found: /api/v1/loan-applications/00000000-0000-4000-8000-000000000601/loan-limit-assessment/
[2m[WebServer] [22mNot Found: /api/v1/loan-applications/00000000-0000-4000-8000-000000000601/appraisal-note/
[2m[WebServer] [22m[12/Jul/2026 10:07:02] "GET /api/v1/loan-applications/00000000-0000-4000-8000-000000000601/loan-limit-assessment/ HTTP/1.1" 404 231
[2m[WebServer] [22m[12/Jul/2026 10:07:02] "GET /api/v1/loan-applications/00000000-0000-4000-8000-000000000601/appraisal-note/ HTTP/1.1" 404 224
[2m[WebServer] [22m[12/Jul/2026 10:07:02] "GET /api/v1/loan-applications/00000000-0000-4000-8000-000000000601/eligibility-assessment/ HTTP/1.1" 200 1143
[2m[WebServer] [22m[12/Jul/2026 10:07:02] "GET /api/v1/loan-applications/00000000-0000-4000-8000-000000000601/witnesses/ HTTP/1.1" 200 1989
[2m[WebServer] [22m[12/Jul/2026 10:07:02] "GET /api/v1/loan-applications/00000000-0000-4000-8000-000000000601/witnesses/ HTTP/1.1" 200 1989
  ✘  1 [chromium] › witness-correction-authority.e2e.spec.ts:15:5 › contact and maker-checker identity corrections persist through routed real sessions (30.0s)


  1) [chromium] › witness-correction-authority.e2e.spec.ts:15:5 › contact and maker-checker identity corrections persist through routed real sessions 

    [31mTest timeout of 30000ms exceeded.[39m

    Error: locator.click: Test timeout of 30000ms exceeded.
    Call log:
    [2m  - waiting for getByText('e2e.credit.finance@sfpcl.example')[22m


      63 |
      64 | async function signOut(page: Page) {
    > 65 |   await page.getByText(FINANCE_EMAIL).click();
         |                                       ^
      66 |   await page.getByRole('button', { name: 'Sign out' }).click();
      67 |   await expect(page.getByRole('heading', { name: 'Sign in to your account' })).toBeVisible();
      68 | }
        at signOut (/Users/amitkallapa/LMS/.ralph/worktrees/2026-07-12_150856_normal_run/sfpcl-lms/e2e/witness-correction-authority.e2e.spec.ts:65:39)
        at /Users/amitkallapa/LMS/.ralph/worktrees/2026-07-12_150856_normal_run/sfpcl-lms/e2e/witness-correction-authority.e2e.spec.ts:42:9

  Slow test file: [chromium] › witness-correction-authority.e2e.spec.ts (30.0s)
  Consider splitting slow test files to speed up parallel execution
  1 failed
    [chromium] › witness-correction-authority.e2e.spec.ts:15:5 › contact and maker-checker identity corrections persist through routed real sessions 

Exit code: 1
