Creating test database for alias 'default'...
Found 2 test(s).
System check identified no issues (0 silenced).
.F
======================================================================
FAIL: test_epic_009_seed_is_idempotent_and_reaches_real_owned_endpoints (sfpcl_credit.tests.test_seed_e2e_users.SeedE2eUsersTests.test_epic_009_seed_is_idempotent_and_reaches_real_owned_endpoints)
----------------------------------------------------------------------
Traceback (most recent call last):
  File "/Users/amitkallapa/LMS/.ralph/worktrees/2026-07-19_154507_normal_run/sfpcl_credit/tests/test_seed_e2e_users.py", line 348, in test_epic_009_seed_is_idempotent_and_reaches_real_owned_endpoints
    call_command("seed_epic_009_e2e_fixture")
  File "/Users/amitkallapa/LMS/.ralph/venv/lib/python3.11/site-packages/django/core/management/__init__.py", line 194, in call_command
    return command.execute(*args, **defaults)
           ^^^^^^^^^^^^^^^^^^^^^^^^^^^^^^^^^^
  File "/Users/amitkallapa/LMS/.ralph/venv/lib/python3.11/site-packages/django/core/management/base.py", line 459, in execute
    output = self.handle(*args, **options)
             ^^^^^^^^^^^^^^^^^^^^^^^^^^^^^
  File "/Users/amitkallapa/LMS/.ralph/worktrees/2026-07-19_154507_normal_run/sfpcl_credit/identity/management/commands/seed_epic_009_e2e_fixture.py", line 77, in handle
    facts = self._seed_ready_account()
            ^^^^^^^^^^^^^^^^^^^^^^^^^^
  File "/Users/amitkallapa/LMS/.ralph/worktrees/2026-07-19_154507_normal_run/sfpcl_credit/identity/management/commands/seed_epic_009_e2e_fixture.py", line 117, in _seed_ready_account
    ready = owner._real_owner_initiation_fixture(stop_before_initiation=True)
            ^^^^^^^^^^^^^^^^^^^^^^^^^^^^^^^^^^^^^^^^^^^^^^^^^^^^^^^^^^^^^^^^^
  File "/Users/amitkallapa/LMS/.ralph/worktrees/2026-07-19_154507_normal_run/sfpcl_credit/tests/test_final_documentation_approval_api.py", line 3525, in _real_owner_initiation_fixture
    self._complete_readiness_documentation()
  File "/Users/amitkallapa/LMS/.ralph/worktrees/2026-07-19_154507_normal_run/sfpcl_credit/tests/test_final_documentation_approval_api.py", line 3851, in _complete_readiness_documentation
    response = self._post_stage(suffix, actor, {"comments": comments})
               ^^^^^^^^^^^^^^^^^^^^^^^^^^^^^^^^^^^^^^^^^^^^^^^^^^^^^^^
  File "/Users/amitkallapa/LMS/.ralph/worktrees/2026-07-19_154507_normal_run/sfpcl_credit/tests/test_final_documentation_approval_api.py", line 3891, in _post_stage
    **self.fixture._auth(actor),
      ^^^^^^^^^^^^^^^^^^^^^^^^^
  File "/Users/amitkallapa/LMS/.ralph/worktrees/2026-07-19_154507_normal_run/sfpcl_credit/tests/test_document_checklist_api.py", line 1033, in _auth
    self.assertEqual(response.status_code, 200, response.json())
AssertionError: 401 != 200 : {'success': False, 'error': {'code': 'INVALID_CREDENTIALS', 'message': 'Email or password is incorrect.', 'details': {}, 'field_errors': {}}, 'meta': {'request_id': None, 'timestamp': '2026-07-19T10:32:06.170188Z', 'api_version': 'v1'}}

----------------------------------------------------------------------
Ran 2 tests in 0.270s

FAILED (failures=1)
Destroying test database for alias 'default'...
