[1A[2K[2m[WebServer] [22m[19/Jul/2026 10:37:44] "GET /api/v1/health/ready/ HTTP/1.1" 200 202

[1A[2K[2m[WebServer] [22m[33mThe CJS build of Vite's Node API is deprecated. See https://vite.dev/guide/troubleshooting.html#vite-cjs-node-api-deprecated for more details.[39m

[1A[2K[2m[WebServer] [22m(node:44899) Warning: The 'NO_COLOR' env is ignored due to the 'FORCE_COLOR' env being set.
[2m[WebServer] [22m(Use `node --trace-warnings ...` to show where the warning was created)


Running 1 test using 1 worker

[1A[2K[1/1] [chromium] › epic-009-staff-disbursement-closure.e2e.spec.ts:35:5 › S36-S41 and initial Loan Account 360 use real Django and retain distinct evidence
[1A[2K  1) [chromium] › epic-009-staff-disbursement-closure.e2e.spec.ts:35:5 › S36-S41 and initial Loan Account 360 use real Django and retain distinct evidence 

    Error: browserType.launch: Target page, context or browser has been closed
    Browser logs:

    <launching> /Applications/Google Chrome.app/Contents/MacOS/Google Chrome --disable-field-trial-config --disable-background-networking --disable-background-timer-throttling --disable-backgrounding-occluded-windows --disable-back-forward-cache --disable-breakpad --disable-client-side-phishing-detection --disable-component-extensions-with-background-pages --disable-component-update --no-default-browser-check --disable-default-apps --disable-dev-shm-usage --disable-extensions --disable-features=ImprovedCookieControls,LazyFrameLoading,GlobalMediaControls,DestroyProfileOnBrowserClose,MediaRouter,DialMediaRouteProvider,AcceptCHFrame,AutoExpandDetailsElement,CertificateTransparencyComponentUpdater,AvoidUnnecessaryBeforeUnloadCheckSync,Translate,HttpsUpgrades,PaintHolding,ThirdPartyStoragePartitioning,LensOverlay,PlzDedicatedWorker --allow-pre-commit-input --disable-hang-monitor --disable-ipc-flooding-protection --disable-popup-blocking --disable-prompt-on-repost --disable-renderer-backgrounding --force-color-profile=srgb --metrics-recording-only --no-first-run --enable-automation --password-store=basic --use-mock-keychain --no-service-autorun --export-tagged-pdf --disable-search-engine-choice-screen --unsafely-disable-devtools-self-xss-warnings --enable-use-zoom-for-dsf=false --use-angle --headless --hide-scrollbars --mute-audio --blink-settings=primaryHoverType=2,availableHoverTypes=2,primaryPointerType=4,availablePointerTypes=4 --no-sandbox --user-data-dir=/var/folders/zq/3s8051dx39q0tk8whcqx44y00000gn/T/playwright_chromiumdev_profile-FDfgy6 --remote-debugging-pipe --no-startup-window
    <launched> pid=44905
    [pid=44905] <process did exit: exitCode=null, signal=SIGABRT>
    [pid=44905] starting temporary directories cleanup
    Call log:
    [2m  - <launching> /Applications/Google Chrome.app/Contents/MacOS/Google Chrome --disable-field-trial-config --disable-background-networking --disable-background-timer-throttling --disable-backgrounding-occluded-windows --disable-back-forward-cache --disable-breakpad --disable-client-side-phishing-detection --disable-component-extensions-with-background-pages --disable-component-update --no-default-browser-check --disable-default-apps --disable-dev-shm-usage --disable-extensions --disable-features=ImprovedCookieControls,LazyFrameLoading,GlobalMediaControls,DestroyProfileOnBrowserClose,MediaRouter,DialMediaRouteProvider,AcceptCHFrame,AutoExpandDetailsElement,CertificateTransparencyComponentUpdater,AvoidUnnecessaryBeforeUnloadCheckSync,Translate,HttpsUpgrades,PaintHolding,ThirdPartyStoragePartitioning,LensOverlay,PlzDedicatedWorker --allow-pre-commit-input --disable-hang-monitor --disable-ipc-flooding-protection --disable-popup-blocking --disable-prompt-on-repost --disable-renderer-backgrounding --force-color-profile=srgb --metrics-recording-only --no-first-run --enable-automation --password-store=basic --use-mock-keychain --no-service-autorun --export-tagged-pdf --disable-search-engine-choice-screen --unsafely-disable-devtools-self-xss-warnings --enable-use-zoom-for-dsf=false --use-angle --headless --hide-scrollbars --mute-audio --blink-settings=primaryHoverType=2,availableHoverTypes=2,primaryPointerType=4,availablePointerTypes=4 --no-sandbox --user-data-dir=/var/folders/zq/3s8051dx39q0tk8whcqx44y00000gn/T/playwright_chromiumdev_profile-FDfgy6 --remote-debugging-pipe --no-startup-window[22m
    [2m  - <launched> pid=44905[22m
    [2m  - [pid=44905] <process did exit: exitCode=null, signal=SIGABRT>[22m
    [2m  - [pid=44905] starting temporary directories cleanup[22m



[1A[2K  1 failed
    [chromium] › epic-009-staff-disbursement-closure.e2e.spec.ts:35:5 › S36-S41 and initial Loan Account 360 use real Django and retain distinct evidence 
