Creating test database for alias 'default' ('file:memorydb_default?mode=memory&cache=shared')...
Operations to perform:
  Synchronize unmigrated apps: corsheaders
  Apply all migrations: applications, approvals, communications, configurations, contenttypes, credit, documents, identity, legal_documents, members, scheduler, security_instruments, tracer, workflows
Synchronizing apps without migrations:
  Creating tables...
    Running deferred SQL...
Running migrations:
  Applying identity.0001_initial... OK
  Applying identity.0002_permission_rolepermission_and_more... OK
  Applying members.0001_initial... OK
  Applying members.0002_profile_shells... OK
  Applying members.0003_individual_profile_details... OK
  Applying members.0004_nominee... OK
  Applying members.0005_shareholding_and_more... OK
  Applying members.0006_landholding_cropplan_and_more... OK
  Applying documents.0001_initial... OK
  Applying members.0007_kycprofile_kycdocument_and_more... OK
  Applying members.0008_cancelledcheque_bankaccount_and_more... OK
  Applying identity.0003_portal_member_auth... OK
  Applying applications.0001_initial... OK
  Applying applications.0002_loanapplication_submitted_by_user... OK
  Applying applications.0003_systemsequence_loanrequestregisterentry... OK
  Applying applications.0004_applicationdocument_and_more... OK
  Applying applications.0005_application_deficiency... OK
  Applying applications.0006_rejection_note... OK
  Applying applications.0007_eligibilityassessment... OK
  Applying applications.0008_loanlimitassessment... OK
  Applying applications.0009_loan_limit_policy_snapshot... OK
  Applying applications.0010_loanapplication_nominee... OK
  Applying applications.0011_witness... OK
  Applying applications.0012_witness_verification_evidence... OK
  Applying applications.0013_witness_correction... OK
  Applying applications.0014_witness_contact_fields... OK
  Applying applications.0015_applicationdeficiencyresponse... OK
  Applying communications.0001_initial... OK
  Applying communications.0002_communication... OK
  Applying communications.0003_notification... OK
  Applying tracer.0001_initial... OK
  Applying workflows.0001_canonical_workflow_event... OK
  Applying credit.0001_credit_assessment_model_ownership... OK
  Applying credit.0002_riskassessment_loanappraisalnote... OK
  Applying credit.0003_appraisal_prerequisite_snapshots... OK
  Applying credit.0004_appraisal_review_facts... OK
  Applying credit.0005_appraisalreviewdecision... OK
  Applying credit.0006_legacy_appraisal_history_remediation... OK
  Applying credit.0007_eligibility_active_member_snapshot... OK
  Applying approvals.0001_initial... OK
  Applying approvals.0002_approvalcase_workflow_event... OK
  Applying approvals.0003_approvalmatrixrule_sanctioncommittee... OK
  Applying approvals.0004_approval_configuration_history_constraints... OK
  Applying approvals.0005_approvalconfigurationproposal... OK
  Applying approvals.0006_approvalcase_configuration_snapshot... OK
  Applying approvals.0007_approvalcase_enrichment_snapshot... OK
  Applying approvals.0008_approvalaction... OK
  Applying approvals.0009_sanction_decision_and_case_closure... OK
  Applying approvals.0010_approvalcasereadscopegrant_and_more... OK
  Applying approvals.0011_approvalcase_appraisal_facts_json_and_more... OK
  Applying approvals.0012_approvalconflictdeclaration_and_more... OK
  Applying approvals.0013_conflict_projection_scope_closure... OK
  Applying approvals.0014_exceptionregisterentry_and_more... OK
  Applying approvals.0015_generalmeetingapproval_and_more... OK
  Applying approvals.0016_creditsanctionregisterentry... OK
  Applying approvals.0017_exceptionregisterentry_supporting_documents_json... OK
  Applying approvals.0018_creditsanctionregisterentry_source_review_facts_json... OK
  Applying approvals.0019_register_source_facts... OK
  Applying approvals.0020_approvalaction_approver_display_name... OK
  Applying configurations.0001_initial... OK
  Applying configurations.0002_version_history_approval_evidence... OK
  Applying contenttypes.0001_initial... OK
  Applying contenttypes.0002_remove_content_type_name... OK
  Applying documents.0002_documenttemplate... OK
  Applying documents.0003_documenttemplateidentity... OK
  Applying documents.0004_loandocument... OK
  Applying members.0009_member_identity_governance... OK
  Applying members.0010_member_identity_change_request... OK
  Applying members.0011_producesupplyrecord... OK
  Applying members.0012_memberserviceevidence_activememberstatus_and_more... OK
  Applying members.0013_memberserviceevidence_maker_users_and_more... OK
  Applying members.0014_remove_memberscopeassignment_uniq_member_scope_assignment_and_more... OK
  Applying legal_documents.0001_transfer_loan_document_owner... OK
  Applying legal_documents.0002_document_checklists... OK
  Applying legal_documents.0003_loan_document_renderer_provenance... OK
  Applying legal_documents.0004_checklistitem_notarisation_status_and_more... OK
  Applying legal_documents.0005_signature_records... OK
  Applying legal_documents.0006_stamp_notary_preparer_identity... OK
  Applying legal_documents.0007_signature_capture_maker... OK
  Applying legal_documents.0008_securitypackage_powerofattorney_and_more... OK
  Applying legal_documents.0009_loandocument_verification_remarks... OK
  Applying legal_documents.0010_stage4_maker_checker_constraints... OK
  Applying legal_documents.0011_final_documentation_approval_sequence... OK
  Applying legal_documents.0012_portal_documentation_submission... OK
  Applying scheduler.0001_initial... OK
  Applying security_instruments.0001_transfer_security_ownership... OK
  Applying security_instruments.0002_sh4sharetransferform_and_more... OK
  Applying security_instruments.0003_cdslsharepledge_and_more... OK
  Applying security_instruments.0004_migrate_cdsl_field_encryption... OK
  Applying security_instruments.0005_blankdatedcheque_and_more... OK
  Applying security_instruments.0006_migrate_opaque_field_tokens... OK
  Applying tracer.0002_remove_tracer_workflowevent_state... OK
test_issued_document_content_url_is_signed_and_scope_bound (__main__.PortalDocumentationCapabilityProbe.test_issued_document_content_url_is_signed_and_scope_bound) ... FAIL
test_portal_completion_reconciles_the_current_renderer_document (__main__.PortalDocumentationCapabilityProbe.test_portal_completion_reconciles_the_current_renderer_document) ... ERROR
test_resubmission_crosses_the_application_transition_guard (__main__.PortalDeficiencyLifecycleProbe.test_resubmission_crosses_the_application_transition_guard) ... FAIL

======================================================================
ERROR: test_portal_completion_reconciles_the_current_renderer_document (__main__.PortalDocumentationCapabilityProbe.test_portal_completion_reconciles_the_current_renderer_document)
----------------------------------------------------------------------
Traceback (most recent call last):
  File "/Users/amitkallapa/LMS/.ralph/venv/lib/python3.11/site-packages/django/db/backends/utils.py", line 105, in _execute
    return self.cursor.execute(sql, params)
           ^^^^^^^^^^^^^^^^^^^^^^^^^^^^^^^^
  File "/Users/amitkallapa/LMS/.ralph/venv/lib/python3.11/site-packages/django/db/backends/sqlite3/base.py", line 329, in execute
    return super().execute(query, params)
           ^^^^^^^^^^^^^^^^^^^^^^^^^^^^^^
sqlite3.IntegrityError: UNIQUE constraint failed: loan_documents.loan_application_id, loan_documents.document_template_id, loan_documents.output_format

The above exception was the direct cause of the following exception:

Traceback (most recent call last):
  File "/Users/amitkallapa/LMS/.ralph/worktrees/2026-07-15_085859_architecture_review/sfpcl_credit/../.ralph/runs/2026-07-15_085859_architecture_review/evidence/review_probes.py", line 75, in test_portal_completion_reconciles_the_current_renderer_document
    LoanDocument.objects.create(
  File "/Users/amitkallapa/LMS/.ralph/venv/lib/python3.11/site-packages/django/db/models/manager.py", line 87, in manager_method
    return getattr(self.get_queryset(), name)(*args, **kwargs)
           ^^^^^^^^^^^^^^^^^^^^^^^^^^^^^^^^^^^^^^^^^^^^^^^^^^^
  File "/Users/amitkallapa/LMS/.ralph/venv/lib/python3.11/site-packages/django/db/models/query.py", line 679, in create
    obj.save(force_insert=True, using=self.db)
  File "/Users/amitkallapa/LMS/.ralph/worktrees/2026-07-15_085859_architecture_review/sfpcl_credit/legal_documents/models.py", line 168, in save
    return super().save(*args, **kwargs)
           ^^^^^^^^^^^^^^^^^^^^^^^^^^^^^
  File "/Users/amitkallapa/LMS/.ralph/venv/lib/python3.11/site-packages/django/db/models/base.py", line 822, in save
    self.save_base(
  File "/Users/amitkallapa/LMS/.ralph/venv/lib/python3.11/site-packages/django/db/models/base.py", line 909, in save_base
    updated = self._save_table(
              ^^^^^^^^^^^^^^^^^
  File "/Users/amitkallapa/LMS/.ralph/venv/lib/python3.11/site-packages/django/db/models/base.py", line 1071, in _save_table
    results = self._do_insert(
              ^^^^^^^^^^^^^^^^
  File "/Users/amitkallapa/LMS/.ralph/venv/lib/python3.11/site-packages/django/db/models/base.py", line 1112, in _do_insert
    return manager._insert(
           ^^^^^^^^^^^^^^^^
  File "/Users/amitkallapa/LMS/.ralph/venv/lib/python3.11/site-packages/django/db/models/manager.py", line 87, in manager_method
    return getattr(self.get_queryset(), name)(*args, **kwargs)
           ^^^^^^^^^^^^^^^^^^^^^^^^^^^^^^^^^^^^^^^^^^^^^^^^^^^
  File "/Users/amitkallapa/LMS/.ralph/venv/lib/python3.11/site-packages/django/db/models/query.py", line 1847, in _insert
    return query.get_compiler(using=using).execute_sql(returning_fields)
           ^^^^^^^^^^^^^^^^^^^^^^^^^^^^^^^^^^^^^^^^^^^^^^^^^^^^^^^^^^^^^
  File "/Users/amitkallapa/LMS/.ralph/venv/lib/python3.11/site-packages/django/db/models/sql/compiler.py", line 1823, in execute_sql
    cursor.execute(sql, params)
  File "/Users/amitkallapa/LMS/.ralph/venv/lib/python3.11/site-packages/django/db/backends/utils.py", line 79, in execute
    return self._execute_with_wrappers(
           ^^^^^^^^^^^^^^^^^^^^^^^^^^^^
  File "/Users/amitkallapa/LMS/.ralph/venv/lib/python3.11/site-packages/django/db/backends/utils.py", line 92, in _execute_with_wrappers
    return executor(sql, params, many, context)
           ^^^^^^^^^^^^^^^^^^^^^^^^^^^^^^^^^^^^
  File "/Users/amitkallapa/LMS/.ralph/venv/lib/python3.11/site-packages/django/db/backends/utils.py", line 100, in _execute
    with self.db.wrap_database_errors:
  File "/Users/amitkallapa/LMS/.ralph/venv/lib/python3.11/site-packages/django/db/utils.py", line 91, in __exit__
    raise dj_exc_value.with_traceback(traceback) from exc_value
  File "/Users/amitkallapa/LMS/.ralph/venv/lib/python3.11/site-packages/django/db/backends/utils.py", line 105, in _execute
    return self.cursor.execute(sql, params)
           ^^^^^^^^^^^^^^^^^^^^^^^^^^^^^^^^
  File "/Users/amitkallapa/LMS/.ralph/venv/lib/python3.11/site-packages/django/db/backends/sqlite3/base.py", line 329, in execute
    return super().execute(query, params)
           ^^^^^^^^^^^^^^^^^^^^^^^^^^^^^^
django.db.utils.IntegrityError: UNIQUE constraint failed: loan_documents.loan_application_id, loan_documents.document_template_id, loan_documents.output_format

======================================================================
FAIL: test_issued_document_content_url_is_signed_and_scope_bound (__main__.PortalDocumentationCapabilityProbe.test_issued_document_content_url_is_signed_and_scope_bound)
----------------------------------------------------------------------
Traceback (most recent call last):
  File "/Users/amitkallapa/LMS/.ralph/worktrees/2026-07-15_085859_architecture_review/sfpcl_credit/../.ralph/runs/2026-07-15_085859_architecture_review/evidence/review_probes.py", line 37, in test_issued_document_content_url_is_signed_and_scope_bound
    self.assertIn("token=", content_url)
AssertionError: 'token=' not found in '/api/v1/portal/applications/7dd327d9-528e-4ef2-b428-400086b5999b/documentation-actions/term_sheet/download/?content=1&expires_at=2026-07-15T03:54:20.797263Z'

======================================================================
FAIL: test_resubmission_crosses_the_application_transition_guard (__main__.PortalDeficiencyLifecycleProbe.test_resubmission_crosses_the_application_transition_guard)
----------------------------------------------------------------------
Traceback (most recent call last):
  File "/Users/amitkallapa/LMS/.ralph/worktrees/2026-07-15_085859_architecture_review/sfpcl_credit/../.ralph/runs/2026-07-15_085859_architecture_review/evidence/review_probes.py", line 113, in test_resubmission_crosses_the_application_transition_guard
    self.assertTrue(
AssertionError: False is not true : The source-defined application lifecycle guard was bypassed.

----------------------------------------------------------------------
Ran 3 tests in 1.589s

FAILED (failures=2, errors=1)
Destroying test database for alias 'default' ('file:memorydb_default?mode=memory&cache=shared')...
