Creating test database for alias 'default' ('file:memorydb_default?mode=memory&cache=shared')...
Found 12 test(s).
Operations to perform:
  Synchronize unmigrated apps: corsheaders
  Apply all migrations: applications, approvals, communications, configurations, contenttypes, credit, documents, identity, members, scheduler, tracer, workflows
Synchronizing apps without migrations:
  Creating tables...
    Running deferred SQL...
Running migrations:
  Applying identity.0001_initial... OK
  Applying identity.0002_permission_rolepermission_and_more... OK
  Applying members.0001_initial... OK
  Applying members.0002_profile_shells... OK
  Applying members.0003_individual_profile_details... OK
  Applying members.0004_nominee... OK
  Applying members.0005_shareholding_and_more... OK
  Applying members.0006_landholding_cropplan_and_more... OK
  Applying documents.0001_initial... OK
  Applying members.0007_kycprofile_kycdocument_and_more... OK
  Applying members.0008_cancelledcheque_bankaccount_and_more... OK
  Applying identity.0003_portal_member_auth... OK
  Applying applications.0001_initial... OK
  Applying applications.0002_loanapplication_submitted_by_user... OK
  Applying applications.0003_systemsequence_loanrequestregisterentry... OK
  Applying applications.0004_applicationdocument_and_more... OK
  Applying applications.0005_application_deficiency... OK
  Applying applications.0006_rejection_note... OK
  Applying applications.0007_eligibilityassessment... OK
  Applying applications.0008_loanlimitassessment... OK
  Applying applications.0009_loan_limit_policy_snapshot... OK
  Applying applications.0010_loanapplication_nominee... OK
  Applying applications.0011_witness... OK
  Applying applications.0012_witness_verification_evidence... OK
  Applying applications.0013_witness_correction... OK
  Applying applications.0014_witness_contact_fields... OK
  Applying tracer.0001_initial... OK
  Applying workflows.0001_canonical_workflow_event... OK
  Applying credit.0001_credit_assessment_model_ownership... OK
  Applying credit.0002_riskassessment_loanappraisalnote... OK
  Applying credit.0003_appraisal_prerequisite_snapshots... OK
  Applying credit.0004_appraisal_review_facts... OK
  Applying credit.0005_appraisalreviewdecision... OK
  Applying approvals.0001_initial... OK
  Applying approvals.0002_approvalcase_workflow_event... OK
  Applying approvals.0003_approvalmatrixrule_sanctioncommittee... OK
  Applying approvals.0004_approval_configuration_history_constraints... OK
  Applying approvals.0005_approvalconfigurationproposal... OK
  Applying approvals.0006_approvalcase_configuration_snapshot... OK
  Applying approvals.0007_approvalcase_enrichment_snapshot... OK
  Applying approvals.0008_approvalaction... OK
  Applying communications.0001_initial... OK
  Applying communications.0002_communication... OK
  Applying communications.0003_notification... OK
  Applying configurations.0001_initial... OK
  Applying contenttypes.0001_initial... OK
  Applying contenttypes.0002_remove_content_type_name... OK
  Applying credit.0006_legacy_appraisal_history_remediation... OK
  Applying credit.0007_eligibility_active_member_snapshot... OK
  Applying members.0009_member_identity_governance... OK
  Applying members.0010_member_identity_change_request... OK
  Applying members.0011_producesupplyrecord... OK
  Applying members.0012_memberserviceevidence_activememberstatus_and_more... OK
  Applying members.0013_memberserviceevidence_maker_users_and_more... OK
  Applying members.0014_remove_memberscopeassignment_uniq_member_scope_assignment_and_more... OK
  Applying scheduler.0001_initial... OK
  Applying tracer.0002_remove_tracer_workflowevent_state... OK
System check identified no issues (0 silenced).
test_active_status_calculation_authority_row (sfpcl_credit.tests.test_member_authority_action_matrix.MemberAuthorityActionMatrixTests.test_active_status_calculation_authority_row) ... FAIL
test_active_status_verification_authority_row (sfpcl_credit.tests.test_member_authority_action_matrix.MemberAuthorityActionMatrixTests.test_active_status_verification_authority_row) ... FAIL
test_actorless_calculator_exposes_no_unused_actor_authority_interface (sfpcl_credit.tests.test_member_authority_action_matrix.MemberAuthorityActionMatrixTests.test_actorless_calculator_exposes_no_unused_actor_authority_interface) ... ok
test_detail_authority_row (sfpcl_credit.tests.test_member_authority_action_matrix.MemberAuthorityActionMatrixTests.test_detail_authority_row) ... FAIL
test_identity_approval_authority_row (sfpcl_credit.tests.test_member_authority_action_matrix.MemberAuthorityActionMatrixTests.test_identity_approval_authority_row) ... FAIL
test_list_authority_row (sfpcl_credit.tests.test_member_authority_action_matrix.MemberAuthorityActionMatrixTests.test_list_authority_row) ... FAIL
test_real_list_and_detail_boundaries_cover_every_persisted_scope_kind (sfpcl_credit.tests.test_member_authority_action_matrix.MemberAuthorityActionMatrixTests.test_real_list_and_detail_boundaries_cover_every_persisted_scope_kind) ... ok
test_service_evidence_create_authority_row (sfpcl_credit.tests.test_member_authority_action_matrix.MemberAuthorityActionMatrixTests.test_service_evidence_create_authority_row) ... ok
test_service_evidence_update_authority_row (sfpcl_credit.tests.test_member_authority_action_matrix.MemberAuthorityActionMatrixTests.test_service_evidence_update_authority_row) ... ERROR
test_supply_capture_authority_row (sfpcl_credit.tests.test_member_authority_action_matrix.MemberAuthorityActionMatrixTests.test_supply_capture_authority_row) ... ok
test_supply_verification_authority_row (sfpcl_credit.tests.test_member_authority_action_matrix.MemberAuthorityActionMatrixTests.test_supply_verification_authority_row) ... FAIL
test_update_authority_row (sfpcl_credit.tests.test_member_authority_action_matrix.MemberAuthorityActionMatrixTests.test_update_authority_row) ... FAIL

======================================================================
ERROR: test_service_evidence_update_authority_row (sfpcl_credit.tests.test_member_authority_action_matrix.MemberAuthorityActionMatrixTests.test_service_evidence_update_authority_row)
----------------------------------------------------------------------
Traceback (most recent call last):
  File "/Users/amitkallapa/LMS/.ralph/venv/lib/python3.11/site-packages/django/db/backends/utils.py", line 105, in _execute
    return self.cursor.execute(sql, params)
           ^^^^^^^^^^^^^^^^^^^^^^^^^^^^^^^^
  File "/Users/amitkallapa/LMS/.ralph/venv/lib/python3.11/site-packages/django/db/backends/sqlite3/base.py", line 329, in execute
    return super().execute(query, params)
           ^^^^^^^^^^^^^^^^^^^^^^^^^^^^^^
sqlite3.IntegrityError: NOT NULL constraint failed: member_service_evidence.verified_at

The above exception was the direct cause of the following exception:

Traceback (most recent call last):
  File "/Users/amitkallapa/LMS/.ralph/worktrees/2026-07-13_111515_normal_run/sfpcl_credit/tests/test_member_authority_action_matrix.py", line 356, in test_service_evidence_update_authority_row
    evidence = MemberServiceEvidence.objects.create(
               ^^^^^^^^^^^^^^^^^^^^^^^^^^^^^^^^^^^^^
  File "/Users/amitkallapa/LMS/.ralph/venv/lib/python3.11/site-packages/django/db/models/manager.py", line 87, in manager_method
    return getattr(self.get_queryset(), name)(*args, **kwargs)
           ^^^^^^^^^^^^^^^^^^^^^^^^^^^^^^^^^^^^^^^^^^^^^^^^^^^
  File "/Users/amitkallapa/LMS/.ralph/venv/lib/python3.11/site-packages/django/db/models/query.py", line 679, in create
    obj.save(force_insert=True, using=self.db)
  File "/Users/amitkallapa/LMS/.ralph/venv/lib/python3.11/site-packages/django/db/models/base.py", line 822, in save
    self.save_base(
  File "/Users/amitkallapa/LMS/.ralph/venv/lib/python3.11/site-packages/django/db/models/base.py", line 909, in save_base
    updated = self._save_table(
              ^^^^^^^^^^^^^^^^^
  File "/Users/amitkallapa/LMS/.ralph/venv/lib/python3.11/site-packages/django/db/models/base.py", line 1071, in _save_table
    results = self._do_insert(
              ^^^^^^^^^^^^^^^^
  File "/Users/amitkallapa/LMS/.ralph/venv/lib/python3.11/site-packages/django/db/models/base.py", line 1112, in _do_insert
    return manager._insert(
           ^^^^^^^^^^^^^^^^
  File "/Users/amitkallapa/LMS/.ralph/venv/lib/python3.11/site-packages/django/db/models/manager.py", line 87, in manager_method
    return getattr(self.get_queryset(), name)(*args, **kwargs)
           ^^^^^^^^^^^^^^^^^^^^^^^^^^^^^^^^^^^^^^^^^^^^^^^^^^^
  File "/Users/amitkallapa/LMS/.ralph/venv/lib/python3.11/site-packages/django/db/models/query.py", line 1847, in _insert
    return query.get_compiler(using=using).execute_sql(returning_fields)
           ^^^^^^^^^^^^^^^^^^^^^^^^^^^^^^^^^^^^^^^^^^^^^^^^^^^^^^^^^^^^^
  File "/Users/amitkallapa/LMS/.ralph/venv/lib/python3.11/site-packages/django/db/models/sql/compiler.py", line 1823, in execute_sql
    cursor.execute(sql, params)
  File "/Users/amitkallapa/LMS/.ralph/venv/lib/python3.11/site-packages/django/db/backends/utils.py", line 79, in execute
    return self._execute_with_wrappers(
           ^^^^^^^^^^^^^^^^^^^^^^^^^^^^
  File "/Users/amitkallapa/LMS/.ralph/venv/lib/python3.11/site-packages/django/db/backends/utils.py", line 92, in _execute_with_wrappers
    return executor(sql, params, many, context)
           ^^^^^^^^^^^^^^^^^^^^^^^^^^^^^^^^^^^^
  File "/Users/amitkallapa/LMS/.ralph/venv/lib/python3.11/site-packages/django/db/backends/utils.py", line 100, in _execute
    with self.db.wrap_database_errors:
  File "/Users/amitkallapa/LMS/.ralph/venv/lib/python3.11/site-packages/django/db/utils.py", line 91, in __exit__
    raise dj_exc_value.with_traceback(traceback) from exc_value
  File "/Users/amitkallapa/LMS/.ralph/venv/lib/python3.11/site-packages/django/db/backends/utils.py", line 105, in _execute
    return self.cursor.execute(sql, params)
           ^^^^^^^^^^^^^^^^^^^^^^^^^^^^^^^^
  File "/Users/amitkallapa/LMS/.ralph/venv/lib/python3.11/site-packages/django/db/backends/sqlite3/base.py", line 329, in execute
    return super().execute(query, params)
           ^^^^^^^^^^^^^^^^^^^^^^^^^^^^^^
django.db.utils.IntegrityError: NOT NULL constraint failed: member_service_evidence.verified_at

======================================================================
FAIL: test_active_status_calculation_authority_row (sfpcl_credit.tests.test_member_authority_action_matrix.MemberAuthorityActionMatrixTests.test_active_status_calculation_authority_row)
----------------------------------------------------------------------
Traceback (most recent call last):
  File "/Users/amitkallapa/LMS/.ralph/worktrees/2026-07-13_111515_normal_run/sfpcl_credit/tests/test_member_authority_action_matrix.py", line 425, in test_active_status_calculation_authority_row
    self._assert_different_update_denied(headers)
  File "/Users/amitkallapa/LMS/.ralph/worktrees/2026-07-13_111515_normal_run/sfpcl_credit/tests/test_member_authority_action_matrix.py", line 121, in _assert_different_update_denied
    self._assert_object_denied(response)
  File "/Users/amitkallapa/LMS/.ralph/worktrees/2026-07-13_111515_normal_run/sfpcl_credit/tests/test_member_authority_action_matrix.py", line 112, in _assert_object_denied
    self.assertEqual(response.json()["error"]["code"], "OBJECT_ACCESS_DENIED")
AssertionError: 'FORBIDDEN' != 'OBJECT_ACCESS_DENIED'
- FORBIDDEN
+ OBJECT_ACCESS_DENIED


======================================================================
FAIL: test_active_status_verification_authority_row (sfpcl_credit.tests.test_member_authority_action_matrix.MemberAuthorityActionMatrixTests.test_active_status_verification_authority_row)
----------------------------------------------------------------------
Traceback (most recent call last):
  File "/Users/amitkallapa/LMS/.ralph/worktrees/2026-07-13_111515_normal_run/sfpcl_credit/tests/test_member_authority_action_matrix.py", line 450, in test_active_status_verification_authority_row
    self._assert_different_update_denied(headers)
  File "/Users/amitkallapa/LMS/.ralph/worktrees/2026-07-13_111515_normal_run/sfpcl_credit/tests/test_member_authority_action_matrix.py", line 121, in _assert_different_update_denied
    self._assert_object_denied(response)
  File "/Users/amitkallapa/LMS/.ralph/worktrees/2026-07-13_111515_normal_run/sfpcl_credit/tests/test_member_authority_action_matrix.py", line 112, in _assert_object_denied
    self.assertEqual(response.json()["error"]["code"], "OBJECT_ACCESS_DENIED")
AssertionError: 'FORBIDDEN' != 'OBJECT_ACCESS_DENIED'
- FORBIDDEN
+ OBJECT_ACCESS_DENIED


======================================================================
FAIL: test_detail_authority_row (sfpcl_credit.tests.test_member_authority_action_matrix.MemberAuthorityActionMatrixTests.test_detail_authority_row)
----------------------------------------------------------------------
Traceback (most recent call last):
  File "/Users/amitkallapa/LMS/.ralph/worktrees/2026-07-13_111515_normal_run/sfpcl_credit/tests/test_member_authority_action_matrix.py", line 180, in test_detail_authority_row
    self._assert_different_update_denied(headers)
  File "/Users/amitkallapa/LMS/.ralph/worktrees/2026-07-13_111515_normal_run/sfpcl_credit/tests/test_member_authority_action_matrix.py", line 121, in _assert_different_update_denied
    self._assert_object_denied(response)
  File "/Users/amitkallapa/LMS/.ralph/worktrees/2026-07-13_111515_normal_run/sfpcl_credit/tests/test_member_authority_action_matrix.py", line 112, in _assert_object_denied
    self.assertEqual(response.json()["error"]["code"], "OBJECT_ACCESS_DENIED")
AssertionError: 'FORBIDDEN' != 'OBJECT_ACCESS_DENIED'
- FORBIDDEN
+ OBJECT_ACCESS_DENIED


======================================================================
FAIL: test_identity_approval_authority_row (sfpcl_credit.tests.test_member_authority_action_matrix.MemberAuthorityActionMatrixTests.test_identity_approval_authority_row)
----------------------------------------------------------------------
Traceback (most recent call last):
  File "/Users/amitkallapa/LMS/.ralph/worktrees/2026-07-13_111515_normal_run/sfpcl_credit/tests/test_member_authority_action_matrix.py", line 239, in test_identity_approval_authority_row
    self._assert_different_update_denied(headers)
  File "/Users/amitkallapa/LMS/.ralph/worktrees/2026-07-13_111515_normal_run/sfpcl_credit/tests/test_member_authority_action_matrix.py", line 121, in _assert_different_update_denied
    self._assert_object_denied(response)
  File "/Users/amitkallapa/LMS/.ralph/worktrees/2026-07-13_111515_normal_run/sfpcl_credit/tests/test_member_authority_action_matrix.py", line 112, in _assert_object_denied
    self.assertEqual(response.json()["error"]["code"], "OBJECT_ACCESS_DENIED")
AssertionError: 'FORBIDDEN' != 'OBJECT_ACCESS_DENIED'
- FORBIDDEN
+ OBJECT_ACCESS_DENIED


======================================================================
FAIL: test_list_authority_row (sfpcl_credit.tests.test_member_authority_action_matrix.MemberAuthorityActionMatrixTests.test_list_authority_row)
----------------------------------------------------------------------
Traceback (most recent call last):
  File "/Users/amitkallapa/LMS/.ralph/worktrees/2026-07-13_111515_normal_run/sfpcl_credit/tests/test_member_authority_action_matrix.py", line 165, in test_list_authority_row
    self._assert_different_update_denied(headers)
  File "/Users/amitkallapa/LMS/.ralph/worktrees/2026-07-13_111515_normal_run/sfpcl_credit/tests/test_member_authority_action_matrix.py", line 121, in _assert_different_update_denied
    self._assert_object_denied(response)
  File "/Users/amitkallapa/LMS/.ralph/worktrees/2026-07-13_111515_normal_run/sfpcl_credit/tests/test_member_authority_action_matrix.py", line 112, in _assert_object_denied
    self.assertEqual(response.json()["error"]["code"], "OBJECT_ACCESS_DENIED")
AssertionError: 'FORBIDDEN' != 'OBJECT_ACCESS_DENIED'
- FORBIDDEN
+ OBJECT_ACCESS_DENIED


======================================================================
FAIL: test_supply_verification_authority_row (sfpcl_credit.tests.test_member_authority_action_matrix.MemberAuthorityActionMatrixTests.test_supply_verification_authority_row)
----------------------------------------------------------------------
Traceback (most recent call last):
  File "/Users/amitkallapa/LMS/.ralph/worktrees/2026-07-13_111515_normal_run/sfpcl_credit/tests/test_member_authority_action_matrix.py", line 313, in test_supply_verification_authority_row
    self._assert_object_denied(denied)
  File "/Users/amitkallapa/LMS/.ralph/worktrees/2026-07-13_111515_normal_run/sfpcl_credit/tests/test_member_authority_action_matrix.py", line 112, in _assert_object_denied
    self.assertEqual(response.json()["error"]["code"], "OBJECT_ACCESS_DENIED")
AssertionError: 'FORBIDDEN' != 'OBJECT_ACCESS_DENIED'
- FORBIDDEN
+ OBJECT_ACCESS_DENIED


======================================================================
FAIL: test_update_authority_row (sfpcl_credit.tests.test_member_authority_action_matrix.MemberAuthorityActionMatrixTests.test_update_authority_row)
----------------------------------------------------------------------
Traceback (most recent call last):
  File "/Users/amitkallapa/LMS/.ralph/worktrees/2026-07-13_111515_normal_run/sfpcl_credit/tests/test_member_authority_action_matrix.py", line 192, in test_update_authority_row
    self._assert_object_denied(denied)
  File "/Users/amitkallapa/LMS/.ralph/worktrees/2026-07-13_111515_normal_run/sfpcl_credit/tests/test_member_authority_action_matrix.py", line 112, in _assert_object_denied
    self.assertEqual(response.json()["error"]["code"], "OBJECT_ACCESS_DENIED")
AssertionError: 'FORBIDDEN' != 'OBJECT_ACCESS_DENIED'
- FORBIDDEN
+ OBJECT_ACCESS_DENIED


----------------------------------------------------------------------
Ran 12 tests in 0.215s

FAILED (failures=7, errors=1)
Destroying test database for alias 'default' ('file:memorydb_default?mode=memory&cache=shared')...
