
> sfpcl-lms@1.0.0 test
> vitest run --run src/pages/loan-accounts/LoanAccount360.test.tsx

[33mThe CJS build of Vite's Node API is deprecated. See https://vite.dev/guide/troubleshooting.html#vite-cjs-node-api-deprecated for more details.[39m

 RUN  v3.2.6 /Users/amitkallapa/LMS/.ralph/worktrees/2026-07-21_111137_normal_run/sfpcl-lms

 ❯ src/pages/loan-accounts/LoanAccount360.test.tsx (5 tests | 1 failed) 1205ms
   ✓ 009J Loan Account 360 initial API view > loads the scoped account list and routes the selected server identity 105ms
   ✓ 009J Loan Account 360 initial API view > renders the header, KPI row, and Summary from exact active server values 44ms
   ✓ 009J Loan Account 360 initial API view > shows honest empty, failure, and unauthorized states without mock fallback 13ms
   ✓ 009J Loan Account 360 initial API view > uses only the shared authenticated boundary for the initial API projection 0ms
   × 009J Loan Account 360 initial API view > renders canonical ledger and schedule pages without calculating financial truth 1041ms
     → Unable to find an element with the text: UTR-SERVER-001. This could be because the text is broken up by multiple elements. In this case, you can provide a function for your text matcher to make your matcher more flexible.

Ignored nodes: comments, script, style
[36m<body>[39m
  [36m<div>[39m
    [36m<div[39m
      [33mclass[39m=[32m"p-6 space-y-4"[39m
    [36m>[39m
      [36m<div[39m
        [33mclass[39m=[32m"flex items-start gap-3"[39m
      [36m>[39m
        [36m<div[39m
          [33mclass[39m=[32m"flex-1"[39m
        [36m>[39m
          [36m<div[39m
            [33mclass[39m=[32m"flex items-center gap-2 flex-wrap"[39m
          [36m>[39m
            [36m<h1[39m
              [33mclass[39m=[32m"text-xl font-bold text-slate-900 num"[39m
            [36m>[39m
              [0mLN-API-001[0m
            [36m</h1>[39m
            [36m<span[39m
              [33mclass[39m=[32m"inline-flex items-center gap-1 font-medium rounded-full border whitespace-nowrap bg-green-50 text-green-900 border-green-100 text-xs px-2.5 py-1 h-6"[39m
            [36m>[39m
              [36m<svg[39m
                [33maria-hidden[39m=[32m"true"[39m
                [33mclass[39m=[32m"lucide lucide-circle-check"[39m
                [33mfill[39m=[32m"none"[39m
                [33mheight[39m=[32m"10"[39m
                [33mstroke[39m=[32m"currentColor"[39m
                [33mstroke-linecap[39m=[32m"round"[39m
                [33mstroke-linejoin[39m=[32m"round"[39m
                [33mstroke-width[39m=[32m"2"[39m
                [33mviewBox[39m=[32m"0 0 24 24"[39m
                [33mwidth[39m=[32m"10"[39m
                [33mxmlns[39m=[32m"http://www.w3.org/2000/svg"[39m
              [36m>[39m
                [36m<circle[39m
                  [33mcx[39m=[32m"12"[39m
                  [33mcy[39m=[32m"12"[39m
                  [33mr[39m=[32m"10"[39m
                [36m/>[39m
                [36m<path[39m
                  [33md[39m=[32m"m9 12 2 2 4-4"[39m
                [36m/>[39m
              [36m</svg>[39m
              [0mActive[0m
            [36m</span>[39m
          [36m</div>[39m
          [36m<div[39m
            [33mclass[39m=[32m"flex items-center gap-3 mt-0.5 text-sm text-slate-500"[39m
          [36m>[39m
            [36m<span>[39m
              [0mAPI Borrower[0m
            [36m</span>[39m
            [36m<span>[39m
              [0m·[0m
            [36m</span>[39m
            [36m<span[39m
              [33mclass[39m=[32m"num"[39m
            [36m>[39m
              [0m₹4,00,000.00[0m
              [0m disbursed[0m
            [36m</span>[39m
            [36m<span>[39m
              [0m·[0m
            [36m</span>[39m
            [36m<span>[39m
              [0mSAP: [0m
              [36m<span[39m
                [33mclass[39m=[32m"num font-medium text-slate-900"[39m
              [36m>[39m
                [0m******-001[0m
              [36m</span>[39m
            [36m</span>[39m
          [36m</div>[39m
        [36m</div>[39m
      [36m</div>[39m
      [36m<div[39m
        [33mclass[39m=[32m"grid grid-cols-2 sm:grid-cols-5 gap-3"[39m
      [36m>[39m
        [36m<div[39m
          [33mclass[39m=[32m"rounded-lg border p-3 bg-slate-50 border-slate-200"[39m
        [36m>[39m
          [36m<p[39m
            [33mclass[39m=[32m"text-xs text-slate-500 font-medium"[39m
          [36m>[39m
            [0mSanctioned[0m
          [36m</p>[39m
          [36m<p[39m
            [33mclass[39m=[32m"text-lg font-bold num mt-0.5 text-slate-900"[39m
          [36m>[39m
            [0m₹4,00,000.00[0m
          [36m</p>[39m
        [36m</div>[39m
        [36m<div[39m
          [33mclass[39m=[32m"rounded-lg border p-3 bg-slate-50 border-slate-200"[39m
        [36m>[39m
          [36m<p[39m
            [33mclass[39m=[32m"text-xs text-slate-500 font-medium"[39m
          [36m>[39m
            [0mDisbursed[0m
          [36m</p>[39m
          [36m<p[39m
            [33mclass[39m=[32m"text-lg font-bold num mt-0.5 text-slate-900"[39m
          [36m>[39m
            [0m₹4,00,000.00[0m
          [36m</p>[39m
        [36m</div>[39m
        [36m<div[39m
          [33mclass[39m=[32m"rounded-lg border p-3 bg-slate-50 border-slate-200"[39m
        [36m>[39m
          [36m<p[39m
            [33mclass[39m=[32m"text-xs text-slate-500 font-medium"[39m
          [36m>[39m
            [0mOutstanding Principal[0m
          [36m</p>[39m
          [36m<p[39m
            [33mclass[39m=[32m"text-lg font-bold num mt-0.5 text-slate-900"[39m
          [36m>[39m
            [0m₹4,00,000.00[0m
          [36m</p>[39m
        [36m</div>[39m
        [36m<div[39m
          [33mclass[39m=[32m"rounded-lg border p-3 bg-slate-50 border-slate-200"[39m
        [36m>[39m
          [36m<p[39m
            [33mclass[39m=[32m"text-xs text-slate-500 font-medium"[39m
          [36m>[39m
            [0mOutstanding Interest[0m
          [36m</p>[39m
          [36m<p[39m
            [33mclass[39m=[32m"text-lg font-bold num mt-0.5 text-slate-900"[39m
          [36m>[39m
            [0m₹0.00[0m
          [36m</p>[39m
        [36m</div>[39m
        [36m<div[39m
          [33mclass[39m=[32m"rounded-lg border p-3 bg-slate-50 border-slate-200"[39m
        [36m>[39m
          [36m<p[39m
            [33mclass[39m=[32m"text-xs text-slate-500 font-medium"[39m
          [36m>[39m
            [0mTotal Outstanding[0m
          [36m</p>[39m
          [36m<p[39m
            [33mclass[39m=[32m"text-lg font-bold num mt-0.5 text-slate-900"[39m
          [36m>[39m
            [0m₹4,00,000.00[0m
          [36m</p>[39m
        [36m</div>[39m
      [36m</div>[39m
      [36m<div[39m
        [33mclass[39m=[32m"flex flex-col flex-1 min-h-0"[39m
      [36m>[39m
        [36m<div[39m
          [33mclass[39m=[32m"border-b border-slate-200 overflow-x-auto"[39m
        [36m>[39m
          [36m<div[39m
            [33mclass[39m=[32m"flex gap-0 min-w-max pr-6"[39m
          [36m>[39m
            [36m<button[39m
              [33mclass[39m=[32m"flex items-center gap-1.5 px-4 py-3 text-sm font-medium border-b-2 transition-colors whitespace-nowrap focus:outline-none focus-visible:ring-2 focus-visible:ring-green-500/50 border-transparent text-slate-500 hover:text-slate-700 hover:border-slate-300"[39m
            [36m>[39m
              [0mSummary[0m
            [36m</button>[39m
            [36m<button[39m
              [33mclass[39m=[32m"flex items-center gap-1.5 px-4 py-3 text-sm font-medium border-b-2 transition-colors whitespace-nowrap focus:outline-none focus-visible:ring-2 focus-visible:ring-green-500/50 border-green-600 text-green-700"[39m
            [36m>[39m
              [0mLoan Ledger[0m
            [36m</button>[39m
            [36m<button[39m
              [33mclass[39m=[32m"flex items-center gap-1.5 px-4 py-3 text-sm font-medium border-b-2 transition-colors whitespace-nowrap focus:outline-none focus-visible:ring-2 focus-visible:ring-green-500/50 border-transparent text-slate-500 hover:text-slate-700 hover:border-slate-300"[39m
            [36m>[39m
              [0mRepayment Schedule[0m
            [36m</button>[39m
            [36m<button[39m
              [33mclass[39m=[32m"flex items-center gap-1.5 px-4 py-3 text-sm font-medium border-b-2 transition-colors whitespace-nowrap focus:outline-none focus-visible:ring-2 focus-visible:ring-green-500/50 border-transparent text-slate-500 hover:text-slate-700 hover:border-slate-300"[39m
            [36m>[39m
              [0mInterest Invoices[0m
            [36m</button>[39m
            [36m<button[39m
              [33mclass[39m=[32m"flex items-center gap-1.5 px-4 py-3 text-sm font-medium border-b-2 transition-colors whitespace-nowrap focus:outline-none focus-visible:ring-2 focus-visible:ring-green-500/50 border-transparent text-slate-500 hover:text-slate-700 hover:border-slate-300"[39m
            [36m>[39m
              [0mDocuments[0m
            [36m</button>[39m
            [36m<button[39m
              [33mclass[39m=[32m"flex items-center gap-1.5 px-4 py-3 text-sm font-medium border-b-2 transition-colors whitespace-nowrap focus:outline-none focus-visible:ring-2 focus-visible:ring-green-500/50 border-transparent text-slate-500 hover:text-slate-700 hover:border-slate-300"[39m
            [36m>[39m
              [0mSecurity[0m
            [36m</button>[39m
            [36m<button[39m
              [33mclass[39m=[32m"flex items-center gap-1.5 px-4 py-3 text-sm font-medium border-b-2 transition-colors whitespace-nowrap focus:outline-none focus-visible:ring-2 focus-visible:ring-green-500/50 border-transparent text-slate-500 hover:text-slate-700 hover:border-slate-300"[39m
            [36m>[39m
              [0mMonitoring[0m
            [36m</button>[39m
            [36m<button[39m
              [33mclass[39m=[32m"flex items-center gap-1.5 px-4 py-3 text-sm font-medium border-b-2 transition-colors whitespace-nowrap focus:outline-none focus-visible:ring-2 focus-visible:ring-green-500/50 border-transparent text-slate-500 hover:text-slate-700 hover:border-slate-300"[39m
            [36m>[39m
              [0mDefault History[0m
            [36m</button>[39m
            [36m<button[39m
              [33mclass[39m=[32m"flex items-center gap-1.5 px-4 py-3 text-sm font-medium border-b-2 transition-colors whitespace-nowrap focus:outline-none focus-visible:ring-2 focus-visible:ring-green-500/50 border-transparent text-slate-500 hover:text-slate-700 hover:border-slate-300"[39m
            [36m>[39m
              [0mCommunications[0m
            [36m</button>[39m
            [36m<button[39m
              [33mclass[39m=[32m"flex items-center gap-1.5 px-4 py-3 text-sm font-medium border-b-2 transition-colors whitespace-nowrap focus:outline-none focus-visible:ring-2 focus-visible:ring-green-500/50 border-transparent text-slate-500 hover:text-slate-700 hover:border-slate-300"[39m
            [36m>[39m
              [0mClosure[0m
            [36m</button>[39m
            [36m<button[39m
              [33mclass[39m=[32m"flex items-center gap-1.5 px-4 py-3 text-sm font-medium border-b-2 transition-colors whitespace-nowrap focus:outline-none focus-visible:ring-2 focus-visible:ring-green-500/50 border-transparent text-slate-500 hover:text-slate-700 hover:border-slate-300"[39m
            [36m>[39m
              [0mAudit Trail[0m
            [36m</button>[39m
          [36m</div>[39m
        [36m</div>[39m
        [36m<div[39m
          [33mclass[39m=[32m"flex-1 overflow-y-auto pt-5"[39m
        [36m>[39m
          [36m<div[39m
            [33mclass[39m=[32m"card flex items-start gap-3"[39m
          [36m>[39m
            [36m<svg[39m
              [33maria-hidden[39m=[32m"true"[39m
              [33mclass[39m=[32m"lucide lucide-lock text-slate-400 mt-0.5"[39m
              [33mfill[39m=[32m"none"[39m
              [33mheight[39m=[32m"16"[39m
              [33mstroke[39m=[32m"currentColor"[39m
              [33mstroke-linecap[39m=[32m"round"[39m
              [33mstroke-linejoin[39m=[32m"round"[39m
              [33mstroke-width[39m=[32m"2"[39m
              [33mviewBox[39m=[32m"0 0 24 24"[39m
              [33mwidth[39m=[32m"16"[39m
              [33mxmlns[39m=[32m"http://www.w3.org/2000/svg"[39m
            [36m>[39m
              [36m<rect[39m
                [33mheight[39m=[32m"11"[39m
                [33mrx[39m=[32m"2"[39m
                [33mry[39m=[32m"2"[39m
                [33mwidth[39m=[32m"18"[39m
                [33mx[39m=[32m"3"[39m
                [33my[39m=[32m"11"[39m
              [36m/>[39m
              [36m<path[39m
                [33md[39m=[32m"M7 11V7a5 5 0 0 1 10 0v4"[39m
              [36m/>[39m
            [36m</svg>[39m
            [36m<div>[39m
              [36m<p[39m
                [33mclass[39m=[32m"text-sm font-semibold text-slate-700"[39m
              [36m>[39m
                [0mLoan Ledger[0m
                [0m is not available yet.[0m
              [36m</p>[39m
              [36m<p[39m
                [33mclass[39m=[32m"text-xs text-slate-500 mt-0.5"[39m
              [36m>[39m
                [0mThis view will appear after its governed Epic 010 owner is connected.[0m
              [36m</p>[39m
            [36m</div>[39m
          [36m</div>[39m
        [36m</div>[39m
      [36m</div>[39m
    [36m</div>[39m
  [36m</div>[39m
[36m</body>[39m

Ignored nodes: comments, script, style
[36m<body>[39m
  [36m<div>[39m
    [36m<div[39m
      [33mclass[39m=[32m"p-6 space-y-4"[39m
    [36m>[39m
      [36m<div[39m
        [33mclass[39m=[32m"flex items-start gap-3"[39m
      [36m>[39m
        [36m<div[39m
          [33mclass[39m=[32m"flex-1"[39m
        [36m>[39m
          [36m<div[39m
            [33mclass[39m=[32m"flex items-center gap-2 flex-wrap"[39m
          [36m>[39m
            [36m<h1[39m
              [33mclass[39m=[32m"text-xl font-bold text-slate-900 num"[39m
            [36m>[39m
              [0mLN-API-001[0m
            [36m</h1>[39m
            [36m<span[39m
              [33mclass[39m=[32m"inline-flex items-center gap-1 font-medium rounded-full border whitespace-nowrap bg-green-50 text-green-900 border-green-100 text-xs px-2.5 py-1 h-6"[39m
            [36m>[39m
              [36m<svg[39m
                [33maria-hidden[39m=[32m"true"[39m
                [33mclass[39m=[32m"lucide lucide-circle-check"[39m
                [33mfill[39m=[32m"none"[39m
                [33mheight[39m=[32m"10"[39m
                [33mstroke[39m=[32m"currentColor"[39m
                [33mstroke-linecap[39m=[32m"round"[39m
                [33mstroke-linejoin[39m=[32m"round"[39m
                [33mstroke-width[39m=[32m"2"[39m
                [33mviewBox[39m=[32m"0 0 24 24"[39m
                [33mwidth[39m=[32m"10"[39m
                [33mxmlns[39m=[32m"http://www.w3.org/2000/svg"[39m
              [36m>[39m
                [36m<circle[39m
                  [33mcx[39m=[32m"12"[39m
                  [33mcy[39m=[32m"12"[39m
                  [33mr[39m=[32m"10"[39m
                [36m/>[39m
                [36m<path[39m
                  [33md[39m=[32m"m9 12 2 2 4-4"[39m
                [36m/>[39m
              [36m</svg>[39m
              [0mActive[0m
            [36m</span>[39m
          [36m</div>[39m
          [36m<div[39m
            [33mclass[39m=[32m"flex items-center gap-3 mt-0.5 text-sm text-slate-500"[39m
          [36m>[39m
            [36m<span>[39m
              [0mAPI Borrower[0m
            [36m</span>[39m
            [36m<span>[39m
              [0m·[0m
            [36m</span>[39m
            [36m<span[39m
              [33mclass[39m=[32m"num"[39m
            [36m>[39m
              [0m₹4,00,000.00[0m
              [0m disbursed[0m
            [36m</span>[39m
            [36m<span>[39m
              [0m·[0m
            [36m</span>[39m
            [36m<span>[39m
              [0mSAP: [0m
              [36m<span[39m
                [33mclass[39m=[32m"num font-medium text-slate-900"[39m
              [36m>[39m
                [0m******-001[0m
              [36m</span>[39m
            [36m</span>[39m
          [36m</div>[39m
        [36m</div>[39m
      [36m</div>[39m
      [36m<div[39m
        [33mclass[39m=[32m"grid grid-cols-2 sm:grid-cols-5 gap-3"[39m
      [36m>[39m
        [36m<div[39m
          [33mclass[39m=[32m"rounded-lg border p-3 bg-slate-50 border-slate-200"[39m
        [36m>[39m
          [36m<p[39m
            [33mclass[39m=[32m"text-xs text-slate-500 font-medium"[39m
          [36m>[39m
            [0mSanctioned[0m
          [36m</p>[39m
          [36m<p[39m
            [33mclass[39m=[32m"text-lg font-bold num mt-0.5 text-slate-900"[39m
          [36m>[39m
            [0m₹4,00,000.00[0m
          [36m</p>[39m
        [36m</div>[39m
        [36m<div[39m
          [33mclass[39m=[32m"rounded-lg border p-3 bg-slate-50 border-slate-200"[39m
        [36m>[39m
          [36m<p[39m
            [33mclass[39m=[32m"text-xs text-slate-500 font-medium"[39m
          [36m>[39m
            [0mDisbursed[0m
          [36m</p>[39m
          [36m<p[39m
            [33mclass[39m=[32m"text-lg font-bold num mt-0.5 text-slate-900"[39m
          [36m>[39m
            [0m₹4,00,000.00[0m
          [36m</p>[39m
        [36m</div>[39m
        [36m<div[39m
          [33mclass[39m=[32m"rounded-lg border p-3 bg-slate-50 border-slate-200"[39m
        [36m>[39m
          [36m<p[39m
            [33mclass[39m=[32m"text-xs text-slate-500 font-medium"[39m
          [36m>[39m
            [0mOutstanding Principal[0m
          [36m</p>[39m
          [36m<p[39m
            [33mclass[39m=[32m"text-lg font-bold num mt-0.5 text-slate-900"[39m
          [36m>[39m
            [0m₹4,00,000.00[0m
          [36m</p>[39m
        [36m</div>[39m
        [36m<div[39m
          [33mclass[39m=[32m"rounded-lg border p-3 bg-slate-50 border-slate-200"[39m
        [36m>[39m
          [36m<p[39m
            [33mclass[39m=[32m"text-xs text-slate-500 font-medium"[39m
          [36m>[39m
            [0mOutstanding Interest[0m
          [36m</p>[39m
          [36m<p[39m
            [33mclass[39m=[32m"text-lg font-bold num mt-0.5 text-slate-900"[39m
          [36m>[39m
            [0m₹0.00[0m
          [36m</p>[39m
        [36m</div>[39m
        [36m<div[39m
          [33mclass[39m=[32m"rounded-lg border p-3 bg-slate-50 border-slate-200"[39m
        [36m>[39m
          [36m<p[39m
            [33mclass[39m=[32m"text-xs text-slate-500 font-medium"[39m
          [36m>[39m
            [0mTotal Outstanding[0m
          [36m</p>[39m
          [36m<p[39m
            [33mclass[39m=[32m"text-lg font-bold num mt-0.5 text-slate-900"[39m
          [36m>[39m
            [0m₹4,00,000.00[0m
          [36m</p>[39m
        [36m</div>[39m
      [36m</div>[39m
      [36m<div[39m
        [33mclass[39m=[32m"flex flex-col flex-1 min-h-0"[39m
      [36m>[39m
        [36m<div[39m
          [33mclass[39m=[32m"border-b border-slate-200 overflow-x-auto"[39m
        [36m>[39m
          [36m<div[39m
            [33mclass[39m=[32m"flex gap-0 min-w-max pr-6"[39m
          [36m>[39m
            [36m<button[39m
              [33mclass[39m=[32m"flex items-center gap-1.5 px-4 py-3 text-sm font-medium border-b-2 transition-colors whitespace-nowrap focus:outline-none focus-visible:ring-2 focus-visible:ring-green-500/50 border-transparent text-slate-500 hover:text-slate-700 hover:border-slate-300"[39m
            [36m>[39m
              [0mSummary[0m
            [36m</button>[39m
            [36m<button[39m
              [33mclass[39m=[32m"flex items-center gap-1.5 px-4 py-3 text-sm font-medium border-b-2 transition-colors whitespace-nowrap focus:outline-none focus-visible:ring-2 focus-visible:ring-green-500/50 border-green-600 text-green-700"[39m
            [36m>[39m
              [0mLoan Ledger[0m
            [36m</button>[39m
            [36m<button[39m
              [33mclass[39m=[32m"flex items-center gap-1.5 px-4 py-3 text-sm font-medium border-b-2 transition-colors whitespace-nowrap focus:outline-none focus-visible:ring-2 focus-visible:ring-green-500/50 border-transparent text-slate-500 hover:text-slate-700 hover:border-slate-300"[39m
            [36m>[39m
              [0mRepayment Schedule[0m
            [36m</button>[39m
            [36m<button[39m
              [33mclass[39m=[32m"flex items-center gap-1.5 px-4 py-3 text-sm font-medium border-b-2 transition-colors whitespace-nowrap focus:outline-none focus-visible:ring-2 focus-visible:ring-green-500/50 border-transparent text-slate-500 hover:text-slate-700 hover:border-slate-300"[39m
            [36m>[39m
              [0mInterest Invoices[0m
            [36m</button>[39m
            [36m<button[39m
              [33mclass[39m=[32m"flex items-center gap-1.5 px-4 py-3 text-sm font-medium border-b-2 transition-colors whitespace-nowrap focus:outline-none focus-visible:ring-2 focus-visible:ring-green-500/50 border-transparent text-slate-500 hover:text-slate-700 hover:border-slate-300"[39m
            [36m>[39m
              [0mDocuments[0m
            [36m</button>[39m
            [36m<button[39m
              [33mclass[39m=[32m"flex items-center gap-1.5 px-4 py-3 text-sm font-medium border-b-2 transition-colors whitespace-nowrap focus:outline-none focus-visible:ring-2 focus-visible:ring-green-500/50 border-transparent text-slate-500 hover:text-slate-700 hover:border-slate-300"[39m
            [36m>[39m
              [0mSecurity[0m
            [36m</button>[39m
            [36m<button[39m
              [33mclass[39m=[32m"flex items-center gap-1.5 px-4 py-3 text-sm font-medium border-b-2 transition-colors whitespace-nowrap focus:outline-none focus-visible:ring-2 focus-visible:ring-green-500/50 border-transparent text-slate-500 hover:text-slate-700 hover:border-slate-300"[39m
            [36m>[39m
              [0mMonitoring[0m
            [36m</button>[39m
            [36m<button[39m
              [33mclass[39m=[32m"flex items-center gap-1.5 px-4 py-3 text-sm font-medium border-b-2 transition-colors whitespace-nowrap focus:outline-none focus-visible:ring-2 focus-visible:ring-green-500/50 border-transparent text-slate-500 hover:text-slate-700 hover:border-slate-300"[39m
            [36m>[39m
              [0mDefault History[0m
            [36m</button>[39m
            [36m<button[39m
              [33mclass[39m=[32m"flex items-center gap-1.5 px-4 py-3 text-sm font-medium border-b-2 transition-colors whitespace-nowrap focus:outline-none focus-visible:ring-2 focus-visible:ring-green-500/50 border-transparent text-slate-500 hover:text-slate-700 hover:border-slate-300"[39m
            [36m>[39m
              [0mCommunications[0m
            [36m</button>[39m
            [36m<button[39m
              [33mclass[39m=[32m"flex items-center gap-1.5 px-4 py-3 text-sm font-medium border-b-2 transition-colors whitespace-nowrap focus:outline-none focus-visible:ring-2 focus-visible:ring-green-500/50 border-transparent text-slate-500 hover:text-slate-700 hover:border-slate-300"[39m
            [36m>[39m
              [0mClosure[0m
            [36m</button>[39m
            [36m<button[39m
              [33mclass[39m=[32m"flex items-center gap-1.5 px-4 py-3 text-sm font-medium border-b-2 transition-colors whitespace-nowrap focus:outline-none focus-visible:ring-2 focus-visible:ring-green-500/50 border-transparent text-slate-500 hover:text-slate-700 hover:border-slate-300"[39m
            [36m>[39m
              [0mAudit Trail[0m
            [36m</button>[39m
          [36m</div>[39m
        [36m</div>[39m
        [36m<div[39m
          [33mclass[39m=[32m"flex-1 overflow-y-auto pt-5"[39m
        [36m>[39m
          [36m<div[39m
            [33mclass[39m=[32m"card flex items-start gap-3"[39m
          [36m>[39m
            [36m<svg[39m
              [33maria-hidden[39m=[32m"true"[39m
              [33mclass[39m=[32m"lucide lucide-lock text-slate-400 mt-0.5"[39m
              [33mfill[39m=[32m"none"[39m
              [33mheight[39m=[32m"16"[39m
              [33mstroke[39m=[32m"currentColor"[39m
              [33mstroke-linecap[39m=[32m"round"[39m
              [33mstroke-linejoin[39m=[32m"round"[39m
              [33mstroke-width[39m=[32m"2"[39m
              [33mviewBox[39m=[32m"0 0 24 24"[39m
              [33mwidth[39m=[32m"16"[39m
              [33mxmlns[39m=[32m"http://www.w3.org/2000/svg"[39m
            [36m>[39m
              [36m<rect[39m
                [33mheight[39m=[32m"11"[39m
                [33mrx[39m=[32m"2"[39m
                [33mry[39m=[32m"2"[39m
                [33mwidth[39m=[32m"18"[39m
                [33mx[39m=[32m"3"[39m
                [33my[39m=[32m"11"[39m
              [36m/>[39m
              [36m<path[39m
                [33md[39m=[32m"M7 11V7a5 5 0 0 1 10 0v4"[39m
              [36m/>[39m
            [36m</svg>[39m
            [36m<div>[39m
              [36m<p[39m
                [33mclass[39m=[32m"text-sm font-semibold text-slate-700"[39m
              [36m>[39m
                [0mLoan Ledger[0m
                [0m is not available yet.[0m
              [36m</p>[39m
              [36m<p[39m
                [33mclass[39m=[32m"text-xs text-slate-500 mt-0.5"[39m
              [36m>[39m
                [0mThis view will appear after its governed Epic 010 owner is connected.[0m
              [36m</p>[39m
            [36m</div>[39m
          [36m</div>[39m
        [36m</div>[39m
      [36m</div>[39m
    [36m</div>[39m
  [36m</div>[39m
[36m</body>[39m

⎯⎯⎯⎯⎯⎯⎯ Failed Tests 1 ⎯⎯⎯⎯⎯⎯⎯

 FAIL  src/pages/loan-accounts/LoanAccount360.test.tsx > 009J Loan Account 360 initial API view > renders canonical ledger and schedule pages without calculating financial truth
TestingLibraryElementError: Unable to find an element with the text: UTR-SERVER-001. This could be because the text is broken up by multiple elements. In this case, you can provide a function for your text matcher to make your matcher more flexible.

Ignored nodes: comments, script, style
[36m<body>[39m
  [36m<div>[39m
    [36m<div[39m
      [33mclass[39m=[32m"p-6 space-y-4"[39m
    [36m>[39m
      [36m<div[39m
        [33mclass[39m=[32m"flex items-start gap-3"[39m
      [36m>[39m
        [36m<div[39m
          [33mclass[39m=[32m"flex-1"[39m
        [36m>[39m
          [36m<div[39m
            [33mclass[39m=[32m"flex items-center gap-2 flex-wrap"[39m
          [36m>[39m
            [36m<h1[39m
              [33mclass[39m=[32m"text-xl font-bold text-slate-900 num"[39m
            [36m>[39m
              [0mLN-API-001[0m
            [36m</h1>[39m
            [36m<span[39m
              [33mclass[39m=[32m"inline-flex items-center gap-1 font-medium rounded-full border whitespace-nowrap bg-green-50 text-green-900 border-green-100 text-xs px-2.5 py-1 h-6"[39m
            [36m>[39m
              [36m<svg[39m
                [33maria-hidden[39m=[32m"true"[39m
                [33mclass[39m=[32m"lucide lucide-circle-check"[39m
                [33mfill[39m=[32m"none"[39m
                [33mheight[39m=[32m"10"[39m
                [33mstroke[39m=[32m"currentColor"[39m
                [33mstroke-linecap[39m=[32m"round"[39m
                [33mstroke-linejoin[39m=[32m"round"[39m
                [33mstroke-width[39m=[32m"2"[39m
                [33mviewBox[39m=[32m"0 0 24 24"[39m
                [33mwidth[39m=[32m"10"[39m
                [33mxmlns[39m=[32m"http://www.w3.org/2000/svg"[39m
              [36m>[39m
                [36m<circle[39m
                  [33mcx[39m=[32m"12"[39m
                  [33mcy[39m=[32m"12"[39m
                  [33mr[39m=[32m"10"[39m
                [36m/>[39m
                [36m<path[39m
                  [33md[39m=[32m"m9 12 2 2 4-4"[39m
                [36m/>[39m
              [36m</svg>[39m
              [0mActive[0m
            [36m</span>[39m
          [36m</div>[39m
          [36m<div[39m
            [33mclass[39m=[32m"flex items-center gap-3 mt-0.5 text-sm text-slate-500"[39m
          [36m>[39m
            [36m<span>[39m
              [0mAPI Borrower[0m
            [36m</span>[39m
            [36m<span>[39m
              [0m·[0m
            [36m</span>[39m
            [36m<span[39m
              [33mclass[39m=[32m"num"[39m
            [36m>[39m
              [0m₹4,00,000.00[0m
              [0m disbursed[0m
            [36m</span>[39m
            [36m<span>[39m
              [0m·[0m
            [36m</span>[39m
            [36m<span>[39m
              [0mSAP: [0m
              [36m<span[39m
                [33mclass[39m=[32m"num font-medium text-slate-900"[39m
              [36m>[39m
                [0m******-001[0m
              [36m</span>[39m
            [36m</span>[39m
          [36m</div>[39m
        [36m</div>[39m
      [36m</div>[39m
      [36m<div[39m
        [33mclass[39m=[32m"grid grid-cols-2 sm:grid-cols-5 gap-3"[39m
      [36m>[39m
        [36m<div[39m
          [33mclass[39m=[32m"rounded-lg border p-3 bg-slate-50 border-slate-200"[39m
        [36m>[39m
          [36m<p[39m
            [33mclass[39m=[32m"text-xs text-slate-500 font-medium"[39m
          [36m>[39m
            [0mSanctioned[0m
          [36m</p>[39m
          [36m<p[39m
            [33mclass[39m=[32m"text-lg font-bold num mt-0.5 text-slate-900"[39m
          [36m>[39m
            [0m₹4,00,000.00[0m
          [36m</p>[39m
        [36m</div>[39m
        [36m<div[39m
          [33mclass[39m=[32m"rounded-lg border p-3 bg-slate-50 border-slate-200"[39m
        [36m>[39m
          [36m<p[39m
            [33mclass[39m=[32m"text-xs text-slate-500 font-medium"[39m
          [36m>[39m
            [0mDisbursed[0m
          [36m</p>[39m
          [36m<p[39m
            [33mclass[39m=[32m"text-lg font-bold num mt-0.5 text-slate-900"[39m
          [36m>[39m
            [0m₹4,00,000.00[0m
          [36m</p>[39m
        [36m</div>[39m
        [36m<div[39m
          [33mclass[39m=[32m"rounded-lg border p-3 bg-slate-50 border-slate-200"[39m
        [36m>[39m
          [36m<p[39m
            [33mclass[39m=[32m"text-xs text-slate-500 font-medium"[39m
          [36m>[39m
            [0mOutstanding Principal[0m
          [36m</p>[39m
          [36m<p[39m
            [33mclass[39m=[32m"text-lg font-bold num mt-0.5 text-slate-900"[39m
          [36m>[39m
            [0m₹4,00,000.00[0m
          [36m</p>[39m
        [36m</div>[39m
        [36m<div[39m
          [33mclass[39m=[32m"rounded-lg border p-3 bg-slate-50 border-slate-200"[39m
        [36m>[39m
          [36m<p[39m
            [33mclass[39m=[32m"text-xs text-slate-500 font-medium"[39m
          [36m>[39m
            [0mOutstanding Interest[0m
          [36m</p>[39m
          [36m<p[39m
            [33mclass[39m=[32m"text-lg font-bold num mt-0.5 text-slate-900"[39m
          [36m>[39m
            [0m₹0.00[0m
          [36m</p>[39m
        [36m</div>[39m
        [36m<div[39m
          [33mclass[39m=[32m"rounded-lg border p-3 bg-slate-50 border-slate-200"[39m
        [36m>[39m
          [36m<p[39m
            [33mclass[39m=[32m"text-xs text-slate-500 font-medium"[39m
          [36m>[39m
            [0mTotal Outstanding[0m
          [36m</p>[39m
          [36m<p[39m
            [33mclass[39m=[32m"text-lg font-bold num mt-0.5 text-slate-900"[39m
          [36m>[39m
            [0m₹4,00,000.00[0m
          [36m</p>[39m
        [36m</div>[39m
      [36m</div>[39m
      [36m<div[39m
        [33mclass[39m=[32m"flex flex-col flex-1 min-h-0"[39m
      [36m>[39m
        [36m<div[39m
          [33mclass[39m=[32m"border-b border-slate-200 overflow-x-auto"[39m
        [36m>[39m
          [36m<div[39m
            [33mclass[39m=[32m"flex gap-0 min-w-max pr-6"[39m
          [36m>[39m
            [36m<button[39m
              [33mclass[39m=[32m"flex items-center gap-1.5 px-4 py-3 text-sm font-medium border-b-2 transition-colors whitespace-nowrap focus:outline-none focus-visible:ring-2 focus-visible:ring-green-500/50 border-transparent text-slate-500 hover:text-slate-700 hover:border-slate-300"[39m
            [36m>[39m
              [0mSummary[0m
            [36m</button>[39m
            [36m<button[39m
              [33mclass[39m=[32m"flex items-center gap-1.5 px-4 py-3 text-sm font-medium border-b-2 transition-colors whitespace-nowrap focus:outline-none focus-visible:ring-2 focus-visible:ring-green-500/50 border-green-600 text-green-700"[39m
            [36m>[39m
              [0mLoan Ledger[0m
            [36m</button>[39m
            [36m<button[39m
              [33mclass[39m=[32m"flex items-center gap-1.5 px-4 py-3 text-sm font-medium border-b-2 transition-colors whitespace-nowrap focus:outline-none focus-visible:ring-2 focus-visible:ring-green-500/50 border-transparent text-slate-500 hover:text-slate-700 hover:border-slate-300"[39m
            [36m>[39m
              [0mRepayment Schedule[0m
            [36m</button>[39m
            [36m<button[39m
              [33mclass[39m=[32m"flex items-center gap-1.5 px-4 py-3 text-sm font-medium border-b-2 transition-colors whitespace-nowrap focus:outline-none focus-visible:ring-2 focus-visible:ring-green-500/50 border-transparent text-slate-500 hover:text-slate-700 hover:border-slate-300"[39m
            [36m>[39m
              [0mInterest Invoices[0m
            [36m</button>[39m
            [36m<button[39m
              [33mclass[39m=[32m"flex items-center gap-1.5 px-4 py-3 text-sm font-medium border-b-2 transition-colors whitespace-nowrap focus:outline-none focus-visible:ring-2 focus-visible:ring-green-500/50 border-transparent text-slate-500 hover:text-slate-700 hover:border-slate-300"[39m
            [36m>[39m
              [0mDocuments[0m
            [36m</button>[39m
            [36m<button[39m
              [33mclass[39m=[32m"flex items-center gap-1.5 px-4 py-3 text-sm font-medium border-b-2 transition-colors whitespace-nowrap focus:outline-none focus-visible:ring-2 focus-visible:ring-green-500/50 border-transparent text-slate-500 hover:text-slate-700 hover:border-slate-300"[39m
            [36m>[39m
              [0mSecurity[0m
            [36m</button>[39m
            [36m<button[39m
              [33mclass[39m=[32m"flex items-center gap-1.5 px-4 py-3 text-sm font-medium border-b-2 transition-colors whitespace-nowrap focus:outline-none focus-visible:ring-2 focus-visible:ring-green-500/50 border-transparent text-slate-500 hover:text-slate-700 hover:border-slate-300"[39m
            [36m>[39m
              [0mMonitoring[0m
            [36m</button>[39m
            [36m<button[39m
              [33mclass[39m=[32m"flex items-center gap-1.5 px-4 py-3 text-sm font-medium border-b-2 transition-colors whitespace-nowrap focus:outline-none focus-visible:ring-2 focus-visible:ring-green-500/50 border-transparent text-slate-500 hover:text-slate-700 hover:border-slate-300"[39m
            [36m>[39m
              [0mDefault History[0m
            [36m</button>[39m
            [36m<button[39m
              [33mclass[39m=[32m"flex items-center gap-1.5 px-4 py-3 text-sm font-medium border-b-2 transition-colors whitespace-nowrap focus:outline-none focus-visible:ring-2 focus-visible:ring-green-500/50 border-transparent text-slate-500 hover:text-slate-700 hover:border-slate-300"[39m
            [36m>[39m
              [0mCommunications[0m
            [36m</button>[39m
            [36m<button[39m
              [33mclass[39m=[32m"flex items-center gap-1.5 px-4 py-3 text-sm font-medium border-b-2 transition-colors whitespace-nowrap focus:outline-none focus-visible:ring-2 focus-visible:ring-green-500/50 border-transparent text-slate-500 hover:text-slate-700 hover:border-slate-300"[39m
            [36m>[39m
              [0mClosure[0m
            [36m</button>[39m
            [36m<button[39m
              [33mclass[39m=[32m"flex items-center gap-1.5 px-4 py-3 text-sm font-medium border-b-2 transition-colors whitespace-nowrap focus:outline-none focus-visible:ring-2 focus-visible:ring-green-500/50 border-transparent text-slate-500 hover:text-slate-700 hover:border-slate-300"[39m
            [36m>[39m
              [0mAudit Trail[0m
            [36m</button>[39m
          [36m</div>[39m
        [36m</div>[39m
        [36m<div[39m
          [33mclass[39m=[32m"flex-1 overflow-y-auto pt-5"[39m
        [36m>[39m
          [36m<div[39m
            [33mclass[39m=[32m"card flex items-start gap-3"[39m
          [36m>[39m
            [36m<svg[39m
              [33maria-hidden[39m=[32m"true"[39m
              [33mclass[39m=[32m"lucide lucide-lock text-slate-400 mt-0.5"[39m
              [33mfill[39m=[32m"none"[39m
              [33mheight[39m=[32m"16"[39m
              [33mstroke[39m=[32m"currentColor"[39m
              [33mstroke-linecap[39m=[32m"round"[39m
              [33mstroke-linejoin[39m=[32m"round"[39m
              [33mstroke-width[39m=[32m"2"[39m
              [33mviewBox[39m=[32m"0 0 24 24"[39m
              [33mwidth[39m=[32m"16"[39m
              [33mxmlns[39m=[32m"http://www.w3.org/2000/svg"[39m
            [36m>[39m
              [36m<rect[39m
                [33mheight[39m=[32m"11"[39m
                [33mrx[39m=[32m"2"[39m
                [33mry[39m=[32m"2"[39m
                [33mwidth[39m=[32m"18"[39m
                [33mx[39m=[32m"3"[39m
                [33my[39m=[32m"11"[39m
              [36m/>[39m
              [36m<path[39m
                [33md[39m=[32m"M7 11V7a5 5 0 0 1 10 0v4"[39m
              [36m/>[39m
            [36m</svg>[39m
            [36m<div>[39m
              [36m<p[39m
                [33mclass[39m=[32m"text-sm font-semibold text-slate-700"[39m
              [36m>[39m
                [0mLoan Ledger[0m
                [0m is not available yet.[0m
              [36m</p>[39m
              [36m<p[39m
                [33mclass[39m=[32m"text-xs text-slate-500 mt-0.5"[39m
              [36m>[39m
                [0mThis view will appear after its governed Epic 010 owner is connected.[0m
              [36m</p>[39m
            [36m</div>[39m
          [36m</div>[39m
        [36m</div>[39m
      [36m</div>[39m
    [36m</div>[39m
  [36m</div>[39m
[36m</body>[39m

Ignored nodes: comments, script, style
[36m<body>[39m
  [36m<div>[39m
    [36m<div[39m
      [33mclass[39m=[32m"p-6 space-y-4"[39m
    [36m>[39m
      [36m<div[39m
        [33mclass[39m=[32m"flex items-start gap-3"[39m
      [36m>[39m
        [36m<div[39m
          [33mclass[39m=[32m"flex-1"[39m
        [36m>[39m
          [36m<div[39m
            [33mclass[39m=[32m"flex items-center gap-2 flex-wrap"[39m
          [36m>[39m
            [36m<h1[39m
              [33mclass[39m=[32m"text-xl font-bold text-slate-900 num"[39m
            [36m>[39m
              [0mLN-API-001[0m
            [36m</h1>[39m
            [36m<span[39m
              [33mclass[39m=[32m"inline-flex items-center gap-1 font-medium rounded-full border whitespace-nowrap bg-green-50 text-green-900 border-green-100 text-xs px-2.5 py-1 h-6"[39m
            [36m>[39m
              [36m<svg[39m
                [33maria-hidden[39m=[32m"true"[39m
                [33mclass[39m=[32m"lucide lucide-circle-check"[39m
                [33mfill[39m=[32m"none"[39m
                [33mheight[39m=[32m"10"[39m
                [33mstroke[39m=[32m"currentColor"[39m
                [33mstroke-linecap[39m=[32m"round"[39m
                [33mstroke-linejoin[39m=[32m"round"[39m
                [33mstroke-width[39m=[32m"2"[39m
                [33mviewBox[39m=[32m"0 0 24 24"[39m
                [33mwidth[39m=[32m"10"[39m
                [33mxmlns[39m=[32m"http://www.w3.org/2000/svg"[39m
              [36m>[39m
                [36m<circle[39m
                  [33mcx[39m=[32m"12"[39m
                  [33mcy[39m=[32m"12"[39m
                  [33mr[39m=[32m"10"[39m
                [36m/>[39m
                [36m<path[39m
                  [33md[39m=[32m"m9 12 2 2 4-4"[39m
                [36m/>[39m
              [36m</svg>[39m
              [0mActive[0m
            [36m</span>[39m
          [36m</div>[39m
          [36m<div[39m
            [33mclass[39m=[32m"flex items-center gap-3 mt-0.5 text-sm text-slate-500"[39m
          [36m>[39m
            [36m<span>[39m
              [0mAPI Borrower[0m
            [36m</span>[39m
            [36m<span>[39m
              [0m·[0m
            [36m</span>[39m
            [36m<span[39m
              [33mclass[39m=[32m"num"[39m
            [36m>[39m
              [0m₹4,00,000.00[0m
              [0m disbursed[0m
            [36m</span>[39m
            [36m<span>[39m
              [0m·[0m
            [36m</span>[39m
            [36m<span>[39m
              [0mSAP: [0m
              [36m<span[39m
                [33mclass[39m=[32m"num font-medium text-slate-900"[39m
              [36m>[39m
                [0m******-001[0m
              [36m</span>[39m
            [36m</span>[39m
          [36m</div>[39m
        [36m</div>[39m
      [36m</div>[39m
      [36m<div[39m
        [33mclass[39m=[32m"grid grid-cols-2 sm:grid-cols-5 gap-3"[39m
      [36m>[39m
        [36m<div[39m
          [33mclass[39m=[32m"rounded-lg border p-3 bg-slate-50 border-slate-200"[39m
        [36m>[39m
          [36m<p[39m
            [33mclass[39m=[32m"text-xs text-slate-500 font-medium"[39m
          [36m>[39m
            [0mSanctioned[0m
          [36m</p>[39m
          [36m<p[39m
            [33mclass[39m=[32m"text-lg font-bold num mt-0.5 text-slate-900"[39m
          [36m>[39m
            [0m₹4,00,000.00[0m
          [36m</p>[39m
        [36m</div>[39m
        [36m<div[39m
          [33mclass[39m=[32m"rounded-lg border p-3 bg-slate-50 border-slate-200"[39m
        [36m>[39m
          [36m<p[39m
            [33mclass[39m=[32m"text-xs text-slate-500 font-medium"[39m
          [36m>[39m
            [0mDisbursed[0m
          [36m</p>[39m
          [36m<p[39m
            [33mclass[39m=[32m"text-lg font-bold num mt-0.5 text-slate-900"[39m
          [36m>[39m
            [0m₹4,00,000.00[0m
          [36m</p>[39m
        [36m</div>[39m
        [36m<div[39m
          [33mclass[39m=[32m"rounded-lg border p-3 bg-slate-50 border-slate-200"[39m
        [36m>[39m
          [36m<p[39m
            [33mclass[39m=[32m"text-xs text-slate-500 font-medium"[39m
          [36m>[39m
            [0mOutstanding Principal[0m
          [36m</p>[39m
          [36m<p[39m
            [33mclass[39m=[32m"text-lg font-bold num mt-0.5 text-slate-900"[39m
          [36m>[39m
            [0m₹4,00,000.00[0m
          [36m</p>[39m
        [36m</div>[39m
        [36m<div[39m
          [33mclass[39m=[32m"rounded-lg border p-3 bg-slate-50 border-slate-200"[39m
        [36m>[39m
          [36m<p[39m
            [33mclass[39m=[32m"text-xs text-slate-500 font-medium"[39m
          [36m>[39m
            [0mOutstanding Interest[0m
          [36m</p>[39m
          [36m<p[39m
            [33mclass[39m=[32m"text-lg font-bold num mt-0.5 text-slate-900"[39m
          [36m>[39m
            [0m₹0.00[0m
          [36m</p>[39m
        [36m</div>[39m
        [36m<div[39m
          [33mclass[39m=[32m"rounded-lg border p-3 bg-slate-50 border-slate-200"[39m
        [36m>[39m
          [36m<p[39m
            [33mclass[39m=[32m"text-xs text-slate-500 font-medium"[39m
          [36m>[39m
            [0mTotal Outstanding[0m
          [36m</p>[39m
          [36m<p[39m
            [33mclass[39m=[32m"text-lg font-bold num mt-0.5 text-slate-900"[39m
          [36m>[39m
            [0m₹4,00,000.00[0m
          [36m</p>[39m
        [36m</div>[39m
      [36m</div>[39m
      [36m<div[39m
        [33mclass[39m=[32m"flex flex-col flex-1 min-h-0"[39m
      [36m>[39m
        [36m<div[39m
          [33mclass[39m=[32m"border-b border-slate-200 overflow-x-auto"[39m
        [36m>[39m
          [36m<div[39m
            [33mclass[39m=[32m"flex gap-0 min-w-max pr-6"[39m
          [36m>[39m
            [36m<button[39m
              [33mclass[39m=[32m"flex items-center gap-1.5 px-4 py-3 text-sm font-medium border-b-2 transition-colors whitespace-nowrap focus:outline-none focus-visible:ring-2 focus-visible:ring-green-500/50 border-transparent text-slate-500 hover:text-slate-700 hover:border-slate-300"[39m
            [36m>[39m
              [0mSummary[0m
            [36m</button>[39m
            [36m<button[39m
              [33mclass[39m=[32m"flex items-center gap-1.5 px-4 py-3 text-sm font-medium border-b-2 transition-colors whitespace-nowrap focus:outline-none focus-visible:ring-2 focus-visible:ring-green-500/50 border-green-600 text-green-700"[39m
            [36m>[39m
              [0mLoan Ledger[0m
            [36m</button>[39m
            [36m<button[39m
              [33mclass[39m=[32m"flex items-center gap-1.5 px-4 py-3 text-sm font-medium border-b-2 transition-colors whitespace-nowrap focus:outline-none focus-visible:ring-2 focus-visible:ring-green-500/50 border-transparent text-slate-500 hover:text-slate-700 hover:border-slate-300"[39m
            [36m>[39m
              [0mRepayment Schedule[0m
            [36m</button>[39m
            [36m<button[39m
              [33mclass[39m=[32m"flex items-center gap-1.5 px-4 py-3 text-sm font-medium border-b-2 transition-colors whitespace-nowrap focus:outline-none focus-visible:ring-2 focus-visible:ring-green-500/50 border-transparent text-slate-500 hover:text-slate-700 hover:border-slate-300"[39m
            [36m>[39m
              [0mInterest Invoices[0m
            [36m</button>[39m
            [36m<button[39m
              [33mclass[39m=[32m"flex items-center gap-1.5 px-4 py-3 text-sm font-medium border-b-2 transition-colors whitespace-nowrap focus:outline-none focus-visible:ring-2 focus-visible:ring-green-500/50 border-transparent text-slate-500 hover:text-slate-700 hover:border-slate-300"[39m
            [36m>[39m
              [0mDocuments[0m
            [36m</button>[39m
            [36m<button[39m
              [33mclass[39m=[32m"flex items-center gap-1.5 px-4 py-3 text-sm font-medium border-b-2 transition-colors whitespace-nowrap focus:outline-none focus-visible:ring-2 focus-visible:ring-green-500/50 border-transparent text-slate-500 hover:text-slate-700 hover:border-slate-300"[39m
            [36m>[39m
              [0mSecurity[0m
            [36m</button>[39m
            [36m<button[39m
              [33mclass[39m=[32m"flex items-center gap-1.5 px-4 py-3 text-sm font-medium border-b-2 transition-colors whitespace-nowrap focus:outline-none focus-visible:ring-2 focus-visible:ring-green-500/50 border-transparent text-slate-500 hover:text-slate-700 hover:border-slate-300"[39m
            [36m>[39m
              [0mMonitoring[0m
            [36m</button>[39m
            [36m<button[39m
              [33mclass[39m=[32m"flex items-center gap-1.5 px-4 py-3 text-sm font-medium border-b-2 transition-colors whitespace-nowrap focus:outline-none focus-visible:ring-2 focus-visible:ring-green-500/50 border-transparent text-slate-500 hover:text-slate-700 hover:border-slate-300"[39m
            [36m>[39m
              [0mDefault History[0m
            [36m</button>[39m
            [36m<button[39m
              [33mclass[39m=[32m"flex items-center gap-1.5 px-4 py-3 text-sm font-medium border-b-2 transition-colors whitespace-nowrap focus:outline-none focus-visible:ring-2 focus-visible:ring-green-500/50 border-transparent text-slate-500 hover:text-slate-700 hover:border-slate-300"[39m
            [36m>[39m
              [0mCommunications[0m
            [36m</button>[39m
            [36m<button[39m
              [33mclass[39m=[32m"flex items-center gap-1.5 px-4 py-3 text-sm font-medium border-b-2 transition-colors whitespace-nowrap focus:outline-none focus-visible:ring-2 focus-visible:ring-green-500/50 border-transparent text-slate-500 hover:text-slate-700 hover:border-slate-300"[39m
            [36m>[39m
              [0mClosure[0m
            [36m</button>[39m
            [36m<button[39m
              [33mclass[39m=[32m"flex items-center gap-1.5 px-4 py-3 text-sm font-medium border-b-2 transition-colors whitespace-nowrap focus:outline-none focus-visible:ring-2 focus-visible:ring-green-500/50 border-transparent text-slate-500 hover:text-slate-700 hover:border-slate-300"[39m
            [36m>[39m
              [0mAudit Trail[0m
            [36m</button>[39m
          [36m</div>[39m
        [36m</div>[39m
        [36m<div[39m
          [33mclass[39m=[32m"flex-1 overflow-y-auto pt-5"[39m
        [36m>[39m
          [36m<div[39m
            [33mclass[39m=[32m"card flex items-start gap-3"[39m
          [36m>[39m
            [36m<svg[39m
              [33maria-hidden[39m=[32m"true"[39m
              [33mclass[39m=[32m"lucide lucide-lock text-slate-400 mt-0.5"[39m
              [33mfill[39m=[32m"none"[39m
              [33mheight[39m=[32m"16"[39m
              [33mstroke[39m=[32m"currentColor"[39m
              [33mstroke-linecap[39m=[32m"round"[39m
              [33mstroke-linejoin[39m=[32m"round"[39m
              [33mstroke-width[39m=[32m"2"[39m
              [33mviewBox[39m=[32m"0 0 24 24"[39m
              [33mwidth[39m=[32m"16"[39m
              [33mxmlns[39m=[32m"http://www.w3.org/2000/svg"[39m
            [36m>[39m
              [36m<rect[39m
                [33mheight[39m=[32m"11"[39m
                [33mrx[39m=[32m"2"[39m
                [33mry[39m=[32m"2"[39m
                [33mwidth[39m=[32m"18"[39m
                [33mx[39m=[32m"3"[39m
                [33my[39m=[32m"11"[39m
              [36m/>[39m
              [36m<path[39m
                [33md[39m=[32m"M7 11V7a5 5 0 0 1 10 0v4"[39m
              [36m/>[39m
            [36m</svg>[39m
            [36m<div>[39m
              [36m<p[39m
                [33mclass[39m=[32m"text-sm font-semibold text-slate-700"[39m
              [36m>[39m
                [0mLoan Ledger[0m
                [0m is not available yet.[0m
              [36m</p>[39m
              [36m<p[39m
                [33mclass[39m=[32m"text-xs text-slate-500 mt-0.5"[39m
              [36m>[39m
                [0mThis view will appear after its governed Epic 010 owner is connected.[0m
              [36m</p>[39m
            [36m</div>[39m
          [36m</div>[39m
        [36m</div>[39m
      [36m</div>[39m
    [36m</div>[39m
  [36m</div>[39m
[36m</body>[39m
 ❯ waitForWrapper node_modules/@testing-library/dom/dist/wait-for.js:163:27
 ❯ node_modules/@testing-library/dom/dist/query-helpers.js:86:33
 ❯ src/pages/loan-accounts/LoanAccount360.test.tsx:131:25
    129| 
    130|     await userEvent.click(screen.getByText('Loan Ledger'));
    131|     expect(await screen.findByText('UTR-SERVER-001')).toBeTruthy();
       |                         ^
    132|     expect(screen.getByText('₹1,00,000.00')).toBeTruthy();
    133|     expect(screen.getByText('₹3,00,000.00')).toBeTruthy();

⎯⎯⎯⎯⎯⎯⎯⎯⎯⎯⎯⎯⎯⎯⎯⎯⎯⎯⎯⎯⎯⎯⎯⎯[1/1]⎯


 Test Files  1 failed (1)
      Tests  1 failed | 4 passed (5)
   Start at  11:22:26
   Duration  2.17s (transform 149ms, setup 0ms, collect 333ms, tests 1.20s, environment 373ms, prepare 40ms)

EXIT_STATUS: 1
