Creating test database for alias 'default'...
Found 74 test(s).
System check identified no issues (0 silenced).
..............FF.............F.......FFF..................F.F.............
======================================================================
FAIL: test_case_amount_disagrees_with_matrix_projection (sfpcl_credit.tests.test_approval_case_routing_api.ApprovalCaseRoutingApiTests.test_case_amount_disagrees_with_matrix_projection)
----------------------------------------------------------------------
Traceback (most recent call last):
  File "/Users/amitkallapa/LMS/.ralph/worktrees/2026-07-13_171041_normal_run/sfpcl_credit/tests/test_approval_case_routing_api.py", line 2129, in test_case_amount_disagrees_with_matrix_projection
    self._assert_snapshot_is_hidden_without_writes(self.cfo)
  File "/Users/amitkallapa/LMS/.ralph/worktrees/2026-07-13_171041_normal_run/sfpcl_credit/tests/test_approval_case_routing_api.py", line 2678, in _assert_snapshot_is_hidden_without_writes
    self.assertEqual(collection.json()["pagination"]["total_count"], 0)
AssertionError: 1 != 0

======================================================================
FAIL: test_case_condition_disagrees_with_matrix_projection (sfpcl_credit.tests.test_approval_case_routing_api.ApprovalCaseRoutingApiTests.test_case_condition_disagrees_with_matrix_projection)
----------------------------------------------------------------------
Traceback (most recent call last):
  File "/Users/amitkallapa/LMS/.ralph/worktrees/2026-07-13_171041_normal_run/sfpcl_credit/tests/test_approval_case_routing_api.py", line 2137, in test_case_condition_disagrees_with_matrix_projection
    self._assert_snapshot_is_hidden_without_writes(self.cfo)
  File "/Users/amitkallapa/LMS/.ralph/worktrees/2026-07-13_171041_normal_run/sfpcl_credit/tests/test_approval_case_routing_api.py", line 2678, in _assert_snapshot_is_hidden_without_writes
    self.assertEqual(collection.json()["pagination"]["total_count"], 0)
AssertionError: 1 != 0

======================================================================
FAIL: test_duplicate_required_approver_is_not_routable (sfpcl_credit.tests.test_approval_case_routing_api.ApprovalCaseRoutingApiTests.test_duplicate_required_approver_is_not_routable)
----------------------------------------------------------------------
Traceback (most recent call last):
  File "/Users/amitkallapa/LMS/.ralph/worktrees/2026-07-13_171041_normal_run/sfpcl_credit/tests/test_approval_case_routing_api.py", line 2111, in test_duplicate_required_approver_is_not_routable
    self._assert_snapshot_is_hidden_without_writes(self.cfo)
  File "/Users/amitkallapa/LMS/.ralph/worktrees/2026-07-13_171041_normal_run/sfpcl_credit/tests/test_approval_case_routing_api.py", line 2678, in _assert_snapshot_is_hidden_without_writes
    self.assertEqual(collection.json()["pagination"]["total_count"], 0)
AssertionError: 1 != 0

======================================================================
FAIL: test_frozen_alternate_director_satisfies_original_role_count_after_exclusion (sfpcl_credit.tests.test_approval_case_routing_api.ApprovalCaseRoutingApiTests.test_frozen_alternate_director_satisfies_original_role_count_after_exclusion)
----------------------------------------------------------------------
Traceback (most recent call last):
  File "/Users/amitkallapa/LMS/.ralph/worktrees/2026-07-13_171041_normal_run/sfpcl_credit/tests/test_approval_case_routing_api.py", line 516, in test_frozen_alternate_director_satisfies_original_role_count_after_exclusion
    self.assertEqual(queue.json()["pagination"]["total_count"], 1)
AssertionError: 0 != 1

======================================================================
FAIL: test_incomplete_joint_approval_projection_is_not_routable (sfpcl_credit.tests.test_approval_case_routing_api.ApprovalCaseRoutingApiTests.test_incomplete_joint_approval_projection_is_not_routable)
----------------------------------------------------------------------
Traceback (most recent call last):
  File "/Users/amitkallapa/LMS/.ralph/worktrees/2026-07-13_171041_normal_run/sfpcl_credit/tests/test_approval_case_routing_api.py", line 2143, in test_incomplete_joint_approval_projection_is_not_routable
    self._assert_snapshot_is_hidden_without_writes(self.cfo)
  File "/Users/amitkallapa/LMS/.ralph/worktrees/2026-07-13_171041_normal_run/sfpcl_credit/tests/test_approval_case_routing_api.py", line 2678, in _assert_snapshot_is_hidden_without_writes
    self.assertEqual(collection.json()["pagination"]["total_count"], 0)
AssertionError: 1 != 0

======================================================================
FAIL: test_incomplete_register_projection_is_not_routable (sfpcl_credit.tests.test_approval_case_routing_api.ApprovalCaseRoutingApiTests.test_incomplete_register_projection_is_not_routable)
----------------------------------------------------------------------
Traceback (most recent call last):
  File "/Users/amitkallapa/LMS/.ralph/worktrees/2026-07-13_171041_normal_run/sfpcl_credit/tests/test_approval_case_routing_api.py", line 2149, in test_incomplete_register_projection_is_not_routable
    self._assert_snapshot_is_hidden_without_writes(self.cfo)
  File "/Users/amitkallapa/LMS/.ralph/worktrees/2026-07-13_171041_normal_run/sfpcl_credit/tests/test_approval_case_routing_api.py", line 2678, in _assert_snapshot_is_hidden_without_writes
    self.assertEqual(collection.json()["pagination"]["total_count"], 0)
AssertionError: 1 != 0

======================================================================
FAIL: test_required_approver_count_disagrees_with_matrix_projection (sfpcl_credit.tests.test_approval_case_routing_api.ApprovalCaseRoutingApiTests.test_required_approver_count_disagrees_with_matrix_projection)
----------------------------------------------------------------------
Traceback (most recent call last):
  File "/Users/amitkallapa/LMS/.ralph/worktrees/2026-07-13_171041_normal_run/sfpcl_credit/tests/test_approval_case_routing_api.py", line 2123, in test_required_approver_count_disagrees_with_matrix_projection
    self._assert_snapshot_is_hidden_without_writes(self.cfo)
  File "/Users/amitkallapa/LMS/.ralph/worktrees/2026-07-13_171041_normal_run/sfpcl_credit/tests/test_approval_case_routing_api.py", line 2678, in _assert_snapshot_is_hidden_without_writes
    self.assertEqual(collection.json()["pagination"]["total_count"], 0)
AssertionError: 1 != 0

======================================================================
FAIL: test_required_approver_with_wrong_role_is_not_routable (sfpcl_credit.tests.test_approval_case_routing_api.ApprovalCaseRoutingApiTests.test_required_approver_with_wrong_role_is_not_routable)
----------------------------------------------------------------------
Traceback (most recent call last):
  File "/Users/amitkallapa/LMS/.ralph/worktrees/2026-07-13_171041_normal_run/sfpcl_credit/tests/test_approval_case_routing_api.py", line 2117, in test_required_approver_with_wrong_role_is_not_routable
    self._assert_snapshot_is_hidden_without_writes(self.cfo)
  File "/Users/amitkallapa/LMS/.ralph/worktrees/2026-07-13_171041_normal_run/sfpcl_credit/tests/test_approval_case_routing_api.py", line 2678, in _assert_snapshot_is_hidden_without_writes
    self.assertEqual(collection.json()["pagination"]["total_count"], 0)
AssertionError: 1 != 0

----------------------------------------------------------------------
Ran 74 tests in 1.713s

FAILED (failures=8)
Destroying test database for alias 'default'...
