Creating test database for alias 'default'...
Found 1 test(s).
System check identified no issues (0 silenced).
FF
======================================================================
FAIL: test_unused_committee_alternate_is_nondisclosed_before_pagination (sfpcl_credit.tests.test_approval_case_routing_api.ApprovalCaseRoutingApiTests.test_unused_committee_alternate_is_nondisclosed_before_pagination) (declared=False)
----------------------------------------------------------------------
Traceback (most recent call last):
  File "/Users/amitkallapa/LMS/.ralph/worktrees/2026-07-13_171041_normal_run/sfpcl_credit/tests/test_approval_case_routing_api.py", line 667, in test_unused_committee_alternate_is_nondisclosed_before_pagination
    self.assertEqual(ordinary.json()["pagination"]["total_count"], 0)
AssertionError: 1 != 0

======================================================================
FAIL: test_unused_committee_alternate_is_nondisclosed_before_pagination (sfpcl_credit.tests.test_approval_case_routing_api.ApprovalCaseRoutingApiTests.test_unused_committee_alternate_is_nondisclosed_before_pagination) (declared=True)
----------------------------------------------------------------------
Traceback (most recent call last):
  File "/Users/amitkallapa/LMS/.ralph/worktrees/2026-07-13_171041_normal_run/sfpcl_credit/tests/test_approval_case_routing_api.py", line 666, in test_unused_committee_alternate_is_nondisclosed_before_pagination
    self.assertEqual(ordinary.json()["data"], [])
AssertionError: Lists differ: [{'approval_case_id': '4c352f50-1b82-4a66-[5256 chars]'}]}] != []

First list contains 1 additional elements.
First extra element 0:
{'approval_case_id': '4c352f50-1b82-4a66-91a9-731ba82deb23', 'cycle_number': 1, 'approval_type': 'sanction', 'related_entity_type': 'loan_application', 'related_entity_id': '46d512e8-e5d5-46f5-a013-8f8da28e5b2f', 'loan_application_id': '46d512e8-e5d5-46f5-a013-8f8da28e5b2f', 'application_reference_number': 'LO00000701', 'amount': '500000.00', 'current_status': 'pending', 'decision_date': '2026-07-13', 'version': 2, 'approval_matrix_rule_id': 'ad0d6c5b-fedc-4577-b8f0-c467eb07fd2f', 'approval_matrix_rule_version': 'lower-v1', 'sanction_committee_id': '149c76b7-1dc5-4b07-b29f-9c11d995dfe4', 'sanction_committee_version': 'committee-v1', 'route_approvers': [{'role_code': 'cfo', 'user_id': '3fc7939e-179c-45d3-b77e-81cf97a943d8', 'full_name': 'Snapshot CFO'}, {'role_code': 'director', 'user_id': '1e368e2d-02d3-4494-81cc-9a3183dd1dd4', 'full_name': 'Snapshot Director'}], 'required_approvers': [{'role_code': 'cfo', 'user_id': '3fc7939e-179c-45d3-b77e-81cf97a943d8', 'full_name': 'Snapshot CFO', 'decision': None, 'acted_at': None}, {'role_code': 'director', 'user_id': '1e368e2d-02d3-4494-81cc-9a3183dd1dd4', 'full_name': 'Snapshot Director', 'decision': None, 'acted_at': None}], 'approval_actions': [], 'excluded_approvers': [{'user_id': '59112169-58a5-4703-ad56-329e57df5a59', 'conflict_code': 'material_interest', 'reason': 'Unused committee alternate declared an interest.'}], 'general_meeting_evidence_required': False, 'conflict_block_reason': None, 'reason_for_approval': 'Reviewed appraisal recommends approval.', 'exception_condition_code': None, 'matrix_projection': {'approval_matrix_rule_id': 'ad0d6c5b-fedc-4577-b8f0-c467eb07fd2f', 'version_number': 'lower-v1', 'decision_type': 'loan_sanction', 'amount': '500000.00', 'amount_min': '0.00', 'amount_max': '500000.00', 'condition_code': None, 'decision_date': '2026-07-13', 'required_approver_roles': ['cfo', 'director'], 'required_director_count': 1, 'joint_approval_required': True, 'register_required': 'credit_sanction_register'}, 'committee_projection': {'sanction_committee_id': '149c76b7-1dc5-4b07-b29f-9c11d995dfe4', 'version_number': 'committee-v1', 'decision_date': '2026-07-13', 'cfo_user_id': '3fc7939e-179c-45d3-b77e-81cf97a943d8', 'director_user_ids': ['1e368e2d-02d3-4494-81cc-9a3183dd1dd4', '59112169-58a5-4703-ad56-329e57df5a59']}, 'loan_limit_provenance': {'loan_limit_assessment_id': '20000000-0000-0000-0000-000000000002', 'loan_application_id': '46d512e8-e5d5-46f5-a013-8f8da28e5b2f', 'exception_required_flag': False, 'calculation_rule_version': 'limit-v7', 'policy_config_id': '30000000-0000-0000-0000-000000000003', 'policy_name': 'Board Loan Policy', 'calculated_at': '2026-07-13T10:48:40.124482+00:00'}, 'review_facts': {'maker_checker': {'application_created_by_user_id': '3b93af72-3c43-40e3-a884-1f289ab38006', 'application_received_by_user_id': '3b93af72-3c43-40e3-a884-1f289ab38006', 'application_submitted_by_user_id': None, 'appraisal_prepared_by_user_id': '3b93af72-3c43-40e3-a884-1f289ab38006', 'appraisal_reviewed_by_user_id': '3b93af72-3c43-40e3-a884-1f289ab38006'}, 'eligibility': {'overall_result': 'eligible', 'member_active_check': 'pass', 'default_check': 'pass', 'document_check': 'pass', 'terms_acceptance_check': 'pass', 'purpose_check': 'pass'}, 'loan_amounts': {'requested_amount': '500000.00', 'eligible_amount': '500000.00', 'recommended_amount': '500000.00'}, 'purpose': {'category': 'crop_production', 'description': 'Crop production'}, 'compliance_checks': {'member_active_check': 'pass', 'default_check': 'pass', 'terms_acceptance_check': 'pass', 'purpose_check': 'pass'}, 'borrowing_history': 'No prior SFPCL borrowing.', 'risk': {'risk_assessment_id': '864861a4-982a-4201-b673-5f767d3617d7', 'market_risk_rating': 'medium', 'operational_risk_rating': 'low', 'borrower_risk_rating': 'low', 'overall_risk_rating': 'low', 'risk_mitigation_notes': 'Seasonal cash-flow monitoring.'}, 'documentation_completeness': {'status': 'complete', 'document_check': 'pass'}, 'source_references': {'application': '/api/v1/loan-applications/46d512e8-e5d5-46f5-a013-8f8da28e5b2f/', 'appraisal': '/api/v1/loan-applications/46d512e8-e5d5-46f5-a013-8f8da28e5b2f/appraisal-note/', 'eligibility': '/api/v1/loan-applications/46d512e8-e5d5-46f5-a013-8f8da28e5b2f/eligibility-assessment/', 'loan_limit': '/api/v1/loan-applications/46d512e8-e5d5-46f5-a013-8f8da28e5b2f/loan-limit-assessment/'}}, 'available_actions': [{'action_code': 'approve', 'label': 'Approve', 'enabled': False, 'disabled_reason': 'This user is marked as conflicted for the approval case and cannot approve it.', 'required_permission': 'approvals.case.approve'}, {'action_code': 'reject', 'label': 'Reject', 'enabled': False, 'disabled_reason': 'This user is marked as conflicted for the approval case and cannot approve it.', 'required_permission': 'approvals.case.reject'}, {'action_code': 'return', 'label': 'Return for Clarification', 'enabled': False, 'disabled_reason': 'This user is marked as conflicted for the approval case and cannot approve it.', 'required_permission': 'approvals.case.return'}, {'action_code': 'abstain', 'label': 'Abstain for Conflict', 'enabled': False, 'disabled_reason': 'This user is marked as conflicted for the approval case and cannot approve it.', 'required_permission': 'approvals.case.approve'}]}

Diff is 8562 characters long. Set self.maxDiff to None to see it.

----------------------------------------------------------------------
Ran 1 test in 0.044s

FAILED (failures=2)
Destroying test database for alias 'default'...
