Creating test database for alias 'default' ('file:memorydb_default?mode=memory&cache=shared')...
Found 3 test(s).
Operations to perform:
  Synchronize unmigrated apps: corsheaders
  Apply all migrations: applications, approvals, communications, configurations, contenttypes, credit, documents, identity, legal_documents, members, scheduler, security_instruments, tracer, workflows
Synchronizing apps without migrations:
  Creating tables...
    Running deferred SQL...
Running migrations:
  Applying identity.0001_initial... OK
  Applying identity.0002_permission_rolepermission_and_more... OK
  Applying tracer.0001_initial... OK
  Applying workflows.0001_canonical_workflow_event... OK
  Applying members.0001_initial... OK
  Applying members.0002_profile_shells... OK
  Applying members.0003_individual_profile_details... OK
  Applying members.0004_nominee... OK
  Applying members.0005_shareholding_and_more... OK
  Applying members.0006_landholding_cropplan_and_more... OK
  Applying documents.0001_initial... OK
  Applying members.0007_kycprofile_kycdocument_and_more... OK
  Applying members.0008_cancelledcheque_bankaccount_and_more... OK
  Applying identity.0003_portal_member_auth... OK
  Applying members.0009_member_identity_governance... OK
  Applying members.0010_member_identity_change_request... OK
  Applying members.0011_producesupplyrecord... OK
  Applying members.0012_memberserviceevidence_activememberstatus_and_more... OK
  Applying members.0013_memberserviceevidence_maker_users_and_more... OK
  Applying members.0014_remove_memberscopeassignment_uniq_member_scope_assignment_and_more... OK
  Applying documents.0002_documenttemplate... OK
  Applying documents.0003_documenttemplateidentity... OK
  Applying applications.0001_initial... OK
  Applying documents.0004_loandocument... OK
  Applying legal_documents.0001_transfer_loan_document_owner... OK
  Applying legal_documents.0002_document_checklists... OK
  Applying legal_documents.0003_loan_document_renderer_provenance... OK
  Applying legal_documents.0004_checklistitem_notarisation_status_and_more... OK
  Applying legal_documents.0005_signature_records... OK
  Applying legal_documents.0006_stamp_notary_preparer_identity... OK
  Applying legal_documents.0007_signature_capture_maker... OK
  Applying applications.0002_loanapplication_submitted_by_user... OK
  Applying applications.0003_systemsequence_loanrequestregisterentry... OK
  Applying applications.0004_applicationdocument_and_more... OK
  Applying applications.0005_application_deficiency... OK
  Applying applications.0006_rejection_note... OK
  Applying applications.0007_eligibilityassessment... OK
  Applying applications.0008_loanlimitassessment... OK
  Applying applications.0009_loan_limit_policy_snapshot... OK
  Applying applications.0010_loanapplication_nominee... OK
  Applying legal_documents.0008_securitypackage_powerofattorney_and_more... OK
  Applying legal_documents.0009_loandocument_verification_remarks... OK
  Applying legal_documents.0010_stage4_maker_checker_constraints... OK
  Applying legal_documents.0011_final_documentation_approval_sequence... OK
  Applying legal_documents.0012_portal_documentation_submission... OK
  Applying configurations.0001_initial... OK
  Applying configurations.0002_version_history_approval_evidence... OK
  Applying applications.0011_witness... OK
  Applying applications.0012_witness_verification_evidence... OK
  Applying applications.0013_witness_correction... OK
  Applying applications.0014_witness_contact_fields... OK
  Applying applications.0015_applicationdeficiencyresponse... OK
  Applying applications.0016_bankverificationdecision_and_more... OK
  Applying communications.0001_initial... OK
  Applying communications.0002_communication... OK
  Applying communications.0003_notification... OK
  Applying credit.0001_credit_assessment_model_ownership... OK
  Applying credit.0002_riskassessment_loanappraisalnote... OK
  Applying credit.0003_appraisal_prerequisite_snapshots... OK
  Applying credit.0004_appraisal_review_facts... OK
  Applying credit.0005_appraisalreviewdecision... OK
  Applying credit.0006_legacy_appraisal_history_remediation... OK
  Applying credit.0007_eligibility_active_member_snapshot... OK
  Applying approvals.0001_initial... OK
  Applying approvals.0002_approvalcase_workflow_event... OK
  Applying approvals.0003_approvalmatrixrule_sanctioncommittee... OK
  Applying approvals.0004_approval_configuration_history_constraints... OK
  Applying approvals.0005_approvalconfigurationproposal... OK
  Applying approvals.0006_approvalcase_configuration_snapshot... OK
  Applying approvals.0007_approvalcase_enrichment_snapshot... OK
  Applying approvals.0008_approvalaction... OK
  Applying approvals.0009_sanction_decision_and_case_closure... OK
  Applying approvals.0010_approvalcasereadscopegrant_and_more... OK
  Applying approvals.0011_approvalcase_appraisal_facts_json_and_more... OK
  Applying approvals.0012_approvalconflictdeclaration_and_more... OK
  Applying approvals.0013_conflict_projection_scope_closure... OK
  Applying approvals.0014_exceptionregisterentry_and_more... OK
  Applying approvals.0015_generalmeetingapproval_and_more... OK
  Applying approvals.0016_creditsanctionregisterentry... OK
  Applying approvals.0017_exceptionregisterentry_supporting_documents_json... OK
  Applying approvals.0018_creditsanctionregisterentry_source_review_facts_json... OK
  Applying approvals.0019_register_source_facts... OK
  Applying approvals.0020_approvalaction_approver_display_name... OK
  Applying contenttypes.0001_initial... OK
  Applying contenttypes.0002_remove_content_type_name... OK
  Applying scheduler.0001_initial... OK
  Applying security_instruments.0001_transfer_security_ownership... OK
  Applying security_instruments.0002_sh4sharetransferform_and_more... OK
  Applying security_instruments.0003_cdslsharepledge_and_more... OK
  Applying security_instruments.0004_migrate_cdsl_field_encryption... OK
  Applying security_instruments.0005_blankdatedcheque_and_more... OK
  Applying security_instruments.0006_migrate_opaque_field_tokens... OK
  Applying tracer.0002_remove_tracer_workflowevent_state... OK
System check identified no issues (0 silenced).
test_status_only_bank_and_cancelled_cheque_cannot_complete_blank_cheque (sfpcl_credit.tests.test_final_documentation_approval_api.FinalDocumentationApprovalApiTests.test_status_only_bank_and_cancelled_cheque_cannot_complete_blank_cheque) ... ERROR
test_bank_decision_is_zero_write_outside_canonical_stage4_scope (sfpcl_credit.tests.test_final_documentation_approval_api.FinalDocumentationApprovalApiTests.test_bank_decision_is_zero_write_outside_canonical_stage4_scope) ... FAIL
test_borrower_safe_projection_rejects_changed_completion_version_body (sfpcl_credit.tests.test_final_documentation_approval_api.FinalDocumentationApprovalApiTests.test_borrower_safe_projection_rejects_changed_completion_version_body) ... FAIL

======================================================================
ERROR: test_status_only_bank_and_cancelled_cheque_cannot_complete_blank_cheque (sfpcl_credit.tests.test_final_documentation_approval_api.FinalDocumentationApprovalApiTests.test_status_only_bank_and_cancelled_cheque_cannot_complete_blank_cheque)
----------------------------------------------------------------------
Traceback (most recent call last):
  File "/Users/amitkallapa/LMS/.ralph/worktrees/2026-07-15_184900_normal_run/sfpcl_credit/tests/test_final_documentation_approval_api.py", line 776, in test_status_only_bank_and_cancelled_cheque_cannot_complete_blank_cheque
    self.assertEqual(decision["entity_type"], "bank_verification_decision")
                     ~~~~~~~~^^^^^^^^^^^^^^^
KeyError: 'entity_type'

======================================================================
FAIL: test_bank_decision_is_zero_write_outside_canonical_stage4_scope (sfpcl_credit.tests.test_final_documentation_approval_api.FinalDocumentationApprovalApiTests.test_bank_decision_is_zero_write_outside_canonical_stage4_scope)
----------------------------------------------------------------------
Traceback (most recent call last):
  File "/Users/amitkallapa/LMS/.ralph/worktrees/2026-07-15_184900_normal_run/sfpcl_credit/tests/test_final_documentation_approval_api.py", line 864, in test_bank_decision_is_zero_write_outside_canonical_stage4_scope
    self.assertEqual(response.status_code, 404, response.json())
AssertionError: 200 != 404 : {'success': True, 'data': {'bank_verification_decision_id': 'f953c3f7-e5c2-419c-a5c4-e16f79e35570', 'loan_application_id': 'bd75de64-b742-44ba-9d2a-f3b71fd8bbf1', 'member_id': '952b95c5-c3fe-4d96-8cce-ca994a1debd5', 'bank_account_id': 'bdd90c56-3913-446c-917c-545c0e86f0d1', 'cancelled_cheque_id': '2f44ccd5-c695-491b-bcc0-a02adee3975e', 'cancelled_cheque_document_id': 'c35f30a0-8fb4-45f7-9a71-a8ef5640c411', 'decision_status': 'rejected', 'verifier_user_id': '0ad46e46-6fb5-484b-9ac2-2027f3ac09e2', 'verified_at': '2026-07-15T13:23:43.650982+00:00', 'request_id': '008k5-outside-stage4', 'decision_version': 2, 'workflow_event_id': 'dc946497-ea8d-46e9-9e99-b7bef7b7d2fe', 'audit_log_id': 'ec79bbf8-3714-49f1-b25b-6a0b5a63398b', 'version_history_id': 'e032ef2c-129b-44c0-afcf-9dfc39ccea0d'}, 'meta': {'request_id': '008k5-outside-stage4', 'timestamp': '2026-07-15T13:23:43.653629Z', 'api_version': 'v1'}}

======================================================================
FAIL: test_borrower_safe_projection_rejects_changed_completion_version_body (sfpcl_credit.tests.test_final_documentation_approval_api.FinalDocumentationApprovalApiTests.test_borrower_safe_projection_rejects_changed_completion_version_body)
----------------------------------------------------------------------
Traceback (most recent call last):
  File "/Users/amitkallapa/LMS/.ralph/worktrees/2026-07-15_184900_normal_run/sfpcl_credit/tests/test_final_documentation_approval_api.py", line 900, in test_borrower_safe_projection_rejects_changed_completion_version_body
    self.assertNotIn(item.pk, completed)
AssertionError: UUID('faff891f-5b7f-4583-903d-a059828fbf52') unexpectedly found in {UUID('44263a5e-a326-4928-bd3f-ab3d7497122a'), UUID('d3a49890-1491-4fab-a65c-3c7966216f15'), UUID('4cfa3029-393f-41d8-beb1-5e68d990d9d1'), UUID('15a84086-e866-48f0-8383-aa2ef9ea9f01'), UUID('2d9b45a6-1bcb-48e6-aec4-9401ab0bb14d'), UUID('faff891f-5b7f-4583-903d-a059828fbf52'), UUID('7e4a811a-8788-42aa-924b-8936253a381b'), UUID('c212be43-b802-406d-b963-f20ed1034813'), UUID('1ab0e99e-cc9c-4a8f-97d0-9eec77155252')}

----------------------------------------------------------------------
Ran 3 tests in 0.480s

FAILED (failures=2, errors=1)
Destroying test database for alias 'default' ('file:memorydb_default?mode=memory&cache=shared')...
