^D[2m[WebServer] [22m[15/Jul/2026 14:23:28] "GET /api/v1/health/ready/ HTTP/1.1" 200 202
[2m[WebServer] [22m[33mThe CJS build of Vite's Node API is deprecated. See https://vite.dev/guide/troubleshooting.html#vite-cjs-node-api-deprecated for more details.[39m
[2m[WebServer] [22m(node:17010) Warning: The 'NO_COLOR' env is ignored due to the 'FORCE_COLOR' env being set.
[2m[WebServer] [22m(Use `node --trace-warnings ...` to show where the warning was created)

[2mRunning [22m2[2m tests using [22m1[2m worker[22m

     [2m1 [22m[2m[chromium] › member-portal-deficiency-response.e2e.spec.ts:11:5 › MP11 uploads and resubmits through the real Django lifecycle boundary[22m
[1A[2K[0G  [31m✘[39m  [2m1 [22m[31m[chromium] › member-portal-deficiency-response.e2e.spec.ts:11:5 › MP11 uploads and resubmits through the real Django lifecycle boundary[39m[2m (3ms)[22m[1E     [2m2 [22m[2m[chromium] › member-portal-documentation-actions.e2e.spec.ts:11:5 › MP07 uses the real portal session, upload, current download, and denial boundary[22m
[1A[2K[0G  [31m✘[39m  [2m2 [22m[31m[chromium] › member-portal-documentation-actions.e2e.spec.ts:11:5 › MP07 uses the real portal session, upload, current download, and denial boundary[39m[2m (3ms)[22m[1E

[31m  1) [chromium] › member-portal-deficiency-response.e2e.spec.ts:11:5 › MP11 uploads and resubmits through the real Django lifecycle boundary [39m

    Error: browserType.launch: Target page, context or browser has been closed
    Browser logs:

    <launching> /Users/amitkallapa/Library/Caches/ms-playwright/chromium_headless_shell-1148/chrome-mac/headless_shell --disable-field-trial-config --disable-background-networking --disable-background-timer-throttling --disable-backgrounding-occluded-windows --disable-back-forward-cache --disable-breakpad --disable-client-side-phishing-detection --disable-component-extensions-with-background-pages --disable-component-update --no-default-browser-check --disable-default-apps --disable-dev-shm-usage --disable-extensions --disable-features=ImprovedCookieControls,LazyFrameLoading,GlobalMediaControls,DestroyProfileOnBrowserClose,MediaRouter,DialMediaRouteProvider,AcceptCHFrame,AutoExpandDetailsElement,CertificateTransparencyComponentUpdater,AvoidUnnecessaryBeforeUnloadCheckSync,Translate,HttpsUpgrades,PaintHolding,ThirdPartyStoragePartitioning,LensOverlay,PlzDedicatedWorker --allow-pre-commit-input --disable-hang-monitor --disable-ipc-flooding-protection --disable-popup-blocking --disable-prompt-on-repost --disable-renderer-backgrounding --force-color-profile=srgb --metrics-recording-only --no-first-run --enable-automation --password-store=basic --use-mock-keychain --no-service-autorun --export-tagged-pdf --disable-search-engine-choice-screen --unsafely-disable-devtools-self-xss-warnings --enable-use-zoom-for-dsf=false --use-angle --headless --hide-scrollbars --mute-audio --blink-settings=primaryHoverType=2,availableHoverTypes=2,primaryPointerType=4,availablePointerTypes=4 --no-sandbox --user-data-dir=/var/folders/zq/3s8051dx39q0tk8whcqx44y00000gn/T/playwright_chromiumdev_profile-wobJYT --remote-debugging-pipe --no-startup-window
    <launched> pid=17021
    [pid=17021][err] [0715/195330.905366:ERROR:thermal_state_observer_mac.mm(88)] ThermalStateObserverMac unable to register to power notifications. Result: 9
    [pid=17021][err] [0715/195330.924696:ERROR:dns_config_service_posix.cc(142)] DNS config watch failed to start.
    [pid=17021][err] [0715/195330.936501:FATAL:mach_port_rendezvous.cc(399)] Check failed: kr == KERN_SUCCESS. bootstrap_check_in org.chromium.Chromium.MachPortRendezvousServer.17021: Permission denied (1100)
    Call log:
    [2m  - <launching> /Users/amitkallapa/Library/Caches/ms-playwright/chromium_headless_shell-1148/chrome-mac/headless_shell --disable-field-trial-config --disable-background-networking --disable-background-timer-throttling --disable-backgrounding-occluded-windows --disable-back-forward-cache --disable-breakpad --disable-client-side-phishing-detection --disable-component-extensions-with-background-pages --disable-component-update --no-default-browser-check --disable-default-apps --disable-dev-shm-usage --disable-extensions --disable-features=ImprovedCookieControls,LazyFrameLoading,GlobalMediaControls,DestroyProfileOnBrowserClose,MediaRouter,DialMediaRouteProvider,AcceptCHFrame,AutoExpandDetailsElement,CertificateTransparencyComponentUpdater,AvoidUnnecessaryBeforeUnloadCheckSync,Translate,HttpsUpgrades,PaintHolding,ThirdPartyStoragePartitioning,LensOverlay,PlzDedicatedWorker --allow-pre-commit-input --disable-hang-monitor --disable-ipc-flooding-protection --disable-popup-blocking --disable-prompt-on-repost --disable-renderer-backgrounding --force-color-profile=srgb --metrics-recording-only --no-first-run --enable-automation --password-store=basic --use-mock-keychain --no-service-autorun --export-tagged-pdf --disable-search-engine-choice-screen --unsafely-disable-devtools-self-xss-warnings --enable-use-zoom-for-dsf=false --use-angle --headless --hide-scrollbars --mute-audio --blink-settings=primaryHoverType=2,availableHoverTypes=2,primaryPointerType=4,availablePointerTypes=4 --no-sandbox --user-data-dir=/var/folders/zq/3s8051dx39q0tk8whcqx44y00000gn/T/playwright_chromiumdev_profile-wobJYT --remote-debugging-pipe --no-startup-window[22m
    [2m  - <launched> pid=17021[22m
    [2m  - [pid=17021][err] [0715/195330.905366:ERROR:thermal_state_observer_mac.mm(88)] ThermalStateObserverMac unable to register to power notifications. Result: 9[22m
    [2m  - [pid=17021][err] [0715/195330.924696:ERROR:dns_config_service_posix.cc(142)] DNS config watch failed to start.[22m
    [2m  - [pid=17021][err] [0715/195330.936501:FATAL:mach_port_rendezvous.cc(399)] Check failed: kr == KERN_SUCCESS. bootstrap_check_in org.chromium.Chromium.MachPortRendezvousServer.17021: Permission denied (1100)[22m


[31m  2) [chromium] › member-portal-documentation-actions.e2e.spec.ts:11:5 › MP07 uses the real portal session, upload, current download, and denial boundary [39m

    Error: browserType.launch: Target page, context or browser has been closed
    Browser logs:

    <launching> /Users/amitkallapa/Library/Caches/ms-playwright/chromium_headless_shell-1148/chrome-mac/headless_shell --disable-field-trial-config --disable-background-networking --disable-background-timer-throttling --disable-backgrounding-occluded-windows --disable-back-forward-cache --disable-breakpad --disable-client-side-phishing-detection --disable-component-extensions-with-background-pages --disable-component-update --no-default-browser-check --disable-default-apps --disable-dev-shm-usage --disable-extensions --disable-features=ImprovedCookieControls,LazyFrameLoading,GlobalMediaControls,DestroyProfileOnBrowserClose,MediaRouter,DialMediaRouteProvider,AcceptCHFrame,AutoExpandDetailsElement,CertificateTransparencyComponentUpdater,AvoidUnnecessaryBeforeUnloadCheckSync,Translate,HttpsUpgrades,PaintHolding,ThirdPartyStoragePartitioning,LensOverlay,PlzDedicatedWorker --allow-pre-commit-input --disable-hang-monitor --disable-ipc-flooding-protection --disable-popup-blocking --disable-prompt-on-repost --disable-renderer-backgrounding --force-color-profile=srgb --metrics-recording-only --no-first-run --enable-automation --password-store=basic --use-mock-keychain --no-service-autorun --export-tagged-pdf --disable-search-engine-choice-screen --unsafely-disable-devtools-self-xss-warnings --enable-use-zoom-for-dsf=false --use-angle --headless --hide-scrollbars --mute-audio --blink-settings=primaryHoverType=2,availableHoverTypes=2,primaryPointerType=4,availablePointerTypes=4 --no-sandbox --user-data-dir=/var/folders/zq/3s8051dx39q0tk8whcqx44y00000gn/T/playwright_chromiumdev_profile-n5byZS --remote-debugging-pipe --no-startup-window
    <launched> pid=17029
    [pid=17029][err] [0715/195331.669356:ERROR:thermal_state_observer_mac.mm(88)] ThermalStateObserverMac unable to register to power notifications. Result: 9
    [pid=17029][err] [0715/195331.671092:ERROR:dns_config_service_posix.cc(142)] DNS config watch failed to start.
    [pid=17029][err] [0715/195331.671700:FATAL:mach_port_rendezvous.cc(399)] Check failed: kr == KERN_SUCCESS. bootstrap_check_in org.chromium.Chromium.MachPortRendezvousServer.17029: Permission denied (1100)
    Call log:
    [2m  - <launching> /Users/amitkallapa/Library/Caches/ms-playwright/chromium_headless_shell-1148/chrome-mac/headless_shell --disable-field-trial-config --disable-background-networking --disable-background-timer-throttling --disable-backgrounding-occluded-windows --disable-back-forward-cache --disable-breakpad --disable-client-side-phishing-detection --disable-component-extensions-with-background-pages --disable-component-update --no-default-browser-check --disable-default-apps --disable-dev-shm-usage --disable-extensions --disable-features=ImprovedCookieControls,LazyFrameLoading,GlobalMediaControls,DestroyProfileOnBrowserClose,MediaRouter,DialMediaRouteProvider,AcceptCHFrame,AutoExpandDetailsElement,CertificateTransparencyComponentUpdater,AvoidUnnecessaryBeforeUnloadCheckSync,Translate,HttpsUpgrades,PaintHolding,ThirdPartyStoragePartitioning,LensOverlay,PlzDedicatedWorker --allow-pre-commit-input --disable-hang-monitor --disable-ipc-flooding-protection --disable-popup-blocking --disable-prompt-on-repost --disable-renderer-backgrounding --force-color-profile=srgb --metrics-recording-only --no-first-run --enable-automation --password-store=basic --use-mock-keychain --no-service-autorun --export-tagged-pdf --disable-search-engine-choice-screen --unsafely-disable-devtools-self-xss-warnings --enable-use-zoom-for-dsf=false --use-angle --headless --hide-scrollbars --mute-audio --blink-settings=primaryHoverType=2,availableHoverTypes=2,primaryPointerType=4,availablePointerTypes=4 --no-sandbox --user-data-dir=/var/folders/zq/3s8051dx39q0tk8whcqx44y00000gn/T/playwright_chromiumdev_profile-n5byZS --remote-debugging-pipe --no-startup-window[22m
    [2m  - <launched> pid=17029[22m
    [2m  - [pid=17029][err] [0715/195331.669356:ERROR:thermal_state_observer_mac.mm(88)] ThermalStateObserverMac unable to register to power notifications. Result: 9[22m
    [2m  - [pid=17029][err] [0715/195331.671092:ERROR:dns_config_service_posix.cc(142)] DNS config watch failed to start.[22m
    [2m  - [pid=17029][err] [0715/195331.671700:FATAL:mach_port_rendezvous.cc(399)] Check failed: kr == KERN_SUCCESS. bootstrap_check_in org.chromium.Chromium.MachPortRendezvousServer.17029: Permission denied (1100)[22m


[31m  2 failed[39m
[31m    [chromium] › member-portal-deficiency-response.e2e.spec.ts:11:5 › MP11 uploads and resubmits through the real Django lifecycle boundary [39m
[31m    [chromium] › member-portal-documentation-actions.e2e.spec.ts:11:5 › MP07 uses the real portal session, upload, current download, and denial boundary [39m
