Creating test database for alias 'default' ('file:memorydb_default?mode=memory&cache=shared')...
Operations to perform:
  Synchronize unmigrated apps: corsheaders
  Apply all migrations: applications, approvals, communications, configurations, contenttypes, credit, disbursements, documents, finance, identity, legal_documents, loans, members, sap_workflow, scheduler, security_instruments, tracer, workflows
Synchronizing apps without migrations:
  Creating tables...
    Running deferred SQL...
Running migrations:
  Applying identity.0001_initial... OK
  Applying identity.0002_permission_rolepermission_and_more... OK
  Applying tracer.0001_initial... OK
  Applying workflows.0001_canonical_workflow_event... OK
  Applying members.0001_initial... OK
  Applying members.0002_profile_shells... OK
  Applying members.0003_individual_profile_details... OK
  Applying members.0004_nominee... OK
  Applying members.0005_shareholding_and_more... OK
  Applying members.0006_landholding_cropplan_and_more... OK
  Applying documents.0001_initial... OK
  Applying members.0007_kycprofile_kycdocument_and_more... OK
  Applying members.0008_cancelledcheque_bankaccount_and_more... OK
  Applying identity.0003_portal_member_auth... OK
  Applying members.0009_member_identity_governance... OK
  Applying members.0010_member_identity_change_request... OK
  Applying members.0011_producesupplyrecord... OK
  Applying members.0012_memberserviceevidence_activememberstatus_and_more... OK
  Applying members.0013_memberserviceevidence_maker_users_and_more... OK
  Applying members.0014_remove_memberscopeassignment_uniq_member_scope_assignment_and_more... OK
  Applying documents.0002_documenttemplate... OK
  Applying documents.0003_documenttemplateidentity... OK
  Applying applications.0001_initial... OK
  Applying documents.0004_loandocument... OK
  Applying legal_documents.0001_transfer_loan_document_owner... OK
  Applying legal_documents.0002_document_checklists... OK
  Applying legal_documents.0003_loan_document_renderer_provenance... OK
  Applying legal_documents.0004_checklistitem_notarisation_status_and_more... OK
  Applying legal_documents.0005_signature_records... OK
  Applying legal_documents.0006_stamp_notary_preparer_identity... OK
  Applying legal_documents.0007_signature_capture_maker... OK
  Applying applications.0002_loanapplication_submitted_by_user... OK
  Applying applications.0003_systemsequence_loanrequestregisterentry... OK
  Applying applications.0004_applicationdocument_and_more... OK
  Applying applications.0005_application_deficiency... OK
  Applying applications.0006_rejection_note... OK
  Applying applications.0007_eligibilityassessment... OK
  Applying applications.0008_loanlimitassessment... OK
  Applying applications.0009_loan_limit_policy_snapshot... OK
  Applying applications.0010_loanapplication_nominee... OK
  Applying legal_documents.0008_securitypackage_powerofattorney_and_more... OK
  Applying legal_documents.0009_loandocument_verification_remarks... OK
  Applying legal_documents.0010_stage4_maker_checker_constraints... OK
  Applying legal_documents.0011_final_documentation_approval_sequence... OK
  Applying legal_documents.0012_portal_documentation_submission... OK
  Applying configurations.0001_initial... OK
  Applying configurations.0002_version_history_approval_evidence... OK
  Applying applications.0011_witness... OK
  Applying applications.0012_witness_verification_evidence... OK
  Applying applications.0013_witness_correction... OK
  Applying applications.0014_witness_contact_fields... OK
  Applying applications.0015_applicationdeficiencyresponse... OK
  Applying applications.0016_bankverificationdecision_and_more... OK
  Applying applications.0017_bank_decision_terminal_sanction_snapshots... OK
  Applying communications.0001_initial... OK
  Applying communications.0002_communication... OK
  Applying communications.0003_notification... OK
  Applying credit.0001_credit_assessment_model_ownership... OK
  Applying credit.0002_riskassessment_loanappraisalnote... OK
  Applying credit.0003_appraisal_prerequisite_snapshots... OK
  Applying credit.0004_appraisal_review_facts... OK
  Applying credit.0005_appraisalreviewdecision... OK
  Applying credit.0006_legacy_appraisal_history_remediation... OK
  Applying credit.0007_eligibility_active_member_snapshot... OK
  Applying approvals.0001_initial... OK
  Applying approvals.0002_approvalcase_workflow_event... OK
  Applying approvals.0003_approvalmatrixrule_sanctioncommittee... OK
  Applying approvals.0004_approval_configuration_history_constraints... OK
  Applying approvals.0005_approvalconfigurationproposal... OK
  Applying approvals.0006_approvalcase_configuration_snapshot... OK
  Applying approvals.0007_approvalcase_enrichment_snapshot... OK
  Applying approvals.0008_approvalaction... OK
  Applying approvals.0009_sanction_decision_and_case_closure... OK
  Applying approvals.0010_approvalcasereadscopegrant_and_more... OK
  Applying approvals.0011_approvalcase_appraisal_facts_json_and_more... OK
  Applying approvals.0012_approvalconflictdeclaration_and_more... OK
  Applying approvals.0013_conflict_projection_scope_closure... OK
  Applying approvals.0014_exceptionregisterentry_and_more... OK
  Applying approvals.0015_generalmeetingapproval_and_more... OK
  Applying approvals.0016_creditsanctionregisterentry... OK
  Applying approvals.0017_exceptionregisterentry_supporting_documents_json... OK
  Applying approvals.0018_creditsanctionregisterentry_source_review_facts_json... OK
  Applying approvals.0019_register_source_facts... OK
  Applying approvals.0020_approvalaction_approver_display_name... OK
  Applying documents.0005_deterministic_document_template_constraints... OK
  Applying finance.0001_initial... OK
  Applying finance.0002_sap_customer_code_confirmation... OK
  Applying finance.0003_sap_delivery_replay_contract... OK
  Applying loans.0001_initial... OK
  Applying legal_documents.0013_application_evidence_state_anchor... OK
  Applying legal_documents.0014_staff_documentation_durable_actions... OK
  Applying disbursements.0001_initial... OK
  Applying disbursements.0002_cfc_authorisation_evidence... OK
  Applying disbursements.0003_authorisation_aggregate_integrity... OK
  Applying disbursements.0004_transfer_success... OK
  Applying disbursements.0005_disbursementadviceintent_loanregisterupdate_and_more... OK
  Applying disbursements.0006_disbursementadvicedeliveryreceipt_and_more... OK
  Applying disbursements.0007_remove_disbursement_disb_success_evidence_complete_and_more... OK
  Applying communications.0004_advice_outbox_and_receipt_owner... OK
  Applying communications.0005_advice_evidence_and_legacy_replay_closure... OK
  Applying communications.0006_communication_delivery_job... OK
  Applying communications.0007_portal_advice_download_capability... OK
  Applying communications.0008_legacy_template_provenance_closure... OK
  Applying communications.0009_generic_delivery_job_identity... OK
  Applying communications.0010_worker_claim_lease_and_recovery... OK
  Applying communications.0011_communication_exception_queue... OK
  Applying communications.0012_generic_provider_evidence... OK
  Applying configurations.0003_source_bank_account_governance... OK
  Applying configurations.0004_source_bank_governance_history... OK
  Applying configurations.0005_source_bank_reviewable_rationale... OK
  Applying contenttypes.0001_initial... OK
  Applying contenttypes.0002_remove_content_type_name... OK
  Applying legal_documents.0015_checklist_constraint_state_owner_anchor... OK
  Applying sap_workflow.0001_sap_model_owner_state... OK
  Rendering model states... DONE
  Applying scheduler.0001_initial... OK
  Applying security_instruments.0001_transfer_security_ownership... OK
  Applying security_instruments.0002_sh4sharetransferform_and_more... OK
  Applying security_instruments.0003_cdslsharepledge_and_more... OK
  Applying security_instruments.0004_migrate_cdsl_field_encryption... OK
  Applying security_instruments.0005_blankdatedcheque_and_more... OK
  Applying security_instruments.0006_migrate_opaque_field_tokens... OK
  Applying tracer.0002_remove_tracer_workflowevent_state... OK
test_blank_required_snapshot_is_not_verified (__main__.IncompleteQueuedSnapshotProbe.test_blank_required_snapshot_is_not_verified) ... FAIL
test_generic_exception_rejects_advice_only_permission_on_read (__main__.ExceptionJobAuthorityProbe.test_generic_exception_rejects_advice_only_permission_on_read) ... FAIL
test_generic_exception_rejects_advice_only_permission_on_resolution (__main__.ExceptionJobAuthorityProbe.test_generic_exception_rejects_advice_only_permission_on_resolution) ... FAIL

======================================================================
FAIL: test_blank_required_snapshot_is_not_verified (__main__.IncompleteQueuedSnapshotProbe.test_blank_required_snapshot_is_not_verified)
----------------------------------------------------------------------
Traceback (most recent call last):
  File "/Users/amitkallapa/LMS/.ralph/worktrees/2026-07-19_020758_normal_run/.ralph/runs/2026-07-19_014802_architecture_review/evidence/review-probes/review_contract_probes.py", line 80, in test_blank_required_snapshot_is_not_verified
    self.assertEqual(migrated.template_provenance_status, "legacy_partial")
AssertionError: 'verified' != 'legacy_partial'
- verified
+ legacy_partial


======================================================================
FAIL: test_generic_exception_rejects_advice_only_permission_on_read (__main__.ExceptionJobAuthorityProbe.test_generic_exception_rejects_advice_only_permission_on_read)
----------------------------------------------------------------------
Traceback (most recent call last):
  File "/Users/amitkallapa/LMS/.ralph/worktrees/2026-07-19_020758_normal_run/.ralph/runs/2026-07-19_014802_architecture_review/evidence/review-probes/review_contract_probes.py", line 128, in test_generic_exception_rejects_advice_only_permission_on_read
    self.assertEqual(response.status_code, 403, response.content)
AssertionError: 200 != 403 : b'{"success": true, "data": {"communication_exception_id": "25942ba2-b188-49b7-9c6d-0bca796573bd", "provider_code": "sfpcl_credit.communications.adapters.ManualEmailDeliveryAdapter", "job_type": "generic", "related_entity_type": "loan_application", "related_entity_id": "e6a925dc-5c3d-44ac-a2c1-91ca623557b4", "last_error_code": "worker_crash", "retry_count": 3, "assigned_owner": "current_user", "resolution_action": null, "resolved_by": null, "resolved_at": null, "resolution_version": 1}, "meta": {"request_id": null, "timestamp": "2026-07-18T20:40:57.836220Z", "api_version": "v1"}}'

======================================================================
FAIL: test_generic_exception_rejects_advice_only_permission_on_resolution (__main__.ExceptionJobAuthorityProbe.test_generic_exception_rejects_advice_only_permission_on_resolution)
----------------------------------------------------------------------
Traceback (most recent call last):
  File "/Users/amitkallapa/LMS/.ralph/worktrees/2026-07-19_020758_normal_run/.ralph/runs/2026-07-19_014802_architecture_review/evidence/review-probes/review_contract_probes.py", line 138, in test_generic_exception_rejects_advice_only_permission_on_resolution
    self.assertEqual(response.status_code, 403, response.content)
AssertionError: 200 != 403 : b'{"success": true, "data": {"communication_exception_id": "1fda5e35-01ac-4fc0-905b-edbaa30eda16", "provider_code": "sfpcl_credit.communications.adapters.ManualEmailDeliveryAdapter", "job_type": "generic", "related_entity_type": "loan_application", "related_entity_id": "a27f99d0-d724-4982-8563-d1c6c9258547", "last_error_code": "worker_crash", "retry_count": 3, "assigned_owner": "current_user", "resolution_action": "manual_closed", "resolved_by": "current_user", "resolved_at": "2026-07-18T20:40:58.423598Z", "resolution_version": 2}, "meta": {"request_id": null, "timestamp": "2026-07-18T20:40:58.424741Z", "api_version": "v1"}}'

----------------------------------------------------------------------
Ran 3 tests in 5.221s

FAILED (failures=3)
Destroying test database for alias 'default' ('file:memorydb_default?mode=memory&cache=shared')...
