Command:
RALPH_EVIDENCE_DIR=/Users/amitkallapa/LMS/.ralph/worktrees/2026-07-13_014006_normal_run/.ralph/runs/2026-07-13_023437_repair/evidence/screenshots E2E_DJANGO_PYTHON=/Users/amitkallapa/LMS/.ralph/venv/bin/python npm run e2e -- e2e/portal-application-limit-authority.e2e.spec.ts

Working directory: sfpcl-lms/


> sfpcl-lms@1.0.0 e2e
> playwright test e2e/portal-application-limit-authority.e2e.spec.ts

[2m[WebServer] [22m[12/Jul/2026 21:12:56] "GET /api/v1/health/ready/ HTTP/1.1" 200 202
[2m[WebServer] [22m[33mThe CJS build of Vite's Node API is deprecated. See https://vite.dev/guide/troubleshooting.html#vite-cjs-node-api-deprecated for more details.[39m

Running 4 tests using 1 worker

  ✘  1 [chromium] › portal-application-limit-authority.e2e.spec.ts:10:5 › available projection renders only the three server amounts (1.7s)
  ✓  2 [chromium] › portal-application-limit-authority.e2e.spec.ts:21:5 › unavailable projection has no invented zero or internal reason (1.5s)
  ✓  3 [chromium] › portal-application-limit-authority.e2e.spec.ts:30:5 › over-limit advisory is derived only from the server flag (1.2s)
  ✓  4 [chromium] › portal-application-limit-authority.e2e.spec.ts:37:5 › review repeats the canonical server maximum without recalculation (1.3s)


  1) [chromium] › portal-application-limit-authority.e2e.spec.ts:10:5 › available projection renders only the three server amounts 

    Error: [2mexpect([22m[31mreceived[39m[2m).[22mtoEqual[2m([22m[32mexpected[39m[2m) // deep equality[22m

    [32m- Expected  - 0[39m
    [31m+ Received  + 5[39m

    [33m@@ -2,6 +2,11 @@[39m
    [2m    Object {[22m
    [2m      "body": null,[22m
    [2m      "method": "GET",[22m
    [2m      "url": "/api/v1/portal/application-limit-projection/?requested_amount=500000",[22m
    [2m    },[22m
    [31m+   Object {[39m
    [31m+     "body": null,[39m
    [31m+     "method": "GET",[39m
    [31m+     "url": "/api/v1/portal/application-limit-projection/?requested_amount=500000",[39m
    [31m+   },[39m
    [2m  ][22m

      14 |   await expect(page.getByText('₹1,50,000')).toBeVisible();
      15 |   await expect(page.getByText('₹90,000')).toHaveCount(2);
    > 16 |   expect(requests).toEqual([{ method: 'GET', url: '/api/v1/portal/application-limit-projection/?requested_amount=500000', body: null }]);
         |                    ^
      17 |   await expect(page.getByText(/PRIVATE|evidence|staff action|authority id/i)).toHaveCount(0);
      18 |   await page.screenshot({ path: path.join(evidenceRoot, 'portal-limit-available.png'), fullPage: true });
      19 | });
        at /Users/amitkallapa/LMS/.ralph/worktrees/2026-07-13_014006_normal_run/sfpcl-lms/e2e/portal-application-limit-authority.e2e.spec.ts:16:20

  1 failed
    [chromium] › portal-application-limit-authority.e2e.spec.ts:10:5 › available projection renders only the three server amounts 
  3 passed (10.1s)

Exit code: 1
