diff --git a/sfpcl_credit/identity/admin_views.py b/sfpcl_credit/identity/admin_views.py
index 7c2805c..36df554 100644
--- a/sfpcl_credit/identity/admin_views.py
+++ b/sfpcl_credit/identity/admin_views.py
@@ -6,7 +6,8 @@ from sfpcl_credit.identity.modules import admin_users, auth_service
 from sfpcl_credit.identity.modules.tokens import TokenError
 
 
-def _authenticated_admin(request):
+def _authenticate_session(request):
+    """Validate the bearer session only (401 cases); no permission enforcement."""
     authorization = request.headers.get("Authorization", "")
     if not authorization:
         return None, error_response(
@@ -21,14 +22,35 @@ def _authenticated_admin(request):
         session = auth_service.validate_access_session(parts[1])
     except TokenError as exc:
         return None, error_response(request, 401, exc.code, exc.message)
-    if not admin_users.has_manage_users_permission(session.user):
-        return None, error_response(
+    return session.user, None
+
+
+def _authorize(request, user, required_codes):
+    """Enforce that the user holds one of the action's canonical permissions."""
+    if not admin_users.user_has_action_permission(user, required_codes):
+        return error_response(
             request,
             403,
             "PERMISSION_DENIED",
-            "User management permission is required.",
+            "You do not have permission to perform this user-management action.",
         )
-    return session.user, None
+    return None
+
+
+def _authenticated_admin(request, required_codes):
+    """Authenticate the session, then enforce the action's canonical permission.
+
+    `required_codes` is the set of user-admin permissions any one of which authorises
+    this specific action (read/assignment/suspend/restore), so a partial user-admin
+    role cannot perform actions it does not explicitly hold.
+    """
+    user, response = _authenticate_session(request)
+    if response is not None:
+        return None, response
+    response = _authorize(request, user, required_codes)
+    if response is not None:
+        return None, response
+    return user, None
 
 
 def _json(request):
@@ -56,7 +78,7 @@ def _service_error(request, exc):
 
 @require_GET
 def user_list(request):
-    _actor, response = _authenticated_admin(request)
+    _actor, response = _authenticated_admin(request, admin_users.READ_USERS_PERMISSION_CODES)
     if response is not None:
         return response
     data, pagination = admin_users.paginated_users(
@@ -68,7 +90,7 @@ def user_list(request):
 
 @require_GET
 def user_detail(request, user_id):
-    _actor, response = _authenticated_admin(request)
+    _actor, response = _authenticated_admin(request, admin_users.READ_USERS_PERMISSION_CODES)
     if response is not None:
         return response
     try:
@@ -80,7 +102,7 @@ def user_detail(request, user_id):
 
 @require_http_methods(["POST"])
 def assign_role(request, user_id):
-    actor, response = _authenticated_admin(request)
+    actor, response = _authenticated_admin(request, admin_users.ASSIGNMENT_PERMISSION_CODES)
     if response is not None:
         return response
     data, response = _json(request)
@@ -95,7 +117,7 @@ def assign_role(request, user_id):
 
 @require_http_methods(["POST"])
 def add_team(request, user_id):
-    actor, response = _authenticated_admin(request)
+    actor, response = _authenticated_admin(request, admin_users.ASSIGNMENT_PERMISSION_CODES)
     if response is not None:
         return response
     data, response = _json(request)
@@ -110,7 +132,7 @@ def add_team(request, user_id):
 
 @require_http_methods(["DELETE"])
 def remove_team(request, user_id, team_code):
-    actor, response = _authenticated_admin(request)
+    actor, response = _authenticated_admin(request, admin_users.ASSIGNMENT_PERMISSION_CODES)
     if response is not None:
         return response
     try:
@@ -122,14 +144,19 @@ def remove_team(request, user_id, team_code):
 
 @require_http_methods(["PATCH"])
 def set_status(request, user_id):
-    actor, response = _authenticated_admin(request)
+    actor, response = _authenticate_session(request)
     if response is not None:
         return response
     data, response = _json(request)
+    if response is not None:
+        return response
+    status = data.get("status")
+    # Suspend requires users.user.disable; restore-to-active requires users.user.update.
+    response = _authorize(request, actor, admin_users.status_permission_codes(status))
     if response is not None:
         return response
     try:
-        payload = admin_users.set_status(actor, request, user_id, data.get("status"))
+        payload = admin_users.set_status(actor, request, user_id, status)
     except (ValidationError, ObjectDoesNotExist) as exc:
         return _service_error(request, exc)
     return success_response(payload, request)
diff --git a/sfpcl_credit/identity/modules/admin_users.py b/sfpcl_credit/identity/modules/admin_users.py
index 59eace4..a952d90 100644
--- a/sfpcl_credit/identity/modules/admin_users.py
+++ b/sfpcl_credit/identity/modules/admin_users.py
@@ -9,16 +9,55 @@ from sfpcl_credit.identity.modules import auth_service
 from sfpcl_credit.identity.models import AuditLog, Role, Team, User, UserSession, UserTeamMembership
 
 
+# Canonical user-admin permission codes (auth-permissions.md §12.1). Each is a
+# distinct risk-rated permission, so admin actions are gated action-by-action rather
+# than treating any single grant as full user-management authority.
+CREATE_USER_PERMISSION = "users.user.create"
+UPDATE_USER_PERMISSION = "users.user.update"
+DISABLE_USER_PERMISSION = "users.user.disable"
+READ_USER_PERMISSION = "users.user.read"
+
+# Any write user-admin grant. Retained as the frontend->prototype `manage_users`
+# mapping set and as the read fallback below.
 MANAGE_USERS_PERMISSION_CODES = {
-    "users.user.create",
-    "users.user.update",
-    "users.user.disable",
+    CREATE_USER_PERMISSION,
+    UPDATE_USER_PERMISSION,
+    DISABLE_USER_PERMISSION,
 }
+
+# List/detail read. §19 maps `/settings/users` to `users.user.read`, but the seeded
+# `system_admin` role holds create/update/disable and NOT `users.user.read`
+# (catalogue.py), so read also accepts any write user-admin grant to preserve current
+# access. Compatibility recorded in ASSUMPTIONS A-015.
+READ_USERS_PERMISSION_CODES = {READ_USER_PERMISSION} | MANAGE_USERS_PERMISSION_CODES
+
+# Role/team assignment changes are updates (§12.1 `users.user.update`).
+ASSIGNMENT_PERMISSION_CODES = {UPDATE_USER_PERMISSION}
+
+# Suspending a user is a disable action; restoring to active is an update.
+SUSPEND_PERMISSION_CODES = {DISABLE_USER_PERMISSION}
+RESTORE_PERMISSION_CODES = {UPDATE_USER_PERMISSION}
+
 ADMIN_SETTABLE_STATUSES = {"active", "suspended"}
 
 
-def has_manage_users_permission(user):
-    return bool(MANAGE_USERS_PERMISSION_CODES.intersection(auth_service.effective_permission_codes(user)))
+def user_has_action_permission(user, required_codes):
+    """True when the user holds at least one of the required canonical permissions."""
+    return bool(set(required_codes).intersection(auth_service.effective_permission_codes(user)))
+
+
+def status_permission_codes(status):
+    """Required permission codes for a set_status request.
+
+    Suspend requires disable; restore-to-active requires update. An unknown status
+    accepts either write grant so the service returns its `400 VALIDATION_ERROR` for
+    the bad value instead of masking it behind a `403`.
+    """
+    if status == "suspended":
+        return SUSPEND_PERMISSION_CODES
+    if status == "active":
+        return RESTORE_PERMISSION_CODES
+    return SUSPEND_PERMISSION_CODES | RESTORE_PERMISSION_CODES
 
 
 def admin_user_payload(user):
@@ -235,15 +274,18 @@ def validation_field_errors(exc):
 
 
 __all__ = [
+    "ASSIGNMENT_PERMISSION_CODES",
     "ObjectDoesNotExist",
+    "READ_USERS_PERMISSION_CODES",
     "ValidationError",
     "add_team",
     "admin_user_payload",
     "assign_role",
     "get_user",
-    "has_manage_users_permission",
     "paginated_users",
     "remove_team",
     "set_status",
+    "status_permission_codes",
+    "user_has_action_permission",
     "validation_field_errors",
 ]
