diff --git a/sfpcl_credit/identity/management/commands/seed_demo_users.py b/sfpcl_credit/identity/management/commands/seed_demo_users.py
new file mode 100644
index 0000000..5da6c2d
--- /dev/null
+++ b/sfpcl_credit/identity/management/commands/seed_demo_users.py
@@ -0,0 +1,196 @@
+import os
+
+from django.core.management.base import BaseCommand, CommandError
+from django.db import transaction
+
+from sfpcl_credit.identity.catalogue import seed_catalogue
+from sfpcl_credit.identity.models import (
+    Permission,
+    Role,
+    RolePermission,
+    Team,
+    User,
+    UserTeamMembership,
+)
+
+
+DEMO_PASSWORD = "DemoStaff123!"
+TRACER_PERMISSION_CODE = "tracer.lifecycle.run"
+
+DEMO_USERS = [
+    {
+        "email": "demo.system_admin@sfpcl.example",
+        "full_name": "Demo System Administrator",
+        "role_code": "system_admin",
+        "team_codes": ["it"],
+    },
+    {
+        "email": "demo.credit_manager@sfpcl.example",
+        "full_name": "Demo Credit Manager",
+        "role_code": "credit_manager",
+        "team_codes": ["credit_assessment"],
+    },
+    {
+        "email": "demo.compliance@sfpcl.example",
+        "full_name": "Demo Compliance User",
+        "role_code": "compliance_team_member",
+        "team_codes": ["compliance"],
+    },
+    {
+        "email": "demo.treasury@sfpcl.example",
+        "full_name": "Demo Treasury Finance User",
+        "role_code": "senior_manager_finance",
+        "team_codes": ["treasury"],
+    },
+    {
+        "email": "demo.internal_auditor@sfpcl.example",
+        "full_name": "Demo Internal Auditor",
+        "role_code": "internal_auditor",
+        "team_codes": ["audit"],
+    },
+    {
+        "email": "demo.tracer@sfpcl.example",
+        "full_name": "Demo Tracer User",
+        "role_code": "sales_team_user",
+        "team_codes": ["sales"],
+        "exact_permission_codes": [TRACER_PERMISSION_CODE],
+    },
+    {
+        "email": "demo.zero@sfpcl.example",
+        "full_name": "Demo Zero Permission User",
+        "role_code": "management_viewer",
+        "team_codes": [],
+        "exact_permission_codes": [],
+    },
+]
+
+
+class Command(BaseCommand):
+    help = (
+        "Idempotently seed deterministic local/demo staff users. Refuses to run "
+        "unless SFPCL_DEBUG=true and SFPCL_ALLOW_DEMO_SEED=true."
+    )
+
+    @transaction.atomic
+    def handle(self, *args, **options):
+        self._enforce_demo_guard()
+        seed_catalogue()
+        self._ensure_tracer_permission()
+
+        seeded = []
+        for spec in DEMO_USERS:
+            role = self._required_active_role(spec["role_code"])
+            self._enforce_exact_role_permissions(
+                role, spec.get("exact_permission_codes")
+            )
+            teams = [self._required_active_team(code) for code in spec["team_codes"]]
+            user = self._ensure_user(spec, role)
+            self._sync_memberships(user, teams)
+            seeded.append(user.email)
+
+        self.stdout.write(
+            "Demo users seeded: "
+            + ", ".join(seeded)
+            + " (predictable local/dev password set; do not use in production)."
+        )
+
+    @staticmethod
+    def _env_true(name):
+        return os.environ.get(name, "").strip().lower() in {"1", "true", "yes", "on"}
+
+    @classmethod
+    def _enforce_demo_guard(cls):
+        if not cls._env_true("SFPCL_DEBUG") or not cls._env_true(
+            "SFPCL_ALLOW_DEMO_SEED"
+        ):
+            raise CommandError(
+                "seed_demo_users is for local/demo databases only. "
+                "Set SFPCL_DEBUG=true and SFPCL_ALLOW_DEMO_SEED=true to run it."
+            )
+
+    @staticmethod
+    def _ensure_tracer_permission():
+        permission, _created = Permission.objects.update_or_create(
+            permission_code=TRACER_PERMISSION_CODE,
+            defaults={
+                "permission_name": "Run MVP tracer",
+                "module_name": "tracer",
+                "risk_level": Permission.RISK_HIGH,
+            },
+        )
+        tracer_role = Command._required_active_role("sales_team_user")
+        RolePermission.objects.get_or_create(role=tracer_role, permission=permission)
+
+    @staticmethod
+    def _required_active_role(role_code):
+        try:
+            role = Role.objects.get(role_code=role_code)
+        except Role.DoesNotExist as exc:
+            raise CommandError(
+                f"Required role '{role_code}' is missing. Run seed_role_catalogue first."
+            ) from exc
+        if role.status != "active":
+            raise CommandError(f"Required role '{role_code}' is not active.")
+        return role
+
+    @staticmethod
+    def _required_active_team(team_code):
+        try:
+            team = Team.objects.get(team_code=team_code)
+        except Team.DoesNotExist as exc:
+            raise CommandError(
+                f"Required team '{team_code}' is missing. Run seed_role_catalogue first."
+            ) from exc
+        if team.status != "active":
+            raise CommandError(f"Required team '{team_code}' is not active.")
+        return team
+
+    @staticmethod
+    def _enforce_exact_role_permissions(role, expected_codes):
+        if expected_codes is None:
+            return
+        actual_codes = set(
+            Permission.objects.filter(role_permissions__role=role).values_list(
+                "permission_code", flat=True
+            )
+        )
+        if actual_codes != set(expected_codes):
+            raise CommandError(
+                f"Role '{role.role_code}' must have exactly "
+                f"{sorted(expected_codes)} for demo seeding; found {sorted(actual_codes)}."
+            )
+
+    @staticmethod
+    def _ensure_user(spec, role):
+        user, _created = User.objects.get_or_create(
+            email=spec["email"],
+            defaults={
+                "full_name": spec["full_name"],
+                "status": User.ACTIVE_STATUS,
+                "primary_role": role,
+            },
+        )
+        user.full_name = spec["full_name"]
+        user.primary_role = role
+        user.status = User.ACTIVE_STATUS
+        user.set_password(DEMO_PASSWORD)
+        user.save()
+        return user
+
+    @staticmethod
+    def _sync_memberships(user, teams):
+        target_team_ids = {team.team_id for team in teams}
+        UserTeamMembership.objects.filter(user=user).exclude(
+            team_id__in=target_team_ids
+        ).update(status="inactive")
+
+        for team in teams:
+            membership, _created = UserTeamMembership.objects.get_or_create(
+                user=user,
+                team=team,
+                defaults={"status": "active", "team_role": "member"},
+            )
+            if membership.status != "active" or membership.team_role != "member":
+                membership.status = "active"
+                membership.team_role = "member"
+                membership.save(update_fields=["status", "team_role"])
diff --git a/sfpcl_credit/tests/test_seed_demo_users.py b/sfpcl_credit/tests/test_seed_demo_users.py
new file mode 100644
index 0000000..c346ae2
--- /dev/null
+++ b/sfpcl_credit/tests/test_seed_demo_users.py
@@ -0,0 +1,256 @@
+from unittest.mock import patch
+
+from django.core.management import call_command
+from django.core.management.base import CommandError
+from django.test import TestCase
+
+from sfpcl_credit.identity.models import (
+    AuditLog,
+    Permission,
+    RolePermission,
+    User,
+    UserTeamMembership,
+)
+from sfpcl_credit.tests.api_contracts import (
+    assert_error_envelope,
+    assert_pagination_shape,
+    assert_success_envelope,
+)
+
+
+SYSTEM_ADMIN_EMAIL = "demo.system_admin@sfpcl.example"
+TRACER_EMAIL = "demo.tracer@sfpcl.example"
+ZERO_EMAIL = "demo.zero@sfpcl.example"
+DEMO_PASSWORD = "DemoStaff123!"
+TRACER_PERMISSION = "tracer.lifecycle.run"
+DEMO_EMAILS = [
+    SYSTEM_ADMIN_EMAIL,
+    "demo.credit_manager@sfpcl.example",
+    "demo.compliance@sfpcl.example",
+    "demo.treasury@sfpcl.example",
+    "demo.internal_auditor@sfpcl.example",
+    TRACER_EMAIL,
+    ZERO_EMAIL,
+]
+
+
+class SeedDemoUsersTests(TestCase):
+    """Local demo users must be deterministic without weakening production guards."""
+
+    def test_seed_refuses_without_explicit_demo_guard(self):
+        with self.assertRaisesMessage(CommandError, "SFPCL_ALLOW_DEMO_SEED=true"):
+            call_command("seed_demo_users")
+
+        self.assertFalse(User.objects.filter(email=SYSTEM_ADMIN_EMAIL).exists())
+
+    def test_seed_refuses_when_debug_is_true_but_demo_flag_is_missing(self):
+        with patch.dict("os.environ", {"SFPCL_DEBUG": "true"}, clear=False):
+            with self.assertRaisesMessage(CommandError, "SFPCL_ALLOW_DEMO_SEED=true"):
+                call_command("seed_demo_users")
+
+        self.assertFalse(User.objects.filter(email=SYSTEM_ADMIN_EMAIL).exists())
+
+    def _seed_demo_users(self):
+        with patch.dict(
+            "os.environ",
+            {"SFPCL_DEBUG": "true", "SFPCL_ALLOW_DEMO_SEED": "true"},
+            clear=False,
+        ):
+            call_command("seed_demo_users")
+
+    def _login_access_token(self, email):
+        response = self.client.post(
+            "/api/v1/auth/login/",
+            data={"email": email, "password": DEMO_PASSWORD},
+            content_type="application/json",
+        )
+        self.assertEqual(response.status_code, 200, response.content)
+        assert_success_envelope(self, response.json())
+        return response.json()["data"]["access_token"]
+
+    def test_guarded_seed_creates_expected_demo_users_and_active_memberships(self):
+        self._seed_demo_users()
+
+        users = {
+            user.email: user
+            for user in User.objects.filter(email__in=DEMO_EMAILS).select_related(
+                "primary_role"
+            )
+        }
+        self.assertEqual(set(users), set(DEMO_EMAILS))
+        self.assertEqual(users[SYSTEM_ADMIN_EMAIL].primary_role.role_code, "system_admin")
+        self.assertEqual(
+            users["demo.credit_manager@sfpcl.example"].primary_role.role_code,
+            "credit_manager",
+        )
+        self.assertEqual(
+            users["demo.compliance@sfpcl.example"].primary_role.role_code,
+            "compliance_team_member",
+        )
+        self.assertEqual(
+            users["demo.treasury@sfpcl.example"].primary_role.role_code,
+            "senior_manager_finance",
+        )
+        self.assertEqual(
+            users["demo.internal_auditor@sfpcl.example"].primary_role.role_code,
+            "internal_auditor",
+        )
+        self.assertEqual(users[TRACER_EMAIL].primary_role.role_code, "sales_team_user")
+        self.assertEqual(users[ZERO_EMAIL].primary_role.role_code, "management_viewer")
+        for user in users.values():
+            self.assertEqual(user.status, "active")
+            self.assertEqual(user.primary_role.status, "active")
+            self.assertTrue(user.check_password(DEMO_PASSWORD))
+
+        self.assertEqual(
+            users[SYSTEM_ADMIN_EMAIL].team_codes(),
+            ["it"],
+        )
+        self.assertEqual(
+            users["demo.credit_manager@sfpcl.example"].team_codes(),
+            ["credit_assessment"],
+        )
+        self.assertEqual(
+            users["demo.compliance@sfpcl.example"].team_codes(),
+            ["compliance"],
+        )
+        self.assertEqual(
+            users["demo.treasury@sfpcl.example"].team_codes(),
+            ["treasury"],
+        )
+        self.assertEqual(
+            users["demo.internal_auditor@sfpcl.example"].team_codes(),
+            ["audit"],
+        )
+        self.assertEqual(users[TRACER_EMAIL].team_codes(), ["sales"])
+        self.assertEqual(users[ZERO_EMAIL].team_codes(), [])
+
+    def test_seed_is_idempotent_and_does_not_touch_e2e_users(self):
+        self._seed_demo_users()
+        User.objects.filter(email=SYSTEM_ADMIN_EMAIL).update(status="suspended")
+        UserTeamMembership.objects.filter(user__email=SYSTEM_ADMIN_EMAIL).update(
+            status="inactive"
+        )
+
+        self._seed_demo_users()
+
+        self.assertEqual(User.objects.filter(email__in=DEMO_EMAILS).count(), 7)
+        self.assertFalse(User.objects.filter(email__startswith="e2e.").exists())
+        self.assertEqual(User.objects.filter(email=SYSTEM_ADMIN_EMAIL).count(), 1)
+        self.assertEqual(
+            UserTeamMembership.objects.filter(
+                user__email=SYSTEM_ADMIN_EMAIL,
+                team__team_code="it",
+            ).count(),
+            1,
+        )
+        admin = User.objects.get(email=SYSTEM_ADMIN_EMAIL)
+        self.assertEqual(admin.status, "active")
+        self.assertEqual(admin.team_codes(), ["it"])
+        self.assertEqual(
+            RolePermission.objects.filter(
+                role__role_code="sales_team_user",
+                permission__permission_code=TRACER_PERMISSION,
+            ).count(),
+            1,
+        )
+
+    def test_seeded_system_admin_logs_in_and_satisfies_auth_me_and_admin_list_contracts(self):
+        self._seed_demo_users()
+        access_token = self._login_access_token(SYSTEM_ADMIN_EMAIL)
+
+        me = self.client.get(
+            "/api/v1/auth/me/",
+            headers={"Authorization": f"Bearer {access_token}"},
+        )
+        self.assertEqual(me.status_code, 200, me.content)
+        assert_success_envelope(self, me.json())
+        data = me.json()["data"]
+        self.assertEqual(data["role_codes"], ["system_admin"])
+        self.assertEqual(data["team_codes"], ["it"])
+        self.assertIn("users.user.create", data["permissions"])
+        self.assertIn("users.user.update", data["permissions"])
+        self.assertIn("users.user.disable", data["permissions"])
+        self.assertNotIn("manage_users", data["permissions"])
+
+        users = self.client.get(
+            "/api/v1/admin/users/?page=1&page_size=20",
+            headers={"Authorization": f"Bearer {access_token}"},
+        )
+        self.assertEqual(users.status_code, 200, users.content)
+        assert_pagination_shape(self, users.json())
+
+    def test_seeded_tracer_only_user_has_exact_tracer_permission(self):
+        self._seed_demo_users()
+        access_token = self._login_access_token(TRACER_EMAIL)
+
+        response = self.client.get(
+            "/api/v1/auth/me/",
+            headers={"Authorization": f"Bearer {access_token}"},
+        )
+
+        self.assertEqual(response.status_code, 200, response.content)
+        assert_success_envelope(self, response.json())
+        data = response.json()["data"]
+        self.assertEqual(data["permissions"], [TRACER_PERMISSION])
+        self.assertEqual(data["available_actions"], [TRACER_PERMISSION])
+        self.assertNotIn("users.user.update", data["permissions"])
+        self.assertNotIn("manage_users", data["permissions"])
+
+    def test_seeded_zero_permission_user_has_neutral_auth_me_payload(self):
+        self._seed_demo_users()
+        access_token = self._login_access_token(ZERO_EMAIL)
+
+        response = self.client.get(
+            "/api/v1/auth/me/",
+            headers={"Authorization": f"Bearer {access_token}"},
+        )
+
+        self.assertEqual(response.status_code, 200, response.content)
+        assert_success_envelope(self, response.json())
+        data = response.json()["data"]
+        self.assertEqual(data["permissions"], [])
+        self.assertEqual(data["available_actions"], [])
+        self.assertEqual(data["team_codes"], [])
+
+    def test_login_and_logout_use_existing_auth_audit_path(self):
+        self._seed_demo_users()
+        login = self.client.post(
+            "/api/v1/auth/login/",
+            data={"email": SYSTEM_ADMIN_EMAIL, "password": DEMO_PASSWORD},
+            content_type="application/json",
+        )
+        self.assertEqual(login.status_code, 200, login.content)
+
+        logout = self.client.post(
+            "/api/v1/auth/logout/",
+            data={"refresh_token": login.json()["data"]["refresh_token"]},
+            content_type="application/json",
+        )
+
+        self.assertEqual(logout.status_code, 200, logout.content)
+        self.assertEqual(
+            list(
+                AuditLog.objects.filter(actor_user__email=SYSTEM_ADMIN_EMAIL)
+                .order_by("created_at")
+                .values_list("action", flat=True)
+            ),
+            ["auth.login.succeeded", "auth.logout.succeeded"],
+        )
+
+    def test_read_only_demo_user_gets_standard_permission_denied_for_admin_update(self):
+        self._seed_demo_users()
+        read_only_token = self._login_access_token("demo.internal_auditor@sfpcl.example")
+        target = User.objects.get(email=ZERO_EMAIL)
+
+        response = self.client.post(
+            f"/api/v1/admin/users/{target.user_id}/roles/",
+            data={"role_code": "credit_manager"},
+            content_type="application/json",
+            headers={"Authorization": f"Bearer {read_only_token}"},
+        )
+
+        self.assertEqual(response.status_code, 403, response.content)
+        assert_error_envelope(self, response.json(), "PERMISSION_DENIED")
+        target.refresh_from_db()
+        self.assertEqual(target.primary_role.role_code, "management_viewer")
