Creating test database for alias 'default'...
Found 50 test(s).
System check identified no issues (0 silenced).
Catalogue seeded: 189 permissions, 20 roles, 8 teams, 259 role-permission links.
Epic 009 E2E fixture seeded: completed SAP, sanctioned blocked account, Credit Manager, Senior Finance, and CFC actors.
Epic 009 E2E fixture already seeded.
..E2E users seeded: e2e.tracer@sfpcl.example (role e2e_tracer, permission tracer.lifecycle.run); e2e.zero@sfpcl.example (role it_head, no permissions). Credit fixture: LOE2E00601, e2e.credit.finance@sfpcl.example, e2e.credit.manager@sfpcl.example.
.E2E users seeded: e2e.tracer@sfpcl.example (role e2e_tracer, permission tracer.lifecycle.run); e2e.zero@sfpcl.example (role it_head, no permissions). Credit fixture: LOE2E00601, e2e.credit.finance@sfpcl.example, e2e.credit.manager@sfpcl.example.
.E2E users seeded: e2e.tracer@sfpcl.example (role e2e_tracer, permission tracer.lifecycle.run); e2e.zero@sfpcl.example (role it_head, no permissions). Credit fixture: LOE2E00601, e2e.credit.finance@sfpcl.example, e2e.credit.manager@sfpcl.example.
.Catalogue seeded: 189 permissions, 20 roles, 8 teams, 259 role-permission links.
E2E users seeded: e2e.tracer@sfpcl.example (role e2e_tracer, permission tracer.lifecycle.run); e2e.zero@sfpcl.example (role it_head, no permissions). Credit fixture: LOE2E00601, e2e.credit.finance@sfpcl.example, e2e.credit.manager@sfpcl.example.
E2E users seeded: e2e.tracer@sfpcl.example (role e2e_tracer, permission tracer.lifecycle.run); e2e.zero@sfpcl.example (role it_head, no permissions). Credit fixture: LOE2E00601, e2e.credit.finance@sfpcl.example, e2e.credit.manager@sfpcl.example.
.E2E users seeded: e2e.tracer@sfpcl.example (role e2e_tracer, permission tracer.lifecycle.run); e2e.zero@sfpcl.example (role it_head, no permissions). Credit fixture: LOE2E00601, e2e.credit.finance@sfpcl.example, e2e.credit.manager@sfpcl.example.
.E2E users seeded: e2e.tracer@sfpcl.example (role e2e_tracer, permission tracer.lifecycle.run); e2e.zero@sfpcl.example (role it_head, no permissions). Credit fixture: LOE2E00601, e2e.credit.finance@sfpcl.example, e2e.credit.manager@sfpcl.example.
E2E users seeded: e2e.tracer@sfpcl.example (role e2e_tracer, permission tracer.lifecycle.run); e2e.zero@sfpcl.example (role it_head, no permissions). Credit fixture: LOE2E00601, e2e.credit.finance@sfpcl.example, e2e.credit.manager@sfpcl.example.
..Catalogue seeded: 189 permissions, 20 roles, 8 teams, 259 role-permission links.
E2E users seeded: e2e.tracer@sfpcl.example (role e2e_tracer, permission tracer.lifecycle.run); e2e.zero@sfpcl.example (role it_head, no permissions). Credit fixture: LOE2E00601, e2e.credit.finance@sfpcl.example, e2e.credit.manager@sfpcl.example.
.Catalogue seeded: 189 permissions, 20 roles, 8 teams, 259 role-permission links.
E2E users seeded: e2e.tracer@sfpcl.example (role e2e_tracer, permission tracer.lifecycle.run); e2e.zero@sfpcl.example (role it_head, no permissions). Credit fixture: LOE2E00601, e2e.credit.finance@sfpcl.example, e2e.credit.manager@sfpcl.example.
........................................
----------------------------------------------------------------------
Ran 50 tests in 5.432s

OK
Destroying test database for alias 'default'...
GLOBAL_SEARCH_INDEX_PLANS {'pan': '3 0 0 SEARCH members USING INDEX idx_members_pan_hash (pan_hash=?)', 'aadhaar': '3 0 0 SEARCH members USING INDEX idx_members_aadhaar_hash (aadhaar_hash=?)', 'aadhaar_last4': '3 0 0 SEARCH members USING INDEX members_aadhaar_last4_6253ff18 (aadhaar_last4=?)', 'share_count': '3 0 0 SEARCH members USING INDEX members_number_of_shares_4d7470ba (number_of_shares=?)', 'bank_last4': '3 0 0 SEARCH bank_accounts USING INDEX bank_accounts_account_number_last4_3bd9ef02 (account_number_last4=?)'}
