Creating test database for alias 'default'...
Found 18 test(s).
System check identified no issues (0 silenced).
.......Catalogue seeded: 189 permissions, 20 roles, 8 teams, 259 role-permission links.
Epic 009 E2E fixture seeded: completed SAP, sanctioned blocked account, Credit Manager, Senior Finance, and CFC actors.
Epic 009 E2E fixture already seeded.
..E2E users seeded: e2e.tracer@sfpcl.example (role e2e_tracer, permission tracer.lifecycle.run); e2e.zero@sfpcl.example (role it_head, no permissions). Credit fixture: LOE2E00601, e2e.credit.finance@sfpcl.example, e2e.credit.manager@sfpcl.example.
.E2E users seeded: e2e.tracer@sfpcl.example (role e2e_tracer, permission tracer.lifecycle.run); e2e.zero@sfpcl.example (role it_head, no permissions). Credit fixture: LOE2E00601, e2e.credit.finance@sfpcl.example, e2e.credit.manager@sfpcl.example.
.E2E users seeded: e2e.tracer@sfpcl.example (role e2e_tracer, permission tracer.lifecycle.run); e2e.zero@sfpcl.example (role it_head, no permissions). Credit fixture: LOE2E00601, e2e.credit.finance@sfpcl.example, e2e.credit.manager@sfpcl.example.
.Catalogue seeded: 189 permissions, 20 roles, 8 teams, 259 role-permission links.
E2E users seeded: e2e.tracer@sfpcl.example (role e2e_tracer, permission tracer.lifecycle.run); e2e.zero@sfpcl.example (role it_head, no permissions). Credit fixture: LOE2E00601, e2e.credit.finance@sfpcl.example, e2e.credit.manager@sfpcl.example.
E2E users seeded: e2e.tracer@sfpcl.example (role e2e_tracer, permission tracer.lifecycle.run); e2e.zero@sfpcl.example (role it_head, no permissions). Credit fixture: LOE2E00601, e2e.credit.finance@sfpcl.example, e2e.credit.manager@sfpcl.example.
.E2E users seeded: e2e.tracer@sfpcl.example (role e2e_tracer, permission tracer.lifecycle.run); e2e.zero@sfpcl.example (role it_head, no permissions). Credit fixture: LOE2E00601, e2e.credit.finance@sfpcl.example, e2e.credit.manager@sfpcl.example.
.E2E users seeded: e2e.tracer@sfpcl.example (role e2e_tracer, permission tracer.lifecycle.run); e2e.zero@sfpcl.example (role it_head, no permissions). Credit fixture: LOE2E00601, e2e.credit.finance@sfpcl.example, e2e.credit.manager@sfpcl.example.
E2E users seeded: e2e.tracer@sfpcl.example (role e2e_tracer, permission tracer.lifecycle.run); e2e.zero@sfpcl.example (role it_head, no permissions). Credit fixture: LOE2E00601, e2e.credit.finance@sfpcl.example, e2e.credit.manager@sfpcl.example.
..Catalogue seeded: 189 permissions, 20 roles, 8 teams, 259 role-permission links.
E2E users seeded: e2e.tracer@sfpcl.example (role e2e_tracer, permission tracer.lifecycle.run); e2e.zero@sfpcl.example (role it_head, no permissions). Credit fixture: LOE2E00601, e2e.credit.finance@sfpcl.example, e2e.credit.manager@sfpcl.example.
.Catalogue seeded: 189 permissions, 20 roles, 8 teams, 259 role-permission links.
E2E users seeded: e2e.tracer@sfpcl.example (role e2e_tracer, permission tracer.lifecycle.run); e2e.zero@sfpcl.example (role it_head, no permissions). Credit fixture: LOE2E00601, e2e.credit.finance@sfpcl.example, e2e.credit.manager@sfpcl.example.
.
----------------------------------------------------------------------
Ran 18 tests in 4.465s

OK
Destroying test database for alias 'default'...
