
> sfpcl-lms@1.0.0 test
> vitest run --run src/pages/search/GlobalSearchResults.test.tsx src/components/layout/Header.search.test.tsx

[33mThe CJS build of Vite's Node API is deprecated. See https://vite.dev/guide/troubleshooting.html#vite-cjs-node-api-deprecated for more details.[39m

 RUN  v3.2.6 /Users/amitkallapa/LMS/.ralph/worktrees/2026-07-23_151537_normal_run/sfpcl-lms

 ✓ src/components/layout/Header.search.test.tsx (1 test) 132ms
 ❯ src/pages/search/GlobalSearchResults.test.tsx (5 tests | 1 failed) 330ms
   × 010N Global Search Results > loads server groups, card fields, and permission-valid quick actions 124ms
     → Unable to find an element with the text: within_limit. This could be because the text is broken up by multiple elements. In this case, you can provide a function for your text matcher to make your matcher more flexible.

Ignored nodes: comments, script, style
[36m<body>[39m
  [36m<div>[39m
    [36m<div[39m
      [33mclass[39m=[32m"p-6 space-y-5"[39m
    [36m>[39m
      [36m<div[39m
        [33mclass[39m=[32m"flex flex-col gap-4 lg:flex-row lg:items-start lg:justify-between"[39m
      [36m>[39m
        [36m<div>[39m
          [36m<h1[39m
            [33mclass[39m=[32m"text-xl font-bold text-slate-900"[39m
          [36m>[39m
            [0mGlobal Search Results[0m
          [36m</h1>[39m
          [36m<p[39m
            [33mclass[39m=[32m"text-sm text-slate-500 mt-0.5"[39m
          [36m>[39m
            [0mSearch across authorised records. Sensitive identifiers are matched and masked by the server.[0m
          [36m</p>[39m
        [36m</div>[39m
        [36m<div[39m
          [33mclass[39m=[32m"rounded-lg border border-slate-200 bg-white px-4 py-3 text-sm"[39m
        [36m>[39m
          [36m<p[39m
            [33mclass[39m=[32m"text-xs text-slate-500"[39m
          [36m>[39m
            [0mResults[0m
          [36m</p>[39m
          [36m<p[39m
            [33mclass[39m=[32m"text-2xl font-bold text-slate-900 num"[39m
          [36m>[39m
            [0m13[0m
          [36m</p>[39m
        [36m</div>[39m
      [36m</div>[39m
      [36m<div[39m
        [33mclass[39m=[32m"card"[39m
      [36m>[39m
        [36m<form[39m
          [33mclass[39m=[32m"flex flex-col gap-3 sm:flex-row"[39m
        [36m>[39m
          [36m<div[39m
            [33mclass[39m=[32m"relative flex-1"[39m
          [36m>[39m
            [36m<svg[39m
              [33maria-hidden[39m=[32m"true"[39m
              [33mclass[39m=[32m"lucide lucide-search absolute left-3.5 top-1/2 -translate-y-1/2 text-slate-400"[39m
              [33mfill[39m=[32m"none"[39m
              [33mheight[39m=[32m"16"[39m
              [33mstroke[39m=[32m"currentColor"[39m
              [33mstroke-linecap[39m=[32m"round"[39m
              [33mstroke-linejoin[39m=[32m"round"[39m
              [33mstroke-width[39m=[32m"2"[39m
              [33mviewBox[39m=[32m"0 0 24 24"[39m
              [33mwidth[39m=[32m"16"[39m
              [33mxmlns[39m=[32m"http://www.w3.org/2000/svg"[39m
            [36m>[39m
              [36m<path[39m
                [33md[39m=[32m"m21 21-4.34-4.34"[39m
              [36m/>[39m
              [36m<circle[39m
                [33mcx[39m=[32m"11"[39m
                [33mcy[39m=[32m"11"[39m
                [33mr[39m=[32m"8"[39m
              [36m/>[39m
            [36m</svg>[39m
            [36m<input[39m
              [33mautocomplete[39m=[32m"off"[39m
              [33mclass[39m=[32m"field-input pl-10"[39m
              [33mplaceholder[39m=[32m"Borrower, folio, app no., loan no., SAP code, PAN, Aadhaar last 4..."[39m
              [33mvalue[39m=[32m""[39m
            [36m/>[39m
          [36m</div>[39m
          [36m<button[39m
            [33mclass[39m=[32m"btn-primary"[39m
            [33mtype[39m=[32m"submit"[39m
          [36m>[39m
            [0mSearch[0m
          [36m</button>[39m
        [36m</form>[39m
      [36m</div>[39m
      [36m<section[39m
        [33mclass[39m=[32m"card p-0 overflow-hidden"[39m
      [36m>[39m
        [36m<div[39m
          [33mclass[39m=[32m"px-5 py-4 border-b border-slate-100 bg-slate-50 flex items-center justify-between"[39m
        [36m>[39m
          [36m<div>[39m
            [36m<h2[39m
              [33mclass[39m=[32m"text-sm font-semibold text-slate-900"[39m
            [36m>[39m
              [0mMembers[0m
            [36m</h2>[39m
            [36m<p[39m
              [33mclass[39m=[32m"text-xs text-slate-500 mt-0.5"[39m
            [36m>[39m
              [0m1[0m
              [0m authorised matches[0m
            [36m</p>[39m
          [36m</div>[39m
          [36m<svg[39m
            [33maria-hidden[39m=[32m"true"[39m
            [33mclass[39m=[32m"lucide lucide-shield-check text-green-600"[39m
            [33mfill[39m=[32m"none"[39m
            [33mheight[39m=[32m"14"[39m
            [33mstroke[39m=[32m"currentColor"[39m
            [33mstroke-linecap[39m=[32m"round"[39m
            [33mstroke-linejoin[39m=[32m"round"[39m
            [33mstroke-width[39m=[32m"2"[39m
            [33mviewBox[39m=[32m"0 0 24 24"[39m
            [33mwidth[39m=[32m"14"[39m
            [33mxmlns[39m=[32m"http://www.w3.org/2000/svg"[39m
          [36m>[39m
            [36m<path[39m
              [33md[39m=[32m"M20 13c0 5-3.5 7.5-7.66 8.95a1 1 0 0 1-.67-.01C7.5 20.5 4 18 4 13V6a1 1 0 0 1 1-1c2 0 4.5-1.2 6.24-2.72a1.17 1.17 0 0 1 1.52 0C14.51 3.81 17 5 19 5a1 1 0 0 1 1 1z"[39m
            [36m/>[39m
            [36m<path[39m
              [33md[39m=[32m"m9 12 2 2 4-4"[39m
            [36m/>[39m
          [36m</svg>[39m
        [36m</div>[39m
        [36m<div[39m
          [33mclass[39m=[32m"divide-y divide-slate-100"[39m
        [36m>[39m
          [36m<div[39m
            [33mclass[39m=[32m"p-4"[39m
          [36m>[39m
            [36m<div[39m
              [33mclass[39m=[32m"flex flex-col gap-3 lg:flex-row lg:items-center"[39m
            [36m>[39m
              [36m<div[39m
                [33mclass[39m=[32m"flex items-start gap-3 flex-1 min-w-0"[39m
              [36m>[39m
                [36m<div[39m
                  [33mclass[39m=[32m"mt-0.5 h-8 w-8 rounded-lg bg-slate-50 border border-slate-100 flex items-center justify-center flex-shrink-0"[39m
                [36m>[39m
                  [36m<svg[39m
                    [33maria-hidden[39m=[32m"true"[39m
                    [33mclass[39m=[32m"lucide lucide-user-round text-green-600"[39m
                    [33mfill[39m=[32m"none"[39m
                    [33mheight[39m=[32m"16"[39m
                    [33mstroke[39m=[32m"currentColor"[39m
                    [33mstroke-linecap[39m=[32m"round"[39m
                    [33mstroke-linejoin[39m=[32m"round"[39m
                    [33mstroke-width[39m=[32m"2"[39m
                    [33mviewBox[39m=[32m"0 0 24 24"[39m
                    [33mwidth[39m=[32m"16"[39m
                    [33mxmlns[39m=[32m"http://www.w3.org/2000/svg"[39m
                  [36m>[39m
                    [36m<circle[39m
                      [33mcx[39m=[32m"12"[39m
                      [33mcy[39m=[32m"8"[39m
                      [33mr[39m=[32m"5"[39m
                    [36m/>[39m
                    [36m<path[39m
                      [33md[39m=[32m"M20 21a8 8 0 0 0-16 0"[39m
                    [36m/>[39m
                  [36m</svg>[39m
                [36m</div>[39m
                [36m<div[39m
                  [33mclass[39m=[32m"min-w-0"[39m
                [36m>[39m
                  [36m<div[39m
   ...
   ✓ 010N Global Search Results > requests each result group page independently 50ms
   ✓ 010N Global Search Results > supports empty query, no results, partial groups, safe errors, and unauthorised state 23ms
   ✓ 010N Global Search Results > submits a replacement query without URL or local-storage caching 97ms
   ✓ 010N Global Search Results > clears raw sensitive input after the request and paginates with only an opaque continuation 34ms

⎯⎯⎯⎯⎯⎯⎯ Failed Tests 1 ⎯⎯⎯⎯⎯⎯⎯

 FAIL  src/pages/search/GlobalSearchResults.test.tsx > 010N Global Search Results > loads server groups, card fields, and permission-valid quick actions
TestingLibraryElementError: Unable to find an element with the text: within_limit. This could be because the text is broken up by multiple elements. In this case, you can provide a function for your text matcher to make your matcher more flexible.

Ignored nodes: comments, script, style
[36m<body>[39m
  [36m<div>[39m
    [36m<div[39m
      [33mclass[39m=[32m"p-6 space-y-5"[39m
    [36m>[39m
      [36m<div[39m
        [33mclass[39m=[32m"flex flex-col gap-4 lg:flex-row lg:items-start lg:justify-between"[39m
      [36m>[39m
        [36m<div>[39m
          [36m<h1[39m
            [33mclass[39m=[32m"text-xl font-bold text-slate-900"[39m
          [36m>[39m
            [0mGlobal Search Results[0m
          [36m</h1>[39m
          [36m<p[39m
            [33mclass[39m=[32m"text-sm text-slate-500 mt-0.5"[39m
          [36m>[39m
            [0mSearch across authorised records. Sensitive identifiers are matched and masked by the server.[0m
          [36m</p>[39m
        [36m</div>[39m
        [36m<div[39m
          [33mclass[39m=[32m"rounded-lg border border-slate-200 bg-white px-4 py-3 text-sm"[39m
        [36m>[39m
          [36m<p[39m
            [33mclass[39m=[32m"text-xs text-slate-500"[39m
          [36m>[39m
            [0mResults[0m
          [36m</p>[39m
          [36m<p[39m
            [33mclass[39m=[32m"text-2xl font-bold text-slate-900 num"[39m
          [36m>[39m
            [0m13[0m
          [36m</p>[39m
        [36m</div>[39m
      [36m</div>[39m
      [36m<div[39m
        [33mclass[39m=[32m"card"[39m
      [36m>[39m
        [36m<form[39m
          [33mclass[39m=[32m"flex flex-col gap-3 sm:flex-row"[39m
        [36m>[39m
          [36m<div[39m
            [33mclass[39m=[32m"relative flex-1"[39m
          [36m>[39m
            [36m<svg[39m
              [33maria-hidden[39m=[32m"true"[39m
              [33mclass[39m=[32m"lucide lucide-search absolute left-3.5 top-1/2 -translate-y-1/2 text-slate-400"[39m
              [33mfill[39m=[32m"none"[39m
              [33mheight[39m=[32m"16"[39m
              [33mstroke[39m=[32m"currentColor"[39m
              [33mstroke-linecap[39m=[32m"round"[39m
              [33mstroke-linejoin[39m=[32m"round"[39m
              [33mstroke-width[39m=[32m"2"[39m
              [33mviewBox[39m=[32m"0 0 24 24"[39m
              [33mwidth[39m=[32m"16"[39m
              [33mxmlns[39m=[32m"http://www.w3.org/2000/svg"[39m
            [36m>[39m
              [36m<path[39m
                [33md[39m=[32m"m21 21-4.34-4.34"[39m
              [36m/>[39m
              [36m<circle[39m
                [33mcx[39m=[32m"11"[39m
                [33mcy[39m=[32m"11"[39m
                [33mr[39m=[32m"8"[39m
              [36m/>[39m
            [36m</svg>[39m
            [36m<input[39m
              [33mautocomplete[39m=[32m"off"[39m
              [33mclass[39m=[32m"field-input pl-10"[39m
              [33mplaceholder[39m=[32m"Borrower, folio, app no., loan no., SAP code, PAN, Aadhaar last 4..."[39m
              [33mvalue[39m=[32m""[39m
            [36m/>[39m
          [36m</div>[39m
          [36m<button[39m
            [33mclass[39m=[32m"btn-primary"[39m
            [33mtype[39m=[32m"submit"[39m
          [36m>[39m
            [0mSearch[0m
          [36m</button>[39m
        [36m</form>[39m
      [36m</div>[39m
      [36m<section[39m
        [33mclass[39m=[32m"card p-0 overflow-hidden"[39m
      [36m>[39m
        [36m<div[39m
          [33mclass[39m=[32m"px-5 py-4 border-b border-slate-100 bg-slate-50 flex items-center justify-between"[39m
        [36m>[39m
          [36m<div>[39m
            [36m<h2[39m
              [33mclass[39m=[32m"text-sm font-semibold text-slate-900"[39m
            [36m>[39m
              [0mMembers[0m
            [36m</h2>[39m
            [36m<p[39m
              [33mclass[39m=[32m"text-xs text-slate-500 mt-0.5"[39m
            [36m>[39m
              [0m1[0m
              [0m authorised matches[0m
            [36m</p>[39m
          [36m</div>[39m
          [36m<svg[39m
            [33maria-hidden[39m=[32m"true"[39m
            [33mclass[39m=[32m"lucide lucide-shield-check text-green-600"[39m
            [33mfill[39m=[32m"none"[39m
            [33mheight[39m=[32m"14"[39m
            [33mstroke[39m=[32m"currentColor"[39m
            [33mstroke-linecap[39m=[32m"round"[39m
            [33mstroke-linejoin[39m=[32m"round"[39m
            [33mstroke-width[39m=[32m"2"[39m
            [33mviewBox[39m=[32m"0 0 24 24"[39m
            [33mwidth[39m=[32m"14"[39m
            [33mxmlns[39m=[32m"http://www.w3.org/2000/svg"[39m
          [36m>[39m
            [36m<path[39m
              [33md[39m=[32m"M20 13c0 5-3.5 7.5-7.66 8.95a1 1 0 0 1-.67-.01C7.5 20.5 4 18 4 13V6a1 1 0 0 1 1-1c2 0 4.5-1.2 6.24-2.72a1.17 1.17 0 0 1 1.52 0C14.51 3.81 17 5 19 5a1 1 0 0 1 1 1z"[39m
            [36m/>[39m
            [36m<path[39m
              [33md[39m=[32m"m9 12 2 2 4-4"[39m
            [36m/>[39m
          [36m</svg>[39m
        [36m</div>[39m
        [36m<div[39m
          [33mclass[39m=[32m"divide-y divide-slate-100"[39m
        [36m>[39m
          [36m<div[39m
            [33mclass[39m=[32m"p-4"[39m
          [36m>[39m
            [36m<div[39m
              [33mclass[39m=[32m"flex flex-col gap-3 lg:flex-row lg:items-center"[39m
            [36m>[39m
              [36m<div[39m
                [33mclass[39m=[32m"flex items-start gap-3 flex-1 min-w-0"[39m
              [36m>[39m
                [36m<div[39m
                  [33mclass[39m=[32m"mt-0.5 h-8 w-8 rounded-lg bg-slate-50 border border-slate-100 flex items-center justify-center flex-shrink-0"[39m
                [36m>[39m
                  [36m<svg[39m
                    [33maria-hidden[39m=[32m"true"[39m
                    [33mclass[39m=[32m"lucide lucide-user-round text-green-600"[39m
                    [33mfill[39m=[32m"none"[39m
                    [33mheight[39m=[32m"16"[39m
                    [33mstroke[39m=[32m"currentColor"[39m
                    [33mstroke-linecap[39m=[32m"round"[39m
                    [33mstroke-linejoin[39m=[32m"round"[39m
                    [33mstroke-width[39m=[32m"2"[39m
                    [33mviewBox[39m=[32m"0 0 24 24"[39m
                    [33mwidth[39m=[32m"16"[39m
                    [33mxmlns[39m=[32m"http://www.w3.org/2000/svg"[39m
                  [36m>[39m
                    [36m<circle[39m
                      [33mcx[39m=[32m"12"[39m
                      [33mcy[39m=[32m"8"[39m
                      [33mr[39m=[32m"5"[39m
                    [36m/>[39m
                    [36m<path[39m
                      [33md[39m=[32m"M20 21a8 8 0 0 0-16 0"[39m
                    [36m/>[39m
                  [36m</svg>[39m
                [36m</div>[39m
                [36m<div[39m
                  [33mclass[39m=[32m"min-w-0"[39m
                [36m>[39m
                  [36m<div[39m
   ...
 ❯ Object.getElementError node_modules/@testing-library/dom/dist/config.js:37:19
 ❯ node_modules/@testing-library/dom/dist/query-helpers.js:76:38
 ❯ node_modules/@testing-library/dom/dist/query-helpers.js:52:17
 ❯ node_modules/@testing-library/dom/dist/query-helpers.js:95:19
 ❯ src/pages/search/GlobalSearchResults.test.tsx:73:19
     71|     expect(screen.getByRole('heading', { name: 'Compliance Records' })…
     72|     expect(screen.getByText('Section 186 · FY2026-27 Q2')).toBeTruthy(…
     73|     expect(screen.getByText('within_limit')).toBeTruthy();
       |                   ^
     74|     expect(fetchGlobalSearch).toHaveBeenCalledWith({ search: 'API Farm…
     75| 

⎯⎯⎯⎯⎯⎯⎯⎯⎯⎯⎯⎯⎯⎯⎯⎯⎯⎯⎯⎯⎯⎯⎯⎯[1/1]⎯


 Test Files  1 failed | 1 passed (2)
      Tests  1 failed | 5 passed (6)
   Start at  15:38:20
   Duration  1.31s (transform 227ms, setup 0ms, collect 622ms, tests 462ms, environment 841ms, prepare 81ms)

