Creating test database for alias 'default' ('file:memorydb_default?mode=memory&cache=shared')...
Found 1 test(s).
Operations to perform:
  Synchronize unmigrated apps: corsheaders
  Apply all migrations: communications, configurations, contenttypes, documents, identity, members, scheduler, tracer, workflows
Synchronizing apps without migrations:
  Creating tables...
    Running deferred SQL...
Running migrations:
  Applying identity.0001_initial... OK
  Applying identity.0002_permission_rolepermission_and_more... OK
  Applying communications.0001_initial... OK
  Applying communications.0002_communication... OK
  Applying communications.0003_notification... OK
  Applying configurations.0001_initial... OK
  Applying contenttypes.0001_initial... OK
  Applying contenttypes.0002_remove_content_type_name... OK
  Applying documents.0001_initial... OK
  Applying members.0001_initial... OK
  Applying members.0002_profile_shells... OK
  Applying members.0003_individual_profile_details... OK
  Applying members.0004_nominee... OK
  Applying members.0005_shareholding_and_more... OK
  Applying members.0006_landholding_cropplan_and_more... OK
  Applying members.0007_kycprofile_kycdocument_and_more... OK
  Applying scheduler.0001_initial... OK
  Applying tracer.0001_initial... OK
  Applying workflows.0001_canonical_workflow_event... OK
  Applying tracer.0002_remove_tracer_workflowevent_state... OK
System check identified no issues (0 silenced).
test_pan_reveal_returns_temporary_value_and_audits_metadata_only (sfpcl_credit.tests.test_member_profile_api.MemberProfileApiTests.test_pan_reveal_returns_temporary_value_and_audits_metadata_only) ... FAIL

======================================================================
FAIL: test_pan_reveal_returns_temporary_value_and_audits_metadata_only (sfpcl_credit.tests.test_member_profile_api.MemberProfileApiTests.test_pan_reveal_returns_temporary_value_and_audits_metadata_only)
----------------------------------------------------------------------
Traceback (most recent call last):
  File "/Users/amitkallapa/LMS/.ralph/worktrees/2026-07-09_150108_normal_run/sfpcl_credit/tests/test_member_profile_api.py", line 342, in test_pan_reveal_returns_temporary_value_and_audits_metadata_only
    self.assertEqual(response.status_code, 200)
AssertionError: 404 != 200

----------------------------------------------------------------------
Ran 1 test in 1.632s

FAILED (failures=1)
Destroying test database for alias 'default' ('file:memorydb_default?mode=memory&cache=shared')...
