Creating test database for alias 'default'...
Found 1 test(s).
System check identified no issues (0 silenced).
F
======================================================================
FAIL: test_subsidiary_auto_match_requires_borrower_and_application_facts (sfpcl_credit.tests.test_statement_evidence_owner_scope_closure.StatementEvidenceOwnerScopeClosureTests.test_subsidiary_auto_match_requires_borrower_and_application_facts)
----------------------------------------------------------------------
Traceback (most recent call last):
  File "/Users/amitkallapa/LMS/.ralph/worktrees/2026-07-20_022525_normal_run/sfpcl_credit/tests/test_statement_evidence_owner_scope_closure.py", line 148, in test_subsidiary_auto_match_requires_borrower_and_application_facts
    self.assertEqual(
AssertionError: Lists differ: ['matched', 'matched'] != ['unmatched', 'matched']

First differing element 0:
'matched'
'unmatched'

- ['matched', 'matched']
+ ['unmatched', 'matched']
?   ++


----------------------------------------------------------------------
Ran 1 test in 0.618s

FAILED (failures=1)
Destroying test database for alias 'default'...
Exit code: 1
