Creating test database for alias 'default'...
Found 3 test(s).
System check identified no issues (0 silenced).
..F
======================================================================
FAIL: test_five_duplicate_close_attempts_converge_on_one_financial_close (sfpcl_credit.tests.test_default_recovery_postgresql_acceptance.ClosureReadinessPostgreSQLAcceptanceTests.test_five_duplicate_close_attempts_converge_on_one_financial_close)
----------------------------------------------------------------------
Traceback (most recent call last):
  File "/Users/amitkallapa/LMS/.ralph/worktrees/2026-07-22_191406_normal_run/sfpcl_credit/tests/test_default_recovery_postgresql_acceptance.py", line 614, in test_five_duplicate_close_attempts_converge_on_one_financial_close
    self.assertEqual([row.status_code for row in responses], [200] * 5)
AssertionError: Lists differ: [404, 404, 404, 404, 200] != [200, 200, 200, 200, 200]

First differing element 0:
404
200

- [404, 404, 404, 404, 200]
+ [200, 200, 200, 200, 200]

----------------------------------------------------------------------
Ran 3 tests in 7.154s

FAILED (failures=1)
Destroying test database for alias 'default'...
