Creating test database for alias 'default'...
Found 47 test(s).
Cloning test database for alias 'default'...
Cloning test database for alias 'default'...
Cloning test database for alias 'default'...
Cloning test database for alias 'default'...
Cloning test database for alias 'default'...
Cloning test database for alias 'default'...
System check identified no issues (0 silenced).
...............................................
----------------------------------------------------------------------
Ran 47 tests in 1191.410s

OK
Destroying test database for alias 'default'...
Destroying test database for alias 'default'...
Destroying test database for alias 'default'...
Destroying test database for alias 'default'...
Destroying test database for alias 'default'...
Destroying test database for alias 'default'...
Destroying test database for alias 'default'...
