Creating test database for alias 'default' ('file:memorydb_default?mode=memory&cache=shared')...
Found 2 test(s).
Operations to perform:
  Synchronize unmigrated apps: corsheaders
  Apply all migrations: applications, communications, configurations, contenttypes, documents, identity, members, scheduler, tracer, workflows
Synchronizing apps without migrations:
  Creating tables...
    Running deferred SQL...
Running migrations:
  Applying identity.0001_initial... OK
  Applying identity.0002_permission_rolepermission_and_more... OK
  Applying documents.0001_initial... OK
  Applying members.0001_initial... OK
  Applying members.0002_profile_shells... OK
  Applying members.0003_individual_profile_details... OK
  Applying members.0004_nominee... OK
  Applying members.0005_shareholding_and_more... OK
  Applying members.0006_landholding_cropplan_and_more... OK
  Applying members.0007_kycprofile_kycdocument_and_more... OK
  Applying members.0008_cancelledcheque_bankaccount_and_more... OK
  Applying applications.0001_initial... OK
  Applying applications.0002_loanapplication_submitted_by_user... OK
  Applying applications.0003_systemsequence_loanrequestregisterentry... OK
  Applying applications.0004_applicationdocument_and_more... OK
  Applying applications.0005_application_deficiency... OK
  Applying communications.0001_initial... OK
  Applying communications.0002_communication... OK
  Applying communications.0003_notification... OK
  Applying configurations.0001_initial... OK
  Applying contenttypes.0001_initial... OK
  Applying contenttypes.0002_remove_content_type_name... OK
  Applying identity.0003_portal_member_auth... OK
  Applying scheduler.0001_initial... OK
  Applying tracer.0001_initial... OK
  Applying workflows.0001_canonical_workflow_event... OK
  Applying tracer.0002_remove_tracer_workflowevent_state... OK
System check identified no issues (0 silenced).
test_portal_dashboard_profile_and_supply_use_authenticated_member_scope (sfpcl_credit.tests.test_portal_member_api.PortalMemberApiTests.test_portal_dashboard_profile_and_supply_use_authenticated_member_scope) ... FAIL
test_staff_tokens_cannot_call_portal_own_data_apis (sfpcl_credit.tests.test_portal_member_api.PortalMemberApiTests.test_staff_tokens_cannot_call_portal_own_data_apis) ... FAIL

======================================================================
FAIL: test_portal_dashboard_profile_and_supply_use_authenticated_member_scope (sfpcl_credit.tests.test_portal_member_api.PortalMemberApiTests.test_portal_dashboard_profile_and_supply_use_authenticated_member_scope)
----------------------------------------------------------------------
Traceback (most recent call last):
  File "/Users/amitkallapa/LMS/.ralph/worktrees/2026-07-09_233958_repair/sfpcl_credit/tests/test_portal_member_api.py", line 230, in test_portal_dashboard_profile_and_supply_use_authenticated_member_scope
    self.assertEqual(dashboard_response.status_code, 200)
AssertionError: 404 != 200

======================================================================
FAIL: test_staff_tokens_cannot_call_portal_own_data_apis (sfpcl_credit.tests.test_portal_member_api.PortalMemberApiTests.test_staff_tokens_cannot_call_portal_own_data_apis)
----------------------------------------------------------------------
Traceback (most recent call last):
  File "/Users/amitkallapa/LMS/.ralph/worktrees/2026-07-09_233958_repair/sfpcl_credit/tests/test_portal_member_api.py", line 261, in test_staff_tokens_cannot_call_portal_own_data_apis
    self.assertEqual(response.status_code, 403)
AssertionError: 404 != 403

----------------------------------------------------------------------
Ran 2 tests in 2.076s

FAILED (failures=2)
Destroying test database for alias 'default' ('file:memorydb_default?mode=memory&cache=shared')...
