
> sfpcl-lms@1.0.0 test
> vitest run --run src/services/portalApi.test.ts

[33mThe CJS build of Vite's Node API is deprecated. See https://vite.dev/guide/troubleshooting.html#vite-cjs-node-api-deprecated for more details.[39m

 RUN  v3.2.6 /Users/amitkallapa/LMS/.ralph/worktrees/2026-07-09_233958_repair/sfpcl-lms


⎯⎯⎯⎯⎯⎯ Failed Suites 1 ⎯⎯⎯⎯⎯⎯⎯

 FAIL  src/services/portalApi.test.ts [ src/services/portalApi.test.ts ]
Error: Cannot find module './portalApi' imported from '/Users/amitkallapa/LMS/.ralph/worktrees/2026-07-09_233958_repair/sfpcl-lms/src/services/portalApi.test.ts'
 ❯ src/services/portalApi.test.ts:3:31
      2| import { clearStoredAuthSession, storedAuthSession } from './authSessi…
      3| import {
      4|   fetchPortalDashboard,
       |                      ^
      5|   fetchPortalProduceSupply,
      6|   fetchPortalProfile,

Caused by: Error: Failed to load url ./portalApi (resolved id: ./portalApi) in /Users/amitkallapa/LMS/.ralph/worktrees/2026-07-09_233958_repair/sfpcl-lms/src/services/portalApi.test.ts. Does the file exist?
 ❯ loadAndTransform node_modules/vite/dist/node/chunks/dep-BK3b2jBa.js:51969:17

⎯⎯⎯⎯⎯⎯⎯⎯⎯⎯⎯⎯⎯⎯⎯⎯⎯⎯⎯⎯⎯⎯⎯⎯[1/1]⎯


 Test Files  1 failed (1)
      Tests  no tests
   Start at  23:48:55
   Duration  334ms (transform 65ms, setup 0ms, collect 0ms, tests 0ms, environment 0ms, prepare 36ms)

