
> sfpcl-lms@1.0.0 test
> vitest run --run src/pages/borrower/portal/PortalMemberViews.test.tsx

[33mThe CJS build of Vite's Node API is deprecated. See https://vite.dev/guide/troubleshooting.html#vite-cjs-node-api-deprecated for more details.[39m

 RUN  v3.2.6 /Users/amitkallapa/LMS/.ralph/worktrees/2026-07-09_233958_repair/sfpcl-lms

 ❯ src/pages/borrower/portal/PortalMemberViews.test.tsx (3 tests | 3 failed) 6ms
   × member portal backend-backed views > renders MP03 dashboard counts and pending actions from the portal API 5ms
     → Element type is invalid: expected a string (for built-in components) or a class/function (for composite components) but got: undefined. You likely forgot to export your component from the file it's defined in, or you might have mixed up default and named imports.
   × member portal backend-backed views > renders MP04 profile tabs with masked sensitive values from the portal API 0ms
     → Element type is invalid: expected a string (for built-in components) or a class/function (for composite components) but got: undefined. You likely forgot to export your component from the file it's defined in, or you might have mixed up default and named imports.
   × member portal backend-backed views > renders MP22 produce supply empty shell when the backend model is not implemented 0ms
     → Element type is invalid: expected a string (for built-in components) or a class/function (for composite components) but got: undefined. You likely forgot to export your component from the file it's defined in, or you might have mixed up default and named imports.

⎯⎯⎯⎯⎯⎯⎯ Failed Tests 3 ⎯⎯⎯⎯⎯⎯⎯

 FAIL  src/pages/borrower/portal/PortalMemberViews.test.tsx > member portal backend-backed views > renders MP03 dashboard counts and pending actions from the portal API
Error: Element type is invalid: expected a string (for built-in components) or a class/function (for composite components) but got: undefined. You likely forgot to export your component from the file it's defined in, or you might have mixed up default and named imports.
 ❯ renderElement node_modules/react-dom/cjs/react-dom-server-legacy.node.development.js:6119:15
 ❯ retryNode node_modules/react-dom/cjs/react-dom-server-legacy.node.development.js:6428:21
 ❯ performWork node_modules/react-dom/cjs/react-dom-server-legacy.node.development.js:7435:17
 ❯ startWork node_modules/react-dom/cjs/react-dom-server-legacy.node.development.js:8270:7
 ❯ renderToStringImpl node_modules/react-dom/cjs/react-dom-server-legacy.node.development.js:8380:7
 ❯ Proxy.process.env.NODE_ENV.exports.renderToStaticMarkup node_modules/react-dom/cjs/react-dom-server-legacy.node.development.js:9861:14
 ❯ src/pages/borrower/portal/PortalMemberViews.test.tsx:11:18
      9| describe('member portal backend-backed views', () => {
     10|   it('renders MP03 dashboard counts and pending actions from the porta…
     11|     const html = renderToStaticMarkup(<MP03DashboardView summary={dash…
       |                  ^
     12| 
     13|     expect(html).toContain('Ganesh Thorat');

⎯⎯⎯⎯⎯⎯⎯⎯⎯⎯⎯⎯⎯⎯⎯⎯⎯⎯⎯⎯⎯⎯⎯⎯[1/3]⎯

 FAIL  src/pages/borrower/portal/PortalMemberViews.test.tsx > member portal backend-backed views > renders MP04 profile tabs with masked sensitive values from the portal API
Error: Element type is invalid: expected a string (for built-in components) or a class/function (for composite components) but got: undefined. You likely forgot to export your component from the file it's defined in, or you might have mixed up default and named imports.
 ❯ renderElement node_modules/react-dom/cjs/react-dom-server-legacy.node.development.js:6119:15
 ❯ retryNode node_modules/react-dom/cjs/react-dom-server-legacy.node.development.js:6428:21
 ❯ performWork node_modules/react-dom/cjs/react-dom-server-legacy.node.development.js:7435:17
 ❯ startWork node_modules/react-dom/cjs/react-dom-server-legacy.node.development.js:8270:7
 ❯ renderToStringImpl node_modules/react-dom/cjs/react-dom-server-legacy.node.development.js:8380:7
 ❯ Proxy.process.env.NODE_ENV.exports.renderToStaticMarkup node_modules/react-dom/cjs/react-dom-server-legacy.node.development.js:9861:14
 ❯ src/pages/borrower/portal/PortalMemberViews.test.tsx:21:18
     19| 
     20|   it('renders MP04 profile tabs with masked sensitive values from the …
     21|     const html = renderToStaticMarkup(<MP04ProfileView profile={profil…
       |                  ^
     22| 
     23|     expect(html).toContain('Ganesh Thorat');

⎯⎯⎯⎯⎯⎯⎯⎯⎯⎯⎯⎯⎯⎯⎯⎯⎯⎯⎯⎯⎯⎯⎯⎯[2/3]⎯

 FAIL  src/pages/borrower/portal/PortalMemberViews.test.tsx > member portal backend-backed views > renders MP22 produce supply empty shell when the backend model is not implemented
Error: Element type is invalid: expected a string (for built-in components) or a class/function (for composite components) but got: undefined. You likely forgot to export your component from the file it's defined in, or you might have mixed up default and named imports.
 ❯ renderElement node_modules/react-dom/cjs/react-dom-server-legacy.node.development.js:6119:15
 ❯ retryNode node_modules/react-dom/cjs/react-dom-server-legacy.node.development.js:6428:21
 ❯ performWork node_modules/react-dom/cjs/react-dom-server-legacy.node.development.js:7435:17
 ❯ startWork node_modules/react-dom/cjs/react-dom-server-legacy.node.development.js:8270:7
 ❯ renderToStringImpl node_modules/react-dom/cjs/react-dom-server-legacy.node.development.js:8380:7
 ❯ Proxy.process.env.NODE_ENV.exports.renderToStaticMarkup node_modules/react-dom/cjs/react-dom-server-legacy.node.development.js:9861:14
 ❯ src/pages/borrower/portal/PortalMemberViews.test.tsx:31:18
     29| 
     30|   it('renders MP22 produce supply empty shell when the backend model i…
     31|     const html = renderToStaticMarkup(<MP22ProduceSupplyView supply={p…
       |                  ^
     32| 
     33|     expect(html).toContain('Produce Supply History');

⎯⎯⎯⎯⎯⎯⎯⎯⎯⎯⎯⎯⎯⎯⎯⎯⎯⎯⎯⎯⎯⎯⎯⎯[3/3]⎯


 Test Files  1 failed (1)
      Tests  3 failed (3)
   Start at  23:50:04
   Duration  559ms (transform 146ms, setup 0ms, collect 222ms, tests 6ms, environment 0ms, prepare 33ms)

