Name                                                                                            Stmts   Miss  Cover
-------------------------------------------------------------------------------------------------------------------
__init__.py                                                                                         0      0   100%
api.py                                                                                             31     16    48%
applications/__init__.py                                                                            0      0   100%
applications/apps.py                                                                                4      0   100%
applications/migrations/0001_initial.py                                                             8      0   100%
applications/migrations/0002_loanapplication_submitted_by_user.py                                   5      0   100%
applications/migrations/0003_systemsequence_loanrequestregisterentry.py                             7      0   100%
applications/migrations/0004_applicationdocument_and_more.py                                        7      0   100%
applications/migrations/0005_application_deficiency.py                                              7      0   100%
applications/migrations/0006_rejection_note.py                                                      7      0   100%
applications/migrations/0007_eligibilityassessment.py                                               7      0   100%
applications/migrations/0008_loanlimitassessment.py                                                 7      0   100%
applications/migrations/0009_loan_limit_policy_snapshot.py                                          4      0   100%
applications/migrations/0010_loanapplication_nominee.py                                             5      0   100%
applications/migrations/0011_witness.py                                                             7      0   100%
applications/migrations/0012_witness_verification_evidence.py                                      19      9    53%
applications/migrations/0013_witness_correction.py                                                  7      0   100%
applications/migrations/0014_witness_contact_fields.py                                              4      0   100%
applications/migrations/__init__.py                                                                 0      0   100%
applications/models.py                                                                            297     78    74%
applications/modules/__init__.py                                                                    0      0   100%
applications/modules/application_authority.py                                                      18     16    11%
applications/modules/document_generation_facts.py                                                  23     10    57%
applications/modules/nominee_validation.py                                                         21     13    38%
applications/modules/rejection_notes.py                                                            20     18    10%
applications/modules/witness_corrections.py                                                       106    106     0%
applications/services.py                                                                          865    856     1%
applications/views.py                                                                             540    536     1%
approvals/__init__.py                                                                               0      0   100%
approvals/apps.py                                                                                   5      0   100%
approvals/management/__init__.py                                                                    0      0   100%
approvals/management/commands/__init__.py                                                           0      0   100%
approvals/management/commands/seed_approval_configuration.py                                       11     11     0%
approvals/migrations/0001_initial.py                                                                8      0   100%
approvals/migrations/0002_approvalcase_workflow_event.py                                           15      5    67%
approvals/migrations/0003_approvalmatrixrule_sanctioncommittee.py                                  16      2    88%
approvals/migrations/0004_approval_configuration_history_constraints.py                             4      0   100%
approvals/migrations/0005_approvalconfigurationproposal.py                                          7      0   100%
approvals/migrations/0006_approvalcase_configuration_snapshot.py                                    5      0   100%
approvals/migrations/0007_approvalcase_enrichment_snapshot.py                                       4      0   100%
approvals/migrations/0008_approvalaction.py                                                         7      0   100%
approvals/migrations/0009_sanction_decision_and_case_closure.py                                     7      0   100%
approvals/migrations/0010_approvalcasereadscopegrant_and_more.py                                   79     54    32%
approvals/migrations/0011_approvalcase_appraisal_facts_json_and_more.py                            23     13    43%
approvals/migrations/0012_approvalconflictdeclaration_and_more.py                                  20      9    55%
approvals/migrations/0013_conflict_projection_scope_closure.py                                     35     23    34%
approvals/migrations/0014_exceptionregisterentry_and_more.py                                        7      0   100%
approvals/migrations/0015_generalmeetingapproval_and_more.py                                        7      0   100%
approvals/migrations/0016_creditsanctionregisterentry.py                                            7      0   100%
approvals/migrations/0017_exceptionregisterentry_supporting_documents_json.py                       4      0   100%
approvals/migrations/0018_creditsanctionregisterentry_source_review_facts_json.py                   4      0   100%
approvals/migrations/0019_register_source_facts.py                                                 23     10    57%
approvals/migrations/0020_approvalaction_approver_display_name.py                                   4      0   100%
approvals/migrations/__init__.py                                                                    0      0   100%
approvals/models.py                                                                               307      6    98%
approvals/modules/__init__.py                                                                       4      3    25%
approvals/modules/approval_actions.py                                                             165    165     0%
approvals/modules/approval_case_engine.py                                                         410    410     0%
approvals/modules/approval_case_projection.py                                                      28     28     0%
approvals/modules/approval_case_selector.py                                                        30     30     0%
approvals/modules/approval_matrix.py                                                               45     45     0%
approvals/modules/approval_matrix_configuration.py                                                306    292     5%
approvals/modules/conflict_of_interest.py                                                          69     69     0%
approvals/modules/document_generation_facts.py                                                     23     23     0%
approvals/modules/exception_register.py                                                           101    101     0%
approvals/modules/general_meeting.py                                                              141    141     0%
approvals/modules/read_scope.py                                                                    44     44     0%
approvals/modules/sanction_committee.py                                                            29     29     0%
approvals/modules/sanction_handoff.py                                                             218    218     0%
approvals/modules/sanction_register.py                                                            120    120     0%
approvals/views.py                                                                                198    198     0%
communications/__init__.py                                                                          0      0   100%
communications/apps.py                                                                              4      0   100%
communications/migrations/0001_initial.py                                                           6      0   100%
communications/migrations/0002_communication.py                                                     6      0   100%
communications/migrations/0003_notification.py                                                      6      0   100%
communications/migrations/__init__.py                                                               0      0   100%
communications/models.py                                                                           80      1    99%
communications/services.py                                                                        395    383     3%
communications/views.py                                                                            95     95     0%
config/__init__.py                                                                                  0      0   100%
config/asgi.py                                                                                      4      4     0%
config/postgres_test_settings.py                                                                    3      3     0%
config/settings.py                                                                                 32      2    94%
config/urls.py                                                                                     14     12    14%
config/wsgi.py                                                                                      4      4     0%
configurations/__init__.py                                                                          0      0   100%
configurations/apps.py                                                                              4      0   100%
configurations/migrations/0001_initial.py                                                           8      0   100%
configurations/migrations/0002_version_history_approval_evidence.py                                 4      0   100%
configurations/migrations/__init__.py                                                               0      0   100%
configurations/models.py                                                                           52      0   100%
configurations/modules/__init__.py                                                                  0      0   100%
configurations/modules/configuration_resolver.py                                                   22     22     0%
configurations/services.py                                                                        224    224     0%
configurations/views.py                                                                            71     71     0%
credit/__init__.py                                                                                  1      0   100%
credit/apps.py                                                                                      5      0   100%
credit/migrations/0001_credit_assessment_model_ownership.py                                        20      2    90%
credit/migrations/0002_riskassessment_loanappraisalnote.py                                          7      0   100%
credit/migrations/0003_appraisal_prerequisite_snapshots.py                                         32     17    47%
credit/migrations/0004_appraisal_review_facts.py                                                    4      0   100%
credit/migrations/0005_appraisalreviewdecision.py                                                  33     18    45%
credit/migrations/0006_legacy_appraisal_history_remediation.py                                     20     10    50%
credit/migrations/0007_eligibility_active_member_snapshot.py                                        4      0   100%
credit/migrations/__init__.py                                                                       0      0   100%
credit/models.py                                                                                  125      3    98%
credit/modules/__init__.py                                                                          0      0   100%
credit/modules/appraisal_workflow.py                                                              476    470     1%
credit/modules/borrower_limit_projection.py                                                        50     50     0%
credit/modules/common.py                                                                           43     43     0%
credit/modules/eligibility_assessment.py                                                          143    143     0%
credit/modules/loan_limit_calculator.py                                                           268    268     0%
dashboard/__init__.py                                                                               0      0   100%
dashboard/apps.py                                                                                   4      4     0%
dashboard/services.py                                                                              24     24     0%
dashboard/views.py                                                                                 17     17     0%
documents/__init__.py                                                                               0      0   100%
documents/apps.py                                                                                   4      0   100%
documents/migrations/0001_initial.py                                                                8      0   100%
documents/migrations/0002_documenttemplate.py                                                       7      0   100%
documents/migrations/0003_documenttemplateidentity.py                                              10      0   100%
documents/migrations/0004_loandocument.py                                                           7      0   100%
documents/migrations/__init__.py                                                                    0      0   100%
documents/models.py                                                                                87      2    98%
documents/modules/__init__.py                                                                       0      0   100%
documents/modules/document_generation.py                                                          194    182     6%
documents/modules/document_templates.py                                                           155    148     5%
documents/selectors.py                                                                             41     41     0%
documents/services.py                                                                             117    107     9%
documents/storage.py                                                                               57     34    40%
documents/views.py                                                                                101    101     0%
domain_errors.py                                                                                   18     18     0%
identity/__init__.py                                                                                0      0   100%
identity/admin_views.py                                                                            97     97     0%
identity/audit_views.py                                                                            16     16     0%
identity/catalogue.py                                                                              37     18    51%
identity/management/__init__.py                                                                     0      0   100%
identity/management/commands/__init__.py                                                            0      0   100%
identity/management/commands/seed_demo_users.py                                                    83     83     0%
identity/management/commands/seed_e2e_users.py                                                     91     91     0%
identity/management/commands/seed_role_catalogue.py                                                 7      7     0%
identity/migrations/0001_initial.py                                                                 8      0   100%
identity/migrations/0002_permission_rolepermission_and_more.py                                      7      0   100%
identity/migrations/0003_portal_member_auth.py                                                      7      0   100%
identity/migrations/__init__.py                                                                     0      0   100%
identity/models.py                                                                                184     23    88%
identity/modules/__init__.py                                                                        0      0   100%
identity/modules/admin_users.py                                                                   125    125     0%
identity/modules/audit_log.py                                                                      60     60     0%
identity/modules/auth_service.py                                                                  105     99     6%
identity/modules/http_auth.py                                                                      31     31     0%
identity/modules/object_permissions.py                                                             36     36     0%
identity/modules/portal_auth_service.py                                                           204    204     0%
identity/modules/tokens.py                                                                         43     40     7%
identity/views.py                                                                                 135    135     0%
manage.py                                                                                          10     10     0%
members/__init__.py                                                                                 0      0   100%
members/apps.py                                                                                     4      0   100%
members/migrations/0001_initial.py                                                                  8      0   100%
members/migrations/0002_profile_shells.py                                                           7      0   100%
members/migrations/0003_individual_profile_details.py                                               4      0   100%
members/migrations/0004_nominee.py                                                                  7      0   100%
members/migrations/0005_shareholding_and_more.py                                                    8      0   100%
members/migrations/0006_landholding_cropplan_and_more.py                                            7      0   100%
members/migrations/0007_kycprofile_kycdocument_and_more.py                                          7      0   100%
members/migrations/0008_cancelledcheque_bankaccount_and_more.py                                     7      0   100%
members/migrations/0009_member_identity_governance.py                                               7      0   100%
members/migrations/0010_member_identity_change_request.py                                           7      0   100%
members/migrations/0011_producesupplyrecord.py                                                      7      0   100%
members/migrations/0012_memberserviceevidence_activememberstatus_and_more.py                        6      0   100%
members/migrations/0013_memberserviceevidence_maker_users_and_more.py                              11      0   100%
members/migrations/0014_remove_memberscopeassignment_uniq_member_scope_assignment_and_more.py      14      4    71%
members/migrations/__init__.py                                                                      0      0   100%
members/models.py                                                                                 467     92    80%
members/modules/__init__.py                                                                         3      2    33%
members/modules/active_member_status.py                                                           290    290     0%
members/modules/member_authority.py                                                                26     25     4%
members/modules/member_registry.py                                                                122    122     0%
members/portal_services.py                                                                        100    100     0%
members/portal_views.py                                                                           105    105     0%
members/protected_identity.py                                                                      18     18     0%
members/services.py                                                                               935    918     2%
members/views.py                                                                                  425    425     0%
ops.py                                                                                             16     16     0%
scheduler/__init__.py                                                                               0      0   100%
scheduler/apps.py                                                                                   4      0   100%
scheduler/migrations/0001_initial.py                                                                6      0   100%
scheduler/migrations/__init__.py                                                                    0      0   100%
scheduler/models.py                                                                                25      0   100%
scheduler/services.py                                                                              90     72    20%
tests/__init__.py                                                                                   0      0   100%
tests/api_contracts.py                                                                             58     48    17%
tests/base.py                                                                                       8      4    50%
tests/test_active_member_status_module.py                                                         350    340     3%
tests/test_admin_users_api.py                                                                     176    157    11%
tests/test_api_contract_harness.py                                                                133    102    23%
tests/test_api_envelope.py                                                                         42     32    24%
tests/test_appraisal_api.py                                                                      1234   1218     1%
tests/test_approval_case_routing_api.py                                                          2360   2344     1%
tests/test_approval_matrix.py                                                                     555    544     2%
tests/test_approval_read_scope_migration.py                                                       115     93    19%
tests/test_audit_logs_api.py                                                                      130    106    18%
tests/test_auth_api.py                                                                            164    161     2%
tests/test_auth_module.py                                                                         148    145     2%
tests/test_backend_infrastructure.py                                                               29     15    48%
tests/test_catalogue_seed.py                                                                      121     97    20%
tests/test_communications_api.py                                                                  141    120    15%
tests/test_configurations_api.py                                                                  172    142    17%
tests/test_content_templates_api.py                                                               132    107    19%
tests/test_credit_action_parity_matrix.py                                                         569    566     1%
tests/test_credit_model_ownership_migration.py                                                     92     79    14%
tests/test_credit_modules.py                                                                      456    382    16%
tests/test_dashboard_api.py                                                                       105     86    18%
tests/test_document_files_api.py                                                                  228    217     5%
tests/test_document_templates_api.py                                                              232    222     4%
tests/test_health_api.py                                                                           28     19    32%
tests/test_loan_applications_api.py                                                              1729   1633     6%
tests/test_loan_document_generation_api.py                                                        254    236     7%
tests/test_member_authority_action_matrix.py                                                      355    343     3%
tests/test_member_bank_accounts_api.py                                                            173    148    14%
tests/test_member_directory_api.py                                                                 79     61    23%
tests/test_member_governance_api.py                                                               282    272     4%
tests/test_member_kyc_api.py                                                                      154    124    19%
tests/test_member_land_crop_api.py                                                                157    132    16%
tests/test_member_nominees_api.py                                                                 138    114    17%
tests/test_member_profile_api.py                                                                  216    181    16%
tests/test_member_scope_assignment_api.py                                                          70     65     7%
tests/test_member_shareholdings_api.py                                                            113     91    19%
tests/test_nominee_validation.py                                                                   25     15    40%
tests/test_notifications_api.py                                                                   155    150     3%
tests/test_object_permissions.py                                                                   60     56     7%
tests/test_portal_auth_api.py                                                                     127    125     2%
tests/test_portal_member_api.py                                                                   438    426     3%
tests/test_produce_supply_api.py                                                                  182    177     3%
tests/test_sanction_submission_api.py                                                            1012    992     2%
tests/test_scheduler_services.py                                                                   48     34    29%
tests/test_seed_demo_users.py                                                                     147    119    19%
tests/test_seed_e2e_users.py                                                                      153    123    20%
tests/test_tracer_api.py                                                                          125    106    15%
tests/test_witness_api.py                                                                         429    380    11%
tests/test_witness_evidence_migration.py                                                           82     65    21%
tests/test_workflow_events_api.py                                                                 102     96     6%
tests/test_workflow_guard.py                                                                       28     20    29%
tracer/__init__.py                                                                                  0      0   100%
tracer/apps.py                                                                                      4      0   100%
tracer/migrations/0001_initial.py                                                                   8      0   100%
tracer/migrations/0002_remove_tracer_workflowevent_state.py                                         4      0   100%
tracer/migrations/__init__.py                                                                       0      0   100%
tracer/models.py                                                                                   46      0   100%
tracer/services.py                                                                                118    118     0%
tracer/views.py                                                                                   100    100     0%
workflows/__init__.py                                                                               2      0   100%
workflows/apps.py                                                                                   4      0   100%
workflows/event_views.py                                                                           17     17     0%
workflows/events.py                                                                                61     57     7%
workflows/guard.py                                                                                 51     23    55%
workflows/migrations/0001_canonical_workflow_event.py                                               8      0   100%
workflows/migrations/__init__.py                                                                    0      0   100%
workflows/models.py                                                                                16      0   100%
-------------------------------------------------------------------------------------------------------------------
TOTAL                                                                                           26761  23439    12%
Coverage failure: total of 12 is less than fail-under=85
