Creating test database for alias 'default'...
Found 111 test(s).
System check identified no issues (0 silenced).
...........................................................................................GLOBAL_SEARCH_INDEX_PLANS {'pan': '3 0 0 SEARCH members USING INDEX idx_members_pan_hash (pan_hash=?)', 'aadhaar': '3 0 0 SEARCH members USING INDEX idx_members_aadhaar_hash (aadhaar_hash=?)', 'aadhaar_last4': '3 0 0 SEARCH members USING INDEX members_aadhaar_last4_6253ff18 (aadhaar_last4=?)', 'share_count': '3 0 0 SEARCH members USING INDEX members_number_of_shares_4d7470ba (number_of_shares=?)', 'bank_last4': '3 0 0 SEARCH bank_accounts USING INDEX bank_accounts_account_number_last4_3bd9ef02 (account_number_last4=?)'}
Catalogue seeded: 199 permissions, 20 roles, 8 teams, 274 role-permission links.
Epic 009 E2E fixture seeded: completed SAP, sanctioned blocked account, Credit Manager, Senior Finance, and CFC actors.
Epic 009 E2E fixture already seeded.
..E2E users seeded: e2e.tracer@sfpcl.example (role e2e_tracer, permission tracer.lifecycle.run); e2e.zero@sfpcl.example (role it_head, no permissions). Credit fixture: LOE2E00601, e2e.credit.finance@sfpcl.example, e2e.credit.manager@sfpcl.example.
.E2E users seeded: e2e.tracer@sfpcl.example (role e2e_tracer, permission tracer.lifecycle.run); e2e.zero@sfpcl.example (role it_head, no permissions). Credit fixture: LOE2E00601, e2e.credit.finance@sfpcl.example, e2e.credit.manager@sfpcl.example.
.E2E users seeded: e2e.tracer@sfpcl.example (role e2e_tracer, permission tracer.lifecycle.run); e2e.zero@sfpcl.example (role it_head, no permissions). Credit fixture: LOE2E00601, e2e.credit.finance@sfpcl.example, e2e.credit.manager@sfpcl.example.
.Catalogue seeded: 199 permissions, 20 roles, 8 teams, 274 role-permission links.
E2E users seeded: e2e.tracer@sfpcl.example (role e2e_tracer, permission tracer.lifecycle.run); e2e.zero@sfpcl.example (role it_head, no permissions). Credit fixture: LOE2E00601, e2e.credit.finance@sfpcl.example, e2e.credit.manager@sfpcl.example.
E2E users seeded: e2e.tracer@sfpcl.example (role e2e_tracer, permission tracer.lifecycle.run); e2e.zero@sfpcl.example (role it_head, no permissions). Credit fixture: LOE2E00601, e2e.credit.finance@sfpcl.example, e2e.credit.manager@sfpcl.example.
.E2E users seeded: e2e.tracer@sfpcl.example (role e2e_tracer, permission tracer.lifecycle.run); e2e.zero@sfpcl.example (role it_head, no permissions). Credit fixture: LOE2E00601, e2e.credit.finance@sfpcl.example, e2e.credit.manager@sfpcl.example.
.E2E users seeded: e2e.tracer@sfpcl.example (role e2e_tracer, permission tracer.lifecycle.run); e2e.zero@sfpcl.example (role it_head, no permissions). Credit fixture: LOE2E00601, e2e.credit.finance@sfpcl.example, e2e.credit.manager@sfpcl.example.
E2E users seeded: e2e.tracer@sfpcl.example (role e2e_tracer, permission tracer.lifecycle.run); e2e.zero@sfpcl.example (role it_head, no permissions). Credit fixture: LOE2E00601, e2e.credit.finance@sfpcl.example, e2e.credit.manager@sfpcl.example.
..Catalogue seeded: 199 permissions, 20 roles, 8 teams, 274 role-permission links.
E2E users seeded: e2e.tracer@sfpcl.example (role e2e_tracer, permission tracer.lifecycle.run); e2e.zero@sfpcl.example (role it_head, no permissions). Credit fixture: LOE2E00601, e2e.credit.finance@sfpcl.example, e2e.credit.manager@sfpcl.example.
.Catalogue seeded: 199 permissions, 20 roles, 8 teams, 274 role-permission links.
E2E users seeded: e2e.tracer@sfpcl.example (role e2e_tracer, permission tracer.lifecycle.run); e2e.zero@sfpcl.example (role it_head, no permissions). Credit fixture: LOE2E00601, e2e.credit.finance@sfpcl.example, e2e.credit.manager@sfpcl.example.
.Catalogue seeded: 199 permissions, 20 roles, 8 teams, 274 role-permission links.
Epic 009 E2E fixture seeded: completed SAP, sanctioned blocked account, Credit Manager, Senior Finance, and CFC actors.
Portal E2E fixture seeded for e2e.portal@sfpcl.example: LO000008L4, LO000008L4-R.
Portal E2E fixture already exists.
.Catalogue seeded: 199 permissions, 20 roles, 8 teams, 274 role-permission links.
Portal E2E fixture seeded for e2e.portal@sfpcl.example: LO000008L4, LO000008L4-R.
Portal E2E fixture already exists.
..sssss.
----------------------------------------------------------------------
Ran 111 tests in 9.026s

OK (skipped=5)
Destroying test database for alias 'default'...
