System check identified no issues (0 silenced).
======================================================================
FAIL: test_list_filters_due_member_and_assignment_with_safe_summaries (sfpcl_credit.tests.test_kyc_review_api.KycReviewApiTests.test_list_filters_due_member_and_assignment_with_safe_summaries)
----------------------------------------------------------------------
Traceback (most recent call last):
  File "/Users/amitkallapa/LMS/.ralph/worktrees/2026-07-23_060937_normal_run/sfpcl_credit/tests/test_kyc_review_api.py", line 71, in test_list_filters_due_member_and_assignment_with_safe_summaries
    self.assertEqual(response.status_code, 200, response.content)
AssertionError: 404 != 200 : b'\n<!doctype html>\n<html lang="en">\n<head>\n  <title>Not Found</title>\n</head>\n<body>\n  <h1>Not Found</h1><p>The requested resource was not found on this server.</p>\n</body>\n</html>\n'

----------------------------------------------------------------------
Ran 1 test in 0.020s

FAILED (failures=1)
System check identified no issues (0 silenced).
======================================================================
FAIL: test_list_filters_due_member_and_assignment_with_safe_summaries (sfpcl_credit.tests.test_kyc_review_api.KycReviewApiTests.test_list_filters_due_member_and_assignment_with_safe_summaries)
----------------------------------------------------------------------
Traceback (most recent call last):
  File "/Users/amitkallapa/LMS/.ralph/worktrees/2026-07-23_060937_normal_run/sfpcl_credit/tests/test_kyc_review_api.py", line 71, in test_list_filters_due_member_and_assignment_with_safe_summaries
    self.assertEqual(response.status_code, 200, response.content)
AssertionError: 404 != 200 : b'\n<!doctype html>\n<html lang="en">\n<head>\n  <title>Not Found</title>\n</head>\n<body>\n  <h1>Not Found</h1><p>The requested resource was not found on this server.</p>\n</body>\n</html>\n'

----------------------------------------------------------------------
Ran 1 test in 0.019s

FAILED (failures=1)
