System check identified no issues (0 silenced).
======================================================================
FAIL: test_due_request_queues_one_honest_communication_on_exact_replay (sfpcl_credit.tests.test_kyc_review_api.KycReviewApiTests.test_due_request_queues_one_honest_communication_on_exact_replay)
----------------------------------------------------------------------
Traceback (most recent call last):
  File "/Users/amitkallapa/LMS/.ralph/worktrees/2026-07-23_060937_normal_run/sfpcl_credit/tests/test_kyc_review_api.py", line 180, in test_due_request_queues_one_honest_communication_on_exact_replay
    self.assertEqual(first.status_code, 200, first.content)
AssertionError: 404 != 200 : b'\n<!doctype html>\n<html lang="en">\n<head>\n  <title>Not Found</title>\n</head>\n<body>\n  <h1>Not Found</h1><p>The requested resource was not found on this server.</p>\n</body>\n</html>\n'

----------------------------------------------------------------------
Ran 1 test in 0.018s

FAILED (failures=1)
System check identified no issues (0 silenced).
======================================================================
FAIL: test_due_request_queues_one_honest_communication_on_exact_replay (sfpcl_credit.tests.test_kyc_review_api.KycReviewApiTests.test_due_request_queues_one_honest_communication_on_exact_replay)
----------------------------------------------------------------------
Traceback (most recent call last):
  File "/Users/amitkallapa/LMS/.ralph/worktrees/2026-07-23_060937_normal_run/sfpcl_credit/tests/test_kyc_review_api.py", line 180, in test_due_request_queues_one_honest_communication_on_exact_replay
    self.assertEqual(first.status_code, 200, first.content)
AssertionError: 404 != 200 : b'\n<!doctype html>\n<html lang="en">\n<head>\n  <title>Not Found</title>\n</head>\n<body>\n  <h1>Not Found</h1><p>The requested resource was not found on this server.</p>\n</body>\n</html>\n'

----------------------------------------------------------------------
Ran 1 test in 0.016s

FAILED (failures=1)
