System check identified no issues (0 silenced).
======================================================================
FAIL: test_governed_auditor_reads_safe_summary_but_cannot_mutate (sfpcl_credit.tests.test_kyc_review_api.KycReviewApiTests.test_governed_auditor_reads_safe_summary_but_cannot_mutate)
----------------------------------------------------------------------
Traceback (most recent call last):
  File "/Users/amitkallapa/LMS/.ralph/worktrees/2026-07-23_060937_normal_run/sfpcl_credit/tests/test_kyc_review_api.py", line 290, in test_governed_auditor_reads_safe_summary_but_cannot_mutate
    self.assertEqual(listed.status_code, 200, listed.content)
AssertionError: 403 != 200 : b'{"success": false, "error": {"code": "FORBIDDEN", "message": "Compliance authority is required.", "details": {}, "field_errors": {}}, "meta": {"request_id": null, "timestamp": "2026-07-23T01:22:37.410119Z", "api_version": "v1"}}'

----------------------------------------------------------------------
Ran 1 test in 0.023s

FAILED (failures=1)
System check identified no issues (0 silenced).
======================================================================
FAIL: test_governed_auditor_reads_safe_summary_but_cannot_mutate (sfpcl_credit.tests.test_kyc_review_api.KycReviewApiTests.test_governed_auditor_reads_safe_summary_but_cannot_mutate)
----------------------------------------------------------------------
Traceback (most recent call last):
  File "/Users/amitkallapa/LMS/.ralph/worktrees/2026-07-23_060937_normal_run/sfpcl_credit/tests/test_kyc_review_api.py", line 290, in test_governed_auditor_reads_safe_summary_but_cannot_mutate
    self.assertEqual(listed.status_code, 200, listed.content)
AssertionError: 403 != 200 : b'{"success": false, "error": {"code": "FORBIDDEN", "message": "Compliance authority is required.", "details": {}, "field_errors": {}}, "meta": {"request_id": null, "timestamp": "2026-07-23T01:23:19.448046Z", "api_version": "v1"}}'

----------------------------------------------------------------------
Ran 1 test in 0.020s

FAILED (failures=1)
