System check identified no issues (0 silenced).
======================================================================
FAIL: test_completion_rejects_caller_state_and_requires_new_governed_verification (sfpcl_credit.tests.test_kyc_review_api.KycReviewApiTests.test_completion_rejects_caller_state_and_requires_new_governed_verification)
----------------------------------------------------------------------
Traceback (most recent call last):
  File "/Users/amitkallapa/LMS/.ralph/worktrees/2026-07-23_060937_normal_run/sfpcl_credit/tests/test_kyc_review_api.py", line 223, in test_completion_rejects_caller_state_and_requires_new_governed_verification
    self.assertEqual(forged.status_code, 400, forged.content)
AssertionError: 404 != 400 : b'\n<!doctype html>\n<html lang="en">\n<head>\n  <title>Not Found</title>\n</head>\n<body>\n  <h1>Not Found</h1><p>The requested resource was not found on this server.</p>\n</body>\n</html>\n'

----------------------------------------------------------------------
Ran 1 test in 0.017s

FAILED (failures=1)
System check identified no issues (0 silenced).
======================================================================
FAIL: test_completion_rejects_caller_state_and_requires_new_governed_verification (sfpcl_credit.tests.test_kyc_review_api.KycReviewApiTests.test_completion_rejects_caller_state_and_requires_new_governed_verification)
----------------------------------------------------------------------
Traceback (most recent call last):
  File "/Users/amitkallapa/LMS/.ralph/worktrees/2026-07-23_060937_normal_run/sfpcl_credit/tests/test_kyc_review_api.py", line 223, in test_completion_rejects_caller_state_and_requires_new_governed_verification
    self.assertEqual(forged.status_code, 400, forged.content)
AssertionError: 404 != 400 : b'\n<!doctype html>\n<html lang="en">\n<head>\n  <title>Not Found</title>\n</head>\n<body>\n  <h1>Not Found</h1><p>The requested resource was not found on this server.</p>\n</body>\n</html>\n'

----------------------------------------------------------------------
Ran 1 test in 0.017s

FAILED (failures=1)
