
> sfpcl-lms@1.0.0 test
> vitest run --run

[33mThe CJS build of Vite's Node API is deprecated. See https://vite.dev/guide/troubleshooting.html#vite-cjs-node-api-deprecated for more details.[39m

 RUN  v3.2.6 ./sfpcl-lms

 ✓ src/services/applicationIntakeApi.test.ts (5 tests) 10ms
 ✓ src/services/creditAssessmentApi.test.ts (5 tests) 11ms
 ✓ src/services/authSession.test.ts (15 tests) 20ms
 ✓ src/services/portalApi.test.ts (4 tests) 13ms
 ✓ src/pages/applications/ApplicationDetail.test.tsx (9 tests) 94ms
 ✓ src/pages/members/Borrower360.test.tsx (4 tests) 145ms
 ✓ src/services/navigationPermissions.test.ts (7 tests) 7ms
 ✓ src/pages/appraisal/AppraisalWorkbench.test.tsx (22 tests) 202ms
 ✓ src/pages/applications/CompletenessWorkbench.test.tsx (5 tests) 113ms
 ✓ src/pages/members/MemberProfile.test.tsx (26 tests) 335ms
 ✓ src/pages/notifications/NotificationsCenter.test.tsx (6 tests) 43ms
 ✓ src/services/tracerApi.test.ts (2 tests) 4ms
 ✓ src/pages/Dashboard.test.tsx (13 tests) 40ms
 ✓ src/pages/borrower/portal/PortalMemberViews.test.tsx (4 tests) 44ms
 ✓ src/pages/members/MemberDirectory.test.tsx (5 tests) 33ms
 ✓ src/pages/applications/ApplicationList.test.tsx (2 tests) 31ms
 ✓ src/utils/applicationDisplay.test.ts (5 tests) 2ms
 ✓ src/contexts/RoleContext.test.tsx (2 tests) 6ms
 ✓ src/pages/applications/NomineeSelectionViews.test.tsx (3 tests) 15ms
 ✓ src/pages/profile/MyProfile.test.tsx (1 test) 11ms
 ✓ src/pages/borrower/portal/auth/MP00_Login.test.tsx (2 tests) 12ms
 ✓ src/pages/sanction/SanctionWorkbench.test.tsx (2 tests) 18ms
 ✓ src/pages/borrower/portal/applications/MP05_NewApplication.test.tsx (2 tests) 4ms
 ✓ src/pages/members/MemberProfile.container.test.tsx (1 test) 30ms
 ✓ src/services/demoAuthFlag.test.tsx (3 tests) 2371ms
   ✓ VITE_ENABLE_DEMO_AUTH real App/RoleProvider boundary (005FA4) > fails closed when the flag is unset  1999ms
 ✓ src/pages/applications/WitnessPanel.container.test.tsx (4 tests) 748ms
   ✓ mounted witness resource actions > captures with the exact body and refetches the canonical collection once  443ms
 ✓ src/pages/appraisal/AppraisalWorkbench.container.test.tsx (14 tests) 1179ms
 ✓ src/pages/members/MemberGovernanceForm.test.tsx (4 tests) 1490ms
   ✓ MemberGovernanceForm > submits the institution create variant without individual identity/profile fields  881ms
   ✓ MemberGovernanceForm > submits every individual registration profile field  522ms

 Test Files  28 passed (28)
      Tests  177 passed (177)
   Start at  20:47:23
   Duration  5.01s (transform 4.07s, setup 0ms, collect 8.52s, tests 7.03s, environment 1.69s, prepare 2.93s)

