Creating test database for alias 'default'...
Found 1 test(s).
System check identified no issues (0 silenced).
E
======================================================================
ERROR: test_generic_acceptance_freezes_immutable_provider_evidence_and_replays (sfpcl_credit.tests.test_communication_channel_contract.CommunicationChannelContractTests.test_generic_acceptance_freezes_immutable_provider_evidence_and_replays)
----------------------------------------------------------------------
Traceback (most recent call last):
  File "/Users/amitkallapa/LMS/.ralph/venv/lib/python3.11/site-packages/django/apps/config.py", line 235, in get_model
    return self.models[model_name.lower()]
           ~~~~~~~~~~~^^^^^^^^^^^^^^^^^^^^
KeyError: 'communicationproviderevidence'

During handling of the above exception, another exception occurred:

Traceback (most recent call last):
  File "/Users/amitkallapa/LMS/.ralph/worktrees/2026-07-18_232234_normal_run/sfpcl_credit/tests/test_communication_channel_contract.py", line 128, in test_generic_acceptance_freezes_immutable_provider_evidence_and_replays
    ProviderEvidence = apps.get_model(
                       ^^^^^^^^^^^^^^^
  File "/Users/amitkallapa/LMS/.ralph/venv/lib/python3.11/site-packages/django/apps/registry.py", line 213, in get_model
    return app_config.get_model(model_name, require_ready=require_ready)
           ^^^^^^^^^^^^^^^^^^^^^^^^^^^^^^^^^^^^^^^^^^^^^^^^^^^^^^^^^^^^^
  File "/Users/amitkallapa/LMS/.ralph/venv/lib/python3.11/site-packages/django/apps/config.py", line 237, in get_model
    raise LookupError(
LookupError: App 'communications' doesn't have a 'CommunicationProviderEvidence' model.

----------------------------------------------------------------------
Ran 1 test in 0.025s

FAILED (errors=1)
Destroying test database for alias 'default'...
