Command:
RALPH_EVIDENCE_DIR=/Users/amitkallapa/LMS/.ralph/worktrees/2026-07-13_033219_normal_run/.ralph/runs/2026-07-13_040511_repair/evidence/screenshots E2E_DJANGO_PYTHON=/Users/amitkallapa/LMS/.ralph/venv/bin/python npm run e2e -- e2e/portal-application-limit-authority.e2e.spec.ts

Working directory: sfpcl-lms/


> sfpcl-lms@1.0.0 e2e
> playwright test e2e/portal-application-limit-authority.e2e.spec.ts

[2m[WebServer] [22m[12/Jul/2026 22:44:28] "GET /api/v1/health/ready/ HTTP/1.1" 200 202
[2m[WebServer] [22m[33mThe CJS build of Vite's Node API is deprecated. See https://vite.dev/guide/troubleshooting.html#vite-cjs-node-api-deprecated for more details.[39m

Running 4 tests using 1 worker

  ✓  1 [chromium] › portal-application-limit-authority.e2e.spec.ts:10:5 › available projection renders only the three server amounts (2.1s)
  ✓  2 [chromium] › portal-application-limit-authority.e2e.spec.ts:22:5 › unavailable projection has no invented zero or internal reason (1.4s)
  ✓  3 [chromium] › portal-application-limit-authority.e2e.spec.ts:31:5 › over-limit advisory is derived only from the server flag (1.4s)
  ✘  4 [chromium] › portal-application-limit-authority.e2e.spec.ts:38:5 › review repeats the canonical server maximum without recalculation (7.7s)


  1) [chromium] › portal-application-limit-authority.e2e.spec.ts:38:5 › review repeats the canonical server maximum without recalculation 

    Error: [31mTimed out 5000ms waiting for [39m[2mexpect([22m[31mlocator[39m[2m).[22mtoBeVisible[2m()[22m

    Locator: getByText('As of 2026-07-12 · Rule portal-limit-v1')
    Expected: visible
    Received: <element(s) not found>
    Call log:
    [2m  - expect.toBeVisible with timeout 5000ms[22m
    [2m  - waiting for getByText('As of 2026-07-12 · Rule portal-limit-v1')[22m


      47 |   await page.getByRole('button', { name: 'New Loan Application', exact: true }).click();
      48 |   await page.getByRole('button', { name: 'Continue' }).click();
    > 49 |   await expect(page.getByText('As of 2026-07-12 · Rule portal-limit-v1')).toBeVisible();
         |                                                                           ^
      50 |   await page.screenshot({ path: path.join(evidenceRoot, 'portal-limit-review-maximum.png'), fullPage: true });
      51 | });
      52 |
        at /Users/amitkallapa/LMS/.ralph/worktrees/2026-07-13_033219_normal_run/sfpcl-lms/e2e/portal-application-limit-authority.e2e.spec.ts:49:75

  1 failed
    [chromium] › portal-application-limit-authority.e2e.spec.ts:38:5 › review repeats the canonical server maximum without recalculation 
  3 passed (18.0s)

Exit code: 1
