Verifying run-1
cfc-authorisation.png: OK
disbursement-readiness-blockers.png: OK
loan-account-active-summary.png: OK
loan-account-list.png: OK
loan-account-safe-error.png: OK
loan-account-sanctioned-summary.png: OK
payment-initiation.png: OK
sap-request-and-confirmation.png: OK
transfer-and-advice-success.png: OK
Verifying run-2
cfc-authorisation.png: OK
disbursement-readiness-blockers.png: OK
loan-account-active-summary.png: OK
loan-account-list.png: OK
loan-account-safe-error.png: OK
loan-account-sanctioned-summary.png: OK
payment-initiation.png: OK
sap-request-and-confirmation.png: OK
transfer-and-advice-success.png: OK
