Creating test database for alias 'default'...
Found 1 test(s).
System check identified no issues (0 silenced).
FFFFFFF
======================================================================
FAIL: test_package_read_role_and_object_scope_never_grants_mutation_or_reveal (sfpcl_credit.tests.test_power_of_attorney_api.PowerOfAttorneyApiTests.test_package_read_role_and_object_scope_never_grants_mutation_or_reveal) (reader='credit_manager@poa.example')
----------------------------------------------------------------------
Traceback (most recent call last):
  File "/Users/amitkallapa/LMS/.ralph/worktrees/2026-07-15_001106_normal_run/sfpcl_credit/tests/test_power_of_attorney_api.py", line 176, in test_package_read_role_and_object_scope_never_grants_mutation_or_reveal
    self.assertEqual(response.status_code, 200, response.content)
AssertionError: 403 != 200 : b'{"success": false, "error": {"code": "FORBIDDEN", "message": "You do not have access to this security package.", "details": {}, "field_errors": {}}, "meta": {"request_id": null, "timestamp": "2026-07-14T18:47:37.306797Z", "api_version": "v1"}}'

======================================================================
FAIL: test_package_read_role_and_object_scope_never_grants_mutation_or_reveal (sfpcl_credit.tests.test_power_of_attorney_api.PowerOfAttorneyApiTests.test_package_read_role_and_object_scope_never_grants_mutation_or_reveal) (reader='senior_manager_finance@poa.example')
----------------------------------------------------------------------
Traceback (most recent call last):
  File "/Users/amitkallapa/LMS/.ralph/worktrees/2026-07-15_001106_normal_run/sfpcl_credit/tests/test_power_of_attorney_api.py", line 176, in test_package_read_role_and_object_scope_never_grants_mutation_or_reveal
    self.assertEqual(response.status_code, 200, response.content)
AssertionError: 403 != 200 : b'{"success": false, "error": {"code": "FORBIDDEN", "message": "You do not have access to this security package.", "details": {}, "field_errors": {}}, "meta": {"request_id": null, "timestamp": "2026-07-14T18:47:37.309975Z", "api_version": "v1"}}'

======================================================================
FAIL: test_package_read_role_and_object_scope_never_grants_mutation_or_reveal (sfpcl_credit.tests.test_power_of_attorney_api.PowerOfAttorneyApiTests.test_package_read_role_and_object_scope_never_grants_mutation_or_reveal) (reader='chief_financial_controller@poa.example')
----------------------------------------------------------------------
Traceback (most recent call last):
  File "/Users/amitkallapa/LMS/.ralph/worktrees/2026-07-15_001106_normal_run/sfpcl_credit/tests/test_power_of_attorney_api.py", line 176, in test_package_read_role_and_object_scope_never_grants_mutation_or_reveal
    self.assertEqual(response.status_code, 200, response.content)
AssertionError: 403 != 200 : b'{"success": false, "error": {"code": "FORBIDDEN", "message": "You do not have access to this security package.", "details": {}, "field_errors": {}}, "meta": {"request_id": null, "timestamp": "2026-07-14T18:47:37.312896Z", "api_version": "v1"}}'

======================================================================
FAIL: test_package_read_role_and_object_scope_never_grants_mutation_or_reveal (sfpcl_credit.tests.test_power_of_attorney_api.PowerOfAttorneyApiTests.test_package_read_role_and_object_scope_never_grants_mutation_or_reveal) (reader='cfo-1@sfpcl.example')
----------------------------------------------------------------------
Traceback (most recent call last):
  File "/Users/amitkallapa/LMS/.ralph/worktrees/2026-07-15_001106_normal_run/sfpcl_credit/tests/test_power_of_attorney_api.py", line 176, in test_package_read_role_and_object_scope_never_grants_mutation_or_reveal
    self.assertEqual(response.status_code, 200, response.content)
AssertionError: 403 != 200 : b'{"success": false, "error": {"code": "FORBIDDEN", "message": "You do not have access to this security package.", "details": {}, "field_errors": {}}, "meta": {"request_id": null, "timestamp": "2026-07-14T18:47:37.315944Z", "api_version": "v1"}}'

======================================================================
FAIL: test_package_read_role_and_object_scope_never_grants_mutation_or_reveal (sfpcl_credit.tests.test_power_of_attorney_api.PowerOfAttorneyApiTests.test_package_read_role_and_object_scope_never_grants_mutation_or_reveal) (reader='director-2@sfpcl.example')
----------------------------------------------------------------------
Traceback (most recent call last):
  File "/Users/amitkallapa/LMS/.ralph/worktrees/2026-07-15_001106_normal_run/sfpcl_credit/tests/test_power_of_attorney_api.py", line 176, in test_package_read_role_and_object_scope_never_grants_mutation_or_reveal
    self.assertEqual(response.status_code, 200, response.content)
AssertionError: 403 != 200 : b'{"success": false, "error": {"code": "FORBIDDEN", "message": "You do not have access to this security package.", "details": {}, "field_errors": {}}, "meta": {"request_id": null, "timestamp": "2026-07-14T18:47:37.318914Z", "api_version": "v1"}}'

======================================================================
FAIL: test_package_read_role_and_object_scope_never_grants_mutation_or_reveal (sfpcl_credit.tests.test_power_of_attorney_api.PowerOfAttorneyApiTests.test_package_read_role_and_object_scope_never_grants_mutation_or_reveal) (reader='internal_auditor@poa.example')
----------------------------------------------------------------------
Traceback (most recent call last):
  File "/Users/amitkallapa/LMS/.ralph/worktrees/2026-07-15_001106_normal_run/sfpcl_credit/tests/test_power_of_attorney_api.py", line 176, in test_package_read_role_and_object_scope_never_grants_mutation_or_reveal
    self.assertEqual(response.status_code, 200, response.content)
AssertionError: 403 != 200 : b'{"success": false, "error": {"code": "FORBIDDEN", "message": "You do not have access to this security package.", "details": {}, "field_errors": {}}, "meta": {"request_id": null, "timestamp": "2026-07-14T18:47:37.321812Z", "api_version": "v1"}}'

======================================================================
FAIL: test_package_read_role_and_object_scope_never_grants_mutation_or_reveal (sfpcl_credit.tests.test_power_of_attorney_api.PowerOfAttorneyApiTests.test_package_read_role_and_object_scope_never_grants_mutation_or_reveal)
----------------------------------------------------------------------
Traceback (most recent call last):
  File "/Users/amitkallapa/LMS/.ralph/worktrees/2026-07-15_001106_normal_run/sfpcl_credit/tests/test_power_of_attorney_api.py", line 184, in test_package_read_role_and_object_scope_never_grants_mutation_or_reveal
    self.assertEqual(
AssertionError: 'FORBIDDEN' != 'OBJECT_ACCESS_DENIED'
- FORBIDDEN
+ OBJECT_ACCESS_DENIED


----------------------------------------------------------------------
Ran 1 test in 0.091s

FAILED (failures=7)
Destroying test database for alias 'default'...
