
> sfpcl-lms@1.0.0 test
> vitest run src/pages/tasks/TaskInbox.test.tsx

[33mThe CJS build of Vite's Node API is deprecated. See https://vite.dev/guide/troubleshooting.html#vite-cjs-node-api-deprecated for more details.[39m

 RUN  v3.2.6 /Users/amitkallapa/LMS/.ralph/worktrees/2026-07-24_170859_normal_run/sfpcl-lms


⎯⎯⎯⎯⎯⎯ Failed Suites 1 ⎯⎯⎯⎯⎯⎯⎯

 FAIL  src/pages/tasks/TaskInbox.test.tsx [ src/pages/tasks/TaskInbox.test.tsx ]
Error: Failed to resolve import "../../services/taskInboxApi" from "src/pages/tasks/TaskInbox.test.tsx". Does the file exist?
  Plugin: vite:import-analysis
  File: /Users/amitkallapa/LMS/.ralph/worktrees/2026-07-24_170859_normal_run/sfpcl-lms/src/pages/tasks/TaskInbox.test.tsx:4:31
  1  |  import { afterEach, beforeEach, describe, expect, it, vi } from "vitest";
  2  |  import { clearStoredAuthSession, storedAuthSession } from "../../services/authSession";
  3  |  import { fetchTaskInbox } from "../../services/taskInboxApi";
     |                                  ^
  4  |  const storage = /* @__PURE__ */ new Map();
  5  |  beforeEach(() => {
 ❯ TransformPluginContext._formatError node_modules/vite/dist/node/chunks/dep-BK3b2jBa.js:49258:41
 ❯ TransformPluginContext.error node_modules/vite/dist/node/chunks/dep-BK3b2jBa.js:49253:16
 ❯ normalizeUrl node_modules/vite/dist/node/chunks/dep-BK3b2jBa.js:64307:23
 ❯ node_modules/vite/dist/node/chunks/dep-BK3b2jBa.js:64439:39
 ❯ TransformPluginContext.transform node_modules/vite/dist/node/chunks/dep-BK3b2jBa.js:64366:7
 ❯ PluginContainer.transform node_modules/vite/dist/node/chunks/dep-BK3b2jBa.js:49099:18
 ❯ loadAndTransform node_modules/vite/dist/node/chunks/dep-BK3b2jBa.js:51978:27

⎯⎯⎯⎯⎯⎯⎯⎯⎯⎯⎯⎯⎯⎯⎯⎯⎯⎯⎯⎯⎯⎯⎯⎯[1/1]⎯


 Test Files  1 failed (1)
      Tests  no tests
   Start at  17:17:39
   Duration  631ms (transform 8ms, setup 0ms, collect 0ms, tests 0ms, environment 331ms, prepare 38ms)

