
> sfpcl-lms@1.0.0 test
> vitest run src/pages/tasks/TaskInbox.test.tsx

[33mThe CJS build of Vite's Node API is deprecated. See https://vite.dev/guide/troubleshooting.html#vite-cjs-node-api-deprecated for more details.[39m

 RUN  v3.2.6 /Users/amitkallapa/LMS/.ralph/worktrees/2026-07-24_170859_normal_run/sfpcl-lms

 ❯ src/pages/tasks/TaskInbox.test.tsx (2 tests | 1 failed) 1089ms
   ✓ Task Inbox API > loads a strict page and sends S03 filters to the backend 4ms
   × Task Inbox screen > renders the S03 API columns and replaces the page through backend pagination 1084ms
     → Unable to find an element with the text: Seeded Borrower. This could be because the text is broken up by multiple elements. In this case, you can provide a function for your text matcher to make your matcher more flexible.

Ignored nodes: comments, script, style
[36m<body>[39m
  [36m<div>[39m
    [36m<div[39m
      [33mclass[39m=[32m"p-6"[39m
    [36m>[39m
      [36m<div[39m
        [33mclass[39m=[32m"flex items-center justify-between mb-6"[39m
      [36m>[39m
        [36m<div>[39m
          [36m<h1[39m
            [33mclass[39m=[32m"text-xl font-bold text-slate-900"[39m
          [36m>[39m
            [0mTask Inbox[0m
          [36m</h1>[39m
          [36m<p[39m
            [33mclass[39m=[32m"text-sm text-slate-500 mt-1"[39m
          [36m>[39m
            [0mDeputy Manager – Finance work items assigned to your team.[0m
          [36m</p>[39m
        [36m</div>[39m
        [36m<div[39m
          [33mclass[39m=[32m"flex items-center gap-2"[39m
        [36m>[39m
          [36m<span[39m
            [33mclass[39m=[32m"flex items-center gap-1.5 text-xs font-semibold text-red-700 bg-red-100 px-3 py-1.5 rounded-full"[39m
          [36m>[39m
            [36m<svg[39m
              [33maria-hidden[39m=[32m"true"[39m
              [33mclass[39m=[32m"lucide lucide-triangle-alert"[39m
              [33mfill[39m=[32m"none"[39m
              [33mheight[39m=[32m"12"[39m
              [33mstroke[39m=[32m"currentColor"[39m
              [33mstroke-linecap[39m=[32m"round"[39m
              [33mstroke-linejoin[39m=[32m"round"[39m
              [33mstroke-width[39m=[32m"2"[39m
              [33mviewBox[39m=[32m"0 0 24 24"[39m
              [33mwidth[39m=[32m"12"[39m
              [33mxmlns[39m=[32m"http://www.w3.org/2000/svg"[39m
            [36m>[39m
              [36m<path[39m
                [33md[39m=[32m"m21.73 18-8-14a2 2 0 0 0-3.48 0l-8 14A2 2 0 0 0 4 21h16a2 2 0 0 0 1.73-3"[39m
              [36m/>[39m
              [36m<path[39m
                [33md[39m=[32m"M12 9v4"[39m
              [36m/>[39m
              [36m<path[39m
                [33md[39m=[32m"M12 17h.01"[39m
              [36m/>[39m
            [36m</svg>[39m
            [0m1 critical[0m
          [36m</span>[39m
          [36m<span[39m
            [33mclass[39m=[32m"flex items-center gap-1.5 text-xs font-semibold text-amber-700 bg-amber-100 px-3 py-1.5 rounded-full"[39m
          [36m>[39m
            [36m<svg[39m
              [33maria-hidden[39m=[32m"true"[39m
              [33mclass[39m=[32m"lucide lucide-clock"[39m
              [33mfill[39m=[32m"none"[39m
              [33mheight[39m=[32m"12"[39m
              [33mstroke[39m=[32m"currentColor"[39m
              [33mstroke-linecap[39m=[32m"round"[39m
              [33mstroke-linejoin[39m=[32m"round"[39m
              [33mstroke-width[39m=[32m"2"[39m
              [33mviewBox[39m=[32m"0 0 24 24"[39m
              [33mwidth[39m=[32m"12"[39m
              [33mxmlns[39m=[32m"http://www.w3.org/2000/svg"[39m
            [36m>[39m
              [36m<circle[39m
                [33mcx[39m=[32m"12"[39m
                [33mcy[39m=[32m"12"[39m
                [33mr[39m=[32m"10"[39m
              [36m/>[39m
              [36m<path[39m
                [33md[39m=[32m"M12 6v6l4 2"[39m
              [36m/>[39m
            [36m</svg>[39m
            [0m4[0m
            [0m high priority[0m
          [36m</span>[39m
          [36m<button[39m
            [33mclass[39m=[32m"flex items-center gap-2 text-sm font-medium text-slate-700 bg-white border border-slate-200 px-3 py-2 rounded-lg hover:bg-slate-50 transition-colors ml-2"[39m
          [36m>[39m
            [36m<svg[39m
              [33maria-hidden[39m=[32m"true"[39m
              [33mclass[39m=[32m"lucide lucide-download"[39m
              [33mfill[39m=[32m"none"[39m
              [33mheight[39m=[32m"16"[39m
              [33mstroke[39m=[32m"currentColor"[39m
              [33mstroke-linecap[39m=[32m"round"[39m
              [33mstroke-linejoin[39m=[32m"round"[39m
              [33mstroke-width[39m=[32m"2"[39m
              [33mviewBox[39m=[32m"0 0 24 24"[39m
              [33mwidth[39m=[32m"16"[39m
              [33mxmlns[39m=[32m"http://www.w3.org/2000/svg"[39m
            [36m>[39m
              [36m<path[39m
                [33md[39m=[32m"M12 15V3"[39m
              [36m/>[39m
              [36m<path[39m
                [33md[39m=[32m"M21 15v4a2 2 0 0 1-2 2H5a2 2 0 0 1-2-2v-4"[39m
              [36m/>[39m
              [36m<path[39m
                [33md[39m=[32m"m7 10 5 5 5-5"[39m
              [36m/>[39m
            [36m</svg>[39m
            [0mExport CSV[0m
          [36m</button>[39m
        [36m</div>[39m
      [36m</div>[39m
      [36m<div[39m
        [33mclass[39m=[32m"flex items-center gap-3 mb-5 flex-wrap"[39m
      [36m>[39m
        [36m<div[39m
          [33mclass[39m=[32m"flex items-center gap-1 bg-white border border-slate-200 rounded-lg p-1"[39m
        [36m>[39m
          [36m<button[39m
            [33mclass[39m=[32m"px-3 py-1.5 text-xs font-medium rounded transition-colors capitalize bg-green-600 text-white shadow-sm"[39m
          [36m>[39m
            [0mAll[0m
          [36m</button>[39m
          [36m<button[39m
            [33mclass[39m=[32m"px-3 py-1.5 text-xs font-medium rounded transition-colors capitalize text-slate-600 hover:bg-slate-50"[39m
          [36m>[39m
            [0mCritical[0m
          [36m</button>[39m
          [36m<button[39m
            [33mclass[39m=[32m"px-3 py-1.5 text-xs font-medium rounded transition-colors capitalize text-slate-600 hover:bg-slate-50"[39m
          [36m>[39m
            [0mHigh[0m
          [36m</button>[39m
          [36m<button[39m
            [33mclass[39m=[32m"px-3 py-1.5 text-xs font-medium rounded transition-colors capitalize text-slate-600 hover:bg-slate-50"[39m
          [36m>[39m
            [0mNormal[0m
          [36m</button>[39m
        [36m</div>[39m
        [36m<select[39m
          [33mclass[39m=[32m"text-sm border border-slate-200 rounded-lg px-3 py-2 focus:outline-none focus:ring-2 focus:ring-green-500 bg-white"[39m
        [36m>[39m
          [36m<option[39m
            [33mvalue[39m=[32m"all"[39m
          [36m>[39m
            [0mAll task types[0m
          [36m</option>[39m
          [36m<option[39m
            [33mvalue[39m=[32m"completeness_check"[39m
          [36m>[39m
            [0mCompleteness Check[0m
          [36m</option>[39m
          [36m<option[39m
            [33mvalue[39m=[32m"appraisal"[39m
          [36m>[39m
            [0mPrepare Appraisal[0m
          [36m</option>[39m
        [36m</select>[39m
        [36m<button[39m
          [33mclass[39m=[32m"flex items-center gap-2 text-sm px-3 py-2 border rounded-lg transition-colors bg-white border-slate-200 text-slate-600 hover:bg-slate-50"[39m
        [36m>[39m
          [36m<svg[39m
            [3...

Ignored nodes: comments, script, style
[36m<body>[39m
  [36m<div>[39m
    [36m<div[39m
      [33mclass[39m=[32m"p-6"[39m
    [36m>[39m
      [36m<div[39m
        [33mclass[39m=[32m"flex items-center justify-between mb-6"[39m
      [36m>[39m
        [36m<div>[39m
          [36m<h1[39m
            [33mclass[39m=[32m"text-xl font-bold text-slate-900"[39m
          [36m>[39m
            [0mTask Inbox[0m
          [36m</h1>[39m
          [36m<p[39m
            [33mclass[39m=[32m"text-sm text-slate-500 mt-1"[39m
          [36m>[39m
            [0mDeputy Manager – Finance work items assigned to your team.[0m
          [36m</p>[39m
        [36m</div>[39m
        [36m<div[39m
          [33mclass[39m=[32m"flex items-center gap-2"[39m
        [36m>[39m
          [36m<span[39m
            [33mclass[39m=[32m"flex items-center gap-1.5 text-xs font-semibold text-red-700 bg-red-100 px-3 py-1.5 rounded-full"[39m
          [36m>[39m
            [36m<svg[39m
              [33maria-hidden[39m=[32m"true"[39m
              [33mclass[39m=[32m"lucide lucide-triangle-alert"[39m
              [33mfill[39m=[32m"none"[39m
              [33mheight[39m=[32m"12"[39m
              [33mstroke[39m=[32m"currentColor"[39m
              [33mstroke-linecap[39m=[32m"round"[39m
              [33mstroke-linejoin[39m=[32m"round"[39m
              [33mstroke-width[39m=[32m"2"[39m
              [33mviewBox[39m=[32m"0 0 24 24"[39m
              [33mwidth[39m=[32m"12"[39m
              [33mxmlns[39m=[32m"http://www.w3.org/2000/svg"[39m
            [36m>[39m
              [36m<path[39m
                [33md[39m=[32m"m21.73 18-8-14a2 2 0 0 0-3.48 0l-8 14A2 2 0 0 0 4 21h16a2 2 0 0 0 1.73-3"[39m
              [36m/>[39m
              [36m<path[39m
                [33md[39m=[32m"M12 9v4"[39m
              [36m/>[39m
              [36m<path[39m
                [33md[39m=[32m"M12 17h.01"[39m
              [36m/>[39m
            [36m</svg>[39m
            [0m1 critical[0m
          [36m</span>[39m
          [36m<span[39m
            [33mclass[39m=[32m"flex items-center gap-1.5 text-xs font-semibold text-amber-700 bg-amber-100 px-3 py-1.5 rounded-full"[39m
          [36m>[39m
            [36m<svg[39m
              [33maria-hidden[39m=[32m"true"[39m
              [33mclass[39m=[32m"lucide lucide-clock"[39m
              [33mfill[39m=[32m"none"[39m
              [33mheight[39m=[32m"12"[39m
              [33mstroke[39m=[32m"currentColor"[39m
              [33mstroke-linecap[39m=[32m"round"[39m
              [33mstroke-linejoin[39m=[32m"round"[39m
              [33mstroke-width[39m=[32m"2"[39m
              [33mviewBox[39m=[32m"0 0 24 24"[39m
              [33mwidth[39m=[32m"12"[39m
              [33mxmlns[39m=[32m"http://www.w3.org/2000/svg"[39m
            [36m>[39m
              [36m<circle[39m
                [33mcx[39m=[32m"12"[39m
                [33mcy[39m=[32m"12"[39m
                [33mr[39m=[32m"10"[39m
              [36m/>[39m
              [36m<path[39m
                [33md[39m=[32m"M12 6v6l4 2"[39m
              [36m/>[39m
            [36m</svg>[39m
            [0m4[0m
            [0m high priority[0m
          [36m</span>[39m
          [36m<button[39m
            [33mclass[39m=[32m"flex items-center gap-2 text-sm font-medium text-slate-700 bg-white border border-slate-200 px-3 py-2 rounded-lg hover:bg-slate-50 transition-colors ml-2"[39m
          [36m>[39m
            [36m<svg[39m
              [33maria-hidden[39m=[32m"true"[39m
              [33mclass[39m=[32m"lucide lucide-download"[39m
              [33mfill[39m=[32m"none"[39m
              [33mheight[39m=[32m"16"[39m
              [33mstroke[39m=[32m"currentColor"[39m
              [33mstroke-linecap[39m=[32m"round"[39m
              [33mstroke-linejoin[39m=[32m"round"[39m
              [33mstroke-width[39m=[32m"2"[39m
              [33mviewBox[39m=[32m"0 0 24 24"[39m
              [33mwidth[39m=[32m"16"[39m
              [33mxmlns[39m=[32m"http://www.w3.org/2000/svg"[39m
            [36m>[39m
              [36m<path[39m
                [33md[39m=[32m"M12 15V3"[39m
              [36m/>[39m
              [36m<path[39m
                [33md[39m=[32m"M21 15v4a2 2 0 0 1-2 2H5a2 2 0 0 1-2-2v-4"[39m
              [36m/>[39m
              [36m<path[39m
                [33md[39m=[32m"m7 10 5 5 5-5"[39m
              [36m/>[39m
            [36m</svg>[39m
            [0mExport CSV[0m
          [36m</button>[39m
        [36m</div>[39m
      [36m</div>[39m
      [36m<div[39m
        [33mclass[39m=[32m"flex items-center gap-3 mb-5 flex-wrap"[39m
      [36m>[39m
        [36m<div[39m
          [33mclass[39m=[32m"flex items-center gap-1 bg-white border border-slate-200 rounded-lg p-1"[39m
        [36m>[39m
          [36m<button[39m
            [33mclass[39m=[32m"px-3 py-1.5 text-xs font-medium rounded transition-colors capitalize bg-green-600 text-white shadow-sm"[39m
          [36m>[39m
            [0mAll[0m
          [36m</button>[39m
          [36m<button[39m
            [33mclass[39m=[32m"px-3 py-1.5 text-xs font-medium rounded transition-colors capitalize text-slate-600 hover:bg-slate-50"[39m
          [36m>[39m
            [0mCritical[0m
          [36m</button>[39m
          [36m<button[39m
            [33mclass[39m=[32m"px-3 py-1.5 text-xs font-medium rounded transition-colors capitalize text-slate-600 hover:bg-slate-50"[39m
          [36m>[39m
            [0mHigh[0m
          [36m</button>[39m
          [36m<button[39m
            [33mclass[39m=[32m"px-3 py-1.5 text-xs font-medium rounded transition-colors capitalize text-slate-600 hover:bg-slate-50"[39m
          [36m>[39m
            [0mNormal[0m
          [36m</button>[39m
        [36m</div>[39m
        [36m<select[39m
          [33mclass[39m=[32m"text-sm border border-slate-200 rounded-lg px-3 py-2 focus:outline-none focus:ring-2 focus:ring-green-500 bg-white"[39m
        [36m>[39m
          [36m<option[39m
            [33mvalue[39m=[32m"all"[39m
          [36m>[39m
            [0mAll task types[0m
          [36m</option>[39m
          [36m<option[39m
            [33mvalue[39m=[32m"completeness_check"[39m
          [36m>[39m
            [0mCompleteness Check[0m
          [36m</option>[39m
          [36m<option[39m
            [33mvalue[39m=[32m"appraisal"[39m
          [36m>[39m
            [0mPrepare Appraisal[0m
          [36m</option>[39m
        [36m</select>[39m
        [36m<button[39m
          [33mclass[39m=[32m"flex items-center gap-2 text-sm px-3 py-2 border rounded-lg transition-colors bg-white border-slate-200 text-slate-600 hover:bg-slate-50"[39m
        [36m>[39m
          [36m<svg[39m
            [3...

⎯⎯⎯⎯⎯⎯⎯ Failed Tests 1 ⎯⎯⎯⎯⎯⎯⎯

 FAIL  src/pages/tasks/TaskInbox.test.tsx > Task Inbox screen > renders the S03 API columns and replaces the page through backend pagination
TestingLibraryElementError: Unable to find an element with the text: Seeded Borrower. This could be because the text is broken up by multiple elements. In this case, you can provide a function for your text matcher to make your matcher more flexible.

Ignored nodes: comments, script, style
[36m<body>[39m
  [36m<div>[39m
    [36m<div[39m
      [33mclass[39m=[32m"p-6"[39m
    [36m>[39m
      [36m<div[39m
        [33mclass[39m=[32m"flex items-center justify-between mb-6"[39m
      [36m>[39m
        [36m<div>[39m
          [36m<h1[39m
            [33mclass[39m=[32m"text-xl font-bold text-slate-900"[39m
          [36m>[39m
            [0mTask Inbox[0m
          [36m</h1>[39m
          [36m<p[39m
            [33mclass[39m=[32m"text-sm text-slate-500 mt-1"[39m
          [36m>[39m
            [0mDeputy Manager – Finance work items assigned to your team.[0m
          [36m</p>[39m
        [36m</div>[39m
        [36m<div[39m
          [33mclass[39m=[32m"flex items-center gap-2"[39m
        [36m>[39m
          [36m<span[39m
            [33mclass[39m=[32m"flex items-center gap-1.5 text-xs font-semibold text-red-700 bg-red-100 px-3 py-1.5 rounded-full"[39m
          [36m>[39m
            [36m<svg[39m
              [33maria-hidden[39m=[32m"true"[39m
              [33mclass[39m=[32m"lucide lucide-triangle-alert"[39m
              [33mfill[39m=[32m"none"[39m
              [33mheight[39m=[32m"12"[39m
              [33mstroke[39m=[32m"currentColor"[39m
              [33mstroke-linecap[39m=[32m"round"[39m
              [33mstroke-linejoin[39m=[32m"round"[39m
              [33mstroke-width[39m=[32m"2"[39m
              [33mviewBox[39m=[32m"0 0 24 24"[39m
              [33mwidth[39m=[32m"12"[39m
              [33mxmlns[39m=[32m"http://www.w3.org/2000/svg"[39m
            [36m>[39m
              [36m<path[39m
                [33md[39m=[32m"m21.73 18-8-14a2 2 0 0 0-3.48 0l-8 14A2 2 0 0 0 4 21h16a2 2 0 0 0 1.73-3"[39m
              [36m/>[39m
              [36m<path[39m
                [33md[39m=[32m"M12 9v4"[39m
              [36m/>[39m
              [36m<path[39m
                [33md[39m=[32m"M12 17h.01"[39m
              [36m/>[39m
            [36m</svg>[39m
            [0m1 critical[0m
          [36m</span>[39m
          [36m<span[39m
            [33mclass[39m=[32m"flex items-center gap-1.5 text-xs font-semibold text-amber-700 bg-amber-100 px-3 py-1.5 rounded-full"[39m
          [36m>[39m
            [36m<svg[39m
              [33maria-hidden[39m=[32m"true"[39m
              [33mclass[39m=[32m"lucide lucide-clock"[39m
              [33mfill[39m=[32m"none"[39m
              [33mheight[39m=[32m"12"[39m
              [33mstroke[39m=[32m"currentColor"[39m
              [33mstroke-linecap[39m=[32m"round"[39m
              [33mstroke-linejoin[39m=[32m"round"[39m
              [33mstroke-width[39m=[32m"2"[39m
              [33mviewBox[39m=[32m"0 0 24 24"[39m
              [33mwidth[39m=[32m"12"[39m
              [33mxmlns[39m=[32m"http://www.w3.org/2000/svg"[39m
            [36m>[39m
              [36m<circle[39m
                [33mcx[39m=[32m"12"[39m
                [33mcy[39m=[32m"12"[39m
                [33mr[39m=[32m"10"[39m
              [36m/>[39m
              [36m<path[39m
                [33md[39m=[32m"M12 6v6l4 2"[39m
              [36m/>[39m
            [36m</svg>[39m
            [0m4[0m
            [0m high priority[0m
          [36m</span>[39m
          [36m<button[39m
            [33mclass[39m=[32m"flex items-center gap-2 text-sm font-medium text-slate-700 bg-white border border-slate-200 px-3 py-2 rounded-lg hover:bg-slate-50 transition-colors ml-2"[39m
          [36m>[39m
            [36m<svg[39m
              [33maria-hidden[39m=[32m"true"[39m
              [33mclass[39m=[32m"lucide lucide-download"[39m
              [33mfill[39m=[32m"none"[39m
              [33mheight[39m=[32m"16"[39m
              [33mstroke[39m=[32m"currentColor"[39m
              [33mstroke-linecap[39m=[32m"round"[39m
              [33mstroke-linejoin[39m=[32m"round"[39m
              [33mstroke-width[39m=[32m"2"[39m
              [33mviewBox[39m=[32m"0 0 24 24"[39m
              [33mwidth[39m=[32m"16"[39m
              [33mxmlns[39m=[32m"http://www.w3.org/2000/svg"[39m
            [36m>[39m
              [36m<path[39m
                [33md[39m=[32m"M12 15V3"[39m
              [36m/>[39m
              [36m<path[39m
                [33md[39m=[32m"M21 15v4a2 2 0 0 1-2 2H5a2 2 0 0 1-2-2v-4"[39m
              [36m/>[39m
              [36m<path[39m
                [33md[39m=[32m"m7 10 5 5 5-5"[39m
              [36m/>[39m
            [36m</svg>[39m
            [0mExport CSV[0m
          [36m</button>[39m
        [36m</div>[39m
      [36m</div>[39m
      [36m<div[39m
        [33mclass[39m=[32m"flex items-center gap-3 mb-5 flex-wrap"[39m
      [36m>[39m
        [36m<div[39m
          [33mclass[39m=[32m"flex items-center gap-1 bg-white border border-slate-200 rounded-lg p-1"[39m
        [36m>[39m
          [36m<button[39m
            [33mclass[39m=[32m"px-3 py-1.5 text-xs font-medium rounded transition-colors capitalize bg-green-600 text-white shadow-sm"[39m
          [36m>[39m
            [0mAll[0m
          [36m</button>[39m
          [36m<button[39m
            [33mclass[39m=[32m"px-3 py-1.5 text-xs font-medium rounded transition-colors capitalize text-slate-600 hover:bg-slate-50"[39m
          [36m>[39m
            [0mCritical[0m
          [36m</button>[39m
          [36m<button[39m
            [33mclass[39m=[32m"px-3 py-1.5 text-xs font-medium rounded transition-colors capitalize text-slate-600 hover:bg-slate-50"[39m
          [36m>[39m
            [0mHigh[0m
          [36m</button>[39m
          [36m<button[39m
            [33mclass[39m=[32m"px-3 py-1.5 text-xs font-medium rounded transition-colors capitalize text-slate-600 hover:bg-slate-50"[39m
          [36m>[39m
            [0mNormal[0m
          [36m</button>[39m
        [36m</div>[39m
        [36m<select[39m
          [33mclass[39m=[32m"text-sm border border-slate-200 rounded-lg px-3 py-2 focus:outline-none focus:ring-2 focus:ring-green-500 bg-white"[39m
        [36m>[39m
          [36m<option[39m
            [33mvalue[39m=[32m"all"[39m
          [36m>[39m
            [0mAll task types[0m
          [36m</option>[39m
          [36m<option[39m
            [33mvalue[39m=[32m"completeness_check"[39m
          [36m>[39m
            [0mCompleteness Check[0m
          [36m</option>[39m
          [36m<option[39m
            [33mvalue[39m=[32m"appraisal"[39m
          [36m>[39m
            [0mPrepare Appraisal[0m
          [36m</option>[39m
        [36m</select>[39m
        [36m<button[39m
          [33mclass[39m=[32m"flex items-center gap-2 text-sm px-3 py-2 border rounded-lg transition-colors bg-white border-slate-200 text-slate-600 hover:bg-slate-50"[39m
        [36m>[39m
          [36m<svg[39m
            [3...

Ignored nodes: comments, script, style
[36m<body>[39m
  [36m<div>[39m
    [36m<div[39m
      [33mclass[39m=[32m"p-6"[39m
    [36m>[39m
      [36m<div[39m
        [33mclass[39m=[32m"flex items-center justify-between mb-6"[39m
      [36m>[39m
        [36m<div>[39m
          [36m<h1[39m
            [33mclass[39m=[32m"text-xl font-bold text-slate-900"[39m
          [36m>[39m
            [0mTask Inbox[0m
          [36m</h1>[39m
          [36m<p[39m
            [33mclass[39m=[32m"text-sm text-slate-500 mt-1"[39m
          [36m>[39m
            [0mDeputy Manager – Finance work items assigned to your team.[0m
          [36m</p>[39m
        [36m</div>[39m
        [36m<div[39m
          [33mclass[39m=[32m"flex items-center gap-2"[39m
        [36m>[39m
          [36m<span[39m
            [33mclass[39m=[32m"flex items-center gap-1.5 text-xs font-semibold text-red-700 bg-red-100 px-3 py-1.5 rounded-full"[39m
          [36m>[39m
            [36m<svg[39m
              [33maria-hidden[39m=[32m"true"[39m
              [33mclass[39m=[32m"lucide lucide-triangle-alert"[39m
              [33mfill[39m=[32m"none"[39m
              [33mheight[39m=[32m"12"[39m
              [33mstroke[39m=[32m"currentColor"[39m
              [33mstroke-linecap[39m=[32m"round"[39m
              [33mstroke-linejoin[39m=[32m"round"[39m
              [33mstroke-width[39m=[32m"2"[39m
              [33mviewBox[39m=[32m"0 0 24 24"[39m
              [33mwidth[39m=[32m"12"[39m
              [33mxmlns[39m=[32m"http://www.w3.org/2000/svg"[39m
            [36m>[39m
              [36m<path[39m
                [33md[39m=[32m"m21.73 18-8-14a2 2 0 0 0-3.48 0l-8 14A2 2 0 0 0 4 21h16a2 2 0 0 0 1.73-3"[39m
              [36m/>[39m
              [36m<path[39m
                [33md[39m=[32m"M12 9v4"[39m
              [36m/>[39m
              [36m<path[39m
                [33md[39m=[32m"M12 17h.01"[39m
              [36m/>[39m
            [36m</svg>[39m
            [0m1 critical[0m
          [36m</span>[39m
          [36m<span[39m
            [33mclass[39m=[32m"flex items-center gap-1.5 text-xs font-semibold text-amber-700 bg-amber-100 px-3 py-1.5 rounded-full"[39m
          [36m>[39m
            [36m<svg[39m
              [33maria-hidden[39m=[32m"true"[39m
              [33mclass[39m=[32m"lucide lucide-clock"[39m
              [33mfill[39m=[32m"none"[39m
              [33mheight[39m=[32m"12"[39m
              [33mstroke[39m=[32m"currentColor"[39m
              [33mstroke-linecap[39m=[32m"round"[39m
              [33mstroke-linejoin[39m=[32m"round"[39m
              [33mstroke-width[39m=[32m"2"[39m
              [33mviewBox[39m=[32m"0 0 24 24"[39m
              [33mwidth[39m=[32m"12"[39m
              [33mxmlns[39m=[32m"http://www.w3.org/2000/svg"[39m
            [36m>[39m
              [36m<circle[39m
                [33mcx[39m=[32m"12"[39m
                [33mcy[39m=[32m"12"[39m
                [33mr[39m=[32m"10"[39m
              [36m/>[39m
              [36m<path[39m
                [33md[39m=[32m"M12 6v6l4 2"[39m
              [36m/>[39m
            [36m</svg>[39m
            [0m4[0m
            [0m high priority[0m
          [36m</span>[39m
          [36m<button[39m
            [33mclass[39m=[32m"flex items-center gap-2 text-sm font-medium text-slate-700 bg-white border border-slate-200 px-3 py-2 rounded-lg hover:bg-slate-50 transition-colors ml-2"[39m
          [36m>[39m
            [36m<svg[39m
              [33maria-hidden[39m=[32m"true"[39m
              [33mclass[39m=[32m"lucide lucide-download"[39m
              [33mfill[39m=[32m"none"[39m
              [33mheight[39m=[32m"16"[39m
              [33mstroke[39m=[32m"currentColor"[39m
              [33mstroke-linecap[39m=[32m"round"[39m
              [33mstroke-linejoin[39m=[32m"round"[39m
              [33mstroke-width[39m=[32m"2"[39m
              [33mviewBox[39m=[32m"0 0 24 24"[39m
              [33mwidth[39m=[32m"16"[39m
              [33mxmlns[39m=[32m"http://www.w3.org/2000/svg"[39m
            [36m>[39m
              [36m<path[39m
                [33md[39m=[32m"M12 15V3"[39m
              [36m/>[39m
              [36m<path[39m
                [33md[39m=[32m"M21 15v4a2 2 0 0 1-2 2H5a2 2 0 0 1-2-2v-4"[39m
              [36m/>[39m
              [36m<path[39m
                [33md[39m=[32m"m7 10 5 5 5-5"[39m
              [36m/>[39m
            [36m</svg>[39m
            [0mExport CSV[0m
          [36m</button>[39m
        [36m</div>[39m
      [36m</div>[39m
      [36m<div[39m
        [33mclass[39m=[32m"flex items-center gap-3 mb-5 flex-wrap"[39m
      [36m>[39m
        [36m<div[39m
          [33mclass[39m=[32m"flex items-center gap-1 bg-white border border-slate-200 rounded-lg p-1"[39m
        [36m>[39m
          [36m<button[39m
            [33mclass[39m=[32m"px-3 py-1.5 text-xs font-medium rounded transition-colors capitalize bg-green-600 text-white shadow-sm"[39m
          [36m>[39m
            [0mAll[0m
          [36m</button>[39m
          [36m<button[39m
            [33mclass[39m=[32m"px-3 py-1.5 text-xs font-medium rounded transition-colors capitalize text-slate-600 hover:bg-slate-50"[39m
          [36m>[39m
            [0mCritical[0m
          [36m</button>[39m
          [36m<button[39m
            [33mclass[39m=[32m"px-3 py-1.5 text-xs font-medium rounded transition-colors capitalize text-slate-600 hover:bg-slate-50"[39m
          [36m>[39m
            [0mHigh[0m
          [36m</button>[39m
          [36m<button[39m
            [33mclass[39m=[32m"px-3 py-1.5 text-xs font-medium rounded transition-colors capitalize text-slate-600 hover:bg-slate-50"[39m
          [36m>[39m
            [0mNormal[0m
          [36m</button>[39m
        [36m</div>[39m
        [36m<select[39m
          [33mclass[39m=[32m"text-sm border border-slate-200 rounded-lg px-3 py-2 focus:outline-none focus:ring-2 focus:ring-green-500 bg-white"[39m
        [36m>[39m
          [36m<option[39m
            [33mvalue[39m=[32m"all"[39m
          [36m>[39m
            [0mAll task types[0m
          [36m</option>[39m
          [36m<option[39m
            [33mvalue[39m=[32m"completeness_check"[39m
          [36m>[39m
            [0mCompleteness Check[0m
          [36m</option>[39m
          [36m<option[39m
            [33mvalue[39m=[32m"appraisal"[39m
          [36m>[39m
            [0mPrepare Appraisal[0m
          [36m</option>[39m
        [36m</select>[39m
        [36m<button[39m
          [33mclass[39m=[32m"flex items-center gap-2 text-sm px-3 py-2 border rounded-lg transition-colors bg-white border-slate-200 text-slate-600 hover:bg-slate-50"[39m
        [36m>[39m
          [36m<svg[39m
            [3...
 ❯ waitForWrapper node_modules/@testing-library/dom/dist/wait-for.js:163:27
 ❯ node_modules/@testing-library/dom/dist/query-helpers.js:86:33
 ❯ src/pages/tasks/TaskInbox.test.tsx:73:25
     71|     renderTaskInbox();
     72| 
     73|     expect(await screen.findByText('Seeded Borrower')).toBeInTheDocume…
       |                         ^
     74|     [
     75|       'Task ID', 'Task type', 'Application / Loan ID', 'Borrower', 'Am…

⎯⎯⎯⎯⎯⎯⎯⎯⎯⎯⎯⎯⎯⎯⎯⎯⎯⎯⎯⎯⎯⎯⎯⎯[1/1]⎯


 Test Files  1 failed (1)
      Tests  1 failed | 1 passed (2)
   Start at  17:18:59
   Duration  1.92s (transform 133ms, setup 0ms, collect 292ms, tests 1.09s, environment 296ms, prepare 40ms)

