Command:
RALPH_EVIDENCE_DIR=/Users/amitkallapa/LMS/.ralph/worktrees/2026-07-24_170859_normal_run/.ralph/runs/2026-07-24_170859_normal_run/evidence/screenshots/run-1 E2E_DJANGO_PYTHON=/Users/amitkallapa/LMS/.ralph/venv/bin/python npm run e2e -- e2e/task-inbox.e2e.spec.ts

Working directory: sfpcl-lms/


> sfpcl-lms@1.0.0 e2e
> playwright test e2e/task-inbox.e2e.spec.ts

[2m[WebServer] [22m[24/Jul/2026 12:15:03] "GET /api/v1/health/ready/ HTTP/1.1" 200 202
[2m[WebServer] [22m[33mThe CJS build of Vite's Node API is deprecated. See https://vite.dev/guide/troubleshooting.html#vite-cjs-node-api-deprecated for more details.[39m

Running 4 tests using 1 worker

[2m[WebServer] [22m[24/Jul/2026 12:15:09] "POST /api/v1/auth/login/ HTTP/1.1" 200 1314
[2m[WebServer] [22m[24/Jul/2026 12:15:09] "GET /api/v1/auth/me/ HTTP/1.1" 200 2001
[2m[WebServer] [22mForbidden: /api/v1/dashboard/
[2m[WebServer] [22mForbidden: /api/v1/dashboard/
[2m[WebServer] [22m[24/Jul/2026 12:15:09] "GET /api/v1/dashboard/ HTTP/1.1" 403 250
[2m[WebServer] [22m[24/Jul/2026 12:15:09] "GET /api/v1/dashboard/ HTTP/1.1" 403 250
[2m[WebServer] [22m[24/Jul/2026 12:15:09] "GET /api/v1/notifications/?read_status=unread&page_size=4 HTTP/1.1" 200 245
[2m[WebServer] [22m[24/Jul/2026 12:15:09] "GET /api/v1/notifications/?read_status=unread&page_size=4 HTTP/1.1" 200 245
  ✓  1 [chromium] › task-inbox.e2e.spec.ts:16:5 › 012EB renders the populated S03 Task Inbox (3.0s)
[2m[WebServer] [22m[24/Jul/2026 12:15:12] "POST /api/v1/auth/login/ HTTP/1.1" 200 1314
[2m[WebServer] [22m[24/Jul/2026 12:15:12] "GET /api/v1/auth/me/ HTTP/1.1" 200 2001
[2m[WebServer] [22mForbidden: /api/v1/dashboard/
[2m[WebServer] [22m[24/Jul/2026 12:15:12] "GET /api/v1/dashboard/ HTTP/1.1" 403 250
[2m[WebServer] [22mForbidden: /api/v1/dashboard/
[2m[WebServer] [22m[24/Jul/2026 12:15:12] "GET /api/v1/dashboard/ HTTP/1.1" 403 250
[2m[WebServer] [22m[24/Jul/2026 12:15:12] "GET /api/v1/notifications/?read_status=unread&page_size=4 HTTP/1.1" 200 245
[2m[WebServer] [22m[24/Jul/2026 12:15:12] "GET /api/v1/notifications/?read_status=unread&page_size=4 HTTP/1.1" 200 245
  ✓  2 [chromium] › task-inbox.e2e.spec.ts:26:5 › 012EB sends the due-today filter to the task API (4.5s)
[2m[WebServer] [22m[24/Jul/2026 12:15:16] "POST /api/v1/auth/login/ HTTP/1.1" 200 1314
[2m[WebServer] [22m[24/Jul/2026 12:15:16] "GET /api/v1/auth/me/ HTTP/1.1" 200 2001
[2m[WebServer] [22mForbidden: /api/v1/dashboard/
[2m[WebServer] [22m[24/Jul/2026 12:15:16] "GET /api/v1/dashboard/ HTTP/1.1" 403 250
[2m[WebServer] [22m[24/Jul/2026 12:15:16] "GET /api/v1/notifications/?read_status=unread&page_size=4 HTTP/1.1" 200 245
[2m[WebServer] [22mForbidden: /api/v1/dashboard/
[2m[WebServer] [22m[24/Jul/2026 12:15:16] "GET /api/v1/dashboard/ HTTP/1.1" 403 250
[2m[WebServer] [22m[24/Jul/2026 12:15:16] "GET /api/v1/notifications/?read_status=unread&page_size=4 HTTP/1.1" 200 245
  ✓  3 [chromium] › task-inbox.e2e.spec.ts:41:5 › 012EB completes a permitted task comment (3.1s)
[2m[WebServer] [22m[24/Jul/2026 12:15:19] "POST /api/v1/auth/login/ HTTP/1.1" 200 1314
[2m[WebServer] [22m[24/Jul/2026 12:15:19] "GET /api/v1/auth/me/ HTTP/1.1" 200 2001
[2m[WebServer] [22mForbidden: /api/v1/dashboard/
[2m[WebServer] [22mForbidden: /api/v1/dashboard/
[2m[WebServer] [22m[24/Jul/2026 12:15:19] "GET /api/v1/dashboard/ HTTP/1.1" 403 250
[2m[WebServer] [22m[24/Jul/2026 12:15:19] "GET /api/v1/dashboard/ HTTP/1.1" 403 250
[2m[WebServer] [22m[24/Jul/2026 12:15:19] "GET /api/v1/notifications/?read_status=unread&page_size=4 HTTP/1.1" 200 245
[2m[WebServer] [22m[24/Jul/2026 12:15:19] "GET /api/v1/notifications/?read_status=unread&page_size=4 HTTP/1.1" 200 245
  ✓  4 [chromium] › task-inbox.e2e.spec.ts:55:5 › 012EB renders a task-scope denial without prototype fallback (2.9s)

  4 passed (1.3m)

Duration milliseconds: 76904
Exit code: 0
Screenshot evidence exit code: 0
Screenshot manifest: /Users/amitkallapa/LMS/.ralph/worktrees/2026-07-24_170859_normal_run/.ralph/runs/2026-07-24_170859_normal_run/evidence/trusted-browser-screenshots-1.sha256
