Using existing test database for alias 'default' ('test_sfpcl_credit')...
Found 1 test(s).
Operations to perform:
  Synchronize unmigrated apps: corsheaders
  Apply all migrations: applications, approvals, communications, configurations, contenttypes, credit, documents, identity, members, scheduler, tracer, workflows
Synchronizing apps without migrations:
  Creating tables...
    Running deferred SQL...
Running migrations:
  No migrations to apply.
System check identified no issues (0 silenced).
test_competing_overlapping_creates_have_one_winner_and_zero_write_loser (sfpcl_credit.tests.test_approval_matrix.ApprovalMatrixConcurrencyTests.test_competing_overlapping_creates_have_one_winner_and_zero_write_loser) ... ERROR

======================================================================
ERROR: test_competing_overlapping_creates_have_one_winner_and_zero_write_loser (sfpcl_credit.tests.test_approval_matrix.ApprovalMatrixConcurrencyTests.test_competing_overlapping_creates_have_one_winner_and_zero_write_loser)
----------------------------------------------------------------------
Traceback (most recent call last):
  File "/Users/amitkallapa/LMS/.ralph/worktrees/2026-07-13_120630_normal_run/sfpcl_credit/tests/test_approval_matrix.py", line 1055, in test_competing_overlapping_creates_have_one_winner_and_zero_write_loser
    self._race(proposals)
  File "/Users/amitkallapa/LMS/.ralph/worktrees/2026-07-13_120630_normal_run/sfpcl_credit/tests/test_approval_matrix.py", line 956, in _race
    self.assertEqual(history["approval_reference"], approved.request_id)
                     ~~~~~~~^^^^^^^^^^^^^^^^^^^^^^
KeyError: 'approval_reference'

----------------------------------------------------------------------
Ran 1 test in 0.511s

FAILED (errors=1)
Preserving test database for alias 'default' ('test_sfpcl_credit')...
