Creating test database for alias 'default' ('file:memorydb_default?mode=memory&cache=shared')...
Found 5 test(s).
Operations to perform:
  Synchronize unmigrated apps: corsheaders
  Apply all migrations: communications, configurations, contenttypes, documents, identity, members, scheduler, tracer, workflows
Synchronizing apps without migrations:
  Creating tables...
    Running deferred SQL...
Running migrations:
  Applying identity.0001_initial... OK
  Applying identity.0002_permission_rolepermission_and_more... OK
  Applying communications.0001_initial... OK
  Applying communications.0002_communication... OK
  Applying communications.0003_notification... OK
  Applying configurations.0001_initial... OK
  Applying contenttypes.0001_initial... OK
  Applying contenttypes.0002_remove_content_type_name... OK
  Applying documents.0001_initial... OK
  Applying members.0001_initial... OK
  Applying members.0002_profile_shells... OK
  Applying members.0003_individual_profile_details... OK
  Applying members.0004_nominee... OK
  Applying members.0005_shareholding_and_more... OK
  Applying scheduler.0001_initial... OK
  Applying tracer.0001_initial... OK
  Applying workflows.0001_canonical_workflow_event... OK
  Applying tracer.0002_remove_tracer_workflowevent_state... OK
System check identified no issues (0 silenced).
test_member_shareholding_create_audits_metadata_without_workflow_event (sfpcl_credit.tests.test_member_shareholdings_api.MemberShareholdingApiTests.test_member_shareholding_create_audits_metadata_without_workflow_event) ... ok
test_member_shareholding_create_rejects_invalid_share_counts (sfpcl_credit.tests.test_member_shareholdings_api.MemberShareholdingApiTests.test_member_shareholding_create_rejects_invalid_share_counts) ... ok
test_member_shareholdings_can_be_created_and_listed_with_available_share_count (sfpcl_credit.tests.test_member_shareholdings_api.MemberShareholdingApiTests.test_member_shareholdings_can_be_created_and_listed_with_available_share_count) ... ok
test_member_shareholdings_require_authentication_and_separate_read_create_permissions (sfpcl_credit.tests.test_member_shareholdings_api.MemberShareholdingApiTests.test_member_shareholdings_require_authentication_and_separate_read_create_permissions) ... ok
test_member_shareholdings_return_not_found_for_unknown_or_deleted_member (sfpcl_credit.tests.test_member_shareholdings_api.MemberShareholdingApiTests.test_member_shareholdings_return_not_found_for_unknown_or_deleted_member) ... ok

----------------------------------------------------------------------
Ran 5 tests in 10.515s

OK
Destroying test database for alias 'default' ('file:memorydb_default?mode=memory&cache=shared')...
