
> sfpcl-lms@1.0.0 test
> vitest run --run src/services/servicingApi.test.ts src/pages/servicing/InterestMonitoringWorkspaces.test.tsx

[33mThe CJS build of Vite's Node API is deprecated. See https://vite.dev/guide/troubleshooting.html#vite-cjs-node-api-deprecated for more details.[39m

 RUN  v3.2.6 /Users/amitkallapa/LMS/.ralph/worktrees/2026-07-21_162231_normal_run/sfpcl-lms

 ✓ src/services/servicingApi.test.ts (7 tests) 7ms
 ✓ src/pages/servicing/InterestMonitoringWorkspaces.test.tsx (3 tests) 156ms

 Test Files  2 passed (2)
      Tests  10 passed (10)
   Start at  17:08:58
   Duration  966ms (transform 183ms, setup 0ms, collect 336ms, tests 162ms, environment 340ms, prepare 75ms)


> sfpcl-lms@1.0.0 typecheck
> tsc --noEmit


> sfpcl-lms@1.0.0 lint
> eslint src


> sfpcl-lms@1.0.0 build
> vite build

[33mThe CJS build of Vite's Node API is deprecated. See https://vite.dev/guide/troubleshooting.html#vite-cjs-node-api-deprecated for more details.[39m
vite v5.4.21 building for production...
transforming...
✓ 1885 modules transformed.
rendering chunks...
computing gzip size...
dist/index.html                     0.75 kB │ gzip:   0.43 kB
dist/assets/index-CY3vz37r.css     49.42 kB │ gzip:   8.54 kB
dist/assets/index-Cy0d_sCJ.js   1,068.57 kB │ gzip: 237.50 kB

(!) Some chunks are larger than 500 kB after minification. Consider:
- Using dynamic import() to code-split the application
- Use build.rollupOptions.output.manualChunks to improve chunking: https://rollupjs.org/configuration-options/#output-manualchunks
- Adjust chunk size limit for this warning via build.chunkSizeWarningLimit.
✓ built in 2.15s

EXIT_CODE=0
