Command:
RALPH_EVIDENCE_DIR=/Users/amitkallapa/LMS/.ralph/worktrees/2026-07-21_162231_normal_run/.ralph/runs/2026-07-21_162231_normal_run/evidence/screenshots/run-1 E2E_DJANGO_PYTHON=/Users/amitkallapa/LMS/.ralph/venv/bin/python npm run e2e -- e2e/servicing-monitoring-workflows.e2e.spec.ts

Working directory: sfpcl-lms/


> sfpcl-lms@1.0.0 e2e
> playwright test e2e/servicing-monitoring-workflows.e2e.spec.ts

[2m[WebServer] [22m[21/Jul/2026 11:41:02] "GET /api/v1/health/ready/ HTTP/1.1" 200 202
[2m[WebServer] [22m[33mThe CJS build of Vite's Node API is deprecated. See https://vite.dev/guide/troubleshooting.html#vite-cjs-node-api-deprecated for more details.[39m

Running 4 tests using 1 worker

[2m[WebServer] [22m[21/Jul/2026 11:41:07] "OPTIONS /api/v1/auth/login/ HTTP/1.1" 200 0
[2m[WebServer] [22m[21/Jul/2026 11:41:08] "POST /api/v1/auth/login/ HTTP/1.1" 200 1288
[2m[WebServer] [22m[21/Jul/2026 11:41:08] "OPTIONS /api/v1/auth/me/ HTTP/1.1" 200 0
[2m[WebServer] [22m[21/Jul/2026 11:41:08] "GET /api/v1/auth/me/ HTTP/1.1" 200 3256
[2m[WebServer] [22m[21/Jul/2026 11:41:08] "OPTIONS /api/v1/dashboard/ HTTP/1.1" 200 0
[2m[WebServer] [22m[21/Jul/2026 11:41:08] "OPTIONS /api/v1/dashboard/ HTTP/1.1" 200 0
[2m[WebServer] [22m[21/Jul/2026 11:41:08] "GET /api/v1/dashboard/ HTTP/1.1" 200 1454
[2m[WebServer] [22m[21/Jul/2026 11:41:08] "GET /api/v1/dashboard/ HTTP/1.1" 200 1454
  ✓  1 [chromium] › servicing-monitoring-workflows.e2e.spec.ts:13:5 › S43 and S46 render canonical schedule and ledger projections (3.2s)
[2m[WebServer] [22m[21/Jul/2026 11:41:10] "OPTIONS /api/v1/auth/login/ HTTP/1.1" 200 0
[2m[WebServer] [22m[21/Jul/2026 11:41:10] "POST /api/v1/auth/login/ HTTP/1.1" 200 1288
[2m[WebServer] [22m[21/Jul/2026 11:41:10] "OPTIONS /api/v1/auth/me/ HTTP/1.1" 200 0
[2m[WebServer] [22m[21/Jul/2026 11:41:10] "GET /api/v1/auth/me/ HTTP/1.1" 200 3256
[2m[WebServer] [22m[21/Jul/2026 11:41:10] "OPTIONS /api/v1/dashboard/ HTTP/1.1" 200 0
[2m[WebServer] [22m[21/Jul/2026 11:41:10] "OPTIONS /api/v1/dashboard/ HTTP/1.1" 200 0
[2m[WebServer] [22m[21/Jul/2026 11:41:10] "GET /api/v1/dashboard/ HTTP/1.1" 200 1454
[2m[WebServer] [22m[21/Jul/2026 11:41:10] "GET /api/v1/dashboard/ HTTP/1.1" 200 1454
  ✘  2 [chromium] › servicing-monitoring-workflows.e2e.spec.ts:27:5 › S44 posts one direct receipt and displays the backend allocation (7.5s)
[2m[WebServer] [22m[21/Jul/2026 11:41:18] "OPTIONS /api/v1/auth/login/ HTTP/1.1" 200 0
[2m[WebServer] [22m[21/Jul/2026 11:41:19] "POST /api/v1/auth/login/ HTTP/1.1" 200 1288
[2m[WebServer] [22m[21/Jul/2026 11:41:19] "OPTIONS /api/v1/auth/me/ HTTP/1.1" 200 0
[2m[WebServer] [22m[21/Jul/2026 11:41:19] "GET /api/v1/auth/me/ HTTP/1.1" 200 3256
[2m[WebServer] [22m[21/Jul/2026 11:41:19] "OPTIONS /api/v1/dashboard/ HTTP/1.1" 200 0
[2m[WebServer] [22m[21/Jul/2026 11:41:19] "OPTIONS /api/v1/dashboard/ HTTP/1.1" 200 0
[2m[WebServer] [22m[21/Jul/2026 11:41:19] "GET /api/v1/dashboard/ HTTP/1.1" 200 1454
[2m[WebServer] [22m[21/Jul/2026 11:41:19] "GET /api/v1/dashboard/ HTTP/1.1" 200 1454
  ✓  3 [chromium] › servicing-monitoring-workflows.e2e.spec.ts:49:5 › S47-S49 render canonical interest values (2.6s)
[2m[WebServer] [22m[21/Jul/2026 11:41:21] "OPTIONS /api/v1/auth/login/ HTTP/1.1" 200 0
[2m[WebServer] [22m[21/Jul/2026 11:41:21] "POST /api/v1/auth/login/ HTTP/1.1" 200 1288
[2m[WebServer] [22m[21/Jul/2026 11:41:21] "OPTIONS /api/v1/auth/me/ HTTP/1.1" 200 0
[2m[WebServer] [22m[21/Jul/2026 11:41:21] "GET /api/v1/auth/me/ HTTP/1.1" 200 3256
[2m[WebServer] [22m[21/Jul/2026 11:41:21] "OPTIONS /api/v1/dashboard/ HTTP/1.1" 200 0
[2m[WebServer] [22m[21/Jul/2026 11:41:21] "OPTIONS /api/v1/dashboard/ HTTP/1.1" 200 0
[2m[WebServer] [22m[21/Jul/2026 11:41:21] "GET /api/v1/dashboard/ HTTP/1.1" 200 1454
[2m[WebServer] [22m[21/Jul/2026 11:41:21] "GET /api/v1/dashboard/ HTTP/1.1" 200 1454
  ✘  4 [chromium] › servicing-monitoring-workflows.e2e.spec.ts:61:5 › S50-S52 render canonical DPD and retained reminder evidence (30.0s)


  1) [chromium] › servicing-monitoring-workflows.e2e.spec.ts:27:5 › S44 posts one direct receipt and displays the backend allocation 

    Error: [31mTimed out 5000ms waiting for [39m[2mexpect([22m[31mlocator[39m[2m).[22mtoBeVisible[2m()[22m

    Locator: getByText('₹1,00,000.00 allocated to principal', { exact: true })
    Expected: visible
    Received: <element(s) not found>
    Call log:
    [2m  - expect.toBeVisible with timeout 5000ms[22m
    [2m  - waiting for getByText('₹1,00,000.00 allocated to principal', { exact: true })[22m


      39 |
      40 |   await expect(page.getByText('Receipt Posted and Allocated', { exact: true })).toBeVisible();
    > 41 |   await expect(page.getByText('₹1,00,000.00 allocated to principal', { exact: true })).toBeVisible();
         |                                                                                        ^
      42 |   expect(observed).toHaveLength(3);
      43 |   expect(observed[0]).toMatchObject({ path: `/api/v1/loan-accounts/${account.loan_account_id}/repayments/` });
      44 |   expect(observed[0].key).toBeTruthy();
        at /Users/amitkallapa/LMS/.ralph/worktrees/2026-07-21_162231_normal_run/sfpcl-lms/e2e/servicing-monitoring-workflows.e2e.spec.ts:41:88

  2) [chromium] › servicing-monitoring-workflows.e2e.spec.ts:61:5 › S50-S52 render canonical DPD and retained reminder evidence 

    [31mTest timeout of 30000ms exceeded.[39m

    Error: locator.click: Test timeout of 30000ms exceeded.
    Call log:
    [2m  - waiting for getByRole('button', { name: 'Monitoring', exact: true })[22m


      63 |   await page.route('**/api/v1/dpd-statuses/', route => ok(route, dpdPortfolio));
      64 |   await page.route('**/api/v1/reminders/**', route => ok(route, [reminder], pagination));
    > 65 |   await page.getByRole('button', { name: 'Monitoring', exact: true }).click();
         |                                                                       ^
      66 |   await expect(page.getByRole('heading', { name: 'Monitoring Dashboard', exact: true })).toBeVisible();
      67 |   await expect(page.getByText('LN-SERVICING-001', { exact: true }).first()).toBeVisible();
      68 |   await page.getByRole('button', { name: /View All/ }).click();
        at /Users/amitkallapa/LMS/.ralph/worktrees/2026-07-21_162231_normal_run/sfpcl-lms/e2e/servicing-monitoring-workflows.e2e.spec.ts:65:71

  2 failed
    [chromium] › servicing-monitoring-workflows.e2e.spec.ts:27:5 › S44 posts one direct receipt and displays the backend allocation 
    [chromium] › servicing-monitoring-workflows.e2e.spec.ts:61:5 › S50-S52 render canonical DPD and retained reminder evidence 
  2 passed (1.4m)

Duration milliseconds: 84375
Exit code: 1
Screenshot evidence exit code: 1
Screenshot manifest: /Users/amitkallapa/LMS/.ralph/worktrees/2026-07-21_162231_normal_run/.ralph/runs/2026-07-21_162231_normal_run/evidence/trusted-browser-screenshots-1.sha256
