Command:
RALPH_EVIDENCE_DIR=/Users/amitkallapa/LMS/.ralph/worktrees/2026-07-19_154507_normal_run/.ralph/runs/2026-07-19_162514_repair/evidence/screenshots/run-1 E2E_DJANGO_PYTHON=/Users/amitkallapa/LMS/.ralph/venv/bin/python npm run e2e -- e2e/epic-009-staff-disbursement-closure.e2e.spec.ts

Working directory: sfpcl-lms/


> sfpcl-lms@1.0.0 e2e
> playwright test e2e/epic-009-staff-disbursement-closure.e2e.spec.ts

[2m[WebServer] [22m[19/Jul/2026 11:02:01] "GET /api/v1/health/ready/ HTTP/1.1" 200 202
[2m[WebServer] [22m[33mThe CJS build of Vite's Node API is deprecated. See https://vite.dev/guide/troubleshooting.html#vite-cjs-node-api-deprecated for more details.[39m
[2m[WebServer] [22m(node:35530) Warning: The 'NO_COLOR' env is ignored due to the 'FORCE_COLOR' env being set.
[2m[WebServer] [22m(Use `node --trace-warnings ...` to show where the warning was created)

Running 1 test using 1 worker

[2m[WebServer] [22m[19/Jul/2026 11:02:06] "OPTIONS /api/v1/auth/login/ HTTP/1.1" 200 0
[2m[WebServer] [22m[19/Jul/2026 11:02:06] "POST /api/v1/auth/login/ HTTP/1.1" 200 1315
[2m[WebServer] [22m[19/Jul/2026 11:02:06] "OPTIONS /api/v1/auth/me/ HTTP/1.1" 200 0
[2m[WebServer] [22m[19/Jul/2026 11:02:06] "GET /api/v1/auth/me/ HTTP/1.1" 200 1141
[2m[WebServer] [22m[19/Jul/2026 11:02:06] "OPTIONS /api/v1/dashboard/ HTTP/1.1" 200 0
[2m[WebServer] [22m[19/Jul/2026 11:02:06] "OPTIONS /api/v1/dashboard/ HTTP/1.1" 200 0
[2m[WebServer] [22mForbidden: /api/v1/dashboard/
[2m[WebServer] [22m[19/Jul/2026 11:02:06] "GET /api/v1/dashboard/ HTTP/1.1" 403 250
[2m[WebServer] [22mForbidden: /api/v1/dashboard/
[2m[WebServer] [22m[19/Jul/2026 11:02:06] "GET /api/v1/dashboard/ HTTP/1.1" 403 250
[2m[WebServer] [22m[19/Jul/2026 11:02:07] "OPTIONS /api/v1/loan-accounts/?page=1&page_size=20 HTTP/1.1" 200 0
[2m[WebServer] [22m[19/Jul/2026 11:02:07] "OPTIONS /api/v1/loan-accounts/?page=1&page_size=20 HTTP/1.1" 200 0
[2m[WebServer] [22m[19/Jul/2026 11:02:07] "GET /api/v1/loan-accounts/?page=1&page_size=20 HTTP/1.1" 200 1159
[2m[WebServer] [22m[19/Jul/2026 11:02:07] "GET /api/v1/loan-accounts/?page=1&page_size=20 HTTP/1.1" 200 1159
[2m[WebServer] [22m[19/Jul/2026 11:02:07] "OPTIONS /api/v1/loan-accounts/badf485d-c614-46f6-b025-0abf5a9d1767/ HTTP/1.1" 200 0
[2m[WebServer] [22m[19/Jul/2026 11:02:07] "GET /api/v1/loan-accounts/badf485d-c614-46f6-b025-0abf5a9d1767/ HTTP/1.1" 200 1035
[2m[WebServer] [22m[19/Jul/2026 11:02:07] "OPTIONS /api/v1/disbursement-workspaces/?page=1&page_size=20 HTTP/1.1" 200 0
[2m[WebServer] [22m[19/Jul/2026 11:02:07] "OPTIONS /api/v1/disbursement-workspaces/?page=1&page_size=20 HTTP/1.1" 200 0
[2m[WebServer] [22m[19/Jul/2026 11:02:08] "GET /api/v1/disbursement-workspaces/?page=1&page_size=20 HTTP/1.1" 200 4530
[2m[WebServer] [22m[19/Jul/2026 11:02:08] "GET /api/v1/disbursement-workspaces/?page=1&page_size=20 HTTP/1.1" 200 4530
[2m[WebServer] [22m[19/Jul/2026 11:02:09] "GET /api/v1/auth/me/ HTTP/1.1" 200 1141
[2m[WebServer] [22m[19/Jul/2026 11:02:09] "GET /api/v1/auth/me/ HTTP/1.1" 200 1141
[2m[WebServer] [22mForbidden: /api/v1/dashboard/
[2m[WebServer] [22m[19/Jul/2026 11:02:09] "GET /api/v1/dashboard/ HTTP/1.1" 403 250
[2m[WebServer] [22mForbidden: /api/v1/dashboard/
[2m[WebServer] [22m[19/Jul/2026 11:02:09] "GET /api/v1/dashboard/ HTTP/1.1" 403 250
[2m[WebServer] [22m[19/Jul/2026 11:02:09] "GET /api/v1/disbursement-workspaces/?page=1&page_size=20 HTTP/1.1" 200 4549
[2m[WebServer] [22m[19/Jul/2026 11:02:09] "OPTIONS /api/v1/loan-accounts/badf485d-c614-46f6-b025-0abf5a9d1767/disbursements/initiate/ HTTP/1.1" 200 0
[2m[WebServer] [22m[19/Jul/2026 11:02:09] "GET /api/v1/disbursement-workspaces/?page=1&page_size=20 HTTP/1.1" 200 4549
[2m[WebServer] [22m[19/Jul/2026 11:02:09] "POST /api/v1/loan-accounts/badf485d-c614-46f6-b025-0abf5a9d1767/disbursements/initiate/ HTTP/1.1" 200 319
[2m[WebServer] [22m[19/Jul/2026 11:02:10] "GET /api/v1/disbursement-workspaces/?page=1&page_size=20 HTTP/1.1" 200 4007
  ✘  1 [chromium] › epic-009-staff-disbursement-closure.e2e.spec.ts:35:5 › S36-S41 and initial Loan Account 360 use real Django and retain distinct evidence (10.4s)


  1) [chromium] › epic-009-staff-disbursement-closure.e2e.spec.ts:35:5 › S36-S41 and initial Loan Account 360 use real Django and retain distinct evidence 

    Error: [31mTimed out 5000ms waiting for [39m[2mexpect([22m[31mlocator[39m[2m).[22mtoBeVisible[2m()[22m

    Locator: getByText('Payment initiation recorded successfully.')
    Expected: visible
    Received: <element(s) not found>
    Call log:
    [2m  - expect.toBeVisible with timeout 5000ms[22m
    [2m  - waiting for getByText('Payment initiation recorded successfully.')[22m


      67 |   await page.getByLabel('Final verification comments').fill('All current owner evidence verified.');
      68 |   await page.getByRole('button', { name: 'Initiate payment' }).click();
    > 69 |   await expect(page.getByText('Payment initiation recorded successfully.')).toBeVisible();
         |                                                                             ^
      70 |
      71 |   await switchActor(page, cfcEmail);
      72 |   await open(page, 'Payment Authorisation');
        at /Users/amitkallapa/LMS/.ralph/worktrees/2026-07-19_154507_normal_run/sfpcl-lms/e2e/epic-009-staff-disbursement-closure.e2e.spec.ts:69:77

  1 failed
    [chromium] › epic-009-staff-disbursement-closure.e2e.spec.ts:35:5 › S36-S41 and initial Loan Account 360 use real Django and retain distinct evidence 

Duration milliseconds: 40838
Exit code: 1
Screenshot evidence exit code: 1
Screenshot manifest: /Users/amitkallapa/LMS/.ralph/worktrees/2026-07-19_154507_normal_run/.ralph/runs/2026-07-19_162514_repair/evidence/trusted-browser-screenshots-1.sha256
