
> sfpcl-lms@1.0.0 typecheck
> tsc --noEmit


> sfpcl-lms@1.0.0 lint
> eslint src


> sfpcl-lms@1.0.0 test
> vitest run --run

[33mThe CJS build of Vite's Node API is deprecated. See https://vite.dev/guide/troubleshooting.html#vite-cjs-node-api-deprecated for more details.[39m

 RUN  v3.2.6 /Users/amitkallapa/LMS/.ralph/worktrees/2026-07-19_003418_normal_run/sfpcl-lms

 ✓ src/pages/applications/WitnessPanel.container.test.tsx (10 tests) 1244ms
   ✓ mounted witness resource actions > captures with the exact body and refetches the canonical collection once  403ms
 ✓ src/pages/settings/SettingsHub.test.tsx (10 tests) 1518ms
   ✓ SettingsHub Approval Matrix panel > permits a canonical manager to submit a complete successor version as a pending proposal  616ms
   ✓ SettingsHub remaining panels > creates a complete successor as a separate audited draft for a canonical policy manager  391ms
 ✓ src/pages/appraisal/AppraisalWorkbench.container.test.tsx (14 tests) 2083ms
   ✓ default AppraisalWorkbench authenticated HTTP container > calculates a limit from entered source IDs and refreshes four reads  397ms
   ✓ default AppraisalWorkbench authenticated HTTP container > posts the rejected Credit Manager decision once  379ms
 ✓ src/pages/members/MemberGovernanceForm.test.tsx (5 tests) 2637ms
   ✓ MemberGovernanceForm > submits the institution create variant without individual identity/profile fields  1069ms
   ✓ MemberGovernanceForm > submits every individual registration profile field  1235ms
 ✓ src/pages/documentation/DocumentationHub.test.tsx (18 tests) 3511ms
   ✓ 008M2 documentation workspace contract > posts a server-owned approval and refetches once without optimism  752ms
   ✓ 008M2 documentation workspace contract > keeps a conflict visible with no optimistic change, retry, or refetch  693ms
   ✓ 008M2 documentation workspace contract > submits a signed-copy upload through the opaque action and refetches once  439ms
 ✓ src/pages/borrower/portal/applications/MP05_NewApplication.test.tsx (7 tests) 1239ms
   ✓ MP05 loan-limit display authority (006Z2 interim regression) > shows independent 400, 403, and 409 errors without retry or projection refetch  858ms
 ✓ src/pages/borrower/portal/documents/PortalDocumentationActions.test.tsx (8 tests) 795ms
   ✓ member portal documentation actions > renders server-owned actions and performs one canonical refetch after upload  486ms
 ✓ src/pages/registers/RegistersHub.test.tsx (8 tests) 999ms
   ✓ RegistersHub owned approval register panels > applies only canonical financial-year values  381ms
 ✓ src/pages/borrower/portal/applications/MP11_DeficiencyResponse.test.tsx (2 tests) 593ms
   ✓ MP11 deficiency response > uploads a server-contracted response, refetches canonical state, and resubmits  499ms
 ✓ src/pages/members/MemberProfile.container.test.tsx (4 tests) 342ms
 ✓ src/pages/borrower/portal/PortalMemberViews.test.tsx (6 tests) 182ms
 ✓ src/pages/members/MemberProfile.test.tsx (26 tests) 256ms
 ✓ src/pages/borrower/portal/disbursement/MP14_DisbursementStatus.test.tsx (4 tests) 335ms
 ✓ src/pages/members/Borrower360.test.tsx (4 tests) 112ms
 ✓ src/pages/appraisal/AppraisalWorkbench.test.tsx (22 tests) 190ms
 ✓ src/pages/applications/CompletenessWorkbench.test.tsx (5 tests) 84ms
 ✓ src/pages/applications/ApplicationDetail.test.tsx (9 tests) 88ms
 ✓ src/services/authSession.test.ts (36 tests) 38ms
 ✓ src/pages/Dashboard.test.tsx (13 tests) 42ms
 ✓ src/pages/notifications/NotificationsCenter.test.tsx (6 tests) 40ms
 ✓ src/pages/members/MemberDirectory.test.tsx (5 tests) 40ms
(node:24419) ExperimentalWarning: buffer.File is an experimental feature and might change at any time
(Use `node --trace-warnings ...` to show where the warning was created)
 ✓ src/services/portalApi.test.ts (7 tests) 28ms
 ✓ src/pages/sanction/SanctionWorkbench.test.tsx (39 tests) 6256ms
   ✓ SanctionWorkbench authenticated container > renders the authoritative total and replaces the queue from the next server page  414ms
   ✓ SanctionWorkbench authenticated container > keeps a newer filter authoritative while an action detail refresh finishes  572ms
   ✓ SanctionWorkbench authenticated container > keeps a newer empty filter authoritative while action submission finishes  368ms
   ✓ SanctionWorkbench authenticated container > keeps a newer denied state authoritative when an action detail refresh fails later  366ms
   ✓ SanctionWorkbench authenticated container > keeps a newer malformed state authoritative when an action detail refresh fails later  420ms
   ✓ SanctionWorkbench authenticated container > keeps a newer empty state authoritative when an action detail refresh fails later  336ms
   ✓ SanctionWorkbench authenticated container > keeps a newer filter authoritative while an action decision refresh finishes  517ms
   ✓ SanctionWorkbench authenticated container > loads frozen case truth and approves through the exact case boundary before canonical refresh  351ms
   ✓ SanctionWorkbench authenticated container > requires a reason and sends the exact Reject request  381ms
   ✓ SanctionWorkbench authenticated container > requires a reason and sends the exact Return for Clarification request  375ms
   ✓ SanctionWorkbench authenticated container > uploads three application-scoped legal files before recording bounded special-case evidence  592ms
 ✓ src/pages/applications/ApplicationList.test.tsx (2 tests) 80ms
 ✓ src/pages/applications/NomineeSelectionViews.test.tsx (3 tests) 14ms
 ✓ src/pages/profile/MyProfile.test.tsx (1 test) 11ms
 ✓ src/services/creditAssessmentApi.test.ts (5 tests) 43ms
 ✓ src/pages/borrower/portal/auth/MP00_Login.test.tsx (2 tests) 22ms
 ✓ src/services/approvalRegistersApi.test.ts (5 tests) 7ms
 ✓ src/services/applicationIntakeApi.test.ts (5 tests) 11ms
 ✓ src/services/navigationPermissions.test.ts (9 tests) 8ms
 ✓ src/contexts/RoleContext.test.tsx (2 tests) 8ms
 ✓ src/services/loanPolicyApi.test.ts (2 tests) 7ms
 ✓ src/services/tracerApi.test.ts (2 tests) 4ms
 ✓ src/services/demoAuthFlag.test.tsx (3 tests) 3054ms
   ✓ VITE_ENABLE_DEMO_AUTH real App/RoleProvider boundary (005FA4) > fails closed when the flag is unset  2266ms
   ✓ VITE_ENABLE_DEMO_AUTH real App/RoleProvider boundary (005FA4) > fails closed when the flag is explicit false  469ms
   ✓ VITE_ENABLE_DEMO_AUTH real App/RoleProvider boundary (005FA4) > exposes only approved staff demo controls when the flag is true  318ms
 ✓ src/utils/applicationDisplay.test.ts (5 tests) 2ms
 ✓ src/playwrightBrowser.test.ts (4 tests) 3ms
 ✓ src/pages/members/MemberGovernanceForm.container.test.tsx (16 tests) 5262ms
   ✓ MemberGovernanceForm production container > routes Directory registration into canonical Profile readback with the exact create ledger  2914ms
   ✓ MemberGovernanceForm production container > performs one ordinary human-like update before canonical Profile readback with the exact update ledger  311ms

 Test Files  38 passed (38)
      Tests  334 passed (334)
   Start at  01:09:35
   Duration  8.83s (transform 5.31s, setup 0ms, collect 11.53s, tests 31.19s, environment 6.17s, prepare 2.62s)


> sfpcl-lms@1.0.0 build
> vite build

[33mThe CJS build of Vite's Node API is deprecated. See https://vite.dev/guide/troubleshooting.html#vite-cjs-node-api-deprecated for more details.[39m
vite v5.4.21 building for production...
transforming...
✓ 1880 modules transformed.
rendering chunks...
computing gzip size...
dist/index.html                     0.75 kB │ gzip:   0.43 kB
dist/assets/index-X2hjTs2H.css     51.00 kB │ gzip:   8.86 kB
dist/assets/index-pzB5H4Ed.js   1,130.94 kB │ gzip: 244.20 kB

(!) Some chunks are larger than 500 kB after minification. Consider:
- Using dynamic import() to code-split the application
- Use build.rollupOptions.output.manualChunks to improve chunking: https://rollupjs.org/configuration-options/#output-manualchunks
- Adjust chunk size limit for this warning via build.chunkSizeWarningLimit.
✓ built in 2.29s
