
> sfpcl-lms@1.0.0 typecheck
> tsc --noEmit


> sfpcl-lms@1.0.0 lint
> eslint src


> sfpcl-lms@1.0.0 test
> vitest run

[33mThe CJS build of Vite's Node API is deprecated. See https://vite.dev/guide/troubleshooting.html#vite-cjs-node-api-deprecated for more details.[39m

 RUN  v3.2.6 /Users/amitkallapa/LMS/.ralph/worktrees/2026-07-19_003418_normal_run/sfpcl-lms

 ✓ src/pages/registers/RegistersHub.test.tsx (8 tests) 1240ms
   ✓ RegistersHub owned approval register panels > renders only the server-scoped frozen sanction page and replaces pagination after a filter change  371ms
   ✓ RegistersHub owned approval register panels > applies only canonical financial-year values  487ms
 ✓ src/pages/borrower/portal/applications/MP05_NewApplication.test.tsx (7 tests) 1565ms
   ✓ MP05 loan-limit display authority (006Z2 interim regression) > creates, submits exactly once, and canonically refetches the returned amount  461ms
   ✓ MP05 loan-limit display authority (006Z2 interim regression) > shows independent 400, 403, and 409 errors without retry or projection refetch  873ms
 ✓ src/pages/settings/SettingsHub.test.tsx (10 tests) 1738ms
   ✓ SettingsHub Approval Matrix panel > permits a canonical manager to submit a complete successor version as a pending proposal  909ms
   ✓ SettingsHub remaining panels > creates a complete successor as a separate audited draft for a canonical policy manager  415ms
 ✓ src/pages/appraisal/AppraisalWorkbench.container.test.tsx (14 tests) 2672ms
   ✓ default AppraisalWorkbench authenticated HTTP container > calculates a limit from entered source IDs and refreshes four reads  418ms
   ✓ default AppraisalWorkbench authenticated HTTP container > posts the rejected Credit Manager decision once  569ms
 ✓ src/pages/borrower/portal/disbursement/MP14_DisbursementStatus.test.tsx (5 tests) 276ms
 ✓ src/pages/borrower/portal/documents/PortalDocumentationActions.test.tsx (8 tests) 561ms
   ✓ member portal documentation actions > renders server-owned actions and performs one canonical refetch after upload  339ms
 ✓ src/pages/documentation/DocumentationHub.test.tsx (18 tests) 3223ms
   ✓ 008M2 documentation workspace contract > posts a server-owned approval and refetches once without optimism  856ms
   ✓ 008M2 documentation workspace contract > keeps a conflict visible with no optimistic change, retry, or refetch  398ms
   ✓ 008M2 documentation workspace contract > submits a signed-copy upload through the opaque action and refetches once  427ms
 ✓ src/pages/borrower/portal/applications/MP11_DeficiencyResponse.test.tsx (2 tests) 506ms
   ✓ MP11 deficiency response > uploads a server-contracted response, refetches canonical state, and resubmits  424ms
 ✓ src/pages/members/MemberProfile.test.tsx (26 tests) 193ms
 ✓ src/pages/members/MemberProfile.container.test.tsx (4 tests) 272ms
 ✓ src/services/authSession.test.ts (36 tests) 39ms
(node:19526) ExperimentalWarning: buffer.File is an experimental feature and might change at any time
(Use `node --trace-warnings ...` to show where the warning was created)
 ✓ src/services/portalApi.test.ts (7 tests) 23ms
 ✓ src/services/applicationIntakeApi.test.ts (5 tests) 8ms
 ✓ src/pages/applications/ApplicationDetail.test.tsx (9 tests) 74ms
 ✓ src/pages/appraisal/AppraisalWorkbench.test.tsx (22 tests) 160ms
 ✓ src/pages/applications/WitnessPanel.container.test.tsx (10 tests) 1202ms
   ✓ mounted witness resource actions > captures with the exact body and refetches the canonical collection once  378ms
 ✓ src/services/creditAssessmentApi.test.ts (5 tests) 8ms
 ✓ src/pages/members/Borrower360.test.tsx (4 tests) 96ms
 ✓ src/pages/members/MemberGovernanceForm.test.tsx (5 tests) 2446ms
   ✓ MemberGovernanceForm > submits the institution create variant without individual identity/profile fields  1247ms
   ✓ MemberGovernanceForm > submits every individual registration profile field  926ms
 ✓ src/services/approvalRegistersApi.test.ts (5 tests) 6ms
 ✓ src/services/navigationPermissions.test.ts (9 tests) 12ms
 ✓ src/pages/applications/CompletenessWorkbench.test.tsx (5 tests) 68ms
 ✓ src/pages/Dashboard.test.tsx (13 tests) 59ms
 ✓ src/pages/notifications/NotificationsCenter.test.tsx (6 tests) 36ms
 ✓ src/services/tracerApi.test.ts (2 tests) 4ms
 ✓ src/pages/members/MemberDirectory.test.tsx (5 tests) 36ms
 ✓ src/pages/borrower/portal/PortalMemberViews.test.tsx (4 tests) 42ms
 ✓ src/services/loanPolicyApi.test.ts (2 tests) 10ms
 ✓ src/pages/applications/ApplicationList.test.tsx (2 tests) 35ms
 ✓ src/utils/applicationDisplay.test.ts (5 tests) 5ms
 ✓ src/pages/sanction/SanctionWorkbench.test.tsx (39 tests) 6147ms
   ✓ SanctionWorkbench authenticated container > renders the authoritative total and replaces the queue from the next server page  774ms
   ✓ SanctionWorkbench authenticated container > keeps a newer filter authoritative while an action detail refresh finishes  381ms
   ✓ SanctionWorkbench authenticated container > keeps a newer empty filter authoritative while action submission finishes  570ms
   ✓ SanctionWorkbench authenticated container > keeps a newer denied state authoritative when an action detail refresh fails later  331ms
   ✓ SanctionWorkbench authenticated container > keeps a newer malformed state authoritative when an action detail refresh fails later  313ms
   ✓ SanctionWorkbench authenticated container > keeps a newer empty state authoritative when an action detail refresh fails later  317ms
   ✓ SanctionWorkbench authenticated container > keeps a newer filter authoritative while an action decision refresh finishes  325ms
   ✓ SanctionWorkbench authenticated container > loads frozen case truth and approves through the exact case boundary before canonical refresh  334ms
   ✓ SanctionWorkbench authenticated container > requires a reason and sends the exact Reject request  375ms
   ✓ SanctionWorkbench authenticated container > requires a reason and sends the exact Return for Clarification request  341ms
   ✓ SanctionWorkbench authenticated container > uploads three application-scoped legal files before recording bounded special-case evidence  732ms
 ✓ src/pages/applications/NomineeSelectionViews.test.tsx (3 tests) 19ms
 ✓ src/playwrightBrowser.test.ts (4 tests) 3ms
 ✓ src/contexts/RoleContext.test.tsx (2 tests) 7ms
 ✓ src/pages/borrower/portal/auth/MP00_Login.test.tsx (2 tests) 10ms
 ✓ src/pages/profile/MyProfile.test.tsx (1 test) 9ms
 ✓ src/pages/members/MemberGovernanceForm.container.test.tsx (16 tests) 4342ms
   ✓ MemberGovernanceForm production container > routes Directory registration into canonical Profile readback with the exact create ledger  2268ms
 ✓ src/services/demoAuthFlag.test.tsx (3 tests) 1130ms
   ✓ VITE_ENABLE_DEMO_AUTH real App/RoleProvider boundary (005FA4) > fails closed when the flag is unset  1018ms

 Test Files  38 passed (38)
      Tests  333 passed (333)
   Start at  00:56:36
   Duration  8.66s (transform 5.41s, setup 0ms, collect 12.32s, tests 28.28s, environment 5.78s, prepare 2.47s)


> sfpcl-lms@1.0.0 build
> vite build

[33mThe CJS build of Vite's Node API is deprecated. See https://vite.dev/guide/troubleshooting.html#vite-cjs-node-api-deprecated for more details.[39m
vite v5.4.21 building for production...
transforming...
✓ 1880 modules transformed.
rendering chunks...
computing gzip size...
dist/index.html                     0.75 kB │ gzip:   0.43 kB
dist/assets/index-X2hjTs2H.css     51.00 kB │ gzip:   8.86 kB
dist/assets/index-pzB5H4Ed.js   1,130.94 kB │ gzip: 244.20 kB

(!) Some chunks are larger than 500 kB after minification. Consider:
- Using dynamic import() to code-split the application
- Use build.rollupOptions.output.manualChunks to improve chunking: https://rollupjs.org/configuration-options/#output-manualchunks
- Adjust chunk size limit for this warning via build.chunkSizeWarningLimit.
✓ built in 2.19s
