
> sfpcl-lms@1.0.0 test
> vitest run --run src/pages/borrower/portal/disbursement/MP14_DisbursementStatus.test.tsx

[33mThe CJS build of Vite's Node API is deprecated. See https://vite.dev/guide/troubleshooting.html#vite-cjs-node-api-deprecated for more details.[39m

 RUN  v3.2.6 /Users/amitkallapa/LMS/.ralph/worktrees/2026-07-19_003418_normal_run/sfpcl-lms

 ❯ src/pages/borrower/portal/disbursement/MP14_DisbursementStatus.test.tsx (5 tests | 3 failed) 3178ms
   ✓ MP14 disbursement status > renders only the server projection and downloads through the portal boundary 114ms
   ✓ MP14 disbursement status > contains no hard-coded production fixture or mock source 0ms
   × MP14 disbursement status > shows processing, blocked, empty, session, and safe error states 1041ms
     → Unable to find an element with the text: Select an application from My Applications to view its disbursement status.. This could be because the text is broken up by multiple elements. In this case, you can provide a function for your text matcher to make your matcher more flexible.

Ignored nodes: comments, script, style
[36m<body>[39m
  [36m<div />[39m
  [36m<div />[39m
  [36m<div>[39m
    [36m<div[39m
      [33mclass[39m=[32m"space-y-6"[39m
    [36m>[39m
      [36m<div>[39m
        [36m<h2[39m
          [33mclass[39m=[32m"text-xl font-bold text-slate-900"[39m
        [36m>[39m
          [0mDisbursement Status[0m
        [36m</h2>[39m
        [36m<p[39m
          [33mclass[39m=[32m"text-sm text-slate-500 mt-1"[39m
        [36m>[39m
          [0mTrack SAP setup, bank authorisation, and final payment advice.[0m
        [36m</p>[39m
      [36m</div>[39m
      [36m<div[39m
        [33mclass[39m=[32m"bg-white rounded-xl border border-green-200 overflow-hidden"[39m
      [36m>[39m
        [36m<div[39m
          [33mclass[39m=[32m"bg-green-50 px-6 py-5 border-b border-green-100 flex flex-col sm:flex-row sm:items-center sm:justify-between gap-4"[39m
        [36m>[39m
          [36m<div[39m
            [33mclass[39m=[32m"flex items-start gap-3"[39m
          [36m>[39m
            [36m<div[39m
              [33mclass[39m=[32m"w-11 h-11 rounded-xl bg-green-100 flex items-center justify-center flex-shrink-0"[39m
            [36m>[39m
              [36m<svg[39m
                [33maria-hidden[39m=[32m"true"[39m
                [33mclass[39m=[32m"lucide lucide-banknote text-green-700"[39m
                [33mfill[39m=[32m"none"[39m
                [33mheight[39m=[32m"22"[39m
                [33mstroke[39m=[32m"currentColor"[39m
                [33mstroke-linecap[39m=[32m"round"[39m
                [33mstroke-linejoin[39m=[32m"round"[39m
                [33mstroke-width[39m=[32m"2"[39m
                [33mviewBox[39m=[32m"0 0 24 24"[39m
                [33mwidth[39m=[32m"22"[39m
                [33mxmlns[39m=[32m"http://www.w3.org/2000/svg"[39m
              [36m>[39m
                [36m<rect[39m
                  [33mheight[39m=[32m"12"[39m
                  [33mrx[39m=[32m"2"[39m
                  [33mwidth[39m=[32m"20"[39m
                  [33mx[39m=[32m"2"[39m
                  [33my[39m=[32m"6"[39m
                [36m/>[39m
                [36m<circle[39m
                  [33mcx[39m=[32m"12"[39m
                  [33mcy[39m=[32m"12"[39m
                  [33mr[39m=[32m"2"[39m
                [36m/>[39m
                [36m<path[39m
                  [33md[39m=[32m"M6 12h.01M18 12h.01"[39m
                [36m/>[39m
              [36m</svg>[39m
            [36m</div>[39m
            [36m<div>[39m
              [36m<h3[39m
                [33mclass[39m=[32m"font-bold text-green-950"[39m
              [36m>[39m
                [0mLoan amount transferred.[0m
              [36m</h3>[39m
              [36m<p[39m
                [33mclass[39m=[32m"text-sm text-green-700 mt-1"[39m
              [36m>[39m
                [0m₹4,00,000 transferred on 18 Jul 2026.[0m
              [36m</p>[39m
            [36m</div>[39m
          [36m</div>[39m
          [36m<span[39m
            [33mclass[39m=[32m"inline-flex items-center gap-1 font-medium rounded-full border whitespace-nowrap bg-green-50 text-green-900 border-green-200 text-xs px-2 py-0.5 h-5"[39m
          [36m>[39m
            [36m<svg[39m
              [33maria-hidden[39m=[32m"true"[39m
              [33mclass[39m=[32m"lucide lucide-banknote"[39m
              [33mfill[39m=[32m"none"[39m
              [33mheight[39m=[32m"10"[39m
              [33mstroke[39m=[32m"currentColor"[39m
              [33mstroke-linecap[39m=[32m"round"[39m
              [33mstroke-linejoin[39m=[32m"round"[39m
              [33mstroke-width[39m=[32m"2"[39m
              [33mviewBox[39m=[32m"0 0 24 24"[39m
              [33mwidth[39m=[32m"10"[39m
              [33mxmlns[39m=[32m"http://www.w3.org/2000/svg"[39m
            [36m>[39m
              [36m<rect[39m
                [33mheight[39m=[32m"12"[39m
                [33mrx[39m=[32m"2"[39m
                [33mwidth[39m=[32m"20"[39m
                [33mx[39m=[32m"2"[39m
                [33my[39m=[32m"6"[39m
              [36m/>[39m
              [36m<circle[39m
                [33mcx[39m=[32m"12"[39m
                [33mcy[39m=[32m"12"[39m
                [33mr[39m=[32m"2"[39m
              [36m/>[39m
              [36m<path[39m
                [33md[39m=[32m"M6 12h.01M18 12h.01"[39m
              [36m/>[39m
            [36m</svg>[39m
            [0mDisbursed[0m
          [36m</span>[39m
        [36m</div>[39m
        [36m<div[39m
          [33mclass[39m=[32m"p-6 grid grid-cols-1 sm:grid-cols-3 gap-4"[39m
        [36m>[39m
          [36m<div[39m
            [33mclass[39m=[32m"bg-slate-50 rounded-lg p-3"[39m
          [36m>[39m
            [36m<p[39m
              [33mclass[39m=[32m"text-xs text-slate-500"[39m
            [36m>[39m
              [0mSanctioned Amount[0m
            [36m</p>[39m
            [36m<p[39m
              [33mclass[39m=[32m"text-sm font-semibold text-slate-900 mt-0.5"[39m
            [36m>[39m
              [0m₹4,00,000[0m
            [36m</p>[39m
          [36m</div>[39m
          [36m<div[39m
            [33mclass[39m=[32m"bg-slate-50 rounded-lg p-3"[39m
          [36m>[39m
            [36m<p[39m
              [33mclass[39m=[32m"text-xs text-slate-500"[39m
            [36m>[39m
              [0mBank Reference / UTR[0m
            [36m</p>[39m
            [36m<p[39m
              [33mclass[39m=[32m"text-sm font-semibold text-slate-900 mt-0.5"[39m
            [36m>[39m
              [0m••••9876[0m
            [36m</p>[39m
          [36m</div>[39m
          [36m<div[39m
            [33mclass[39m=[32m"bg-slate-50 rounded-lg p-3"[39m
          [36m>[39m
            [36m<p[39m
              [33mclass[39m=[32m"text-xs text-slate-500"[39m
            [36m>[39m
              [0mCredited Account[0m
            [36m</p>[39m
            [36m<p[39m
              [33mclass[39m=[32m"text-sm font-semibold text-slate-900 mt-0.5"[39m
            [36m>[39m
              [0m••••4321[0m
            [36m</p>[39m
          [36m</div>[39m
        [36m</div>[39m
      [36m</div>[39m
      [36m<div[39m
        [33mclass[39m=[32m"bg-white rounded-xl border border-slate-100 p-5"[39m
      [36m>[39m
        [36m<h3[39m
          [33mclass[39m=[32m"font-semibold text-slate-900 mb-4 flex items-center gap-2"[39m
        [36m>[39m
          [36m<svg[39m
            [33maria-hidden[39m=[32m"true"[39m
            [33mclass[39m=[32m"lucide lucide-clock text-green-600"[39m
            [33mfill[39m=[32m"none"[39m
            [33mheight[39m=[32m"16"[39m
            [33mstroke[39m=[32m"currentColor"[39m
            [33mstroke-linecap[39m=[32m"round"[39m
            [33ms...

Ignored nodes: comments, script, style
[36m<body>[39m
  [36m<div />[39m
  [36m<div />[39m
  [36m<div>[39m
    [36m<div[39m
      [33mclass[39m=[32m"space-y-6"[39m
    [36m>[39m
      [36m<div>[39m
        [36m<h2[39m
          [33mclass[39m=[32m"text-xl font-bold text-slate-900"[39m
        [36m>[39m
          [0mDisbursement Status[0m
        [36m</h2>[39m
        [36m<p[39m
          [33mclass[39m=[32m"text-sm text-slate-500 mt-1"[39m
        [36m>[39m
          [0mTrack SAP setup, bank authorisation, and final payment advice.[0m
        [36m</p>[39m
      [36m</div>[39m
      [36m<div[39m
        [33mclass[39m=[32m"bg-white rounded-xl border border-green-200 overflow-hidden"[39m
      [36m>[39m
        [36m<div[39m
          [33mclass[39m=[32m"bg-green-50 px-6 py-5 border-b border-green-100 flex flex-col sm:flex-row sm:items-center sm:justify-between gap-4"[39m
        [36m>[39m
          [36m<div[39m
            [33mclass[39m=[32m"flex items-start gap-3"[39m
          [36m>[39m
            [36m<div[39m
              [33mclass[39m=[32m"w-11 h-11 rounded-xl bg-green-100 flex items-center justify-center flex-shrink-0"[39m
            [36m>[39m
              [36m<svg[39m
                [33maria-hidden[39m=[32m"true"[39m
                [33mclass[39m=[32m"lucide lucide-banknote text-green-700"[39m
                [33mfill[39m=[32m"none"[39m
                [33mheight[39m=[32m"22"[39m
                [33mstroke[39m=[32m"currentColor"[39m
                [33mstroke-linecap[39m=[32m"round"[39m
                [33mstroke-linejoin[39m=[32m"round"[39m
                [33mstroke-width[39m=[32m"2"[39m
                [33mviewBox[39m=[32m"0 0 24 24"[39m
                [33mwidth[39m=[32m"22"[39m
                [33mxmlns[39m=[32m"http://www.w3.org/2000/svg"[39m
              [36m>[39m
                [36m<rect[39m
                  [33mheight[39m=[32m"12"[39m
                  [33mrx[39m=[32m"2"[39m
                  [33mwidth[39m=[32m"20"[39m
                  [33mx[39m=[32m"2"[39m
                  [33my[39m=[32m"6"[39m
                [36m/>[39m
                [36m<circle[39m
                  [33mcx[39m=[32m"12"[39m
                  [33mcy[39m=[32m"12"[39m
                  [33mr[39m=[32m"2"[39m
                [36m/>[39m
                [36m<path[39m
                  [33md[39m=[32m"M6 12h.01M18 12h.01"[39m
                [36m/>[39m
              [36m</svg>[39m
            [36m</div>[39m
            [36m<div>[39m
              [36m<h3[39m
                [33mclass[39m=[32m"font-bold text-green-950"[39m
              [36m>[39m
                [0mLoan amount transferred.[0m
              [36m</h3>[39m
              [36m<p[39m
                [33mclass[39m=[32m"text-sm text-green-700 mt-1"[39m
              [36m>[39m
                [0m₹4,00,000 transferred on 18 Jul 2026.[0m
              [36m</p>[39m
            [36m</div>[39m
          [36m</div>[39m
          [36m<span[39m
            [33mclass[39m=[32m"inline-flex items-center gap-1 font-medium rounded-full border whitespace-nowrap bg-green-50 text-green-900 border-green-200 text-xs px-2 py-0.5 h-5"[39m
          [36m>[39m
            [36m<svg[39m
              [33maria-hidden[39m=[32m"true"[39m
              [33mclass[39m=[32m"lucide lucide-banknote"[39m
              [33mfill[39m=[32m"none"[39m
              [33mheight[39m=[32m"10"[39m
              [33mstroke[39m=[32m"currentColor"[39m
              [33mstroke-linecap[39m=[32m"round"[39m
              [33mstroke-linejoin[39m=[32m"round"[39m
              [33mstroke-width[39m=[32m"2"[39m
              [33mviewBox[39m=[32m"0 0 24 24"[39m
              [33mwidth[39m=[32m"10"[39m
              [33mxmlns[39m=[32m"http://www.w3.org/2000/svg"[39m
            [36m>[39m
              [36m<rect[39m
                [33mheight[39m=[32m"12"[39m
                [33mrx[39m=[32m"2"[39m
                [33mwidth[39m=[32m"20"[39m
                [33mx[39m=[32m"2"[39m
                [33my[39m=[32m"6"[39m
              [36m/>[39m
              [36m<circle[39m
                [33mcx[39m=[32m"12"[39m
                [33mcy[39m=[32m"12"[39m
                [33mr[39m=[32m"2"[39m
              [36m/>[39m
              [36m<path[39m
                [33md[39m=[32m"M6 12h.01M18 12h.01"[39m
              [36m/>[39m
            [36m</svg>[39m
            [0mDisbursed[0m
          [36m</span>[39m
        [36m</div>[39m
        [36m<div[39m
          [33mclass[39m=[32m"p-6 grid grid-cols-1 sm:grid-cols-3 gap-4"[39m
        [36m>[39m
          [36m<div[39m
            [33mclass[39m=[32m"bg-slate-50 rounded-lg p-3"[39m
          [36m>[39m
            [36m<p[39m
              [33mclass[39m=[32m"text-xs text-slate-500"[39m
            [36m>[39m
              [0mSanctioned Amount[0m
            [36m</p>[39m
            [36m<p[39m
              [33mclass[39m=[32m"text-sm font-semibold text-slate-900 mt-0.5"[39m
            [36m>[39m
              [0m₹4,00,000[0m
            [36m</p>[39m
          [36m</div>[39m
          [36m<div[39m
            [33mclass[39m=[32m"bg-slate-50 rounded-lg p-3"[39m
          [36m>[39m
            [36m<p[39m
              [33mclass[39m=[32m"text-xs text-slate-500"[39m
            [36m>[39m
              [0mBank Reference / UTR[0m
            [36m</p>[39m
            [36m<p[39m
              [33mclass[39m=[32m"text-sm font-semibold text-slate-900 mt-0.5"[39m
            [36m>[39m
              [0m••••9876[0m
            [36m</p>[39m
          [36m</div>[39m
          [36m<div[39m
            [33mclass[39m=[32m"bg-slate-50 rounded-lg p-3"[39m
          [36m>[39m
            [36m<p[39m
              [33mclass[39m=[32m"text-xs text-slate-500"[39m
            [36m>[39m
              [0mCredited Account[0m
            [36m</p>[39m
            [36m<p[39m
              [33mclass[39m=[32m"text-sm font-semibold text-slate-900 mt-0.5"[39m
            [36m>[39m
              [0m••••4321[0m
            [36m</p>[39m
          [36m</div>[39m
        [36m</div>[39m
      [36m</div>[39m
      [36m<div[39m
        [33mclass[39m=[32m"bg-white rounded-xl border border-slate-100 p-5"[39m
      [36m>[39m
        [36m<h3[39m
          [33mclass[39m=[32m"font-semibold text-slate-900 mb-4 flex items-center gap-2"[39m
        [36m>[39m
          [36m<svg[39m
            [33maria-hidden[39m=[32m"true"[39m
            [33mclass[39m=[32m"lucide lucide-clock text-green-600"[39m
            [33mfill[39m=[32m"none"[39m
            [33mheight[39m=[32m"16"[39m
            [33mstroke[39m=[32m"currentColor"[39m
            [33mstroke-linecap[39m=[32m"round"[39m
            [33ms...
   × MP14 disbursement status > requests only the explicit parent-owned application regardless of list order 1011ms
     → Unable to find an element with the text: Loan amount transferred.. This could be because the text is broken up by multiple elements. In this case, you can provide a function for your text matcher to make your matcher more flexible.

Ignored nodes: comments, script, style
[36m<body>[39m
  [36m<div>[39m
    [36m<div[39m
      [33mclass[39m=[32m"space-y-6"[39m
    [36m>[39m
      [36m<div>[39m
        [36m<h2[39m
          [33mclass[39m=[32m"text-xl font-bold text-slate-900"[39m
        [36m>[39m
          [0mDisbursement Status[0m
        [36m</h2>[39m
        [36m<p[39m
          [33mclass[39m=[32m"text-sm text-slate-500 mt-1"[39m
        [36m>[39m
          [0mTrack SAP setup, bank authorisation, and final payment advice.[0m
        [36m</p>[39m
      [36m</div>[39m
      [36m<div[39m
        [33mclass[39m=[32m"rounded-xl border p-5 text-sm bg-red-50 border-red-200 text-red-700"[39m
      [36m>[39m
        [0mDisbursement status could not be loaded. Please try again.[0m
      [36m</div>[39m
    [36m</div>[39m
  [36m</div>[39m
[36m</body>[39m

Ignored nodes: comments, script, style
[36m<body>[39m
  [36m<div>[39m
    [36m<div[39m
      [33mclass[39m=[32m"space-y-6"[39m
    [36m>[39m
      [36m<div>[39m
        [36m<h2[39m
          [33mclass[39m=[32m"text-xl font-bold text-slate-900"[39m
        [36m>[39m
          [0mDisbursement Status[0m
        [36m</h2>[39m
        [36m<p[39m
          [33mclass[39m=[32m"text-sm text-slate-500 mt-1"[39m
        [36m>[39m
          [0mTrack SAP setup, bank authorisation, and final payment advice.[0m
        [36m</p>[39m
      [36m</div>[39m
      [36m<div[39m
        [33mclass[39m=[32m"rounded-xl border p-5 text-sm bg-red-50 border-red-200 text-red-700"[39m
      [36m>[39m
        [0mDisbursement status could not be loaded. Please try again.[0m
      [36m</div>[39m
    [36m</div>[39m
  [36m</div>[39m
[36m</body>[39m
   × MP14 disbursement status > requests only the explicit parent-owned application regardless of list order 1011ms
     → Unable to find an element with the text: Loan amount transferred.. This could be because the text is broken up by multiple elements. In this case, you can provide a function for your text matcher to make your matcher more flexible.

Ignored nodes: comments, script, style
[36m<body>[39m
  [36m<div>[39m
    [36m<div[39m
      [33mclass[39m=[32m"space-y-6"[39m
    [36m>[39m
      [36m<div>[39m
        [36m<h2[39m
          [33mclass[39m=[32m"text-xl font-bold text-slate-900"[39m
        [36m>[39m
          [0mDisbursement Status[0m
        [36m</h2>[39m
        [36m<p[39m
          [33mclass[39m=[32m"text-sm text-slate-500 mt-1"[39m
        [36m>[39m
          [0mTrack SAP setup, bank authorisation, and final payment advice.[0m
        [36m</p>[39m
      [36m</div>[39m
      [36m<div[39m
        [33mclass[39m=[32m"rounded-xl border p-5 text-sm bg-red-50 border-red-200 text-red-700"[39m
      [36m>[39m
        [0mDisbursement status could not be loaded. Please try again.[0m
      [36m</div>[39m
    [36m</div>[39m
  [36m</div>[39m
[36m</body>[39m

Ignored nodes: comments, script, style
[36m<body>[39m
  [36m<div>[39m
    [36m<div[39m
      [33mclass[39m=[32m"space-y-6"[39m
    [36m>[39m
      [36m<div>[39m
        [36m<h2[39m
          [33mclass[39m=[32m"text-xl font-bold text-slate-900"[39m
        [36m>[39m
          [0mDisbursement Status[0m
        [36m</h2>[39m
        [36m<p[39m
          [33mclass[39m=[32m"text-sm text-slate-500 mt-1"[39m
        [36m>[39m
          [0mTrack SAP setup, bank authorisation, and final payment advice.[0m
        [36m</p>[39m
      [36m</div>[39m
      [36m<div[39m
        [33mclass[39m=[32m"rounded-xl border p-5 text-sm bg-red-50 border-red-200 text-red-700"[39m
      [36m>[39m
        [0mDisbursement status could not be loaded. Please try again.[0m
      [36m</div>[39m
    [36m</div>[39m
  [36m</div>[39m
[36m</body>[39m

⎯⎯⎯⎯⎯⎯⎯ Failed Tests 3 ⎯⎯⎯⎯⎯⎯⎯

 FAIL  src/pages/borrower/portal/disbursement/MP14_DisbursementStatus.test.tsx > MP14 disbursement status > shows processing, blocked, empty, session, and safe error states
TestingLibraryElementError: Unable to find an element with the text: Select an application from My Applications to view its disbursement status.. This could be because the text is broken up by multiple elements. In this case, you can provide a function for your text matcher to make your matcher more flexible.

Ignored nodes: comments, script, style
[36m<body>[39m
  [36m<div />[39m
  [36m<div />[39m
  [36m<div>[39m
    [36m<div[39m
      [33mclass[39m=[32m"space-y-6"[39m
    [36m>[39m
      [36m<div>[39m
        [36m<h2[39m
          [33mclass[39m=[32m"text-xl font-bold text-slate-900"[39m
        [36m>[39m
          [0mDisbursement Status[0m
        [36m</h2>[39m
        [36m<p[39m
          [33mclass[39m=[32m"text-sm text-slate-500 mt-1"[39m
        [36m>[39m
          [0mTrack SAP setup, bank authorisation, and final payment advice.[0m
        [36m</p>[39m
      [36m</div>[39m
      [36m<div[39m
        [33mclass[39m=[32m"bg-white rounded-xl border border-green-200 overflow-hidden"[39m
      [36m>[39m
        [36m<div[39m
          [33mclass[39m=[32m"bg-green-50 px-6 py-5 border-b border-green-100 flex flex-col sm:flex-row sm:items-center sm:justify-between gap-4"[39m
        [36m>[39m
          [36m<div[39m
            [33mclass[39m=[32m"flex items-start gap-3"[39m
          [36m>[39m
            [36m<div[39m
              [33mclass[39m=[32m"w-11 h-11 rounded-xl bg-green-100 flex items-center justify-center flex-shrink-0"[39m
            [36m>[39m
              [36m<svg[39m
                [33maria-hidden[39m=[32m"true"[39m
                [33mclass[39m=[32m"lucide lucide-banknote text-green-700"[39m
                [33mfill[39m=[32m"none"[39m
                [33mheight[39m=[32m"22"[39m
                [33mstroke[39m=[32m"currentColor"[39m
                [33mstroke-linecap[39m=[32m"round"[39m
                [33mstroke-linejoin[39m=[32m"round"[39m
                [33mstroke-width[39m=[32m"2"[39m
                [33mviewBox[39m=[32m"0 0 24 24"[39m
                [33mwidth[39m=[32m"22"[39m
                [33mxmlns[39m=[32m"http://www.w3.org/2000/svg"[39m
              [36m>[39m
                [36m<rect[39m
                  [33mheight[39m=[32m"12"[39m
                  [33mrx[39m=[32m"2"[39m
                  [33mwidth[39m=[32m"20"[39m
                  [33mx[39m=[32m"2"[39m
                  [33my[39m=[32m"6"[39m
                [36m/>[39m
                [36m<circle[39m
                  [33mcx[39m=[32m"12"[39m
                  [33mcy[39m=[32m"12"[39m
                  [33mr[39m=[32m"2"[39m
                [36m/>[39m
                [36m<path[39m
                  [33md[39m=[32m"M6 12h.01M18 12h.01"[39m
                [36m/>[39m
              [36m</svg>[39m
            [36m</div>[39m
            [36m<div>[39m
              [36m<h3[39m
                [33mclass[39m=[32m"font-bold text-green-950"[39m
              [36m>[39m
                [0mLoan amount transferred.[0m
              [36m</h3>[39m
              [36m<p[39m
                [33mclass[39m=[32m"text-sm text-green-700 mt-1"[39m
              [36m>[39m
                [0m₹4,00,000 transferred on 18 Jul 2026.[0m
              [36m</p>[39m
            [36m</div>[39m
          [36m</div>[39m
          [36m<span[39m
            [33mclass[39m=[32m"inline-flex items-center gap-1 font-medium rounded-full border whitespace-nowrap bg-green-50 text-green-900 border-green-200 text-xs px-2 py-0.5 h-5"[39m
          [36m>[39m
            [36m<svg[39m
              [33maria-hidden[39m=[32m"true"[39m
              [33mclass[39m=[32m"lucide lucide-banknote"[39m
              [33mfill[39m=[32m"none"[39m
              [33mheight[39m=[32m"10"[39m
              [33mstroke[39m=[32m"currentColor"[39m
              [33mstroke-linecap[39m=[32m"round"[39m
              [33mstroke-linejoin[39m=[32m"round"[39m
              [33mstroke-width[39m=[32m"2"[39m
              [33mviewBox[39m=[32m"0 0 24 24"[39m
              [33mwidth[39m=[32m"10"[39m
              [33mxmlns[39m=[32m"http://www.w3.org/2000/svg"[39m
            [36m>[39m
              [36m<rect[39m
                [33mheight[39m=[32m"12"[39m
                [33mrx[39m=[32m"2"[39m
                [33mwidth[39m=[32m"20"[39m
                [33mx[39m=[32m"2"[39m
                [33my[39m=[32m"6"[39m
              [36m/>[39m
              [36m<circle[39m
                [33mcx[39m=[32m"12"[39m
                [33mcy[39m=[32m"12"[39m
                [33mr[39m=[32m"2"[39m
              [36m/>[39m
              [36m<path[39m
                [33md[39m=[32m"M6 12h.01M18 12h.01"[39m
              [36m/>[39m
            [36m</svg>[39m
            [0mDisbursed[0m
          [36m</span>[39m
        [36m</div>[39m
        [36m<div[39m
          [33mclass[39m=[32m"p-6 grid grid-cols-1 sm:grid-cols-3 gap-4"[39m
        [36m>[39m
          [36m<div[39m
            [33mclass[39m=[32m"bg-slate-50 rounded-lg p-3"[39m
          [36m>[39m
            [36m<p[39m
              [33mclass[39m=[32m"text-xs text-slate-500"[39m
            [36m>[39m
              [0mSanctioned Amount[0m
            [36m</p>[39m
            [36m<p[39m
              [33mclass[39m=[32m"text-sm font-semibold text-slate-900 mt-0.5"[39m
            [36m>[39m
              [0m₹4,00,000[0m
            [36m</p>[39m
          [36m</div>[39m
          [36m<div[39m
            [33mclass[39m=[32m"bg-slate-50 rounded-lg p-3"[39m
          [36m>[39m
            [36m<p[39m
              [33mclass[39m=[32m"text-xs text-slate-500"[39m
            [36m>[39m
              [0mBank Reference / UTR[0m
            [36m</p>[39m
            [36m<p[39m
              [33mclass[39m=[32m"text-sm font-semibold text-slate-900 mt-0.5"[39m
            [36m>[39m
              [0m••••9876[0m
            [36m</p>[39m
          [36m</div>[39m
          [36m<div[39m
            [33mclass[39m=[32m"bg-slate-50 rounded-lg p-3"[39m
          [36m>[39m
            [36m<p[39m
              [33mclass[39m=[32m"text-xs text-slate-500"[39m
            [36m>[39m
              [0mCredited Account[0m
            [36m</p>[39m
            [36m<p[39m
              [33mclass[39m=[32m"text-sm font-semibold text-slate-900 mt-0.5"[39m
            [36m>[39m
              [0m••••4321[0m
            [36m</p>[39m
          [36m</div>[39m
        [36m</div>[39m
      [36m</div>[39m
      [36m<div[39m
        [33mclass[39m=[32m"bg-white rounded-xl border border-slate-100 p-5"[39m
      [36m>[39m
        [36m<h3[39m
          [33mclass[39m=[32m"font-semibold text-slate-900 mb-4 flex items-center gap-2"[39m
        [36m>[39m
          [36m<svg[39m
            [33maria-hidden[39m=[32m"true"[39m
            [33mclass[39m=[32m"lucide lucide-clock text-green-600"[39m
            [33mfill[39m=[32m"none"[39m
            [33mheight[39m=[32m"16"[39m
            [33mstroke[39m=[32m"currentColor"[39m
            [33mstroke-linecap[39m=[32m"round"[39m
            [33ms...

Ignored nodes: comments, script, style
[36m<body>[39m
  [36m<div />[39m
  [36m<div />[39m
  [36m<div>[39m
    [36m<div[39m
      [33mclass[39m=[32m"space-y-6"[39m
    [36m>[39m
      [36m<div>[39m
        [36m<h2[39m
          [33mclass[39m=[32m"text-xl font-bold text-slate-900"[39m
        [36m>[39m
          [0mDisbursement Status[0m
        [36m</h2>[39m
        [36m<p[39m
          [33mclass[39m=[32m"text-sm text-slate-500 mt-1"[39m
        [36m>[39m
          [0mTrack SAP setup, bank authorisation, and final payment advice.[0m
        [36m</p>[39m
      [36m</div>[39m
      [36m<div[39m
        [33mclass[39m=[32m"bg-white rounded-xl border border-green-200 overflow-hidden"[39m
      [36m>[39m
        [36m<div[39m
          [33mclass[39m=[32m"bg-green-50 px-6 py-5 border-b border-green-100 flex flex-col sm:flex-row sm:items-center sm:justify-between gap-4"[39m
        [36m>[39m
          [36m<div[39m
            [33mclass[39m=[32m"flex items-start gap-3"[39m
          [36m>[39m
            [36m<div[39m
              [33mclass[39m=[32m"w-11 h-11 rounded-xl bg-green-100 flex items-center justify-center flex-shrink-0"[39m
            [36m>[39m
              [36m<svg[39m
                [33maria-hidden[39m=[32m"true"[39m
                [33mclass[39m=[32m"lucide lucide-banknote text-green-700"[39m
                [33mfill[39m=[32m"none"[39m
                [33mheight[39m=[32m"22"[39m
                [33mstroke[39m=[32m"currentColor"[39m
                [33mstroke-linecap[39m=[32m"round"[39m
                [33mstroke-linejoin[39m=[32m"round"[39m
                [33mstroke-width[39m=[32m"2"[39m
                [33mviewBox[39m=[32m"0 0 24 24"[39m
                [33mwidth[39m=[32m"22"[39m
                [33mxmlns[39m=[32m"http://www.w3.org/2000/svg"[39m
              [36m>[39m
                [36m<rect[39m
                  [33mheight[39m=[32m"12"[39m
                  [33mrx[39m=[32m"2"[39m
                  [33mwidth[39m=[32m"20"[39m
                  [33mx[39m=[32m"2"[39m
                  [33my[39m=[32m"6"[39m
                [36m/>[39m
                [36m<circle[39m
                  [33mcx[39m=[32m"12"[39m
                  [33mcy[39m=[32m"12"[39m
                  [33mr[39m=[32m"2"[39m
                [36m/>[39m
                [36m<path[39m
                  [33md[39m=[32m"M6 12h.01M18 12h.01"[39m
                [36m/>[39m
              [36m</svg>[39m
            [36m</div>[39m
            [36m<div>[39m
              [36m<h3[39m
                [33mclass[39m=[32m"font-bold text-green-950"[39m
              [36m>[39m
                [0mLoan amount transferred.[0m
              [36m</h3>[39m
              [36m<p[39m
                [33mclass[39m=[32m"text-sm text-green-700 mt-1"[39m
              [36m>[39m
                [0m₹4,00,000 transferred on 18 Jul 2026.[0m
              [36m</p>[39m
            [36m</div>[39m
          [36m</div>[39m
          [36m<span[39m
            [33mclass[39m=[32m"inline-flex items-center gap-1 font-medium rounded-full border whitespace-nowrap bg-green-50 text-green-900 border-green-200 text-xs px-2 py-0.5 h-5"[39m
          [36m>[39m
            [36m<svg[39m
              [33maria-hidden[39m=[32m"true"[39m
              [33mclass[39m=[32m"lucide lucide-banknote"[39m
              [33mfill[39m=[32m"none"[39m
              [33mheight[39m=[32m"10"[39m
              [33mstroke[39m=[32m"currentColor"[39m
              [33mstroke-linecap[39m=[32m"round"[39m
              [33mstroke-linejoin[39m=[32m"round"[39m
              [33mstroke-width[39m=[32m"2"[39m
              [33mviewBox[39m=[32m"0 0 24 24"[39m
              [33mwidth[39m=[32m"10"[39m
              [33mxmlns[39m=[32m"http://www.w3.org/2000/svg"[39m
            [36m>[39m
              [36m<rect[39m
                [33mheight[39m=[32m"12"[39m
                [33mrx[39m=[32m"2"[39m
                [33mwidth[39m=[32m"20"[39m
                [33mx[39m=[32m"2"[39m
                [33my[39m=[32m"6"[39m
              [36m/>[39m
              [36m<circle[39m
                [33mcx[39m=[32m"12"[39m
                [33mcy[39m=[32m"12"[39m
                [33mr[39m=[32m"2"[39m
              [36m/>[39m
              [36m<path[39m
                [33md[39m=[32m"M6 12h.01M18 12h.01"[39m
              [36m/>[39m
            [36m</svg>[39m
            [0mDisbursed[0m
          [36m</span>[39m
        [36m</div>[39m
        [36m<div[39m
          [33mclass[39m=[32m"p-6 grid grid-cols-1 sm:grid-cols-3 gap-4"[39m
        [36m>[39m
          [36m<div[39m
            [33mclass[39m=[32m"bg-slate-50 rounded-lg p-3"[39m
          [36m>[39m
            [36m<p[39m
              [33mclass[39m=[32m"text-xs text-slate-500"[39m
            [36m>[39m
              [0mSanctioned Amount[0m
            [36m</p>[39m
            [36m<p[39m
              [33mclass[39m=[32m"text-sm font-semibold text-slate-900 mt-0.5"[39m
            [36m>[39m
              [0m₹4,00,000[0m
            [36m</p>[39m
          [36m</div>[39m
          [36m<div[39m
            [33mclass[39m=[32m"bg-slate-50 rounded-lg p-3"[39m
          [36m>[39m
            [36m<p[39m
              [33mclass[39m=[32m"text-xs text-slate-500"[39m
            [36m>[39m
              [0mBank Reference / UTR[0m
            [36m</p>[39m
            [36m<p[39m
              [33mclass[39m=[32m"text-sm font-semibold text-slate-900 mt-0.5"[39m
            [36m>[39m
              [0m••••9876[0m
            [36m</p>[39m
          [36m</div>[39m
          [36m<div[39m
            [33mclass[39m=[32m"bg-slate-50 rounded-lg p-3"[39m
          [36m>[39m
            [36m<p[39m
              [33mclass[39m=[32m"text-xs text-slate-500"[39m
            [36m>[39m
              [0mCredited Account[0m
            [36m</p>[39m
            [36m<p[39m
              [33mclass[39m=[32m"text-sm font-semibold text-slate-900 mt-0.5"[39m
            [36m>[39m
              [0m••••4321[0m
            [36m</p>[39m
          [36m</div>[39m
        [36m</div>[39m
      [36m</div>[39m
      [36m<div[39m
        [33mclass[39m=[32m"bg-white rounded-xl border border-slate-100 p-5"[39m
      [36m>[39m
        [36m<h3[39m
          [33mclass[39m=[32m"font-semibold text-slate-900 mb-4 flex items-center gap-2"[39m
        [36m>[39m
          [36m<svg[39m
            [33maria-hidden[39m=[32m"true"[39m
            [33mclass[39m=[32m"lucide lucide-clock text-green-600"[39m
            [33mfill[39m=[32m"none"[39m
            [33mheight[39m=[32m"16"[39m
            [33mstroke[39m=[32m"currentColor"[39m
            [33mstroke-linecap[39m=[32m"round"[39m
            [33ms...
 ❯ waitForWrapper node_modules/@testing-library/dom/dist/wait-for.js:163:27
 ❯ node_modules/@testing-library/dom/dist/query-helpers.js:86:33
 ❯ src/pages/borrower/portal/disbursement/MP14_DisbursementStatus.test.tsx:102:25
    100|     const navigate = vi.fn();
    101|     const empty = render(<MP14_DisbursementStatus selectedApplicationI…
    102|     expect(await screen.findByText('Select an application from My Appl…
       |                         ^
    103|     await userEvent.click(screen.getByRole('button', { name: 'Go to My…
    104|     expect(navigate).toHaveBeenCalledOnce();

⎯⎯⎯⎯⎯⎯⎯⎯⎯⎯⎯⎯⎯⎯⎯⎯⎯⎯⎯⎯⎯⎯⎯⎯[1/3]⎯

 FAIL  src/pages/borrower/portal/disbursement/MP14_DisbursementStatus.test.tsx > MP14 disbursement status > requests only the explicit parent-owned application regardless of list order
 FAIL  src/pages/borrower/portal/disbursement/MP14_DisbursementStatus.test.tsx > MP14 disbursement status > requests only the explicit parent-owned application regardless of list order
TestingLibraryElementError: Unable to find an element with the text: Loan amount transferred.. This could be because the text is broken up by multiple elements. In this case, you can provide a function for your text matcher to make your matcher more flexible.

Ignored nodes: comments, script, style
[36m<body>[39m
  [36m<div>[39m
    [36m<div[39m
      [33mclass[39m=[32m"space-y-6"[39m
    [36m>[39m
      [36m<div>[39m
        [36m<h2[39m
          [33mclass[39m=[32m"text-xl font-bold text-slate-900"[39m
        [36m>[39m
          [0mDisbursement Status[0m
        [36m</h2>[39m
        [36m<p[39m
          [33mclass[39m=[32m"text-sm text-slate-500 mt-1"[39m
        [36m>[39m
          [0mTrack SAP setup, bank authorisation, and final payment advice.[0m
        [36m</p>[39m
      [36m</div>[39m
      [36m<div[39m
        [33mclass[39m=[32m"rounded-xl border p-5 text-sm bg-red-50 border-red-200 text-red-700"[39m
      [36m>[39m
        [0mDisbursement status could not be loaded. Please try again.[0m
      [36m</div>[39m
    [36m</div>[39m
  [36m</div>[39m
[36m</body>[39m

Ignored nodes: comments, script, style
[36m<body>[39m
  [36m<div>[39m
    [36m<div[39m
      [33mclass[39m=[32m"space-y-6"[39m
    [36m>[39m
      [36m<div>[39m
        [36m<h2[39m
          [33mclass[39m=[32m"text-xl font-bold text-slate-900"[39m
        [36m>[39m
          [0mDisbursement Status[0m
        [36m</h2>[39m
        [36m<p[39m
          [33mclass[39m=[32m"text-sm text-slate-500 mt-1"[39m
        [36m>[39m
          [0mTrack SAP setup, bank authorisation, and final payment advice.[0m
        [36m</p>[39m
      [36m</div>[39m
      [36m<div[39m
        [33mclass[39m=[32m"rounded-xl border p-5 text-sm bg-red-50 border-red-200 text-red-700"[39m
      [36m>[39m
        [0mDisbursement status could not be loaded. Please try again.[0m
      [36m</div>[39m
    [36m</div>[39m
  [36m</div>[39m
[36m</body>[39m
 ❯ waitForWrapper node_modules/@testing-library/dom/dist/wait-for.js:163:27
 ❯ node_modules/@testing-library/dom/dist/query-helpers.js:86:33
 ❯ src/pages/borrower/portal/disbursement/MP14_DisbursementStatus.test.tsx:125:18
    123|     render(<MP14_DisbursementStatus selectedApplicationId="app-selecte…
    124| 
    125|     await screen.findByText('Loan amount transferred.');
       |                  ^
    126|     expect(statusMock).toHaveBeenCalledTimes(1);
    127|     expect(statusMock).toHaveBeenCalledWith('app-selected');

⎯⎯⎯⎯⎯⎯⎯⎯⎯⎯⎯⎯⎯⎯⎯⎯⎯⎯⎯⎯⎯⎯⎯⎯[2/3]⎯


 Test Files  1 failed (1)
      Tests  3 failed | 2 passed (5)
   Start at  00:49:10
   Duration  4.03s (transform 116ms, setup 0ms, collect 284ms, tests 3.18s, environment 317ms, prepare 38ms)

