Command:
RALPH_EVIDENCE_DIR=/Users/amitkallapa/LMS/.ralph/worktrees/2026-07-19_003418_normal_run/.ralph/runs/2026-07-19_003418_normal_run/evidence/screenshots E2E_DJANGO_PYTHON=/Users/amitkallapa/LMS/.ralph/venv/bin/python npm run e2e -- e2e/portal-disbursement-status.spec.ts

Working directory: sfpcl-lms/


> sfpcl-lms@1.0.0 e2e
> playwright test e2e/portal-disbursement-status.spec.ts

[2m[WebServer] [22m[18/Jul/2026 19:42:35] "GET /api/v1/health/ready/ HTTP/1.1" 200 202
[2m[WebServer] [22m[33mThe CJS build of Vite's Node API is deprecated. See https://vite.dev/guide/troubleshooting.html#vite-cjs-node-api-deprecated for more details.[39m

Running 3 tests using 1 worker

[2m[WebServer] [22m[18/Jul/2026 19:42:40] "OPTIONS /api/v1/portal/auth/login/ HTTP/1.1" 200 0
[2m[WebServer] [22m[18/Jul/2026 19:42:40] "POST /api/v1/portal/auth/login/ HTTP/1.1" 200 2172
[2m[WebServer] [22m[18/Jul/2026 19:42:40] "OPTIONS /api/v1/auth/me/ HTTP/1.1" 200 0
[2m[WebServer] [22m[18/Jul/2026 19:42:40] "GET /api/v1/auth/me/ HTTP/1.1" 200 1056
[2m[WebServer] [22m[18/Jul/2026 19:42:40] "OPTIONS /api/v1/portal/dashboard/ HTTP/1.1" 200 0
[2m[WebServer] [22m[18/Jul/2026 19:42:40] "OPTIONS /api/v1/portal/dashboard/ HTTP/1.1" 200 0
[2m[WebServer] [22m[18/Jul/2026 19:42:40] "GET /api/v1/portal/dashboard/ HTTP/1.1" 200 933
[2m[WebServer] [22m[18/Jul/2026 19:42:40] "GET /api/v1/portal/dashboard/ HTTP/1.1" 200 933
[2m[WebServer] [22m[18/Jul/2026 19:42:41] "OPTIONS /api/v1/portal/applications/ HTTP/1.1" 200 0
[2m[WebServer] [22m[18/Jul/2026 19:42:41] "GET /api/v1/portal/applications/ HTTP/1.1" 200 1403
[2m[WebServer] [22m[18/Jul/2026 19:42:41] "GET /api/v1/portal/applications/ HTTP/1.1" 200 1403
[2m[WebServer] [22m[18/Jul/2026 19:42:41] "GET /api/v1/portal/applications/ HTTP/1.1" 200 1403
[2m[WebServer] [22m[18/Jul/2026 19:42:41] "OPTIONS /api/v1/portal/applications/333251c5-d4fe-452e-982e-7f3587bb05d6/ HTTP/1.1" 200 0
[2m[WebServer] [22m[18/Jul/2026 19:42:41] "OPTIONS /api/v1/portal/applications/333251c5-d4fe-452e-982e-7f3587bb05d6/ HTTP/1.1" 200 0
[2m[WebServer] [22m[18/Jul/2026 19:42:41] "GET /api/v1/portal/applications/333251c5-d4fe-452e-982e-7f3587bb05d6/ HTTP/1.1" 200 1711
[2m[WebServer] [22m[18/Jul/2026 19:42:41] "GET /api/v1/portal/applications/333251c5-d4fe-452e-982e-7f3587bb05d6/ HTTP/1.1" 200 1711
  ‚úė  1 [chromium] ‚Äļ portal-disbursement-status.spec.ts:11:5 ‚Äļ MP14 preserves the borrower composition for current SAP-complete processing (8.2s)
[2m[WebServer] [22m[18/Jul/2026 19:42:49] "OPTIONS /api/v1/portal/auth/login/ HTTP/1.1" 200 0
[2m[WebServer] [22m[18/Jul/2026 19:42:49] "POST /api/v1/portal/auth/login/ HTTP/1.1" 200 2172
[2m[WebServer] [22m[18/Jul/2026 19:42:49] "OPTIONS /api/v1/auth/me/ HTTP/1.1" 200 0
[2m[WebServer] [22m[18/Jul/2026 19:42:49] "GET /api/v1/auth/me/ HTTP/1.1" 200 1056
[2m[WebServer] [22m[18/Jul/2026 19:42:49] "OPTIONS /api/v1/portal/dashboard/ HTTP/1.1" 200 0
[2m[WebServer] [22m[18/Jul/2026 19:42:49] "OPTIONS /api/v1/portal/dashboard/ HTTP/1.1" 200 0
[2m[WebServer] [22m[18/Jul/2026 19:42:49] "GET /api/v1/portal/dashboard/ HTTP/1.1" 200 933
[2m[WebServer] [22m[18/Jul/2026 19:42:49] "GET /api/v1/portal/dashboard/ HTTP/1.1" 200 933
[2m[WebServer] [22m[18/Jul/2026 19:42:49] "OPTIONS /api/v1/portal/applications/ HTTP/1.1" 200 0
[2m[WebServer] [22m[18/Jul/2026 19:42:49] "GET /api/v1/portal/applications/ HTTP/1.1" 200 1403
[2m[WebServer] [22m[18/Jul/2026 19:42:49] "GET /api/v1/portal/applications/ HTTP/1.1" 200 1403
[2m[WebServer] [22m[18/Jul/2026 19:42:49] "GET /api/v1/portal/applications/ HTTP/1.1" 200 1403
[2m[WebServer] [22m[18/Jul/2026 19:42:49] "OPTIONS /api/v1/portal/applications/333251c5-d4fe-452e-982e-7f3587bb05d6/ HTTP/1.1" 200 0
[2m[WebServer] [22m[18/Jul/2026 19:42:49] "OPTIONS /api/v1/portal/applications/333251c5-d4fe-452e-982e-7f3587bb05d6/ HTTP/1.1" 200 0
[2m[WebServer] [22m[18/Jul/2026 19:42:49] "GET /api/v1/portal/applications/333251c5-d4fe-452e-982e-7f3587bb05d6/ HTTP/1.1" 200 1711
[2m[WebServer] [22m[18/Jul/2026 19:42:49] "GET /api/v1/portal/applications/333251c5-d4fe-452e-982e-7f3587bb05d6/ HTTP/1.1" 200 1711
  ‚úė  2 [chromium] ‚Äļ portal-disbursement-status.spec.ts:27:5 ‚Äļ MP14 preserves masked transfer facts and accepted-advice availability (7.7s)
[2m[WebServer] [22m[18/Jul/2026 19:42:57] "OPTIONS /api/v1/portal/auth/login/ HTTP/1.1" 200 0
[2m[WebServer] [22m[18/Jul/2026 19:42:57] "POST /api/v1/portal/auth/login/ HTTP/1.1" 200 2172
[2m[WebServer] [22m[18/Jul/2026 19:42:57] "OPTIONS /api/v1/auth/me/ HTTP/1.1" 200 0
[2m[WebServer] [22m[18/Jul/2026 19:42:57] "GET /api/v1/auth/me/ HTTP/1.1" 200 1056
[2m[WebServer] [22m[18/Jul/2026 19:42:57] "OPTIONS /api/v1/portal/dashboard/ HTTP/1.1" 200 0
[2m[WebServer] [22m[18/Jul/2026 19:42:57] "OPTIONS /api/v1/portal/dashboard/ HTTP/1.1" 200 0
[2m[WebServer] [22m[18/Jul/2026 19:42:57] "GET /api/v1/portal/dashboard/ HTTP/1.1" 200 933
[2m[WebServer] [22m[18/Jul/2026 19:42:57] "GET /api/v1/portal/dashboard/ HTTP/1.1" 200 933
[2m[WebServer] [22m[18/Jul/2026 19:42:57] "OPTIONS /api/v1/portal/applications/ HTTP/1.1" 200 0
[2m[WebServer] [22m[18/Jul/2026 19:42:57] "GET /api/v1/portal/applications/ HTTP/1.1" 200 1403
[2m[WebServer] [22m[18/Jul/2026 19:42:58] "GET /api/v1/portal/applications/ HTTP/1.1" 200 1403
[2m[WebServer] [22m[18/Jul/2026 19:42:58] "GET /api/v1/portal/applications/ HTTP/1.1" 200 1403
[2m[WebServer] [22m[18/Jul/2026 19:42:58] "OPTIONS /api/v1/portal/applications/333251c5-d4fe-452e-982e-7f3587bb05d6/ HTTP/1.1" 200 0
[2m[WebServer] [22m[18/Jul/2026 19:42:58] "OPTIONS /api/v1/portal/applications/333251c5-d4fe-452e-982e-7f3587bb05d6/ HTTP/1.1" 200 0
[2m[WebServer] [22m[18/Jul/2026 19:42:58] "GET /api/v1/portal/applications/333251c5-d4fe-452e-982e-7f3587bb05d6/ HTTP/1.1" 200 1711
[2m[WebServer] [22m[18/Jul/2026 19:42:58] "GET /api/v1/portal/applications/333251c5-d4fe-452e-982e-7f3587bb05d6/ HTTP/1.1" 200 1711
  ‚úė  3 [chromium] ‚Äļ portal-disbursement-status.spec.ts:41:5 ‚Äļ MP14 renders a safe unavailable state for an exact status failure (7.8s)


  1) [chromium] ‚Äļ portal-disbursement-status.spec.ts:11:5 ‚Äļ MP14 preserves the borrower composition for current SAP-complete processing 

    Error: [31mTimed out 5000ms waiting for [39m[2mexpect([22m[31mlocator[39m[2m).[22mtoBeVisible[2m()[22m

    Locator: getByRole('heading', { name: 'Application Status', level: 2 })
    Expected: visible
    Received: <element(s) not found>
    Call log:
    [2m  - expect.toBeVisible with timeout 5000ms[22m
    [2m  - waiting for getByRole('heading', { name: 'Application Status', level: 2 })[22m


      84 |   await page.getByRole('navigation').getByRole('button', { name: 'My Applications', exact: true }).click();
      85 |   await page.getByText('LO000008L4', { exact: true }).click();
    > 86 |   await expect(page.getByRole('heading', { name: 'Application Status', level: 2 })).toBeVisible();
         |                                                                                     ^
      87 |   return `http://127.0.0.1:8000/api/v1/portal/applications/${applicationId}/disbursement-status/`;
      88 | }
      89 |
        at loginSelectApprovedAndRoute (/Users/amitkallapa/LMS/.ralph/worktrees/2026-07-19_003418_normal_run/sfpcl-lms/e2e/portal-disbursement-status.spec.ts:86:85)
        at /Users/amitkallapa/LMS/.ralph/worktrees/2026-07-19_003418_normal_run/sfpcl-lms/e2e/portal-disbursement-status.spec.ts:12:21

  2) [chromium] ‚Äļ portal-disbursement-status.spec.ts:27:5 ‚Äļ MP14 preserves masked transfer facts and accepted-advice availability 

    Error: [31mTimed out 5000ms waiting for [39m[2mexpect([22m[31mlocator[39m[2m).[22mtoBeVisible[2m()[22m

    Locator: getByRole('heading', { name: 'Application Status', level: 2 })
    Expected: visible
    Received: <element(s) not found>
    Call log:
    [2m  - expect.toBeVisible with timeout 5000ms[22m
    [2m  - waiting for getByRole('heading', { name: 'Application Status', level: 2 })[22m


      84 |   await page.getByRole('navigation').getByRole('button', { name: 'My Applications', exact: true }).click();
      85 |   await page.getByText('LO000008L4', { exact: true }).click();
    > 86 |   await expect(page.getByRole('heading', { name: 'Application Status', level: 2 })).toBeVisible();
         |                                                                                     ^
      87 |   return `http://127.0.0.1:8000/api/v1/portal/applications/${applicationId}/disbursement-status/`;
      88 | }
      89 |
        at loginSelectApprovedAndRoute (/Users/amitkallapa/LMS/.ralph/worktrees/2026-07-19_003418_normal_run/sfpcl-lms/e2e/portal-disbursement-status.spec.ts:86:85)
        at /Users/amitkallapa/LMS/.ralph/worktrees/2026-07-19_003418_normal_run/sfpcl-lms/e2e/portal-disbursement-status.spec.ts:28:21

  3) [chromium] ‚Äļ portal-disbursement-status.spec.ts:41:5 ‚Äļ MP14 renders a safe unavailable state for an exact status failure 

    Error: [31mTimed out 5000ms waiting for [39m[2mexpect([22m[31mlocator[39m[2m).[22mtoBeVisible[2m()[22m

    Locator: getByRole('heading', { name: 'Application Status', level: 2 })
    Expected: visible
    Received: <element(s) not found>
    Call log:
    [2m  - expect.toBeVisible with timeout 5000ms[22m
    [2m  - waiting for getByRole('heading', { name: 'Application Status', level: 2 })[22m


      84 |   await page.getByRole('navigation').getByRole('button', { name: 'My Applications', exact: true }).click();
      85 |   await page.getByText('LO000008L4', { exact: true }).click();
    > 86 |   await expect(page.getByRole('heading', { name: 'Application Status', level: 2 })).toBeVisible();
         |                                                                                     ^
      87 |   return `http://127.0.0.1:8000/api/v1/portal/applications/${applicationId}/disbursement-status/`;
      88 | }
      89 |
        at loginSelectApprovedAndRoute (/Users/amitkallapa/LMS/.ralph/worktrees/2026-07-19_003418_normal_run/sfpcl-lms/e2e/portal-disbursement-status.spec.ts:86:85)
        at /Users/amitkallapa/LMS/.ralph/worktrees/2026-07-19_003418_normal_run/sfpcl-lms/e2e/portal-disbursement-status.spec.ts:42:21

  3 failed
    [chromium] ‚Äļ portal-disbursement-status.spec.ts:11:5 ‚Äļ MP14 preserves the borrower composition for current SAP-complete processing 
    [chromium] ‚Äļ portal-disbursement-status.spec.ts:27:5 ‚Äļ MP14 preserves masked transfer facts and accepted-advice availability 
    [chromium] ‚Äļ portal-disbursement-status.spec.ts:41:5 ‚Äļ MP14 renders a safe unavailable state for an exact status failure 

Duration milliseconds: 49481
Exit code: 1
