Command:
RALPH_EVIDENCE_DIR=/Users/amitkallapa/LMS/.ralph/worktrees/2026-07-12_224547_normal_run/.ralph/runs/2026-07-12_230715_repair/evidence/screenshots E2E_DJANGO_PYTHON=/Users/amitkallapa/LMS/.ralph/venv/bin/python npm run e2e -- e2e/member-governance-variants.e2e.spec.ts

Working directory: sfpcl-lms/


> sfpcl-lms@1.0.0 e2e
> playwright test e2e/member-governance-variants.e2e.spec.ts

[2m[WebServer] [22m[12/Jul/2026 17:44:28] "GET /api/v1/health/ready/ HTTP/1.1" 200 202
[2m[WebServer] [22m[33mThe CJS build of Vite's Node API is deprecated. See https://vite.dev/guide/troubleshooting.html#vite-cjs-node-api-deprecated for more details.[39m

Running 1 test using 1 worker

[2m[WebServer] [22m[12/Jul/2026 17:44:31] "OPTIONS /api/v1/auth/login/ HTTP/1.1" 200 0
[2m[WebServer] [22m[12/Jul/2026 17:44:31] "POST /api/v1/auth/login/ HTTP/1.1" 200 1314
[2m[WebServer] [22m[12/Jul/2026 17:44:31] "OPTIONS /api/v1/auth/me/ HTTP/1.1" 200 0
[2m[WebServer] [22m[12/Jul/2026 17:44:31] "GET /api/v1/auth/me/ HTTP/1.1" 200 1723
[2m[WebServer] [22m[12/Jul/2026 17:44:31] "OPTIONS /api/v1/dashboard/ HTTP/1.1" 200 0
[2m[WebServer] [22m[12/Jul/2026 17:44:31] "OPTIONS /api/v1/dashboard/ HTTP/1.1" 200 0
[2m[WebServer] [22mForbidden: /api/v1/dashboard/
[2m[WebServer] [22m[12/Jul/2026 17:44:31] "GET /api/v1/dashboard/ HTTP/1.1" 403 250
[2m[WebServer] [22mForbidden: /api/v1/dashboard/
[2m[WebServer] [22m[12/Jul/2026 17:44:31] "GET /api/v1/dashboard/ HTTP/1.1" 403 250
[2m[WebServer] [22m[12/Jul/2026 17:44:31] "OPTIONS /api/v1/members/ HTTP/1.1" 200 0
[2m[WebServer] [22m[12/Jul/2026 17:44:31] "OPTIONS /api/v1/members/ HTTP/1.1" 200 0
[2m[WebServer] [22m[12/Jul/2026 17:44:31] "GET /api/v1/members/ HTTP/1.1" 200 1394
[2m[WebServer] [22m[12/Jul/2026 17:44:31] "GET /api/v1/members/ HTTP/1.1" 200 1394
[2m[WebServer] [22m[12/Jul/2026 17:44:32] "POST /api/v1/members/ HTTP/1.1" 200 2326
[2m[WebServer] [22m[12/Jul/2026 17:44:32] "OPTIONS /api/v1/members/613071b9-717e-43ed-b2c8-09687c75ddc8/ HTTP/1.1" 200 0
[2m[WebServer] [22m[12/Jul/2026 17:44:32] "GET /api/v1/members/613071b9-717e-43ed-b2c8-09687c75ddc8/ HTTP/1.1" 200 2326
[2m[WebServer] [22m[12/Jul/2026 17:44:32] "PATCH /api/v1/members/613071b9-717e-43ed-b2c8-09687c75ddc8/ HTTP/1.1" 200 2336
[2m[WebServer] [22m[12/Jul/2026 17:44:32] "GET /api/v1/members/613071b9-717e-43ed-b2c8-09687c75ddc8/ HTTP/1.1" 200 2336
[2m[WebServer] [22m[12/Jul/2026 17:44:32] "GET /api/v1/members/ HTTP/1.1" 200 2011
[2m[WebServer] [22m[12/Jul/2026 17:44:32] "GET /api/v1/members/ HTTP/1.1" 200 2011
[2m[WebServer] [22m[12/Jul/2026 17:44:32] "POST /api/v1/members/ HTTP/1.1" 200 2173
[2m[WebServer] [22m[12/Jul/2026 17:44:32] "OPTIONS /api/v1/members/923abccf-e528-48e9-9453-e8b5072f2b4b/ HTTP/1.1" 200 0
[2m[WebServer] [22m[12/Jul/2026 17:44:32] "GET /api/v1/members/923abccf-e528-48e9-9453-e8b5072f2b4b/ HTTP/1.1" 200 2173
[2m[WebServer] [22m[12/Jul/2026 17:44:33] "GET /api/v1/members/ HTTP/1.1" 200 2598
[2m[WebServer] [22m[12/Jul/2026 17:44:33] "GET /api/v1/members/ HTTP/1.1" 200 2598
[2m[WebServer] [22m[12/Jul/2026 17:44:33] "POST /api/v1/members/ HTTP/1.1" 200 2224
[2m[WebServer] [22m[12/Jul/2026 17:44:33] "OPTIONS /api/v1/members/38091b9e-2f31-45a5-ac7a-6cdab11b03d2/ HTTP/1.1" 200 0
[2m[WebServer] [22m[12/Jul/2026 17:44:33] "GET /api/v1/members/38091b9e-2f31-45a5-ac7a-6cdab11b03d2/ HTTP/1.1" 200 2224
[2m[WebServer] [22m[12/Jul/2026 17:44:33] "GET /api/v1/members/ HTTP/1.1" 200 3236
[2m[WebServer] [22m[12/Jul/2026 17:44:33] "GET /api/v1/members/ HTTP/1.1" 200 3236
[2m[WebServer] [22m[12/Jul/2026 17:44:33] "OPTIONS /api/v1/members/?search=Epic+006+Browser+Member HTTP/1.1" 200 0
[2m[WebServer] [22m[12/Jul/2026 17:44:33] "GET /api/v1/members/?search=Epic+006+Browser+Member HTTP/1.1" 200 816
[2m[WebServer] [22m[12/Jul/2026 17:44:33] "OPTIONS /api/v1/members/00000000-0000-4000-8000-000000000602/ HTTP/1.1" 200 0
[2m[WebServer] [22m[12/Jul/2026 17:44:33] "GET /api/v1/members/00000000-0000-4000-8000-000000000602/ HTTP/1.1" 200 5276
[2m[WebServer] [22m[12/Jul/2026 17:44:33] "OPTIONS /api/v1/members/00000000-0000-4000-8000-000000000602/identity-change-requests/ HTTP/1.1" 200 0
[2m[WebServer] [22m[12/Jul/2026 17:44:33] "POST /api/v1/members/00000000-0000-4000-8000-000000000602/identity-change-requests/ HTTP/1.1" 200 287
[2m[WebServer] [22m[12/Jul/2026 17:44:33] "GET /api/v1/members/00000000-0000-4000-8000-000000000602/ HTTP/1.1" 200 5408
  ✘  1 [chromium] › member-governance-variants.e2e.spec.ts:15:5 › complete member variants and protected identity approval cross real staff sessions (4.1s)


  1) [chromium] › member-governance-variants.e2e.spec.ts:15:5 › complete member variants and protected identity approval cross real staff sessions 

    Error: [2mexpect([22m[31mreceived[39m[2m).[22mtoHaveLength[2m([22m[32mexpected[39m[2m)[22m

    Expected length: [32m6[39m
    Received length: [31m5[39m
    Received array:  [31m[{"_guid": "request@3adeb7dcb0a0a3f115d15fdb82da5e75", "_type": "Request"}, {"_guid": "request@edf7d16d783aaafc6671e4c49d2601ef", "_type": "Request"}, {"_guid": "request@0467818f36a380fcd0742f75e1b8d20a", "_type": "Request"}, {"_guid": "request@904529d3dc005c39b9d4510136aaa724", "_type": "Request"}, {"_guid": "request@04650794c1e5ddd5d83c5bdc30449577", "_type": "Request"}][39m

      86 |     version: requesterBody.data.version, pan: `CDEFG${suffix}H`, reason: 'Synthetic source-backed protected identity correction',
      87 |   } });
    > 88 |   expect(canonicalReads).toHaveLength(6);
         |                          ^
      89 |   const requesterApproval = projectedApproval(page);
      90 |   await expect(requesterApproval).toBeDisabled();
      91 |   await expect(requesterApproval).toHaveAttribute('title', 'Missing identity change approval permission.');
        at /Users/amitkallapa/LMS/.ralph/worktrees/2026-07-12_224547_normal_run/sfpcl-lms/e2e/member-governance-variants.e2e.spec.ts:88:26

  1 failed
    [chromium] › member-governance-variants.e2e.spec.ts:15:5 › complete member variants and protected identity approval cross real staff sessions 

Exit code: 1
