Creating test database for alias 'default' ('file:memorydb_default?mode=memory&cache=shared')...
Found 4 test(s).
Operations to perform:
  Synchronize unmigrated apps: corsheaders, credit
  Apply all migrations: applications, communications, configurations, contenttypes, documents, identity, members, scheduler, tracer, workflows
Synchronizing apps without migrations:
  Creating tables...
    Running deferred SQL...
Running migrations:
  Applying identity.0001_initial... OK
  Applying identity.0002_permission_rolepermission_and_more... OK
  Applying members.0001_initial... OK
  Applying members.0002_profile_shells... OK
  Applying members.0003_individual_profile_details... OK
  Applying members.0004_nominee... OK
  Applying members.0005_shareholding_and_more... OK
  Applying members.0006_landholding_cropplan_and_more... OK
  Applying documents.0001_initial... OK
  Applying members.0007_kycprofile_kycdocument_and_more... OK
  Applying members.0008_cancelledcheque_bankaccount_and_more... OK
  Applying identity.0003_portal_member_auth... OK
  Applying applications.0001_initial... OK
  Applying applications.0002_loanapplication_submitted_by_user... OK
  Applying applications.0003_systemsequence_loanrequestregisterentry... OK
  Applying applications.0004_applicationdocument_and_more... OK
  Applying applications.0005_application_deficiency... OK
  Applying applications.0006_rejection_note... OK
  Applying applications.0007_eligibilityassessment... OK
  Applying applications.0008_loanlimitassessment... OK
  Applying applications.0009_loan_limit_policy_snapshot... OK
  Applying applications.0010_loanapplication_nominee... OK
  Applying communications.0001_initial... OK
  Applying communications.0002_communication... OK
  Applying communications.0003_notification... OK
  Applying configurations.0001_initial... OK
  Applying contenttypes.0001_initial... OK
  Applying contenttypes.0002_remove_content_type_name... OK
  Applying scheduler.0001_initial... OK
  Applying tracer.0001_initial... OK
  Applying workflows.0001_canonical_workflow_event... OK
  Applying tracer.0002_remove_tracer_workflowevent_state... OK
System check identified no issues (0 silenced).
test_audit_failure_rolls_back_assessment_and_workflow_event (tests.test_credit_modules.CreditEligibilityModuleTests.test_audit_failure_rolls_back_assessment_and_workflow_event) ... ok
test_eligible_assessment_runs_through_source_named_module_interface (tests.test_credit_modules.CreditEligibilityModuleTests.test_eligible_assessment_runs_through_source_named_module_interface) ... ok
test_ineligible_assessment_returns_source_backed_blockers (tests.test_credit_modules.CreditEligibilityModuleTests.test_ineligible_assessment_returns_source_backed_blockers) ... ok
test_pending_assessment_preserves_manual_evidence_result (tests.test_credit_modules.CreditEligibilityModuleTests.test_pending_assessment_preserves_manual_evidence_result) ... ok

----------------------------------------------------------------------
Ran 4 tests in 0.078s

OK
Destroying test database for alias 'default' ('file:memorydb_default?mode=memory&cache=shared')...
