Command:
RALPH_EVIDENCE_DIR=/Users/amitkallapa/LMS/.ralph/worktrees/2026-07-12_224547_normal_run/.ralph/runs/2026-07-12_225603_repair/evidence/screenshots E2E_DJANGO_PYTHON=/Users/amitkallapa/LMS/.ralph/venv/bin/python npm run e2e -- e2e/member-governance-variants.e2e.spec.ts

Working directory: sfpcl-lms/


> sfpcl-lms@1.0.0 e2e
> playwright test e2e/member-governance-variants.e2e.spec.ts

[2m[WebServer] [22m[12/Jul/2026 17:36:03] "GET /api/v1/health/ready/ HTTP/1.1" 200 202
[2m[WebServer] [22m[33mThe CJS build of Vite's Node API is deprecated. See https://vite.dev/guide/troubleshooting.html#vite-cjs-node-api-deprecated for more details.[39m

Running 1 test using 1 worker

[2m[WebServer] [22m[12/Jul/2026 17:36:06] "OPTIONS /api/v1/auth/login/ HTTP/1.1" 200 0
[2m[WebServer] [22m[12/Jul/2026 17:36:06] "POST /api/v1/auth/login/ HTTP/1.1" 200 1314
[2m[WebServer] [22m[12/Jul/2026 17:36:06] "OPTIONS /api/v1/auth/me/ HTTP/1.1" 200 0
[2m[WebServer] [22m[12/Jul/2026 17:36:06] "GET /api/v1/auth/me/ HTTP/1.1" 200 1723
[2m[WebServer] [22m[12/Jul/2026 17:36:06] "OPTIONS /api/v1/dashboard/ HTTP/1.1" 200 0
[2m[WebServer] [22m[12/Jul/2026 17:36:06] "OPTIONS /api/v1/dashboard/ HTTP/1.1" 200 0
[2m[WebServer] [22mForbidden: /api/v1/dashboard/
[2m[WebServer] [22m[12/Jul/2026 17:36:06] "GET /api/v1/dashboard/ HTTP/1.1" 403 250
[2m[WebServer] [22mForbidden: /api/v1/dashboard/
[2m[WebServer] [22m[12/Jul/2026 17:36:06] "GET /api/v1/dashboard/ HTTP/1.1" 403 250
[2m[WebServer] [22m[12/Jul/2026 17:36:07] "OPTIONS /api/v1/members/ HTTP/1.1" 200 0
[2m[WebServer] [22m[12/Jul/2026 17:36:07] "OPTIONS /api/v1/members/ HTTP/1.1" 200 0
[2m[WebServer] [22m[12/Jul/2026 17:36:07] "GET /api/v1/members/ HTTP/1.1" 200 1394
[2m[WebServer] [22m[12/Jul/2026 17:36:07] "GET /api/v1/members/ HTTP/1.1" 200 1394
[2m[WebServer] [22m[12/Jul/2026 17:36:07] "POST /api/v1/members/ HTTP/1.1" 200 2326
[2m[WebServer] [22m[12/Jul/2026 17:36:07] "OPTIONS /api/v1/members/4139bdfa-8ada-4c2c-937f-906a31bbb864/ HTTP/1.1" 200 0
[2m[WebServer] [22m[12/Jul/2026 17:36:07] "GET /api/v1/members/4139bdfa-8ada-4c2c-937f-906a31bbb864/ HTTP/1.1" 200 2326
[2m[WebServer] [22m[12/Jul/2026 17:36:07] "PATCH /api/v1/members/4139bdfa-8ada-4c2c-937f-906a31bbb864/ HTTP/1.1" 200 2336
[2m[WebServer] [22m[12/Jul/2026 17:36:07] "GET /api/v1/members/4139bdfa-8ada-4c2c-937f-906a31bbb864/ HTTP/1.1" 200 2336
[2m[WebServer] [22m[12/Jul/2026 17:36:07] "GET /api/v1/members/ HTTP/1.1" 200 2011
[2m[WebServer] [22m[12/Jul/2026 17:36:07] "GET /api/v1/members/ HTTP/1.1" 200 2011
[2m[WebServer] [22m[12/Jul/2026 17:36:07] "POST /api/v1/members/ HTTP/1.1" 200 2173
[2m[WebServer] [22m[12/Jul/2026 17:36:07] "OPTIONS /api/v1/members/b82a6dc0-5e34-4766-83b0-be8553b12229/ HTTP/1.1" 200 0
[2m[WebServer] [22m[12/Jul/2026 17:36:07] "GET /api/v1/members/b82a6dc0-5e34-4766-83b0-be8553b12229/ HTTP/1.1" 200 2173
[2m[WebServer] [22m[12/Jul/2026 17:36:08] "GET /api/v1/members/ HTTP/1.1" 200 2598
[2m[WebServer] [22m[12/Jul/2026 17:36:08] "GET /api/v1/members/ HTTP/1.1" 200 2598
[2m[WebServer] [22m[12/Jul/2026 17:36:08] "POST /api/v1/members/ HTTP/1.1" 200 2224
[2m[WebServer] [22m[12/Jul/2026 17:36:08] "OPTIONS /api/v1/members/48bd8f64-0bc9-4904-8673-682d2b352f0f/ HTTP/1.1" 200 0
[2m[WebServer] [22m[12/Jul/2026 17:36:08] "GET /api/v1/members/48bd8f64-0bc9-4904-8673-682d2b352f0f/ HTTP/1.1" 200 2224
[2m[WebServer] [22m[12/Jul/2026 17:36:08] "GET /api/v1/members/ HTTP/1.1" 200 3236
[2m[WebServer] [22m[12/Jul/2026 17:36:08] "GET /api/v1/members/ HTTP/1.1" 200 3236
[2m[WebServer] [22m[12/Jul/2026 17:36:08] "OPTIONS /api/v1/members/?search=Epic+006+Browser+Member HTTP/1.1" 200 0
[2m[WebServer] [22m[12/Jul/2026 17:36:08] "GET /api/v1/members/?search=Epic+006+Browser+Member HTTP/1.1" 200 816
[2m[WebServer] [22m[12/Jul/2026 17:36:08] "OPTIONS /api/v1/members/00000000-0000-4000-8000-000000000602/ HTTP/1.1" 200 0
[2m[WebServer] [22m[12/Jul/2026 17:36:08] "GET /api/v1/members/00000000-0000-4000-8000-000000000602/ HTTP/1.1" 200 5276
[2m[WebServer] [22m[12/Jul/2026 17:36:08] "OPTIONS /api/v1/members/00000000-0000-4000-8000-000000000602/identity-change-requests/ HTTP/1.1" 200 0
[2m[WebServer] [22m[12/Jul/2026 17:36:08] "POST /api/v1/members/00000000-0000-4000-8000-000000000602/identity-change-requests/ HTTP/1.1" 200 287
[2m[WebServer] [22m[12/Jul/2026 17:36:08] "GET /api/v1/members/00000000-0000-4000-8000-000000000602/ HTTP/1.1" 200 5408
  ✘  1 [chromium] › member-governance-variants.e2e.spec.ts:15:5 › complete member variants and protected identity approval cross real staff sessions (4.0s)


  1) [chromium] › member-governance-variants.e2e.spec.ts:15:5 › complete member variants and protected identity approval cross real staff sessions 

    Error: [2mexpect([22m[31mreceived[39m[2m).[22mtoEqual[2m([22m[32mexpected[39m[2m) // deep equality[22m

    [32m- Expected  -  0[39m
    [31m+ Received  + 13[39m

    [2m  Object {[22m
    [2m    "body": Object {[22m
    [31m+     "display_name": "Epic 006 Browser Member",[39m
    [31m+     "email": "",[39m
    [31m+     "legal_name": "Epic 006 Browser Member",[39m
    [31m+     "membership_start_date": "",[39m
    [31m+     "mobile_number": "",[39m
    [2m      "pan": "CDEFG0001H",[22m
    [2m      "reason": "Synthetic source-backed protected identity correction",[22m
    [31m+     "registered_address": Object {[39m
    [31m+       "district": "",[39m
    [31m+       "line1": "",[39m
    [31m+       "line2": "",[39m
    [31m+       "pincode": "",[39m
    [31m+       "state": "",[39m
    [31m+       "village_city": "",[39m
    [31m+     },[39m
    [2m      "version": 1,[22m
    [2m    },[22m
    [2m    "method": "POST",[22m
    [2m    "pathname": "/api/v1/members/00000000-0000-4000-8000-000000000602/identity-change-requests/",[22m
    [2m  }[22m

      83 |   await page.getByRole('button', { name: 'Request identity change' }).click();
      84 |   expect((await requested).status()).toBe(200);
    > 85 |   expect(requestLedger[4]).toEqual({ method: 'POST', pathname: `/api/v1/members/${VERIFIED_MEMBER_ID}/identity-change-requests/`, body: {
         |                            ^
      86 |     version: requesterBody.data.version, pan: `CDEFG${suffix}H`, reason: 'Synthetic source-backed protected identity correction',
      87 |   } });
      88 |   expect(canonicalReads).toHaveLength(6);
        at /Users/amitkallapa/LMS/.ralph/worktrees/2026-07-12_224547_normal_run/sfpcl-lms/e2e/member-governance-variants.e2e.spec.ts:85:28

  1 failed
    [chromium] › member-governance-variants.e2e.spec.ts:15:5 › complete member variants and protected identity approval cross real staff sessions 

Exit code: 1
