Creating test database for alias 'default'...
Found 1 test(s).
System check identified no issues (0 silenced).
F
======================================================================
FAIL: test_completed_account_send_audit_drift_is_excluded_before_count (sfpcl_credit.tests.test_epic009_read_boundary_convergence.Epic009ReadBoundaryConvergenceTests.test_completed_account_send_audit_drift_is_excluded_before_count)
----------------------------------------------------------------------
Traceback (most recent call last):
  File "/Users/amitkallapa/LMS/.ralph/worktrees/2026-07-19_182313_normal_run/sfpcl_credit/tests/test_epic009_read_boundary_convergence.py", line 72, in test_completed_account_send_audit_drift_is_excluded_before_count
    self.assertEqual(
AssertionError: Tuples differ: (1, []) != (0, [])

First differing element 0:
1
0

- (1, [])
?  ^

+ (0, [])
?  ^


----------------------------------------------------------------------
Ran 1 test in 0.696s

FAILED (failures=1)
Destroying test database for alias 'default'...
