
> sfpcl-lms@1.0.0 test
> vitest run

[33mThe CJS build of Vite's Node API is deprecated. See https://vite.dev/guide/troubleshooting.html#vite-cjs-node-api-deprecated for more details.[39m

 RUN  v3.2.6 /Users/amitkallapa/LMS/.ralph/worktrees/2026-07-16_033311_repair/sfpcl-lms

 ✓ src/pages/registers/RegistersHub.test.tsx (8 tests) 876ms
   ✓ RegistersHub owned approval register panels > renders only the server-scoped frozen sanction page and replaces pagination after a filter change  307ms
 ✓ src/pages/borrower/portal/applications/MP05_NewApplication.test.tsx (7 tests) 1156ms
   ✓ MP05 loan-limit display authority (006Z2 interim regression) > shows independent 400, 403, and 409 errors without retry or projection refetch  765ms
 ✓ src/pages/settings/SettingsHub.test.tsx (10 tests) 1474ms
   ✓ SettingsHub Approval Matrix panel > permits a canonical manager to submit a complete successor version as a pending proposal  671ms
   ✓ SettingsHub remaining panels > creates a complete successor as a separate audited draft for a canonical policy manager  415ms
 ✓ src/pages/appraisal/AppraisalWorkbench.container.test.tsx (14 tests) 1972ms
   ✓ default AppraisalWorkbench authenticated HTTP container > calculates a limit from entered source IDs and refreshes four reads  404ms
 ✓ src/pages/documentation/DocumentationHub.test.tsx (14 tests) 2287ms
   ✓ 008M2 documentation workspace contract > posts a server-owned approval and refetches once without optimism  653ms
   ✓ 008M2 documentation workspace contract > keeps a conflict visible with no optimistic change, retry, or refetch  523ms
 ✓ src/pages/borrower/portal/documents/PortalDocumentationActions.test.tsx (8 tests) 684ms
   ✓ member portal documentation actions > renders server-owned actions and performs one canonical refetch after upload  451ms
 ✓ src/pages/borrower/portal/applications/MP11_DeficiencyResponse.test.tsx (2 tests) 582ms
   ✓ MP11 deficiency response > uploads a server-contracted response, refetches canonical state, and resubmits  506ms
 ✓ src/services/authSession.test.ts (36 tests) 35ms
 ✓ src/pages/members/MemberProfile.test.tsx (26 tests) 179ms
 ✓ src/pages/members/MemberProfile.container.test.tsx (4 tests) 348ms
(node:8942) ExperimentalWarning: buffer.File is an experimental feature and might change at any time
(Use `node --trace-warnings ...` to show where the warning was created)
 ✓ src/services/portalApi.test.ts (6 tests) 21ms
 ✓ src/pages/applications/ApplicationDetail.test.tsx (9 tests) 74ms
 ✓ src/services/applicationIntakeApi.test.ts (5 tests) 16ms
 ✓ src/pages/appraisal/AppraisalWorkbench.test.tsx (22 tests) 170ms
 ✓ src/pages/applications/WitnessPanel.container.test.tsx (10 tests) 1275ms
   ✓ mounted witness resource actions > captures with the exact body and refetches the canonical collection once  399ms
 ✓ src/services/creditAssessmentApi.test.ts (5 tests) 13ms
 ✓ src/pages/members/Borrower360.test.tsx (4 tests) 73ms
 ✓ src/services/approvalRegistersApi.test.ts (5 tests) 7ms
 ✓ src/services/navigationPermissions.test.ts (9 tests) 7ms
 ✓ src/pages/members/MemberGovernanceForm.test.tsx (5 tests) 2777ms
   ✓ MemberGovernanceForm > submits the institution create variant without individual identity/profile fields  1417ms
   ✓ MemberGovernanceForm > submits every individual registration profile field  1018ms
 ✓ src/pages/Dashboard.test.tsx (13 tests) 45ms
 ✓ src/pages/applications/CompletenessWorkbench.test.tsx (5 tests) 73ms
 ✓ src/pages/notifications/NotificationsCenter.test.tsx (6 tests) 46ms
 ✓ src/pages/members/MemberDirectory.test.tsx (5 tests) 43ms
 ✓ src/pages/borrower/portal/PortalMemberViews.test.tsx (4 tests) 50ms
 ✓ src/services/tracerApi.test.ts (2 tests) 5ms
 ✓ src/services/loanPolicyApi.test.ts (2 tests) 5ms
 ✓ src/pages/applications/ApplicationList.test.tsx (2 tests) 32ms
 ✓ src/utils/applicationDisplay.test.ts (5 tests) 5ms
 ✓ src/contexts/RoleContext.test.tsx (2 tests) 6ms
 ✓ src/pages/applications/NomineeSelectionViews.test.tsx (3 tests) 14ms
 ✓ src/pages/profile/MyProfile.test.tsx (1 test) 10ms
 ✓ src/pages/borrower/portal/auth/MP00_Login.test.tsx (2 tests) 9ms
 ✓ src/pages/sanction/SanctionWorkbench.test.tsx (39 tests) 6047ms
   ✓ SanctionWorkbench authenticated container > renders the authoritative total and replaces the queue from the next server page  501ms
   ✓ SanctionWorkbench authenticated container > keeps a newer filter authoritative while an action detail refresh finishes  426ms
   ✓ SanctionWorkbench authenticated container > keeps a newer empty filter authoritative while action submission finishes  342ms
   ✓ SanctionWorkbench authenticated container > keeps a newer denied state authoritative when an action detail refresh fails later  361ms
   ✓ SanctionWorkbench authenticated container > keeps a newer malformed state authoritative when an action detail refresh fails later  361ms
   ✓ SanctionWorkbench authenticated container > keeps a newer empty state authoritative when an action detail refresh fails later  317ms
   ✓ SanctionWorkbench authenticated container > keeps a newer filter authoritative while an action decision refresh finishes  382ms
   ✓ SanctionWorkbench authenticated container > loads frozen case truth and approves through the exact case boundary before canonical refresh  313ms
   ✓ SanctionWorkbench authenticated container > requires a reason and sends the exact Reject request  355ms
   ✓ SanctionWorkbench authenticated container > requires a reason and sends the exact Return for Clarification request  412ms
   ✓ SanctionWorkbench authenticated container > uploads three application-scoped legal files before recording bounded special-case evidence  858ms
 ✓ src/pages/members/MemberGovernanceForm.container.test.tsx (16 tests) 4424ms
   ✓ MemberGovernanceForm production container > routes Directory registration into canonical Profile readback with the exact create ledger  2361ms
   ✓ MemberGovernanceForm production container > posts only the protected identity delta through the shared HTTP transport  308ms
 ✓ src/services/demoAuthFlag.test.tsx (3 tests) 1166ms
   ✓ VITE_ENABLE_DEMO_AUTH real App/RoleProvider boundary (005FA4) > fails closed when the flag is unset  1047ms

 Test Files  36 passed (36)
      Tests  319 passed (319)
   Start at  04:12:56
   Duration  8.08s (transform 5.14s, setup 0ms, collect 11.28s, tests 26.01s, environment 4.96s, prepare 2.61s)


> sfpcl-lms@1.0.0 lint
> eslint src


> sfpcl-lms@1.0.0 build
> vite build

[33mThe CJS build of Vite's Node API is deprecated. See https://vite.dev/guide/troubleshooting.html#vite-cjs-node-api-deprecated for more details.[39m
vite v5.4.21 building for production...
transforming...
✓ 1880 modules transformed.
rendering chunks...
computing gzip size...
dist/index.html                     0.75 kB │ gzip:   0.43 kB
dist/assets/index-X2hjTs2H.css     51.00 kB │ gzip:   8.86 kB
dist/assets/index-CLx8-3Nj.js   1,129.25 kB │ gzip: 243.69 kB

(!) Some chunks are larger than 500 kB after minification. Consider:
- Using dynamic import() to code-split the application
- Use build.rollupOptions.output.manualChunks to improve chunking: https://rollupjs.org/configuration-options/#output-manualchunks
- Adjust chunk size limit for this warning via build.chunkSizeWarningLimit.
✓ built in 2.23s

> sfpcl-lms@1.0.0 typecheck
> tsc --noEmit

