Command:
RALPH_EVIDENCE_DIR=/Users/amitkallapa/LMS/.ralph/worktrees/2026-07-16_100439_normal_run/.ralph/runs/2026-07-16_100439_normal_run/evidence/screenshots E2E_DJANGO_PYTHON=/Users/amitkallapa/LMS/.ralph/venv/bin/python npm run e2e -- e2e/staff-documentation-workspace.e2e.spec.ts

Working directory: sfpcl-lms/


> sfpcl-lms@1.0.0 e2e
> playwright test e2e/staff-documentation-workspace.e2e.spec.ts

[2m[WebServer] [22m[16/Jul/2026 05:32:39] "GET /api/v1/health/ready/ HTTP/1.1" 200 202
[2m[WebServer] [22m[33mThe CJS build of Vite's Node API is deprecated. See https://vite.dev/guide/troubleshooting.html#vite-cjs-node-api-deprecated for more details.[39m

Running 1 test using 1 worker

[2m[WebServer] [22m[16/Jul/2026 05:32:42] "OPTIONS /api/v1/auth/login/ HTTP/1.1" 200 0
[2m[WebServer] [22m[16/Jul/2026 05:32:42] "POST /api/v1/auth/login/ HTTP/1.1" 200 1317
[2m[WebServer] [22m[16/Jul/2026 05:32:42] "OPTIONS /api/v1/auth/me/ HTTP/1.1" 200 0
[2m[WebServer] [22m[16/Jul/2026 05:32:42] "GET /api/v1/auth/me/ HTTP/1.1" 200 1901
[2m[WebServer] [22m[16/Jul/2026 05:32:42] "OPTIONS /api/v1/dashboard/ HTTP/1.1" 200 0
[2m[WebServer] [22m[16/Jul/2026 05:32:42] "OPTIONS /api/v1/dashboard/ HTTP/1.1" 200 0
[2m[WebServer] [22m[16/Jul/2026 05:32:42] "GET /api/v1/dashboard/ HTTP/1.1" 200 937
[2m[WebServer] [22m[16/Jul/2026 05:32:42] "GET /api/v1/dashboard/ HTTP/1.1" 200 937
[2m[WebServer] [22m[16/Jul/2026 05:32:43] "OPTIONS /api/v1/documentation-workspaces/?page=1&page_size=20 HTTP/1.1" 200 0
[2m[WebServer] [22m[16/Jul/2026 05:32:43] "OPTIONS /api/v1/documentation-workspaces/?page=1&page_size=20 HTTP/1.1" 200 0
[2m[WebServer] [22m[16/Jul/2026 05:32:43] "GET /api/v1/documentation-workspaces/?page=1&page_size=20 HTTP/1.1" 200 868
[2m[WebServer] [22m[16/Jul/2026 05:32:43] "OPTIONS /api/v1/loan-applications/402d6884-361a-46ef-80a7-d67b010710ee/documentation-workspace/ HTTP/1.1" 200 0
[2m[WebServer] [22m[16/Jul/2026 05:32:43] "GET /api/v1/documentation-workspaces/?page=1&page_size=20 HTTP/1.1" 200 868
[2m[WebServer] [22m[16/Jul/2026 05:32:43] "GET /api/v1/loan-applications/402d6884-361a-46ef-80a7-d67b010710ee/documentation-workspace/ HTTP/1.1" 200 11361
[2m[WebServer] [22m[16/Jul/2026 05:32:43] "OPTIONS /api/v1/loan-applications/402d6884-361a-46ef-80a7-d67b010710ee/documentation-workspace/actions/a5ca6523548cc1d7e238a1712a9998a32cee0007/ HTTP/1.1" 200 0
[2m[WebServer] [22m[16/Jul/2026 05:32:43] "POST /api/v1/loan-applications/402d6884-361a-46ef-80a7-d67b010710ee/documentation-workspace/actions/a5ca6523548cc1d7e238a1712a9998a32cee0007/ HTTP/1.1" 200 438
[2m[WebServer] [22m[16/Jul/2026 05:32:43] "GET /api/v1/loan-applications/402d6884-361a-46ef-80a7-d67b010710ee/documentation-workspace/ HTTP/1.1" 200 11361
[2m[WebServer] [22m[16/Jul/2026 05:32:43] "OPTIONS /api/v1/loan-applications/402d6884-361a-46ef-80a7-d67b010710ee/documentation-workspace/actions/6e01e71b91aeddbf2ae9f49d07e9d870571edc87/ HTTP/1.1" 200 0
[2m[WebServer] [22m[16/Jul/2026 05:32:43] "POST /api/v1/loan-applications/402d6884-361a-46ef-80a7-d67b010710ee/documentation-workspace/actions/6e01e71b91aeddbf2ae9f49d07e9d870571edc87/ HTTP/1.1" 200 448
[2m[WebServer] [22m[16/Jul/2026 05:32:44] "GET /api/v1/loan-applications/402d6884-361a-46ef-80a7-d67b010710ee/documentation-workspace/ HTTP/1.1" 200 11361
[2m[WebServer] [22m[16/Jul/2026 05:32:44] "OPTIONS /api/v1/loan-applications/402d6884-361a-46ef-80a7-d67b010710ee/documentation-workspace/actions/b6aa9ee0a715de4ce3e88ba23c03316cac984524/ HTTP/1.1" 200 0
[2m[WebServer] [22mBad Request: /api/v1/loan-applications/402d6884-361a-46ef-80a7-d67b010710ee/documentation-workspace/actions/b6aa9ee0a715de4ce3e88ba23c03316cac984524/
[2m[WebServer] [22m[16/Jul/2026 05:32:44] "POST /api/v1/loan-applications/402d6884-361a-46ef-80a7-d67b010710ee/documentation-workspace/actions/b6aa9ee0a715de4ce3e88ba23c03316cac984524/ HTTP/1.1" 400 341
[2m[WebServer] [22m[16/Jul/2026 05:32:44] "OPTIONS /api/v1/documentation-workspaces/ HTTP/1.1" 200 0
[2m[WebServer] [22m[16/Jul/2026 05:32:44] "GET /api/v1/documentation-workspaces/ HTTP/1.1" 200 834
[2m[WebServer] [22m[16/Jul/2026 05:32:44] "GET /api/v1/loan-applications/402d6884-361a-46ef-80a7-d67b010710ee/documentation-workspace/ HTTP/1.1" 200 11327
[2m[WebServer] [22m[16/Jul/2026 05:32:44] "OPTIONS /api/v1/loan-applications/402d6884-361a-46ef-80a7-d67b010710ee/documentation-workspace/actions/6e01e71b91aeddbf2ae9f49d07e9d870571edc8a/ HTTP/1.1" 200 0
[2m[WebServer] [22mNot Found: /api/v1/loan-applications/402d6884-361a-46ef-80a7-d67b010710ee/documentation-workspace/actions/6e01e71b91aeddbf2ae9f49d07e9d870571edc8a/
[2m[WebServer] [22m[16/Jul/2026 05:32:44] "POST /api/v1/loan-applications/402d6884-361a-46ef-80a7-d67b010710ee/documentation-workspace/actions/6e01e71b91aeddbf2ae9f49d07e9d870571edc8a/ HTTP/1.1" 404 230
[2m[WebServer] [22m[16/Jul/2026 05:32:44] "OPTIONS /api/v1/loan-applications/402d6884-361a-46ef-80a7-d67b010710ee/documentation-workspace/term_sheet/download/ HTTP/1.1" 200 0
[2m[WebServer] [22mNot Found: /api/v1/loan-applications/402d6884-361a-46ef-80a7-d67b010710ee/documentation-workspace/term_sheet/download/
[2m[WebServer] [22m[16/Jul/2026 05:32:44] "GET /api/v1/loan-applications/402d6884-361a-46ef-80a7-d67b010710ee/documentation-workspace/term_sheet/download/ HTTP/1.1" 404 218
  ✓  1 [chromium] › staff-documentation-workspace.e2e.spec.ts:16:5 › 008M3 executes every staff documentation action through real Django (3.7s)

  1 passed (18.1s)

Exit code: 0
