Command:
RALPH_EVIDENCE_DIR=/Users/amitkallapa/LMS/.ralph/worktrees/2026-07-12_171448_normal_run/.ralph/runs/2026-07-12_173319_repair/evidence/screenshots E2E_DJANGO_PYTHON=/Users/amitkallapa/LMS/.ralph/venv/bin/python npm run e2e -- e2e/member-governance-variants.e2e.spec.ts

Working directory: sfpcl-lms/


> sfpcl-lms@1.0.0 e2e
> playwright test e2e/member-governance-variants.e2e.spec.ts

[2m[WebServer] [22m[12/Jul/2026 12:14:03] "GET /api/v1/health/ready/ HTTP/1.1" 200 202
[2m[WebServer] [22m[33mThe CJS build of Vite's Node API is deprecated. See https://vite.dev/guide/troubleshooting.html#vite-cjs-node-api-deprecated for more details.[39m
[2m[WebServer] [22m(node:20799) Warning: The 'NO_COLOR' env is ignored due to the 'FORCE_COLOR' env being set.
[2m[WebServer] [22m(Use `node --trace-warnings ...` to show where the warning was created)

Running 1 test using 1 worker

[2m[WebServer] [22m[12/Jul/2026 12:14:06] "OPTIONS /api/v1/auth/login/ HTTP/1.1" 200 0
[2m[WebServer] [22m[12/Jul/2026 12:14:06] "POST /api/v1/auth/login/ HTTP/1.1" 200 1314
[2m[WebServer] [22m[12/Jul/2026 12:14:06] "OPTIONS /api/v1/auth/me/ HTTP/1.1" 200 0
[2m[WebServer] [22m[12/Jul/2026 12:14:06] "GET /api/v1/auth/me/ HTTP/1.1" 200 1723
[2m[WebServer] [22m[12/Jul/2026 12:14:06] "OPTIONS /api/v1/dashboard/ HTTP/1.1" 200 0
[2m[WebServer] [22m[12/Jul/2026 12:14:06] "OPTIONS /api/v1/dashboard/ HTTP/1.1" 200 0
[2m[WebServer] [22mForbidden: /api/v1/dashboard/
[2m[WebServer] [22m[12/Jul/2026 12:14:06] "GET /api/v1/dashboard/ HTTP/1.1" 403 250
[2m[WebServer] [22mForbidden: /api/v1/dashboard/
[2m[WebServer] [22m[12/Jul/2026 12:14:06] "GET /api/v1/dashboard/ HTTP/1.1" 403 250
[2m[WebServer] [22m[12/Jul/2026 12:14:06] "OPTIONS /api/v1/members/ HTTP/1.1" 200 0
[2m[WebServer] [22m[12/Jul/2026 12:14:06] "OPTIONS /api/v1/members/ HTTP/1.1" 200 0
[2m[WebServer] [22m[12/Jul/2026 12:14:06] "GET /api/v1/members/ HTTP/1.1" 200 1394
[2m[WebServer] [22m[12/Jul/2026 12:14:06] "GET /api/v1/members/ HTTP/1.1" 200 1394
[2m[WebServer] [22m[12/Jul/2026 12:14:06] "POST /api/v1/members/ HTTP/1.1" 200 2326
[2m[WebServer] [22m[12/Jul/2026 12:14:06] "OPTIONS /api/v1/members/41f82776-b68b-47d0-815c-4167e199a706/ HTTP/1.1" 200 0
[2m[WebServer] [22m[12/Jul/2026 12:14:06] "GET /api/v1/members/41f82776-b68b-47d0-815c-4167e199a706/ HTTP/1.1" 200 2326
  ✘  1 [chromium] › member-governance-variants.e2e.spec.ts:15:5 › complete member variants and protected identity approval cross real staff sessions (2.4s)


  1) [chromium] › member-governance-variants.e2e.spec.ts:15:5 › complete member variants and protected identity approval cross real staff sessions 

    Error: expect.toBeVisible: Error: strict mode violation: getByText('********4521') resolved to 2 elements:
        1) <p class="text-sm font-semibold text-slate-900 mt-0.5">********4521</p> aka getByText('********4521', { exact: true })
        2) <p class="text-sm font-mono font-semibold text-slate-900">*************************************************…</p> aka getByText('***************************************************************************4521')

    Call log:
    [2m  - expect.toBeVisible with timeout 5000ms[22m
    [2m  - waiting for getByText('********4521')[22m


      32 |   expect(mutations[0].postDataJSON()).toEqual(individual.body);
      33 |   await expect(page.getByText(maskPan(individual.pan))).toBeVisible();
    > 34 |   await expect(page.getByText(maskAadhaar(individual.aadhaar))).toBeVisible();
         |                                                                 ^
      35 |   const ordinaryUpdate = page.waitForResponse(response => response.request().method() === 'PATCH'
      36 |     && /^\/api\/v1\/members\/[0-9a-f-]+\/$/.test(new URL(response.url()).pathname));
      37 |   await page.getByLabel('Display Name').fill('Complete Synthetic Farmer Corrected');
        at /Users/amitkallapa/LMS/.ralph/worktrees/2026-07-12_171448_normal_run/sfpcl-lms/e2e/member-governance-variants.e2e.spec.ts:34:65

  1 failed
    [chromium] › member-governance-variants.e2e.spec.ts:15:5 › complete member variants and protected identity approval cross real staff sessions 

Exit code: 1
