
> sfpcl-lms@1.0.0 lint
> eslint src


> sfpcl-lms@1.0.0 typecheck
> tsc --noEmit


> sfpcl-lms@1.0.0 test
> vitest run

[33mThe CJS build of Vite's Node API is deprecated. See https://vite.dev/guide/troubleshooting.html#vite-cjs-node-api-deprecated for more details.[39m

 RUN  v3.2.6 /Users/amitkallapa/LMS/.ralph/worktrees/2026-07-11_223208_normal_run/sfpcl-lms

 ✓ src/services/creditAssessmentApi.test.ts (5 tests) 6ms
 ✓ src/services/authSession.test.ts (15 tests) 13ms
 ✓ src/services/applicationIntakeApi.test.ts (4 tests) 10ms
 ✓ src/services/portalApi.test.ts (4 tests) 6ms
 ✓ src/pages/applications/ApplicationDetail.test.tsx (9 tests) 64ms
 ✓ src/pages/members/Borrower360.test.tsx (4 tests) 78ms
 ✓ src/pages/members/MemberProfile.test.tsx (25 tests) 198ms
 ✓ src/services/navigationPermissions.test.ts (7 tests) 8ms
 ✓ src/pages/appraisal/AppraisalWorkbench.test.tsx (21 tests) 206ms
 ✓ src/pages/applications/CompletenessWorkbench.test.tsx (5 tests) 83ms
 ✓ src/pages/Dashboard.test.tsx (13 tests) 42ms
 ✓ src/services/tracerApi.test.ts (2 tests) 9ms
 ✓ src/pages/notifications/NotificationsCenter.test.tsx (6 tests) 28ms
 ✓ src/pages/borrower/portal/PortalMemberViews.test.tsx (4 tests) 35ms
 ✓ src/pages/applications/ApplicationList.test.tsx (2 tests) 29ms
 ✓ src/pages/members/MemberDirectory.test.tsx (5 tests) 45ms
 ✓ src/utils/applicationDisplay.test.ts (5 tests) 2ms
 ✓ src/contexts/RoleContext.test.tsx (2 tests) 6ms
 ✓ src/pages/applications/NomineeSelectionViews.test.tsx (3 tests) 8ms
 ✓ src/pages/profile/MyProfile.test.tsx (1 test) 11ms
 ✓ src/pages/borrower/portal/auth/MP00_Login.test.tsx (2 tests) 9ms
 ✓ src/pages/borrower/portal/applications/MP05_NewApplication.test.tsx (2 tests) 2ms
 ✓ src/pages/sanction/SanctionWorkbench.test.tsx (2 tests) 7ms
 ✓ src/services/demoAuthFlag.test.tsx (3 tests) 1051ms
   ✓ VITE_ENABLE_DEMO_AUTH real App/RoleProvider boundary (005FA4) > fails closed when the flag is unset  950ms

 Test Files  24 passed (24)
      Tests  151 passed (151)
   Start at  22:36:34
   Duration  2.38s (transform 1.88s, setup 0ms, collect 3.88s, tests 1.96s, environment 3ms, prepare 1.29s)


> sfpcl-lms@1.0.0 build
> vite build

[33mThe CJS build of Vite's Node API is deprecated. See https://vite.dev/guide/troubleshooting.html#vite-cjs-node-api-deprecated for more details.[39m
vite v5.4.21 building for production...
transforming...
✓ 1870 modules transformed.
rendering chunks...
computing gzip size...
dist/index.html                     0.75 kB │ gzip:   0.43 kB
dist/assets/index-Vvx5LjoS.css     51.43 kB │ gzip:   8.91 kB
dist/assets/index-B8mcGpf7.js   1,124.24 kB │ gzip: 240.77 kB

(!) Some chunks are larger than 500 kB after minification. Consider:
- Using dynamic import() to code-split the application
- Use build.rollupOptions.output.manualChunks to improve chunking: https://rollupjs.org/configuration-options/#output-manualchunks
- Adjust chunk size limit for this warning via build.chunkSizeWarningLimit.
✓ built in 2.12s
