Creating test database for alias 'default'...
Found 18 test(s).
System check identified no issues (0 silenced).
..EEEEEEEEEEEEEEEEEEEEEEE.E.............
======================================================================
ERROR: test_each_source_fact_independently_blocks_aggregate_readiness (sfpcl_credit.tests.test_disbursement_readiness_api.DisbursementReadinessApiTests.test_each_source_fact_independently_blocks_aggregate_readiness) (expected_code='sanction_approved')
----------------------------------------------------------------------
Traceback (most recent call last):
  File "/Users/amitkallapa/LMS/.ralph/worktrees/2026-07-16_130451_normal_run/sfpcl_credit/tests/test_disbursement_readiness_api.py", line 300, in test_each_source_fact_independently_blocks_aggregate_readiness
    response = self.client.get(
               ^^^^^^^^^^^^^^^^
  File "/Users/amitkallapa/LMS/.ralph/venv/lib/python3.11/site-packages/django/test/client.py", line 1049, in get
    response = super().get(path, data=data, secure=secure, headers=headers, **extra)
               ^^^^^^^^^^^^^^^^^^^^^^^^^^^^^^^^^^^^^^^^^^^^^^^^^^^^^^^^^^^^^^^^^^^^^
  File "/Users/amitkallapa/LMS/.ralph/venv/lib/python3.11/site-packages/django/test/client.py", line 465, in get
    return self.generic(
           ^^^^^^^^^^^^^
  File "/Users/amitkallapa/LMS/.ralph/venv/lib/python3.11/site-packages/django/test/client.py", line 617, in generic
    return self.request(**r)
           ^^^^^^^^^^^^^^^^^
  File "/Users/amitkallapa/LMS/.ralph/venv/lib/python3.11/site-packages/django/test/client.py", line 1013, in request
    self.check_exception(response)
  File "/Users/amitkallapa/LMS/.ralph/venv/lib/python3.11/site-packages/django/test/client.py", line 743, in check_exception
    raise exc_value
  File "/Users/amitkallapa/LMS/.ralph/venv/lib/python3.11/site-packages/django/core/handlers/exception.py", line 55, in inner
    response = get_response(request)
               ^^^^^^^^^^^^^^^^^^^^^
  File "/Users/amitkallapa/LMS/.ralph/venv/lib/python3.11/site-packages/django/core/handlers/base.py", line 197, in _get_response
    response = wrapped_callback(request, *callback_args, **callback_kwargs)
               ^^^^^^^^^^^^^^^^^^^^^^^^^^^^^^^^^^^^^^^^^^^^^^^^^^^^^^^^^^^^
  File "/Users/amitkallapa/LMS/.ralph/venv/lib/python3.11/site-packages/django/views/decorators/http.py", line 64, in inner
    return func(request, *args, **kwargs)
           ^^^^^^^^^^^^^^^^^^^^^^^^^^^^^^
  File "/Users/amitkallapa/LMS/.ralph/worktrees/2026-07-16_130451_normal_run/sfpcl_credit/disbursements/views.py", line 26, in readiness
    evaluate(actor=actor, loan_account_id=loan_account_id), request
    ^^^^^^^^^^^^^^^^^^^^^^^^^^^^^^^^^^^^^^^^^^^^^^^^^^^^^^
  File "/Users/amitkallapa/LMS/.ralph/worktrees/2026-07-16_130451_normal_run/sfpcl_credit/disbursements/modules/disbursement_readiness.py", line 182, in evaluate
    account.disbursed_amount <= account.sanctioned_amount,
    ^^^^^^^^^^^^^^^^^^^^^^^^
AttributeError: 'types.SimpleNamespace' object has no attribute 'disbursed_amount'

======================================================================
ERROR: test_each_source_fact_independently_blocks_aggregate_readiness (sfpcl_credit.tests.test_disbursement_readiness_api.DisbursementReadinessApiTests.test_each_source_fact_independently_blocks_aggregate_readiness) (expected_code='loan_account_sanctioned')
----------------------------------------------------------------------
Traceback (most recent call last):
  File "/Users/amitkallapa/LMS/.ralph/worktrees/2026-07-16_130451_normal_run/sfpcl_credit/tests/test_disbursement_readiness_api.py", line 300, in test_each_source_fact_independently_blocks_aggregate_readiness
    response = self.client.get(
               ^^^^^^^^^^^^^^^^
  File "/Users/amitkallapa/LMS/.ralph/venv/lib/python3.11/site-packages/django/test/client.py", line 1049, in get
    response = super().get(path, data=data, secure=secure, headers=headers, **extra)
               ^^^^^^^^^^^^^^^^^^^^^^^^^^^^^^^^^^^^^^^^^^^^^^^^^^^^^^^^^^^^^^^^^^^^^
  File "/Users/amitkallapa/LMS/.ralph/venv/lib/python3.11/site-packages/django/test/client.py", line 465, in get
    return self.generic(
           ^^^^^^^^^^^^^
  File "/Users/amitkallapa/LMS/.ralph/venv/lib/python3.11/site-packages/django/test/client.py", line 617, in generic
    return self.request(**r)
           ^^^^^^^^^^^^^^^^^
  File "/Users/amitkallapa/LMS/.ralph/venv/lib/python3.11/site-packages/django/test/client.py", line 1013, in request
    self.check_exception(response)
  File "/Users/amitkallapa/LMS/.ralph/venv/lib/python3.11/site-packages/django/test/client.py", line 743, in check_exception
    raise exc_value
  File "/Users/amitkallapa/LMS/.ralph/venv/lib/python3.11/site-packages/django/core/handlers/exception.py", line 55, in inner
    response = get_response(request)
               ^^^^^^^^^^^^^^^^^^^^^
  File "/Users/amitkallapa/LMS/.ralph/venv/lib/python3.11/site-packages/django/core/handlers/base.py", line 197, in _get_response
    response = wrapped_callback(request, *callback_args, **callback_kwargs)
               ^^^^^^^^^^^^^^^^^^^^^^^^^^^^^^^^^^^^^^^^^^^^^^^^^^^^^^^^^^^^
  File "/Users/amitkallapa/LMS/.ralph/venv/lib/python3.11/site-packages/django/views/decorators/http.py", line 64, in inner
    return func(request, *args, **kwargs)
           ^^^^^^^^^^^^^^^^^^^^^^^^^^^^^^
  File "/Users/amitkallapa/LMS/.ralph/worktrees/2026-07-16_130451_normal_run/sfpcl_credit/disbursements/views.py", line 26, in readiness
    evaluate(actor=actor, loan_account_id=loan_account_id), request
    ^^^^^^^^^^^^^^^^^^^^^^^^^^^^^^^^^^^^^^^^^^^^^^^^^^^^^^
  File "/Users/amitkallapa/LMS/.ralph/worktrees/2026-07-16_130451_normal_run/sfpcl_credit/disbursements/modules/disbursement_readiness.py", line 182, in evaluate
    account.disbursed_amount <= account.sanctioned_amount,
    ^^^^^^^^^^^^^^^^^^^^^^^^
AttributeError: 'types.SimpleNamespace' object has no attribute 'disbursed_amount'

======================================================================
ERROR: test_each_source_fact_independently_blocks_aggregate_readiness (sfpcl_credit.tests.test_disbursement_readiness_api.DisbursementReadinessApiTests.test_each_source_fact_independently_blocks_aggregate_readiness) (expected_code='exception_approval_complete')
----------------------------------------------------------------------
Traceback (most recent call last):
  File "/Users/amitkallapa/LMS/.ralph/worktrees/2026-07-16_130451_normal_run/sfpcl_credit/tests/test_disbursement_readiness_api.py", line 300, in test_each_source_fact_independently_blocks_aggregate_readiness
    response = self.client.get(
               ^^^^^^^^^^^^^^^^
  File "/Users/amitkallapa/LMS/.ralph/venv/lib/python3.11/site-packages/django/test/client.py", line 1049, in get
    response = super().get(path, data=data, secure=secure, headers=headers, **extra)
               ^^^^^^^^^^^^^^^^^^^^^^^^^^^^^^^^^^^^^^^^^^^^^^^^^^^^^^^^^^^^^^^^^^^^^
  File "/Users/amitkallapa/LMS/.ralph/venv/lib/python3.11/site-packages/django/test/client.py", line 465, in get
    return self.generic(
           ^^^^^^^^^^^^^
  File "/Users/amitkallapa/LMS/.ralph/venv/lib/python3.11/site-packages/django/test/client.py", line 617, in generic
    return self.request(**r)
           ^^^^^^^^^^^^^^^^^
  File "/Users/amitkallapa/LMS/.ralph/venv/lib/python3.11/site-packages/django/test/client.py", line 1013, in request
    self.check_exception(response)
  File "/Users/amitkallapa/LMS/.ralph/venv/lib/python3.11/site-packages/django/test/client.py", line 743, in check_exception
    raise exc_value
  File "/Users/amitkallapa/LMS/.ralph/venv/lib/python3.11/site-packages/django/core/handlers/exception.py", line 55, in inner
    response = get_response(request)
               ^^^^^^^^^^^^^^^^^^^^^
  File "/Users/amitkallapa/LMS/.ralph/venv/lib/python3.11/site-packages/django/core/handlers/base.py", line 197, in _get_response
    response = wrapped_callback(request, *callback_args, **callback_kwargs)
               ^^^^^^^^^^^^^^^^^^^^^^^^^^^^^^^^^^^^^^^^^^^^^^^^^^^^^^^^^^^^
  File "/Users/amitkallapa/LMS/.ralph/venv/lib/python3.11/site-packages/django/views/decorators/http.py", line 64, in inner
    return func(request, *args, **kwargs)
           ^^^^^^^^^^^^^^^^^^^^^^^^^^^^^^
  File "/Users/amitkallapa/LMS/.ralph/worktrees/2026-07-16_130451_normal_run/sfpcl_credit/disbursements/views.py", line 26, in readiness
    evaluate(actor=actor, loan_account_id=loan_account_id), request
    ^^^^^^^^^^^^^^^^^^^^^^^^^^^^^^^^^^^^^^^^^^^^^^^^^^^^^^
  File "/Users/amitkallapa/LMS/.ralph/worktrees/2026-07-16_130451_normal_run/sfpcl_credit/disbursements/modules/disbursement_readiness.py", line 182, in evaluate
    account.disbursed_amount <= account.sanctioned_amount,
    ^^^^^^^^^^^^^^^^^^^^^^^^
AttributeError: 'types.SimpleNamespace' object has no attribute 'disbursed_amount'

======================================================================
ERROR: test_each_source_fact_independently_blocks_aggregate_readiness (sfpcl_credit.tests.test_disbursement_readiness_api.DisbursementReadinessApiTests.test_each_source_fact_independently_blocks_aggregate_readiness) (expected_code='general_meeting_approval_complete')
----------------------------------------------------------------------
Traceback (most recent call last):
  File "/Users/amitkallapa/LMS/.ralph/worktrees/2026-07-16_130451_normal_run/sfpcl_credit/tests/test_disbursement_readiness_api.py", line 300, in test_each_source_fact_independently_blocks_aggregate_readiness
    response = self.client.get(
               ^^^^^^^^^^^^^^^^
  File "/Users/amitkallapa/LMS/.ralph/venv/lib/python3.11/site-packages/django/test/client.py", line 1049, in get
    response = super().get(path, data=data, secure=secure, headers=headers, **extra)
               ^^^^^^^^^^^^^^^^^^^^^^^^^^^^^^^^^^^^^^^^^^^^^^^^^^^^^^^^^^^^^^^^^^^^^
  File "/Users/amitkallapa/LMS/.ralph/venv/lib/python3.11/site-packages/django/test/client.py", line 465, in get
    return self.generic(
           ^^^^^^^^^^^^^
  File "/Users/amitkallapa/LMS/.ralph/venv/lib/python3.11/site-packages/django/test/client.py", line 617, in generic
    return self.request(**r)
           ^^^^^^^^^^^^^^^^^
  File "/Users/amitkallapa/LMS/.ralph/venv/lib/python3.11/site-packages/django/test/client.py", line 1013, in request
    self.check_exception(response)
  File "/Users/amitkallapa/LMS/.ralph/venv/lib/python3.11/site-packages/django/test/client.py", line 743, in check_exception
    raise exc_value
  File "/Users/amitkallapa/LMS/.ralph/venv/lib/python3.11/site-packages/django/core/handlers/exception.py", line 55, in inner
    response = get_response(request)
               ^^^^^^^^^^^^^^^^^^^^^
  File "/Users/amitkallapa/LMS/.ralph/venv/lib/python3.11/site-packages/django/core/handlers/base.py", line 197, in _get_response
    response = wrapped_callback(request, *callback_args, **callback_kwargs)
               ^^^^^^^^^^^^^^^^^^^^^^^^^^^^^^^^^^^^^^^^^^^^^^^^^^^^^^^^^^^^
  File "/Users/amitkallapa/LMS/.ralph/venv/lib/python3.11/site-packages/django/views/decorators/http.py", line 64, in inner
    return func(request, *args, **kwargs)
           ^^^^^^^^^^^^^^^^^^^^^^^^^^^^^^
  File "/Users/amitkallapa/LMS/.ralph/worktrees/2026-07-16_130451_normal_run/sfpcl_credit/disbursements/views.py", line 26, in readiness
    evaluate(actor=actor, loan_account_id=loan_account_id), request
    ^^^^^^^^^^^^^^^^^^^^^^^^^^^^^^^^^^^^^^^^^^^^^^^^^^^^^^
  File "/Users/amitkallapa/LMS/.ralph/worktrees/2026-07-16_130451_normal_run/sfpcl_credit/disbursements/modules/disbursement_readiness.py", line 182, in evaluate
    account.disbursed_amount <= account.sanctioned_amount,
    ^^^^^^^^^^^^^^^^^^^^^^^^
AttributeError: 'types.SimpleNamespace' object has no attribute 'disbursed_amount'

======================================================================
ERROR: test_each_source_fact_independently_blocks_aggregate_readiness (sfpcl_credit.tests.test_disbursement_readiness_api.DisbursementReadinessApiTests.test_each_source_fact_independently_blocks_aggregate_readiness) (expected_code='kyc_complete')
----------------------------------------------------------------------
Traceback (most recent call last):
  File "/Users/amitkallapa/LMS/.ralph/worktrees/2026-07-16_130451_normal_run/sfpcl_credit/tests/test_disbursement_readiness_api.py", line 300, in test_each_source_fact_independently_blocks_aggregate_readiness
    response = self.client.get(
               ^^^^^^^^^^^^^^^^
  File "/Users/amitkallapa/LMS/.ralph/venv/lib/python3.11/site-packages/django/test/client.py", line 1049, in get
    response = super().get(path, data=data, secure=secure, headers=headers, **extra)
               ^^^^^^^^^^^^^^^^^^^^^^^^^^^^^^^^^^^^^^^^^^^^^^^^^^^^^^^^^^^^^^^^^^^^^
  File "/Users/amitkallapa/LMS/.ralph/venv/lib/python3.11/site-packages/django/test/client.py", line 465, in get
    return self.generic(
           ^^^^^^^^^^^^^
  File "/Users/amitkallapa/LMS/.ralph/venv/lib/python3.11/site-packages/django/test/client.py", line 617, in generic
    return self.request(**r)
           ^^^^^^^^^^^^^^^^^
  File "/Users/amitkallapa/LMS/.ralph/venv/lib/python3.11/site-packages/django/test/client.py", line 1013, in request
    self.check_exception(response)
  File "/Users/amitkallapa/LMS/.ralph/venv/lib/python3.11/site-packages/django/test/client.py", line 743, in check_exception
    raise exc_value
  File "/Users/amitkallapa/LMS/.ralph/venv/lib/python3.11/site-packages/django/core/handlers/exception.py", line 55, in inner
    response = get_response(request)
               ^^^^^^^^^^^^^^^^^^^^^
  File "/Users/amitkallapa/LMS/.ralph/venv/lib/python3.11/site-packages/django/core/handlers/base.py", line 197, in _get_response
    response = wrapped_callback(request, *callback_args, **callback_kwargs)
               ^^^^^^^^^^^^^^^^^^^^^^^^^^^^^^^^^^^^^^^^^^^^^^^^^^^^^^^^^^^^
  File "/Users/amitkallapa/LMS/.ralph/venv/lib/python3.11/site-packages/django/views/decorators/http.py", line 64, in inner
    return func(request, *args, **kwargs)
           ^^^^^^^^^^^^^^^^^^^^^^^^^^^^^^
  File "/Users/amitkallapa/LMS/.ralph/worktrees/2026-07-16_130451_normal_run/sfpcl_credit/disbursements/views.py", line 26, in readiness
    evaluate(actor=actor, loan_account_id=loan_account_id), request
    ^^^^^^^^^^^^^^^^^^^^^^^^^^^^^^^^^^^^^^^^^^^^^^^^^^^^^^
  File "/Users/amitkallapa/LMS/.ralph/worktrees/2026-07-16_130451_normal_run/sfpcl_credit/disbursements/modules/disbursement_readiness.py", line 182, in evaluate
    account.disbursed_amount <= account.sanctioned_amount,
    ^^^^^^^^^^^^^^^^^^^^^^^^
AttributeError: 'types.SimpleNamespace' object has no attribute 'disbursed_amount'

======================================================================
ERROR: test_each_source_fact_independently_blocks_aggregate_readiness (sfpcl_credit.tests.test_disbursement_readiness_api.DisbursementReadinessApiTests.test_each_source_fact_independently_blocks_aggregate_readiness) (expected_code='appraisal_complete')
----------------------------------------------------------------------
Traceback (most recent call last):
  File "/Users/amitkallapa/LMS/.ralph/worktrees/2026-07-16_130451_normal_run/sfpcl_credit/tests/test_disbursement_readiness_api.py", line 300, in test_each_source_fact_independently_blocks_aggregate_readiness
    response = self.client.get(
               ^^^^^^^^^^^^^^^^
  File "/Users/amitkallapa/LMS/.ralph/venv/lib/python3.11/site-packages/django/test/client.py", line 1049, in get
    response = super().get(path, data=data, secure=secure, headers=headers, **extra)
               ^^^^^^^^^^^^^^^^^^^^^^^^^^^^^^^^^^^^^^^^^^^^^^^^^^^^^^^^^^^^^^^^^^^^^
  File "/Users/amitkallapa/LMS/.ralph/venv/lib/python3.11/site-packages/django/test/client.py", line 465, in get
    return self.generic(
           ^^^^^^^^^^^^^
  File "/Users/amitkallapa/LMS/.ralph/venv/lib/python3.11/site-packages/django/test/client.py", line 617, in generic
    return self.request(**r)
           ^^^^^^^^^^^^^^^^^
  File "/Users/amitkallapa/LMS/.ralph/venv/lib/python3.11/site-packages/django/test/client.py", line 1013, in request
    self.check_exception(response)
  File "/Users/amitkallapa/LMS/.ralph/venv/lib/python3.11/site-packages/django/test/client.py", line 743, in check_exception
    raise exc_value
  File "/Users/amitkallapa/LMS/.ralph/venv/lib/python3.11/site-packages/django/core/handlers/exception.py", line 55, in inner
    response = get_response(request)
               ^^^^^^^^^^^^^^^^^^^^^
  File "/Users/amitkallapa/LMS/.ralph/venv/lib/python3.11/site-packages/django/core/handlers/base.py", line 197, in _get_response
    response = wrapped_callback(request, *callback_args, **callback_kwargs)
               ^^^^^^^^^^^^^^^^^^^^^^^^^^^^^^^^^^^^^^^^^^^^^^^^^^^^^^^^^^^^
  File "/Users/amitkallapa/LMS/.ralph/venv/lib/python3.11/site-packages/django/views/decorators/http.py", line 64, in inner
    return func(request, *args, **kwargs)
           ^^^^^^^^^^^^^^^^^^^^^^^^^^^^^^
  File "/Users/amitkallapa/LMS/.ralph/worktrees/2026-07-16_130451_normal_run/sfpcl_credit/disbursements/views.py", line 26, in readiness
    evaluate(actor=actor, loan_account_id=loan_account_id), request
    ^^^^^^^^^^^^^^^^^^^^^^^^^^^^^^^^^^^^^^^^^^^^^^^^^^^^^^
  File "/Users/amitkallapa/LMS/.ralph/worktrees/2026-07-16_130451_normal_run/sfpcl_credit/disbursements/modules/disbursement_readiness.py", line 182, in evaluate
    account.disbursed_amount <= account.sanctioned_amount,
    ^^^^^^^^^^^^^^^^^^^^^^^^
AttributeError: 'types.SimpleNamespace' object has no attribute 'disbursed_amount'

======================================================================
ERROR: test_each_source_fact_independently_blocks_aggregate_readiness (sfpcl_credit.tests.test_disbursement_readiness_api.DisbursementReadinessApiTests.test_each_source_fact_independently_blocks_aggregate_readiness) (expected_code='documentation_complete')
----------------------------------------------------------------------
Traceback (most recent call last):
  File "/Users/amitkallapa/LMS/.ralph/worktrees/2026-07-16_130451_normal_run/sfpcl_credit/tests/test_disbursement_readiness_api.py", line 300, in test_each_source_fact_independently_blocks_aggregate_readiness
    response = self.client.get(
               ^^^^^^^^^^^^^^^^
  File "/Users/amitkallapa/LMS/.ralph/venv/lib/python3.11/site-packages/django/test/client.py", line 1049, in get
    response = super().get(path, data=data, secure=secure, headers=headers, **extra)
               ^^^^^^^^^^^^^^^^^^^^^^^^^^^^^^^^^^^^^^^^^^^^^^^^^^^^^^^^^^^^^^^^^^^^^
  File "/Users/amitkallapa/LMS/.ralph/venv/lib/python3.11/site-packages/django/test/client.py", line 465, in get
    return self.generic(
           ^^^^^^^^^^^^^
  File "/Users/amitkallapa/LMS/.ralph/venv/lib/python3.11/site-packages/django/test/client.py", line 617, in generic
    return self.request(**r)
           ^^^^^^^^^^^^^^^^^
  File "/Users/amitkallapa/LMS/.ralph/venv/lib/python3.11/site-packages/django/test/client.py", line 1013, in request
    self.check_exception(response)
  File "/Users/amitkallapa/LMS/.ralph/venv/lib/python3.11/site-packages/django/test/client.py", line 743, in check_exception
    raise exc_value
  File "/Users/amitkallapa/LMS/.ralph/venv/lib/python3.11/site-packages/django/core/handlers/exception.py", line 55, in inner
    response = get_response(request)
               ^^^^^^^^^^^^^^^^^^^^^
  File "/Users/amitkallapa/LMS/.ralph/venv/lib/python3.11/site-packages/django/core/handlers/base.py", line 197, in _get_response
    response = wrapped_callback(request, *callback_args, **callback_kwargs)
               ^^^^^^^^^^^^^^^^^^^^^^^^^^^^^^^^^^^^^^^^^^^^^^^^^^^^^^^^^^^^
  File "/Users/amitkallapa/LMS/.ralph/venv/lib/python3.11/site-packages/django/views/decorators/http.py", line 64, in inner
    return func(request, *args, **kwargs)
           ^^^^^^^^^^^^^^^^^^^^^^^^^^^^^^
  File "/Users/amitkallapa/LMS/.ralph/worktrees/2026-07-16_130451_normal_run/sfpcl_credit/disbursements/views.py", line 26, in readiness
    evaluate(actor=actor, loan_account_id=loan_account_id), request
    ^^^^^^^^^^^^^^^^^^^^^^^^^^^^^^^^^^^^^^^^^^^^^^^^^^^^^^
  File "/Users/amitkallapa/LMS/.ralph/worktrees/2026-07-16_130451_normal_run/sfpcl_credit/disbursements/modules/disbursement_readiness.py", line 182, in evaluate
    account.disbursed_amount <= account.sanctioned_amount,
    ^^^^^^^^^^^^^^^^^^^^^^^^
AttributeError: 'types.SimpleNamespace' object has no attribute 'disbursed_amount'

======================================================================
ERROR: test_each_source_fact_independently_blocks_aggregate_readiness (sfpcl_credit.tests.test_disbursement_readiness_api.DisbursementReadinessApiTests.test_each_source_fact_independently_blocks_aggregate_readiness) (expected_code='company_secretary_approval')
----------------------------------------------------------------------
Traceback (most recent call last):
  File "/Users/amitkallapa/LMS/.ralph/worktrees/2026-07-16_130451_normal_run/sfpcl_credit/tests/test_disbursement_readiness_api.py", line 300, in test_each_source_fact_independently_blocks_aggregate_readiness
    response = self.client.get(
               ^^^^^^^^^^^^^^^^
  File "/Users/amitkallapa/LMS/.ralph/venv/lib/python3.11/site-packages/django/test/client.py", line 1049, in get
    response = super().get(path, data=data, secure=secure, headers=headers, **extra)
               ^^^^^^^^^^^^^^^^^^^^^^^^^^^^^^^^^^^^^^^^^^^^^^^^^^^^^^^^^^^^^^^^^^^^^
  File "/Users/amitkallapa/LMS/.ralph/venv/lib/python3.11/site-packages/django/test/client.py", line 465, in get
    return self.generic(
           ^^^^^^^^^^^^^
  File "/Users/amitkallapa/LMS/.ralph/venv/lib/python3.11/site-packages/django/test/client.py", line 617, in generic
    return self.request(**r)
           ^^^^^^^^^^^^^^^^^
  File "/Users/amitkallapa/LMS/.ralph/venv/lib/python3.11/site-packages/django/test/client.py", line 1013, in request
    self.check_exception(response)
  File "/Users/amitkallapa/LMS/.ralph/venv/lib/python3.11/site-packages/django/test/client.py", line 743, in check_exception
    raise exc_value
  File "/Users/amitkallapa/LMS/.ralph/venv/lib/python3.11/site-packages/django/core/handlers/exception.py", line 55, in inner
    response = get_response(request)
               ^^^^^^^^^^^^^^^^^^^^^
  File "/Users/amitkallapa/LMS/.ralph/venv/lib/python3.11/site-packages/django/core/handlers/base.py", line 197, in _get_response
    response = wrapped_callback(request, *callback_args, **callback_kwargs)
               ^^^^^^^^^^^^^^^^^^^^^^^^^^^^^^^^^^^^^^^^^^^^^^^^^^^^^^^^^^^^
  File "/Users/amitkallapa/LMS/.ralph/venv/lib/python3.11/site-packages/django/views/decorators/http.py", line 64, in inner
    return func(request, *args, **kwargs)
           ^^^^^^^^^^^^^^^^^^^^^^^^^^^^^^
  File "/Users/amitkallapa/LMS/.ralph/worktrees/2026-07-16_130451_normal_run/sfpcl_credit/disbursements/views.py", line 26, in readiness
    evaluate(actor=actor, loan_account_id=loan_account_id), request
    ^^^^^^^^^^^^^^^^^^^^^^^^^^^^^^^^^^^^^^^^^^^^^^^^^^^^^^
  File "/Users/amitkallapa/LMS/.ralph/worktrees/2026-07-16_130451_normal_run/sfpcl_credit/disbursements/modules/disbursement_readiness.py", line 182, in evaluate
    account.disbursed_amount <= account.sanctioned_amount,
    ^^^^^^^^^^^^^^^^^^^^^^^^
AttributeError: 'types.SimpleNamespace' object has no attribute 'disbursed_amount'

======================================================================
ERROR: test_each_source_fact_independently_blocks_aggregate_readiness (sfpcl_credit.tests.test_disbursement_readiness_api.DisbursementReadinessApiTests.test_each_source_fact_independently_blocks_aggregate_readiness) (expected_code='credit_manager_approval')
----------------------------------------------------------------------
Traceback (most recent call last):
  File "/Users/amitkallapa/LMS/.ralph/worktrees/2026-07-16_130451_normal_run/sfpcl_credit/tests/test_disbursement_readiness_api.py", line 300, in test_each_source_fact_independently_blocks_aggregate_readiness
    response = self.client.get(
               ^^^^^^^^^^^^^^^^
  File "/Users/amitkallapa/LMS/.ralph/venv/lib/python3.11/site-packages/django/test/client.py", line 1049, in get
    response = super().get(path, data=data, secure=secure, headers=headers, **extra)
               ^^^^^^^^^^^^^^^^^^^^^^^^^^^^^^^^^^^^^^^^^^^^^^^^^^^^^^^^^^^^^^^^^^^^^
  File "/Users/amitkallapa/LMS/.ralph/venv/lib/python3.11/site-packages/django/test/client.py", line 465, in get
    return self.generic(
           ^^^^^^^^^^^^^
  File "/Users/amitkallapa/LMS/.ralph/venv/lib/python3.11/site-packages/django/test/client.py", line 617, in generic
    return self.request(**r)
           ^^^^^^^^^^^^^^^^^
  File "/Users/amitkallapa/LMS/.ralph/venv/lib/python3.11/site-packages/django/test/client.py", line 1013, in request
    self.check_exception(response)
  File "/Users/amitkallapa/LMS/.ralph/venv/lib/python3.11/site-packages/django/test/client.py", line 743, in check_exception
    raise exc_value
  File "/Users/amitkallapa/LMS/.ralph/venv/lib/python3.11/site-packages/django/core/handlers/exception.py", line 55, in inner
    response = get_response(request)
               ^^^^^^^^^^^^^^^^^^^^^
  File "/Users/amitkallapa/LMS/.ralph/venv/lib/python3.11/site-packages/django/core/handlers/base.py", line 197, in _get_response
    response = wrapped_callback(request, *callback_args, **callback_kwargs)
               ^^^^^^^^^^^^^^^^^^^^^^^^^^^^^^^^^^^^^^^^^^^^^^^^^^^^^^^^^^^^
  File "/Users/amitkallapa/LMS/.ralph/venv/lib/python3.11/site-packages/django/views/decorators/http.py", line 64, in inner
    return func(request, *args, **kwargs)
           ^^^^^^^^^^^^^^^^^^^^^^^^^^^^^^
  File "/Users/amitkallapa/LMS/.ralph/worktrees/2026-07-16_130451_normal_run/sfpcl_credit/disbursements/views.py", line 26, in readiness
    evaluate(actor=actor, loan_account_id=loan_account_id), request
    ^^^^^^^^^^^^^^^^^^^^^^^^^^^^^^^^^^^^^^^^^^^^^^^^^^^^^^
  File "/Users/amitkallapa/LMS/.ralph/worktrees/2026-07-16_130451_normal_run/sfpcl_credit/disbursements/modules/disbursement_readiness.py", line 182, in evaluate
    account.disbursed_amount <= account.sanctioned_amount,
    ^^^^^^^^^^^^^^^^^^^^^^^^
AttributeError: 'types.SimpleNamespace' object has no attribute 'disbursed_amount'

======================================================================
ERROR: test_each_source_fact_independently_blocks_aggregate_readiness (sfpcl_credit.tests.test_disbursement_readiness_api.DisbursementReadinessApiTests.test_each_source_fact_independently_blocks_aggregate_readiness) (expected_code='sanction_committee_approval')
----------------------------------------------------------------------
Traceback (most recent call last):
  File "/Users/amitkallapa/LMS/.ralph/worktrees/2026-07-16_130451_normal_run/sfpcl_credit/tests/test_disbursement_readiness_api.py", line 300, in test_each_source_fact_independently_blocks_aggregate_readiness
    response = self.client.get(
               ^^^^^^^^^^^^^^^^
  File "/Users/amitkallapa/LMS/.ralph/venv/lib/python3.11/site-packages/django/test/client.py", line 1049, in get
    response = super().get(path, data=data, secure=secure, headers=headers, **extra)
               ^^^^^^^^^^^^^^^^^^^^^^^^^^^^^^^^^^^^^^^^^^^^^^^^^^^^^^^^^^^^^^^^^^^^^
  File "/Users/amitkallapa/LMS/.ralph/venv/lib/python3.11/site-packages/django/test/client.py", line 465, in get
    return self.generic(
           ^^^^^^^^^^^^^
  File "/Users/amitkallapa/LMS/.ralph/venv/lib/python3.11/site-packages/django/test/client.py", line 617, in generic
    return self.request(**r)
           ^^^^^^^^^^^^^^^^^
  File "/Users/amitkallapa/LMS/.ralph/venv/lib/python3.11/site-packages/django/test/client.py", line 1013, in request
    self.check_exception(response)
  File "/Users/amitkallapa/LMS/.ralph/venv/lib/python3.11/site-packages/django/test/client.py", line 743, in check_exception
    raise exc_value
  File "/Users/amitkallapa/LMS/.ralph/venv/lib/python3.11/site-packages/django/core/handlers/exception.py", line 55, in inner
    response = get_response(request)
               ^^^^^^^^^^^^^^^^^^^^^
  File "/Users/amitkallapa/LMS/.ralph/venv/lib/python3.11/site-packages/django/core/handlers/base.py", line 197, in _get_response
    response = wrapped_callback(request, *callback_args, **callback_kwargs)
               ^^^^^^^^^^^^^^^^^^^^^^^^^^^^^^^^^^^^^^^^^^^^^^^^^^^^^^^^^^^^
  File "/Users/amitkallapa/LMS/.ralph/venv/lib/python3.11/site-packages/django/views/decorators/http.py", line 64, in inner
    return func(request, *args, **kwargs)
           ^^^^^^^^^^^^^^^^^^^^^^^^^^^^^^
  File "/Users/amitkallapa/LMS/.ralph/worktrees/2026-07-16_130451_normal_run/sfpcl_credit/disbursements/views.py", line 26, in readiness
    evaluate(actor=actor, loan_account_id=loan_account_id), request
    ^^^^^^^^^^^^^^^^^^^^^^^^^^^^^^^^^^^^^^^^^^^^^^^^^^^^^^
  File "/Users/amitkallapa/LMS/.ralph/worktrees/2026-07-16_130451_normal_run/sfpcl_credit/disbursements/modules/disbursement_readiness.py", line 182, in evaluate
    account.disbursed_amount <= account.sanctioned_amount,
    ^^^^^^^^^^^^^^^^^^^^^^^^
AttributeError: 'types.SimpleNamespace' object has no attribute 'disbursed_amount'

======================================================================
ERROR: test_each_source_fact_independently_blocks_aggregate_readiness (sfpcl_credit.tests.test_disbursement_readiness_api.DisbursementReadinessApiTests.test_each_source_fact_independently_blocks_aggregate_readiness) (expected_code='security_package_complete')
----------------------------------------------------------------------
Traceback (most recent call last):
  File "/Users/amitkallapa/LMS/.ralph/worktrees/2026-07-16_130451_normal_run/sfpcl_credit/tests/test_disbursement_readiness_api.py", line 300, in test_each_source_fact_independently_blocks_aggregate_readiness
    response = self.client.get(
               ^^^^^^^^^^^^^^^^
  File "/Users/amitkallapa/LMS/.ralph/venv/lib/python3.11/site-packages/django/test/client.py", line 1049, in get
    response = super().get(path, data=data, secure=secure, headers=headers, **extra)
               ^^^^^^^^^^^^^^^^^^^^^^^^^^^^^^^^^^^^^^^^^^^^^^^^^^^^^^^^^^^^^^^^^^^^^
  File "/Users/amitkallapa/LMS/.ralph/venv/lib/python3.11/site-packages/django/test/client.py", line 465, in get
    return self.generic(
           ^^^^^^^^^^^^^
  File "/Users/amitkallapa/LMS/.ralph/venv/lib/python3.11/site-packages/django/test/client.py", line 617, in generic
    return self.request(**r)
           ^^^^^^^^^^^^^^^^^
  File "/Users/amitkallapa/LMS/.ralph/venv/lib/python3.11/site-packages/django/test/client.py", line 1013, in request
    self.check_exception(response)
  File "/Users/amitkallapa/LMS/.ralph/venv/lib/python3.11/site-packages/django/test/client.py", line 743, in check_exception
    raise exc_value
  File "/Users/amitkallapa/LMS/.ralph/venv/lib/python3.11/site-packages/django/core/handlers/exception.py", line 55, in inner
    response = get_response(request)
               ^^^^^^^^^^^^^^^^^^^^^
  File "/Users/amitkallapa/LMS/.ralph/venv/lib/python3.11/site-packages/django/core/handlers/base.py", line 197, in _get_response
    response = wrapped_callback(request, *callback_args, **callback_kwargs)
               ^^^^^^^^^^^^^^^^^^^^^^^^^^^^^^^^^^^^^^^^^^^^^^^^^^^^^^^^^^^^
  File "/Users/amitkallapa/LMS/.ralph/venv/lib/python3.11/site-packages/django/views/decorators/http.py", line 64, in inner
    return func(request, *args, **kwargs)
           ^^^^^^^^^^^^^^^^^^^^^^^^^^^^^^
  File "/Users/amitkallapa/LMS/.ralph/worktrees/2026-07-16_130451_normal_run/sfpcl_credit/disbursements/views.py", line 26, in readiness
    evaluate(actor=actor, loan_account_id=loan_account_id), request
    ^^^^^^^^^^^^^^^^^^^^^^^^^^^^^^^^^^^^^^^^^^^^^^^^^^^^^^
  File "/Users/amitkallapa/LMS/.ralph/worktrees/2026-07-16_130451_normal_run/sfpcl_credit/disbursements/modules/disbursement_readiness.py", line 182, in evaluate
    account.disbursed_amount <= account.sanctioned_amount,
    ^^^^^^^^^^^^^^^^^^^^^^^^
AttributeError: 'types.SimpleNamespace' object has no attribute 'disbursed_amount'

======================================================================
ERROR: test_each_source_fact_independently_blocks_aggregate_readiness (sfpcl_credit.tests.test_disbursement_readiness_api.DisbursementReadinessApiTests.test_each_source_fact_independently_blocks_aggregate_readiness) (expected_code='poa_complete')
----------------------------------------------------------------------
Traceback (most recent call last):
  File "/Users/amitkallapa/LMS/.ralph/worktrees/2026-07-16_130451_normal_run/sfpcl_credit/tests/test_disbursement_readiness_api.py", line 300, in test_each_source_fact_independently_blocks_aggregate_readiness
    response = self.client.get(
               ^^^^^^^^^^^^^^^^
  File "/Users/amitkallapa/LMS/.ralph/venv/lib/python3.11/site-packages/django/test/client.py", line 1049, in get
    response = super().get(path, data=data, secure=secure, headers=headers, **extra)
               ^^^^^^^^^^^^^^^^^^^^^^^^^^^^^^^^^^^^^^^^^^^^^^^^^^^^^^^^^^^^^^^^^^^^^
  File "/Users/amitkallapa/LMS/.ralph/venv/lib/python3.11/site-packages/django/test/client.py", line 465, in get
    return self.generic(
           ^^^^^^^^^^^^^
  File "/Users/amitkallapa/LMS/.ralph/venv/lib/python3.11/site-packages/django/test/client.py", line 617, in generic
    return self.request(**r)
           ^^^^^^^^^^^^^^^^^
  File "/Users/amitkallapa/LMS/.ralph/venv/lib/python3.11/site-packages/django/test/client.py", line 1013, in request
    self.check_exception(response)
  File "/Users/amitkallapa/LMS/.ralph/venv/lib/python3.11/site-packages/django/test/client.py", line 743, in check_exception
    raise exc_value
  File "/Users/amitkallapa/LMS/.ralph/venv/lib/python3.11/site-packages/django/core/handlers/exception.py", line 55, in inner
    response = get_response(request)
               ^^^^^^^^^^^^^^^^^^^^^
  File "/Users/amitkallapa/LMS/.ralph/venv/lib/python3.11/site-packages/django/core/handlers/base.py", line 197, in _get_response
    response = wrapped_callback(request, *callback_args, **callback_kwargs)
               ^^^^^^^^^^^^^^^^^^^^^^^^^^^^^^^^^^^^^^^^^^^^^^^^^^^^^^^^^^^^
  File "/Users/amitkallapa/LMS/.ralph/venv/lib/python3.11/site-packages/django/views/decorators/http.py", line 64, in inner
    return func(request, *args, **kwargs)
           ^^^^^^^^^^^^^^^^^^^^^^^^^^^^^^
  File "/Users/amitkallapa/LMS/.ralph/worktrees/2026-07-16_130451_normal_run/sfpcl_credit/disbursements/views.py", line 26, in readiness
    evaluate(actor=actor, loan_account_id=loan_account_id), request
    ^^^^^^^^^^^^^^^^^^^^^^^^^^^^^^^^^^^^^^^^^^^^^^^^^^^^^^
  File "/Users/amitkallapa/LMS/.ralph/worktrees/2026-07-16_130451_normal_run/sfpcl_credit/disbursements/modules/disbursement_readiness.py", line 182, in evaluate
    account.disbursed_amount <= account.sanctioned_amount,
    ^^^^^^^^^^^^^^^^^^^^^^^^
AttributeError: 'types.SimpleNamespace' object has no attribute 'disbursed_amount'

======================================================================
ERROR: test_each_source_fact_independently_blocks_aggregate_readiness (sfpcl_credit.tests.test_disbursement_readiness_api.DisbursementReadinessApiTests.test_each_source_fact_independently_blocks_aggregate_readiness) (expected_code='term_sheet_complete')
----------------------------------------------------------------------
Traceback (most recent call last):
  File "/Users/amitkallapa/LMS/.ralph/worktrees/2026-07-16_130451_normal_run/sfpcl_credit/tests/test_disbursement_readiness_api.py", line 300, in test_each_source_fact_independently_blocks_aggregate_readiness
    response = self.client.get(
               ^^^^^^^^^^^^^^^^
  File "/Users/amitkallapa/LMS/.ralph/venv/lib/python3.11/site-packages/django/test/client.py", line 1049, in get
    response = super().get(path, data=data, secure=secure, headers=headers, **extra)
               ^^^^^^^^^^^^^^^^^^^^^^^^^^^^^^^^^^^^^^^^^^^^^^^^^^^^^^^^^^^^^^^^^^^^^
  File "/Users/amitkallapa/LMS/.ralph/venv/lib/python3.11/site-packages/django/test/client.py", line 465, in get
    return self.generic(
           ^^^^^^^^^^^^^
  File "/Users/amitkallapa/LMS/.ralph/venv/lib/python3.11/site-packages/django/test/client.py", line 617, in generic
    return self.request(**r)
           ^^^^^^^^^^^^^^^^^
  File "/Users/amitkallapa/LMS/.ralph/venv/lib/python3.11/site-packages/django/test/client.py", line 1013, in request
    self.check_exception(response)
  File "/Users/amitkallapa/LMS/.ralph/venv/lib/python3.11/site-packages/django/test/client.py", line 743, in check_exception
    raise exc_value
  File "/Users/amitkallapa/LMS/.ralph/venv/lib/python3.11/site-packages/django/core/handlers/exception.py", line 55, in inner
    response = get_response(request)
               ^^^^^^^^^^^^^^^^^^^^^
  File "/Users/amitkallapa/LMS/.ralph/venv/lib/python3.11/site-packages/django/core/handlers/base.py", line 197, in _get_response
    response = wrapped_callback(request, *callback_args, **callback_kwargs)
               ^^^^^^^^^^^^^^^^^^^^^^^^^^^^^^^^^^^^^^^^^^^^^^^^^^^^^^^^^^^^
  File "/Users/amitkallapa/LMS/.ralph/venv/lib/python3.11/site-packages/django/views/decorators/http.py", line 64, in inner
    return func(request, *args, **kwargs)
           ^^^^^^^^^^^^^^^^^^^^^^^^^^^^^^
  File "/Users/amitkallapa/LMS/.ralph/worktrees/2026-07-16_130451_normal_run/sfpcl_credit/disbursements/views.py", line 26, in readiness
    evaluate(actor=actor, loan_account_id=loan_account_id), request
    ^^^^^^^^^^^^^^^^^^^^^^^^^^^^^^^^^^^^^^^^^^^^^^^^^^^^^^
  File "/Users/amitkallapa/LMS/.ralph/worktrees/2026-07-16_130451_normal_run/sfpcl_credit/disbursements/modules/disbursement_readiness.py", line 182, in evaluate
    account.disbursed_amount <= account.sanctioned_amount,
    ^^^^^^^^^^^^^^^^^^^^^^^^
AttributeError: 'types.SimpleNamespace' object has no attribute 'disbursed_amount'

======================================================================
ERROR: test_each_source_fact_independently_blocks_aggregate_readiness (sfpcl_credit.tests.test_disbursement_readiness_api.DisbursementReadinessApiTests.test_each_source_fact_independently_blocks_aggregate_readiness) (expected_code='loan_agreement_complete')
----------------------------------------------------------------------
Traceback (most recent call last):
  File "/Users/amitkallapa/LMS/.ralph/worktrees/2026-07-16_130451_normal_run/sfpcl_credit/tests/test_disbursement_readiness_api.py", line 300, in test_each_source_fact_independently_blocks_aggregate_readiness
    response = self.client.get(
               ^^^^^^^^^^^^^^^^
  File "/Users/amitkallapa/LMS/.ralph/venv/lib/python3.11/site-packages/django/test/client.py", line 1049, in get
    response = super().get(path, data=data, secure=secure, headers=headers, **extra)
               ^^^^^^^^^^^^^^^^^^^^^^^^^^^^^^^^^^^^^^^^^^^^^^^^^^^^^^^^^^^^^^^^^^^^^
  File "/Users/amitkallapa/LMS/.ralph/venv/lib/python3.11/site-packages/django/test/client.py", line 465, in get
    return self.generic(
           ^^^^^^^^^^^^^
  File "/Users/amitkallapa/LMS/.ralph/venv/lib/python3.11/site-packages/django/test/client.py", line 617, in generic
    return self.request(**r)
           ^^^^^^^^^^^^^^^^^
  File "/Users/amitkallapa/LMS/.ralph/venv/lib/python3.11/site-packages/django/test/client.py", line 1013, in request
    self.check_exception(response)
  File "/Users/amitkallapa/LMS/.ralph/venv/lib/python3.11/site-packages/django/test/client.py", line 743, in check_exception
    raise exc_value
  File "/Users/amitkallapa/LMS/.ralph/venv/lib/python3.11/site-packages/django/core/handlers/exception.py", line 55, in inner
    response = get_response(request)
               ^^^^^^^^^^^^^^^^^^^^^
  File "/Users/amitkallapa/LMS/.ralph/venv/lib/python3.11/site-packages/django/core/handlers/base.py", line 197, in _get_response
    response = wrapped_callback(request, *callback_args, **callback_kwargs)
               ^^^^^^^^^^^^^^^^^^^^^^^^^^^^^^^^^^^^^^^^^^^^^^^^^^^^^^^^^^^^
  File "/Users/amitkallapa/LMS/.ralph/venv/lib/python3.11/site-packages/django/views/decorators/http.py", line 64, in inner
    return func(request, *args, **kwargs)
           ^^^^^^^^^^^^^^^^^^^^^^^^^^^^^^
  File "/Users/amitkallapa/LMS/.ralph/worktrees/2026-07-16_130451_normal_run/sfpcl_credit/disbursements/views.py", line 26, in readiness
    evaluate(actor=actor, loan_account_id=loan_account_id), request
    ^^^^^^^^^^^^^^^^^^^^^^^^^^^^^^^^^^^^^^^^^^^^^^^^^^^^^^
  File "/Users/amitkallapa/LMS/.ralph/worktrees/2026-07-16_130451_normal_run/sfpcl_credit/disbursements/modules/disbursement_readiness.py", line 182, in evaluate
    account.disbursed_amount <= account.sanctioned_amount,
    ^^^^^^^^^^^^^^^^^^^^^^^^
AttributeError: 'types.SimpleNamespace' object has no attribute 'disbursed_amount'

======================================================================
ERROR: test_each_source_fact_independently_blocks_aggregate_readiness (sfpcl_credit.tests.test_disbursement_readiness_api.DisbursementReadinessApiTests.test_each_source_fact_independently_blocks_aggregate_readiness) (expected_code='sh4_complete')
----------------------------------------------------------------------
Traceback (most recent call last):
  File "/Users/amitkallapa/LMS/.ralph/worktrees/2026-07-16_130451_normal_run/sfpcl_credit/tests/test_disbursement_readiness_api.py", line 300, in test_each_source_fact_independently_blocks_aggregate_readiness
    response = self.client.get(
               ^^^^^^^^^^^^^^^^
  File "/Users/amitkallapa/LMS/.ralph/venv/lib/python3.11/site-packages/django/test/client.py", line 1049, in get
    response = super().get(path, data=data, secure=secure, headers=headers, **extra)
               ^^^^^^^^^^^^^^^^^^^^^^^^^^^^^^^^^^^^^^^^^^^^^^^^^^^^^^^^^^^^^^^^^^^^^
  File "/Users/amitkallapa/LMS/.ralph/venv/lib/python3.11/site-packages/django/test/client.py", line 465, in get
    return self.generic(
           ^^^^^^^^^^^^^
  File "/Users/amitkallapa/LMS/.ralph/venv/lib/python3.11/site-packages/django/test/client.py", line 617, in generic
    return self.request(**r)
           ^^^^^^^^^^^^^^^^^
  File "/Users/amitkallapa/LMS/.ralph/venv/lib/python3.11/site-packages/django/test/client.py", line 1013, in request
    self.check_exception(response)
  File "/Users/amitkallapa/LMS/.ralph/venv/lib/python3.11/site-packages/django/test/client.py", line 743, in check_exception
    raise exc_value
  File "/Users/amitkallapa/LMS/.ralph/venv/lib/python3.11/site-packages/django/core/handlers/exception.py", line 55, in inner
    response = get_response(request)
               ^^^^^^^^^^^^^^^^^^^^^
  File "/Users/amitkallapa/LMS/.ralph/venv/lib/python3.11/site-packages/django/core/handlers/base.py", line 197, in _get_response
    response = wrapped_callback(request, *callback_args, **callback_kwargs)
               ^^^^^^^^^^^^^^^^^^^^^^^^^^^^^^^^^^^^^^^^^^^^^^^^^^^^^^^^^^^^
  File "/Users/amitkallapa/LMS/.ralph/venv/lib/python3.11/site-packages/django/views/decorators/http.py", line 64, in inner
    return func(request, *args, **kwargs)
           ^^^^^^^^^^^^^^^^^^^^^^^^^^^^^^
  File "/Users/amitkallapa/LMS/.ralph/worktrees/2026-07-16_130451_normal_run/sfpcl_credit/disbursements/views.py", line 26, in readiness
    evaluate(actor=actor, loan_account_id=loan_account_id), request
    ^^^^^^^^^^^^^^^^^^^^^^^^^^^^^^^^^^^^^^^^^^^^^^^^^^^^^^
  File "/Users/amitkallapa/LMS/.ralph/worktrees/2026-07-16_130451_normal_run/sfpcl_credit/disbursements/modules/disbursement_readiness.py", line 182, in evaluate
    account.disbursed_amount <= account.sanctioned_amount,
    ^^^^^^^^^^^^^^^^^^^^^^^^
AttributeError: 'types.SimpleNamespace' object has no attribute 'disbursed_amount'

======================================================================
ERROR: test_each_source_fact_independently_blocks_aggregate_readiness (sfpcl_credit.tests.test_disbursement_readiness_api.DisbursementReadinessApiTests.test_each_source_fact_independently_blocks_aggregate_readiness) (expected_code='cdsl_pledge_complete')
----------------------------------------------------------------------
Traceback (most recent call last):
  File "/Users/amitkallapa/LMS/.ralph/worktrees/2026-07-16_130451_normal_run/sfpcl_credit/tests/test_disbursement_readiness_api.py", line 300, in test_each_source_fact_independently_blocks_aggregate_readiness
    response = self.client.get(
               ^^^^^^^^^^^^^^^^
  File "/Users/amitkallapa/LMS/.ralph/venv/lib/python3.11/site-packages/django/test/client.py", line 1049, in get
    response = super().get(path, data=data, secure=secure, headers=headers, **extra)
               ^^^^^^^^^^^^^^^^^^^^^^^^^^^^^^^^^^^^^^^^^^^^^^^^^^^^^^^^^^^^^^^^^^^^^
  File "/Users/amitkallapa/LMS/.ralph/venv/lib/python3.11/site-packages/django/test/client.py", line 465, in get
    return self.generic(
           ^^^^^^^^^^^^^
  File "/Users/amitkallapa/LMS/.ralph/venv/lib/python3.11/site-packages/django/test/client.py", line 617, in generic
    return self.request(**r)
           ^^^^^^^^^^^^^^^^^
  File "/Users/amitkallapa/LMS/.ralph/venv/lib/python3.11/site-packages/django/test/client.py", line 1013, in request
    self.check_exception(response)
  File "/Users/amitkallapa/LMS/.ralph/venv/lib/python3.11/site-packages/django/test/client.py", line 743, in check_exception
    raise exc_value
  File "/Users/amitkallapa/LMS/.ralph/venv/lib/python3.11/site-packages/django/core/handlers/exception.py", line 55, in inner
    response = get_response(request)
               ^^^^^^^^^^^^^^^^^^^^^
  File "/Users/amitkallapa/LMS/.ralph/venv/lib/python3.11/site-packages/django/core/handlers/base.py", line 197, in _get_response
    response = wrapped_callback(request, *callback_args, **callback_kwargs)
               ^^^^^^^^^^^^^^^^^^^^^^^^^^^^^^^^^^^^^^^^^^^^^^^^^^^^^^^^^^^^
  File "/Users/amitkallapa/LMS/.ralph/venv/lib/python3.11/site-packages/django/views/decorators/http.py", line 64, in inner
    return func(request, *args, **kwargs)
           ^^^^^^^^^^^^^^^^^^^^^^^^^^^^^^
  File "/Users/amitkallapa/LMS/.ralph/worktrees/2026-07-16_130451_normal_run/sfpcl_credit/disbursements/views.py", line 26, in readiness
    evaluate(actor=actor, loan_account_id=loan_account_id), request
    ^^^^^^^^^^^^^^^^^^^^^^^^^^^^^^^^^^^^^^^^^^^^^^^^^^^^^^
  File "/Users/amitkallapa/LMS/.ralph/worktrees/2026-07-16_130451_normal_run/sfpcl_credit/disbursements/modules/disbursement_readiness.py", line 182, in evaluate
    account.disbursed_amount <= account.sanctioned_amount,
    ^^^^^^^^^^^^^^^^^^^^^^^^
AttributeError: 'types.SimpleNamespace' object has no attribute 'disbursed_amount'

======================================================================
ERROR: test_each_source_fact_independently_blocks_aggregate_readiness (sfpcl_credit.tests.test_disbursement_readiness_api.DisbursementReadinessApiTests.test_each_source_fact_independently_blocks_aggregate_readiness) (expected_code='blank_dated_cheque_received')
----------------------------------------------------------------------
Traceback (most recent call last):
  File "/Users/amitkallapa/LMS/.ralph/worktrees/2026-07-16_130451_normal_run/sfpcl_credit/tests/test_disbursement_readiness_api.py", line 300, in test_each_source_fact_independently_blocks_aggregate_readiness
    response = self.client.get(
               ^^^^^^^^^^^^^^^^
  File "/Users/amitkallapa/LMS/.ralph/venv/lib/python3.11/site-packages/django/test/client.py", line 1049, in get
    response = super().get(path, data=data, secure=secure, headers=headers, **extra)
               ^^^^^^^^^^^^^^^^^^^^^^^^^^^^^^^^^^^^^^^^^^^^^^^^^^^^^^^^^^^^^^^^^^^^^
  File "/Users/amitkallapa/LMS/.ralph/venv/lib/python3.11/site-packages/django/test/client.py", line 465, in get
    return self.generic(
           ^^^^^^^^^^^^^
  File "/Users/amitkallapa/LMS/.ralph/venv/lib/python3.11/site-packages/django/test/client.py", line 617, in generic
    return self.request(**r)
           ^^^^^^^^^^^^^^^^^
  File "/Users/amitkallapa/LMS/.ralph/venv/lib/python3.11/site-packages/django/test/client.py", line 1013, in request
    self.check_exception(response)
  File "/Users/amitkallapa/LMS/.ralph/venv/lib/python3.11/site-packages/django/test/client.py", line 743, in check_exception
    raise exc_value
  File "/Users/amitkallapa/LMS/.ralph/venv/lib/python3.11/site-packages/django/core/handlers/exception.py", line 55, in inner
    response = get_response(request)
               ^^^^^^^^^^^^^^^^^^^^^
  File "/Users/amitkallapa/LMS/.ralph/venv/lib/python3.11/site-packages/django/core/handlers/base.py", line 197, in _get_response
    response = wrapped_callback(request, *callback_args, **callback_kwargs)
               ^^^^^^^^^^^^^^^^^^^^^^^^^^^^^^^^^^^^^^^^^^^^^^^^^^^^^^^^^^^^
  File "/Users/amitkallapa/LMS/.ralph/venv/lib/python3.11/site-packages/django/views/decorators/http.py", line 64, in inner
    return func(request, *args, **kwargs)
           ^^^^^^^^^^^^^^^^^^^^^^^^^^^^^^
  File "/Users/amitkallapa/LMS/.ralph/worktrees/2026-07-16_130451_normal_run/sfpcl_credit/disbursements/views.py", line 26, in readiness
    evaluate(actor=actor, loan_account_id=loan_account_id), request
    ^^^^^^^^^^^^^^^^^^^^^^^^^^^^^^^^^^^^^^^^^^^^^^^^^^^^^^
  File "/Users/amitkallapa/LMS/.ralph/worktrees/2026-07-16_130451_normal_run/sfpcl_credit/disbursements/modules/disbursement_readiness.py", line 182, in evaluate
    account.disbursed_amount <= account.sanctioned_amount,
    ^^^^^^^^^^^^^^^^^^^^^^^^
AttributeError: 'types.SimpleNamespace' object has no attribute 'disbursed_amount'

======================================================================
ERROR: test_each_source_fact_independently_blocks_aggregate_readiness (sfpcl_credit.tests.test_disbursement_readiness_api.DisbursementReadinessApiTests.test_each_source_fact_independently_blocks_aggregate_readiness) (expected_code='cancelled_cheque_verified')
----------------------------------------------------------------------
Traceback (most recent call last):
  File "/Users/amitkallapa/LMS/.ralph/worktrees/2026-07-16_130451_normal_run/sfpcl_credit/tests/test_disbursement_readiness_api.py", line 300, in test_each_source_fact_independently_blocks_aggregate_readiness
    response = self.client.get(
               ^^^^^^^^^^^^^^^^
  File "/Users/amitkallapa/LMS/.ralph/venv/lib/python3.11/site-packages/django/test/client.py", line 1049, in get
    response = super().get(path, data=data, secure=secure, headers=headers, **extra)
               ^^^^^^^^^^^^^^^^^^^^^^^^^^^^^^^^^^^^^^^^^^^^^^^^^^^^^^^^^^^^^^^^^^^^^
  File "/Users/amitkallapa/LMS/.ralph/venv/lib/python3.11/site-packages/django/test/client.py", line 465, in get
    return self.generic(
           ^^^^^^^^^^^^^
  File "/Users/amitkallapa/LMS/.ralph/venv/lib/python3.11/site-packages/django/test/client.py", line 617, in generic
    return self.request(**r)
           ^^^^^^^^^^^^^^^^^
  File "/Users/amitkallapa/LMS/.ralph/venv/lib/python3.11/site-packages/django/test/client.py", line 1013, in request
    self.check_exception(response)
  File "/Users/amitkallapa/LMS/.ralph/venv/lib/python3.11/site-packages/django/test/client.py", line 743, in check_exception
    raise exc_value
  File "/Users/amitkallapa/LMS/.ralph/venv/lib/python3.11/site-packages/django/core/handlers/exception.py", line 55, in inner
    response = get_response(request)
               ^^^^^^^^^^^^^^^^^^^^^
  File "/Users/amitkallapa/LMS/.ralph/venv/lib/python3.11/site-packages/django/core/handlers/base.py", line 197, in _get_response
    response = wrapped_callback(request, *callback_args, **callback_kwargs)
               ^^^^^^^^^^^^^^^^^^^^^^^^^^^^^^^^^^^^^^^^^^^^^^^^^^^^^^^^^^^^
  File "/Users/amitkallapa/LMS/.ralph/venv/lib/python3.11/site-packages/django/views/decorators/http.py", line 64, in inner
    return func(request, *args, **kwargs)
           ^^^^^^^^^^^^^^^^^^^^^^^^^^^^^^
  File "/Users/amitkallapa/LMS/.ralph/worktrees/2026-07-16_130451_normal_run/sfpcl_credit/disbursements/views.py", line 26, in readiness
    evaluate(actor=actor, loan_account_id=loan_account_id), request
    ^^^^^^^^^^^^^^^^^^^^^^^^^^^^^^^^^^^^^^^^^^^^^^^^^^^^^^
  File "/Users/amitkallapa/LMS/.ralph/worktrees/2026-07-16_130451_normal_run/sfpcl_credit/disbursements/modules/disbursement_readiness.py", line 182, in evaluate
    account.disbursed_amount <= account.sanctioned_amount,
    ^^^^^^^^^^^^^^^^^^^^^^^^
AttributeError: 'types.SimpleNamespace' object has no attribute 'disbursed_amount'

======================================================================
ERROR: test_each_source_fact_independently_blocks_aggregate_readiness (sfpcl_credit.tests.test_disbursement_readiness_api.DisbursementReadinessApiTests.test_each_source_fact_independently_blocks_aggregate_readiness) (expected_code='bank_account_verified')
----------------------------------------------------------------------
Traceback (most recent call last):
  File "/Users/amitkallapa/LMS/.ralph/worktrees/2026-07-16_130451_normal_run/sfpcl_credit/tests/test_disbursement_readiness_api.py", line 300, in test_each_source_fact_independently_blocks_aggregate_readiness
    response = self.client.get(
               ^^^^^^^^^^^^^^^^
  File "/Users/amitkallapa/LMS/.ralph/venv/lib/python3.11/site-packages/django/test/client.py", line 1049, in get
    response = super().get(path, data=data, secure=secure, headers=headers, **extra)
               ^^^^^^^^^^^^^^^^^^^^^^^^^^^^^^^^^^^^^^^^^^^^^^^^^^^^^^^^^^^^^^^^^^^^^
  File "/Users/amitkallapa/LMS/.ralph/venv/lib/python3.11/site-packages/django/test/client.py", line 465, in get
    return self.generic(
           ^^^^^^^^^^^^^
  File "/Users/amitkallapa/LMS/.ralph/venv/lib/python3.11/site-packages/django/test/client.py", line 617, in generic
    return self.request(**r)
           ^^^^^^^^^^^^^^^^^
  File "/Users/amitkallapa/LMS/.ralph/venv/lib/python3.11/site-packages/django/test/client.py", line 1013, in request
    self.check_exception(response)
  File "/Users/amitkallapa/LMS/.ralph/venv/lib/python3.11/site-packages/django/test/client.py", line 743, in check_exception
    raise exc_value
  File "/Users/amitkallapa/LMS/.ralph/venv/lib/python3.11/site-packages/django/core/handlers/exception.py", line 55, in inner
    response = get_response(request)
               ^^^^^^^^^^^^^^^^^^^^^
  File "/Users/amitkallapa/LMS/.ralph/venv/lib/python3.11/site-packages/django/core/handlers/base.py", line 197, in _get_response
    response = wrapped_callback(request, *callback_args, **callback_kwargs)
               ^^^^^^^^^^^^^^^^^^^^^^^^^^^^^^^^^^^^^^^^^^^^^^^^^^^^^^^^^^^^
  File "/Users/amitkallapa/LMS/.ralph/venv/lib/python3.11/site-packages/django/views/decorators/http.py", line 64, in inner
    return func(request, *args, **kwargs)
           ^^^^^^^^^^^^^^^^^^^^^^^^^^^^^^
  File "/Users/amitkallapa/LMS/.ralph/worktrees/2026-07-16_130451_normal_run/sfpcl_credit/disbursements/views.py", line 26, in readiness
    evaluate(actor=actor, loan_account_id=loan_account_id), request
    ^^^^^^^^^^^^^^^^^^^^^^^^^^^^^^^^^^^^^^^^^^^^^^^^^^^^^^
  File "/Users/amitkallapa/LMS/.ralph/worktrees/2026-07-16_130451_normal_run/sfpcl_credit/disbursements/modules/disbursement_readiness.py", line 182, in evaluate
    account.disbursed_amount <= account.sanctioned_amount,
    ^^^^^^^^^^^^^^^^^^^^^^^^
AttributeError: 'types.SimpleNamespace' object has no attribute 'disbursed_amount'

======================================================================
ERROR: test_each_source_fact_independently_blocks_aggregate_readiness (sfpcl_credit.tests.test_disbursement_readiness_api.DisbursementReadinessApiTests.test_each_source_fact_independently_blocks_aggregate_readiness) (expected_code='signature_mismatch_resolved')
----------------------------------------------------------------------
Traceback (most recent call last):
  File "/Users/amitkallapa/LMS/.ralph/worktrees/2026-07-16_130451_normal_run/sfpcl_credit/tests/test_disbursement_readiness_api.py", line 300, in test_each_source_fact_independently_blocks_aggregate_readiness
    response = self.client.get(
               ^^^^^^^^^^^^^^^^
  File "/Users/amitkallapa/LMS/.ralph/venv/lib/python3.11/site-packages/django/test/client.py", line 1049, in get
    response = super().get(path, data=data, secure=secure, headers=headers, **extra)
               ^^^^^^^^^^^^^^^^^^^^^^^^^^^^^^^^^^^^^^^^^^^^^^^^^^^^^^^^^^^^^^^^^^^^^
  File "/Users/amitkallapa/LMS/.ralph/venv/lib/python3.11/site-packages/django/test/client.py", line 465, in get
    return self.generic(
           ^^^^^^^^^^^^^
  File "/Users/amitkallapa/LMS/.ralph/venv/lib/python3.11/site-packages/django/test/client.py", line 617, in generic
    return self.request(**r)
           ^^^^^^^^^^^^^^^^^
  File "/Users/amitkallapa/LMS/.ralph/venv/lib/python3.11/site-packages/django/test/client.py", line 1013, in request
    self.check_exception(response)
  File "/Users/amitkallapa/LMS/.ralph/venv/lib/python3.11/site-packages/django/test/client.py", line 743, in check_exception
    raise exc_value
  File "/Users/amitkallapa/LMS/.ralph/venv/lib/python3.11/site-packages/django/core/handlers/exception.py", line 55, in inner
    response = get_response(request)
               ^^^^^^^^^^^^^^^^^^^^^
  File "/Users/amitkallapa/LMS/.ralph/venv/lib/python3.11/site-packages/django/core/handlers/base.py", line 197, in _get_response
    response = wrapped_callback(request, *callback_args, **callback_kwargs)
               ^^^^^^^^^^^^^^^^^^^^^^^^^^^^^^^^^^^^^^^^^^^^^^^^^^^^^^^^^^^^
  File "/Users/amitkallapa/LMS/.ralph/venv/lib/python3.11/site-packages/django/views/decorators/http.py", line 64, in inner
    return func(request, *args, **kwargs)
           ^^^^^^^^^^^^^^^^^^^^^^^^^^^^^^
  File "/Users/amitkallapa/LMS/.ralph/worktrees/2026-07-16_130451_normal_run/sfpcl_credit/disbursements/views.py", line 26, in readiness
    evaluate(actor=actor, loan_account_id=loan_account_id), request
    ^^^^^^^^^^^^^^^^^^^^^^^^^^^^^^^^^^^^^^^^^^^^^^^^^^^^^^
  File "/Users/amitkallapa/LMS/.ralph/worktrees/2026-07-16_130451_normal_run/sfpcl_credit/disbursements/modules/disbursement_readiness.py", line 182, in evaluate
    account.disbursed_amount <= account.sanctioned_amount,
    ^^^^^^^^^^^^^^^^^^^^^^^^
AttributeError: 'types.SimpleNamespace' object has no attribute 'disbursed_amount'

======================================================================
ERROR: test_each_source_fact_independently_blocks_aggregate_readiness (sfpcl_credit.tests.test_disbursement_readiness_api.DisbursementReadinessApiTests.test_each_source_fact_independently_blocks_aggregate_readiness) (expected_code='sap_customer_code_present')
----------------------------------------------------------------------
Traceback (most recent call last):
  File "/Users/amitkallapa/LMS/.ralph/worktrees/2026-07-16_130451_normal_run/sfpcl_credit/tests/test_disbursement_readiness_api.py", line 300, in test_each_source_fact_independently_blocks_aggregate_readiness
    response = self.client.get(
               ^^^^^^^^^^^^^^^^
  File "/Users/amitkallapa/LMS/.ralph/venv/lib/python3.11/site-packages/django/test/client.py", line 1049, in get
    response = super().get(path, data=data, secure=secure, headers=headers, **extra)
               ^^^^^^^^^^^^^^^^^^^^^^^^^^^^^^^^^^^^^^^^^^^^^^^^^^^^^^^^^^^^^^^^^^^^^
  File "/Users/amitkallapa/LMS/.ralph/venv/lib/python3.11/site-packages/django/test/client.py", line 465, in get
    return self.generic(
           ^^^^^^^^^^^^^
  File "/Users/amitkallapa/LMS/.ralph/venv/lib/python3.11/site-packages/django/test/client.py", line 617, in generic
    return self.request(**r)
           ^^^^^^^^^^^^^^^^^
  File "/Users/amitkallapa/LMS/.ralph/venv/lib/python3.11/site-packages/django/test/client.py", line 1013, in request
    self.check_exception(response)
  File "/Users/amitkallapa/LMS/.ralph/venv/lib/python3.11/site-packages/django/test/client.py", line 743, in check_exception
    raise exc_value
  File "/Users/amitkallapa/LMS/.ralph/venv/lib/python3.11/site-packages/django/core/handlers/exception.py", line 55, in inner
    response = get_response(request)
               ^^^^^^^^^^^^^^^^^^^^^
  File "/Users/amitkallapa/LMS/.ralph/venv/lib/python3.11/site-packages/django/core/handlers/base.py", line 197, in _get_response
    response = wrapped_callback(request, *callback_args, **callback_kwargs)
               ^^^^^^^^^^^^^^^^^^^^^^^^^^^^^^^^^^^^^^^^^^^^^^^^^^^^^^^^^^^^
  File "/Users/amitkallapa/LMS/.ralph/venv/lib/python3.11/site-packages/django/views/decorators/http.py", line 64, in inner
    return func(request, *args, **kwargs)
           ^^^^^^^^^^^^^^^^^^^^^^^^^^^^^^
  File "/Users/amitkallapa/LMS/.ralph/worktrees/2026-07-16_130451_normal_run/sfpcl_credit/disbursements/views.py", line 26, in readiness
    evaluate(actor=actor, loan_account_id=loan_account_id), request
    ^^^^^^^^^^^^^^^^^^^^^^^^^^^^^^^^^^^^^^^^^^^^^^^^^^^^^^
  File "/Users/amitkallapa/LMS/.ralph/worktrees/2026-07-16_130451_normal_run/sfpcl_credit/disbursements/modules/disbursement_readiness.py", line 182, in evaluate
    account.disbursed_amount <= account.sanctioned_amount,
    ^^^^^^^^^^^^^^^^^^^^^^^^
AttributeError: 'types.SimpleNamespace' object has no attribute 'disbursed_amount'

======================================================================
ERROR: test_each_source_fact_independently_blocks_aggregate_readiness (sfpcl_credit.tests.test_disbursement_readiness_api.DisbursementReadinessApiTests.test_each_source_fact_independently_blocks_aggregate_readiness) (expected_code='source_bank_account_configured')
----------------------------------------------------------------------
Traceback (most recent call last):
  File "/Users/amitkallapa/LMS/.ralph/worktrees/2026-07-16_130451_normal_run/sfpcl_credit/tests/test_disbursement_readiness_api.py", line 300, in test_each_source_fact_independently_blocks_aggregate_readiness
    response = self.client.get(
               ^^^^^^^^^^^^^^^^
  File "/Users/amitkallapa/LMS/.ralph/venv/lib/python3.11/site-packages/django/test/client.py", line 1049, in get
    response = super().get(path, data=data, secure=secure, headers=headers, **extra)
               ^^^^^^^^^^^^^^^^^^^^^^^^^^^^^^^^^^^^^^^^^^^^^^^^^^^^^^^^^^^^^^^^^^^^^
  File "/Users/amitkallapa/LMS/.ralph/venv/lib/python3.11/site-packages/django/test/client.py", line 465, in get
    return self.generic(
           ^^^^^^^^^^^^^
  File "/Users/amitkallapa/LMS/.ralph/venv/lib/python3.11/site-packages/django/test/client.py", line 617, in generic
    return self.request(**r)
           ^^^^^^^^^^^^^^^^^
  File "/Users/amitkallapa/LMS/.ralph/venv/lib/python3.11/site-packages/django/test/client.py", line 1013, in request
    self.check_exception(response)
  File "/Users/amitkallapa/LMS/.ralph/venv/lib/python3.11/site-packages/django/test/client.py", line 743, in check_exception
    raise exc_value
  File "/Users/amitkallapa/LMS/.ralph/venv/lib/python3.11/site-packages/django/core/handlers/exception.py", line 55, in inner
    response = get_response(request)
               ^^^^^^^^^^^^^^^^^^^^^
  File "/Users/amitkallapa/LMS/.ralph/venv/lib/python3.11/site-packages/django/core/handlers/base.py", line 197, in _get_response
    response = wrapped_callback(request, *callback_args, **callback_kwargs)
               ^^^^^^^^^^^^^^^^^^^^^^^^^^^^^^^^^^^^^^^^^^^^^^^^^^^^^^^^^^^^
  File "/Users/amitkallapa/LMS/.ralph/venv/lib/python3.11/site-packages/django/views/decorators/http.py", line 64, in inner
    return func(request, *args, **kwargs)
           ^^^^^^^^^^^^^^^^^^^^^^^^^^^^^^
  File "/Users/amitkallapa/LMS/.ralph/worktrees/2026-07-16_130451_normal_run/sfpcl_credit/disbursements/views.py", line 26, in readiness
    evaluate(actor=actor, loan_account_id=loan_account_id), request
    ^^^^^^^^^^^^^^^^^^^^^^^^^^^^^^^^^^^^^^^^^^^^^^^^^^^^^^
  File "/Users/amitkallapa/LMS/.ralph/worktrees/2026-07-16_130451_normal_run/sfpcl_credit/disbursements/modules/disbursement_readiness.py", line 182, in evaluate
    account.disbursed_amount <= account.sanctioned_amount,
    ^^^^^^^^^^^^^^^^^^^^^^^^
AttributeError: 'types.SimpleNamespace' object has no attribute 'disbursed_amount'

======================================================================
ERROR: test_each_source_fact_independently_blocks_aggregate_readiness (sfpcl_credit.tests.test_disbursement_readiness_api.DisbursementReadinessApiTests.test_each_source_fact_independently_blocks_aggregate_readiness) (expected_code='amount_within_sanction')
----------------------------------------------------------------------
Traceback (most recent call last):
  File "/Users/amitkallapa/LMS/.ralph/worktrees/2026-07-16_130451_normal_run/sfpcl_credit/tests/test_disbursement_readiness_api.py", line 300, in test_each_source_fact_independently_blocks_aggregate_readiness
    response = self.client.get(
               ^^^^^^^^^^^^^^^^
  File "/Users/amitkallapa/LMS/.ralph/venv/lib/python3.11/site-packages/django/test/client.py", line 1049, in get
    response = super().get(path, data=data, secure=secure, headers=headers, **extra)
               ^^^^^^^^^^^^^^^^^^^^^^^^^^^^^^^^^^^^^^^^^^^^^^^^^^^^^^^^^^^^^^^^^^^^^
  File "/Users/amitkallapa/LMS/.ralph/venv/lib/python3.11/site-packages/django/test/client.py", line 465, in get
    return self.generic(
           ^^^^^^^^^^^^^
  File "/Users/amitkallapa/LMS/.ralph/venv/lib/python3.11/site-packages/django/test/client.py", line 617, in generic
    return self.request(**r)
           ^^^^^^^^^^^^^^^^^
  File "/Users/amitkallapa/LMS/.ralph/venv/lib/python3.11/site-packages/django/test/client.py", line 1013, in request
    self.check_exception(response)
  File "/Users/amitkallapa/LMS/.ralph/venv/lib/python3.11/site-packages/django/test/client.py", line 743, in check_exception
    raise exc_value
  File "/Users/amitkallapa/LMS/.ralph/venv/lib/python3.11/site-packages/django/core/handlers/exception.py", line 55, in inner
    response = get_response(request)
               ^^^^^^^^^^^^^^^^^^^^^
  File "/Users/amitkallapa/LMS/.ralph/venv/lib/python3.11/site-packages/django/core/handlers/base.py", line 197, in _get_response
    response = wrapped_callback(request, *callback_args, **callback_kwargs)
               ^^^^^^^^^^^^^^^^^^^^^^^^^^^^^^^^^^^^^^^^^^^^^^^^^^^^^^^^^^^^
  File "/Users/amitkallapa/LMS/.ralph/venv/lib/python3.11/site-packages/django/views/decorators/http.py", line 64, in inner
    return func(request, *args, **kwargs)
           ^^^^^^^^^^^^^^^^^^^^^^^^^^^^^^
  File "/Users/amitkallapa/LMS/.ralph/worktrees/2026-07-16_130451_normal_run/sfpcl_credit/disbursements/views.py", line 26, in readiness
    evaluate(actor=actor, loan_account_id=loan_account_id), request
    ^^^^^^^^^^^^^^^^^^^^^^^^^^^^^^^^^^^^^^^^^^^^^^^^^^^^^^
  File "/Users/amitkallapa/LMS/.ralph/worktrees/2026-07-16_130451_normal_run/sfpcl_credit/disbursements/modules/disbursement_readiness.py", line 182, in evaluate
    account.disbursed_amount <= account.sanctioned_amount,
    ^^^^^^^^^^^^^^^^^^^^^^^^
AttributeError: 'types.SimpleNamespace' object has no attribute 'disbursed_amount'

======================================================================
ERROR: test_permission_role_scope_inactive_and_missing_ids_are_nondisclosing (sfpcl_credit.tests.test_disbursement_readiness_api.DisbursementReadinessApiTests.test_permission_role_scope_inactive_and_missing_ids_are_nondisclosing)
----------------------------------------------------------------------
Traceback (most recent call last):
  File "/Users/amitkallapa/LMS/.ralph/venv/lib/python3.11/site-packages/django/db/backends/utils.py", line 105, in _execute
    return self.cursor.execute(sql, params)
           ^^^^^^^^^^^^^^^^^^^^^^^^^^^^^^^^
  File "/Users/amitkallapa/LMS/.ralph/venv/lib/python3.11/site-packages/django/db/backends/sqlite3/base.py", line 329, in execute
    return super().execute(query, params)
           ^^^^^^^^^^^^^^^^^^^^^^^^^^^^^^
sqlite3.IntegrityError: UNIQUE constraint failed: roles.role_code

The above exception was the direct cause of the following exception:

Traceback (most recent call last):
  File "/Users/amitkallapa/LMS/.ralph/worktrees/2026-07-16_130451_normal_run/sfpcl_credit/tests/test_disbursement_readiness_api.py", line 317, in test_permission_role_scope_inactive_and_missing_ids_are_nondisclosing
    missing_permission.primary_role.save(update_fields=["role_code"])
  File "/Users/amitkallapa/LMS/.ralph/venv/lib/python3.11/site-packages/django/db/models/base.py", line 822, in save
    self.save_base(
  File "/Users/amitkallapa/LMS/.ralph/venv/lib/python3.11/site-packages/django/db/models/base.py", line 909, in save_base
    updated = self._save_table(
              ^^^^^^^^^^^^^^^^^
  File "/Users/amitkallapa/LMS/.ralph/venv/lib/python3.11/site-packages/django/db/models/base.py", line 1040, in _save_table
    updated = self._do_update(
              ^^^^^^^^^^^^^^^^
  File "/Users/amitkallapa/LMS/.ralph/venv/lib/python3.11/site-packages/django/db/models/base.py", line 1105, in _do_update
    return filtered._update(values) > 0
           ^^^^^^^^^^^^^^^^^^^^^^^^
  File "/Users/amitkallapa/LMS/.ralph/venv/lib/python3.11/site-packages/django/db/models/query.py", line 1278, in _update
    return query.get_compiler(self.db).execute_sql(CURSOR)
           ^^^^^^^^^^^^^^^^^^^^^^^^^^^^^^^^^^^^^^^^^^^^^^^
  File "/Users/amitkallapa/LMS/.ralph/venv/lib/python3.11/site-packages/django/db/models/sql/compiler.py", line 1990, in execute_sql
    cursor = super().execute_sql(result_type)
             ^^^^^^^^^^^^^^^^^^^^^^^^^^^^^^^^
  File "/Users/amitkallapa/LMS/.ralph/venv/lib/python3.11/site-packages/django/db/models/sql/compiler.py", line 1562, in execute_sql
    cursor.execute(sql, params)
  File "/Users/amitkallapa/LMS/.ralph/venv/lib/python3.11/site-packages/django/db/backends/utils.py", line 79, in execute
    return self._execute_with_wrappers(
           ^^^^^^^^^^^^^^^^^^^^^^^^^^^^
  File "/Users/amitkallapa/LMS/.ralph/venv/lib/python3.11/site-packages/django/db/backends/utils.py", line 92, in _execute_with_wrappers
    return executor(sql, params, many, context)
           ^^^^^^^^^^^^^^^^^^^^^^^^^^^^^^^^^^^^
  File "/Users/amitkallapa/LMS/.ralph/venv/lib/python3.11/site-packages/django/db/backends/utils.py", line 100, in _execute
    with self.db.wrap_database_errors:
  File "/Users/amitkallapa/LMS/.ralph/venv/lib/python3.11/site-packages/django/db/utils.py", line 91, in __exit__
    raise dj_exc_value.with_traceback(traceback) from exc_value
  File "/Users/amitkallapa/LMS/.ralph/venv/lib/python3.11/site-packages/django/db/backends/utils.py", line 105, in _execute
    return self.cursor.execute(sql, params)
           ^^^^^^^^^^^^^^^^^^^^^^^^^^^^^^^^
  File "/Users/amitkallapa/LMS/.ralph/venv/lib/python3.11/site-packages/django/db/backends/sqlite3/base.py", line 329, in execute
    return super().execute(query, params)
           ^^^^^^^^^^^^^^^^^^^^^^^^^^^^^^
django.db.utils.IntegrityError: UNIQUE constraint failed: roles.role_code

----------------------------------------------------------------------
Ran 18 tests in 0.559s

FAILED (errors=24)
Destroying test database for alias 'default'...
