Creating test database for alias 'default' ('test_sfpcl_credit')...
Found 5 test(s).
Operations to perform:
  Synchronize unmigrated apps: corsheaders
  Apply all migrations: applications, approvals, communications, configurations, contenttypes, credit, documents, identity, members, scheduler, tracer, workflows
Synchronizing apps without migrations:
  Creating tables...
    Running deferred SQL...
Running migrations:
  Applying identity.0001_initial... OK
  Applying identity.0002_permission_rolepermission_and_more... OK
  Applying members.0001_initial... OK
  Applying members.0002_profile_shells... OK
  Applying members.0003_individual_profile_details... OK
  Applying members.0004_nominee... OK
  Applying members.0005_shareholding_and_more... OK
  Applying members.0006_landholding_cropplan_and_more... OK
  Applying documents.0001_initial... OK
  Applying members.0007_kycprofile_kycdocument_and_more... OK
  Applying members.0008_cancelledcheque_bankaccount_and_more... OK
  Applying identity.0003_portal_member_auth... OK
  Applying applications.0001_initial... OK
  Applying applications.0002_loanapplication_submitted_by_user... OK
  Applying applications.0003_systemsequence_loanrequestregisterentry... OK
  Applying applications.0004_applicationdocument_and_more... OK
  Applying applications.0005_application_deficiency... OK
  Applying applications.0006_rejection_note... OK
  Applying applications.0007_eligibilityassessment... OK
  Applying applications.0008_loanlimitassessment... OK
  Applying applications.0009_loan_limit_policy_snapshot... OK
  Applying applications.0010_loanapplication_nominee... OK
  Applying credit.0001_credit_assessment_model_ownership... OK
  Applying credit.0002_riskassessment_loanappraisalnote... OK
  Applying credit.0003_appraisal_prerequisite_snapshots... OK
  Applying credit.0004_appraisal_review_facts... OK
  Applying credit.0005_appraisalreviewdecision... OK
  Applying approvals.0001_initial... OK
  Applying communications.0001_initial... OK
  Applying communications.0002_communication... OK
  Applying communications.0003_notification... OK
  Applying configurations.0001_initial... OK
  Applying contenttypes.0001_initial... OK
  Applying contenttypes.0002_remove_content_type_name... OK
  Applying credit.0006_legacy_appraisal_history_remediation... OK
  Applying scheduler.0001_initial... OK
  Applying tracer.0001_initial... OK
  Applying workflows.0001_canonical_workflow_event... OK
  Applying tracer.0002_remove_tracer_workflowevent_state... OK
System check identified no issues (0 silenced).
test_competing_valid_and_invalid_calculations_preserve_valid_snapshot (sfpcl_credit.tests.test_credit_modules.LoanLimitConcurrencyTests.test_competing_valid_and_invalid_calculations_preserve_valid_snapshot) ... ERROR
test_competing_valid_reruns_serialize_complete_snapshots_and_evidence (sfpcl_credit.tests.test_credit_modules.LoanLimitConcurrencyTests.test_competing_valid_reruns_serialize_complete_snapshots_and_evidence) ... ERROR
test_duplicate_terminal_reviews_append_one_complete_decision_and_no_loser_evidence (sfpcl_credit.tests.test_appraisal_api.AppraisalConcurrencyTests.test_duplicate_terminal_reviews_append_one_complete_decision_and_no_loser_evidence) ... ERROR
test_rejected_review_serializes_before_stale_draft_patch_without_deadlock (sfpcl_credit.tests.test_appraisal_api.AppraisalConcurrencyTests.test_rejected_review_serializes_before_stale_draft_patch_without_deadlock) ... ERROR
test_duplicate_submissions_serialize_to_one_case_and_one_evidence_set (sfpcl_credit.tests.test_sanction_submission_api.SanctionSubmissionConcurrencyTests.test_duplicate_submissions_serialize_to_one_case_and_one_evidence_set) ... ERROR

======================================================================
ERROR: test_competing_valid_and_invalid_calculations_preserve_valid_snapshot (sfpcl_credit.tests.test_credit_modules.LoanLimitConcurrencyTests.test_competing_valid_and_invalid_calculations_preserve_valid_snapshot)
----------------------------------------------------------------------
Traceback (most recent call last):
  File "/Users/amitkallapa/LMS/.ralph/worktrees/2026-07-10_230547_repair/sfpcl_credit/tests/test_credit_modules.py", line 43, in setUp
    self._permission(APPLICATION_READ_PERMISSION, "View applications"),
    ^^^^^^^^^^^^^^^^^^^^^^^^^^^^^^^^^^^^^^^^^^^^^^^^^^^^^^^^^^^^^^^^^^
TypeError: CreditEligibilityModuleTests._permission() takes 2 positional arguments but 3 were given

======================================================================
ERROR: test_competing_valid_reruns_serialize_complete_snapshots_and_evidence (sfpcl_credit.tests.test_credit_modules.LoanLimitConcurrencyTests.test_competing_valid_reruns_serialize_complete_snapshots_and_evidence)
----------------------------------------------------------------------
Traceback (most recent call last):
  File "/Users/amitkallapa/LMS/.ralph/worktrees/2026-07-10_230547_repair/sfpcl_credit/tests/test_credit_modules.py", line 43, in setUp
    self._permission(APPLICATION_READ_PERMISSION, "View applications"),
    ^^^^^^^^^^^^^^^^^^^^^^^^^^^^^^^^^^^^^^^^^^^^^^^^^^^^^^^^^^^^^^^^^^
TypeError: CreditEligibilityModuleTests._permission() takes 2 positional arguments but 3 were given

======================================================================
ERROR: test_duplicate_terminal_reviews_append_one_complete_decision_and_no_loser_evidence (sfpcl_credit.tests.test_appraisal_api.AppraisalConcurrencyTests.test_duplicate_terminal_reviews_append_one_complete_decision_and_no_loser_evidence)
----------------------------------------------------------------------
Traceback (most recent call last):
  File "/Users/amitkallapa/LMS/.ralph/worktrees/2026-07-10_230547_repair/sfpcl_credit/tests/test_appraisal_api.py", line 28, in setUp
    self._permission("applications.loan_application.read", "Read applications"),
    ^^^^^^^^^^^^^^^^^^^^^^^^^^^^^^^^^^^^^^^^^^^^^^^^^^^^^^^^^^^^^^^^^^^^^^^^^^^
TypeError: AppraisalApiTests._permission() takes 2 positional arguments but 3 were given

======================================================================
ERROR: test_rejected_review_serializes_before_stale_draft_patch_without_deadlock (sfpcl_credit.tests.test_appraisal_api.AppraisalConcurrencyTests.test_rejected_review_serializes_before_stale_draft_patch_without_deadlock)
----------------------------------------------------------------------
Traceback (most recent call last):
  File "/Users/amitkallapa/LMS/.ralph/worktrees/2026-07-10_230547_repair/sfpcl_credit/tests/test_appraisal_api.py", line 28, in setUp
    self._permission("applications.loan_application.read", "Read applications"),
    ^^^^^^^^^^^^^^^^^^^^^^^^^^^^^^^^^^^^^^^^^^^^^^^^^^^^^^^^^^^^^^^^^^^^^^^^^^^
TypeError: AppraisalApiTests._permission() takes 2 positional arguments but 3 were given

======================================================================
ERROR: test_duplicate_submissions_serialize_to_one_case_and_one_evidence_set (sfpcl_credit.tests.test_sanction_submission_api.SanctionSubmissionConcurrencyTests.test_duplicate_submissions_serialize_to_one_case_and_one_evidence_set)
----------------------------------------------------------------------
Traceback (most recent call last):
  File "/Users/amitkallapa/LMS/.ralph/venv/lib/python3.11/site-packages/django/db/backends/utils.py", line 105, in _execute
    return self.cursor.execute(sql, params)
           ^^^^^^^^^^^^^^^^^^^^^^^^^^^^^^^^
  File "/Users/amitkallapa/LMS/.ralph/venv/lib/python3.11/site-packages/psycopg/cursor.py", line 117, in execute
    raise ex.with_traceback(None)
psycopg.errors.StringDataRightTruncation: value too long for type character varying(80)

The above exception was the direct cause of the following exception:

Traceback (most recent call last):
  File "/Users/amitkallapa/LMS/.ralph/worktrees/2026-07-10_230547_repair/sfpcl_credit/tests/test_sanction_submission_api.py", line 28, in setUp
    self.preparer = self._user("deputy_manager_finance", "Appraisal Preparer")
                    ^^^^^^^^^^^^^^^^^^^^^^^^^^^^^^^^^^^^^^^^^^^^^^^^^^^^^^^^^^
  File "/Users/amitkallapa/LMS/.ralph/worktrees/2026-07-10_230547_repair/sfpcl_credit/tests/test_sanction_submission_api.py", line 438, in _user
    role = Role.objects.create(
           ^^^^^^^^^^^^^^^^^^^^
  File "/Users/amitkallapa/LMS/.ralph/venv/lib/python3.11/site-packages/django/db/models/manager.py", line 87, in manager_method
    return getattr(self.get_queryset(), name)(*args, **kwargs)
           ^^^^^^^^^^^^^^^^^^^^^^^^^^^^^^^^^^^^^^^^^^^^^^^^^^^
  File "/Users/amitkallapa/LMS/.ralph/venv/lib/python3.11/site-packages/django/db/models/query.py", line 679, in create
    obj.save(force_insert=True, using=self.db)
  File "/Users/amitkallapa/LMS/.ralph/venv/lib/python3.11/site-packages/django/db/models/base.py", line 822, in save
    self.save_base(
  File "/Users/amitkallapa/LMS/.ralph/venv/lib/python3.11/site-packages/django/db/models/base.py", line 909, in save_base
    updated = self._save_table(
              ^^^^^^^^^^^^^^^^^
  File "/Users/amitkallapa/LMS/.ralph/venv/lib/python3.11/site-packages/django/db/models/base.py", line 1071, in _save_table
    results = self._do_insert(
              ^^^^^^^^^^^^^^^^
  File "/Users/amitkallapa/LMS/.ralph/venv/lib/python3.11/site-packages/django/db/models/base.py", line 1112, in _do_insert
    return manager._insert(
           ^^^^^^^^^^^^^^^^
  File "/Users/amitkallapa/LMS/.ralph/venv/lib/python3.11/site-packages/django/db/models/manager.py", line 87, in manager_method
    return getattr(self.get_queryset(), name)(*args, **kwargs)
           ^^^^^^^^^^^^^^^^^^^^^^^^^^^^^^^^^^^^^^^^^^^^^^^^^^^
  File "/Users/amitkallapa/LMS/.ralph/venv/lib/python3.11/site-packages/django/db/models/query.py", line 1847, in _insert
    return query.get_compiler(using=using).execute_sql(returning_fields)
           ^^^^^^^^^^^^^^^^^^^^^^^^^^^^^^^^^^^^^^^^^^^^^^^^^^^^^^^^^^^^^
  File "/Users/amitkallapa/LMS/.ralph/venv/lib/python3.11/site-packages/django/db/models/sql/compiler.py", line 1823, in execute_sql
    cursor.execute(sql, params)
  File "/Users/amitkallapa/LMS/.ralph/venv/lib/python3.11/site-packages/django/db/backends/utils.py", line 79, in execute
    return self._execute_with_wrappers(
           ^^^^^^^^^^^^^^^^^^^^^^^^^^^^
  File "/Users/amitkallapa/LMS/.ralph/venv/lib/python3.11/site-packages/django/db/backends/utils.py", line 92, in _execute_with_wrappers
    return executor(sql, params, many, context)
           ^^^^^^^^^^^^^^^^^^^^^^^^^^^^^^^^^^^^
  File "/Users/amitkallapa/LMS/.ralph/venv/lib/python3.11/site-packages/django/db/backends/utils.py", line 100, in _execute
    with self.db.wrap_database_errors:
  File "/Users/amitkallapa/LMS/.ralph/venv/lib/python3.11/site-packages/django/db/utils.py", line 91, in __exit__
    raise dj_exc_value.with_traceback(traceback) from exc_value
  File "/Users/amitkallapa/LMS/.ralph/venv/lib/python3.11/site-packages/django/db/backends/utils.py", line 105, in _execute
    return self.cursor.execute(sql, params)
           ^^^^^^^^^^^^^^^^^^^^^^^^^^^^^^^^
  File "/Users/amitkallapa/LMS/.ralph/venv/lib/python3.11/site-packages/psycopg/cursor.py", line 117, in execute
    raise ex.with_traceback(None)
django.db.utils.DataError: value too long for type character varying(80)

----------------------------------------------------------------------
Ran 5 tests in 1.600s

FAILED (errors=5)
Destroying test database for alias 'default' ('test_sfpcl_credit')...
