
> sfpcl-lms@1.0.0 test
> vitest run --run src/pages/search/GlobalSearchResults.test.tsx

[33mThe CJS build of Vite's Node API is deprecated. See https://vite.dev/guide/troubleshooting.html#vite-cjs-node-api-deprecated for more details.[39m

 RUN  v3.2.6 /Users/amitkallapa/LMS/.ralph/worktrees/2026-07-21_174720_normal_run/sfpcl-lms

 ❯ src/pages/search/GlobalSearchResults.test.tsx (4 tests | 3 failed) 1309ms
   × 010N Global Search Results > loads server groups, card fields, and permission-valid quick actions 78ms
     → expected "spy" to be called with arguments: [ 'API Farmer', {} ]

Received: 

  1st spy call:

  [
    "API Farmer",
-   {},
  ]


Number of calls: 1

   × 010N Global Search Results > requests each result group page independently 101ms
     → Unable to find an accessible element with the role "button" and name "Next Loan Accounts page"

Here are the accessible roles:

  heading:

  Name "Global Search Results":
  [36m<h1[39m
    [33mclass[39m=[32m"text-xl font-bold text-slate-900"[39m
  [36m/>[39m

  Name "Members":
  [36m<h2[39m
    [33mclass[39m=[32m"text-sm font-semibold text-slate-900"[39m
  [36m/>[39m

  Name "Loan Accounts":
  [36m<h2[39m
    [33mclass[39m=[32m"text-sm font-semibold text-slate-900"[39m
  [36m/>[39m

  --------------------------------------------------
  paragraph:

  Name "":
  [36m<p[39m
    [33mclass[39m=[32m"text-sm text-slate-500 mt-0.5"[39m
  [36m/>[39m

  Name "":
  [36m<p[39m
    [33mclass[39m=[32m"text-xs text-slate-500"[39m
  [36m/>[39m

  Name "":
  [36m<p[39m
    [33mclass[39m=[32m"text-2xl font-bold text-slate-900 num"[39m
  [36m/>[39m

  Name "":
  [36m<p[39m
    [33mclass[39m=[32m"text-xs text-slate-500 mt-0.5"[39m
  [36m/>[39m

  Name "":
  [36m<p[39m
    [33mclass[39m=[32m"font-semibold text-slate-900 num"[39m
  [36m/>[39m

  Name "":
  [36m<p[39m
    [33mclass[39m=[32m"text-sm text-slate-500 mt-0.5 truncate"[39m
  [36m/>[39m

  Name "":
  [36m<p[39m
    [33mclass[39m=[32m"text-[11px] text-slate-400"[39m
  [36m/>[39m

  Name "":
  [36m<p[39m
    [33mclass[39m=[32m"text-xs font-medium text-slate-700 truncate"[39m
  [36m/>[39m

  Name "":
  [36m<p[39m
    [33mclass[39m=[32m"text-[11px] text-slate-400"[39m
  [36m/>[39m

  Name "":
  [36m<p[39m
    [33mclass[39m=[32m"text-xs font-medium text-slate-700 truncate"[39m
  [36m/>[39m

  Name "":
  [36m<p[39m
    [33mclass[39m=[32m"text-[11px] text-slate-400"[39m
  [36m/>[39m

  Name "":
  [36m<p[39m
    [33mclass[39m=[32m"text-xs font-medium text-slate-700 truncate"[39m
  [36m/>[39m

  Name "":
  [36m<p[39m
    [33mclass[39m=[32m"text-xs text-slate-500 mt-0.5"[39m
  [36m/>[39m

  Name "":
  [36m<p[39m
    [33mclass[39m=[32m"font-semibold text-slate-900 num"[39m
  [36m/>[39m

  Name "":
  [36m<p[39m
    [33mclass[39m=[32m"text-sm text-slate-500 mt-0.5 truncate"[39m
  [36m/>[39m

  Name "":
  [36m<p[39m
    [33mclass[39m=[32m"text-[11px] text-slate-400"[39m
  [36m/>[39m

  Name "":
  [36m<p[39m
    [33mclass[39m=[32m"text-xs font-medium text-slate-700 truncate"[39m
  [36m/>[39m

  Name "":
  [36m<p[39m
    [33mclass[39m=[32m"text-[11px] text-slate-400"[39m
  [36m/>[39m

  Name "":
  [36m<p[39m
    [33mclass[39m=[32m"text-xs font-medium text-slate-700 truncate"[39m
  [36m/>[39m

  Name "":
  [36m<p[39m
    [33mclass[39m=[32m"text-[11px] text-slate-400"[39m
  [36m/>[39m

  Name "":
  [36m<p[39m
    [33mclass[39m=[32m"text-xs font-medium text-slate-700 truncate"[39m
  [36m/>[39m

  Name "":
  [36m<p[39m
    [33mclass[39m=[32m"text-[11px] text-slate-400"[39m
  [36m/>[39m

  Name "":
  [36m<p[39m
    [33mclass[39m=[32m"text-xs font-medium text-slate-700 truncate"[39m
  [36m/>[39m

  --------------------------------------------------
  textbox:

  Name "":
  [36m<input[39m
    [33mautocomplete[39m=[32m"off"[39m
    [33mclass[39m=[32m"field-input pl-10"[39m
    [33mplaceholder[39m=[32m"Borrower, folio, app no., loan no., SAP code, PAN, Aadhaar last 4..."[39m
    [33mvalue[39m=[32m"API Farmer"[39m
  [36m/>[39m

  --------------------------------------------------
  button:

  Name "Search":
  [36m<button[39m
    [33mclass[39m=[32m"btn-primary"[39m
    [33mtype[39m=[32m"submit"[39m
  [36m/>[39m

  Name "Open":
  [36m<button[39m
    [33mclass[39m=[32m"btn-secondary text-xs"[39m
    [33mtype[39m=[32m"button"[39m
  [36m/>[39m

  Name "View loan account":
  [36m<button[39m
    [33mclass[39m=[32m"btn-secondary text-xs"[39m
    [33mtype[39m=[32m"button"[39m
  [36m/>[39m

  --------------------------------------------------

Ignored nodes: comments, script, style
[36m<body>[39m
  [36m<div>[39m
    [36m<div[39m
      [33mclass[39m=[32m"p-6 space-y-5"[39m
    [36m>[39m
      [36m<div[39m
        [33mclass[39m=[32m"flex flex-col gap-4 lg:flex-row lg:items-start lg:justify-between"[39m
      [36m>[39m
        [36m<div>[39m
          [36m<h1[39m
            [33mclass[39m=[32m"text-xl font-bold text-slate-900"[39m
          [36m>[39m
            [0mGlobal Search Results[0m
          [36m</h1>[39m
          [36m<p[39m
            [33mclass[39m=[32m"text-sm text-slate-500 mt-0.5"[39m
          [36m>[39m
            [0mSearch across authorised records. Sensitive identifiers are matched and masked by the server.[0m
          [36m</p>[39m
        [36m</div>[39m
        [36m<div[39m
          [33mclass[39m=[32m"rounded-lg border border-slate-200 bg-white px-4 py-3 text-sm"[39m
        [36m>[39m
          [36m<p[39m
            [33mclass[39m=[32m"text-xs text-slate-500"[39m
          [36m>[39m
            [0mResults[0m
          [36m</p>[39m
          [36m<p[39m
            [33mclass[39m=[32m"text-2xl font-bold text-slate-900 num"[39m
          [36m>[39m
            [0m12[0m
          [36m</p>[39m
        [36m</div>[39m
      [36m</div>[39m
      [36m<div[39m
        [33mclass[39m=[32m"card"[39m
      [36m>[39m
        [36m<form[39m
          [33mclass[39m=[32m"flex flex-col gap-3 sm:flex-row"[39m
        [36m>[39m
          [36m<div[39m
            [33mclass[39m=[32m"relative flex-1"[39m
          [36m>[39m
            [36m<svg[39m
              [33maria-hidden[39m=[32m"true"[39m
              [33mclass[39m=[32m"lucide lucide-search absolute left-3.5 top-1/2 -translate-y-1/2 text-slate-400"[39m
              [33mfill[39m=[32m"none"[39m
              [33mheight[39m=[32m"16"[39m
              [33mstroke[39m=[32m"currentColor"[39m
              [33mstroke-linecap[39m=[32m"round"[39m
              [33mstroke-linejoin[39m=[32m"round"[39m
              [33mstroke-width[39m=[32m"2"[39m
              [33mviewBox[39m=[32m"0 0 24 24"[39m
              [33mwidth[39m=[32m"16"[39m
              [33mxmlns[39m=[32m"http://www.w3.org/2000/svg"[39m
            [36m>[39m
              [36m<path[39m
                [33md[39m=[32m"m21 21-4.34-4.34"[39m
              [36m/>[39m
              [36m<circle[39m
                [33mcx[39m=[32m"11"[39m
                [33mcy[39m=[32m"11"[39m
                [33mr[39m=[32m"8"[39m
              [36m/>[39m
            [36m</svg>[39m
            [36m<input[39m
              [33mautocomplete[39m=[32m"off"[39m
              [33mclass[39m=[32m"field-input pl-10"[39m
              [33mplaceholder[39m=[32m"Borrower, folio, app no., loan no., SAP code, PAN, Aadhaar last 4..."[39m
              [33mvalue[39m=[32m"API Farmer"[39m
            [36m/>[39m
          [36m</div>[39m
          [36m<button[39m
            [33mclass[39m=[32m"btn-primary"[39m
            [33mtype[39m=[32m"submit"[39m
          [36m>[39m
            [0mSearch[0m
          [36m</button>[39m
        [36m</form>[39m
      [36m</div>[39m
      [36m<section[39m
        [33mclass[39m=[32m"card p-0 overflow-hidden"[39m
      [36m>[39m
        [36m<div[39m
          [33mclass[39m=[32m"px-5 py-4 border-b border-slate-100 bg-slate-50 flex items-center justify-between"[39m
        [36m>[39m
          [36m<div>[39m
            [36m<h2[39m
              [33mclass[39m=[32m"text-sm font-semibold text-slate-900"[39m
            [36m>[39m
              [0mMembers[0m
            [36m</h2>[39m
            [36m<p[39m
              [33mclass[39m=[32m"text-xs text-slate-500 mt-0.5"[39m
            [36m>[39m
              [0m1[0m
              [0m authorised matches[0m
            [36m</p>[39m
          [36m</div>[39m
          [36m<svg[39m
            [33maria-hidden[39m=[32m"true"[39m
            [33mclass[39m=[32m"lucide lucide-shield-check text-green-600"[39m
            [33mfill[39m=[32m"none"[39m
            [33mheight[39m=[32m"14"[39m
            [33mstroke[39m=[32m"currentColor"[39m
            [33mstroke-linecap[39m=[32m"round"[39m
            [33mstroke-linejoin[39m=[32m"round"[39m
            [33mstroke-width[39m=[32m"2"[39m
            [33mviewBox[39m=[32m"0 0 24 24"[39m
            [33mwidth[39m=[32m"14"[39m
            [33mxmlns[39m=[32m"http://www.w3.org/2000/svg"[39m
          [36m>[39m
            [36m<path[39m
              [33md[39m=[32m"M20 13c0 5-3.5 7.5-7.66 8.95a1 1 0 0 1-.67-.01C7.5 20.5 4 18 4 13V6a1 1 0 0 1 1-1c2 0 4.5-1.2 6.24-2.72a1.17 1.17 0 0 1 1.52 0C14.51 3.81 17 5 19 5a1 1 0 0 1 1 1z"[39m
            [36m/>[39m
            [36m<path[39m
              [33md[39m=[32m"m9 12 2 2 4-4"[39m
            [36m/>[39m
          [36m</svg>[39m
        [36m</div>[39m
        [36m<div[39m
          [33mclass[39m=[32m"divide-y divide-slate-100"[39m
        [36m>[39m
          [36m<div[39m
            [33mclass[39m=[32m"p-4"[39m
          [36m>[39m
            [36m<div[39m
              [33mclass[39m=[32m"flex flex-col gap-3 lg:flex-row lg:items-center"[39m
            [36m>[39m
              [36m<div[39m
                [33mclass[39m=[32m"flex items-start gap-3 flex-1 min-w-0"[39m
              [36m>[39m
                [36m<div[39m
                  [33mclass[39m=[32m"mt-0.5 h-8 w-8 rounded-lg bg-slate-50 border border-slate-100 flex items-center justify-center flex-shrink-0"[39m
                [36m>[39m
                  [36m<svg[39m
                    [33maria-hidden[39m=[32m"true"[39m
                    [33mclass[39m=[32m"lucide lucide-user-round text-green-600"[39m
                    [33mfill[39m=[32m"none"[39m
                    [33mheight[39m=[32m"16"[39m
                    [33mstroke[39m=[32m"currentColor"[39m
                    [33mstroke-linecap[39m=[32m"round"[39m
                    [33mstroke-linejoin[39m=[32m"round"[39m
                    [33mstroke-width[39m=[32m"2"[39m
                    [33mviewBox[39m=[32m"0 0 24 24"[39m
                    [33mwidth[39m=[32m"16"[39m
                    [33mxmlns[39m=[32m"http://www.w3.org/2000/svg"[39m
                  [36m>[39m
                    [36m<circle[39m
                      [33mcx[39m=[32m"12"[39m
                      [33mcy[39m=[32m"8"[39m
                      [33mr[39m=[32m"5"[39m
                    [36m/>[39m
                    [36m<path[39m
                      [33md[39m=[32m"M20 21a8 8 0 0 0-16 0"[39m
                    [36m/>[39m
                  [36m</svg>[39m
                [36m</div>[39m
                [36m<div[39m
                  [33mclass[39m=[32m"min-w-0"[39m
                [36m>[39m
                  [36m<di...
   ✓ 010N Global Search Results > supports empty query, no results, partial groups, safe errors, and unauthorised state 19ms
   × 010N Global Search Results > submits a replacement query without URL or local-storage caching 1110ms
     → expected last "spy" call to have been called with [ 'FOL-API-001', {} ]

Ignored nodes: comments, script, style
[36m<html>[39m
  [36m<head />[39m
  [36m<body>[39m
    [36m<div>[39m
      [36m<div[39m
        [33mclass[39m=[32m"p-6 space-y-5"[39m
      [36m>[39m
        [36m<div[39m
          [33mclass[39m=[32m"flex flex-col gap-4 lg:flex-row lg:items-start lg:justify-between"[39m
        [36m>[39m
          [36m<div>[39m
            [36m<h1[39m
              [33mclass[39m=[32m"text-xl font-bold text-slate-900"[39m
            [36m>[39m
              [0mGlobal Search Results[0m
            [36m</h1>[39m
            [36m<p[39m
              [33mclass[39m=[32m"text-sm text-slate-500 mt-0.5"[39m
            [36m>[39m
              [0mSearch across authorised records. Sensitive identifiers are matched and masked by the server.[0m
            [36m</p>[39m
          [36m</div>[39m
          [36m<div[39m
            [33mclass[39m=[32m"rounded-lg border border-slate-200 bg-white px-4 py-3 text-sm"[39m
          [36m>[39m
            [36m<p[39m
              [33mclass[39m=[32m"text-xs text-slate-500"[39m
            [36m>[39m
              [0mResults[0m
            [36m</p>[39m
            [36m<p[39m
              [33mclass[39m=[32m"text-2xl font-bold text-slate-900 num"[39m
            [36m>[39m
              [0m12[0m
            [36m</p>[39m
          [36m</div>[39m
        [36m</div>[39m
        [36m<div[39m
          [33mclass[39m=[32m"card"[39m
        [36m>[39m
          [36m<form[39m
            [33mclass[39m=[32m"flex flex-col gap-3 sm:flex-row"[39m
          [36m>[39m
            [36m<div[39m
              [33mclass[39m=[32m"relative flex-1"[39m
            [36m>[39m
              [36m<svg[39m
                [33maria-hidden[39m=[32m"true"[39m
                [33mclass[39m=[32m"lucide lucide-search absolute left-3.5 top-1/2 -translate-y-1/2 text-slate-400"[39m
                [33mfill[39m=[32m"none"[39m
                [33mheight[39m=[32m"16"[39m
                [33mstroke[39m=[32m"currentColor"[39m
                [33mstroke-linecap[39m=[32m"round"[39m
                [33mstroke-linejoin[39m=[32m"round"[39m
                [33mstroke-width[39m=[32m"2"[39m
                [33mviewBox[39m=[32m"0 0 24 24"[39m
                [33mwidth[39m=[32m"16"[39m
                [33mxmlns[39m=[32m"http://www.w3.org/2000/svg"[39m
              [36m>[39m
                [36m<path[39m
                  [33md[39m=[32m"m21 21-4.34-4.34"[39m
                [36m/>[39m
                [36m<circle[39m
                  [33mcx[39m=[32m"11"[39m
                  [33mcy[39m=[32m"11"[39m
                  [33mr[39m=[32m"8"[39m
                [36m/>[39m
              [36m</svg>[39m
              [36m<input[39m
                [33mautocomplete[39m=[32m"off"[39m
                [33mclass[39m=[32m"field-input pl-10"[39m
                [33mplaceholder[39m=[32m"Borrower, folio, app no., loan no., SAP code, PAN, Aadhaar last 4..."[39m
                [33mvalue[39m=[32m"FOL-API-001"[39m
              [36m/>[39m
            [36m</div>[39m
            [36m<button[39m
              [33mclass[39m=[32m"btn-primary"[39m
              [33mtype[39m=[32m"submit"[39m
            [36m>[39m
              [0mSearch[0m
            [36m</button>[39m
          [36m</form>[39m
        [36m</div>[39m
        [36m<section[39m
          [33mclass[39m=[32m"card p-0 overflow-hidden"[39m
        [36m>[39m
          [36m<div[39m
            [33mclass[39m=[32m"px-5 py-4 border-b border-slate-100 bg-slate-50 flex items-center justify-between"[39m
          [36m>[39m
            [36m<div>[39m
              [36m<h2[39m
                [33mclass[39m=[32m"text-sm font-semibold text-slate-900"[39m
              [36m>[39m
                [0mMembers[0m
              [36m</h2>[39m
              [36m<p[39m
                [33mclass[39m=[32m"text-xs text-slate-500 mt-0.5"[39m
              [36m>[39m
                [0m1[0m
                [0m authorised matches[0m
              [36m</p>[39m
            [36m</div>[39m
            [36m<svg[39m
              [33maria-hidden[39m=[32m"true"[39m
              [33mclass[39m=[32m"lucide lucide-shield-check text-green-600"[39m
              [33mfill[39m=[32m"none"[39m
              [33mheight[39m=[32m"14"[39m
              [33mstroke[39m=[32m"currentColor"[39m
              [33mstroke-linecap[39m=[32m"round"[39m
              [33mstroke-linejoin[39m=[32m"round"[39m
              [33mstroke-width[39m=[32m"2"[39m
              [33mviewBox[39m=[32m"0 0 24 24"[39m
              [33mwidth[39m=[32m"14"[39m
              [33mxmlns[39m=[32m"http://www.w3.org/2000/svg"[39m
            [36m>[39m
              [36m<path[39m
                [33md[39m=[32m"M20 13c0 5-3.5 7.5-7.66 8.95a1 1 0 0 1-.67-.01C7.5 20.5 4 18 4 13V6a1 1 0 0 1 1-1c2 0 4.5-1.2 6.24-2.72a1.17 1.17 0 0 1 1.52 0C14.51 3.81 17 5 19 5a1 1 0 0 1 1 1z"[39m
              [36m/>[39m
              [36m<path[39m
                [33md[39m=[32m"m9 12 2 2 4-4"[39m
              [36m/>[39m
            [36m</svg>[39m
          [36m</div>[39m
          [36m<div[39m
            [33mclass[39m=[32m"divide-y divide-slate-100"[39m
          [36m>[39m
            [36m<div[39m
              [33mclass[39m=[32m"p-4"[39m
            [36m>[39m
              [36m<div[39m
                [33mclass[39m=[32m"flex flex-col gap-3 lg:flex-row lg:items-center"[39m
              [36m>[39m
                [36m<div[39m
                  [33mclass[39m=[32m"flex items-start gap-3 flex-1 min-w-0"[39m
                [36m>[39m
                  [36m<div[39m
                    [33mclass[39m=[32m"mt-0.5 h-8 w-8 rounded-lg bg-slate-50 border border-slate-100 flex items-center justify-center flex-shrink-0"[39m
                  [36m>[39m
                    [36m<svg[39m
                      [33maria-hidden[39m=[32m"true"[39m
                      [33mclass[39m=[32m"lucide lucide-user-round text-green-600"[39m
                      [33mfill[39m=[32m"none"[39m
                      [33mheight[39m=[32m"16"[39m
                      [33mstroke[39m=[32m"currentColor"[39m
                      [33mstroke-linecap[39m=[32m"round"[39m
                      [33mstroke-linejoin[39m=[32m"round"[39m
                      [33mstroke-width[39m=[32m"2"[39m
                      [33mviewBox[39m=[32m"0 0 24 24"[39m
                      [33mwidth[39m=[32m"16"[39m
                      [33mxmlns[39m=[32m"http://www.w3.org/2000/svg"[39m
                    [36m>[39m
                      [36m<circle[39m
                        [33mcx[39m=[32m"12"[39m
                        [33mcy[39m=[32m"8"[39m
                        [33mr[39m=[32m"5"[39m
                      [36m/>[3...

⎯⎯⎯⎯⎯⎯⎯ Failed Tests 3 ⎯⎯⎯⎯⎯⎯⎯

 FAIL  src/pages/search/GlobalSearchResults.test.tsx > 010N Global Search Results > loads server groups, card fields, and permission-valid quick actions
AssertionError: expected "spy" to be called with arguments: [ 'API Farmer', {} ]

Received: 

  1st spy call:

  [
    "API Farmer",
-   {},
  ]


Number of calls: 1

 ❯ src/pages/search/GlobalSearchResults.test.tsx:59:31
     57|     expect(screen.getByText('₹4,00,000.00')).toBeTruthy();
     58|     expect(screen.getByText('Accounts User')).toBeTruthy();
     59|     expect(fetchGlobalSearch).toHaveBeenCalledWith('API Farmer', {});
       |                               ^
     60| 
     61|     await userEvent.click(screen.getByRole('button', { name: 'View loa…

⎯⎯⎯⎯⎯⎯⎯⎯⎯⎯⎯⎯⎯⎯⎯⎯⎯⎯⎯⎯⎯⎯⎯⎯[1/3]⎯

 FAIL  src/pages/search/GlobalSearchResults.test.tsx > 010N Global Search Results > requests each result group page independently
TestingLibraryElementError: Unable to find an accessible element with the role "button" and name "Next Loan Accounts page"

Here are the accessible roles:

  heading:

  Name "Global Search Results":
  [36m<h1[39m
    [33mclass[39m=[32m"text-xl font-bold text-slate-900"[39m
  [36m/>[39m

  Name "Members":
  [36m<h2[39m
    [33mclass[39m=[32m"text-sm font-semibold text-slate-900"[39m
  [36m/>[39m

  Name "Loan Accounts":
  [36m<h2[39m
    [33mclass[39m=[32m"text-sm font-semibold text-slate-900"[39m
  [36m/>[39m

  --------------------------------------------------
  paragraph:

  Name "":
  [36m<p[39m
    [33mclass[39m=[32m"text-sm text-slate-500 mt-0.5"[39m
  [36m/>[39m

  Name "":
  [36m<p[39m
    [33mclass[39m=[32m"text-xs text-slate-500"[39m
  [36m/>[39m

  Name "":
  [36m<p[39m
    [33mclass[39m=[32m"text-2xl font-bold text-slate-900 num"[39m
  [36m/>[39m

  Name "":
  [36m<p[39m
    [33mclass[39m=[32m"text-xs text-slate-500 mt-0.5"[39m
  [36m/>[39m

  Name "":
  [36m<p[39m
    [33mclass[39m=[32m"font-semibold text-slate-900 num"[39m
  [36m/>[39m

  Name "":
  [36m<p[39m
    [33mclass[39m=[32m"text-sm text-slate-500 mt-0.5 truncate"[39m
  [36m/>[39m

  Name "":
  [36m<p[39m
    [33mclass[39m=[32m"text-[11px] text-slate-400"[39m
  [36m/>[39m

  Name "":
  [36m<p[39m
    [33mclass[39m=[32m"text-xs font-medium text-slate-700 truncate"[39m
  [36m/>[39m

  Name "":
  [36m<p[39m
    [33mclass[39m=[32m"text-[11px] text-slate-400"[39m
  [36m/>[39m

  Name "":
  [36m<p[39m
    [33mclass[39m=[32m"text-xs font-medium text-slate-700 truncate"[39m
  [36m/>[39m

  Name "":
  [36m<p[39m
    [33mclass[39m=[32m"text-[11px] text-slate-400"[39m
  [36m/>[39m

  Name "":
  [36m<p[39m
    [33mclass[39m=[32m"text-xs font-medium text-slate-700 truncate"[39m
  [36m/>[39m

  Name "":
  [36m<p[39m
    [33mclass[39m=[32m"text-xs text-slate-500 mt-0.5"[39m
  [36m/>[39m

  Name "":
  [36m<p[39m
    [33mclass[39m=[32m"font-semibold text-slate-900 num"[39m
  [36m/>[39m

  Name "":
  [36m<p[39m
    [33mclass[39m=[32m"text-sm text-slate-500 mt-0.5 truncate"[39m
  [36m/>[39m

  Name "":
  [36m<p[39m
    [33mclass[39m=[32m"text-[11px] text-slate-400"[39m
  [36m/>[39m

  Name "":
  [36m<p[39m
    [33mclass[39m=[32m"text-xs font-medium text-slate-700 truncate"[39m
  [36m/>[39m

  Name "":
  [36m<p[39m
    [33mclass[39m=[32m"text-[11px] text-slate-400"[39m
  [36m/>[39m

  Name "":
  [36m<p[39m
    [33mclass[39m=[32m"text-xs font-medium text-slate-700 truncate"[39m
  [36m/>[39m

  Name "":
  [36m<p[39m
    [33mclass[39m=[32m"text-[11px] text-slate-400"[39m
  [36m/>[39m

  Name "":
  [36m<p[39m
    [33mclass[39m=[32m"text-xs font-medium text-slate-700 truncate"[39m
  [36m/>[39m

  Name "":
  [36m<p[39m
    [33mclass[39m=[32m"text-[11px] text-slate-400"[39m
  [36m/>[39m

  Name "":
  [36m<p[39m
    [33mclass[39m=[32m"text-xs font-medium text-slate-700 truncate"[39m
  [36m/>[39m

  --------------------------------------------------
  textbox:

  Name "":
  [36m<input[39m
    [33mautocomplete[39m=[32m"off"[39m
    [33mclass[39m=[32m"field-input pl-10"[39m
    [33mplaceholder[39m=[32m"Borrower, folio, app no., loan no., SAP code, PAN, Aadhaar last 4..."[39m
    [33mvalue[39m=[32m"API Farmer"[39m
  [36m/>[39m

  --------------------------------------------------
  button:

  Name "Search":
  [36m<button[39m
    [33mclass[39m=[32m"btn-primary"[39m
    [33mtype[39m=[32m"submit"[39m
  [36m/>[39m

  Name "Open":
  [36m<button[39m
    [33mclass[39m=[32m"btn-secondary text-xs"[39m
    [33mtype[39m=[32m"button"[39m
  [36m/>[39m

  Name "View loan account":
  [36m<button[39m
    [33mclass[39m=[32m"btn-secondary text-xs"[39m
    [33mtype[39m=[32m"button"[39m
  [36m/>[39m

  --------------------------------------------------

Ignored nodes: comments, script, style
[36m<body>[39m
  [36m<div>[39m
    [36m<div[39m
      [33mclass[39m=[32m"p-6 space-y-5"[39m
    [36m>[39m
      [36m<div[39m
        [33mclass[39m=[32m"flex flex-col gap-4 lg:flex-row lg:items-start lg:justify-between"[39m
      [36m>[39m
        [36m<div>[39m
          [36m<h1[39m
            [33mclass[39m=[32m"text-xl font-bold text-slate-900"[39m
          [36m>[39m
            [0mGlobal Search Results[0m
          [36m</h1>[39m
          [36m<p[39m
            [33mclass[39m=[32m"text-sm text-slate-500 mt-0.5"[39m
          [36m>[39m
            [0mSearch across authorised records. Sensitive identifiers are matched and masked by the server.[0m
          [36m</p>[39m
        [36m</div>[39m
        [36m<div[39m
          [33mclass[39m=[32m"rounded-lg border border-slate-200 bg-white px-4 py-3 text-sm"[39m
        [36m>[39m
          [36m<p[39m
            [33mclass[39m=[32m"text-xs text-slate-500"[39m
          [36m>[39m
            [0mResults[0m
          [36m</p>[39m
          [36m<p[39m
            [33mclass[39m=[32m"text-2xl font-bold text-slate-900 num"[39m
          [36m>[39m
            [0m12[0m
          [36m</p>[39m
        [36m</div>[39m
      [36m</div>[39m
      [36m<div[39m
        [33mclass[39m=[32m"card"[39m
      [36m>[39m
        [36m<form[39m
          [33mclass[39m=[32m"flex flex-col gap-3 sm:flex-row"[39m
        [36m>[39m
          [36m<div[39m
            [33mclass[39m=[32m"relative flex-1"[39m
          [36m>[39m
            [36m<svg[39m
              [33maria-hidden[39m=[32m"true"[39m
              [33mclass[39m=[32m"lucide lucide-search absolute left-3.5 top-1/2 -translate-y-1/2 text-slate-400"[39m
              [33mfill[39m=[32m"none"[39m
              [33mheight[39m=[32m"16"[39m
              [33mstroke[39m=[32m"currentColor"[39m
              [33mstroke-linecap[39m=[32m"round"[39m
              [33mstroke-linejoin[39m=[32m"round"[39m
              [33mstroke-width[39m=[32m"2"[39m
              [33mviewBox[39m=[32m"0 0 24 24"[39m
              [33mwidth[39m=[32m"16"[39m
              [33mxmlns[39m=[32m"http://www.w3.org/2000/svg"[39m
            [36m>[39m
              [36m<path[39m
                [33md[39m=[32m"m21 21-4.34-4.34"[39m
              [36m/>[39m
              [36m<circle[39m
                [33mcx[39m=[32m"11"[39m
                [33mcy[39m=[32m"11"[39m
                [33mr[39m=[32m"8"[39m
              [36m/>[39m
            [36m</svg>[39m
            [36m<input[39m
              [33mautocomplete[39m=[32m"off"[39m
              [33mclass[39m=[32m"field-input pl-10"[39m
              [33mplaceholder[39m=[32m"Borrower, folio, app no., loan no., SAP code, PAN, Aadhaar last 4..."[39m
              [33mvalue[39m=[32m"API Farmer"[39m
            [36m/>[39m
          [36m</div>[39m
          [36m<button[39m
            [33mclass[39m=[32m"btn-primary"[39m
            [33mtype[39m=[32m"submit"[39m
          [36m>[39m
            [0mSearch[0m
          [36m</button>[39m
        [36m</form>[39m
      [36m</div>[39m
      [36m<section[39m
        [33mclass[39m=[32m"card p-0 overflow-hidden"[39m
      [36m>[39m
        [36m<div[39m
          [33mclass[39m=[32m"px-5 py-4 border-b border-slate-100 bg-slate-50 flex items-center justify-between"[39m
        [36m>[39m
          [36m<div>[39m
            [36m<h2[39m
              [33mclass[39m=[32m"text-sm font-semibold text-slate-900"[39m
            [36m>[39m
              [0mMembers[0m
            [36m</h2>[39m
            [36m<p[39m
              [33mclass[39m=[32m"text-xs text-slate-500 mt-0.5"[39m
            [36m>[39m
              [0m1[0m
              [0m authorised matches[0m
            [36m</p>[39m
          [36m</div>[39m
          [36m<svg[39m
            [33maria-hidden[39m=[32m"true"[39m
            [33mclass[39m=[32m"lucide lucide-shield-check text-green-600"[39m
            [33mfill[39m=[32m"none"[39m
            [33mheight[39m=[32m"14"[39m
            [33mstroke[39m=[32m"currentColor"[39m
            [33mstroke-linecap[39m=[32m"round"[39m
            [33mstroke-linejoin[39m=[32m"round"[39m
            [33mstroke-width[39m=[32m"2"[39m
            [33mviewBox[39m=[32m"0 0 24 24"[39m
            [33mwidth[39m=[32m"14"[39m
            [33mxmlns[39m=[32m"http://www.w3.org/2000/svg"[39m
          [36m>[39m
            [36m<path[39m
              [33md[39m=[32m"M20 13c0 5-3.5 7.5-7.66 8.95a1 1 0 0 1-.67-.01C7.5 20.5 4 18 4 13V6a1 1 0 0 1 1-1c2 0 4.5-1.2 6.24-2.72a1.17 1.17 0 0 1 1.52 0C14.51 3.81 17 5 19 5a1 1 0 0 1 1 1z"[39m
            [36m/>[39m
            [36m<path[39m
              [33md[39m=[32m"m9 12 2 2 4-4"[39m
            [36m/>[39m
          [36m</svg>[39m
        [36m</div>[39m
        [36m<div[39m
          [33mclass[39m=[32m"divide-y divide-slate-100"[39m
        [36m>[39m
          [36m<div[39m
            [33mclass[39m=[32m"p-4"[39m
          [36m>[39m
            [36m<div[39m
              [33mclass[39m=[32m"flex flex-col gap-3 lg:flex-row lg:items-center"[39m
            [36m>[39m
              [36m<div[39m
                [33mclass[39m=[32m"flex items-start gap-3 flex-1 min-w-0"[39m
              [36m>[39m
                [36m<div[39m
                  [33mclass[39m=[32m"mt-0.5 h-8 w-8 rounded-lg bg-slate-50 border border-slate-100 flex items-center justify-center flex-shrink-0"[39m
                [36m>[39m
                  [36m<svg[39m
                    [33maria-hidden[39m=[32m"true"[39m
                    [33mclass[39m=[32m"lucide lucide-user-round text-green-600"[39m
                    [33mfill[39m=[32m"none"[39m
                    [33mheight[39m=[32m"16"[39m
                    [33mstroke[39m=[32m"currentColor"[39m
                    [33mstroke-linecap[39m=[32m"round"[39m
                    [33mstroke-linejoin[39m=[32m"round"[39m
                    [33mstroke-width[39m=[32m"2"[39m
                    [33mviewBox[39m=[32m"0 0 24 24"[39m
                    [33mwidth[39m=[32m"16"[39m
                    [33mxmlns[39m=[32m"http://www.w3.org/2000/svg"[39m
                  [36m>[39m
                    [36m<circle[39m
                      [33mcx[39m=[32m"12"[39m
                      [33mcy[39m=[32m"8"[39m
                      [33mr[39m=[32m"5"[39m
                    [36m/>[39m
                    [36m<path[39m
                      [33md[39m=[32m"M20 21a8 8 0 0 0-16 0"[39m
                    [36m/>[39m
                  [36m</svg>[39m
                [36m</div>[39m
                [36m<div[39m
                  [33mclass[39m=[32m"min-w-0"[39m
                [36m>[39m
                  [36m<di...
 ❯ Object.getElementError node_modules/@testing-library/dom/dist/config.js:37:19
 ❯ node_modules/@testing-library/dom/dist/query-helpers.js:76:38
 ❯ node_modules/@testing-library/dom/dist/query-helpers.js:52:17
 ❯ node_modules/@testing-library/dom/dist/query-helpers.js:95:19
 ❯ src/pages/search/GlobalSearchResults.test.tsx:68:34
     66|     render(<GlobalSearchResults query="API Farmer" onNavigate={vi.fn()…
     67|     await screen.findByText('LN-API-001');
     68|     await userEvent.click(screen.getByRole('button', { name: 'Next Loa…
       |                                  ^
     69|     await waitFor(() => expect(fetchGlobalSearch).toHaveBeenLastCalled…
     70|       'API Farmer', { loan_accounts: 2 },

⎯⎯⎯⎯⎯⎯⎯⎯⎯⎯⎯⎯⎯⎯⎯⎯⎯⎯⎯⎯⎯⎯⎯⎯[2/3]⎯

 FAIL  src/pages/search/GlobalSearchResults.test.tsx > 010N Global Search Results > submits a replacement query without URL or local-storage caching
AssertionError: expected last "spy" call to have been called with [ 'FOL-API-001', {} ]

Ignored nodes: comments, script, style
[36m<html>[39m
  [36m<head />[39m
  [36m<body>[39m
    [36m<div>[39m
      [36m<div[39m
        [33mclass[39m=[32m"p-6 space-y-5"[39m
      [36m>[39m
        [36m<div[39m
          [33mclass[39m=[32m"flex flex-col gap-4 lg:flex-row lg:items-start lg:justify-between"[39m
        [36m>[39m
          [36m<div>[39m
            [36m<h1[39m
              [33mclass[39m=[32m"text-xl font-bold text-slate-900"[39m
            [36m>[39m
              [0mGlobal Search Results[0m
            [36m</h1>[39m
            [36m<p[39m
              [33mclass[39m=[32m"text-sm text-slate-500 mt-0.5"[39m
            [36m>[39m
              [0mSearch across authorised records. Sensitive identifiers are matched and masked by the server.[0m
            [36m</p>[39m
          [36m</div>[39m
          [36m<div[39m
            [33mclass[39m=[32m"rounded-lg border border-slate-200 bg-white px-4 py-3 text-sm"[39m
          [36m>[39m
            [36m<p[39m
              [33mclass[39m=[32m"text-xs text-slate-500"[39m
            [36m>[39m
              [0mResults[0m
            [36m</p>[39m
            [36m<p[39m
              [33mclass[39m=[32m"text-2xl font-bold text-slate-900 num"[39m
            [36m>[39m
              [0m12[0m
            [36m</p>[39m
          [36m</div>[39m
        [36m</div>[39m
        [36m<div[39m
          [33mclass[39m=[32m"card"[39m
        [36m>[39m
          [36m<form[39m
            [33mclass[39m=[32m"flex flex-col gap-3 sm:flex-row"[39m
          [36m>[39m
            [36m<div[39m
              [33mclass[39m=[32m"relative flex-1"[39m
            [36m>[39m
              [36m<svg[39m
                [33maria-hidden[39m=[32m"true"[39m
                [33mclass[39m=[32m"lucide lucide-search absolute left-3.5 top-1/2 -translate-y-1/2 text-slate-400"[39m
                [33mfill[39m=[32m"none"[39m
                [33mheight[39m=[32m"16"[39m
                [33mstroke[39m=[32m"currentColor"[39m
                [33mstroke-linecap[39m=[32m"round"[39m
                [33mstroke-linejoin[39m=[32m"round"[39m
                [33mstroke-width[39m=[32m"2"[39m
                [33mviewBox[39m=[32m"0 0 24 24"[39m
                [33mwidth[39m=[32m"16"[39m
                [33mxmlns[39m=[32m"http://www.w3.org/2000/svg"[39m
              [36m>[39m
                [36m<path[39m
                  [33md[39m=[32m"m21 21-4.34-4.34"[39m
                [36m/>[39m
                [36m<circle[39m
                  [33mcx[39m=[32m"11"[39m
                  [33mcy[39m=[32m"11"[39m
                  [33mr[39m=[32m"8"[39m
                [36m/>[39m
              [36m</svg>[39m
              [36m<input[39m
                [33mautocomplete[39m=[32m"off"[39m
                [33mclass[39m=[32m"field-input pl-10"[39m
                [33mplaceholder[39m=[32m"Borrower, folio, app no., loan no., SAP code, PAN, Aadhaar last 4..."[39m
                [33mvalue[39m=[32m"FOL-API-001"[39m
              [36m/>[39m
            [36m</div>[39m
            [36m<button[39m
              [33mclass[39m=[32m"btn-primary"[39m
              [33mtype[39m=[32m"submit"[39m
            [36m>[39m
              [0mSearch[0m
            [36m</button>[39m
          [36m</form>[39m
        [36m</div>[39m
        [36m<section[39m
          [33mclass[39m=[32m"card p-0 overflow-hidden"[39m
        [36m>[39m
          [36m<div[39m
            [33mclass[39m=[32m"px-5 py-4 border-b border-slate-100 bg-slate-50 flex items-center justify-between"[39m
          [36m>[39m
            [36m<div>[39m
              [36m<h2[39m
                [33mclass[39m=[32m"text-sm font-semibold text-slate-900"[39m
              [36m>[39m
                [0mMembers[0m
              [36m</h2>[39m
              [36m<p[39m
                [33mclass[39m=[32m"text-xs text-slate-500 mt-0.5"[39m
              [36m>[39m
                [0m1[0m
                [0m authorised matches[0m
              [36m</p>[39m
            [36m</div>[39m
            [36m<svg[39m
              [33maria-hidden[39m=[32m"true"[39m
              [33mclass[39m=[32m"lucide lucide-shield-check text-green-600"[39m
              [33mfill[39m=[32m"none"[39m
              [33mheight[39m=[32m"14"[39m
              [33mstroke[39m=[32m"currentColor"[39m
              [33mstroke-linecap[39m=[32m"round"[39m
              [33mstroke-linejoin[39m=[32m"round"[39m
              [33mstroke-width[39m=[32m"2"[39m
              [33mviewBox[39m=[32m"0 0 24 24"[39m
              [33mwidth[39m=[32m"14"[39m
              [33mxmlns[39m=[32m"http://www.w3.org/2000/svg"[39m
            [36m>[39m
              [36m<path[39m
                [33md[39m=[32m"M20 13c0 5-3.5 7.5-7.66 8.95a1 1 0 0 1-.67-.01C7.5 20.5 4 18 4 13V6a1 1 0 0 1 1-1c2 0 4.5-1.2 6.24-2.72a1.17 1.17 0 0 1 1.52 0C14.51 3.81 17 5 19 5a1 1 0 0 1 1 1z"[39m
              [36m/>[39m
              [36m<path[39m
                [33md[39m=[32m"m9 12 2 2 4-4"[39m
              [36m/>[39m
            [36m</svg>[39m
          [36m</div>[39m
          [36m<div[39m
            [33mclass[39m=[32m"divide-y divide-slate-100"[39m
          [36m>[39m
            [36m<div[39m
              [33mclass[39m=[32m"p-4"[39m
            [36m>[39m
              [36m<div[39m
                [33mclass[39m=[32m"flex flex-col gap-3 lg:flex-row lg:items-center"[39m
              [36m>[39m
                [36m<div[39m
                  [33mclass[39m=[32m"flex items-start gap-3 flex-1 min-w-0"[39m
                [36m>[39m
                  [36m<div[39m
                    [33mclass[39m=[32m"mt-0.5 h-8 w-8 rounded-lg bg-slate-50 border border-slate-100 flex items-center justify-center flex-shrink-0"[39m
                  [36m>[39m
                    [36m<svg[39m
                      [33maria-hidden[39m=[32m"true"[39m
                      [33mclass[39m=[32m"lucide lucide-user-round text-green-600"[39m
                      [33mfill[39m=[32m"none"[39m
                      [33mheight[39m=[32m"16"[39m
                      [33mstroke[39m=[32m"currentColor"[39m
                      [33mstroke-linecap[39m=[32m"round"[39m
                      [33mstroke-linejoin[39m=[32m"round"[39m
                      [33mstroke-width[39m=[32m"2"[39m
                      [33mviewBox[39m=[32m"0 0 24 24"[39m
                      [33mwidth[39m=[32m"16"[39m
                      [33mxmlns[39m=[32m"http://www.w3.org/2000/svg"[39m
                    [36m>[39m
                      [36m<circle[39m
                        [33mcx[39m=[32m"12"[39m
                        [33mcy[39m=[32m"8"[39m
                        [33mr[39m=[32m"5"[39m
                      [36m/>[3...

- Expected
+ Received

  [
    "FOL-API-001",
-   {},
  ]

 ❯ src/pages/search/GlobalSearchResults.test.tsx:107:51
    105|     await userEvent.type(input, 'FOL-API-001');
    106|     await userEvent.click(screen.getByRole('button', { name: 'Search' …
    107|     await waitFor(() => expect(fetchGlobalSearch).toHaveBeenLastCalled…
       |                                                   ^
    108|     expect(pageSource).not.toContain('localStorage');
    109|     expect(pageSource).not.toContain('URLSearchParams');
 ❯ runWithExpensiveErrorDiagnosticsDisabled node_modules/@testing-library/dom/dist/config.js:47:12
 ❯ checkCallback node_modules/@testing-library/dom/dist/wait-for.js:124:77
 ❯ Timeout.checkRealTimersCallback node_modules/@testing-library/dom/dist/wait-for.js:118:16

⎯⎯⎯⎯⎯⎯⎯⎯⎯⎯⎯⎯⎯⎯⎯⎯⎯⎯⎯⎯⎯⎯⎯⎯[3/3]⎯


 Test Files  1 failed (1)
      Tests  3 failed | 1 passed (4)
   Start at  18:16:28
   Duration  2.15s (transform 100ms, setup 0ms, collect 268ms, tests 1.31s, environment 322ms, prepare 42ms)

