
> sfpcl-lms@1.0.0 build
> vite build

[33mThe CJS build of Vite's Node API is deprecated. See https://vite.dev/guide/troubleshooting.html#vite-cjs-node-api-deprecated for more details.[39m
vite v5.4.21 building for production...
transforming...
✓ 1877 modules transformed.
rendering chunks...
computing gzip size...
dist/index.html                     0.75 kB │ gzip:   0.43 kB
dist/assets/index-CIBniZ_R.css     51.47 kB │ gzip:   8.94 kB
dist/assets/index-CPR5FpzI.js   1,150.36 kB │ gzip: 249.08 kB

(!) Some chunks are larger than 500 kB after minification. Consider:
- Using dynamic import() to code-split the application
- Use build.rollupOptions.output.manualChunks to improve chunking: https://rollupjs.org/configuration-options/#output-manualchunks
- Adjust chunk size limit for this warning via build.chunkSizeWarningLimit.
✓ built in 2.27s

> sfpcl-lms@1.0.0 typecheck
> tsc --noEmit


> sfpcl-lms@1.0.0 lint
> eslint src


> sfpcl-lms@1.0.0 test
> vitest run

[33mThe CJS build of Vite's Node API is deprecated. See https://vite.dev/guide/troubleshooting.html#vite-cjs-node-api-deprecated for more details.[39m

 RUN  v3.2.6 /Users/amitkallapa/LMS/.ralph/worktrees/2026-07-14_134809_normal_run/sfpcl-lms

 ✓ src/pages/borrower/portal/applications/MP05_NewApplication.test.tsx (7 tests) 1282ms
   ✓ MP05 loan-limit display authority (006Z2 interim regression) > shows independent 400, 403, and 409 errors without retry or projection refetch  796ms
 ✓ src/pages/applications/WitnessPanel.container.test.tsx (10 tests) 1391ms
   ✓ mounted witness resource actions > captures with the exact body and refetches the canonical collection once  454ms
 ✓ src/pages/settings/SettingsHub.test.tsx (10 tests) 1501ms
   ✓ SettingsHub Approval Matrix panel > permits a canonical manager to submit a complete successor version as a pending proposal  697ms
   ✓ SettingsHub remaining panels > creates a complete successor as a separate audited draft for a canonical policy manager  406ms
 ✓ src/pages/appraisal/AppraisalWorkbench.container.test.tsx (14 tests) 1945ms
   ✓ default AppraisalWorkbench authenticated HTTP container > calculates a limit from entered source IDs and refreshes four reads  401ms
   ✓ default AppraisalWorkbench authenticated HTTP container > posts the rejected Credit Manager decision once  330ms
 ✓ src/pages/members/MemberGovernanceForm.test.tsx (5 tests) 2488ms
   ✓ MemberGovernanceForm > submits the institution create variant without individual identity/profile fields  1252ms
   ✓ MemberGovernanceForm > submits every individual registration profile field  979ms
 ✓ src/pages/members/MemberProfile.container.test.tsx (4 tests) 328ms
 ✓ src/pages/members/MemberProfile.test.tsx (26 tests) 304ms
 ✓ src/pages/registers/RegistersHub.test.tsx (8 tests) 719ms
 ✓ src/pages/appraisal/AppraisalWorkbench.test.tsx (22 tests) 227ms
 ✓ src/pages/members/Borrower360.test.tsx (4 tests) 96ms
 ✓ src/pages/applications/ApplicationDetail.test.tsx (9 tests) 81ms
 ✓ src/pages/applications/CompletenessWorkbench.test.tsx (5 tests) 74ms
 ✓ src/services/authSession.test.ts (36 tests) 45ms
 ✓ src/pages/borrower/portal/PortalMemberViews.test.tsx (4 tests) 46ms
 ✓ src/pages/Dashboard.test.tsx (13 tests) 49ms
 ✓ src/pages/members/MemberDirectory.test.tsx (5 tests) 37ms
 ✓ src/pages/notifications/NotificationsCenter.test.tsx (6 tests) 45ms
 ✓ src/services/applicationIntakeApi.test.ts (5 tests) 17ms
 ✓ src/pages/applications/ApplicationList.test.tsx (2 tests) 50ms
 ✓ src/services/creditAssessmentApi.test.ts (5 tests) 9ms
 ✓ src/services/approvalRegistersApi.test.ts (5 tests) 20ms
 ✓ src/contexts/RoleContext.test.tsx (2 tests) 12ms
 ✓ src/pages/borrower/portal/auth/MP00_Login.test.tsx (2 tests) 22ms
 ✓ src/pages/profile/MyProfile.test.tsx (1 test) 24ms
 ✓ src/services/demoAuthFlag.test.tsx (3 tests) 2935ms
   ✓ VITE_ENABLE_DEMO_AUTH real App/RoleProvider boundary (005FA4) > fails closed when the flag is unset  2386ms
   ✓ VITE_ENABLE_DEMO_AUTH real App/RoleProvider boundary (005FA4) > fails closed when the flag is explicit false  319ms
 ✓ src/pages/applications/NomineeSelectionViews.test.tsx (3 tests) 39ms
 ✓ src/services/portalApi.test.ts (4 tests) 6ms
 ✓ src/services/loanPolicyApi.test.ts (2 tests) 4ms
 ✓ src/services/navigationPermissions.test.ts (9 tests) 10ms
 ✓ src/services/tracerApi.test.ts (2 tests) 4ms
 ✓ src/utils/applicationDisplay.test.ts (5 tests) 2ms
 ✓ src/pages/sanction/SanctionWorkbench.test.tsx (39 tests) 5636ms
   ✓ SanctionWorkbench authenticated container > renders the authoritative total and replaces the queue from the next server page  416ms
   ✓ SanctionWorkbench authenticated container > keeps a newer filter authoritative while an action detail refresh finishes  481ms
   ✓ SanctionWorkbench authenticated container > keeps a newer empty filter authoritative while action submission finishes  390ms
   ✓ SanctionWorkbench authenticated container > keeps a newer denied state authoritative when an action detail refresh fails later  321ms
   ✓ SanctionWorkbench authenticated container > keeps a newer malformed state authoritative when an action detail refresh fails later  304ms
   ✓ SanctionWorkbench authenticated container > keeps a newer empty state authoritative when an action detail refresh fails later  321ms
   ✓ SanctionWorkbench authenticated container > keeps a newer filter authoritative while an action decision refresh finishes  350ms
   ✓ SanctionWorkbench authenticated container > loads frozen case truth and approves through the exact case boundary before canonical refresh  313ms
   ✓ SanctionWorkbench authenticated container > requires a reason and sends the exact Reject request  376ms
   ✓ SanctionWorkbench authenticated container > requires a reason and sends the exact Return for Clarification request  316ms
   ✓ SanctionWorkbench authenticated container > uploads three application-scoped legal files before recording bounded special-case evidence  670ms
 ✓ src/pages/members/MemberGovernanceForm.container.test.tsx (16 tests) 4138ms
   ✓ MemberGovernanceForm production container > routes Directory registration into canonical Profile readback with the exact create ledger  2623ms
   ✓ MemberGovernanceForm production container > performs one ordinary human-like update before canonical Profile readback with the exact update ledger  330ms

 Test Files  33 passed (33)
      Tests  293 passed (293)
   Start at  14:25:49
   Duration  7.79s (transform 5.44s, setup 0ms, collect 10.61s, tests 23.59s, environment 5.05s, prepare 2.23s)

