
> sfpcl-lms@1.0.0 test
> vitest run

[33mThe CJS build of Vite's Node API is deprecated. See https://vite.dev/guide/troubleshooting.html#vite-cjs-node-api-deprecated for more details.[39m

 RUN  v3.2.6 /Users/amitkallapa/LMS/.ralph/worktrees/2026-07-14_134809_normal_run/sfpcl-lms

 ✓ src/pages/registers/RegistersHub.test.tsx (8 tests) 942ms
   ✓ RegistersHub owned approval register panels > renders only the server-scoped frozen sanction page and replaces pagination after a filter change  314ms
   ✓ RegistersHub owned approval register panels > applies only canonical financial-year values  346ms
 ✓ src/pages/borrower/portal/applications/MP05_NewApplication.test.tsx (7 tests) 1282ms
   ✓ MP05 loan-limit display authority (006Z2 interim regression) > shows independent 400, 403, and 409 errors without retry or projection refetch  778ms
 ✓ src/pages/settings/SettingsHub.test.tsx (10 tests) 1462ms
   ✓ SettingsHub Approval Matrix panel > permits a canonical manager to submit a complete successor version as a pending proposal  679ms
   ✓ SettingsHub remaining panels > creates a complete successor as a separate audited draft for a canonical policy manager  367ms
 ✓ src/pages/appraisal/AppraisalWorkbench.container.test.tsx (14 tests) 2032ms
   ✓ default AppraisalWorkbench authenticated HTTP container > calculates a limit from entered source IDs and refreshes four reads  412ms
 ✓ src/pages/members/MemberProfile.container.test.tsx (4 tests) 373ms
 ✓ src/services/authSession.test.ts (36 tests) 42ms
 ✓ src/pages/members/MemberProfile.test.tsx (26 tests) 182ms
 ✓ src/pages/members/MemberGovernanceForm.test.tsx (5 tests) 2663ms
   ✓ MemberGovernanceForm > submits the institution create variant without individual identity/profile fields  1268ms
   ✓ MemberGovernanceForm > submits every individual registration profile field  1043ms
 ✓ src/services/applicationIntakeApi.test.ts (5 tests) 21ms
 ✓ src/pages/applications/ApplicationDetail.test.tsx (9 tests) 72ms
 ✓ src/pages/members/Borrower360.test.tsx (4 tests) 79ms
 ✓ src/services/creditAssessmentApi.test.ts (5 tests) 17ms
 ✓ src/pages/appraisal/AppraisalWorkbench.test.tsx (22 tests) 151ms
 ✓ src/services/approvalRegistersApi.test.ts (5 tests) 15ms
 ✓ src/pages/applications/WitnessPanel.container.test.tsx (10 tests) 1398ms
   ✓ mounted witness resource actions > captures with the exact body and refetches the canonical collection once  428ms
 ✓ src/services/navigationPermissions.test.ts (9 tests) 7ms
 ✓ src/services/portalApi.test.ts (4 tests) 6ms
 ✓ src/pages/applications/CompletenessWorkbench.test.tsx (5 tests) 71ms
 ✓ src/pages/notifications/NotificationsCenter.test.tsx (6 tests) 31ms
 ✓ src/pages/Dashboard.test.tsx (13 tests) 38ms
 ✓ src/services/tracerApi.test.ts (2 tests) 4ms
 ✓ src/pages/members/MemberDirectory.test.tsx (5 tests) 37ms
 ✓ src/pages/borrower/portal/PortalMemberViews.test.tsx (4 tests) 40ms
 ✓ src/services/loanPolicyApi.test.ts (2 tests) 4ms
 ✓ src/utils/applicationDisplay.test.ts (5 tests) 2ms
 ✓ src/pages/applications/ApplicationList.test.tsx (2 tests) 31ms
 ✓ src/pages/applications/NomineeSelectionViews.test.tsx (3 tests) 8ms
 ✓ src/contexts/RoleContext.test.tsx (2 tests) 12ms
 ✓ src/pages/profile/MyProfile.test.tsx (1 test) 10ms
 ✓ src/pages/borrower/portal/auth/MP00_Login.test.tsx (2 tests) 13ms
 ✓ src/pages/sanction/SanctionWorkbench.test.tsx (39 tests) 5628ms
   ✓ SanctionWorkbench authenticated container > renders the authoritative total and replaces the queue from the next server page  652ms
   ✓ SanctionWorkbench authenticated container > keeps a newer filter authoritative while an action detail refresh finishes  466ms
   ✓ SanctionWorkbench authenticated container > keeps a newer empty filter authoritative while action submission finishes  327ms
   ✓ SanctionWorkbench authenticated container > keeps a newer malformed state authoritative when an action detail refresh fails later  351ms
   ✓ SanctionWorkbench authenticated container > keeps a newer filter authoritative while an action decision refresh finishes  351ms
   ✓ SanctionWorkbench authenticated container > loads frozen case truth and approves through the exact case boundary before canonical refresh  356ms
   ✓ SanctionWorkbench authenticated container > requires a reason and sends the exact Reject request  399ms
   ✓ SanctionWorkbench authenticated container > requires a reason and sends the exact Return for Clarification request  409ms
   ✓ SanctionWorkbench authenticated container > uploads three application-scoped legal files before recording bounded special-case evidence  517ms
 ✓ src/services/demoAuthFlag.test.tsx (3 tests) 1499ms
   ✓ VITE_ENABLE_DEMO_AUTH real App/RoleProvider boundary (005FA4) > fails closed when the flag is unset  1321ms
 ✓ src/pages/members/MemberGovernanceForm.container.test.tsx (16 tests) 3820ms
   ✓ MemberGovernanceForm production container > routes Directory registration into canonical Profile readback with the exact create ledger  2368ms

 Test Files  33 passed (33)
      Tests  293 passed (293)
   Start at  14:07:05
   Duration  8.11s (transform 5.47s, setup 0ms, collect 11.19s, tests 21.99s, environment 5.97s, prepare 2.90s)

