Creating test database for alias 'default' ('file:memorydb_default?mode=memory&cache=shared')...
Found 142 test(s).
Operations to perform:
  Synchronize unmigrated apps: corsheaders
  Apply all migrations: applications, approvals, communications, configurations, contenttypes, credit, documents, identity, legal_documents, members, scheduler, tracer, workflows
Synchronizing apps without migrations:
  Creating tables...
    Running deferred SQL...
Running migrations:
  Applying identity.0001_initial... OK
  Applying identity.0002_permission_rolepermission_and_more... OK
  Applying members.0001_initial... OK
  Applying members.0002_profile_shells... OK
  Applying members.0003_individual_profile_details... OK
  Applying members.0004_nominee... OK
  Applying members.0005_shareholding_and_more... OK
  Applying members.0006_landholding_cropplan_and_more... OK
  Applying documents.0001_initial... OK
  Applying members.0007_kycprofile_kycdocument_and_more... OK
  Applying members.0008_cancelledcheque_bankaccount_and_more... OK
  Applying identity.0003_portal_member_auth... OK
  Applying applications.0001_initial... OK
  Applying applications.0002_loanapplication_submitted_by_user... OK
  Applying applications.0003_systemsequence_loanrequestregisterentry... OK
  Applying applications.0004_applicationdocument_and_more... OK
  Applying applications.0005_application_deficiency... OK
  Applying applications.0006_rejection_note... OK
  Applying applications.0007_eligibilityassessment... OK
  Applying applications.0008_loanlimitassessment... OK
  Applying applications.0009_loan_limit_policy_snapshot... OK
  Applying applications.0010_loanapplication_nominee... OK
  Applying applications.0011_witness... OK
  Applying applications.0012_witness_verification_evidence... OK
  Applying applications.0013_witness_correction... OK
  Applying applications.0014_witness_contact_fields... OK
  Applying communications.0001_initial... OK
  Applying communications.0002_communication... OK
  Applying communications.0003_notification... OK
  Applying tracer.0001_initial... OK
  Applying workflows.0001_canonical_workflow_event... OK
  Applying credit.0001_credit_assessment_model_ownership... OK
  Applying credit.0002_riskassessment_loanappraisalnote... OK
  Applying credit.0003_appraisal_prerequisite_snapshots... OK
  Applying credit.0004_appraisal_review_facts... OK
  Applying credit.0005_appraisalreviewdecision... OK
  Applying credit.0006_legacy_appraisal_history_remediation... OK
  Applying credit.0007_eligibility_active_member_snapshot... OK
  Applying approvals.0001_initial... OK
  Applying approvals.0002_approvalcase_workflow_event... OK
  Applying approvals.0003_approvalmatrixrule_sanctioncommittee... OK
  Applying approvals.0004_approval_configuration_history_constraints... OK
  Applying approvals.0005_approvalconfigurationproposal... OK
  Applying approvals.0006_approvalcase_configuration_snapshot... OK
  Applying approvals.0007_approvalcase_enrichment_snapshot... OK
  Applying approvals.0008_approvalaction... OK
  Applying approvals.0009_sanction_decision_and_case_closure... OK
  Applying approvals.0010_approvalcasereadscopegrant_and_more... OK
  Applying approvals.0011_approvalcase_appraisal_facts_json_and_more... OK
  Applying approvals.0012_approvalconflictdeclaration_and_more... OK
  Applying approvals.0013_conflict_projection_scope_closure... OK
  Applying approvals.0014_exceptionregisterentry_and_more... OK
  Applying approvals.0015_generalmeetingapproval_and_more... OK
  Applying approvals.0016_creditsanctionregisterentry... OK
  Applying approvals.0017_exceptionregisterentry_supporting_documents_json... OK
  Applying approvals.0018_creditsanctionregisterentry_source_review_facts_json... OK
  Applying approvals.0019_register_source_facts... OK
  Applying approvals.0020_approvalaction_approver_display_name... OK
  Applying configurations.0001_initial... OK
  Applying configurations.0002_version_history_approval_evidence... OK
  Applying contenttypes.0001_initial... OK
  Applying contenttypes.0002_remove_content_type_name... OK
  Applying documents.0002_documenttemplate... OK
  Applying documents.0003_documenttemplateidentity... OK
  Applying documents.0004_loandocument... OK
  Applying legal_documents.0001_transfer_loan_document_owner... OK
  Applying legal_documents.0002_document_checklists... OK
  Applying legal_documents.0003_loan_document_renderer_provenance... OK
  Applying members.0009_member_identity_governance... OK
  Applying members.0010_member_identity_change_request... OK
  Applying members.0011_producesupplyrecord... OK
  Applying members.0012_memberserviceevidence_activememberstatus_and_more... OK
  Applying members.0013_memberserviceevidence_maker_users_and_more... OK
  Applying members.0014_remove_memberscopeassignment_uniq_member_scope_assignment_and_more... OK
  Applying scheduler.0001_initial... OK
  Applying tracer.0002_remove_tracer_workflowevent_state... OK
System check identified no issues (0 silenced).
test_acted_actor_post_matches_disabled_detail_reason_without_writes (sfpcl_credit.tests.test_approval_case_routing_api.ApprovalCaseRoutingApiTests.test_acted_actor_post_matches_disabled_detail_reason_without_writes) ... ok
test_action_rejects_mismatched_application_transition_without_writes (sfpcl_credit.tests.test_approval_case_routing_api.ApprovalCaseRoutingApiTests.test_action_rejects_mismatched_application_transition_without_writes) ... ok
test_action_rejects_mismatched_appraisal_transition_without_writes (sfpcl_credit.tests.test_approval_case_routing_api.ApprovalCaseRoutingApiTests.test_action_rejects_mismatched_appraisal_transition_without_writes) ... ok
test_active_company_secretary_grant_allows_read_only_case_access (sfpcl_credit.tests.test_approval_case_routing_api.ApprovalCaseRoutingApiTests.test_active_company_secretary_grant_allows_read_only_case_access) ... ok
test_alternate_action_is_canonical_without_rewriting_route_provenance (sfpcl_credit.tests.test_approval_case_routing_api.ApprovalCaseRoutingApiTests.test_alternate_action_is_canonical_without_rewriting_route_provenance) ... ok
test_arbitrary_user_injected_into_required_snapshot_is_not_routable (sfpcl_credit.tests.test_approval_case_routing_api.ApprovalCaseRoutingApiTests.test_arbitrary_user_injected_into_required_snapshot_is_not_routable) ... ok
test_assigned_approver_can_record_partial_approval_through_canonical_case_projection (sfpcl_credit.tests.test_approval_case_routing_api.ApprovalCaseRoutingApiTests.test_assigned_approver_can_record_partial_approval_through_canonical_case_projection) ... ok
test_assigned_approver_can_retrieve_own_acted_history (sfpcl_credit.tests.test_approval_case_routing_api.ApprovalCaseRoutingApiTests.test_assigned_approver_can_retrieve_own_acted_history) ... ok
test_assigned_approver_detail_projects_snapshot_actions_and_review_facts (sfpcl_credit.tests.test_approval_case_routing_api.ApprovalCaseRoutingApiTests.test_assigned_approver_detail_projects_snapshot_actions_and_review_facts) ... ok
test_assigned_to_me_excludes_a_case_that_is_no_longer_pending (sfpcl_credit.tests.test_approval_case_routing_api.ApprovalCaseRoutingApiTests.test_assigned_to_me_excludes_a_case_that_is_no_longer_pending) ... ok
test_assigned_to_me_excludes_an_approver_with_an_immutable_action (sfpcl_credit.tests.test_approval_case_routing_api.ApprovalCaseRoutingApiTests.test_assigned_to_me_excludes_an_approver_with_an_immutable_action) ... ok
test_assigned_to_me_returns_the_pending_snapshotted_case (sfpcl_credit.tests.test_approval_case_routing_api.ApprovalCaseRoutingApiTests.test_assigned_to_me_returns_the_pending_snapshotted_case) ... ok
test_assignment_does_not_replace_each_action_specific_permission (sfpcl_credit.tests.test_approval_case_routing_api.ApprovalCaseRoutingApiTests.test_assignment_does_not_replace_each_action_specific_permission) ... ok
test_auditor_scope_never_assigns_or_mutates_a_case (sfpcl_credit.tests.test_approval_case_routing_api.ApprovalCaseRoutingApiTests.test_auditor_scope_never_assigns_or_mutates_a_case) ... ok
test_authorized_recorder_creates_approved_general_meeting_evidence (sfpcl_credit.tests.test_approval_case_routing_api.ApprovalCaseRoutingApiTests.test_authorized_recorder_creates_approved_general_meeting_evidence) ... ok
test_case_amount_disagrees_with_matrix_projection (sfpcl_credit.tests.test_approval_case_routing_api.ApprovalCaseRoutingApiTests.test_case_amount_disagrees_with_matrix_projection) ... ok
test_case_condition_disagrees_with_matrix_projection (sfpcl_credit.tests.test_approval_case_routing_api.ApprovalCaseRoutingApiTests.test_case_condition_disagrees_with_matrix_projection) ... ok
test_case_detail_projects_general_meeting_record_authority (sfpcl_credit.tests.test_approval_case_routing_api.ApprovalCaseRoutingApiTests.test_case_detail_projects_general_meeting_record_authority) ... ok
test_checklist_facts_recompute_canonical_terminal_package_not_cached_flag (sfpcl_credit.tests.test_approval_case_routing_api.ApprovalCaseRoutingApiTests.test_checklist_facts_recompute_canonical_terminal_package_not_cached_flag) ... ok
test_closed_case_post_matches_disabled_detail_reason_without_writes (sfpcl_credit.tests.test_approval_case_routing_api.ApprovalCaseRoutingApiTests.test_closed_case_post_matches_disabled_detail_reason_without_writes) ... ok
test_collection_narrows_candidates_before_canonical_validation_and_pages_without_holes (sfpcl_credit.tests.test_approval_case_routing_api.ApprovalCaseRoutingApiTests.test_collection_narrows_candidates_before_canonical_validation_and_pages_without_holes) ... ok
test_collection_projects_complete_frozen_s21_workbench_facts (sfpcl_credit.tests.test_approval_case_routing_api.ApprovalCaseRoutingApiTests.test_collection_projects_complete_frozen_s21_workbench_facts) ... ok
test_collection_rejects_unknown_approval_type_and_status_values (sfpcl_credit.tests.test_approval_case_routing_api.ApprovalCaseRoutingApiTests.test_collection_rejects_unknown_approval_type_and_status_values) ... ok
test_communication_adapter_failure_rolls_back_final_action_and_outcome (sfpcl_credit.tests.test_approval_case_routing_api.ApprovalCaseRoutingApiTests.test_communication_adapter_failure_rolls_back_final_action_and_outcome) ... ok
test_conflict_abstention_uses_immutable_action_and_assigns_frozen_alternate (sfpcl_credit.tests.test_approval_case_routing_api.ApprovalCaseRoutingApiTests.test_conflict_abstention_uses_immutable_action_and_assigns_frozen_alternate) ... ok
test_conflict_declaration_rejects_whitespace_only_reason (sfpcl_credit.tests.test_approval_case_routing_api.ApprovalCaseRoutingApiTests.test_conflict_declaration_rejects_whitespace_only_reason) ... ok
test_conflict_module_maps_declared_relationship_and_interest_facts (sfpcl_credit.tests.test_approval_case_routing_api.ApprovalCaseRoutingApiTests.test_conflict_module_maps_declared_relationship_and_interest_facts) ... ok
test_conflict_module_uses_frozen_cycle_maker_facts (sfpcl_credit.tests.test_approval_case_routing_api.ApprovalCaseRoutingApiTests.test_conflict_module_uses_frozen_cycle_maker_facts) ... ok
test_conflicted_approval_returns_exact_source_error_and_denial_audit (sfpcl_credit.tests.test_approval_case_routing_api.ApprovalCaseRoutingApiTests.test_conflicted_approval_returns_exact_source_error_and_denial_audit) ... ok
test_contradictory_snapshot_detail_and_post_are_not_found_without_writes (sfpcl_credit.tests.test_approval_case_routing_api.ApprovalCaseRoutingApiTests.test_contradictory_snapshot_detail_and_post_are_not_found_without_writes) ... ok
test_correction_without_fresh_review_cannot_create_a_second_cycle (sfpcl_credit.tests.test_approval_case_routing_api.ApprovalCaseRoutingApiTests.test_correction_without_fresh_review_cannot_create_a_second_cycle) ... ok
test_corrupt_frozen_package_before_final_action_is_exact_zero_write (sfpcl_credit.tests.test_approval_case_routing_api.ApprovalCaseRoutingApiTests.test_corrupt_frozen_package_before_final_action_is_exact_zero_write) ... ok
test_credit_manager_reads_only_a_case_owned_through_the_credit_submission_scope (sfpcl_credit.tests.test_approval_case_routing_api.ApprovalCaseRoutingApiTests.test_credit_manager_reads_only_a_case_owned_through_the_credit_submission_scope) ... ok
test_cycle_database_constraints_reject_duplicate_pending_and_nonpositive_rows (sfpcl_credit.tests.test_approval_case_routing_api.ApprovalCaseRoutingApiTests.test_cycle_database_constraints_reject_duplicate_pending_and_nonpositive_rows) ... ok
test_detail_is_unchanged_when_live_configuration_rows_change (sfpcl_credit.tests.test_approval_case_routing_api.ApprovalCaseRoutingApiTests.test_detail_is_unchanged_when_live_configuration_rows_change) ... ok
test_detail_projects_acted_decisions_without_changing_the_required_snapshot (sfpcl_credit.tests.test_approval_case_routing_api.ApprovalCaseRoutingApiTests.test_detail_projects_acted_decisions_without_changing_the_required_snapshot) ... ok
test_direct_final_approval_without_completion_coordinator_is_zero_write (sfpcl_credit.tests.test_approval_case_routing_api.ApprovalCaseRoutingApiTests.test_direct_final_approval_without_completion_coordinator_is_zero_write) ... ok
test_duplicate_required_approver_is_not_routable (sfpcl_credit.tests.test_approval_case_routing_api.ApprovalCaseRoutingApiTests.test_duplicate_required_approver_is_not_routable) ... ok
test_each_general_meeting_document_field_uses_nondisclosing_reference_scope (sfpcl_credit.tests.test_approval_case_routing_api.ApprovalCaseRoutingApiTests.test_each_general_meeting_document_field_uses_nondisclosing_reference_scope) ... ok
test_enrichment_freezes_exclusions_without_rewriting_authority_snapshot (sfpcl_credit.tests.test_approval_case_routing_api.ApprovalCaseRoutingApiTests.test_enrichment_freezes_exclusions_without_rewriting_authority_snapshot) ... ok
test_every_conflicted_write_path_uses_one_exact_denial_contract (sfpcl_credit.tests.test_approval_case_routing_api.ApprovalCaseRoutingApiTests.test_every_conflicted_write_path_uses_one_exact_denial_contract) ... ok
test_exception_register_is_read_only_filtered_paginated_and_object_scoped (sfpcl_credit.tests.test_approval_case_routing_api.ApprovalCaseRoutingApiTests.test_exception_register_is_read_only_filtered_paginated_and_object_scoped) ... ok
test_excluded_actor_post_matches_disabled_detail_reason_without_writes (sfpcl_credit.tests.test_approval_case_routing_api.ApprovalCaseRoutingApiTests.test_excluded_actor_post_matches_disabled_detail_reason_without_writes) ... ok
test_excluded_or_incompletely_routed_snapshots_never_enter_the_queue (sfpcl_credit.tests.test_approval_case_routing_api.ApprovalCaseRoutingApiTests.test_excluded_or_incompletely_routed_snapshots_never_enter_the_queue) ... ok
test_final_action_collection_detail_and_action_share_history_aware_projection (sfpcl_credit.tests.test_approval_case_routing_api.ApprovalCaseRoutingApiTests.test_final_action_collection_detail_and_action_share_history_aware_projection) ... ok
test_final_approval_publishes_immutable_register_and_sanction_decision_reads (sfpcl_credit.tests.test_approval_case_routing_api.ApprovalCaseRoutingApiTests.test_final_approval_publishes_immutable_register_and_sanction_decision_reads) ... ok
test_final_approval_rolls_back_when_checklist_side_effect_fails (sfpcl_credit.tests.test_approval_case_routing_api.ApprovalCaseRoutingApiTests.test_final_approval_rolls_back_when_checklist_side_effect_fails) ... ok
test_final_approval_uses_routed_review_package_after_live_owner_mutation (sfpcl_credit.tests.test_approval_case_routing_api.ApprovalCaseRoutingApiTests.test_final_approval_uses_routed_review_package_after_live_owner_mutation) ... ok
test_final_joint_approval_creates_source_shaped_sanction_and_completion_evidence (sfpcl_credit.tests.test_approval_case_routing_api.ApprovalCaseRoutingApiTests.test_final_joint_approval_creates_source_shaped_sanction_and_completion_evidence) ... ok
test_formal_register_retains_replacement_action_time_identity (sfpcl_credit.tests.test_approval_case_routing_api.ApprovalCaseRoutingApiTests.test_formal_register_retains_replacement_action_time_identity) ... ok
test_formal_register_retains_routed_approver_identities_after_renames (sfpcl_credit.tests.test_approval_case_routing_api.ApprovalCaseRoutingApiTests.test_formal_register_retains_routed_approver_identities_after_renames) ... ok
test_fresh_review_without_correction_cannot_create_a_second_cycle (sfpcl_credit.tests.test_approval_case_routing_api.ApprovalCaseRoutingApiTests.test_fresh_review_without_correction_cannot_create_a_second_cycle) ... ok
test_frozen_alternate_director_satisfies_original_role_count_after_exclusion (sfpcl_credit.tests.test_approval_case_routing_api.ApprovalCaseRoutingApiTests.test_frozen_alternate_director_satisfies_original_role_count_after_exclusion) ... ok
test_general_meeting_availability_and_mutation_share_frozen_readability (sfpcl_credit.tests.test_approval_case_routing_api.ApprovalCaseRoutingApiTests.test_general_meeting_availability_and_mutation_share_frozen_readability) ... ok
test_general_meeting_document_and_permission_denials_are_zero_write (sfpcl_credit.tests.test_approval_case_routing_api.ApprovalCaseRoutingApiTests.test_general_meeting_document_and_permission_denials_are_zero_write) ... ok
test_general_meeting_exact_replay_is_zero_write_and_changed_status_supersedes (sfpcl_credit.tests.test_approval_case_routing_api.ApprovalCaseRoutingApiTests.test_general_meeting_exact_replay_is_zero_write_and_changed_status_supersedes) ... ok
test_general_meeting_payload_and_related_case_scope_are_bounded (sfpcl_credit.tests.test_approval_case_routing_api.ApprovalCaseRoutingApiTests.test_general_meeting_payload_and_related_case_scope_are_bounded) ... ok
test_incomplete_joint_approval_projection_is_not_routable (sfpcl_credit.tests.test_approval_case_routing_api.ApprovalCaseRoutingApiTests.test_incomplete_joint_approval_projection_is_not_routable) ... ok
test_incomplete_register_projection_is_not_routable (sfpcl_credit.tests.test_approval_case_routing_api.ApprovalCaseRoutingApiTests.test_incomplete_register_projection_is_not_routable) ... ok
test_latest_general_meeting_outcome_gates_and_is_frozen_on_the_case_cycle (sfpcl_credit.tests.test_approval_case_routing_api.ApprovalCaseRoutingApiTests.test_latest_general_meeting_outcome_gates_and_is_frozen_on_the_case_cycle) ... ok
test_legacy_approved_and_rejected_register_rows_are_null_safe (sfpcl_credit.tests.test_approval_case_routing_api.ApprovalCaseRoutingApiTests.test_legacy_approved_and_rejected_register_rows_are_null_safe) ... ok
test_legacy_replacement_without_frozen_name_remains_null (sfpcl_credit.tests.test_approval_case_routing_api.ApprovalCaseRoutingApiTests.test_legacy_replacement_without_frozen_name_remains_null) ... ok
test_legacy_terminal_blocker_does_not_override_permission_denial (sfpcl_credit.tests.test_approval_case_routing_api.ApprovalCaseRoutingApiTests.test_legacy_terminal_blocker_does_not_override_permission_denial) ... ok
test_list_filters_are_strict_and_preserve_the_exact_threshold_route (sfpcl_credit.tests.test_approval_case_routing_api.ApprovalCaseRoutingApiTests.test_list_filters_are_strict_and_preserve_the_exact_threshold_route) ... ok
test_live_appraisal_change_preserves_terminal_detail_decision_and_register (sfpcl_credit.tests.test_approval_case_routing_api.ApprovalCaseRoutingApiTests.test_live_appraisal_change_preserves_terminal_detail_decision_and_register) ... ok
test_live_appraisal_policy_change_preserves_pending_case_reads_and_action (sfpcl_credit.tests.test_approval_case_routing_api.ApprovalCaseRoutingApiTests.test_live_appraisal_policy_change_preserves_pending_case_reads_and_action) ... ok
test_malformed_exclusion_snapshot_is_not_public_or_actionable (sfpcl_credit.tests.test_approval_case_routing_api.ApprovalCaseRoutingApiTests.test_malformed_exclusion_snapshot_is_not_public_or_actionable) ... ok
test_malformed_frozen_terminal_case_fails_closed_at_every_read_boundary (sfpcl_credit.tests.test_approval_case_routing_api.ApprovalCaseRoutingApiTests.test_malformed_frozen_terminal_case_fails_closed_at_every_read_boundary) ... ok
test_marked_review_snapshot_without_persisted_review_link_fails_closed (sfpcl_credit.tests.test_approval_case_routing_api.ApprovalCaseRoutingApiTests.test_marked_review_snapshot_without_persisted_review_link_fails_closed) ... ok
test_missing_approve_permission_matches_disabled_detail_reason_without_writes (sfpcl_credit.tests.test_approval_case_routing_api.ApprovalCaseRoutingApiTests.test_missing_approve_permission_matches_disabled_detail_reason_without_writes) ... ok
test_missing_case_read_permission_is_denied_before_object_scope (sfpcl_credit.tests.test_approval_case_routing_api.ApprovalCaseRoutingApiTests.test_missing_case_read_permission_is_denied_before_object_scope) ... ok
test_missing_frozen_review_snapshot_fails_closed_before_reads_and_actions (sfpcl_credit.tests.test_approval_case_routing_api.ApprovalCaseRoutingApiTests.test_missing_frozen_review_snapshot_fails_closed_before_reads_and_actions) ... ok
test_missing_loan_limit_provenance_cannot_be_inferred_from_amount (sfpcl_credit.tests.test_approval_case_routing_api.ApprovalCaseRoutingApiTests.test_missing_loan_limit_provenance_cannot_be_inferred_from_amount) ... ok
test_missing_reject_permission_matches_disabled_detail_reason_without_writes (sfpcl_credit.tests.test_approval_case_routing_api.ApprovalCaseRoutingApiTests.test_missing_reject_permission_matches_disabled_detail_reason_without_writes) ... ok
test_missing_return_permission_matches_disabled_detail_reason_without_writes (sfpcl_credit.tests.test_approval_case_routing_api.ApprovalCaseRoutingApiTests.test_missing_return_permission_matches_disabled_detail_reason_without_writes) ... ok
test_missing_terminal_review_snapshot_is_hidden_from_every_public_boundary (sfpcl_credit.tests.test_approval_case_routing_api.ApprovalCaseRoutingApiTests.test_missing_terminal_review_snapshot_is_hidden_from_every_public_boundary) ... ok
test_noncommittee_related_director_sets_general_meeting_flag_only (sfpcl_credit.tests.test_approval_case_routing_api.ApprovalCaseRoutingApiTests.test_noncommittee_related_director_sets_general_meeting_flag_only) ... ok
test_partial_action_collection_detail_and_action_share_history_aware_projection (sfpcl_credit.tests.test_approval_case_routing_api.ApprovalCaseRoutingApiTests.test_partial_action_collection_detail_and_action_share_history_aware_projection) ... ok
test_partial_malformed_and_case_inconsistent_review_snapshots_fail_closed (sfpcl_credit.tests.test_approval_case_routing_api.ApprovalCaseRoutingApiTests.test_partial_malformed_and_case_inconsistent_review_snapshots_fail_closed) ... ok
test_pending_approved_and_rejected_cycles_deny_resubmission_without_writes (sfpcl_credit.tests.test_approval_case_routing_api.ApprovalCaseRoutingApiTests.test_pending_approved_and_rejected_cycles_deny_resubmission_without_writes) ... ok
test_pending_general_meeting_outcome_blocks_final_sanction (sfpcl_credit.tests.test_approval_case_routing_api.ApprovalCaseRoutingApiTests.test_pending_general_meeting_outcome_blocks_final_sanction) ... ok
test_permission_and_snapshot_scope_denials_preserve_all_business_ledgers (sfpcl_credit.tests.test_approval_case_routing_api.ApprovalCaseRoutingApiTests.test_permission_and_snapshot_scope_denials_preserve_all_business_ledgers) ... ok
test_plain_model_save_does_not_hide_projection_mutation (sfpcl_credit.tests.test_approval_case_routing_api.ApprovalCaseRoutingApiTests.test_plain_model_save_does_not_hide_projection_mutation) ... ok
test_pre_007o_v2_case_remains_actor_scoped_and_readable (sfpcl_credit.tests.test_approval_case_routing_api.ApprovalCaseRoutingApiTests.test_pre_007o_v2_case_remains_actor_scoped_and_readable) ... ok
test_pre_007o_v2_terminal_actions_are_blocked_but_return_is_available (sfpcl_credit.tests.test_approval_case_routing_api.ApprovalCaseRoutingApiTests.test_pre_007o_v2_terminal_actions_are_blocked_but_return_is_available) ... ok
test_public_committee_borrower_conflict_matrix (sfpcl_credit.tests.test_approval_case_routing_api.ApprovalCaseRoutingApiTests.test_public_committee_borrower_conflict_matrix) ... ok
test_public_director_relative_conflict_matrix (sfpcl_credit.tests.test_approval_case_routing_api.ApprovalCaseRoutingApiTests.test_public_director_relative_conflict_matrix) ... ok
test_public_enrichment_blocks_when_first_of_two_directors_is_excluded (sfpcl_credit.tests.test_approval_case_routing_api.ApprovalCaseRoutingApiTests.test_public_enrichment_blocks_when_first_of_two_directors_is_excluded) ... ok
test_public_enrichment_blocks_when_second_of_two_directors_is_excluded (sfpcl_credit.tests.test_approval_case_routing_api.ApprovalCaseRoutingApiTests.test_public_enrichment_blocks_when_second_of_two_directors_is_excluded) ... ok
test_public_maker_checker_conflict_matrix (sfpcl_credit.tests.test_approval_case_routing_api.ApprovalCaseRoutingApiTests.test_public_maker_checker_conflict_matrix) ... ok
test_public_material_interest_conflict_matrix (sfpcl_credit.tests.test_approval_case_routing_api.ApprovalCaseRoutingApiTests.test_public_material_interest_conflict_matrix) ... ok
test_public_own_application_conflict_matrix (sfpcl_credit.tests.test_approval_case_routing_api.ApprovalCaseRoutingApiTests.test_public_own_application_conflict_matrix) ... ok
test_read_permission_without_snapshot_scope_cannot_list_or_retrieve_the_case (sfpcl_credit.tests.test_approval_case_routing_api.ApprovalCaseRoutingApiTests.test_read_permission_without_snapshot_scope_cannot_list_or_retrieve_the_case) ... ok
test_read_scope_grant_rejects_duplicate_and_unbounded_scope_values (sfpcl_credit.tests.test_approval_case_routing_api.ApprovalCaseRoutingApiTests.test_read_scope_grant_rejects_duplicate_and_unbounded_scope_values) ... ok
test_register_filters_counts_and_page_bounds_inside_director_object_scope (sfpcl_credit.tests.test_approval_case_routing_api.ApprovalCaseRoutingApiTests.test_register_filters_counts_and_page_bounds_inside_director_object_scope) ... ok
test_register_filters_pagination_permissions_and_read_only_routes (sfpcl_credit.tests.test_approval_case_routing_api.ApprovalCaseRoutingApiTests.test_register_filters_pagination_permissions_and_read_only_routes) ... ok
test_register_freezes_same_case_exception_abstention_and_meeting_references (sfpcl_credit.tests.test_approval_case_routing_api.ApprovalCaseRoutingApiTests.test_register_freezes_same_case_exception_abstention_and_meeting_references) ... ok
test_reject_closes_case_and_application_without_sanction (sfpcl_credit.tests.test_approval_case_routing_api.ApprovalCaseRoutingApiTests.test_reject_closes_case_and_application_without_sanction) ... ok
test_reject_missing_comment_is_validation_error_without_writes (sfpcl_credit.tests.test_approval_case_routing_api.ApprovalCaseRoutingApiTests.test_reject_missing_comment_is_validation_error_without_writes) ... ok
test_reject_requires_comments_before_any_ledger_write (sfpcl_credit.tests.test_approval_case_routing_api.ApprovalCaseRoutingApiTests.test_reject_requires_comments_before_any_ledger_write) ... ok
test_rejected_and_returned_cycles_do_not_leak_decision_or_register_existence (sfpcl_credit.tests.test_approval_case_routing_api.ApprovalCaseRoutingApiTests.test_rejected_and_returned_cycles_do_not_leak_decision_or_register_existence) ... ok
test_rejected_cycle_freezes_current_evidence_before_later_supersession (sfpcl_credit.tests.test_approval_case_routing_api.ApprovalCaseRoutingApiTests.test_rejected_cycle_freezes_current_evidence_before_later_supersession) ... ok
test_rejected_register_retains_routed_source_package_after_live_owner_mutation (sfpcl_credit.tests.test_approval_case_routing_api.ApprovalCaseRoutingApiTests.test_rejected_register_retains_routed_source_package_after_live_owner_mutation) ... ok
test_rejection_registers_once_without_inventing_a_sanction_decision (sfpcl_credit.tests.test_approval_case_routing_api.ApprovalCaseRoutingApiTests.test_rejection_registers_once_without_inventing_a_sanction_decision) ... ok
test_related_party_final_approval_requires_general_meeting_evidence (sfpcl_credit.tests.test_approval_case_routing_api.ApprovalCaseRoutingApiTests.test_related_party_final_approval_requires_general_meeting_evidence) ... ok
test_required_approver_count_disagrees_with_matrix_projection (sfpcl_credit.tests.test_approval_case_routing_api.ApprovalCaseRoutingApiTests.test_required_approver_count_disagrees_with_matrix_projection) ... ok
test_required_approver_selector_uses_exact_user_id_not_json_substring (sfpcl_credit.tests.test_approval_case_routing_api.ApprovalCaseRoutingApiTests.test_required_approver_selector_uses_exact_user_id_not_json_substring) ... ok
test_required_approver_with_wrong_role_is_not_routable (sfpcl_credit.tests.test_approval_case_routing_api.ApprovalCaseRoutingApiTests.test_required_approver_with_wrong_role_is_not_routable) ... ok
test_return_blank_comment_is_validation_error_without_writes (sfpcl_credit.tests.test_approval_case_routing_api.ApprovalCaseRoutingApiTests.test_return_blank_comment_is_validation_error_without_writes) ... ok
test_return_correction_fresh_review_creates_immutable_second_cycle (sfpcl_credit.tests.test_approval_case_routing_api.ApprovalCaseRoutingApiTests.test_return_correction_fresh_review_creates_immutable_second_cycle) ... ok
test_return_missing_comment_is_validation_error_without_writes (sfpcl_credit.tests.test_approval_case_routing_api.ApprovalCaseRoutingApiTests.test_return_missing_comment_is_validation_error_without_writes) ... ok
test_return_restores_reviewed_precommittee_state_without_sanction (sfpcl_credit.tests.test_approval_case_routing_api.ApprovalCaseRoutingApiTests.test_return_restores_reviewed_precommittee_state_without_sanction) ... ok
test_returned_cycle_keeps_its_applicable_general_meeting_reference (sfpcl_credit.tests.test_approval_case_routing_api.ApprovalCaseRoutingApiTests.test_returned_cycle_keeps_its_applicable_general_meeting_reference) ... ok
test_review_facts_remain_frozen_after_live_owning_records_change (sfpcl_credit.tests.test_approval_case_routing_api.ApprovalCaseRoutingApiTests.test_review_facts_remain_frozen_after_live_owning_records_change) ... ok
test_routed_historical_case_wins_over_same_amount_unrouted_shell_after_live_change (sfpcl_credit.tests.test_approval_case_routing_api.ApprovalCaseRoutingApiTests.test_routed_historical_case_wins_over_same_amount_unrouted_shell_after_live_change) ... ok
test_same_permission_unassigned_director_cannot_read_sanction_decision (sfpcl_credit.tests.test_approval_case_routing_api.ApprovalCaseRoutingApiTests.test_same_permission_unassigned_director_cannot_read_sanction_decision) ... ok
test_sanction_decision_uses_its_frozen_case_when_a_newer_cycle_exists (sfpcl_credit.tests.test_approval_case_routing_api.ApprovalCaseRoutingApiTests.test_sanction_decision_uses_its_frozen_case_when_a_newer_cycle_exists) ... ok
test_selector_materializes_only_credit_manager_object_scope_candidates (sfpcl_credit.tests.test_approval_case_routing_api.ApprovalCaseRoutingApiTests.test_selector_materializes_only_credit_manager_object_scope_candidates) ... ok
test_selector_owns_coarse_collection_filters_ordering_and_page_query (sfpcl_credit.tests.test_approval_case_routing_api.ApprovalCaseRoutingApiTests.test_selector_owns_coarse_collection_filters_ordering_and_page_query) ... ok
test_source_register_fields_are_frozen_before_live_owner_changes (sfpcl_credit.tests.test_approval_case_routing_api.ApprovalCaseRoutingApiTests.test_source_register_fields_are_frozen_before_live_owner_changes) ... ok
test_stale_and_duplicate_actions_preserve_the_complete_ledger (sfpcl_credit.tests.test_approval_case_routing_api.ApprovalCaseRoutingApiTests.test_stale_and_duplicate_actions_preserve_the_complete_ledger) ... ok
test_stale_post_is_independently_zero_write (sfpcl_credit.tests.test_approval_case_routing_api.ApprovalCaseRoutingApiTests.test_stale_post_is_independently_zero_write) ... ok
test_two_director_route_never_reuses_remaining_director (sfpcl_credit.tests.test_approval_case_routing_api.ApprovalCaseRoutingApiTests.test_two_director_route_never_reuses_remaining_director) ... ok
test_two_terminal_cases_keep_director_and_persisted_reader_scopes_distinct (sfpcl_credit.tests.test_approval_case_routing_api.ApprovalCaseRoutingApiTests.test_two_terminal_cases_keep_director_and_persisted_reader_scopes_distinct) ... ok
test_unassigned_reader_post_is_object_denied_without_writes (sfpcl_credit.tests.test_approval_case_routing_api.ApprovalCaseRoutingApiTests.test_unassigned_reader_post_is_object_denied_without_writes) ... ok
test_unsatisfiable_abstention_blocks_case_without_creating_sanction (sfpcl_credit.tests.test_approval_case_routing_api.ApprovalCaseRoutingApiTests.test_unsatisfiable_abstention_blocks_case_without_creating_sanction) ... ok
test_unused_committee_alternate_is_nondisclosed_before_pagination (sfpcl_credit.tests.test_approval_case_routing_api.ApprovalCaseRoutingApiTests.test_unused_committee_alternate_is_nondisclosed_before_pagination) ... ok
test_approved_sanction_creates_ordered_applicability_once_with_evidence (sfpcl_credit.tests.test_document_checklist_api.DocumentChecklistApiTests.test_approved_sanction_creates_ordered_applicability_once_with_evidence) ... ok
test_cancelled_cheque_owner_fact_matrix_fails_closed (sfpcl_credit.tests.test_document_checklist_api.DocumentChecklistApiTests.test_cancelled_cheque_owner_fact_matrix_fails_closed) ... ok
test_current_provenance_document_links_without_completing_item (sfpcl_credit.tests.test_document_checklist_api.DocumentChecklistApiTests.test_current_provenance_document_links_without_completing_item) ... ok
test_dependency_direction_keeps_approvals_free_of_legal_imports (sfpcl_credit.tests.test_document_checklist_api.DocumentChecklistApiTests.test_dependency_direction_keeps_approvals_free_of_legal_imports) ... ok
test_get_enforces_permission_and_source_authorised_object_scope (sfpcl_credit.tests.test_document_checklist_api.DocumentChecklistApiTests.test_get_enforces_permission_and_source_authorised_object_scope) ... ok
test_invalid_direct_item_states_fail_validation_and_database_constraints (sfpcl_credit.tests.test_document_checklist_api.DocumentChecklistApiTests.test_invalid_direct_item_states_fail_validation_and_database_constraints) ... ok
test_legacy_unverified_document_cannot_link_to_checklist_item (sfpcl_credit.tests.test_document_checklist_api.DocumentChecklistApiTests.test_legacy_unverified_document_cannot_link_to_checklist_item) ... ok
test_non_approved_or_incoherent_cases_create_nothing (sfpcl_credit.tests.test_document_checklist_api.DocumentChecklistApiTests.test_non_approved_or_incoherent_cases_create_nothing) ... ok
test_partial_subsidiary_snapshot_stays_blocked (sfpcl_credit.tests.test_document_checklist_api.DocumentChecklistApiTests.test_partial_subsidiary_snapshot_stays_blocked) ... ok
test_real_applicability_change_records_old_and_new_facts (sfpcl_credit.tests.test_document_checklist_api.DocumentChecklistApiTests.test_real_applicability_change_records_old_and_new_facts) ... ok
test_refresh_preserves_completion_owner_facts_and_conflicts_atomically (sfpcl_credit.tests.test_document_checklist_api.DocumentChecklistApiTests.test_refresh_preserves_completion_owner_facts_and_conflicts_atomically) ... ok
test_share_mode_variants_and_missing_or_conflicting_facts_do_not_guess (sfpcl_credit.tests.test_document_checklist_api.DocumentChecklistApiTests.test_share_mode_variants_and_missing_or_conflicting_facts_do_not_guess) ... ok
test_different_remaining_approvers_same_version_have_one_serial_winner (sfpcl_credit.tests.test_approval_case_routing_api.ApprovalActionConcurrencyTests.test_different_remaining_approvers_same_version_have_one_serial_winner) ... skipped 'Authoritative approval action race requires PostgreSQL.'
test_final_remaining_approver_duplicate_submission_has_one_serial_winner (sfpcl_credit.tests.test_approval_case_routing_api.ApprovalActionConcurrencyTests.test_final_remaining_approver_duplicate_submission_has_one_serial_winner) ... skipped 'Authoritative approval action race requires PostgreSQL.'
test_five_final_sanction_attempts_persist_one_atomic_checklist_ledger (sfpcl_credit.tests.test_document_checklist_api.DocumentChecklistConcurrencyTests.test_five_final_sanction_attempts_persist_one_atomic_checklist_ledger) ... skipped 'Authoritative checklist five-race requires PostgreSQL.'

----------------------------------------------------------------------
Ran 142 tests in 5.216s

OK (skipped=3)
Destroying test database for alias 'default' ('file:memorydb_default?mode=memory&cache=shared')...
