Creating test database for alias 'default' ('file:memorydb_default?mode=memory&cache=shared')...
Found 1 test(s).
Operations to perform:
  Synchronize unmigrated apps: corsheaders
  Apply all migrations: applications, approvals, communications, configurations, contenttypes, credit, documents, identity, legal_documents, members, scheduler, tracer, workflows
Synchronizing apps without migrations:
  Creating tables...
    Running deferred SQL...
Running migrations:
  Applying identity.0001_initial... OK
  Applying identity.0002_permission_rolepermission_and_more... OK
  Applying members.0001_initial... OK
  Applying members.0002_profile_shells... OK
  Applying members.0003_individual_profile_details... OK
  Applying members.0004_nominee... OK
  Applying members.0005_shareholding_and_more... OK
  Applying members.0006_landholding_cropplan_and_more... OK
  Applying documents.0001_initial... OK
  Applying members.0007_kycprofile_kycdocument_and_more... OK
  Applying members.0008_cancelledcheque_bankaccount_and_more... OK
  Applying identity.0003_portal_member_auth... OK
  Applying applications.0001_initial... OK
  Applying applications.0002_loanapplication_submitted_by_user... OK
  Applying applications.0003_systemsequence_loanrequestregisterentry... OK
  Applying applications.0004_applicationdocument_and_more... OK
  Applying applications.0005_application_deficiency... OK
  Applying applications.0006_rejection_note... OK
  Applying applications.0007_eligibilityassessment... OK
  Applying applications.0008_loanlimitassessment... OK
  Applying applications.0009_loan_limit_policy_snapshot... OK
  Applying applications.0010_loanapplication_nominee... OK
  Applying applications.0011_witness... OK
  Applying applications.0012_witness_verification_evidence... OK
  Applying applications.0013_witness_correction... OK
  Applying applications.0014_witness_contact_fields... OK
  Applying communications.0001_initial... OK
  Applying communications.0002_communication... OK
  Applying communications.0003_notification... OK
  Applying tracer.0001_initial... OK
  Applying workflows.0001_canonical_workflow_event... OK
  Applying credit.0001_credit_assessment_model_ownership... OK
  Applying credit.0002_riskassessment_loanappraisalnote... OK
  Applying credit.0003_appraisal_prerequisite_snapshots... OK
  Applying credit.0004_appraisal_review_facts... OK
  Applying credit.0005_appraisalreviewdecision... OK
  Applying credit.0006_legacy_appraisal_history_remediation... OK
  Applying credit.0007_eligibility_active_member_snapshot... OK
  Applying approvals.0001_initial... OK
  Applying approvals.0002_approvalcase_workflow_event... OK
  Applying approvals.0003_approvalmatrixrule_sanctioncommittee... OK
  Applying approvals.0004_approval_configuration_history_constraints... OK
  Applying approvals.0005_approvalconfigurationproposal... OK
  Applying approvals.0006_approvalcase_configuration_snapshot... OK
  Applying approvals.0007_approvalcase_enrichment_snapshot... OK
  Applying approvals.0008_approvalaction... OK
  Applying approvals.0009_sanction_decision_and_case_closure... OK
  Applying approvals.0010_approvalcasereadscopegrant_and_more... OK
  Applying approvals.0011_approvalcase_appraisal_facts_json_and_more... OK
  Applying approvals.0012_approvalconflictdeclaration_and_more... OK
  Applying approvals.0013_conflict_projection_scope_closure... OK
  Applying approvals.0014_exceptionregisterentry_and_more... OK
  Applying approvals.0015_generalmeetingapproval_and_more... OK
  Applying approvals.0016_creditsanctionregisterentry... OK
  Applying approvals.0017_exceptionregisterentry_supporting_documents_json... OK
  Applying approvals.0018_creditsanctionregisterentry_source_review_facts_json... OK
  Applying approvals.0019_register_source_facts... OK
  Applying approvals.0020_approvalaction_approver_display_name... OK
  Applying configurations.0001_initial... OK
  Applying configurations.0002_version_history_approval_evidence... OK
  Applying contenttypes.0001_initial... OK
  Applying contenttypes.0002_remove_content_type_name... OK
  Applying documents.0002_documenttemplate... OK
  Applying documents.0003_documenttemplateidentity... OK
  Applying documents.0004_loandocument... OK
  Applying legal_documents.0001_transfer_loan_document_owner... OK
  Applying legal_documents.0002_document_checklists... OK
  Applying legal_documents.0003_loan_document_renderer_provenance... OK
  Applying members.0009_member_identity_governance... OK
  Applying members.0010_member_identity_change_request... OK
  Applying members.0011_producesupplyrecord... OK
  Applying members.0012_memberserviceevidence_activememberstatus_and_more... OK
  Applying members.0013_memberserviceevidence_maker_users_and_more... OK
  Applying members.0014_remove_memberscopeassignment_uniq_member_scope_assignment_and_more... OK
  Applying scheduler.0001_initial... OK
  Applying tracer.0002_remove_tracer_workflowevent_state... OK
System check identified no issues (0 silenced).
test_get_enforces_permission_and_source_authorised_object_scope (sfpcl_credit.tests.test_document_checklist_api.DocumentChecklistApiTests.test_get_enforces_permission_and_source_authorised_object_scope) ... 
  test_get_enforces_permission_and_source_authorised_object_scope (sfpcl_credit.tests.test_document_checklist_api.DocumentChecklistApiTests.test_get_enforces_permission_and_source_authorised_object_scope) (user='permission_only-5@sfpcl.example') ... FAIL
  test_get_enforces_permission_and_source_authorised_object_scope (sfpcl_credit.tests.test_document_checklist_api.DocumentChecklistApiTests.test_get_enforces_permission_and_source_authorised_object_scope) (user='director-7@sfpcl.example') ... FAIL
test_get_enforces_permission_and_source_authorised_object_scope (sfpcl_credit.tests.test_document_checklist_api.DocumentChecklistApiTests.test_get_enforces_permission_and_source_authorised_object_scope) ... FAIL

======================================================================
FAIL: test_get_enforces_permission_and_source_authorised_object_scope (sfpcl_credit.tests.test_document_checklist_api.DocumentChecklistApiTests.test_get_enforces_permission_and_source_authorised_object_scope) (user='permission_only-5@sfpcl.example')
----------------------------------------------------------------------
Traceback (most recent call last):
  File "/Users/amitkallapa/LMS/.ralph/worktrees/2026-07-14_134809_normal_run/sfpcl_credit/tests/test_document_checklist_api.py", line 595, in test_get_enforces_permission_and_source_authorised_object_scope
    self.assertFalse(
AssertionError: True is not false : ['SELECT "user_sessions"."user_session_id", "user_sessions"."user_id", "user_sessions"."refresh_token_hash", "user_sessions"."session_status", "user_sessions"."ip_address", "user_sessions"."user_agent", "user_sessions"."created_at", "user_sessions"."last_used_at", "user_sessions"."expires_at", "user_sessions"."revoked_at", "user_sessions"."revoked_reason", "users"."user_id", "users"."full_name", "users"."email", "users"."mobile_number", "users"."employee_code", "users"."status", "users"."primary_role_id", "users"."approval_authority_type", "users"."password_hash", "users"."last_login_at", "users"."created_at", "users"."created_by_user_id", "users"."updated_at", "users"."updated_by_user_id", "roles"."role_id", "roles"."role_code", "roles"."role_name", "roles"."description", "roles"."is_system_role", "roles"."status" FROM "user_sessions" INNER JOIN "users" ON ("user_sessions"."user_id" = "users"."user_id") INNER JOIN "roles" ON ("users"."primary_role_id" = "roles"."role_id") WHERE "user_sessions"."user_session_id" = \'2a49ecf5dbbb4eb19e878243dc023295\' LIMIT 21', 'SELECT "portal_accounts"."portal_account_id", "portal_accounts"."member_id", "portal_accounts"."user_id", "portal_accounts"."status", "portal_accounts"."activated_at", "portal_accounts"."otp_login_enabled", "portal_accounts"."created_at", "portal_accounts"."updated_at", "members"."member_id", "members"."member_number", "members"."member_type", "members"."legal_name", "members"."display_name", "members"."folio_number", "members"."membership_start_date", "members"."membership_status", "members"."pan_encrypted", "members"."pan_hash", "members"."aadhaar_encrypted", "members"."aadhaar_hash", "members"."registered_address_line1", "members"."registered_address_line2", "members"."registered_village_city", "members"."registered_district", "members"."registered_state", "members"."registered_pincode", "members"."mobile_number", "members"."email", "members"."kyc_status", "members"."rekyc_due_date", "members"."default_status", "members"."active_member_status_id", "members"."primary_bank_account_id", "members"."number_of_shares", "members"."holding_mode", "members"."available_share_count", "members"."active_member_status", "members"."active_member_verified_at", "members"."created_at", "members"."created_by_user_id", "members"."updated_at", "members"."updated_by_user_id", "members"."version", "members"."is_deleted" FROM "portal_accounts" INNER JOIN "members" ON ("portal_accounts"."member_id" = "members"."member_id") WHERE "portal_accounts"."user_id" = \'db1ef6cd889341ba886583610e4d55ee\' ORDER BY "portal_accounts"."portal_account_id" ASC LIMIT 1', 'SELECT "loan_applications"."application_status" FROM "loan_applications" WHERE "loan_applications"."loan_application_id" = \'50497eac44b44386abcd0a86d6743a8f\' ORDER BY "loan_applications"."loan_application_id" ASC LIMIT 1', 'SELECT "permissions"."permission_code" FROM "permissions" INNER JOIN "role_permissions" ON ("permissions"."permission_id" = "role_permissions"."permission_id") WHERE "role_permissions"."role_id" = \'256ebcc6fa6644e2b090a278ce66e4de\' ORDER BY "permissions"."permission_code" ASC', 'SELECT "document_checklists"."document_checklist_id", "document_checklists"."loan_application_id", "document_checklists"."loan_account_id", "document_checklists"."checklist_status", "document_checklists"."company_secretary_signature_id", "document_checklists"."credit_manager_signature_id", "document_checklists"."sanction_committee_signature_id", "document_checklists"."senior_manager_finance_signature_id", "document_checklists"."remarks", "document_checklists"."created_at", "document_checklists"."updated_at", "loan_applications"."loan_application_id", "loan_applications"."application_reference_number", "loan_applications"."member_id", "loan_applications"."borrower_type", "loan_applications"."application_channel", "loan_applications"."application_date", "loan_applications"."received_by_user_id", "loan_applications"."required_loan_amount", "loan_applications"."requested_tenure_months", "loan_applications"."declared_purpose", "loan_applications"."purpose_category", "loan_applications"."nominee_id", "loan_applications"."loan_type_requested", "loan_applications"."land_holding_id", "loan_applications"."crop_plan_id", "loan_applications"."bank_account_id", "loan_applications"."cancelled_cheque_id", "loan_applications"."borrower_request_notes", "loan_applications"."current_stage", "loan_applications"."application_status", "loan_applications"."completeness_status", "loan_applications"."terms_acceptance_flag", "loan_applications"."submitted_at", "loan_applications"."submitted_by_user_id", "loan_applications"."created_at", "loan_applications"."created_by_user_id", "loan_applications"."updated_at", "loan_applications"."updated_by_user_id" FROM "document_checklists" INNER JOIN "loan_applications" ON ("document_checklists"."loan_application_id" = "loan_applications"."loan_application_id") WHERE "document_checklists"."loan_application_id" = \'50497eac44b44386abcd0a86d6743a8f\' ORDER BY "document_checklists"."created_at" ASC, "document_checklists"."document_checklist_id" ASC LIMIT 1', 'SELECT "checklist_items"."checklist_item_id", "checklist_items"."document_checklist_id", "checklist_items"."loan_document_id", "checklist_items"."item_code", "checklist_items"."item_label", "checklist_items"."display_order", "checklist_items"."required_flag", "checklist_items"."applicable_flag", "checklist_items"."completion_status", "checklist_items"."applicability_source", "checklist_items"."applicability_blocker", "checklist_items"."verified_by_user_id", "checklist_items"."verified_at", "checklist_items"."remarks" FROM "checklist_items" WHERE "checklist_items"."document_checklist_id" IN (\'2c8937b1baaf48228c83b1fbd06adc03\') ORDER BY "checklist_items"."display_order" ASC, "checklist_items"."checklist_item_id" ASC', 'SELECT "approval_cases"."approval_case_id", "approval_cases"."loan_application_id", "approval_cases"."loan_appraisal_note_id", "approval_cases"."appraisal_review_decision_id", "approval_cases"."appraisal_revision", "approval_cases"."appraisal_facts_json", "approval_cases"."cycle_number", "approval_cases"."approval_type", "approval_cases"."current_status", "approval_cases"."exception_required_flag", "approval_cases"."submission_remarks", "approval_cases"."submitted_by_user_id", "approval_cases"."submitted_at", "approval_cases"."workflow_event_id", "approval_cases"."approval_matrix_rule_id", "approval_cases"."approval_matrix_rule_version", "approval_cases"."sanction_committee_id", "approval_cases"."sanction_committee_version", "approval_cases"."required_approvers_json", "approval_cases"."excluded_approvers_json", "approval_cases"."general_meeting_evidence_required", "approval_cases"."general_meeting_approval_id", "approval_cases"."conflict_block_reason", "approval_cases"."amount", "approval_cases"."related_entity_type", "approval_cases"."related_entity_id", "approval_cases"."reason_for_approval", "approval_cases"."reason_for_rejection", "approval_cases"."exception_condition_code", "approval_cases"."exception_reason", "approval_cases"."matrix_projection_json", "approval_cases"."committee_projection_json", "approval_cases"."loan_limit_provenance_json", "approval_cases"."decision_date", "approval_cases"."version", "approval_cases"."closed_at", "approval_cases"."routing_snapshot_is_coherent" FROM "approval_cases" WHERE "approval_cases"."loan_application_id" = \'50497eac44b44386abcd0a86d6743a8f\' ORDER BY "approval_cases"."cycle_number" DESC, "approval_cases"."submitted_at" DESC LIMIT 1', 'SELECT "approval_actions"."approval_action_id", "approval_actions"."approval_case_id", "approval_actions"."approver_user_id", "approval_actions"."approver_role_code", "approval_actions"."approver_display_name", "approval_actions"."decision", "approval_actions"."comments", "approval_actions"."acted_at", "approval_actions"."digital_signature_id", "approval_actions"."ip_address", "approval_actions"."user_agent" FROM "approval_actions" WHERE "approval_actions"."approval_case_id" IN (\'6c73da78f6254a2597ebb804e1da4bcf\') ORDER BY "approval_actions"."acted_at" ASC, "approval_actions"."approval_action_id" ASC', 'SELECT "approval_case_read_scope_grants"."scope_type" FROM "approval_case_read_scope_grants" WHERE ("approval_case_read_scope_grants"."role_id" = \'256ebcc6fa6644e2b090a278ce66e4de\' AND "approval_case_read_scope_grants"."status" = \'active\') ORDER BY "approval_case_read_scope_grants"."scope_type" ASC LIMIT 1']

======================================================================
FAIL: test_get_enforces_permission_and_source_authorised_object_scope (sfpcl_credit.tests.test_document_checklist_api.DocumentChecklistApiTests.test_get_enforces_permission_and_source_authorised_object_scope) (user='director-7@sfpcl.example')
----------------------------------------------------------------------
Traceback (most recent call last):
  File "/Users/amitkallapa/LMS/.ralph/worktrees/2026-07-14_134809_normal_run/sfpcl_credit/tests/test_document_checklist_api.py", line 595, in test_get_enforces_permission_and_source_authorised_object_scope
    self.assertFalse(
AssertionError: True is not false : ['SELECT "user_sessions"."user_session_id", "user_sessions"."user_id", "user_sessions"."refresh_token_hash", "user_sessions"."session_status", "user_sessions"."ip_address", "user_sessions"."user_agent", "user_sessions"."created_at", "user_sessions"."last_used_at", "user_sessions"."expires_at", "user_sessions"."revoked_at", "user_sessions"."revoked_reason", "users"."user_id", "users"."full_name", "users"."email", "users"."mobile_number", "users"."employee_code", "users"."status", "users"."primary_role_id", "users"."approval_authority_type", "users"."password_hash", "users"."last_login_at", "users"."created_at", "users"."created_by_user_id", "users"."updated_at", "users"."updated_by_user_id", "roles"."role_id", "roles"."role_code", "roles"."role_name", "roles"."description", "roles"."is_system_role", "roles"."status" FROM "user_sessions" INNER JOIN "users" ON ("user_sessions"."user_id" = "users"."user_id") INNER JOIN "roles" ON ("users"."primary_role_id" = "roles"."role_id") WHERE "user_sessions"."user_session_id" = \'21ea63e153f04eccb6232e31ac91b7ec\' LIMIT 21', 'SELECT "portal_accounts"."portal_account_id", "portal_accounts"."member_id", "portal_accounts"."user_id", "portal_accounts"."status", "portal_accounts"."activated_at", "portal_accounts"."otp_login_enabled", "portal_accounts"."created_at", "portal_accounts"."updated_at", "members"."member_id", "members"."member_number", "members"."member_type", "members"."legal_name", "members"."display_name", "members"."folio_number", "members"."membership_start_date", "members"."membership_status", "members"."pan_encrypted", "members"."pan_hash", "members"."aadhaar_encrypted", "members"."aadhaar_hash", "members"."registered_address_line1", "members"."registered_address_line2", "members"."registered_village_city", "members"."registered_district", "members"."registered_state", "members"."registered_pincode", "members"."mobile_number", "members"."email", "members"."kyc_status", "members"."rekyc_due_date", "members"."default_status", "members"."active_member_status_id", "members"."primary_bank_account_id", "members"."number_of_shares", "members"."holding_mode", "members"."available_share_count", "members"."active_member_status", "members"."active_member_verified_at", "members"."created_at", "members"."created_by_user_id", "members"."updated_at", "members"."updated_by_user_id", "members"."version", "members"."is_deleted" FROM "portal_accounts" INNER JOIN "members" ON ("portal_accounts"."member_id" = "members"."member_id") WHERE "portal_accounts"."user_id" = \'6edea6cb2e6144f7a7309918d0e10ab1\' ORDER BY "portal_accounts"."portal_account_id" ASC LIMIT 1', 'SELECT "loan_applications"."application_status" FROM "loan_applications" WHERE "loan_applications"."loan_application_id" = \'50497eac44b44386abcd0a86d6743a8f\' ORDER BY "loan_applications"."loan_application_id" ASC LIMIT 1', 'SELECT "permissions"."permission_code" FROM "permissions" INNER JOIN "role_permissions" ON ("permissions"."permission_id" = "role_permissions"."permission_id") WHERE "role_permissions"."role_id" = \'b74c304b53c640909791cc18cd752270\' ORDER BY "permissions"."permission_code" ASC', 'SELECT "document_checklists"."document_checklist_id", "document_checklists"."loan_application_id", "document_checklists"."loan_account_id", "document_checklists"."checklist_status", "document_checklists"."company_secretary_signature_id", "document_checklists"."credit_manager_signature_id", "document_checklists"."sanction_committee_signature_id", "document_checklists"."senior_manager_finance_signature_id", "document_checklists"."remarks", "document_checklists"."created_at", "document_checklists"."updated_at", "loan_applications"."loan_application_id", "loan_applications"."application_reference_number", "loan_applications"."member_id", "loan_applications"."borrower_type", "loan_applications"."application_channel", "loan_applications"."application_date", "loan_applications"."received_by_user_id", "loan_applications"."required_loan_amount", "loan_applications"."requested_tenure_months", "loan_applications"."declared_purpose", "loan_applications"."purpose_category", "loan_applications"."nominee_id", "loan_applications"."loan_type_requested", "loan_applications"."land_holding_id", "loan_applications"."crop_plan_id", "loan_applications"."bank_account_id", "loan_applications"."cancelled_cheque_id", "loan_applications"."borrower_request_notes", "loan_applications"."current_stage", "loan_applications"."application_status", "loan_applications"."completeness_status", "loan_applications"."terms_acceptance_flag", "loan_applications"."submitted_at", "loan_applications"."submitted_by_user_id", "loan_applications"."created_at", "loan_applications"."created_by_user_id", "loan_applications"."updated_at", "loan_applications"."updated_by_user_id" FROM "document_checklists" INNER JOIN "loan_applications" ON ("document_checklists"."loan_application_id" = "loan_applications"."loan_application_id") WHERE "document_checklists"."loan_application_id" = \'50497eac44b44386abcd0a86d6743a8f\' ORDER BY "document_checklists"."created_at" ASC, "document_checklists"."document_checklist_id" ASC LIMIT 1', 'SELECT "checklist_items"."checklist_item_id", "checklist_items"."document_checklist_id", "checklist_items"."loan_document_id", "checklist_items"."item_code", "checklist_items"."item_label", "checklist_items"."display_order", "checklist_items"."required_flag", "checklist_items"."applicable_flag", "checklist_items"."completion_status", "checklist_items"."applicability_source", "checklist_items"."applicability_blocker", "checklist_items"."verified_by_user_id", "checklist_items"."verified_at", "checklist_items"."remarks" FROM "checklist_items" WHERE "checklist_items"."document_checklist_id" IN (\'2c8937b1baaf48228c83b1fbd06adc03\') ORDER BY "checklist_items"."display_order" ASC, "checklist_items"."checklist_item_id" ASC', 'SELECT "approval_cases"."approval_case_id", "approval_cases"."loan_application_id", "approval_cases"."loan_appraisal_note_id", "approval_cases"."appraisal_review_decision_id", "approval_cases"."appraisal_revision", "approval_cases"."appraisal_facts_json", "approval_cases"."cycle_number", "approval_cases"."approval_type", "approval_cases"."current_status", "approval_cases"."exception_required_flag", "approval_cases"."submission_remarks", "approval_cases"."submitted_by_user_id", "approval_cases"."submitted_at", "approval_cases"."workflow_event_id", "approval_cases"."approval_matrix_rule_id", "approval_cases"."approval_matrix_rule_version", "approval_cases"."sanction_committee_id", "approval_cases"."sanction_committee_version", "approval_cases"."required_approvers_json", "approval_cases"."excluded_approvers_json", "approval_cases"."general_meeting_evidence_required", "approval_cases"."general_meeting_approval_id", "approval_cases"."conflict_block_reason", "approval_cases"."amount", "approval_cases"."related_entity_type", "approval_cases"."related_entity_id", "approval_cases"."reason_for_approval", "approval_cases"."reason_for_rejection", "approval_cases"."exception_condition_code", "approval_cases"."exception_reason", "approval_cases"."matrix_projection_json", "approval_cases"."committee_projection_json", "approval_cases"."loan_limit_provenance_json", "approval_cases"."decision_date", "approval_cases"."version", "approval_cases"."closed_at", "approval_cases"."routing_snapshot_is_coherent" FROM "approval_cases" WHERE "approval_cases"."loan_application_id" = \'50497eac44b44386abcd0a86d6743a8f\' ORDER BY "approval_cases"."cycle_number" DESC, "approval_cases"."submitted_at" DESC LIMIT 1', 'SELECT "approval_actions"."approval_action_id", "approval_actions"."approval_case_id", "approval_actions"."approver_user_id", "approval_actions"."approver_role_code", "approval_actions"."approver_display_name", "approval_actions"."decision", "approval_actions"."comments", "approval_actions"."acted_at", "approval_actions"."digital_signature_id", "approval_actions"."ip_address", "approval_actions"."user_agent" FROM "approval_actions" WHERE "approval_actions"."approval_case_id" IN (\'6c73da78f6254a2597ebb804e1da4bcf\') ORDER BY "approval_actions"."acted_at" ASC, "approval_actions"."approval_action_id" ASC', 'SELECT "approval_case_read_scope_grants"."scope_type" FROM "approval_case_read_scope_grants" WHERE ("approval_case_read_scope_grants"."role_id" = \'b74c304b53c640909791cc18cd752270\' AND "approval_case_read_scope_grants"."status" = \'active\') ORDER BY "approval_case_read_scope_grants"."scope_type" ASC LIMIT 1']

======================================================================
FAIL: test_get_enforces_permission_and_source_authorised_object_scope (sfpcl_credit.tests.test_document_checklist_api.DocumentChecklistApiTests.test_get_enforces_permission_and_source_authorised_object_scope)
----------------------------------------------------------------------
Traceback (most recent call last):
  File "/Users/amitkallapa/LMS/.ralph/worktrees/2026-07-14_134809_normal_run/sfpcl_credit/tests/test_document_checklist_api.py", line 628, in test_get_enforces_permission_and_source_authorised_object_scope
    self.assertEqual(unknown_compliance.status_code, 404)
AssertionError: 403 != 404

----------------------------------------------------------------------
Ran 1 test in 0.086s

FAILED (failures=3)
Destroying test database for alias 'default' ('file:memorydb_default?mode=memory&cache=shared')...
