Command:
/Users/amitkallapa/LMS/.ralph/venv/bin/python manage.py test sfpcl_credit.tests.test_seed_portal_e2e_fixture.SeedPortalE2eFixtureTests.test_seed_is_idempotent_and_exposes_real_portal_contracts --verbosity 2

Working directory: sfpcl_credit/
Exit code: 1

Focused failure:

FAIL: test_seed_is_idempotent_and_exposes_real_portal_contracts

Traceback (most recent call last):
  File "sfpcl_credit/tests/test_seed_portal_e2e_fixture.py", line 77, in test_seed_is_idempotent_and_exposes_real_portal_contracts
    self.assertEqual(
AssertionError: Lists differ: [] != [{'role_code': 'borrower_portal_user', 'role_name': 'Borrower / Member'}]

- []
+ [{'role_code': 'borrower_portal_user', 'role_name': 'Borrower / Member'}]

Ran 1 test in 0.158s
FAILED (failures=1)

Diagnosis: the guarded E2E seed uses the catalogue's inactive borrower role. Real portal login and
`/auth/me` therefore succeed, but the role list is empty and the frontend selects the staff shell.

Expanded red command:
/Users/amitkallapa/LMS/.ralph/venv/bin/python manage.py test sfpcl_credit.tests.test_catalogue_seed.CatalogueSeedTests.test_seed_creates_standard_role_and_team_codes sfpcl_credit.tests.test_seed_portal_e2e_fixture.SeedPortalE2eFixtureTests.test_seed_is_idempotent_and_exposes_real_portal_contracts --verbosity 1

Exit code: 1
Found 2 test(s).
FAIL: catalogue borrower status was `inactive`, expected `active`.
FAIL: `/auth/me` roles were `[]`, expected the borrower portal role.
Ran 2 tests in 0.259s; FAILED (failures=2).
