Command:
RALPH_EVIDENCE_DIR=/Users/amitkallapa/LMS/.ralph/worktrees/2026-07-15_193120_normal_run/.ralph/runs/2026-07-15_204059_repair/evidence/screenshots E2E_DJANGO_PYTHON=/Users/amitkallapa/LMS/.ralph/venv/bin/python npm run e2e -- e2e/member-portal-documentation-actions.e2e.spec.ts e2e/member-portal-deficiency-response.e2e.spec.ts

Working directory: sfpcl-lms/


> sfpcl-lms@1.0.0 e2e
> playwright test e2e/member-portal-documentation-actions.e2e.spec.ts e2e/member-portal-deficiency-response.e2e.spec.ts

[2m[WebServer] [22m[15/Jul/2026 15:31:09] "GET /api/v1/health/ready/ HTTP/1.1" 200 202
[2m[WebServer] [22m[33mThe CJS build of Vite's Node API is deprecated. See https://vite.dev/guide/troubleshooting.html#vite-cjs-node-api-deprecated for more details.[39m

Running 2 tests using 1 worker

[2m[WebServer] [22m[15/Jul/2026 15:31:12] "OPTIONS /api/v1/portal/auth/login/ HTTP/1.1" 200 0
[2m[WebServer] [22m[15/Jul/2026 15:31:12] "POST /api/v1/portal/auth/login/ HTTP/1.1" 200 2172
[2m[WebServer] [22m[15/Jul/2026 15:31:12] "OPTIONS /api/v1/auth/me/ HTTP/1.1" 200 0
[2m[WebServer] [22m[15/Jul/2026 15:31:12] "GET /api/v1/auth/me/ HTTP/1.1" 200 1056
[2m[WebServer] [22m[15/Jul/2026 15:31:12] "OPTIONS /api/v1/portal/dashboard/ HTTP/1.1" 200 0
[2m[WebServer] [22m[15/Jul/2026 15:31:12] "OPTIONS /api/v1/portal/dashboard/ HTTP/1.1" 200 0
[2m[WebServer] [22m[15/Jul/2026 15:31:12] "GET /api/v1/portal/dashboard/ HTTP/1.1" 200 933
[2m[WebServer] [22m[15/Jul/2026 15:31:12] "GET /api/v1/portal/dashboard/ HTTP/1.1" 200 933
[2m[WebServer] [22m[15/Jul/2026 15:31:12] "OPTIONS /api/v1/portal/applications/ HTTP/1.1" 200 0
[2m[WebServer] [22m[15/Jul/2026 15:31:12] "OPTIONS /api/v1/portal/applications/ HTTP/1.1" 200 0
[2m[WebServer] [22m[15/Jul/2026 15:31:12] "GET /api/v1/portal/applications/ HTTP/1.1" 200 1403
[2m[WebServer] [22m[15/Jul/2026 15:31:12] "GET /api/v1/portal/applications/ HTTP/1.1" 200 1403
[2m[WebServer] [22m[15/Jul/2026 15:31:12] "OPTIONS /api/v1/portal/applications/0c6ebca5-e29c-4ff2-9643-fb5030d75f9c/ HTTP/1.1" 200 0
[2m[WebServer] [22m[15/Jul/2026 15:31:12] "OPTIONS /api/v1/portal/applications/0c6ebca5-e29c-4ff2-9643-fb5030d75f9c/ HTTP/1.1" 200 0
[2m[WebServer] [22m[15/Jul/2026 15:31:12] "GET /api/v1/portal/applications/0c6ebca5-e29c-4ff2-9643-fb5030d75f9c/ HTTP/1.1" 200 2326
[2m[WebServer] [22m[15/Jul/2026 15:31:13] "GET /api/v1/portal/applications/0c6ebca5-e29c-4ff2-9643-fb5030d75f9c/ HTTP/1.1" 200 2326
[2m[WebServer] [22m[15/Jul/2026 15:31:13] "OPTIONS /api/v1/portal/applications/0c6ebca5-e29c-4ff2-9643-fb5030d75f9c/deficiencies/ HTTP/1.1" 200 0
[2m[WebServer] [22m[15/Jul/2026 15:31:13] "OPTIONS /api/v1/portal/applications/0c6ebca5-e29c-4ff2-9643-fb5030d75f9c/deficiencies/ HTTP/1.1" 200 0
[2m[WebServer] [22m[15/Jul/2026 15:31:13] "GET /api/v1/portal/applications/0c6ebca5-e29c-4ff2-9643-fb5030d75f9c/deficiencies/ HTTP/1.1" 200 915
[2m[WebServer] [22m[15/Jul/2026 15:31:13] "GET /api/v1/portal/applications/0c6ebca5-e29c-4ff2-9643-fb5030d75f9c/deficiencies/ HTTP/1.1" 200 915
  ‚úė  1 [chromium] ‚Äļ member-portal-deficiency-response.e2e.spec.ts:11:5 ‚Äļ MP11 uploads and resubmits through the real Django lifecycle boundary (2.2s)
[2m[WebServer] [22m[15/Jul/2026 15:31:14] "OPTIONS /api/v1/portal/auth/login/ HTTP/1.1" 200 0
[2m[WebServer] [22m[15/Jul/2026 15:31:14] "POST /api/v1/portal/auth/login/ HTTP/1.1" 200 2172
[2m[WebServer] [22m[15/Jul/2026 15:31:14] "OPTIONS /api/v1/auth/me/ HTTP/1.1" 200 0
[2m[WebServer] [22m[15/Jul/2026 15:31:14] "GET /api/v1/auth/me/ HTTP/1.1" 200 1056
[2m[WebServer] [22m[15/Jul/2026 15:31:14] "OPTIONS /api/v1/portal/dashboard/ HTTP/1.1" 200 0
[2m[WebServer] [22m[15/Jul/2026 15:31:14] "OPTIONS /api/v1/portal/dashboard/ HTTP/1.1" 200 0
[2m[WebServer] [22m[15/Jul/2026 15:31:14] "GET /api/v1/portal/dashboard/ HTTP/1.1" 200 933
[2m[WebServer] [22m[15/Jul/2026 15:31:14] "GET /api/v1/portal/dashboard/ HTTP/1.1" 200 933
[2m[WebServer] [22m[15/Jul/2026 15:31:14] "OPTIONS /api/v1/portal/applications/ HTTP/1.1" 200 0
[2m[WebServer] [22m[15/Jul/2026 15:31:14] "OPTIONS /api/v1/portal/applications/ HTTP/1.1" 200 0
[2m[WebServer] [22m[15/Jul/2026 15:31:14] "GET /api/v1/portal/applications/ HTTP/1.1" 200 1403
[2m[WebServer] [22m[15/Jul/2026 15:31:14] "GET /api/v1/portal/applications/ HTTP/1.1" 200 1403
[2m[WebServer] [22m[15/Jul/2026 15:31:14] "OPTIONS /api/v1/portal/applications/f4117ea3-0ae6-426c-b7fa-849aac0108cf/documentation-actions/ HTTP/1.1" 200 0
[2m[WebServer] [22m[15/Jul/2026 15:31:14] "GET /api/v1/portal/applications/f4117ea3-0ae6-426c-b7fa-849aac0108cf/documentation-actions/ HTTP/1.1" 200 4514
[2m[WebServer] [22m[15/Jul/2026 15:31:15] "OPTIONS /api/v1/portal/applications/f4117ea3-0ae6-426c-b7fa-849aac0108cf/documentation-actions/cancelled_cheque/upload/ HTTP/1.1" 200 0
[2m[WebServer] [22m[15/Jul/2026 15:31:15] "POST /api/v1/portal/applications/f4117ea3-0ae6-426c-b7fa-849aac0108cf/documentation-actions/cancelled_cheque/upload/ HTTP/1.1" 200 474
[2m[WebServer] [22m[15/Jul/2026 15:31:15] "GET /api/v1/portal/applications/f4117ea3-0ae6-426c-b7fa-849aac0108cf/documentation-actions/ HTTP/1.1" 200 4507
  ‚úė  2 [chromium] ‚Äļ member-portal-documentation-actions.e2e.spec.ts:11:5 ‚Äļ MP07 uses the real portal session, upload, current download, and denial boundary (6.5s)


  1) [chromium] ‚Äļ member-portal-deficiency-response.e2e.spec.ts:11:5 ‚Äļ MP11 uploads and resubmits through the real Django lifecycle boundary

    Error: expect.toBeVisible: Error: strict mode violation: getByText('Upload the missing six-month bank statement.') resolved to 2 elements:
        1) <span>Upload the missing six-month bank statement.</span> aka locator('span').filter({ hasText: 'Upload the missing six-month' })
        2) <p class="text-sm font-semibold text-slate-900 mt-1">Upload the missing six-month bank statement.</p> aka locator('p').filter({ hasText: 'Upload the missing six-month' })

    Call log:
    [2m  - expect.toBeVisible with timeout 5000ms[22m
    [2m  - waiting for getByText('Upload the missing six-month bank statement.')[22m


      15 |   await page.getByRole('button', { name: 'Submitted Data & Deficiencies' }).click();
      16 |   await expect(page.getByRole('heading', { name: 'Deficiency Response', exact: true })).toBeVisible();
    > 17 |   await expect(page.getByText('Upload the missing six-month bank statement.')).toBeVisible();
         |                                                                                ^
      18 |   await page.screenshot({ path: path.join(evidenceRoot, 'portal-deficiency-mobile-response.png'), fullPage: true });
      19 |
      20 |   await page.getByLabel('Replacement document').setInputFiles({
        at /Users/amitkallapa/LMS/.ralph/worktrees/2026-07-15_193120_normal_run/sfpcl-lms/e2e/member-portal-deficiency-response.e2e.spec.ts:17:80

  2) [chromium] ‚Äļ member-portal-documentation-actions.e2e.spec.ts:11:5 ‚Äļ MP07 uses the real portal session, upload, current download, and denial boundary

    Error: [31mTimed out 5000ms waiting for [39m[2mexpect([22m[31mlocator[39m[2m).[22mtoBeVisible[2m()[22m

    Locator: getByText('Submitted', { exact: true })
    Expected: visible
    Received: <element(s) not found>
    Call log:
    [2m  - expect.toBeVisible with timeout 5000ms[22m
    [2m  - waiting for getByText('Submitted', { exact: true })[22m


      23 |   await page.getByRole('button', { name: 'Upload', exact: true }).click();
      24 |   await expect(page.getByText('Document uploaded for SFPCL review.')).toBeVisible();
    > 25 |   await expect(page.getByText('Submitted', { exact: true })).toBeVisible();
         |                                                              ^
      26 |
      27 |   await expect(page.getByText('Complete', { exact: true })).toBeVisible();
      28 |   await expect(page.getByRole('button', { name: 'Download Term Sheet' })).toBeVisible();
        at /Users/amitkallapa/LMS/.ralph/worktrees/2026-07-15_193120_normal_run/sfpcl-lms/e2e/member-portal-documentation-actions.e2e.spec.ts:25:62

  2 failed
    [chromium] ‚Äļ member-portal-deficiency-response.e2e.spec.ts:11:5 ‚Äļ MP11 uploads and resubmits through the real Django lifecycle boundary
    [chromium] ‚Äļ member-portal-documentation-actions.e2e.spec.ts:11:5 ‚Äļ MP07 uses the real portal session, upload, current download, and denial boundary

Exit code: 1
