
> sfpcl-lms@1.0.0 test
> vitest run --run src/pages/members/MemberProfile.test.tsx

[33mThe CJS build of Vite's Node API is deprecated. See https://vite.dev/guide/troubleshooting.html#vite-cjs-node-api-deprecated for more details.[39m

 RUN  v3.2.6 /Users/amitkallapa/LMS/.ralph/worktrees/2026-07-09_132917_normal_run/sfpcl-lms

 ❯ src/pages/members/MemberProfile.test.tsx (24 tests | 2 failed) 151ms
   ✓ member profile API client > loads a member profile detail from the backend with the stored bearer token 3ms
   ✓ member profile API client > surfaces AUTH_REQUIRED without substituting mock profile data 1ms
   ✓ member profile API client > surfaces PERMISSION_DENIED without substituting mock profile data 0ms
   ✓ member profile API client > surfaces NOT_FOUND without substituting mock profile data 0ms
   ✓ member profile API client > loads member nominees through the source-backed nominee endpoint 1ms
   ✓ member profile API client > creates member nominees without falling back to mock data and surfaces validation fields 1ms
   ✓ member profile API client > loads member shareholdings through the source-backed shareholding endpoint 0ms
   ✓ member profile API client > creates member shareholdings and surfaces validation fields 0ms
   ✓ member profile API client > loads land holdings and crop plans through source-backed endpoints 1ms
   ✓ member profile API client > creates land holdings and crop plans and surfaces validation fields 1ms
   × member profile API client > loads, creates, updates, uploads, and verifies member KYC records through source-backed endpoints 4ms
     → File is not defined
   ✓ MemberProfileView > renders API-backed overview data, masked identifiers, and no reveal controls 44ms
   ✓ MemberProfileView > renders individual farmer profile details from the API 5ms
   ✓ MemberProfileView > renders producer institution details without sensitive signatory identifiers 5ms
   ✓ MemberProfileView > uses the existing empty-value treatment when the type-specific profile is missing 4ms
   ✓ MemberProfileView > renders deferred tab empty states instead of synthetic mock rows 10ms
   ✓ MemberProfileView > renders shareholding tab list and create states from the API 13ms
   ✓ MemberProfileView > renders shareholding validation errors without falling back to profile summary rows 3ms
   ✓ MemberProfileView > renders nominee tab list and masked identifiers from the API 4ms
   ✓ MemberProfileView > renders nominee empty, loading, error, forbidden, validation, and success states 20ms
   ✓ MemberProfileView > renders land and crop tab list, loading, empty, error, validation, and success states from the API 15ms
   ✓ MemberProfileView > renders land and crop validation errors without falling back to profile summary rows 4ms
   × MemberProfileView > renders KYC tab loading, empty, error, validation, success, and document metadata states from the API 9ms
     → expected '<div class="p-6 space-y-4"><div class…' to contain 'Loading KYC records'
   ✓ MemberProfileView > renders loading, empty, and auth/error states using existing profile layout patterns 4ms

⎯⎯⎯⎯⎯⎯⎯ Failed Tests 2 ⎯⎯⎯⎯⎯⎯⎯

 FAIL  src/pages/members/MemberProfile.test.tsx > member profile API client > loads, creates, updates, uploads, and verifies member KYC records through source-backed endpoints
ReferenceError: File is not defined
 ❯ src/pages/members/MemberProfile.test.tsx:240:24
    238| 
    239|   it('loads, creates, updates, uploads, and verifies member KYC record…
    240|     const uploadFile = new File(['pan-bytes'], 'borrower-pan.pdf', { t…
       |                        ^
    241|     const fetchMock = vi.fn()
    242|       .mockResolvedValueOnce(ok(kycProfile))

⎯⎯⎯⎯⎯⎯⎯⎯⎯⎯⎯⎯⎯⎯⎯⎯⎯⎯⎯⎯⎯⎯⎯⎯[1/2]⎯

 FAIL  src/pages/members/MemberProfile.test.tsx > MemberProfileView > renders KYC tab loading, empty, error, validation, success, and document metadata states from the API
AssertionError: expected '<div class="p-6 space-y-4"><div class…' to contain 'Loading KYC records'

Expected: "Loading KYC records"
Received: "<div class="p-6 space-y-4"><div class="flex items-start gap-3"><button class="mt-1 text-slate-500 hover:text-slate-700 flex-shrink-0"><svg xmlns="http://www.w3.org/2000/svg" width="20" height="20" viewBox="0 0 24 24" fill="none" stroke="currentColor" stroke-width="2" stroke-linecap="round" stroke-linejoin="round" class="lucide lucide-chevron-left" aria-hidden="true"><path d="m15 18-6-6 6-6"></path></svg></button><div class="flex-1 min-w-0"><div class="flex items-center gap-3 flex-wrap"><div class="w-12 h-12 rounded-full flex items-center justify-center flex-shrink-0 bg-green-100"><svg xmlns="http://www.w3.org/2000/svg" width="22" height="22" viewBox="0 0 24 24" fill="none" stroke="currentColor" stroke-width="2" stroke-linecap="round" stroke-linejoin="round" class="lucide lucide-user text-green-700" aria-hidden="true"><path d="M19 21v-2a4 4 0 0 0-4-4H9a4 4 0 0 0-4 4v2"></path><circle cx="12" cy="7" r="4"></circle></svg></div><div class="flex-1 min-w-0"><div class="flex items-center gap-2 flex-wrap"><h1 class="text-xl font-bold text-slate-900">Ramesh Patil</h1><span class="inline-flex items-center gap-1 font-medium rounded-full border whitespace-nowrap bg-green-50 text-green-900 border-green-100 text-xs px-2 py-0.5 h-5"><svg xmlns="http://www.w3.org/2000/svg" width="10" height="10" viewBox="0 0 24 24" fill="none" stroke="currentColor" stroke-width="2" stroke-linecap="round" stroke-linejoin="round" class="lucide lucide-circle-check" aria-hidden="true"><circle cx="12" cy="12" r="10"></circle><path d="m9 12 2 2 4-4"></path></svg>Active Member</span><span class="inline-flex items-center gap-1 font-medium rounded-full border whitespace-nowrap bg-green-50 text-green-900 border-green-100 text-xs px-2 py-0.5 h-5"><svg xmlns="http://www.w3.org/2000/svg" width="10" height="10" viewBox="0 0 24 24" fill="none" stroke="currentColor" stroke-width="2" stroke-linecap="round" stroke-linejoin="round" class="lucide lucide-circle-check" aria-hidden="true"><circle cx="12" cy="12" r="10"></circle><path d="m9 12 2 2 4-4"></path></svg>KYC Verified</span></div><p class="text-sm text-slate-500 mt-0.5">Folio: <span class="font-semibold text-slate-900 num">FOL-456</span> · individual farmer · Member since 2021 · Shares: 100 (physical)</p></div><div class="flex gap-2 flex-shrink-0"><button class="btn-secondary text-xs disabled:opacity-50 disabled:cursor-not-allowed">Start Application</button><button class="btn-secondary text-xs">View KYC</button></div></div></div></div><div class="flex flex-col flex-1 min-h-0"><div class="border-b border-slate-200 overflow-x-auto"><div class="flex gap-0 min-w-max pr-6"><button class="flex items-center gap-1.5 px-4 py-3 text-sm font-medium border-b-2 transition-colors whitespace-nowrap focus:outline-none focus-visible:ring-2 focus-visible:ring-green-500/50 border-transparent text-slate-500 hover:text-slate-700 hover:border-slate-300">Overview</button><button class="flex items-center gap-1.5 px-4 py-3 text-sm font-medium border-b-2 transition-colors whitespace-nowrap focus:outline-none focus-visible:ring-2 focus-visible:ring-green-500/50 border-transparent text-slate-500 hover:text-slate-700 hover:border-slate-300">Shareholding</button><button class="flex items-center gap-1.5 px-4 py-3 text-sm font-medium border-b-2 transition-colors whitespace-nowrap focus:outline-none focus-visible:ring-2 focus-visible:ring-green-500/50 border-transparent text-slate-500 hover:text-slate-700 hover:border-slate-300">Produce Supply</button><button class="flex items-center gap-1.5 px-4 py-3 text-sm font-medium border-b-2 transition-colors whitespace-nowrap focus:outline-none focus-visible:ring-2 focus-visible:ring-green-500/50 border-transparent text-slate-500 hover:text-slate-700 hover:border-slate-300">Services Availed</button><button class="flex items-center gap-1.5 px-4 py-3 text-sm font-medium border-b-2 transition-colors whitespace-nowrap focus:outline-none focus-visible:ring-2 focus-visible:ring-green-500/50 border-transparent text-slate-500 hover:text-slate-700 hover:border-slate-300">Land &amp; Crop</button><button class="flex items-center gap-1.5 px-4 py-3 text-sm font-medium border-b-2 transition-colors whitespace-nowrap focus:outline-none focus-visible:ring-2 focus-visible:ring-green-500/50 border-green-600 text-green-700">KYC</button><button class="flex items-center gap-1.5 px-4 py-3 text-sm font-medium border-b-2 transition-colors whitespace-nowrap focus:outline-none focus-visible:ring-2 focus-visible:ring-green-500/50 border-transparent text-slate-500 hover:text-slate-700 hover:border-slate-300">Loans</button><button class="flex items-center gap-1.5 px-4 py-3 text-sm font-medium border-b-2 transition-colors whitespace-nowrap focus:outline-none focus-visible:ring-2 focus-visible:ring-green-500/50 border-transparent text-slate-500 hover:text-slate-700 hover:border-slate-300">Nominee</button><button class="flex items-center gap-1.5 px-4 py-3 text-sm font-medium border-b-2 transition-colors whitespace-nowrap focus:outline-none focus-visible:ring-2 focus-visible:ring-green-500/50 border-transparent text-slate-500 hover:text-slate-700 hover:border-slate-300">Communications</button><button class="flex items-center gap-1.5 px-4 py-3 text-sm font-medium border-b-2 transition-colors whitespace-nowrap focus:outline-none focus-visible:ring-2 focus-visible:ring-green-500/50 border-transparent text-slate-500 hover:text-slate-700 hover:border-slate-300">Audit Trail</button></div></div><div class="flex-1 overflow-y-auto pt-5"><div class="card space-y-4"><div class="flex items-center justify-between"><h3 class="font-semibold text-slate-800">KYC Status</h3><span class="inline-flex items-center gap-1 font-medium rounded-full border whitespace-nowrap bg-green-50 text-green-900 border-green-100 text-xs px-2.5 py-1 h-6"><svg xmlns="http://www.w3.org/2000/svg" width="10" height="10" viewBox="0 0 24 24" fill="none" stroke="currentColor" stroke-width="2" stroke-linecap="round" stroke-linejoin="round" class="lucide lucide-circle-check" aria-hidden="true"><circle cx="12" cy="12" r="10"></circle><path d="m9 12 2 2 4-4"></path></svg>KYC Verified</span></div><div class="grid grid-cols-1 sm:grid-cols-2 gap-4"><div class="flex items-center gap-3 bg-amber-50 border border-amber-100 rounded-lg p-3"><div class="flex-1"><p class="text-xs text-slate-500">PAN</p><p class="text-sm font-mono font-semibold text-slate-900">******234F</p></div><svg xmlns="http://www.w3.org/2000/svg" width="14" height="14" viewBox="0 0 24 24" fill="none" stroke="currentColor" stroke-width="2" stroke-linecap="round" stroke-linejoin="round" class="lucide lucide-lock text-amber-700" aria-hidden="true"><rect width="18" height="11" x="3" y="11" rx="2" ry="2"></rect><path d="M7 11V7a5 5 0 0 1 10 0v4"></path></svg></div><div class="flex items-center gap-3 bg-amber-50 border border-amber-100 rounded-lg p-3"><div class="flex-1"><p class="text-xs text-slate-500">Aadhaar</p><p class="text-sm font-mono font-semibold text-slate-900">********9012</p></div><svg xmlns="http://www.w3.org/2000/svg" width="14" height="14" viewBox="0 0 24 24" fill="none" stroke="currentColor" stroke-width="2" stroke-linecap="round" stroke-linejoin="round" class="lucide lucide-lock text-amber-700" aria-hidden="true"><rect width="18" height="11" x="3" y="11" rx="2" ry="2"></rect><path d="M7 11V7a5 5 0 0 1 10 0v4"></path></svg></div></div><div class="flex items-center gap-3 bg-slate-50 border border-slate-200 rounded-lg p-4"><svg xmlns="http://www.w3.org/2000/svg" width="18" height="18" viewBox="0 0 24 24" fill="none" stroke="currentColor" stroke-width="2" stroke-linecap="round" stroke-linejoin="round" class="lucide lucide-shield text-slate-500 flex-shrink-0" aria-hidden="true"><path d="M20 13c0 5-3.5 7.5-7.66 8.95a1 1 0 0 1-.67-.01C7.5 20.5 4 18 4 13V6a1 1 0 0 1 1-1c2 0 4.5-1.2 6.24-2.72a1.17 1.17 0 0 1 1.52 0C14.51 3.81 17 5 19 5a1 1 0 0 1 1 1z"></path></svg><p class="text-sm font-semibold text-slate-700">KYC document records are not available from the backend yet.</p></div></div></div></div></div>"

 ❯ src/pages/members/MemberProfile.test.tsx:466:79
    464| 
    465|   it('renders KYC tab loading, empty, error, validation, success, and …
    466|     expect(renderProfile('success', member, 5, '', { kycStatus: 'loadi…
       |                                                                               ^
    467|     expect(renderProfile('success', member, 5, '', { kycStatus: 'empty…
    468|     expect(renderProfile('success', member, 5, '', { kycStatus: 'error…

⎯⎯⎯⎯⎯⎯⎯⎯⎯⎯⎯⎯⎯⎯⎯⎯⎯⎯⎯⎯⎯⎯⎯⎯[2/2]⎯


 Test Files  1 failed (1)
      Tests  2 failed | 22 passed (24)
   Start at  13:39:08
   Duration  851ms (transform 150ms, setup 0ms, collect 222ms, tests 151ms, environment 0ms, prepare 55ms)

