Creating test database for alias 'default' ('file:memorydb_default?mode=memory&cache=shared')...
Found 1 test(s).
Operations to perform:
  Synchronize unmigrated apps: corsheaders
  Apply all migrations: applications, approvals, communications, configurations, contenttypes, credit, documents, identity, legal_documents, members, scheduler, security_instruments, tracer, workflows
Synchronizing apps without migrations:
  Creating tables...
    Running deferred SQL...
Running migrations:
  Applying identity.0001_initial... OK
  Applying identity.0002_permission_rolepermission_and_more... OK
  Applying tracer.0001_initial... OK
  Applying workflows.0001_canonical_workflow_event... OK
  Applying members.0001_initial... OK
  Applying members.0002_profile_shells... OK
  Applying members.0003_individual_profile_details... OK
  Applying members.0004_nominee... OK
  Applying members.0005_shareholding_and_more... OK
  Applying members.0006_landholding_cropplan_and_more... OK
  Applying documents.0001_initial... OK
  Applying members.0007_kycprofile_kycdocument_and_more... OK
  Applying members.0008_cancelledcheque_bankaccount_and_more... OK
  Applying identity.0003_portal_member_auth... OK
  Applying members.0009_member_identity_governance... OK
  Applying members.0010_member_identity_change_request... OK
  Applying members.0011_producesupplyrecord... OK
  Applying members.0012_memberserviceevidence_activememberstatus_and_more... OK
  Applying members.0013_memberserviceevidence_maker_users_and_more... OK
  Applying members.0014_remove_memberscopeassignment_uniq_member_scope_assignment_and_more... OK
  Applying documents.0002_documenttemplate... OK
  Applying documents.0003_documenttemplateidentity... OK
  Applying applications.0001_initial... OK
  Applying documents.0004_loandocument... OK
  Applying legal_documents.0001_transfer_loan_document_owner... OK
  Applying legal_documents.0002_document_checklists... OK
  Applying legal_documents.0003_loan_document_renderer_provenance... OK
  Applying legal_documents.0004_checklistitem_notarisation_status_and_more... OK
  Applying legal_documents.0005_signature_records... OK
  Applying legal_documents.0006_stamp_notary_preparer_identity... OK
  Applying legal_documents.0007_signature_capture_maker... OK
  Applying applications.0002_loanapplication_submitted_by_user... OK
  Applying applications.0003_systemsequence_loanrequestregisterentry... OK
  Applying applications.0004_applicationdocument_and_more... OK
  Applying applications.0005_application_deficiency... OK
  Applying applications.0006_rejection_note... OK
  Applying applications.0007_eligibilityassessment... OK
  Applying applications.0008_loanlimitassessment... OK
  Applying applications.0009_loan_limit_policy_snapshot... OK
  Applying applications.0010_loanapplication_nominee... OK
  Applying legal_documents.0008_securitypackage_powerofattorney_and_more... OK
  Applying legal_documents.0009_loandocument_verification_remarks... OK
  Applying legal_documents.0010_stage4_maker_checker_constraints... OK
  Applying legal_documents.0011_final_documentation_approval_sequence... OK
  Applying legal_documents.0012_portal_documentation_submission... OK
  Applying configurations.0001_initial... OK
  Applying configurations.0002_version_history_approval_evidence... OK
  Applying applications.0011_witness... OK
  Applying applications.0012_witness_verification_evidence... OK
  Applying applications.0013_witness_correction... OK
  Applying applications.0014_witness_contact_fields... OK
  Applying applications.0015_applicationdeficiencyresponse... OK
  Applying applications.0016_bankverificationdecision_and_more... OK
  Applying communications.0001_initial... OK
  Applying communications.0002_communication... OK
  Applying communications.0003_notification... OK
  Applying credit.0001_credit_assessment_model_ownership... OK
  Applying credit.0002_riskassessment_loanappraisalnote... OK
  Applying credit.0003_appraisal_prerequisite_snapshots... OK
  Applying credit.0004_appraisal_review_facts... OK
  Applying credit.0005_appraisalreviewdecision... OK
  Applying credit.0006_legacy_appraisal_history_remediation... OK
  Applying credit.0007_eligibility_active_member_snapshot... OK
  Applying approvals.0001_initial... OK
  Applying approvals.0002_approvalcase_workflow_event... OK
  Applying approvals.0003_approvalmatrixrule_sanctioncommittee... OK
  Applying approvals.0004_approval_configuration_history_constraints... OK
  Applying approvals.0005_approvalconfigurationproposal... OK
  Applying approvals.0006_approvalcase_configuration_snapshot... OK
  Applying approvals.0007_approvalcase_enrichment_snapshot... OK
  Applying approvals.0008_approvalaction... OK
  Applying approvals.0009_sanction_decision_and_case_closure... OK
  Applying approvals.0010_approvalcasereadscopegrant_and_more... OK
  Applying approvals.0011_approvalcase_appraisal_facts_json_and_more... OK
  Applying approvals.0012_approvalconflictdeclaration_and_more... OK
  Applying approvals.0013_conflict_projection_scope_closure... OK
  Applying approvals.0014_exceptionregisterentry_and_more... OK
  Applying approvals.0015_generalmeetingapproval_and_more... OK
  Applying approvals.0016_creditsanctionregisterentry... OK
  Applying approvals.0017_exceptionregisterentry_supporting_documents_json... OK
  Applying approvals.0018_creditsanctionregisterentry_source_review_facts_json... OK
  Applying approvals.0019_register_source_facts... OK
  Applying approvals.0020_approvalaction_approver_display_name... OK
  Applying contenttypes.0001_initial... OK
  Applying contenttypes.0002_remove_content_type_name... OK
  Applying documents.0005_deterministic_document_template_constraints... OK
  Applying legal_documents.0013_application_evidence_state_anchor... OK
  Applying scheduler.0001_initial... OK
  Applying security_instruments.0001_transfer_security_ownership... OK
  Applying security_instruments.0002_sh4sharetransferform_and_more... OK
  Applying security_instruments.0003_cdslsharepledge_and_more... OK
  Applying security_instruments.0004_migrate_cdsl_field_encryption... OK
  Applying security_instruments.0005_blankdatedcheque_and_more... OK
  Applying security_instruments.0006_migrate_opaque_field_tokens... OK
  Applying tracer.0002_remove_tracer_workflowevent_state... OK
System check identified no issues (0 silenced).
test_status_label_cannot_replace_current_terminal_sanction_for_bank_decision (sfpcl_credit.tests.test_final_documentation_approval_api.FinalDocumentationApprovalApiTests.test_status_label_cannot_replace_current_terminal_sanction_for_bank_decision) ... FAIL

======================================================================
FAIL: test_status_label_cannot_replace_current_terminal_sanction_for_bank_decision (sfpcl_credit.tests.test_final_documentation_approval_api.FinalDocumentationApprovalApiTests.test_status_label_cannot_replace_current_terminal_sanction_for_bank_decision)
----------------------------------------------------------------------
Traceback (most recent call last):
  File "/Users/amitkallapa/LMS/.ralph/worktrees/2026-07-16_025941_normal_run/sfpcl_credit/tests/test_final_documentation_approval_api.py", line 1072, in test_status_label_cannot_replace_current_terminal_sanction_for_bank_decision
    self.assertEqual(response.status_code, 403, response.json())
AssertionError: 200 != 403 : {'success': True, 'data': {'bank_verification_decision_id': '559d9561-d936-489b-987a-188c0a56bb1b', 'loan_application_id': 'dfc785c8-5bbc-4a41-8761-c6f6a9f36b72', 'member_id': '1c8056ce-8ad1-41d7-8826-64616ea17d04', 'bank_account_id': 'a75fbbc4-c7af-4441-8b55-c810b0da250d', 'cancelled_cheque_id': '4c0f1c83-8804-4d05-84cc-6d44dc27590c', 'cancelled_cheque_document_id': '102a9f6b-8e70-471f-95fd-eb2b288a039e', 'cancelled_cheque_checksum_sha256': 'output-cancelled_cheque', 'bank_account_hash_snapshot': 'bank-dfc785c8-5bbc-4a41-8761-c6f6a9f36b72', 'ifsc_snapshot': 'HDFC0001234', 'branch_name_snapshot': '', 'decision_status': 'rejected', 'verifier_user_id': 'f255bdd7-0940-4e13-a9ea-38d534c5d17a', 'verifier_role_code': 'compliance_team_member', 'verified_at': '2026-07-15T21:32:45.550923+00:00', 'request_id': '008l5-invalid-terminal-case', 'decision_version': 2, 'workflow_event_id': '672deb0b-c0d6-4c2a-8027-0abf8124077e', 'audit_log_id': 'c9e298ae-aede-4e51-8b2d-bb898000ccec', 'version_history_id': 'ebe010d1-35ab-4835-bece-dc3504faa2e6', 'entity_type': 'bank_verification_decision', 'entity_id': '559d9561-d936-489b-987a-188c0a56bb1b', 'previous_status': 'verified', 'new_status': 'rejected', 'available_actions': []}, 'meta': {'request_id': '008l5-invalid-terminal-case', 'timestamp': '2026-07-15T21:32:45.553525Z', 'api_version': 'v1'}}

----------------------------------------------------------------------
Ran 1 test in 0.190s

FAILED (failures=1)
Destroying test database for alias 'default' ('file:memorydb_default?mode=memory&cache=shared')...
