
> sfpcl-lms@1.0.0 build
> vite build

[33mThe CJS build of Vite's Node API is deprecated. See https://vite.dev/guide/troubleshooting.html#vite-cjs-node-api-deprecated for more details.[39m
vite v5.4.21 building for production...
transforming...
✓ 1879 modules transformed.
rendering chunks...
computing gzip size...
dist/index.html                     0.75 kB │ gzip:   0.43 kB
dist/assets/index-C_Pla2VY.css     51.02 kB │ gzip:   8.87 kB
dist/assets/index-D1CkPp_M.js   1,123.03 kB │ gzip: 242.02 kB

(!) Some chunks are larger than 500 kB after minification. Consider:
- Using dynamic import() to code-split the application
- Use build.rollupOptions.output.manualChunks to improve chunking: https://rollupjs.org/configuration-options/#output-manualchunks
- Adjust chunk size limit for this warning via build.chunkSizeWarningLimit.
✓ built in 2.17s

> sfpcl-lms@1.0.0 typecheck
> tsc --noEmit


> sfpcl-lms@1.0.0 lint
> eslint src


> sfpcl-lms@1.0.0 test
> vitest run --run

[33mThe CJS build of Vite's Node API is deprecated. See https://vite.dev/guide/troubleshooting.html#vite-cjs-node-api-deprecated for more details.[39m

 RUN  v3.2.6 /Users/amitkallapa/LMS/.ralph/worktrees/2026-07-16_025941_normal_run/sfpcl-lms

 ✓ src/pages/borrower/portal/documents/PortalDocumentationActions.test.tsx (8 tests) 641ms
   ✓ member portal documentation actions > renders server-owned actions and performs one canonical refetch after upload  388ms
 ✓ src/pages/registers/RegistersHub.test.tsx (8 tests) 799ms
   ✓ RegistersHub owned approval register panels > applies only canonical financial-year values  329ms
 ✓ src/pages/borrower/portal/applications/MP05_NewApplication.test.tsx (7 tests) 1029ms
   ✓ MP05 loan-limit display authority (006Z2 interim regression) > shows independent 400, 403, and 409 errors without retry or projection refetch  650ms
 ✓ src/pages/settings/SettingsHub.test.tsx (10 tests) 1332ms
   ✓ SettingsHub Approval Matrix panel > permits a canonical manager to submit a complete successor version as a pending proposal  629ms
   ✓ SettingsHub remaining panels > creates a complete successor as a separate audited draft for a canonical policy manager  353ms
 ✓ src/pages/appraisal/AppraisalWorkbench.container.test.tsx (14 tests) 1769ms
   ✓ default AppraisalWorkbench authenticated HTTP container > calculates a limit from entered source IDs and refreshes four reads  376ms
   ✓ default AppraisalWorkbench authenticated HTTP container > posts the rejected Credit Manager decision once  310ms
 ✓ src/pages/borrower/portal/applications/MP11_DeficiencyResponse.test.tsx (2 tests) 490ms
   ✓ MP11 deficiency response > uploads a server-contracted response, refetches canonical state, and resubmits  413ms
 ✓ src/pages/documentation/DocumentationHub.test.tsx (6 tests) 712ms
 ✓ src/services/authSession.test.ts (36 tests) 31ms
 ✓ src/pages/members/MemberProfile.container.test.tsx (4 tests) 294ms
 ✓ src/pages/members/MemberProfile.test.tsx (26 tests) 169ms
 ✓ src/pages/applications/WitnessPanel.container.test.tsx (10 tests) 1200ms
   ✓ mounted witness resource actions > captures with the exact body and refetches the canonical collection once  421ms
(node:90683) ExperimentalWarning: buffer.File is an experimental feature and might change at any time
(Use `node --trace-warnings ...` to show where the warning was created)
 ✓ src/services/portalApi.test.ts (6 tests) 32ms
 ✓ src/pages/applications/ApplicationDetail.test.tsx (9 tests) 67ms
 ✓ src/pages/appraisal/AppraisalWorkbench.test.tsx (22 tests) 165ms
 ✓ src/services/applicationIntakeApi.test.ts (5 tests) 13ms
 ✓ src/services/creditAssessmentApi.test.ts (5 tests) 13ms
 ✓ src/pages/members/Borrower360.test.tsx (4 tests) 71ms
 ✓ src/services/approvalRegistersApi.test.ts (5 tests) 6ms
 ✓ src/pages/members/MemberGovernanceForm.test.tsx (5 tests) 2326ms
   ✓ MemberGovernanceForm > submits the institution create variant without individual identity/profile fields  1073ms
   ✓ MemberGovernanceForm > submits every individual registration profile field  965ms
 ✓ src/services/navigationPermissions.test.ts (9 tests) 7ms
 ✓ src/pages/applications/CompletenessWorkbench.test.tsx (5 tests) 64ms
 ✓ src/pages/notifications/NotificationsCenter.test.tsx (6 tests) 29ms
 ✓ src/pages/Dashboard.test.tsx (13 tests) 39ms
 ✓ src/pages/borrower/portal/PortalMemberViews.test.tsx (4 tests) 36ms
 ✓ src/pages/members/MemberDirectory.test.tsx (5 tests) 34ms
 ✓ src/services/tracerApi.test.ts (2 tests) 10ms
 ✓ src/services/loanPolicyApi.test.ts (2 tests) 4ms
 ✓ src/utils/applicationDisplay.test.ts (5 tests) 3ms
 ✓ src/pages/applications/ApplicationList.test.tsx (2 tests) 29ms
 ✓ src/pages/applications/NomineeSelectionViews.test.tsx (3 tests) 8ms
 ✓ src/contexts/RoleContext.test.tsx (2 tests) 6ms
 ✓ src/pages/sanction/SanctionWorkbench.test.tsx (39 tests) 4962ms
   ✓ SanctionWorkbench authenticated container > renders the authoritative total and replaces the queue from the next server page  392ms
   ✓ SanctionWorkbench authenticated container > keeps a newer filter authoritative while an action detail refresh finishes  349ms
   ✓ SanctionWorkbench authenticated container > keeps a newer empty state authoritative when an action detail refresh fails later  310ms
   ✓ SanctionWorkbench authenticated container > keeps a newer filter authoritative while an action decision refresh finishes  356ms
   ✓ SanctionWorkbench authenticated container > requires a reason and sends the exact Reject request  335ms
   ✓ SanctionWorkbench authenticated container > requires a reason and sends the exact Return for Clarification request  332ms
   ✓ SanctionWorkbench authenticated container > uploads three application-scoped legal files before recording bounded special-case evidence  610ms
 ✓ src/pages/profile/MyProfile.test.tsx (1 test) 11ms
 ✓ src/pages/borrower/portal/auth/MP00_Login.test.tsx (2 tests) 9ms
 ✓ src/pages/members/MemberGovernanceForm.container.test.tsx (16 tests) 3706ms
   ✓ MemberGovernanceForm production container > routes Directory registration into canonical Profile readback with the exact create ledger  1925ms
   ✓ MemberGovernanceForm production container > performs one ordinary human-like update before canonical Profile readback with the exact update ledger  307ms
 ✓ src/services/demoAuthFlag.test.tsx (3 tests) 1100ms
   ✓ VITE_ENABLE_DEMO_AUTH real App/RoleProvider boundary (005FA4) > fails closed when the flag is unset  982ms

 Test Files  36 passed (36)
      Tests  311 passed (311)
   Start at  03:19:44
   Duration  7.20s (transform 4.84s, setup 0ms, collect 10.65s, tests 21.22s, environment 4.55s, prepare 2.25s)

