Creating test database for alias 'default'...
Found 1 test(s).
System check identified no issues (0 silenced).
Catalogue seeded: 179 permissions, 20 roles, 8 teams, 168 role-permission links.
E2E users seeded: e2e.tracer@sfpcl.example (role e2e_tracer, permission tracer.lifecycle.run); e2e.zero@sfpcl.example (role it_head, no permissions).
E2E users seeded: e2e.tracer@sfpcl.example (role e2e_tracer, permission tracer.lifecycle.run); e2e.zero@sfpcl.example (role it_head, no permissions).
E
======================================================================
ERROR: test_seed_creates_idempotent_epic_006_browser_fixture (sfpcl_credit.tests.test_seed_e2e_users.SeedE2eUsersTests.test_seed_creates_idempotent_epic_006_browser_fixture)
----------------------------------------------------------------------
Traceback (most recent call last):
  File "/Users/amitkallapa/LMS/.ralph/worktrees/2026-07-12_001128_repair/sfpcl_credit/tests/test_seed_e2e_users.py", line 121, in test_seed_creates_idempotent_epic_006_browser_fixture
    finance = User.objects.get(email=EPIC_006_FINANCE_EMAIL)
              ^^^^^^^^^^^^^^^^^^^^^^^^^^^^^^^^^^^^^^^^^^^^^^
  File "/Users/amitkallapa/LMS/.ralph/venv/lib/python3.11/site-packages/django/db/models/manager.py", line 87, in manager_method
    return getattr(self.get_queryset(), name)(*args, **kwargs)
           ^^^^^^^^^^^^^^^^^^^^^^^^^^^^^^^^^^^^^^^^^^^^^^^^^^^
  File "/Users/amitkallapa/LMS/.ralph/venv/lib/python3.11/site-packages/django/db/models/query.py", line 649, in get
    raise self.model.DoesNotExist(
sfpcl_credit.identity.models.User.DoesNotExist: User matching query does not exist.

----------------------------------------------------------------------
Ran 1 test in 0.092s

FAILED (errors=1)
Destroying test database for alias 'default'...
