Command:
RALPH_EVIDENCE_DIR=/Users/amitkallapa/LMS/.ralph/worktrees/2026-07-12_001128_repair/.ralph/runs/2026-07-12_001128_repair/evidence/screenshots E2E_DJANGO_PYTHON=/Users/amitkallapa/LMS/.ralph/venv/bin/python npm run e2e -- e2e/epic-006-closure.e2e.spec.ts

Working directory: sfpcl-lms/


> sfpcl-lms@1.0.0 e2e
> playwright test e2e/epic-006-closure.e2e.spec.ts

[2m[WebServer] [22m[12/Jul/2026 02:31:46] "GET /api/v1/health/ready/ HTTP/1.1" 200 202
[2m[WebServer] [22m[33mThe CJS build of Vite's Node API is deprecated. See https://vite.dev/guide/troubleshooting.html#vite-cjs-node-api-deprecated for more details.[39m
[2m[WebServer] [22m(node:6067) Warning: The 'NO_COLOR' env is ignored due to the 'FORCE_COLOR' env being set.
[2m[WebServer] [22m(Use `node --trace-warnings ...` to show where the warning was created)

Running 2 tests using 1 worker

  ✓  1 [chromium] › epic-006-closure.e2e.spec.ts:19:5 › appraisal workbench preserves the staged prototype across the required state matrix (7.8s)
[2m[WebServer] [22m[12/Jul/2026 02:31:57] "OPTIONS /api/v1/auth/login/ HTTP/1.1" 200 0
[2m[WebServer] [22m[12/Jul/2026 02:31:57] "POST /api/v1/auth/login/ HTTP/1.1" 200 1314
[2m[WebServer] [22m[12/Jul/2026 02:31:57] "OPTIONS /api/v1/auth/me/ HTTP/1.1" 200 0
[2m[WebServer] [22m[12/Jul/2026 02:31:57] "GET /api/v1/auth/me/ HTTP/1.1" 200 1425
[2m[WebServer] [22m[12/Jul/2026 02:31:57] "OPTIONS /api/v1/dashboard/ HTTP/1.1" 200 0
[2m[WebServer] [22m[12/Jul/2026 02:31:57] "OPTIONS /api/v1/dashboard/ HTTP/1.1" 200 0
[2m[WebServer] [22mForbidden: /api/v1/dashboard/
[2m[WebServer] [22m[12/Jul/2026 02:31:57] "GET /api/v1/dashboard/ HTTP/1.1" 403 250
[2m[WebServer] [22mForbidden: /api/v1/dashboard/
[2m[WebServer] [22m[12/Jul/2026 02:31:57] "GET /api/v1/dashboard/ HTTP/1.1" 403 250
[2m[WebServer] [22m[12/Jul/2026 02:31:57] "OPTIONS /api/v1/loan-applications/?ordering=application_date&page_size=100 HTTP/1.1" 200 0
[2m[WebServer] [22m[12/Jul/2026 02:31:57] "OPTIONS /api/v1/loan-applications/?ordering=application_date&page_size=100 HTTP/1.1" 200 0
[2m[WebServer] [22m[12/Jul/2026 02:31:57] "GET /api/v1/loan-applications/?ordering=application_date&page_size=100 HTTP/1.1" 200 1039
[2m[WebServer] [22m[12/Jul/2026 02:31:57] "GET /api/v1/loan-applications/?ordering=application_date&page_size=100 HTTP/1.1" 200 1039
[2m[WebServer] [22m[12/Jul/2026 02:31:57] "OPTIONS /api/v1/loan-applications/00000000-0000-4000-8000-000000000601/loan-limit-assessment/ HTTP/1.1" 200 0
[2m[WebServer] [22m[12/Jul/2026 02:31:57] "OPTIONS /api/v1/loan-applications/00000000-0000-4000-8000-000000000601/eligibility-assessment/ HTTP/1.1" 200 0
[2m[WebServer] [22m[12/Jul/2026 02:31:57] "OPTIONS /api/v1/loan-applications/00000000-0000-4000-8000-000000000601/appraisal-note/ HTTP/1.1" 200 0
[2m[WebServer] [22m[12/Jul/2026 02:31:57] "OPTIONS /api/v1/loan-applications/00000000-0000-4000-8000-000000000601/sanction-case/ HTTP/1.1" 200 0
[2m[WebServer] [22mNot Found: /api/v1/loan-applications/00000000-0000-4000-8000-000000000601/sanction-case/
[2m[WebServer] [22mNot Found: /api/v1/loan-applications/00000000-0000-4000-8000-000000000601/loan-limit-assessment/
[2m[WebServer] [22mNot Found: /api/v1/loan-applications/00000000-0000-4000-8000-000000000601/appraisal-note/
[2m[WebServer] [22m[12/Jul/2026 02:31:57] "GET /api/v1/loan-applications/00000000-0000-4000-8000-000000000601/sanction-case/ HTTP/1.1" 404 231
[2m[WebServer] [22m[12/Jul/2026 02:31:57] "GET /api/v1/loan-applications/00000000-0000-4000-8000-000000000601/loan-limit-assessment/ HTTP/1.1" 404 231
[2m[WebServer] [22m[12/Jul/2026 02:31:57] "GET /api/v1/loan-applications/00000000-0000-4000-8000-000000000601/appraisal-note/ HTTP/1.1" 404 224
[2m[WebServer] [22m[12/Jul/2026 02:31:57] "GET /api/v1/loan-applications/00000000-0000-4000-8000-000000000601/eligibility-assessment/ HTTP/1.1" 200 1143
[2m[WebServer] [22m[12/Jul/2026 02:31:57] "OPTIONS /api/v1/loan-applications/00000000-0000-4000-8000-000000000601/eligibility-assessment/run/ HTTP/1.1" 200 0
[2m[WebServer] [22m[12/Jul/2026 02:31:57] "POST /api/v1/loan-applications/00000000-0000-4000-8000-000000000601/eligibility-assessment/run/ HTTP/1.1" 200 1079
[2m[WebServer] [22mNot Found: /api/v1/loan-applications/00000000-0000-4000-8000-000000000601/loan-limit-assessment/
[2m[WebServer] [22mNot Found: /api/v1/loan-applications/00000000-0000-4000-8000-000000000601/sanction-case/
[2m[WebServer] [22m[12/Jul/2026 02:31:57] "GET /api/v1/loan-applications/00000000-0000-4000-8000-000000000601/loan-limit-assessment/ HTTP/1.1" 404 231
[2m[WebServer] [22m[12/Jul/2026 02:31:57] "GET /api/v1/loan-applications/00000000-0000-4000-8000-000000000601/sanction-case/ HTTP/1.1" 404 231
[2m[WebServer] [22mNot Found: /api/v1/loan-applications/00000000-0000-4000-8000-000000000601/appraisal-note/
[2m[WebServer] [22m[12/Jul/2026 02:31:57] "GET /api/v1/loan-applications/00000000-0000-4000-8000-000000000601/appraisal-note/ HTTP/1.1" 404 224
[2m[WebServer] [22m[12/Jul/2026 02:31:57] "GET /api/v1/loan-applications/00000000-0000-4000-8000-000000000601/eligibility-assessment/ HTTP/1.1" 200 1079
[2m[WebServer] [22m[12/Jul/2026 02:31:57] "OPTIONS /api/v1/loan-applications/00000000-0000-4000-8000-000000000601/loan-limit-assessment/calculate/ HTTP/1.1" 200 0
[2m[WebServer] [22m[12/Jul/2026 02:31:57] "POST /api/v1/loan-applications/00000000-0000-4000-8000-000000000601/loan-limit-assessment/calculate/ HTTP/1.1" 200 1606
[2m[WebServer] [22mNot Found: /api/v1/loan-applications/00000000-0000-4000-8000-000000000601/sanction-case/
[2m[WebServer] [22mNot Found: /api/v1/loan-applications/00000000-0000-4000-8000-000000000601/appraisal-note/
[2m[WebServer] [22m[12/Jul/2026 02:31:57] "GET /api/v1/loan-applications/00000000-0000-4000-8000-000000000601/sanction-case/ HTTP/1.1" 404 231
[2m[WebServer] [22m[12/Jul/2026 02:31:57] "GET /api/v1/loan-applications/00000000-0000-4000-8000-000000000601/appraisal-note/ HTTP/1.1" 404 224
[2m[WebServer] [22m[12/Jul/2026 02:31:57] "GET /api/v1/loan-applications/00000000-0000-4000-8000-000000000601/loan-limit-assessment/ HTTP/1.1" 200 1606
[2m[WebServer] [22m[12/Jul/2026 02:31:57] "GET /api/v1/loan-applications/00000000-0000-4000-8000-000000000601/eligibility-assessment/ HTTP/1.1" 200 1079
[2m[WebServer] [22m[12/Jul/2026 02:31:58] "POST /api/v1/loan-applications/00000000-0000-4000-8000-000000000601/appraisal-note/ HTTP/1.1" 200 4565
[2m[WebServer] [22mNot Found: /api/v1/loan-applications/00000000-0000-4000-8000-000000000601/sanction-case/
[2m[WebServer] [22m[12/Jul/2026 02:31:58] "GET /api/v1/loan-applications/00000000-0000-4000-8000-000000000601/sanction-case/ HTTP/1.1" 404 231
[2m[WebServer] [22m[12/Jul/2026 02:31:58] "GET /api/v1/loan-applications/00000000-0000-4000-8000-000000000601/appraisal-note/ HTTP/1.1" 200 4565
[2m[WebServer] [22m[12/Jul/2026 02:31:58] "GET /api/v1/loan-applications/00000000-0000-4000-8000-000000000601/loan-limit-assessment/ HTTP/1.1" 200 1738
[2m[WebServer] [22m[12/Jul/2026 02:31:58] "GET /api/v1/loan-applications/00000000-0000-4000-8000-000000000601/eligibility-assessment/ HTTP/1.1" 200 1211
[2m[WebServer] [22m[12/Jul/2026 02:31:58] "PATCH /api/v1/loan-applications/00000000-0000-4000-8000-000000000601/appraisal-note/ HTTP/1.1" 200 4565
[2m[WebServer] [22mNot Found: /api/v1/loan-applications/00000000-0000-4000-8000-000000000601/sanction-case/
[2m[WebServer] [22m[12/Jul/2026 02:31:58] "GET /api/v1/loan-applications/00000000-0000-4000-8000-000000000601/sanction-case/ HTTP/1.1" 404 231
[2m[WebServer] [22m[12/Jul/2026 02:31:58] "GET /api/v1/loan-applications/00000000-0000-4000-8000-000000000601/appraisal-note/ HTTP/1.1" 200 4565
[2m[WebServer] [22m[12/Jul/2026 02:31:58] "GET /api/v1/loan-applications/00000000-0000-4000-8000-000000000601/loan-limit-assessment/ HTTP/1.1" 200 1738
[2m[WebServer] [22m[12/Jul/2026 02:31:58] "GET /api/v1/loan-applications/00000000-0000-4000-8000-000000000601/eligibility-assessment/ HTTP/1.1" 200 1211
[2m[WebServer] [22m[12/Jul/2026 02:31:58] "OPTIONS /api/v1/appraisal-notes/aae70ad9-28b5-451b-a4e2-1f1266e29f63/submit-for-review/ HTTP/1.1" 200 0
[2m[WebServer] [22m[12/Jul/2026 02:31:58] "POST /api/v1/appraisal-notes/aae70ad9-28b5-451b-a4e2-1f1266e29f63/submit-for-review/ HTTP/1.1" 200 4670
[2m[WebServer] [22mNot Found: /api/v1/loan-applications/00000000-0000-4000-8000-000000000601/sanction-case/
[2m[WebServer] [22m[12/Jul/2026 02:31:58] "GET /api/v1/loan-applications/00000000-0000-4000-8000-000000000601/sanction-case/ HTTP/1.1" 404 231
[2m[WebServer] [22m[12/Jul/2026 02:31:58] "GET /api/v1/loan-applications/00000000-0000-4000-8000-000000000601/loan-limit-assessment/ HTTP/1.1" 200 1738
[2m[WebServer] [22m[12/Jul/2026 02:31:58] "GET /api/v1/loan-applications/00000000-0000-4000-8000-000000000601/eligibility-assessment/ HTTP/1.1" 200 1211
[2m[WebServer] [22m[12/Jul/2026 02:31:58] "GET /api/v1/loan-applications/00000000-0000-4000-8000-000000000601/appraisal-note/ HTTP/1.1" 200 4670
[2m[WebServer] [22m[12/Jul/2026 02:31:58] "POST /api/v1/auth/login/ HTTP/1.1" 200 1288
[2m[WebServer] [22m[12/Jul/2026 02:31:58] "GET /api/v1/auth/me/ HTTP/1.1" 200 2118
[2m[WebServer] [22m[12/Jul/2026 02:31:58] "GET /api/v1/dashboard/ HTTP/1.1" 200 1454
[2m[WebServer] [22m[12/Jul/2026 02:31:58] "GET /api/v1/dashboard/ HTTP/1.1" 200 1454
[2m[WebServer] [22m[12/Jul/2026 02:31:59] "GET /api/v1/loan-applications/?ordering=application_date&page_size=100 HTTP/1.1" 200 1039
[2m[WebServer] [22m[12/Jul/2026 02:31:59] "GET /api/v1/loan-applications/?ordering=application_date&page_size=100 HTTP/1.1" 200 1039
[2m[WebServer] [22mNot Found: /api/v1/loan-applications/00000000-0000-4000-8000-000000000601/sanction-case/
[2m[WebServer] [22m[12/Jul/2026 02:31:59] "GET /api/v1/loan-applications/00000000-0000-4000-8000-000000000601/sanction-case/ HTTP/1.1" 404 231
[2m[WebServer] [22m[12/Jul/2026 02:31:59] "GET /api/v1/loan-applications/00000000-0000-4000-8000-000000000601/eligibility-assessment/ HTTP/1.1" 200 1211
[2m[WebServer] [22m[12/Jul/2026 02:31:59] "GET /api/v1/loan-applications/00000000-0000-4000-8000-000000000601/loan-limit-assessment/ HTTP/1.1" 200 1738
[2m[WebServer] [22m[12/Jul/2026 02:31:59] "GET /api/v1/loan-applications/00000000-0000-4000-8000-000000000601/appraisal-note/ HTTP/1.1" 200 4645
[2m[WebServer] [22m[12/Jul/2026 02:31:59] "OPTIONS /api/v1/appraisal-notes/aae70ad9-28b5-451b-a4e2-1f1266e29f63/review/ HTTP/1.1" 200 0
[2m[WebServer] [22m[12/Jul/2026 02:31:59] "POST /api/v1/appraisal-notes/aae70ad9-28b5-451b-a4e2-1f1266e29f63/review/ HTTP/1.1" 200 5160
[2m[WebServer] [22mNot Found: /api/v1/loan-applications/00000000-0000-4000-8000-000000000601/sanction-case/
[2m[WebServer] [22m[12/Jul/2026 02:31:59] "GET /api/v1/loan-applications/00000000-0000-4000-8000-000000000601/sanction-case/ HTTP/1.1" 404 231
[2m[WebServer] [22m[12/Jul/2026 02:31:59] "GET /api/v1/loan-applications/00000000-0000-4000-8000-000000000601/eligibility-assessment/ HTTP/1.1" 200 1211
[2m[WebServer] [22m[12/Jul/2026 02:31:59] "GET /api/v1/loan-applications/00000000-0000-4000-8000-000000000601/appraisal-note/ HTTP/1.1" 200 5160
[2m[WebServer] [22m[12/Jul/2026 02:31:59] "GET /api/v1/loan-applications/00000000-0000-4000-8000-000000000601/loan-limit-assessment/ HTTP/1.1" 200 1738
[2m[WebServer] [22m[12/Jul/2026 02:31:59] "OPTIONS /api/v1/loan-applications/00000000-0000-4000-8000-000000000601/submit-to-sanction-committee/ HTTP/1.1" 200 0
[2m[WebServer] [22m[12/Jul/2026 02:31:59] "POST /api/v1/loan-applications/00000000-0000-4000-8000-000000000601/submit-to-sanction-committee/ HTTP/1.1" 200 803
[2m[WebServer] [22m[12/Jul/2026 02:31:59] "GET /api/v1/loan-applications/00000000-0000-4000-8000-000000000601/appraisal-note/ HTTP/1.1" 200 5243
[2m[WebServer] [22m[12/Jul/2026 02:31:59] "GET /api/v1/loan-applications/00000000-0000-4000-8000-000000000601/eligibility-assessment/ HTTP/1.1" 200 1211
[2m[WebServer] [22m[12/Jul/2026 02:31:59] "GET /api/v1/loan-applications/00000000-0000-4000-8000-000000000601/sanction-case/ HTTP/1.1" 200 803
[2m[WebServer] [22m[12/Jul/2026 02:31:59] "GET /api/v1/loan-applications/00000000-0000-4000-8000-000000000601/loan-limit-assessment/ HTTP/1.1" 200 1738
[2m[WebServer] [22m[12/Jul/2026 02:31:59] "GET /api/v1/auth/me/ HTTP/1.1" 200 2118
[2m[WebServer] [22m[12/Jul/2026 02:31:59] "GET /api/v1/auth/me/ HTTP/1.1" 200 2118
[2m[WebServer] [22m[12/Jul/2026 02:31:59] "GET /api/v1/dashboard/ HTTP/1.1" 200 1454
[2m[WebServer] [22m[12/Jul/2026 02:31:59] "GET /api/v1/dashboard/ HTTP/1.1" 200 1454
[2m[WebServer] [22m[12/Jul/2026 02:31:59] "GET /api/v1/loan-applications/?ordering=application_date&page_size=100 HTTP/1.1" 200 1053
[2m[WebServer] [22m[12/Jul/2026 02:31:59] "GET /api/v1/loan-applications/?ordering=application_date&page_size=100 HTTP/1.1" 200 1053
[2m[WebServer] [22m[12/Jul/2026 02:32:00] "GET /api/v1/loan-applications/00000000-0000-4000-8000-000000000601/sanction-case/ HTTP/1.1" 200 803
[2m[WebServer] [22m[12/Jul/2026 02:32:00] "GET /api/v1/loan-applications/00000000-0000-4000-8000-000000000601/appraisal-note/ HTTP/1.1" 200 5243
[2m[WebServer] [22m[12/Jul/2026 02:32:00] "GET /api/v1/loan-applications/00000000-0000-4000-8000-000000000601/loan-limit-assessment/ HTTP/1.1" 200 1738
[2m[WebServer] [22m[12/Jul/2026 02:32:00] "GET /api/v1/loan-applications/00000000-0000-4000-8000-000000000601/eligibility-assessment/ HTTP/1.1" 200 1211
[2m[WebServer] [22mConflict: /api/v1/loan-applications/00000000-0000-4000-8000-000000000601/submit-to-sanction-committee/
[2m[WebServer] [22m[12/Jul/2026 02:32:00] "POST /api/v1/loan-applications/00000000-0000-4000-8000-000000000601/submit-to-sanction-committee/ HTTP/1.1" 409 271
  ✓  2 [chromium] › epic-006-closure.e2e.spec.ts:86:5 › real Django and two real finance roles reach exactly one pending sanction case (3.7s)

  2 passed (17.2s)

Exit code: 0
