Creating test database for alias 'default' ('file:memorydb_default?mode=memory&cache=shared')...
Found 1 test(s).
Operations to perform:
  Synchronize unmigrated apps: corsheaders
  Apply all migrations: communications, configurations, contenttypes, documents, identity, tracer, workflows
Synchronizing apps without migrations:
  Creating tables...
    Running deferred SQL...
Running migrations:
  Applying identity.0001_initial... OK
  Applying identity.0002_permission_rolepermission_and_more... OK
  Applying communications.0001_initial... OK
  Applying communications.0002_communication... OK
  Applying communications.0003_notification... OK
  Applying configurations.0001_initial... OK
  Applying contenttypes.0001_initial... OK
  Applying contenttypes.0002_remove_content_type_name... OK
  Applying documents.0001_initial... OK
  Applying tracer.0001_initial... OK
  Applying workflows.0001_canonical_workflow_event... OK
  Applying tracer.0002_remove_tracer_workflowevent_state... OK
System check identified no issues (0 silenced).
test_mark_read_same_version_retry_after_persisted_success_is_rejected (sfpcl_credit.tests.test_notifications_api.NotificationApiTests.test_mark_read_same_version_retry_after_persisted_success_is_rejected) ... ok

----------------------------------------------------------------------
Ran 1 test in 1.409s

OK
Destroying test database for alias 'default' ('file:memorydb_default?mode=memory&cache=shared')...
