Creating test database for alias 'default' ('file:memorydb_default?mode=memory&cache=shared')...
Found 1 test(s).
Operations to perform:
  Synchronize unmigrated apps: corsheaders
  Apply all migrations: communications, configurations, contenttypes, documents, identity, tracer, workflows
Synchronizing apps without migrations:
  Creating tables...
    Running deferred SQL...
Running migrations:
  Applying identity.0001_initial... OK
  Applying identity.0002_permission_rolepermission_and_more... OK
  Applying communications.0001_initial... OK
  Applying communications.0002_communication... OK
  Applying communications.0003_notification... OK
  Applying configurations.0001_initial... OK
  Applying contenttypes.0001_initial... OK
  Applying contenttypes.0002_remove_content_type_name... OK
  Applying documents.0001_initial... OK
  Applying tracer.0001_initial... OK
  Applying workflows.0001_canonical_workflow_event... OK
  Applying tracer.0002_remove_tracer_workflowevent_state... OK
System check identified no issues (0 silenced).
test_mark_read_same_version_retry_after_persisted_success_is_rejected (sfpcl_credit.tests.test_notifications_api.NotificationApiTests.test_mark_read_same_version_retry_after_persisted_success_is_rejected) ... FAIL

======================================================================
FAIL: test_mark_read_same_version_retry_after_persisted_success_is_rejected (sfpcl_credit.tests.test_notifications_api.NotificationApiTests.test_mark_read_same_version_retry_after_persisted_success_is_rejected)
----------------------------------------------------------------------
Traceback (most recent call last):
  File "/Users/amitkallapa/Loan Management System Development/.ralph/worktrees/2026-07-06_185459_normal_run/sfpcl_credit/tests/test_notifications_api.py", line 274, in test_mark_read_same_version_retry_after_persisted_success_is_rejected
    self.assertEqual(response.status_code, 409)
AssertionError: 200 != 409

----------------------------------------------------------------------
Ran 1 test in 1.422s

FAILED (failures=1)
Destroying test database for alias 'default' ('file:memorydb_default?mode=memory&cache=shared')...
