
> sfpcl-lms@1.0.0 test
> vitest run --run src/pages/sanction/SanctionWorkbench.test.tsx

[33mThe CJS build of Vite's Node API is deprecated. See https://vite.dev/guide/troubleshooting.html#vite-cjs-node-api-deprecated for more details.[39m

 RUN  v3.2.6 /Users/amitkallapa/LMS/.ralph/worktrees/2026-07-14_100104_normal_run/sfpcl-lms

 ❯ src/pages/sanction/SanctionWorkbench.test.tsx (34 tests | 1 failed) 1866ms
   ✓ SanctionWorkbench authenticated container > renders the authoritative total and replaces the queue from the next server page 147ms
   ✓ SanctionWorkbench authenticated container > clears prior rows and totals when a later collection fails with 'OBJECT_ACCESS_DENIED' 33ms
   ✓ SanctionWorkbench authenticated container > clears prior rows and totals when a later collection fails with 'MALFORMED_RESPONSE' 40ms
   ✓ SanctionWorkbench authenticated container > keeps the newest filter authoritative when an older list response arrives last 33ms
   ✓ SanctionWorkbench authenticated container > keeps the newest empty filter state when an older denial arrives last 20ms
   ✓ SanctionWorkbench authenticated container > keeps the newest filter detail when an older detail response arrives last 34ms
   ✓ SanctionWorkbench authenticated container > keeps the newest denial state when an older list response arrives last 19ms
   ✓ SanctionWorkbench authenticated container > keeps the newest malformed response state when an older list response arrives last 19ms
   ✓ SanctionWorkbench authenticated container > keeps the newest empty result state when an older list response arrives last 19ms
   ✓ SanctionWorkbench authenticated container > keeps the newest empty state when an older detail response arrives last 23ms
   × SanctionWorkbench authenticated container > keeps a newer filter authoritative while an action detail refresh finishes 228ms
     → Unable to find an element with the text: Newest post-action filter detail.. This could be because the text is broken up by multiple elements. In this case, you can provide a function for your text matcher to make your matcher more flexible.

Ignored nodes: comments, script, style
[36m<body[39m
  [33mstyle[39m=[32m""[39m
[36m>[39m
  [36m<div>[39m
    [36m<div[39m
      [33mclass[39m=[32m"p-6 space-y-4"[39m
    [36m>[39m
      [36m<div[39m
        [33mclass[39m=[32m"flex items-center justify-between flex-wrap gap-3"[39m
      [36m>[39m
        [36m<div>[39m
          [36m<h1[39m
            [33mclass[39m=[32m"text-xl font-bold text-slate-900"[39m
          [36m>[39m
            [0mSanction Workbench[0m
          [36m</h1>[39m
          [36m<p[39m
            [33mclass[39m=[32m"text-sm text-slate-500 mt-0.5"[39m
          [36m>[39m
            [0m1[0m
            [0m cases from the approval-case service[0m
          [36m</p>[39m
        [36m</div>[39m
        [36m<select[39m
          [33maria-label[39m=[32m"Sanction case status"[39m
          [33mclass[39m=[32m"field-input w-auto"[39m
        [36m>[39m
          [36m<option[39m
            [33mvalue[39m=[32m"pending"[39m
          [36m>[39m
            [0mPending my approval[0m
          [36m</option>[39m
          [36m<option[39m
            [33mvalue[39m=[32m"approved"[39m
          [36m>[39m
            [0mApproved history[0m
          [36m</option>[39m
          [36m<option[39m
            [33mvalue[39m=[32m"rejected"[39m
          [36m>[39m
            [0mRejected history[0m
          [36m</option>[39m
          [36m<option[39m
            [33mvalue[39m=[32m"returned_for_clarification"[39m
          [36m>[39m
            [0mReturned history[0m
          [36m</option>[39m
          [36m<option[39m
            [33mvalue[39m=[32m"blocked_by_conflict"[39m
          [36m>[39m
            [0mConflict-blocked history[0m
          [36m</option>[39m
          [36m<option[39m
            [33mvalue[39m=[32m"all"[39m
          [36m>[39m
            [0mAll readable cases[0m
          [36m</option>[39m
        [36m</select>[39m
      [36m</div>[39m
      [36m<div[39m
        [33mclass[39m=[32m"rounded-lg border px-4 py-3 bg-red-50 border-red-200"[39m
      [36m>[39m
        [36m<div[39m
          [33mclass[39m=[32m"flex items-start gap-2.5"[39m
        [36m>[39m
          [36m<svg[39m
            [33maria-hidden[39m=[32m"true"[39m
            [33mclass[39m=[32m"lucide lucide-triangle-alert text-red-600 flex-shrink-0 mt-0.5"[39m
            [33mfill[39m=[32m"none"[39m
            [33mheight[39m=[32m"16"[39m
            [33mstroke[39m=[32m"currentColor"[39m
            [33mstroke-linecap[39m=[32m"round"[39m
            [33mstroke-linejoin[39m=[32m"round"[39m
            [33mstroke-width[39m=[32m"2"[39m
            [33mviewBox[39m=[32m"0 0 24 24"[39m
            [33mwidth[39m=[32m"16"[39m
            [33mxmlns[39m=[32m"http://www.w3.org/2000/svg"[39m
          [36m>[39m
            [36m<path[39m
              [33md[39m=[32m"m21.73 18-8-14a2 2 0 0 0-3.48 0l-8 14A2 2 0 0 0 4 21h16a2 2 0 0 0 1.73-3"[39m
            [36m/>[39m
            [36m<path[39m
              [33md[39m=[32m"M12 9v4"[39m
            [36m/>[39m
            [36m<path[39m
              [33md[39m=[32m"M12 17h.01"[39m
            [36m/>[39m
          [36m</svg>[39m
          [36m<div[39m
            [33mclass[39m=[32m"flex-1 min-w-0"[39m
          [36m>[39m
            [36m<p[39m
              [33mclass[39m=[32m"text-sm font-semibold text-red-900"[39m
            [36m>[39m
              [0mSanction action could not be completed[0m
            [36m</p>[39m
            [36m<p[39m
              [33mclass[39m=[32m"text-sm mt-0.5 text-red-700"[39m
            [36m>[39m
              [0mNOT_FOUND: No sanction decision.[0m
            [36m</p>[39m
          [36m</div>[39m
        [36m</div>[39m
      [36m</div>[39m
      [36m<div[39m
        [33mclass[39m=[32m"grid grid-cols-1 lg:grid-cols-3 gap-6"[39m
      [36m>[39m
        [36m<div[39m
          [33mclass[39m=[32m"card p-0 overflow-hidden lg:col-span-1"[39m
        [36m>[39m
          [36m<div[39m
            [33mclass[39m=[32m"p-4 bg-slate-50 border-b border-slate-200"[39m
          [36m>[39m
            [36m<p[39m
              [33mclass[39m=[32m"text-xs font-semibold text-slate-500 uppercase tracking-wide"[39m
            [36m>[39m
              [0mCases ([0m
              [0m1[0m
              [0m)[0m
            [36m</p>[39m
          [36m</div>[39m
          [36m<div[39m
            [33mclass[39m=[32m"divide-y divide-slate-100"[39m
          [36m>[39m
            [36m<button[39m
              [33mclass[39m=[32m"w-full p-4 hover:bg-slate-50 text-left bg-green-50 border-l-4 border-l-green-500"[39m
            [36m>[39m
              [36m<div[39m
                [33mclass[39m=[32m"flex items-start gap-3"[39m
              [36m>[39m
                [36m<div[39m
                  [33mclass[39m=[32m"flex-1 min-w-0"[39m
                [36m>[39m
                  [36m<div[39m
                    [33mclass[39m=[32m"flex items-center gap-2"[39m
                  [36m>[39m
                    [36m<span[39m
                      [33mclass[39m=[32m"font-semibold text-slate-900 num text-sm"[39m
                    [36m>[39m
                      [0mLO-ACTION-NEWEST[0m
                    [36m</span>[39m
                  [36m</div>[39m
                  [36m<div[39m
                    [33mclass[39m=[32m"text-sm text-slate-700 mt-1"[39m
                  [36m>[39m
                    [0mFrozen Borrower[0m
                  [36m</div>[39m
                  [36m<div[39m
                    [33mclass[39m=[32m"text-xs text-slate-500"[39m
                  [36m>[39m
                    [0mindividual farmer[0m
                    [0m · [0m
                    [0mmedium[0m
                    [0m risk[0m
                  [36m</div>[39m
                [36m</div>[39m
                [36m<span[39m
                  [33mclass[39m=[32m"inline-flex items-center gap-1 font-medium rounded-full border whitespace-nowrap bg-slate-100 text-slate-700 border-slate-200 text-xs px-2 py-0.5 h-5"[39m
                [36m>[39m
                  [36m<svg[39m
                    [33maria-hidden[39m=[32m"true"[39m
                    [33mclass[39m=[32m"lucide lucide-circle"[39m
                    [33mfill[39m=[32m"none"[39m
                    [33mheight[39m=[32m"10"[39m
                    [33mstroke[39m=[32m"currentColor"[39m
                    [33mstroke-linecap[39m=[32m"round"[39m
                    [33mstroke-linejoin[39m=[32m"round"[39m
                    [33mstroke-width[39m=[32m"2"[39m
                    [33mviewBox[39m=[32m"0 0 24 24"[39m
                    [33mwidth[39m=[32m"10"[39m
                    [33mxmlns[39m=[32m"http://www.w3.org/2000/svg"[39m
                 ...
   ✓ SanctionWorkbench authenticated container > loads frozen case truth and approves through the exact case boundary before canonical refresh 152ms
   ✓ SanctionWorkbench authenticated container > renders immutable action actor, role, decision, comment, and acted-at confirmation 12ms
   ✓ SanctionWorkbench authenticated container > renders unavailable frozen legacy approver names without a live identity lookup 14ms
   ✓ SanctionWorkbench authenticated container > requires a reason and sends the exact Reject request 157ms
   ✓ SanctionWorkbench authenticated container > requires a reason and sends the exact Return for Clarification request 156ms
   ✓ SanctionWorkbench authenticated container > applies the 'CFO' resource/permission usability matrix 14ms
   ✓ SanctionWorkbench authenticated container > applies the 'Director' resource/permission usability matrix 13ms
   ✓ SanctionWorkbench authenticated container > applies the 'Credit Manager' resource/permission usability matrix 19ms
   ✓ SanctionWorkbench authenticated container > blocks an unauthorized role at the case collection boundary 6ms
   ✓ SanctionWorkbench authenticated container > does not union global permission into absent or disabled resource authority 18ms
   ✓ SanctionWorkbench authenticated container > surfaces CONFLICTED_APPROVER_NOT_ALLOWED without fabricating completion or refetching 54ms
   ✓ SanctionWorkbench authenticated container > surfaces GENERAL_MEETING_EVIDENCE_REQUIRED without fabricating completion or refetching 54ms
   ✓ SanctionWorkbench authenticated container > surfaces GENERAL_MEETING_APPROVAL_PENDING without fabricating completion or refetching 54ms
   ✓ SanctionWorkbench authenticated container > surfaces GENERAL_MEETING_APPROVAL_REJECTED without fabricating completion or refetching 54ms
   ✓ SanctionWorkbench authenticated container > keeps returned and corrected cycles isolated while navigating 36ms
   ✓ SanctionWorkbench authenticated container > reads terminal sanction terms only with the independent sanction permission 16ms
   ✓ SanctionWorkbench authenticated container > uploads three application-scoped legal files before recording bounded special-case evidence  334ms
   ✓ SanctionWorkbench authenticated container > renders nondisclosing access state for 'AUTH_REQUIRED' 5ms
   ✓ SanctionWorkbench authenticated container > renders nondisclosing access state for 'OBJECT_ACCESS_DENIED' 3ms
   ✓ SanctionWorkbench authenticated container > renders loading then the honest empty assigned queue 4ms
   ✓ SanctionWorkbench authenticated container > surfaces action error state 'VALIDATION_ERROR' without retry 37ms
   ✓ SanctionWorkbench authenticated container > surfaces action error state 'STALE_VERSION' without retry 38ms
   ✓ SanctionWorkbench authenticated container > leaves no mock or client authority path in the shell and owned files 0ms

⎯⎯⎯⎯⎯⎯⎯ Failed Tests 1 ⎯⎯⎯⎯⎯⎯⎯

 FAIL  src/pages/sanction/SanctionWorkbench.test.tsx > SanctionWorkbench authenticated container > keeps a newer filter authoritative while an action detail refresh finishes
TestingLibraryElementError: Unable to find an element with the text: Newest post-action filter detail.. This could be because the text is broken up by multiple elements. In this case, you can provide a function for your text matcher to make your matcher more flexible.

Ignored nodes: comments, script, style
[36m<body[39m
  [33mstyle[39m=[32m""[39m
[36m>[39m
  [36m<div>[39m
    [36m<div[39m
      [33mclass[39m=[32m"p-6 space-y-4"[39m
    [36m>[39m
      [36m<div[39m
        [33mclass[39m=[32m"flex items-center justify-between flex-wrap gap-3"[39m
      [36m>[39m
        [36m<div>[39m
          [36m<h1[39m
            [33mclass[39m=[32m"text-xl font-bold text-slate-900"[39m
          [36m>[39m
            [0mSanction Workbench[0m
          [36m</h1>[39m
          [36m<p[39m
            [33mclass[39m=[32m"text-sm text-slate-500 mt-0.5"[39m
          [36m>[39m
            [0m1[0m
            [0m cases from the approval-case service[0m
          [36m</p>[39m
        [36m</div>[39m
        [36m<select[39m
          [33maria-label[39m=[32m"Sanction case status"[39m
          [33mclass[39m=[32m"field-input w-auto"[39m
        [36m>[39m
          [36m<option[39m
            [33mvalue[39m=[32m"pending"[39m
          [36m>[39m
            [0mPending my approval[0m
          [36m</option>[39m
          [36m<option[39m
            [33mvalue[39m=[32m"approved"[39m
          [36m>[39m
            [0mApproved history[0m
          [36m</option>[39m
          [36m<option[39m
            [33mvalue[39m=[32m"rejected"[39m
          [36m>[39m
            [0mRejected history[0m
          [36m</option>[39m
          [36m<option[39m
            [33mvalue[39m=[32m"returned_for_clarification"[39m
          [36m>[39m
            [0mReturned history[0m
          [36m</option>[39m
          [36m<option[39m
            [33mvalue[39m=[32m"blocked_by_conflict"[39m
          [36m>[39m
            [0mConflict-blocked history[0m
          [36m</option>[39m
          [36m<option[39m
            [33mvalue[39m=[32m"all"[39m
          [36m>[39m
            [0mAll readable cases[0m
          [36m</option>[39m
        [36m</select>[39m
      [36m</div>[39m
      [36m<div[39m
        [33mclass[39m=[32m"rounded-lg border px-4 py-3 bg-red-50 border-red-200"[39m
      [36m>[39m
        [36m<div[39m
          [33mclass[39m=[32m"flex items-start gap-2.5"[39m
        [36m>[39m
          [36m<svg[39m
            [33maria-hidden[39m=[32m"true"[39m
            [33mclass[39m=[32m"lucide lucide-triangle-alert text-red-600 flex-shrink-0 mt-0.5"[39m
            [33mfill[39m=[32m"none"[39m
            [33mheight[39m=[32m"16"[39m
            [33mstroke[39m=[32m"currentColor"[39m
            [33mstroke-linecap[39m=[32m"round"[39m
            [33mstroke-linejoin[39m=[32m"round"[39m
            [33mstroke-width[39m=[32m"2"[39m
            [33mviewBox[39m=[32m"0 0 24 24"[39m
            [33mwidth[39m=[32m"16"[39m
            [33mxmlns[39m=[32m"http://www.w3.org/2000/svg"[39m
          [36m>[39m
            [36m<path[39m
              [33md[39m=[32m"m21.73 18-8-14a2 2 0 0 0-3.48 0l-8 14A2 2 0 0 0 4 21h16a2 2 0 0 0 1.73-3"[39m
            [36m/>[39m
            [36m<path[39m
              [33md[39m=[32m"M12 9v4"[39m
            [36m/>[39m
            [36m<path[39m
              [33md[39m=[32m"M12 17h.01"[39m
            [36m/>[39m
          [36m</svg>[39m
          [36m<div[39m
            [33mclass[39m=[32m"flex-1 min-w-0"[39m
          [36m>[39m
            [36m<p[39m
              [33mclass[39m=[32m"text-sm font-semibold text-red-900"[39m
            [36m>[39m
              [0mSanction action could not be completed[0m
            [36m</p>[39m
            [36m<p[39m
              [33mclass[39m=[32m"text-sm mt-0.5 text-red-700"[39m
            [36m>[39m
              [0mNOT_FOUND: No sanction decision.[0m
            [36m</p>[39m
          [36m</div>[39m
        [36m</div>[39m
      [36m</div>[39m
      [36m<div[39m
        [33mclass[39m=[32m"grid grid-cols-1 lg:grid-cols-3 gap-6"[39m
      [36m>[39m
        [36m<div[39m
          [33mclass[39m=[32m"card p-0 overflow-hidden lg:col-span-1"[39m
        [36m>[39m
          [36m<div[39m
            [33mclass[39m=[32m"p-4 bg-slate-50 border-b border-slate-200"[39m
          [36m>[39m
            [36m<p[39m
              [33mclass[39m=[32m"text-xs font-semibold text-slate-500 uppercase tracking-wide"[39m
            [36m>[39m
              [0mCases ([0m
              [0m1[0m
              [0m)[0m
            [36m</p>[39m
          [36m</div>[39m
          [36m<div[39m
            [33mclass[39m=[32m"divide-y divide-slate-100"[39m
          [36m>[39m
            [36m<button[39m
              [33mclass[39m=[32m"w-full p-4 hover:bg-slate-50 text-left bg-green-50 border-l-4 border-l-green-500"[39m
            [36m>[39m
              [36m<div[39m
                [33mclass[39m=[32m"flex items-start gap-3"[39m
              [36m>[39m
                [36m<div[39m
                  [33mclass[39m=[32m"flex-1 min-w-0"[39m
                [36m>[39m
                  [36m<div[39m
                    [33mclass[39m=[32m"flex items-center gap-2"[39m
                  [36m>[39m
                    [36m<span[39m
                      [33mclass[39m=[32m"font-semibold text-slate-900 num text-sm"[39m
                    [36m>[39m
                      [0mLO-ACTION-NEWEST[0m
                    [36m</span>[39m
                  [36m</div>[39m
                  [36m<div[39m
                    [33mclass[39m=[32m"text-sm text-slate-700 mt-1"[39m
                  [36m>[39m
                    [0mFrozen Borrower[0m
                  [36m</div>[39m
                  [36m<div[39m
                    [33mclass[39m=[32m"text-xs text-slate-500"[39m
                  [36m>[39m
                    [0mindividual farmer[0m
                    [0m · [0m
                    [0mmedium[0m
                    [0m risk[0m
                  [36m</div>[39m
                [36m</div>[39m
                [36m<span[39m
                  [33mclass[39m=[32m"inline-flex items-center gap-1 font-medium rounded-full border whitespace-nowrap bg-slate-100 text-slate-700 border-slate-200 text-xs px-2 py-0.5 h-5"[39m
                [36m>[39m
                  [36m<svg[39m
                    [33maria-hidden[39m=[32m"true"[39m
                    [33mclass[39m=[32m"lucide lucide-circle"[39m
                    [33mfill[39m=[32m"none"[39m
                    [33mheight[39m=[32m"10"[39m
                    [33mstroke[39m=[32m"currentColor"[39m
                    [33mstroke-linecap[39m=[32m"round"[39m
                    [33mstroke-linejoin[39m=[32m"round"[39m
                    [33mstroke-width[39m=[32m"2"[39m
                    [33mviewBox[39m=[32m"0 0 24 24"[39m
                    [33mwidth[39m=[32m"10"[39m
                    [33mxmlns[39m=[32m"http://www.w3.org/2000/svg"[39m
                 ...
 ❯ Object.getElementError node_modules/@testing-library/dom/dist/config.js:37:19
 ❯ node_modules/@testing-library/dom/dist/query-helpers.js:76:38
 ❯ node_modules/@testing-library/dom/dist/query-helpers.js:52:17
 ❯ node_modules/@testing-library/dom/dist/query-helpers.js:95:19
 ❯ src/pages/sanction/SanctionWorkbench.test.tsx:286:19
    284| 
    285|     await waitFor(() => expect(screen.queryByText('Stale action refres…
    286|     expect(screen.getByText('Newest post-action filter detail.')).toBe…
       |                   ^
    287|     expect(screen.getByText('LO-ACTION-NEWEST')).toBeTruthy();
    288|     expect(screen.getByText('1 cases from the approval-case service'))…

⎯⎯⎯⎯⎯⎯⎯⎯⎯⎯⎯⎯⎯⎯⎯⎯⎯⎯⎯⎯⎯⎯⎯⎯[1/1]⎯


 Test Files  1 failed (1)
      Tests  1 failed | 33 passed (34)
   Start at  10:05:27
   Duration  3.02s (transform 203ms, setup 0ms, collect 370ms, tests 1.87s, environment 317ms, prepare 37ms)

