Command:
RALPH_EVIDENCE_DIR=/Users/amitkallapa/LMS/.ralph/worktrees/2026-07-16_033311_repair/.ralph/runs/2026-07-16_050957_repair/evidence/screenshots E2E_DJANGO_PYTHON=/Users/amitkallapa/LMS/.ralph/venv/bin/python npm run e2e -- e2e/staff-documentation-workspace.e2e.spec.ts

Working directory: sfpcl-lms/


> sfpcl-lms@1.0.0 e2e
> playwright test e2e/staff-documentation-workspace.e2e.spec.ts

[2m[WebServer] [22m[15/Jul/2026 23:48:12] "GET /api/v1/health/ready/ HTTP/1.1" 200 202
[2m[WebServer] [22m[33mThe CJS build of Vite's Node API is deprecated. See https://vite.dev/guide/troubleshooting.html#vite-cjs-node-api-deprecated for more details.[39m

Running 1 test using 1 worker

[2m[WebServer] [22m[15/Jul/2026 23:48:15] "OPTIONS /api/v1/auth/login/ HTTP/1.1" 200 0
[2m[WebServer] [22m[15/Jul/2026 23:48:15] "POST /api/v1/auth/login/ HTTP/1.1" 200 1317
[2m[WebServer] [22m[15/Jul/2026 23:48:15] "OPTIONS /api/v1/auth/me/ HTTP/1.1" 200 0
[2m[WebServer] [22m[15/Jul/2026 23:48:15] "GET /api/v1/auth/me/ HTTP/1.1" 200 1851
[2m[WebServer] [22m[15/Jul/2026 23:48:15] "OPTIONS /api/v1/dashboard/ HTTP/1.1" 200 0
[2m[WebServer] [22m[15/Jul/2026 23:48:15] "OPTIONS /api/v1/dashboard/ HTTP/1.1" 200 0
[2m[WebServer] [22m[15/Jul/2026 23:48:15] "GET /api/v1/dashboard/ HTTP/1.1" 200 937
[2m[WebServer] [22m[15/Jul/2026 23:48:15] "GET /api/v1/dashboard/ HTTP/1.1" 200 937
[2m[WebServer] [22m[15/Jul/2026 23:48:15] "OPTIONS /api/v1/documentation-workspaces/?page=1&page_size=20 HTTP/1.1" 200 0
[2m[WebServer] [22m[15/Jul/2026 23:48:15] "OPTIONS /api/v1/documentation-workspaces/?page=1&page_size=20 HTTP/1.1" 200 0
[2m[WebServer] [22m[15/Jul/2026 23:48:15] "GET /api/v1/documentation-workspaces/?page=1&page_size=20 HTTP/1.1" 200 863
[2m[WebServer] [22m[15/Jul/2026 23:48:16] "GET /api/v1/documentation-workspaces/?page=1&page_size=20 HTTP/1.1" 200 863
[2m[WebServer] [22m[15/Jul/2026 23:48:16] "OPTIONS /api/v1/loan-applications/04e0ddcf-c5b8-480d-be57-200f418a971a/documentation-workspace/ HTTP/1.1" 200 0
[2m[WebServer] [22m[15/Jul/2026 23:48:16] "GET /api/v1/loan-applications/04e0ddcf-c5b8-480d-be57-200f418a971a/documentation-workspace/ HTTP/1.1" 200 6529
[2m[WebServer] [22m[15/Jul/2026 23:48:16] "OPTIONS /api/v1/documentation-workspaces/ HTTP/1.1" 200 0
[2m[WebServer] [22m[15/Jul/2026 23:48:16] "GET /api/v1/documentation-workspaces/ HTTP/1.1" 200 829
[2m[WebServer] [22m[15/Jul/2026 23:48:16] "GET /api/v1/loan-applications/04e0ddcf-c5b8-480d-be57-200f418a971a/documentation-workspace/ HTTP/1.1" 200 6495
[2m[WebServer] [22m[15/Jul/2026 23:48:16] "OPTIONS /api/v1/checklist-items/9867b5b7-ba19-4193-8bda-ae0a80c07b6b/complete/ HTTP/1.1" 200 0
[2m[WebServer] [22m[15/Jul/2026 23:48:16] "POST /api/v1/checklist-items/9867b5b7-ba19-4193-8bda-ae0a80c07b6b/complete/ HTTP/1.1" 200 413
[2m[WebServer] [22mConflict: /api/v1/checklist-items/9867b5b7-ba19-4193-8bda-ae0a80c07b6b/complete/
[2m[WebServer] [22m[15/Jul/2026 23:48:16] "POST /api/v1/checklist-items/9867b5b7-ba19-4193-8bda-ae0a80c07b6b/complete/ HTTP/1.1" 409 259
[2m[WebServer] [22m[15/Jul/2026 23:48:16] "OPTIONS /api/v1/loan-applications/04e0ddcf-c5b8-480d-be57-200f418a971a/documentation-workspace/term_sheet/download/ HTTP/1.1" 200 0
[2m[WebServer] [22mNot Found: /api/v1/loan-applications/04e0ddcf-c5b8-480d-be57-200f418a971a/documentation-workspace/term_sheet/download/
[2m[WebServer] [22m[15/Jul/2026 23:48:16] "GET /api/v1/loan-applications/04e0ddcf-c5b8-480d-be57-200f418a971a/documentation-workspace/term_sheet/download/ HTTP/1.1" 404 218
  ✓  1 [chromium] › staff-documentation-workspace.e2e.spec.ts:16:5 › 008M2 closes the real staff documentation workspace contract (2.8s)

  1 passed (14.8s)

Exit code: 0
