Found 1 test(s).
System check identified no issues (0 silenced).
F
======================================================================
FAIL: test_production_settings_refuse_all_demo_seed_commands (sfpcl_credit.tests.test_production_demo_isolation.ProductionDemoIsolationTests.test_production_settings_refuse_all_demo_seed_commands)
----------------------------------------------------------------------
Traceback (most recent call last):
  File "/Users/amitkallapa/LMS/.ralph/worktrees/2026-07-24_123250_normal_run/sfpcl_credit/tests/test_production_demo_isolation.py", line 111, in test_production_settings_refuse_all_demo_seed_commands
    self.assertEqual(result.returncode, 0, result.stdout + result.stderr)
AssertionError: 1 != 0 : Traceback (most recent call last):
  File "/Users/amitkallapa/LMS/.ralph/venv/lib/python3.11/site-packages/django/db/backends/utils.py", line 105, in _execute
    return self.cursor.execute(sql, params)
           ^^^^^^^^^^^^^^^^^^^^^^^^^^^^^^^^
  File "/Users/amitkallapa/LMS/.ralph/venv/lib/python3.11/site-packages/django/db/backends/sqlite3/base.py", line 329, in execute
    return super().execute(query, params)
           ^^^^^^^^^^^^^^^^^^^^^^^^^^^^^^
sqlite3.OperationalError: no such table: portal_accounts

The above exception was the direct cause of the following exception:

Traceback (most recent call last):
  File "<string>", line 18, in <module>
  File "/Users/amitkallapa/LMS/.ralph/venv/lib/python3.11/site-packages/django/core/management/__init__.py", line 194, in call_command
    return command.execute(*args, **defaults)
           ^^^^^^^^^^^^^^^^^^^^^^^^^^^^^^^^^^
  File "/Users/amitkallapa/LMS/.ralph/venv/lib/python3.11/site-packages/django/core/management/base.py", line 459, in execute
    output = self.handle(*args, **options)
             ^^^^^^^^^^^^^^^^^^^^^^^^^^^^^
  File "/Library/Frameworks/Python.framework/Versions/3.11/lib/python3.11/contextlib.py", line 81, in inner
    return func(*args, **kwds)
           ^^^^^^^^^^^^^^^^^^^
  File "/Users/amitkallapa/LMS/.ralph/worktrees/2026-07-24_123250_normal_run/sfpcl_credit/identity/management/commands/seed_portal_e2e_fixture.py", line 53, in handle
    if PortalAccount.objects.filter(user__email=PORTAL_EMAIL).exists():
       ^^^^^^^^^^^^^^^^^^^^^^^^^^^^^^^^^^^^^^^^^^^^^^^^^^^^^^^^^^^^^^^
  File "/Users/amitkallapa/LMS/.ralph/venv/lib/python3.11/site-packages/django/db/models/query.py", line 1288, in exists
    return self.query.has_results(using=self.db)
           ^^^^^^^^^^^^^^^^^^^^^^^^^^^^^^^^^^^^^
  File "/Users/amitkallapa/LMS/.ralph/venv/lib/python3.11/site-packages/django/db/models/sql/query.py", line 659, in has_results
    return compiler.has_results()
           ^^^^^^^^^^^^^^^^^^^^^^
  File "/Users/amitkallapa/LMS/.ralph/venv/lib/python3.11/site-packages/django/db/models/sql/compiler.py", line 1530, in has_results
    return bool(self.execute_sql(SINGLE))
                ^^^^^^^^^^^^^^^^^^^^^^^^
  File "/Users/amitkallapa/LMS/.ralph/venv/lib/python3.11/site-packages/django/db/models/sql/compiler.py", line 1562, in execute_sql
    cursor.execute(sql, params)
  File "/Users/amitkallapa/LMS/.ralph/venv/lib/python3.11/site-packages/django/db/backends/utils.py", line 79, in execute
    return self._execute_with_wrappers(
           ^^^^^^^^^^^^^^^^^^^^^^^^^^^^
  File "/Users/amitkallapa/LMS/.ralph/venv/lib/python3.11/site-packages/django/db/backends/utils.py", line 92, in _execute_with_wrappers
    return executor(sql, params, many, context)
           ^^^^^^^^^^^^^^^^^^^^^^^^^^^^^^^^^^^^
  File "/Users/amitkallapa/LMS/.ralph/venv/lib/python3.11/site-packages/django/db/backends/utils.py", line 100, in _execute
    with self.db.wrap_database_errors:
  File "/Users/amitkallapa/LMS/.ralph/venv/lib/python3.11/site-packages/django/db/utils.py", line 91, in __exit__
    raise dj_exc_value.with_traceback(traceback) from exc_value
  File "/Users/amitkallapa/LMS/.ralph/venv/lib/python3.11/site-packages/django/db/backends/utils.py", line 105, in _execute
    return self.cursor.execute(sql, params)
           ^^^^^^^^^^^^^^^^^^^^^^^^^^^^^^^^
  File "/Users/amitkallapa/LMS/.ralph/venv/lib/python3.11/site-packages/django/db/backends/sqlite3/base.py", line 329, in execute
    return super().execute(query, params)
           ^^^^^^^^^^^^^^^^^^^^^^^^^^^^^^
django.db.utils.OperationalError: no such table: portal_accounts


----------------------------------------------------------------------
Ran 1 test in 0.385s

FAILED (failures=1)
