Found 1 test(s).
System check identified no issues (0 silenced).
F
======================================================================
FAIL: test_production_settings_refuse_all_predictable_user_seed_commands (sfpcl_credit.tests.test_production_demo_isolation.ProductionDemoIsolationTests.test_production_settings_refuse_all_predictable_user_seed_commands)
----------------------------------------------------------------------
Traceback (most recent call last):
  File "/Users/amitkallapa/LMS/.ralph/worktrees/2026-07-24_123250_normal_run/sfpcl_credit/tests/test_production_demo_isolation.py", line 88, in test_production_settings_refuse_all_predictable_user_seed_commands
    self.assertEqual(result.returncode, 0, result.stdout + result.stderr)
AssertionError: 1 != 0 : Traceback (most recent call last):
  File "/Users/amitkallapa/LMS/.ralph/venv/lib/python3.11/site-packages/django/db/backends/utils.py", line 105, in _execute
    return self.cursor.execute(sql, params)
           ^^^^^^^^^^^^^^^^^^^^^^^^^^^^^^^^
  File "/Users/amitkallapa/LMS/.ralph/venv/lib/python3.11/site-packages/django/db/backends/sqlite3/base.py", line 329, in execute
    return super().execute(query, params)
           ^^^^^^^^^^^^^^^^^^^^^^^^^^^^^^
sqlite3.OperationalError: no such table: permissions

The above exception was the direct cause of the following exception:

Traceback (most recent call last):
  File "<string>", line 12, in <module>
  File "/Users/amitkallapa/LMS/.ralph/venv/lib/python3.11/site-packages/django/core/management/__init__.py", line 194, in call_command
    return command.execute(*args, **defaults)
           ^^^^^^^^^^^^^^^^^^^^^^^^^^^^^^^^^^
  File "/Users/amitkallapa/LMS/.ralph/venv/lib/python3.11/site-packages/django/core/management/base.py", line 459, in execute
    output = self.handle(*args, **options)
             ^^^^^^^^^^^^^^^^^^^^^^^^^^^^^
  File "/Library/Frameworks/Python.framework/Versions/3.11/lib/python3.11/contextlib.py", line 81, in inner
    return func(*args, **kwds)
           ^^^^^^^^^^^^^^^^^^^
  File "/Users/amitkallapa/LMS/.ralph/worktrees/2026-07-24_123250_normal_run/sfpcl_credit/identity/management/commands/seed_demo_users.py", line 99, in handle
    seed_catalogue()
  File "/Library/Frameworks/Python.framework/Versions/3.11/lib/python3.11/contextlib.py", line 81, in inner
    return func(*args, **kwds)
           ^^^^^^^^^^^^^^^^^^^
  File "/Users/amitkallapa/LMS/.ralph/worktrees/2026-07-24_123250_normal_run/sfpcl_credit/identity/catalogue.py", line 678, in seed_catalogue
    Permission.objects.update_or_create(
  File "/Users/amitkallapa/LMS/.ralph/venv/lib/python3.11/site-packages/django/db/models/manager.py", line 87, in manager_method
    return getattr(self.get_queryset(), name)(*args, **kwargs)
           ^^^^^^^^^^^^^^^^^^^^^^^^^^^^^^^^^^^^^^^^^^^^^^^^^^^
  File "/Users/amitkallapa/LMS/.ralph/venv/lib/python3.11/site-packages/django/db/models/query.py", line 986, in update_or_create
    obj, created = self.select_for_update().get_or_create(
                   ^^^^^^^^^^^^^^^^^^^^^^^^^^^^^^^^^^^^^^^
  File "/Users/amitkallapa/LMS/.ralph/venv/lib/python3.11/site-packages/django/db/models/query.py", line 948, in get_or_create
    return self.get(**kwargs), False
           ^^^^^^^^^^^^^^^^^^
  File "/Users/amitkallapa/LMS/.ralph/venv/lib/python3.11/site-packages/django/db/models/query.py", line 645, in get
    num = len(clone)
          ^^^^^^^^^^
  File "/Users/amitkallapa/LMS/.ralph/venv/lib/python3.11/site-packages/django/db/models/query.py", line 382, in __len__
    self._fetch_all()
  File "/Users/amitkallapa/LMS/.ralph/venv/lib/python3.11/site-packages/django/db/models/query.py", line 1928, in _fetch_all
    self._result_cache = list(self._iterable_class(self))
                         ^^^^^^^^^^^^^^^^^^^^^^^^^^^^^^^^
  File "/Users/amitkallapa/LMS/.ralph/venv/lib/python3.11/site-packages/django/db/models/query.py", line 91, in __iter__
    results = compiler.execute_sql(
              ^^^^^^^^^^^^^^^^^^^^^
  File "/Users/amitkallapa/LMS/.ralph/venv/lib/python3.11/site-packages/django/db/models/sql/compiler.py", line 1562, in execute_sql
    cursor.execute(sql, params)
  File "/Users/amitkallapa/LMS/.ralph/venv/lib/python3.11/site-packages/django/db/backends/utils.py", line 79, in execute
    return self._execute_with_wrappers(
           ^^^^^^^^^^^^^^^^^^^^^^^^^^^^
  File "/Users/amitkallapa/LMS/.ralph/venv/lib/python3.11/site-packages/django/db/backends/utils.py", line 92, in _execute_with_wrappers
    return executor(sql, params, many, context)
           ^^^^^^^^^^^^^^^^^^^^^^^^^^^^^^^^^^^^
  File "/Users/amitkallapa/LMS/.ralph/venv/lib/python3.11/site-packages/django/db/backends/utils.py", line 100, in _execute
    with self.db.wrap_database_errors:
  File "/Users/amitkallapa/LMS/.ralph/venv/lib/python3.11/site-packages/django/db/utils.py", line 91, in __exit__
    raise dj_exc_value.with_traceback(traceback) from exc_value
  File "/Users/amitkallapa/LMS/.ralph/venv/lib/python3.11/site-packages/django/db/backends/utils.py", line 105, in _execute
    return self.cursor.execute(sql, params)
           ^^^^^^^^^^^^^^^^^^^^^^^^^^^^^^^^
  File "/Users/amitkallapa/LMS/.ralph/venv/lib/python3.11/site-packages/django/db/backends/sqlite3/base.py", line 329, in execute
    return super().execute(query, params)
           ^^^^^^^^^^^^^^^^^^^^^^^^^^^^^^
django.db.utils.OperationalError: no such table: permissions


----------------------------------------------------------------------
Ran 1 test in 0.455s

FAILED (failures=1)
