Found 1 test(s).
System check identified no issues (0 silenced).
F
======================================================================
FAIL: test_production_settings_do_not_register_tracer_application_or_urls (sfpcl_credit.tests.test_production_demo_isolation.ProductionDemoIsolationTests.test_production_settings_do_not_register_tracer_application_or_urls)
----------------------------------------------------------------------
Traceback (most recent call last):
  File "/Users/amitkallapa/LMS/.ralph/worktrees/2026-07-24_123250_normal_run/sfpcl_credit/tests/test_production_demo_isolation.py", line 51, in test_production_settings_do_not_register_tracer_application_or_urls
    self.assertEqual(result.returncode, 0, result.stdout + result.stderr)
AssertionError: 1 != 0 : Traceback (most recent call last):
  File "<string>", line 3, in <module>
  File "/Users/amitkallapa/LMS/.ralph/venv/lib/python3.11/site-packages/django/__init__.py", line 19, in setup
    configure_logging(settings.LOGGING_CONFIG, settings.LOGGING)
                      ^^^^^^^^^^^^^^^^^^^^^^^
  File "/Users/amitkallapa/LMS/.ralph/venv/lib/python3.11/site-packages/django/conf/__init__.py", line 89, in __getattr__
    self._setup(name)
  File "/Users/amitkallapa/LMS/.ralph/venv/lib/python3.11/site-packages/django/conf/__init__.py", line 76, in _setup
    self._wrapped = Settings(settings_module)
                    ^^^^^^^^^^^^^^^^^^^^^^^^^
  File "/Users/amitkallapa/LMS/.ralph/venv/lib/python3.11/site-packages/django/conf/__init__.py", line 190, in __init__
    mod = importlib.import_module(self.SETTINGS_MODULE)
          ^^^^^^^^^^^^^^^^^^^^^^^^^^^^^^^^^^^^^^^^^^^^^
  File "/Library/Frameworks/Python.framework/Versions/3.11/lib/python3.11/importlib/__init__.py", line 126, in import_module
    return _bootstrap._gcd_import(name[level:], package, level)
           ^^^^^^^^^^^^^^^^^^^^^^^^^^^^^^^^^^^^^^^^^^^^^^^^^^^^
  File "<frozen importlib._bootstrap>", line 1206, in _gcd_import
  File "<frozen importlib._bootstrap>", line 1178, in _find_and_load
  File "<frozen importlib._bootstrap>", line 1142, in _find_and_load_unlocked
ModuleNotFoundError: No module named 'sfpcl_credit.config.production_settings'


----------------------------------------------------------------------
Ran 1 test in 0.521s

FAILED (failures=1)
