
> sfpcl-lms@1.0.0 test
> vitest run

[33mThe CJS build of Vite's Node API is deprecated. See https://vite.dev/guide/troubleshooting.html#vite-cjs-node-api-deprecated for more details.[39m

 RUN  v3.2.6 /Users/amitkallapa/LMS/.ralph/worktrees/2026-07-24_123250_normal_run/sfpcl-lms

 ✓ src/pages/settings/SettingsHub.test.tsx (10 tests) 1489ms
   ✓ SettingsHub Approval Matrix panel > permits a canonical manager to submit a complete successor version as a pending proposal  735ms
   ✓ SettingsHub remaining panels > creates a complete successor as a separate audited draft for a canonical policy manager  388ms
 ✓ src/pages/repayments/RepaymentsHub.test.tsx (9 tests) 1727ms
   ✓ 010MA Repayments Hub wiring > posts one governed direct attempt, displays backend allocation, and refreshes reads  538ms
   ✓ 010MA Repayments Hub wiring > shows backend posting denial without retry or canonical refresh: AuthSessionError: Amount must be a positive decimal.  379ms
   ✓ 010MA Repayments Hub wiring > shows backend posting denial without retry or canonical refresh: AuthSessionError: This bank reference is already recorded.  404ms
 ✓ src/pages/appraisal/AppraisalWorkbench.container.test.tsx (14 tests) 2042ms
   ✓ default AppraisalWorkbench authenticated HTTP container > calculates a limit from entered source IDs and refreshes four reads  349ms
   ✓ default AppraisalWorkbench authenticated HTTP container > posts the rejected Credit Manager decision once  322ms
 ✓ src/pages/members/MemberGovernanceForm.test.tsx (5 tests) 2520ms
   ✓ MemberGovernanceForm > submits the institution create variant without individual identity/profile fields  1282ms
   ✓ MemberGovernanceForm > submits every individual registration profile field  945ms
 ✓ src/pages/documentation/DocumentationHub.test.tsx (18 tests) 2981ms
   ✓ 008M2 documentation workspace contract > posts a server-owned approval and refetches once without optimism  641ms
   ✓ 008M2 documentation workspace contract > keeps a conflict visible with no optimistic change, retry, or refetch  500ms
   ✓ 008M2 documentation workspace contract > submits a signed-copy upload through the opaque action and refetches once  408ms
 ✓ src/pages/borrower/portal/applications/MP05_NewApplication.test.tsx (7 tests) 1192ms
   ✓ MP05 loan-limit display authority (006Z2 interim regression) > shows independent 400, 403, and 409 errors without retry or projection refetch  689ms
 ✓ src/pages/registers/RegistersHub.test.tsx (8 tests) 806ms
   ✓ RegistersHub owned approval register panels > applies only canonical financial-year values  318ms
 ✓ src/pages/applications/WitnessPanel.container.test.tsx (10 tests) 1314ms
   ✓ mounted witness resource actions > captures with the exact body and refetches the canonical collection once  426ms
 ✓ src/pages/disbursement/PaymentAuthorisationHub.test.tsx (5 tests) 1042ms
   ✓ 009K CFC payment authorisation workspace > shows CFC actions only when the backend projects them and posts the decision reason  358ms
   ✓ 009K CFC payment authorisation workspace > surfaces backend duplicate UTR and permission errors without optimistic success  430ms
 ✓ src/pages/borrower/portal/PortalCommunicationsViews.test.tsx (5 tests) 788ms
   ✓ MP19-MP24 member communication views > renders all MP24 guide sections, validates required fields, submits, and shows resolution  597ms
 ✓ src/pages/borrower/portal/documents/PortalDocumentationActions.test.tsx (8 tests) 607ms
   ✓ member portal documentation actions > renders server-owned actions and performs one canonical refetch after upload  399ms
 ✓ src/pages/borrower/portal/applications/MP11_DeficiencyResponse.test.tsx (2 tests) 563ms
   ✓ MP11 deficiency response > uploads a server-contracted response, refetches canonical state, and resubmits  493ms
 ✓ src/pages/defaults/DefaultRecoveryHub.test.tsx (1 test) 799ms
   ✓ 011F recovery execution surface > uses the approved backend action and uploaded evidence to initiate S57  798ms
 ✓ src/pages/servicing/InterestMonitoringWorkspaces.test.tsx (6 tests) 611ms
   ✓ interest and monitoring workspaces > makes loan and invoice 101 reachable and accrues the disclosed complete selection  305ms
 ✓ src/pages/search/GlobalSearchResults.test.tsx (5 tests) 662ms
 ✓ src/pages/sanction/SanctionWorkbench.test.tsx (39 tests) 6303ms
   ✓ SanctionWorkbench authenticated container > renders the authoritative total and replaces the queue from the next server page  593ms
   ✓ SanctionWorkbench authenticated container > keeps a newer filter authoritative while an action detail refresh finishes  393ms
   ✓ SanctionWorkbench authenticated container > keeps a newer denied state authoritative when an action detail refresh fails later  374ms
   ✓ SanctionWorkbench authenticated container > keeps a newer malformed state authoritative when an action detail refresh fails later  315ms
   ✓ SanctionWorkbench authenticated container > keeps a newer empty state authoritative when an action detail refresh fails later  361ms
   ✓ SanctionWorkbench authenticated container > keeps a newer filter authoritative while an action decision refresh finishes  394ms
   ✓ SanctionWorkbench authenticated container > loads frozen case truth and approves through the exact case boundary before canonical refresh  359ms
   ✓ SanctionWorkbench authenticated container > requires a reason and sends the exact Reject request  415ms
   ✓ SanctionWorkbench authenticated container > requires a reason and sends the exact Return for Clarification request  381ms
   ✓ SanctionWorkbench authenticated container > uploads three application-scoped legal files before recording bounded special-case evidence  808ms
 ✓ src/pages/loan-accounts/LoanAccount360.test.tsx (6 tests) 503ms
 ✓ src/components/layout/Header.notifications.test.tsx (9 tests) 493ms
 ✓ src/pages/disbursement/DisbursementHub.test.tsx (4 tests) 433ms
 ✓ src/pages/members/MemberGovernanceForm.container.test.tsx (16 tests) 5217ms
   ✓ MemberGovernanceForm production container > routes Directory registration into canonical Profile readback with the exact create ledger  2726ms
   ✓ MemberGovernanceForm production container > posts only the protected identity delta through the shared HTTP transport  353ms
 ✓ src/pages/borrower/portal/disbursement/MP14_DisbursementStatus.test.tsx (6 tests) 338ms
 ✓ src/pages/Dashboard.test.tsx (23 tests) 293ms
 ✓ src/pages/members/MemberProfile.container.test.tsx (4 tests) 357ms
 ✓ src/pages/borrower/portal/loans/PortalLoanViews.test.tsx (6 tests) 338ms
 ✓ src/pages/compliance/AuditorEpic011View.test.tsx (4 tests) 230ms
 ✓ src/pages/borrower/portal/PortalMemberViews.test.tsx (7 tests) 233ms
 ✓ src/services/productionSurfaceIsolation.test.ts (1 test) 76ms
 ✓ src/components/layout/Header.search.test.tsx (1 test) 174ms
 ✓ src/pages/members/Borrower360.test.tsx (4 tests) 79ms
 ✓ src/pages/applications/ApplicationDetail.test.tsx (9 tests) 84ms
 ✓ src/pages/members/MemberProfile.test.tsx (26 tests) 213ms
 ✓ src/pages/appraisal/AppraisalWorkbench.test.tsx (22 tests) 198ms
(node:55161) ExperimentalWarning: buffer.File is an experimental feature and might change at any time
(Use `node --trace-warnings ...` to show where the warning was created)
 ✓ src/services/portalApi.test.ts (10 tests) 34ms
 ✓ src/pages/applications/CompletenessWorkbench.test.tsx (5 tests) 68ms
 ✓ src/services/servicingApi.test.ts (13 tests) 22ms
 ✓ src/pages/members/MemberDirectory.test.tsx (5 tests) 53ms
 ✓ src/pages/applications/ApplicationList.test.tsx (3 tests) 41ms
 ✓ src/pages/notifications/NotificationsCenter.test.tsx (6 tests) 46ms
 ✓ src/contexts/RoleContext.test.tsx (2 tests) 7ms
 ✓ src/services/authSession.test.ts (39 tests) 54ms
 ✓ src/services/creditAssessmentApi.test.ts (5 tests) 7ms
 ✓ src/services/navigationPermissions.test.ts (9 tests) 9ms
 ✓ src/pages/profile/MyProfile.test.tsx (1 test) 9ms
 ✓ src/pages/applications/NomineeSelectionViews.test.tsx (3 tests) 9ms
 ✓ src/services/loanPolicyApi.test.ts (2 tests) 4ms
 ✓ src/services/applicationIntakeApi.test.ts (5 tests) 8ms
 ✓ src/pages/borrower/portal/auth/MP00_Login.test.tsx (2 tests) 16ms
 ✓ src/services/approvalRegistersApi.test.ts (5 tests) 8ms
 ✓ src/services/disbursementApi.test.ts (3 tests) 11ms
 ✓ src/utils/applicationDisplay.test.ts (5 tests) 4ms
 ✓ src/playwright.seed.test.ts (3 tests) 2ms
 ✓ src/services/tracerApi.test.ts (2 tests) 4ms
 ✓ src/utils/formatMoney.test.ts (1 test) 2ms
 ✓ src/playwrightBrowser.test.ts (4 tests) 2ms
 ✓ src/services/demoAuthFlag.test.tsx (4 tests) 2348ms
   ✓ VITE_ENABLE_DEMO_AUTH real App/RoleProvider boundary (005FA4) > fails closed when the flag is unset  2098ms

 Test Files  55 passed (55)
      Tests  437 passed (437)
   Start at  12:57:49
   Duration  11.38s (transform 5.76s, setup 0ms, collect 15.47s, tests 37.47s, environment 11.01s, prepare 3.51s)


> sfpcl-lms@1.0.0 typecheck
> tsc --noEmit


> sfpcl-lms@1.0.0 lint
> eslint src


> sfpcl-lms@1.0.0 build
> vite build

[33mThe CJS build of Vite's Node API is deprecated. See https://vite.dev/guide/troubleshooting.html#vite-cjs-node-api-deprecated for more details.[39m
vite v5.4.21 building for production...
transforming...
✓ 1894 modules transformed.
rendering chunks...
computing gzip size...
dist/index.html                     0.75 kB │ gzip:   0.43 kB
dist/assets/index-CuZ2WAPc.css     49.38 kB │ gzip:   8.55 kB
dist/assets/index-CqLazrmz.js   1,079.34 kB │ gzip: 241.60 kB

(!) Some chunks are larger than 500 kB after minification. Consider:
- Using dynamic import() to code-split the application
- Use build.rollupOptions.output.manualChunks to improve chunking: https://rollupjs.org/configuration-options/#output-manualchunks
- Adjust chunk size limit for this warning via build.chunkSizeWarningLimit.
✓ built in 2.26s
