
> sfpcl-lms@1.0.0 test
> vitest run --run src/services/productionSurfaceIsolation.test.ts

[33mThe CJS build of Vite's Node API is deprecated. See https://vite.dev/guide/troubleshooting.html#vite-cjs-node-api-deprecated for more details.[39m

 RUN  v3.2.6 /Users/amitkallapa/LMS/.ralph/worktrees/2026-07-24_123250_normal_run/sfpcl-lms

 ❯ src/services/productionSurfaceIsolation.test.ts (1 test | 1 failed) 152ms
   × production demo surface isolation > removes tracer navigation and rejects direct tracer navigation even with permission 151ms
     → expected true to be false // Object.is equality

⎯⎯⎯⎯⎯⎯⎯ Failed Tests 1 ⎯⎯⎯⎯⎯⎯⎯

 FAIL  src/services/productionSurfaceIsolation.test.ts > production demo surface isolation > removes tracer navigation and rejects direct tracer navigation even with permission
AssertionError: expected true to be false // Object.is equality

- Expected
+ Received

- false
+ true

 ❯ src/services/productionSurfaceIsolation.test.ts:26:60
     24| 
     25|     expect(DEMO_SURFACES_ENABLED).toBe(false);
     26|     expect(allNavItems.some(item => item.id === 'tracer')).toBe(false);
       |                                                            ^
     27|     expect(resolveNavigationAttempt('tracer', () => true)).toEqual({
     28|       page: 'dashboard',

⎯⎯⎯⎯⎯⎯⎯⎯⎯⎯⎯⎯⎯⎯⎯⎯⎯⎯⎯⎯⎯⎯⎯⎯[1/1]⎯


 Test Files  1 failed (1)
      Tests  1 failed (1)
   Start at  12:39:16
   Duration  391ms (transform 118ms, setup 0ms, collect 15ms, tests 152ms, environment 0ms, prepare 43ms)

