Command:
RALPH_EVIDENCE_DIR=/Users/amitkallapa/LMS/.ralph/worktrees/2026-07-24_103525_normal_run/.ralph/runs/2026-07-24_103525_normal_run/evidence/screenshots/run-1 E2E_DJANGO_PYTHON=/Users/amitkallapa/LMS/.ralph/venv/bin/python npm run e2e -- e2e/operational-dashboard.e2e.spec.ts

Working directory: sfpcl-lms/


> sfpcl-lms@1.0.0 e2e
> playwright test e2e/operational-dashboard.e2e.spec.ts

[2m[WebServer] [22m[24/Jul/2026 06:00:42] "GET /api/v1/health/ready/ HTTP/1.1" 200 202
[2m[WebServer] [22m[33mThe CJS build of Vite's Node API is deprecated. See https://vite.dev/guide/troubleshooting.html#vite-cjs-node-api-deprecated for more details.[39m

Running 4 tests using 1 worker

[2m[WebServer] [22m[24/Jul/2026 06:00:48] "POST /api/v1/auth/login/ HTTP/1.1" 200 1314
[2m[WebServer] [22m[24/Jul/2026 06:00:48] "GET /api/v1/auth/me/ HTTP/1.1" 200 2001
[2m[WebServer] [22m[24/Jul/2026 06:00:48] "GET /api/v1/notifications/?read_status=unread&page_size=4 HTTP/1.1" 200 245
[2m[WebServer] [22m[24/Jul/2026 06:00:48] "GET /api/v1/notifications/?read_status=unread&page_size=4 HTTP/1.1" 200 245
  ✓  1 [chromium] › operational-dashboard.e2e.spec.ts:20:5 › 012E renders populated operational dashboard data (3.0s)
[2m[WebServer] [22m[24/Jul/2026 06:00:51] "POST /api/v1/auth/login/ HTTP/1.1" 200 1314
[2m[WebServer] [22m[24/Jul/2026 06:00:51] "GET /api/v1/auth/me/ HTTP/1.1" 200 2001
[2m[WebServer] [22m[24/Jul/2026 06:00:51] "GET /api/v1/notifications/?read_status=unread&page_size=4 HTTP/1.1" 200 245
[2m[WebServer] [22m[24/Jul/2026 06:00:51] "GET /api/v1/notifications/?read_status=unread&page_size=4 HTTP/1.1" 200 245
  ✓  2 [chromium] › operational-dashboard.e2e.spec.ts:54:5 › 012E renders the empty operational dashboard state (2.3s)
[2m[WebServer] [22m[24/Jul/2026 06:00:53] "POST /api/v1/auth/login/ HTTP/1.1" 200 1314
[2m[WebServer] [22m[24/Jul/2026 06:00:53] "GET /api/v1/auth/me/ HTTP/1.1" 200 2001
[2m[WebServer] [22m[24/Jul/2026 06:00:53] "GET /api/v1/notifications/?read_status=unread&page_size=4 HTTP/1.1" 200 245
[2m[WebServer] [22m[24/Jul/2026 06:00:53] "GET /api/v1/notifications/?read_status=unread&page_size=4 HTTP/1.1" 200 245
  ✘  3 [chromium] › operational-dashboard.e2e.spec.ts:67:5 › 012E renders the operational dashboard error state (2.3s)
[2m[WebServer] [22m[24/Jul/2026 06:00:56] "POST /api/v1/auth/login/ HTTP/1.1" 200 1314
[2m[WebServer] [22m[24/Jul/2026 06:00:56] "GET /api/v1/auth/me/ HTTP/1.1" 200 2001
[2m[WebServer] [22m[24/Jul/2026 06:00:56] "GET /api/v1/notifications/?read_status=unread&page_size=4 HTTP/1.1" 200 245
[2m[WebServer] [22m[24/Jul/2026 06:00:56] "GET /api/v1/notifications/?read_status=unread&page_size=4 HTTP/1.1" 200 245
  ✓  4 [chromium] › operational-dashboard.e2e.spec.ts:82:5 › 012E renders the forbidden operational dashboard state (2.9s)


  1) [chromium] › operational-dashboard.e2e.spec.ts:67:5 › 012E renders the operational dashboard error state 

    Error: expect.toBeVisible: Error: strict mode violation: getByRole('button', { name: 'Dashboard' }) resolved to 2 elements:
        1) <button class="w-full flex items-center gap-3 px-3 py-2.5 rounded-lg text-sm font-medium transition-colors group bg-green-50 text-green-700 ">…</button> aka getByRole('button', { name: 'Dashboard', exact: true })
        2) <button type="button" class="btn-secondary mt-3 flex items-center gap-2">…</button> aka getByRole('button', { name: 'Refresh dashboard' })

    Call log:
    [2m  - expect.toBeVisible with timeout 5000ms[22m
    [2m  - waiting for getByRole('button', { name: 'Dashboard' })[22m


       at helpers.ts:29

      27 |   await page.getByRole('button', { name: 'Sign in' }).click();
      28 |   // The staff shell (sidebar) renders only after /auth/me/ resolves.
    > 29 |   await expect(page.getByRole('button', { name: 'Dashboard' })).toBeVisible();
         |                                                                 ^
      30 | }
      31 |
      32 | export async function captureReviewableEvidence(
        at staffLogin (/Users/amitkallapa/LMS/.ralph/worktrees/2026-07-24_103525_normal_run/sfpcl-lms/e2e/helpers.ts:29:65)
        at /Users/amitkallapa/LMS/.ralph/worktrees/2026-07-24_103525_normal_run/sfpcl-lms/e2e/operational-dashboard.e2e.spec.ts:76:3

  1 failed
    [chromium] › operational-dashboard.e2e.spec.ts:67:5 › 012E renders the operational dashboard error state 
  3 passed (1.1m)

Duration milliseconds: 67272
Exit code: 1
Screenshot evidence exit code: 1
Screenshot manifest: /Users/amitkallapa/LMS/.ralph/worktrees/2026-07-24_103525_normal_run/.ralph/runs/2026-07-24_103525_normal_run/evidence/trusted-browser-screenshots-1.sha256
