
> sfpcl-lms@1.0.0 test
> vitest run --run src/pages/borrower/portal/applications/MP05_NewApplication.test.tsx

[33mThe CJS build of Vite's Node API is deprecated. See https://vite.dev/guide/troubleshooting.html#vite-cjs-node-api-deprecated for more details.[39m

 RUN  v3.2.6 /Users/amitkallapa/LMS/.ralph/worktrees/2026-07-13_014006_normal_run/sfpcl-lms

 ❯ src/pages/borrower/portal/applications/MP05_NewApplication.test.tsx (5 tests | 1 failed) 1169ms
   ✓ MP05 loan-limit display authority (006Z2 interim regression) > keeps the trusted browser portal-entry fixture renderable before using the dashboard action 1ms
   ✓ MP05 loan-limit display authority (006Z2 interim regression) > computes no loan limit client-side 0ms
   ✓ MP05 loan-limit display authority (006Z2 interim regression) > explains that the limit is server-determined during credit assessment 0ms
   ✓ MP05 loan-limit display authority (006Z2 interim regression) > renders the approved three-card composition and server advisory only from the mounted projection 104ms
   × MP05 loan-limit display authority (006Z2 interim regression) > mounts the real container with one borrower-scoped projection GET and no client fallback 1062ms
     → expected [ [ …(2) ], [ …(2) ] ] to have a length of 1 but got 2

Ignored nodes: comments, script, style
[36m<html>[39m
  [36m<head />[39m
  [36m<body>[39m
    [36m<div>[39m
      [36m<div[39m
        [33mclass[39m=[32m"space-y-4"[39m
      [36m>[39m
        [36m<div[39m
          [33mclass[39m=[32m"bg-white rounded-xl border border-slate-100 p-5"[39m
        [36m>[39m
          [36m<div[39m
            [33mclass[39m=[32m"flex flex-col lg:flex-row lg:items-start lg:justify-between gap-4"[39m
          [36m>[39m
            [36m<div>[39m
              [36m<h3[39m
                [33mclass[39m=[32m"font-semibold text-slate-900 flex items-center gap-2"[39m
              [36m>[39m
                [36m<svg[39m
                  [33maria-hidden[39m=[32m"true"[39m
                  [33mclass[39m=[32m"lucide lucide-clipboard-list text-green-600"[39m
                  [33mfill[39m=[32m"none"[39m
                  [33mheight[39m=[32m"16"[39m
                  [33mstroke[39m=[32m"currentColor"[39m
                  [33mstroke-linecap[39m=[32m"round"[39m
                  [33mstroke-linejoin[39m=[32m"round"[39m
                  [33mstroke-width[39m=[32m"2"[39m
                  [33mviewBox[39m=[32m"0 0 24 24"[39m
                  [33mwidth[39m=[32m"16"[39m
                  [33mxmlns[39m=[32m"http://www.w3.org/2000/svg"[39m
                [36m>[39m
                  [36m<rect[39m
                    [33mheight[39m=[32m"4"[39m
                    [33mrx[39m=[32m"1"[39m
                    [33mry[39m=[32m"1"[39m
                    [33mwidth[39m=[32m"8"[39m
                    [33mx[39m=[32m"8"[39m
                    [33my[39m=[32m"2"[39m
                  [36m/>[39m
                  [36m<path[39m
                    [33md[39m=[32m"M16 4h2a2 2 0 0 1 2 2v14a2 2 0 0 1-2 2H6a2 2 0 0 1-2-2V6a2 2 0 0 1 2-2h2"[39m
                  [36m/>[39m
                  [36m<path[39m
                    [33md[39m=[32m"M12 11h4"[39m
                  [36m/>[39m
                  [36m<path[39m
                    [33md[39m=[32m"M12 16h4"[39m
                  [36m/>[39m
                  [36m<path[39m
                    [33md[39m=[32m"M8 11h.01"[39m
                  [36m/>[39m
                  [36m<path[39m
                    [33md[39m=[32m"M8 16h.01"[39m
                  [36m/>[39m
                [36m</svg>[39m
                [0mNew Loan Application[0m
              [36m</h3>[39m
              [36m<p[39m
                [33mclass[39m=[32m"text-xs text-slate-500 mt-1"[39m
              [36m>[39m
                [0mComplete each section, upload mandatory documents, sign declarations, then submit for completeness check.[0m
              [36m</p>[39m
            [36m</div>[39m
            [36m<div[39m
              [33mclass[39m=[32m"flex items-center gap-2"[39m
            [36m>[39m
              [36m<button[39m
                [33mclass[39m=[32m"flex items-center gap-2 px-3 py-2 rounded-lg border border-slate-200 text-sm font-medium text-slate-700 hover:bg-slate-50 transition-colors"[39m
              [36m>[39m
                [36m<svg[39m
                  [33maria-hidden[39m=[32m"true"[39m
                  [33mclass[39m=[32m"lucide lucide-save"[39m
                  [33mfill[39m=[32m"none"[39m
                  [33mheight[39m=[32m"15"[39m
                  [33mstroke[39m=[32m"currentColor"[39m
                  [33mstroke-linecap[39m=[32m"round"[39m
                  [33mstroke-linejoin[39m=[32m"round"[39m
                  [33mstroke-width[39m=[32m"2"[39m
                  [33mviewBox[39m=[32m"0 0 24 24"[39m
                  [33mwidth[39m=[32m"15"[39m
                  [33mxmlns[39m=[32m"http://www.w3.org/2000/svg"[39m
                [36m>[39m
                  [36m<path[39m
                    [33md[39m=[32m"M15.2 3a2 2 0 0 1 1.4.6l3.8 3.8a2 2 0 0 1 .6 1.4V19a2 2 0 0 1-2 2H5a2 2 0 0 1-2-2V5a2 2 0 0 1 2-2z"[39m
                  [36m/>[39m
                  [36m<path[39m
                    [33md[39m=[32m"M17 21v-7a1 1 0 0 0-1-1H8a1 1 0 0 0-1 1v7"[39m
                  [36m/>[39m
                  [36m<path[39m
                    [33md[39m=[32m"M7 3v4a1 1 0 0 0 1 1h7"[39m
                  [36m/>[39m
                [36m</svg>[39m
                [0mSave Draft[0m
              [36m</button>[39m
            [36m</div>[39m
          [36m</div>[39m
          [36m<div[39m
            [33mclass[39m=[32m"mt-5 overflow-x-auto"[39m
          [36m>[39m
            [36m<div[39m
              [33mclass[39m=[32m"flex min-w-max gap-2"[39m
            [36m>[39m
              [36m<button[39m
                [33mclass[39m=[32m"flex items-center gap-2 rounded-lg px-3 py-2 text-xs font-semibold transition-colors bg-green-50 text-green-700"[39m
              [36m>[39m
                [36m<svg[39m
                  [33maria-hidden[39m=[32m"true"[39m
                  [33mclass[39m=[32m"lucide lucide-circle-check"[39m
                  [33mfill[39m=[32m"none"[39m
                  [33mheight[39m=[32m"15"[39m
                  [33mstroke[39m=[32m"currentColor"[39m
                  [33mstroke-linecap[39m=[32m"round"[39m
                  [33mstroke-linejoin[39m=[32m"round"[39m
                  [33mstroke-width[39m=[32m"2"[39m
                  [33mviewBox[39m=[32m"0 0 24 24"[39m
                  [33mwidth[39m=[32m"15"[39m
                  [33mxmlns[39m=[32m"http://www.w3.org/2000/svg"[39m
                [36m>[39m
                  [36m<circle[39m
                    [33mcx[39m=[32m"12"[39m
                    [33mcy[39m=[32m"12"[39m
                    [33mr[39m=[32m"10"[39m
                  [36m/>[39m
                  [36m<path[39m
                    [33md[39m=[32m"m9 12 2 2 4-4"[39m
                  [36m/>[39m
                [36m</svg>[39m
                [0mApplicant[0m
              [36m</button>[39m
              [36m<button[39m
                [33mclass[39m=[32m"flex items-center gap-2 rounded-lg px-3 py-2 text-xs font-semibold transition-colors bg-green-600 text-white"[39m
              [36m>[39m
                [36m<svg[39m
                  [33maria-hidden[39m=[32m"true"[39m
                  [33mclass[39m=[32m"lucide lucide-shield"[39m
                  [33mfill[39m=[32m"none"[39m
                  [33mheight[39m=[32m"15"[39m
                  [33mstroke[39m=[32m"currentColor"[39m
                  [33mstroke-linecap[39m=[32m"round"[39m
                  [33mstroke-linejoin[39m=[32m"round"[39m
                  [33mstroke-width[39m=[32m"2"[39m
                  [33mviewBox[39m=[32m"0 0 24 24"[39m
                  [33mwidth[39m=[32m"15"[39m
                  [33mxmlns[39m=[32m"http://www.w3.org/2000/svg"[39m
                [36m>[39m
                  [36m<path...

⎯⎯⎯⎯⎯⎯⎯ Failed Tests 1 ⎯⎯⎯⎯⎯⎯⎯

 FAIL  src/pages/borrower/portal/applications/MP05_NewApplication.test.tsx > MP05 loan-limit display authority (006Z2 interim regression) > mounts the real container with one borrower-scoped projection GET and no client fallback
AssertionError: expected [ [ …(2) ], [ …(2) ] ] to have a length of 1 but got 2

Ignored nodes: comments, script, style
[36m<html>[39m
  [36m<head />[39m
  [36m<body>[39m
    [36m<div>[39m
      [36m<div[39m
        [33mclass[39m=[32m"space-y-4"[39m
      [36m>[39m
        [36m<div[39m
          [33mclass[39m=[32m"bg-white rounded-xl border border-slate-100 p-5"[39m
        [36m>[39m
          [36m<div[39m
            [33mclass[39m=[32m"flex flex-col lg:flex-row lg:items-start lg:justify-between gap-4"[39m
          [36m>[39m
            [36m<div>[39m
              [36m<h3[39m
                [33mclass[39m=[32m"font-semibold text-slate-900 flex items-center gap-2"[39m
              [36m>[39m
                [36m<svg[39m
                  [33maria-hidden[39m=[32m"true"[39m
                  [33mclass[39m=[32m"lucide lucide-clipboard-list text-green-600"[39m
                  [33mfill[39m=[32m"none"[39m
                  [33mheight[39m=[32m"16"[39m
                  [33mstroke[39m=[32m"currentColor"[39m
                  [33mstroke-linecap[39m=[32m"round"[39m
                  [33mstroke-linejoin[39m=[32m"round"[39m
                  [33mstroke-width[39m=[32m"2"[39m
                  [33mviewBox[39m=[32m"0 0 24 24"[39m
                  [33mwidth[39m=[32m"16"[39m
                  [33mxmlns[39m=[32m"http://www.w3.org/2000/svg"[39m
                [36m>[39m
                  [36m<rect[39m
                    [33mheight[39m=[32m"4"[39m
                    [33mrx[39m=[32m"1"[39m
                    [33mry[39m=[32m"1"[39m
                    [33mwidth[39m=[32m"8"[39m
                    [33mx[39m=[32m"8"[39m
                    [33my[39m=[32m"2"[39m
                  [36m/>[39m
                  [36m<path[39m
                    [33md[39m=[32m"M16 4h2a2 2 0 0 1 2 2v14a2 2 0 0 1-2 2H6a2 2 0 0 1-2-2V6a2 2 0 0 1 2-2h2"[39m
                  [36m/>[39m
                  [36m<path[39m
                    [33md[39m=[32m"M12 11h4"[39m
                  [36m/>[39m
                  [36m<path[39m
                    [33md[39m=[32m"M12 16h4"[39m
                  [36m/>[39m
                  [36m<path[39m
                    [33md[39m=[32m"M8 11h.01"[39m
                  [36m/>[39m
                  [36m<path[39m
                    [33md[39m=[32m"M8 16h.01"[39m
                  [36m/>[39m
                [36m</svg>[39m
                [0mNew Loan Application[0m
              [36m</h3>[39m
              [36m<p[39m
                [33mclass[39m=[32m"text-xs text-slate-500 mt-1"[39m
              [36m>[39m
                [0mComplete each section, upload mandatory documents, sign declarations, then submit for completeness check.[0m
              [36m</p>[39m
            [36m</div>[39m
            [36m<div[39m
              [33mclass[39m=[32m"flex items-center gap-2"[39m
            [36m>[39m
              [36m<button[39m
                [33mclass[39m=[32m"flex items-center gap-2 px-3 py-2 rounded-lg border border-slate-200 text-sm font-medium text-slate-700 hover:bg-slate-50 transition-colors"[39m
              [36m>[39m
                [36m<svg[39m
                  [33maria-hidden[39m=[32m"true"[39m
                  [33mclass[39m=[32m"lucide lucide-save"[39m
                  [33mfill[39m=[32m"none"[39m
                  [33mheight[39m=[32m"15"[39m
                  [33mstroke[39m=[32m"currentColor"[39m
                  [33mstroke-linecap[39m=[32m"round"[39m
                  [33mstroke-linejoin[39m=[32m"round"[39m
                  [33mstroke-width[39m=[32m"2"[39m
                  [33mviewBox[39m=[32m"0 0 24 24"[39m
                  [33mwidth[39m=[32m"15"[39m
                  [33mxmlns[39m=[32m"http://www.w3.org/2000/svg"[39m
                [36m>[39m
                  [36m<path[39m
                    [33md[39m=[32m"M15.2 3a2 2 0 0 1 1.4.6l3.8 3.8a2 2 0 0 1 .6 1.4V19a2 2 0 0 1-2 2H5a2 2 0 0 1-2-2V5a2 2 0 0 1 2-2z"[39m
                  [36m/>[39m
                  [36m<path[39m
                    [33md[39m=[32m"M17 21v-7a1 1 0 0 0-1-1H8a1 1 0 0 0-1 1v7"[39m
                  [36m/>[39m
                  [36m<path[39m
                    [33md[39m=[32m"M7 3v4a1 1 0 0 0 1 1h7"[39m
                  [36m/>[39m
                [36m</svg>[39m
                [0mSave Draft[0m
              [36m</button>[39m
            [36m</div>[39m
          [36m</div>[39m
          [36m<div[39m
            [33mclass[39m=[32m"mt-5 overflow-x-auto"[39m
          [36m>[39m
            [36m<div[39m
              [33mclass[39m=[32m"flex min-w-max gap-2"[39m
            [36m>[39m
              [36m<button[39m
                [33mclass[39m=[32m"flex items-center gap-2 rounded-lg px-3 py-2 text-xs font-semibold transition-colors bg-green-50 text-green-700"[39m
              [36m>[39m
                [36m<svg[39m
                  [33maria-hidden[39m=[32m"true"[39m
                  [33mclass[39m=[32m"lucide lucide-circle-check"[39m
                  [33mfill[39m=[32m"none"[39m
                  [33mheight[39m=[32m"15"[39m
                  [33mstroke[39m=[32m"currentColor"[39m
                  [33mstroke-linecap[39m=[32m"round"[39m
                  [33mstroke-linejoin[39m=[32m"round"[39m
                  [33mstroke-width[39m=[32m"2"[39m
                  [33mviewBox[39m=[32m"0 0 24 24"[39m
                  [33mwidth[39m=[32m"15"[39m
                  [33mxmlns[39m=[32m"http://www.w3.org/2000/svg"[39m
                [36m>[39m
                  [36m<circle[39m
                    [33mcx[39m=[32m"12"[39m
                    [33mcy[39m=[32m"12"[39m
                    [33mr[39m=[32m"10"[39m
                  [36m/>[39m
                  [36m<path[39m
                    [33md[39m=[32m"m9 12 2 2 4-4"[39m
                  [36m/>[39m
                [36m</svg>[39m
                [0mApplicant[0m
              [36m</button>[39m
              [36m<button[39m
                [33mclass[39m=[32m"flex items-center gap-2 rounded-lg px-3 py-2 text-xs font-semibold transition-colors bg-green-600 text-white"[39m
              [36m>[39m
                [36m<svg[39m
                  [33maria-hidden[39m=[32m"true"[39m
                  [33mclass[39m=[32m"lucide lucide-shield"[39m
                  [33mfill[39m=[32m"none"[39m
                  [33mheight[39m=[32m"15"[39m
                  [33mstroke[39m=[32m"currentColor"[39m
                  [33mstroke-linecap[39m=[32m"round"[39m
                  [33mstroke-linejoin[39m=[32m"round"[39m
                  [33mstroke-width[39m=[32m"2"[39m
                  [33mviewBox[39m=[32m"0 0 24 24"[39m
                  [33mwidth[39m=[32m"15"[39m
                  [33mxmlns[39m=[32m"http://www.w3.org/2000/svg"[39m
                [36m>[39m
                  [36m<path...

- Expected
+ Received

- 1
+ 2

 ❯ src/pages/borrower/portal/applications/MP05_NewApplication.test.tsx:99:8
     97|     await waitFor(() => expect(fetchMock.mock.calls.filter(
     98|       ([input]) => String(input).includes('application-limit-projectio…
     99|     )).toHaveLength(1));
       |        ^
    100|     expect(fetchMock.mock.calls.filter(
    101|       ([input]) => String(input).includes('application-limit-projectio…
 ❯ runWithExpensiveErrorDiagnosticsDisabled node_modules/@testing-library/dom/dist/config.js:47:12
 ❯ checkCallback node_modules/@testing-library/dom/dist/wait-for.js:124:77
 ❯ Timeout.checkRealTimersCallback node_modules/@testing-library/dom/dist/wait-for.js:118:16

⎯⎯⎯⎯⎯⎯⎯⎯⎯⎯⎯⎯⎯⎯⎯⎯⎯⎯⎯⎯⎯⎯⎯⎯[1/1]⎯


 Test Files  1 failed (1)
      Tests  1 failed | 4 passed (5)
   Start at  02:46:30
   Duration  1.96s (transform 117ms, setup 0ms, collect 255ms, tests 1.17s, environment 308ms, prepare 38ms)

