
> sfpcl-lms@1.0.0 e2e
> playwright test e2e/portal-application-limit-authority.e2e.spec.ts

[2m[WebServer] [22m[12/Jul/2026 21:17:02] "GET /api/v1/health/ready/ HTTP/1.1" 200 202
[2m[WebServer] [22m[33mThe CJS build of Vite's Node API is deprecated. See https://vite.dev/guide/troubleshooting.html#vite-cjs-node-api-deprecated for more details.[39m
[2m[WebServer] [22m(node:9529) Warning: The 'NO_COLOR' env is ignored due to the 'FORCE_COLOR' env being set.
[2m[WebServer] [22m(Use `node --trace-warnings ...` to show where the warning was created)

Running 4 tests using 1 worker

  ✘  1 [chromium] › portal-application-limit-authority.e2e.spec.ts:10:5 › available projection renders only the three server amounts (3ms)
  ✘  2 [chromium] › portal-application-limit-authority.e2e.spec.ts:21:5 › unavailable projection has no invented zero or internal reason (3ms)
  ✘  3 [chromium] › portal-application-limit-authority.e2e.spec.ts:30:5 › over-limit advisory is derived only from the server flag (3ms)
  ✘  4 [chromium] › portal-application-limit-authority.e2e.spec.ts:37:5 › review repeats the canonical server maximum without recalculation (3ms)


  1) [chromium] › portal-application-limit-authority.e2e.spec.ts:10:5 › available projection renders only the three server amounts 

    Error: browserType.launch: Target page, context or browser has been closed
    Browser logs:

    <launching> /Users/amitkallapa/Library/Caches/ms-playwright/chromium_headless_shell-1148/chrome-mac/headless_shell --disable-field-trial-config --disable-background-networking --disable-background-timer-throttling --disable-backgrounding-occluded-windows --disable-back-forward-cache --disable-breakpad --disable-client-side-phishing-detection --disable-component-extensions-with-background-pages --disable-component-update --no-default-browser-check --disable-default-apps --disable-dev-shm-usage --disable-extensions --disable-features=ImprovedCookieControls,LazyFrameLoading,GlobalMediaControls,DestroyProfileOnBrowserClose,MediaRouter,DialMediaRouteProvider,AcceptCHFrame,AutoExpandDetailsElement,CertificateTransparencyComponentUpdater,AvoidUnnecessaryBeforeUnloadCheckSync,Translate,HttpsUpgrades,PaintHolding,ThirdPartyStoragePartitioning,LensOverlay,PlzDedicatedWorker --allow-pre-commit-input --disable-hang-monitor --disable-ipc-flooding-protection --disable-popup-blocking --disable-prompt-on-repost --disable-renderer-backgrounding --force-color-profile=srgb --metrics-recording-only --no-first-run --enable-automation --password-store=basic --use-mock-keychain --no-service-autorun --export-tagged-pdf --disable-search-engine-choice-screen --unsafely-disable-devtools-self-xss-warnings --enable-use-zoom-for-dsf=false --use-angle --headless --hide-scrollbars --mute-audio --blink-settings=primaryHoverType=2,availableHoverTypes=2,primaryPointerType=4,availablePointerTypes=4 --no-sandbox --user-data-dir=/var/folders/zq/3s8051dx39q0tk8whcqx44y00000gn/T/playwright_chromiumdev_profile-XTpdpg --remote-debugging-pipe --no-startup-window
    <launched> pid=9532
    [pid=9532][err] [0713/024703.515411:ERROR:thermal_state_observer_mac.mm(88)] ThermalStateObserverMac unable to register to power notifications. Result: 9
    [pid=9532][err] [0713/024703.529830:ERROR:dns_config_service_posix.cc(142)] DNS config watch failed to start.
    [pid=9532][err] [0713/024703.539611:FATAL:mach_port_rendezvous.cc(399)] Check failed: kr == KERN_SUCCESS. bootstrap_check_in org.chromium.Chromium.MachPortRendezvousServer.9532: Permission denied (1100)
    Call log:
    [2m  - <launching> /Users/amitkallapa/Library/Caches/ms-playwright/chromium_headless_shell-1148/chrome-mac/headless_shell --disable-field-trial-config --disable-background-networking --disable-background-timer-throttling --disable-backgrounding-occluded-windows --disable-back-forward-cache --disable-breakpad --disable-client-side-phishing-detection --disable-component-extensions-with-background-pages --disable-component-update --no-default-browser-check --disable-default-apps --disable-dev-shm-usage --disable-extensions --disable-features=ImprovedCookieControls,LazyFrameLoading,GlobalMediaControls,DestroyProfileOnBrowserClose,MediaRouter,DialMediaRouteProvider,AcceptCHFrame,AutoExpandDetailsElement,CertificateTransparencyComponentUpdater,AvoidUnnecessaryBeforeUnloadCheckSync,Translate,HttpsUpgrades,PaintHolding,ThirdPartyStoragePartitioning,LensOverlay,PlzDedicatedWorker --allow-pre-commit-input --disable-hang-monitor --disable-ipc-flooding-protection --disable-popup-blocking --disable-prompt-on-repost --disable-renderer-backgrounding --force-color-profile=srgb --metrics-recording-only --no-first-run --enable-automation --password-store=basic --use-mock-keychain --no-service-autorun --export-tagged-pdf --disable-search-engine-choice-screen --unsafely-disable-devtools-self-xss-warnings --enable-use-zoom-for-dsf=false --use-angle --headless --hide-scrollbars --mute-audio --blink-settings=primaryHoverType=2,availableHoverTypes=2,primaryPointerType=4,availablePointerTypes=4 --no-sandbox --user-data-dir=/var/folders/zq/3s8051dx39q0tk8whcqx44y00000gn/T/playwright_chromiumdev_profile-XTpdpg --remote-debugging-pipe --no-startup-window[22m
    [2m  - <launched> pid=9532[22m
    [2m  - [pid=9532][err] [0713/024703.515411:ERROR:thermal_state_observer_mac.mm(88)] ThermalStateObserverMac unable to register to power notifications. Result: 9[22m
    [2m  - [pid=9532][err] [0713/024703.529830:ERROR:dns_config_service_posix.cc(142)] DNS config watch failed to start.[22m
    [2m  - [pid=9532][err] [0713/024703.539611:FATAL:mach_port_rendezvous.cc(399)] Check failed: kr == KERN_SUCCESS. bootstrap_check_in org.chromium.Chromium.MachPortRendezvousServer.9532: Permission denied (1100)[22m


  2) [chromium] › portal-application-limit-authority.e2e.spec.ts:21:5 › unavailable projection has no invented zero or internal reason 

    Error: browserType.launch: Target page, context or browser has been closed
    Browser logs:

    <launching> /Users/amitkallapa/Library/Caches/ms-playwright/chromium_headless_shell-1148/chrome-mac/headless_shell --disable-field-trial-config --disable-background-networking --disable-background-timer-throttling --disable-backgrounding-occluded-windows --disable-back-forward-cache --disable-breakpad --disable-client-side-phishing-detection --disable-component-extensions-with-background-pages --disable-component-update --no-default-browser-check --disable-default-apps --disable-dev-shm-usage --disable-extensions --disable-features=ImprovedCookieControls,LazyFrameLoading,GlobalMediaControls,DestroyProfileOnBrowserClose,MediaRouter,DialMediaRouteProvider,AcceptCHFrame,AutoExpandDetailsElement,CertificateTransparencyComponentUpdater,AvoidUnnecessaryBeforeUnloadCheckSync,Translate,HttpsUpgrades,PaintHolding,ThirdPartyStoragePartitioning,LensOverlay,PlzDedicatedWorker --allow-pre-commit-input --disable-hang-monitor --disable-ipc-flooding-protection --disable-popup-blocking --disable-prompt-on-repost --disable-renderer-backgrounding --force-color-profile=srgb --metrics-recording-only --no-first-run --enable-automation --password-store=basic --use-mock-keychain --no-service-autorun --export-tagged-pdf --disable-search-engine-choice-screen --unsafely-disable-devtools-self-xss-warnings --enable-use-zoom-for-dsf=false --use-angle --headless --hide-scrollbars --mute-audio --blink-settings=primaryHoverType=2,availableHoverTypes=2,primaryPointerType=4,availablePointerTypes=4 --no-sandbox --user-data-dir=/var/folders/zq/3s8051dx39q0tk8whcqx44y00000gn/T/playwright_chromiumdev_profile-UyG1Fr --remote-debugging-pipe --no-startup-window
    <launched> pid=9534
    [pid=9534][err] [0713/024704.178779:ERROR:thermal_state_observer_mac.mm(88)] ThermalStateObserverMac unable to register to power notifications. Result: 9
    [pid=9534][err] [0713/024704.179927:ERROR:dns_config_service_posix.cc(142)] DNS config watch failed to start.
    [pid=9534][err] [0713/024704.180454:FATAL:mach_port_rendezvous.cc(399)] Check failed: kr == KERN_SUCCESS. bootstrap_check_in org.chromium.Chromium.MachPortRendezvousServer.9534: Permission denied (1100)
    Call log:
    [2m  - <launching> /Users/amitkallapa/Library/Caches/ms-playwright/chromium_headless_shell-1148/chrome-mac/headless_shell --disable-field-trial-config --disable-background-networking --disable-background-timer-throttling --disable-backgrounding-occluded-windows --disable-back-forward-cache --disable-breakpad --disable-client-side-phishing-detection --disable-component-extensions-with-background-pages --disable-component-update --no-default-browser-check --disable-default-apps --disable-dev-shm-usage --disable-extensions --disable-features=ImprovedCookieControls,LazyFrameLoading,GlobalMediaControls,DestroyProfileOnBrowserClose,MediaRouter,DialMediaRouteProvider,AcceptCHFrame,AutoExpandDetailsElement,CertificateTransparencyComponentUpdater,AvoidUnnecessaryBeforeUnloadCheckSync,Translate,HttpsUpgrades,PaintHolding,ThirdPartyStoragePartitioning,LensOverlay,PlzDedicatedWorker --allow-pre-commit-input --disable-hang-monitor --disable-ipc-flooding-protection --disable-popup-blocking --disable-prompt-on-repost --disable-renderer-backgrounding --force-color-profile=srgb --metrics-recording-only --no-first-run --enable-automation --password-store=basic --use-mock-keychain --no-service-autorun --export-tagged-pdf --disable-search-engine-choice-screen --unsafely-disable-devtools-self-xss-warnings --enable-use-zoom-for-dsf=false --use-angle --headless --hide-scrollbars --mute-audio --blink-settings=primaryHoverType=2,availableHoverTypes=2,primaryPointerType=4,availablePointerTypes=4 --no-sandbox --user-data-dir=/var/folders/zq/3s8051dx39q0tk8whcqx44y00000gn/T/playwright_chromiumdev_profile-UyG1Fr --remote-debugging-pipe --no-startup-window[22m
    [2m  - <launched> pid=9534[22m
    [2m  - [pid=9534][err] [0713/024704.178779:ERROR:thermal_state_observer_mac.mm(88)] ThermalStateObserverMac unable to register to power notifications. Result: 9[22m
    [2m  - [pid=9534][err] [0713/024704.179927:ERROR:dns_config_service_posix.cc(142)] DNS config watch failed to start.[22m
    [2m  - [pid=9534][err] [0713/024704.180454:FATAL:mach_port_rendezvous.cc(399)] Check failed: kr == KERN_SUCCESS. bootstrap_check_in org.chromium.Chromium.MachPortRendezvousServer.9534: Permission denied (1100)[22m


  3) [chromium] › portal-application-limit-authority.e2e.spec.ts:30:5 › over-limit advisory is derived only from the server flag 

    Error: browserType.launch: Target page, context or browser has been closed
    Browser logs:

    <launching> /Users/amitkallapa/Library/Caches/ms-playwright/chromium_headless_shell-1148/chrome-mac/headless_shell --disable-field-trial-config --disable-background-networking --disable-background-timer-throttling --disable-backgrounding-occluded-windows --disable-back-forward-cache --disable-breakpad --disable-client-side-phishing-detection --disable-component-extensions-with-background-pages --disable-component-update --no-default-browser-check --disable-default-apps --disable-dev-shm-usage --disable-extensions --disable-features=ImprovedCookieControls,LazyFrameLoading,GlobalMediaControls,DestroyProfileOnBrowserClose,MediaRouter,DialMediaRouteProvider,AcceptCHFrame,AutoExpandDetailsElement,CertificateTransparencyComponentUpdater,AvoidUnnecessaryBeforeUnloadCheckSync,Translate,HttpsUpgrades,PaintHolding,ThirdPartyStoragePartitioning,LensOverlay,PlzDedicatedWorker --allow-pre-commit-input --disable-hang-monitor --disable-ipc-flooding-protection --disable-popup-blocking --disable-prompt-on-repost --disable-renderer-backgrounding --force-color-profile=srgb --metrics-recording-only --no-first-run --enable-automation --password-store=basic --use-mock-keychain --no-service-autorun --export-tagged-pdf --disable-search-engine-choice-screen --unsafely-disable-devtools-self-xss-warnings --enable-use-zoom-for-dsf=false --use-angle --headless --hide-scrollbars --mute-audio --blink-settings=primaryHoverType=2,availableHoverTypes=2,primaryPointerType=4,availablePointerTypes=4 --no-sandbox --user-data-dir=/var/folders/zq/3s8051dx39q0tk8whcqx44y00000gn/T/playwright_chromiumdev_profile-1WaB3G --remote-debugging-pipe --no-startup-window
    <launched> pid=9536
    [pid=9536][err] [0713/024704.803744:ERROR:thermal_state_observer_mac.mm(88)] ThermalStateObserverMac unable to register to power notifications. Result: 9
    [pid=9536][err] [0713/024704.804788:ERROR:dns_config_service_posix.cc(142)] DNS config watch failed to start.
    [pid=9536][err] [0713/024704.805080:FATAL:mach_port_rendezvous.cc(399)] Check failed: kr == KERN_SUCCESS. bootstrap_check_in org.chromium.Chromium.MachPortRendezvousServer.9536: Permission denied (1100)
    Call log:
    [2m  - <launching> /Users/amitkallapa/Library/Caches/ms-playwright/chromium_headless_shell-1148/chrome-mac/headless_shell --disable-field-trial-config --disable-background-networking --disable-background-timer-throttling --disable-backgrounding-occluded-windows --disable-back-forward-cache --disable-breakpad --disable-client-side-phishing-detection --disable-component-extensions-with-background-pages --disable-component-update --no-default-browser-check --disable-default-apps --disable-dev-shm-usage --disable-extensions --disable-features=ImprovedCookieControls,LazyFrameLoading,GlobalMediaControls,DestroyProfileOnBrowserClose,MediaRouter,DialMediaRouteProvider,AcceptCHFrame,AutoExpandDetailsElement,CertificateTransparencyComponentUpdater,AvoidUnnecessaryBeforeUnloadCheckSync,Translate,HttpsUpgrades,PaintHolding,ThirdPartyStoragePartitioning,LensOverlay,PlzDedicatedWorker --allow-pre-commit-input --disable-hang-monitor --disable-ipc-flooding-protection --disable-popup-blocking --disable-prompt-on-repost --disable-renderer-backgrounding --force-color-profile=srgb --metrics-recording-only --no-first-run --enable-automation --password-store=basic --use-mock-keychain --no-service-autorun --export-tagged-pdf --disable-search-engine-choice-screen --unsafely-disable-devtools-self-xss-warnings --enable-use-zoom-for-dsf=false --use-angle --headless --hide-scrollbars --mute-audio --blink-settings=primaryHoverType=2,availableHoverTypes=2,primaryPointerType=4,availablePointerTypes=4 --no-sandbox --user-data-dir=/var/folders/zq/3s8051dx39q0tk8whcqx44y00000gn/T/playwright_chromiumdev_profile-1WaB3G --remote-debugging-pipe --no-startup-window[22m
    [2m  - <launched> pid=9536[22m
    [2m  - [pid=9536][err] [0713/024704.803744:ERROR:thermal_state_observer_mac.mm(88)] ThermalStateObserverMac unable to register to power notifications. Result: 9[22m
    [2m  - [pid=9536][err] [0713/024704.804788:ERROR:dns_config_service_posix.cc(142)] DNS config watch failed to start.[22m
    [2m  - [pid=9536][err] [0713/024704.805080:FATAL:mach_port_rendezvous.cc(399)] Check failed: kr == KERN_SUCCESS. bootstrap_check_in org.chromium.Chromium.MachPortRendezvousServer.9536: Permission denied (1100)[22m


  4) [chromium] › portal-application-limit-authority.e2e.spec.ts:37:5 › review repeats the canonical server maximum without recalculation 

    Error: browserType.launch: Target page, context or browser has been closed
    Browser logs:

    <launching> /Users/amitkallapa/Library/Caches/ms-playwright/chromium_headless_shell-1148/chrome-mac/headless_shell --disable-field-trial-config --disable-background-networking --disable-background-timer-throttling --disable-backgrounding-occluded-windows --disable-back-forward-cache --disable-breakpad --disable-client-side-phishing-detection --disable-component-extensions-with-background-pages --disable-component-update --no-default-browser-check --disable-default-apps --disable-dev-shm-usage --disable-extensions --disable-features=ImprovedCookieControls,LazyFrameLoading,GlobalMediaControls,DestroyProfileOnBrowserClose,MediaRouter,DialMediaRouteProvider,AcceptCHFrame,AutoExpandDetailsElement,CertificateTransparencyComponentUpdater,AvoidUnnecessaryBeforeUnloadCheckSync,Translate,HttpsUpgrades,PaintHolding,ThirdPartyStoragePartitioning,LensOverlay,PlzDedicatedWorker --allow-pre-commit-input --disable-hang-monitor --disable-ipc-flooding-protection --disable-popup-blocking --disable-prompt-on-repost --disable-renderer-backgrounding --force-color-profile=srgb --metrics-recording-only --no-first-run --enable-automation --password-store=basic --use-mock-keychain --no-service-autorun --export-tagged-pdf --disable-search-engine-choice-screen --unsafely-disable-devtools-self-xss-warnings --enable-use-zoom-for-dsf=false --use-angle --headless --hide-scrollbars --mute-audio --blink-settings=primaryHoverType=2,availableHoverTypes=2,primaryPointerType=4,availablePointerTypes=4 --no-sandbox --user-data-dir=/var/folders/zq/3s8051dx39q0tk8whcqx44y00000gn/T/playwright_chromiumdev_profile-NyshWK --remote-debugging-pipe --no-startup-window
    <launched> pid=9538
    [pid=9538][err] [0713/024705.375264:ERROR:thermal_state_observer_mac.mm(88)] ThermalStateObserverMac unable to register to power notifications. Result: 9
    [pid=9538][err] [0713/024705.376321:ERROR:dns_config_service_posix.cc(142)] DNS config watch failed to start.
    [pid=9538][err] [0713/024705.376781:FATAL:mach_port_rendezvous.cc(399)] Check failed: kr == KERN_SUCCESS. bootstrap_check_in org.chromium.Chromium.MachPortRendezvousServer.9538: Permission denied (1100)
    Call log:
    [2m  - <launching> /Users/amitkallapa/Library/Caches/ms-playwright/chromium_headless_shell-1148/chrome-mac/headless_shell --disable-field-trial-config --disable-background-networking --disable-background-timer-throttling --disable-backgrounding-occluded-windows --disable-back-forward-cache --disable-breakpad --disable-client-side-phishing-detection --disable-component-extensions-with-background-pages --disable-component-update --no-default-browser-check --disable-default-apps --disable-dev-shm-usage --disable-extensions --disable-features=ImprovedCookieControls,LazyFrameLoading,GlobalMediaControls,DestroyProfileOnBrowserClose,MediaRouter,DialMediaRouteProvider,AcceptCHFrame,AutoExpandDetailsElement,CertificateTransparencyComponentUpdater,AvoidUnnecessaryBeforeUnloadCheckSync,Translate,HttpsUpgrades,PaintHolding,ThirdPartyStoragePartitioning,LensOverlay,PlzDedicatedWorker --allow-pre-commit-input --disable-hang-monitor --disable-ipc-flooding-protection --disable-popup-blocking --disable-prompt-on-repost --disable-renderer-backgrounding --force-color-profile=srgb --metrics-recording-only --no-first-run --enable-automation --password-store=basic --use-mock-keychain --no-service-autorun --export-tagged-pdf --disable-search-engine-choice-screen --unsafely-disable-devtools-self-xss-warnings --enable-use-zoom-for-dsf=false --use-angle --headless --hide-scrollbars --mute-audio --blink-settings=primaryHoverType=2,availableHoverTypes=2,primaryPointerType=4,availablePointerTypes=4 --no-sandbox --user-data-dir=/var/folders/zq/3s8051dx39q0tk8whcqx44y00000gn/T/playwright_chromiumdev_profile-NyshWK --remote-debugging-pipe --no-startup-window[22m
    [2m  - <launched> pid=9538[22m
    [2m  - [pid=9538][err] [0713/024705.375264:ERROR:thermal_state_observer_mac.mm(88)] ThermalStateObserverMac unable to register to power notifications. Result: 9[22m
    [2m  - [pid=9538][err] [0713/024705.376321:ERROR:dns_config_service_posix.cc(142)] DNS config watch failed to start.[22m
    [2m  - [pid=9538][err] [0713/024705.376781:FATAL:mach_port_rendezvous.cc(399)] Check failed: kr == KERN_SUCCESS. bootstrap_check_in org.chromium.Chromium.MachPortRendezvousServer.9538: Permission denied (1100)[22m


  4 failed
    [chromium] › portal-application-limit-authority.e2e.spec.ts:10:5 › available projection renders only the three server amounts 
    [chromium] › portal-application-limit-authority.e2e.spec.ts:21:5 › unavailable projection has no invented zero or internal reason 
    [chromium] › portal-application-limit-authority.e2e.spec.ts:30:5 › over-limit advisory is derived only from the server flag 
    [chromium] › portal-application-limit-authority.e2e.spec.ts:37:5 › review repeats the canonical server maximum without recalculation 
