Test selector: sfpcl-lms/src/services/servicingApi.test.ts::accrues all 101 explicitly selected loans in backend-authorised batches

> sfpcl-lms@1.0.0 test
> vitest run --run src/services/servicingApi.test.ts -t accrues all 101 explicitly selected loans in backend-authorised batches

[33mThe CJS build of Vite's Node API is deprecated. See https://vite.dev/guide/troubleshooting.html#vite-cjs-node-api-deprecated for more details.[39m

 RUN  v3.2.6 /Users/amitkallapa/LMS/.ralph/worktrees/2026-07-21_213720_normal_run/sfpcl-lms

 ❯ src/services/servicingApi.test.ts (8 tests | 1 failed | 7 skipped) 4ms
   ↓ servicing API module > uses exact canonical permissions for interest mutations
   ↓ servicing API module > reads canonical interest and monitoring projections without client calculations
   ↓ servicing API module > sends one caller-stable key for each canonical interest mutation
   × servicing API module > accrues all 101 explicitly selected loans in backend-authorised batches 4ms
     → runPortfolioInterestAccrual is not a function
   ↓ servicing API module > requires an active source role as well as every combined-action permission
   ↓ servicing API module > reads schedule and ledger pages through authenticated standard pagination
   ↓ servicing API module > delegates capture, SAP posting, and allocation to one backend-owned command
   ↓ servicing API module > stops an exact capture replay before a second SAP or allocation mutation

⎯⎯⎯⎯⎯⎯⎯ Failed Tests 1 ⎯⎯⎯⎯⎯⎯⎯

 FAIL  src/services/servicingApi.test.ts > servicing API module > accrues all 101 explicitly selected loans in backend-authorised batches
TypeError: runPortfolioInterestAccrual is not a function
 ❯ src/services/servicingApi.test.ts:104:18
    102|     vi.stubGlobal('fetch', fetchMock);
    103| 
    104|     await expect(runPortfolioInterestAccrual(
       |                  ^
    105|       '2026-06', loanAccountIds, 'portfolio-accrual-key',
    106|     )).resolves.toEqual({

⎯⎯⎯⎯⎯⎯⎯⎯⎯⎯⎯⎯⎯⎯⎯⎯⎯⎯⎯⎯⎯⎯⎯⎯[1/1]⎯


 Test Files  1 failed (1)
      Tests  1 failed | 7 skipped (8)
   Start at  21:42:24
   Duration  418ms (transform 95ms, setup 0ms, collect 97ms, tests 4ms, environment 0ms, prepare 38ms)

Exit code: 1
