$ npm run lint
$ npm run typecheck
$ npm test -- --run
$ npm run build


> sfpcl-lms@1.0.0 lint
> eslint src


> sfpcl-lms@1.0.0 typecheck
> tsc --noEmit


> sfpcl-lms@1.0.0 test
> vitest run --run

The CJS build of Vite's Node API is deprecated. See https://vite.dev/guide/troubleshooting.html#vite-cjs-node-api-deprecated for more details.

 RUN  v3.2.6 /Users/amitkallapa/LMS/.ralph/worktrees/2026-07-10_190455_architecture_review/sfpcl-lms

 ✓ src/services/portalApi.test.ts (4 tests) 8ms
 ✓ src/services/applicationIntakeApi.test.ts (3 tests) 6ms
 ✓ src/services/authSession.test.ts (15 tests) 15ms
 ✓ src/services/navigationPermissions.test.ts (7 tests) 6ms
 ✓ src/pages/members/Borrower360.test.tsx (4 tests) 115ms
 ✓ src/pages/applications/ApplicationDetail.test.tsx (8 tests) 86ms
 ✓ src/pages/Dashboard.test.tsx (13 tests) 56ms
 ✓ src/pages/members/MemberProfile.test.tsx (25 tests) 198ms
 ✓ src/pages/notifications/NotificationsCenter.test.tsx (6 tests) 30ms
 ✓ src/pages/borrower/portal/PortalMemberViews.test.tsx (4 tests) 39ms
 ✓ src/services/tracerApi.test.ts (2 tests) 7ms
 ✓ src/pages/members/MemberDirectory.test.tsx (5 tests) 71ms
 ✓ src/utils/applicationDisplay.test.ts (5 tests) 13ms
 ✓ src/pages/profile/MyProfile.test.tsx (1 test) 9ms
 ✓ src/pages/applications/ApplicationList.test.tsx (2 tests) 33ms
 ✓ src/pages/applications/NomineeSelectionViews.test.tsx (3 tests) 7ms

 Test Files  16 passed (16)
      Tests  107 passed (107)
   Start at  19:23:37
   Duration  1.61s (transform 1.33s, setup 0ms, collect 3.69s, tests 700ms, environment 2ms, prepare 1.41s)


> sfpcl-lms@1.0.0 build
> vite build

The CJS build of Vite's Node API is deprecated. See https://vite.dev/guide/troubleshooting.html#vite-cjs-node-api-deprecated for more details.
vite v5.4.21 building for production...
transforming...
✓ 1870 modules transformed.
rendering chunks...
computing gzip size...
dist/index.html                     0.75 kB │ gzip:   0.43 kB
dist/assets/index-DTOQ9iDW.css     53.03 kB │ gzip:   9.20 kB
dist/assets/index-BE6wJvsZ.js   1,158.01 kB │ gzip: 246.84 kB

(!) Some chunks are larger than 500 kB after minification. Consider:
- Using dynamic import() to code-split the application
- Use build.rollupOptions.output.manualChunks to improve chunking: https://rollupjs.org/configuration-options/#output-manualchunks
- Adjust chunk size limit for this warning via build.chunkSizeWarningLimit.
✓ built in 2.22s

exit_code=0

