Command:
RALPH_EVIDENCE_DIR=/Users/amitkallapa/LMS/.ralph/worktrees/2026-07-12_211948_normal_run/.ralph/runs/2026-07-12_213609_repair/evidence/screenshots E2E_DJANGO_PYTHON=/Users/amitkallapa/LMS/.ralph/venv/bin/python npm run e2e -- e2e/member-governance-variants.e2e.spec.ts

Working directory: sfpcl-lms/


> sfpcl-lms@1.0.0 e2e
> playwright test e2e/member-governance-variants.e2e.spec.ts

[2m[WebServer] [22m[12/Jul/2026 16:14:34] "GET /api/v1/health/ready/ HTTP/1.1" 200 202
[2m[WebServer] [22m[33mThe CJS build of Vite's Node API is deprecated. See https://vite.dev/guide/troubleshooting.html#vite-cjs-node-api-deprecated for more details.[39m

Running 1 test using 1 worker

[2m[WebServer] [22m[12/Jul/2026 16:14:37] "OPTIONS /api/v1/auth/login/ HTTP/1.1" 200 0
[2m[WebServer] [22m[12/Jul/2026 16:14:37] "POST /api/v1/auth/login/ HTTP/1.1" 200 1314
[2m[WebServer] [22m[12/Jul/2026 16:14:37] "OPTIONS /api/v1/auth/me/ HTTP/1.1" 200 0
[2m[WebServer] [22m[12/Jul/2026 16:14:37] "GET /api/v1/auth/me/ HTTP/1.1" 200 1723
[2m[WebServer] [22m[12/Jul/2026 16:14:37] "OPTIONS /api/v1/dashboard/ HTTP/1.1" 200 0
[2m[WebServer] [22m[12/Jul/2026 16:14:37] "OPTIONS /api/v1/dashboard/ HTTP/1.1" 200 0
[2m[WebServer] [22mForbidden: /api/v1/dashboard/
[2m[WebServer] [22m[12/Jul/2026 16:14:37] "GET /api/v1/dashboard/ HTTP/1.1" 403 250
[2m[WebServer] [22mForbidden: /api/v1/dashboard/
[2m[WebServer] [22m[12/Jul/2026 16:14:37] "GET /api/v1/dashboard/ HTTP/1.1" 403 250
[2m[WebServer] [22m[12/Jul/2026 16:14:37] "OPTIONS /api/v1/members/ HTTP/1.1" 200 0
[2m[WebServer] [22m[12/Jul/2026 16:14:37] "OPTIONS /api/v1/members/ HTTP/1.1" 200 0
[2m[WebServer] [22m[12/Jul/2026 16:14:37] "GET /api/v1/members/ HTTP/1.1" 200 1394
[2m[WebServer] [22m[12/Jul/2026 16:14:37] "GET /api/v1/members/ HTTP/1.1" 200 1394
[2m[WebServer] [22m[12/Jul/2026 16:14:38] "POST /api/v1/members/ HTTP/1.1" 200 2326
[2m[WebServer] [22m[12/Jul/2026 16:14:38] "OPTIONS /api/v1/members/16e70636-7b50-4fdb-922f-413e14ce55db/ HTTP/1.1" 200 0
[2m[WebServer] [22m[12/Jul/2026 16:14:38] "GET /api/v1/members/16e70636-7b50-4fdb-922f-413e14ce55db/ HTTP/1.1" 200 2326
[2m[WebServer] [22m[12/Jul/2026 16:14:38] "PATCH /api/v1/members/16e70636-7b50-4fdb-922f-413e14ce55db/ HTTP/1.1" 200 2328
[2m[WebServer] [22m[12/Jul/2026 16:14:38] "GET /api/v1/members/16e70636-7b50-4fdb-922f-413e14ce55db/ HTTP/1.1" 200 2328
[2m[WebServer] [22m[12/Jul/2026 16:14:38] "GET /api/v1/members/ HTTP/1.1" 200 2003
[2m[WebServer] [22m[12/Jul/2026 16:14:38] "GET /api/v1/members/ HTTP/1.1" 200 2003
[2m[WebServer] [22m[12/Jul/2026 16:14:38] "POST /api/v1/members/ HTTP/1.1" 200 2173
[2m[WebServer] [22m[12/Jul/2026 16:14:38] "OPTIONS /api/v1/members/9bd7fab4-626e-4aa1-8695-81ec79415f7f/ HTTP/1.1" 200 0
[2m[WebServer] [22m[12/Jul/2026 16:14:38] "GET /api/v1/members/9bd7fab4-626e-4aa1-8695-81ec79415f7f/ HTTP/1.1" 200 2173
[2m[WebServer] [22m[12/Jul/2026 16:14:39] "GET /api/v1/members/ HTTP/1.1" 200 2590
[2m[WebServer] [22m[12/Jul/2026 16:14:39] "GET /api/v1/members/ HTTP/1.1" 200 2590
[2m[WebServer] [22m[12/Jul/2026 16:14:39] "POST /api/v1/members/ HTTP/1.1" 200 2224
[2m[WebServer] [22m[12/Jul/2026 16:14:39] "OPTIONS /api/v1/members/8490d0bb-cb09-488e-883c-61ad8ba150d5/ HTTP/1.1" 200 0
[2m[WebServer] [22m[12/Jul/2026 16:14:39] "GET /api/v1/members/8490d0bb-cb09-488e-883c-61ad8ba150d5/ HTTP/1.1" 200 2224
[2m[WebServer] [22m[12/Jul/2026 16:14:39] "GET /api/v1/members/ HTTP/1.1" 200 3228
[2m[WebServer] [22m[12/Jul/2026 16:14:39] "OPTIONS /api/v1/members/?search=Epic+006+Browser+Member HTTP/1.1" 200 0
[2m[WebServer] [22m[12/Jul/2026 16:14:39] "GET /api/v1/members/ HTTP/1.1" 200 3228
[2m[WebServer] [22m[12/Jul/2026 16:14:39] "GET /api/v1/members/?search=Epic+006+Browser+Member HTTP/1.1" 200 816
[2m[WebServer] [22m[12/Jul/2026 16:14:39] "OPTIONS /api/v1/members/00000000-0000-4000-8000-000000000602/ HTTP/1.1" 200 0
[2m[WebServer] [22m[12/Jul/2026 16:14:39] "GET /api/v1/members/00000000-0000-4000-8000-000000000602/ HTTP/1.1" 200 5276
[2m[WebServer] [22m[12/Jul/2026 16:14:39] "OPTIONS /api/v1/members/00000000-0000-4000-8000-000000000602/identity-change-requests/ HTTP/1.1" 200 0
[2m[WebServer] [22m[12/Jul/2026 16:14:39] "POST /api/v1/members/00000000-0000-4000-8000-000000000602/identity-change-requests/ HTTP/1.1" 200 287
[2m[WebServer] [22m[12/Jul/2026 16:14:39] "GET /api/v1/members/00000000-0000-4000-8000-000000000602/ HTTP/1.1" 200 5408
[2m[WebServer] [22m[12/Jul/2026 16:14:39] "OPTIONS /api/v1/auth/logout/ HTTP/1.1" 200 0
[2m[WebServer] [22m[12/Jul/2026 16:14:39] "POST /api/v1/auth/logout/ HTTP/1.1" 200 142
[2m[WebServer] [22m[12/Jul/2026 16:14:40] "POST /api/v1/auth/login/ HTTP/1.1" 200 1288
[2m[WebServer] [22m[12/Jul/2026 16:14:40] "GET /api/v1/auth/me/ HTTP/1.1" 200 2300
[2m[WebServer] [22m[12/Jul/2026 16:14:40] "GET /api/v1/dashboard/ HTTP/1.1" 200 1454
[2m[WebServer] [22m[12/Jul/2026 16:14:40] "GET /api/v1/dashboard/ HTTP/1.1" 200 1454
[2m[WebServer] [22m[12/Jul/2026 16:14:40] "GET /api/v1/members/ HTTP/1.1" 200 3228
[2m[WebServer] [22m[12/Jul/2026 16:14:40] "GET /api/v1/members/ HTTP/1.1" 200 3228
[2m[WebServer] [22m[12/Jul/2026 16:14:40] "GET /api/v1/members/?search=Epic+006+Browser+Member HTTP/1.1" 200 816
[2m[WebServer] [22m[12/Jul/2026 16:14:40] "GET /api/v1/members/00000000-0000-4000-8000-000000000602/ HTTP/1.1" 200 5353
[2m[WebServer] [22m[12/Jul/2026 16:14:40] "OPTIONS /api/v1/member-identity-change-requests/db528a82-7e5f-4af7-85b9-626754ac0cca/approve/ HTTP/1.1" 200 0
[2m[WebServer] [22m[12/Jul/2026 16:14:40] "POST /api/v1/member-identity-change-requests/db528a82-7e5f-4af7-85b9-626754ac0cca/approve/ HTTP/1.1" 200 5352
[2m[WebServer] [22m[12/Jul/2026 16:14:40] "GET /api/v1/members/00000000-0000-4000-8000-000000000602/ HTTP/1.1" 200 5352
  ✓  1 [chromium] › member-governance-variants.e2e.spec.ts:15:5 › complete member variants and protected identity approval cross real staff sessions (5.1s)

  1 passed (10.4s)

Exit code: 0
