Command:
RALPH_EVIDENCE_DIR=/Users/amitkallapa/LMS/.ralph/worktrees/2026-07-12_211948_normal_run/.ralph/runs/2026-07-12_213609_repair/evidence/screenshots E2E_DJANGO_PYTHON=/Users/amitkallapa/LMS/.ralph/venv/bin/python npm run e2e -- e2e/member-governance-variants.e2e.spec.ts

Working directory: sfpcl-lms/


> sfpcl-lms@1.0.0 e2e
> playwright test e2e/member-governance-variants.e2e.spec.ts

[2m[WebServer] [22m[12/Jul/2026 16:14:44] "GET /api/v1/health/ready/ HTTP/1.1" 200 202
[2m[WebServer] [22m[33mThe CJS build of Vite's Node API is deprecated. See https://vite.dev/guide/troubleshooting.html#vite-cjs-node-api-deprecated for more details.[39m

Running 1 test using 1 worker

[2m[WebServer] [22m[12/Jul/2026 16:14:47] "OPTIONS /api/v1/auth/login/ HTTP/1.1" 200 0
[2m[WebServer] [22m[12/Jul/2026 16:14:47] "POST /api/v1/auth/login/ HTTP/1.1" 200 1314
[2m[WebServer] [22m[12/Jul/2026 16:14:47] "OPTIONS /api/v1/auth/me/ HTTP/1.1" 200 0
[2m[WebServer] [22m[12/Jul/2026 16:14:47] "GET /api/v1/auth/me/ HTTP/1.1" 200 1723
[2m[WebServer] [22m[12/Jul/2026 16:14:47] "OPTIONS /api/v1/dashboard/ HTTP/1.1" 200 0
[2m[WebServer] [22m[12/Jul/2026 16:14:47] "OPTIONS /api/v1/dashboard/ HTTP/1.1" 200 0
[2m[WebServer] [22mForbidden: /api/v1/dashboard/
[2m[WebServer] [22m[12/Jul/2026 16:14:47] "GET /api/v1/dashboard/ HTTP/1.1" 403 250
[2m[WebServer] [22mForbidden: /api/v1/dashboard/
[2m[WebServer] [22m[12/Jul/2026 16:14:47] "GET /api/v1/dashboard/ HTTP/1.1" 403 250
[2m[WebServer] [22m[12/Jul/2026 16:14:47] "OPTIONS /api/v1/members/ HTTP/1.1" 200 0
[2m[WebServer] [22m[12/Jul/2026 16:14:47] "OPTIONS /api/v1/members/ HTTP/1.1" 200 0
[2m[WebServer] [22m[12/Jul/2026 16:14:47] "GET /api/v1/members/ HTTP/1.1" 200 1394
[2m[WebServer] [22m[12/Jul/2026 16:14:47] "GET /api/v1/members/ HTTP/1.1" 200 1394
[2m[WebServer] [22m[12/Jul/2026 16:14:48] "POST /api/v1/members/ HTTP/1.1" 200 2326
[2m[WebServer] [22m[12/Jul/2026 16:14:48] "OPTIONS /api/v1/members/c6be3a63-b9cd-4312-af78-677972f35e09/ HTTP/1.1" 200 0
[2m[WebServer] [22m[12/Jul/2026 16:14:48] "GET /api/v1/members/c6be3a63-b9cd-4312-af78-677972f35e09/ HTTP/1.1" 200 2326
[2m[WebServer] [22m[12/Jul/2026 16:14:48] "PATCH /api/v1/members/c6be3a63-b9cd-4312-af78-677972f35e09/ HTTP/1.1" 200 2328
[2m[WebServer] [22m[12/Jul/2026 16:14:48] "GET /api/v1/members/c6be3a63-b9cd-4312-af78-677972f35e09/ HTTP/1.1" 200 2328
[2m[WebServer] [22m[12/Jul/2026 16:14:48] "GET /api/v1/members/ HTTP/1.1" 200 2003
[2m[WebServer] [22m[12/Jul/2026 16:14:48] "GET /api/v1/members/ HTTP/1.1" 200 2003
[2m[WebServer] [22m[12/Jul/2026 16:14:48] "POST /api/v1/members/ HTTP/1.1" 200 2173
[2m[WebServer] [22m[12/Jul/2026 16:14:48] "OPTIONS /api/v1/members/a332ba2e-ba21-493f-884d-3298c5835506/ HTTP/1.1" 200 0
[2m[WebServer] [22m[12/Jul/2026 16:14:48] "GET /api/v1/members/a332ba2e-ba21-493f-884d-3298c5835506/ HTTP/1.1" 200 2173
[2m[WebServer] [22m[12/Jul/2026 16:14:48] "GET /api/v1/members/ HTTP/1.1" 200 2590
[2m[WebServer] [22m[12/Jul/2026 16:14:48] "GET /api/v1/members/ HTTP/1.1" 200 2590
[2m[WebServer] [22m[12/Jul/2026 16:14:49] "POST /api/v1/members/ HTTP/1.1" 200 2224
[2m[WebServer] [22m[12/Jul/2026 16:14:49] "OPTIONS /api/v1/members/274fd6e4-1ed4-4bdd-999d-ac46c625af5e/ HTTP/1.1" 200 0
[2m[WebServer] [22m[12/Jul/2026 16:14:49] "GET /api/v1/members/274fd6e4-1ed4-4bdd-999d-ac46c625af5e/ HTTP/1.1" 200 2224
[2m[WebServer] [22m[12/Jul/2026 16:14:49] "GET /api/v1/members/ HTTP/1.1" 200 3228
[2m[WebServer] [22m[12/Jul/2026 16:14:49] "GET /api/v1/members/ HTTP/1.1" 200 3228
[2m[WebServer] [22m[12/Jul/2026 16:14:49] "OPTIONS /api/v1/members/?search=Epic+006+Browser+Member HTTP/1.1" 200 0
[2m[WebServer] [22m[12/Jul/2026 16:14:49] "GET /api/v1/members/?search=Epic+006+Browser+Member HTTP/1.1" 200 816
[2m[WebServer] [22m[12/Jul/2026 16:14:49] "OPTIONS /api/v1/members/00000000-0000-4000-8000-000000000602/ HTTP/1.1" 200 0
[2m[WebServer] [22m[12/Jul/2026 16:14:49] "GET /api/v1/members/00000000-0000-4000-8000-000000000602/ HTTP/1.1" 200 5276
[2m[WebServer] [22m[12/Jul/2026 16:14:49] "OPTIONS /api/v1/members/00000000-0000-4000-8000-000000000602/identity-change-requests/ HTTP/1.1" 200 0
[2m[WebServer] [22m[12/Jul/2026 16:14:49] "POST /api/v1/members/00000000-0000-4000-8000-000000000602/identity-change-requests/ HTTP/1.1" 200 287
[2m[WebServer] [22m[12/Jul/2026 16:14:49] "GET /api/v1/members/00000000-0000-4000-8000-000000000602/ HTTP/1.1" 200 5408
[2m[WebServer] [22m[12/Jul/2026 16:14:49] "OPTIONS /api/v1/auth/logout/ HTTP/1.1" 200 0
[2m[WebServer] [22m[12/Jul/2026 16:14:49] "POST /api/v1/auth/logout/ HTTP/1.1" 200 142
[2m[WebServer] [22m[12/Jul/2026 16:14:50] "POST /api/v1/auth/login/ HTTP/1.1" 200 1288
[2m[WebServer] [22m[12/Jul/2026 16:14:50] "GET /api/v1/auth/me/ HTTP/1.1" 200 2300
[2m[WebServer] [22m[12/Jul/2026 16:14:50] "GET /api/v1/dashboard/ HTTP/1.1" 200 1454
[2m[WebServer] [22m[12/Jul/2026 16:14:50] "GET /api/v1/dashboard/ HTTP/1.1" 200 1454
[2m[WebServer] [22m[12/Jul/2026 16:14:50] "GET /api/v1/members/ HTTP/1.1" 200 3228
[2m[WebServer] [22m[12/Jul/2026 16:14:50] "GET /api/v1/members/ HTTP/1.1" 200 3228
[2m[WebServer] [22m[12/Jul/2026 16:14:50] "GET /api/v1/members/?search=Epic+006+Browser+Member HTTP/1.1" 200 816
[2m[WebServer] [22m[12/Jul/2026 16:14:50] "GET /api/v1/members/00000000-0000-4000-8000-000000000602/ HTTP/1.1" 200 5353
[2m[WebServer] [22m[12/Jul/2026 16:14:50] "OPTIONS /api/v1/member-identity-change-requests/b11a2d9a-1f83-4893-bfc5-d98a325f7f81/approve/ HTTP/1.1" 200 0
[2m[WebServer] [22m[12/Jul/2026 16:14:50] "POST /api/v1/member-identity-change-requests/b11a2d9a-1f83-4893-bfc5-d98a325f7f81/approve/ HTTP/1.1" 200 5352
[2m[WebServer] [22m[12/Jul/2026 16:14:50] "GET /api/v1/members/00000000-0000-4000-8000-000000000602/ HTTP/1.1" 200 5352
  ✓  1 [chromium] › member-governance-variants.e2e.spec.ts:15:5 › complete member variants and protected identity approval cross real staff sessions (5.3s)

  1 passed (9.4s)

Exit code: 0
