
> sfpcl-lms@1.0.0 test
> vitest run --run src/pages/members/MemberGovernanceForm.container.test.tsx -t routes Directory registration|submits the complete individual_farmer

[33mThe CJS build of Vite's Node API is deprecated. See https://vite.dev/guide/troubleshooting.html#vite-cjs-node-api-deprecated for more details.[39m

 RUN  v3.2.6 /Users/amitkallapa/LMS/.ralph/worktrees/2026-07-13_073549_normal_run/sfpcl-lms

 ✓ src/pages/members/MemberGovernanceForm.container.test.tsx (15 tests | 13 skipped) 1688ms
   ✓ MemberGovernanceForm production container > routes Directory registration into canonical Profile readback before an ordinary update readback  1585ms

 Test Files  1 passed (1)
      Tests  2 passed | 13 skipped (15)
   Start at  07:39:26
   Duration  3.51s (transform 924ms, setup 0ms, collect 1.28s, tests 1.69s, environment 204ms, prepare 33ms)


> sfpcl-lms@1.0.0 test
> vitest run --run src/pages/members/MemberGovernanceForm.container.test.tsx -t routes Directory registration|submits the complete individual_farmer

[33mThe CJS build of Vite's Node API is deprecated. See https://vite.dev/guide/troubleshooting.html#vite-cjs-node-api-deprecated for more details.[39m

 RUN  v3.2.6 /Users/amitkallapa/LMS/.ralph/worktrees/2026-07-13_073549_normal_run/sfpcl-lms

 ✓ src/pages/members/MemberGovernanceForm.container.test.tsx (15 tests | 13 skipped) 1947ms
   ✓ MemberGovernanceForm production container > routes Directory registration into canonical Profile readback before an ordinary update readback  1836ms

 Test Files  1 passed (1)
      Tests  2 passed | 13 skipped (15)
   Start at  07:39:30
   Duration  4.25s (transform 1.19s, setup 0ms, collect 1.68s, tests 1.95s, environment 282ms, prepare 34ms)


> sfpcl-lms@1.0.0 test
> vitest run --run src/pages/members/MemberGovernanceForm.container.test.tsx -t routes Directory registration|submits the complete individual_farmer

[33mThe CJS build of Vite's Node API is deprecated. See https://vite.dev/guide/troubleshooting.html#vite-cjs-node-api-deprecated for more details.[39m

 RUN  v3.2.6 /Users/amitkallapa/LMS/.ralph/worktrees/2026-07-13_073549_normal_run/sfpcl-lms

 ✓ src/pages/members/MemberGovernanceForm.container.test.tsx (15 tests | 13 skipped) 1763ms
   ✓ MemberGovernanceForm production container > routes Directory registration into canonical Profile readback before an ordinary update readback  1652ms

 Test Files  1 passed (1)
      Tests  2 passed | 13 skipped (15)
   Start at  07:39:35
   Duration  3.86s (transform 953ms, setup 0ms, collect 1.37s, tests 1.76s, environment 367ms, prepare 45ms)


> sfpcl-lms@1.0.0 test
> vitest run --run src/pages/members/MemberGovernanceForm.container.test.tsx -t routes Directory registration|submits the complete individual_farmer

[33mThe CJS build of Vite's Node API is deprecated. See https://vite.dev/guide/troubleshooting.html#vite-cjs-node-api-deprecated for more details.[39m

 RUN  v3.2.6 /Users/amitkallapa/LMS/.ralph/worktrees/2026-07-13_073549_normal_run/sfpcl-lms

 ✓ src/pages/members/MemberGovernanceForm.container.test.tsx (15 tests | 13 skipped) 1709ms
   ✓ MemberGovernanceForm production container > routes Directory registration into canonical Profile readback before an ordinary update readback  1603ms

 Test Files  1 passed (1)
      Tests  2 passed | 13 skipped (15)
   Start at  07:39:39
   Duration  4.16s (transform 1.26s, setup 0ms, collect 1.80s, tests 1.71s, environment 312ms, prepare 81ms)


> sfpcl-lms@1.0.0 test
> vitest run --run src/pages/members/MemberGovernanceForm.container.test.tsx -t routes Directory registration|submits the complete individual_farmer

[33mThe CJS build of Vite's Node API is deprecated. See https://vite.dev/guide/troubleshooting.html#vite-cjs-node-api-deprecated for more details.[39m

 RUN  v3.2.6 /Users/amitkallapa/LMS/.ralph/worktrees/2026-07-13_073549_normal_run/sfpcl-lms

 ✓ src/pages/members/MemberGovernanceForm.container.test.tsx (15 tests | 13 skipped) 1714ms
   ✓ MemberGovernanceForm production container > routes Directory registration into canonical Profile readback before an ordinary update readback  1607ms

 Test Files  1 passed (1)
      Tests  2 passed | 13 skipped (15)
   Start at  07:39:44
   Duration  3.76s (transform 948ms, setup 0ms, collect 1.38s, tests 1.71s, environment 340ms, prepare 37ms)

