Command:
RALPH_EVIDENCE_DIR=/Users/amitkallapa/LMS/.ralph/worktrees/2026-07-16_080903_repair/.ralph/runs/2026-07-16_093846_repair/evidence/screenshots E2E_DJANGO_PYTHON=/Users/amitkallapa/LMS/.ralph/venv/bin/python npm run e2e -- e2e/staff-documentation-workspace.e2e.spec.ts

Working directory: sfpcl-lms/


> sfpcl-lms@1.0.0 e2e
> playwright test e2e/staff-documentation-workspace.e2e.spec.ts

[2m[WebServer] [22m[16/Jul/2026 04:26:42] "GET /api/v1/health/ready/ HTTP/1.1" 200 202
[2m[WebServer] [22m[33mThe CJS build of Vite's Node API is deprecated. See https://vite.dev/guide/troubleshooting.html#vite-cjs-node-api-deprecated for more details.[39m

Running 1 test using 1 worker

[2m[WebServer] [22m[16/Jul/2026 04:26:45] "OPTIONS /api/v1/auth/login/ HTTP/1.1" 200 0
[2m[WebServer] [22m[16/Jul/2026 04:26:45] "POST /api/v1/auth/login/ HTTP/1.1" 200 1317
[2m[WebServer] [22m[16/Jul/2026 04:26:45] "OPTIONS /api/v1/auth/me/ HTTP/1.1" 200 0
[2m[WebServer] [22m[16/Jul/2026 04:26:45] "GET /api/v1/auth/me/ HTTP/1.1" 200 1901
[2m[WebServer] [22m[16/Jul/2026 04:26:45] "OPTIONS /api/v1/dashboard/ HTTP/1.1" 200 0
[2m[WebServer] [22m[16/Jul/2026 04:26:45] "OPTIONS /api/v1/dashboard/ HTTP/1.1" 200 0
[2m[WebServer] [22m[16/Jul/2026 04:26:45] "GET /api/v1/dashboard/ HTTP/1.1" 200 937
[2m[WebServer] [22m[16/Jul/2026 04:26:45] "GET /api/v1/dashboard/ HTTP/1.1" 200 937
[2m[WebServer] [22m[16/Jul/2026 04:26:45] "OPTIONS /api/v1/documentation-workspaces/?page=1&page_size=20 HTTP/1.1" 200 0
[2m[WebServer] [22m[16/Jul/2026 04:26:45] "OPTIONS /api/v1/documentation-workspaces/?page=1&page_size=20 HTTP/1.1" 200 0
[2m[WebServer] [22m[16/Jul/2026 04:26:45] "GET /api/v1/documentation-workspaces/?page=1&page_size=20 HTTP/1.1" 200 863
[2m[WebServer] [22m[16/Jul/2026 04:26:45] "OPTIONS /api/v1/loan-applications/45a6f6db-9469-473a-8418-c9b571571994/documentation-workspace/ HTTP/1.1" 200 0
[2m[WebServer] [22m[16/Jul/2026 04:26:45] "GET /api/v1/documentation-workspaces/?page=1&page_size=20 HTTP/1.1" 200 863
[2m[WebServer] [22m[16/Jul/2026 04:26:45] "GET /api/v1/loan-applications/45a6f6db-9469-473a-8418-c9b571571994/documentation-workspace/ HTTP/1.1" 200 11361
[2m[WebServer] [22m[16/Jul/2026 04:26:46] "OPTIONS /api/v1/loan-applications/45a6f6db-9469-473a-8418-c9b571571994/documentation-workspace/actions/5d358bdd6759ea14c8c61ab8b19e140f63289fda/ HTTP/1.1" 200 0
[2m[WebServer] [22m[16/Jul/2026 04:26:46] "POST /api/v1/loan-applications/45a6f6db-9469-473a-8418-c9b571571994/documentation-workspace/actions/5d358bdd6759ea14c8c61ab8b19e140f63289fda/ HTTP/1.1" 200 438
[2m[WebServer] [22m[16/Jul/2026 04:26:46] "GET /api/v1/loan-applications/45a6f6db-9469-473a-8418-c9b571571994/documentation-workspace/ HTTP/1.1" 200 11361
[2m[WebServer] [22m[16/Jul/2026 04:26:46] "OPTIONS /api/v1/loan-applications/45a6f6db-9469-473a-8418-c9b571571994/documentation-workspace/actions/8eb5aa535d446e568536979a22ad2f8d4c5e24d4/ HTTP/1.1" 200 0
[2m[WebServer] [22m[16/Jul/2026 04:26:46] "POST /api/v1/loan-applications/45a6f6db-9469-473a-8418-c9b571571994/documentation-workspace/actions/8eb5aa535d446e568536979a22ad2f8d4c5e24d4/ HTTP/1.1" 200 448
[2m[WebServer] [22m[16/Jul/2026 04:26:46] "GET /api/v1/loan-applications/45a6f6db-9469-473a-8418-c9b571571994/documentation-workspace/ HTTP/1.1" 200 11361
[2m[WebServer] [22m[16/Jul/2026 04:26:46] "OPTIONS /api/v1/loan-applications/45a6f6db-9469-473a-8418-c9b571571994/documentation-workspace/actions/868c829576e7203db06344e62761c72363058832/ HTTP/1.1" 200 0
[2m[WebServer] [22mBad Request: /api/v1/loan-applications/45a6f6db-9469-473a-8418-c9b571571994/documentation-workspace/actions/868c829576e7203db06344e62761c72363058832/
[2m[WebServer] [22m[16/Jul/2026 04:26:46] "POST /api/v1/loan-applications/45a6f6db-9469-473a-8418-c9b571571994/documentation-workspace/actions/868c829576e7203db06344e62761c72363058832/ HTTP/1.1" 400 341
[2m[WebServer] [22m[16/Jul/2026 04:26:47] "OPTIONS /api/v1/documentation-workspaces/ HTTP/1.1" 200 0
[2m[WebServer] [22m[16/Jul/2026 04:26:47] "GET /api/v1/documentation-workspaces/ HTTP/1.1" 200 829
[2m[WebServer] [22m[16/Jul/2026 04:26:47] "GET /api/v1/loan-applications/45a6f6db-9469-473a-8418-c9b571571994/documentation-workspace/ HTTP/1.1" 200 11327
[2m[WebServer] [22m[16/Jul/2026 04:26:47] "OPTIONS /api/v1/loan-applications/45a6f6db-9469-473a-8418-c9b571571994/documentation-workspace/actions/8eb5aa535d446e568536979a22ad2f8d4c5e24da/ HTTP/1.1" 200 0
[2m[WebServer] [22mNot Found: /api/v1/loan-applications/45a6f6db-9469-473a-8418-c9b571571994/documentation-workspace/actions/8eb5aa535d446e568536979a22ad2f8d4c5e24da/
[2m[WebServer] [22m[16/Jul/2026 04:26:47] "POST /api/v1/loan-applications/45a6f6db-9469-473a-8418-c9b571571994/documentation-workspace/actions/8eb5aa535d446e568536979a22ad2f8d4c5e24da/ HTTP/1.1" 404 230
[2m[WebServer] [22m[16/Jul/2026 04:26:47] "OPTIONS /api/v1/loan-applications/45a6f6db-9469-473a-8418-c9b571571994/documentation-workspace/term_sheet/download/ HTTP/1.1" 200 0
[2m[WebServer] [22mNot Found: /api/v1/loan-applications/45a6f6db-9469-473a-8418-c9b571571994/documentation-workspace/term_sheet/download/
[2m[WebServer] [22m[16/Jul/2026 04:26:47] "GET /api/v1/loan-applications/45a6f6db-9469-473a-8418-c9b571571994/documentation-workspace/term_sheet/download/ HTTP/1.1" 404 218
  ✓  1 [chromium] › staff-documentation-workspace.e2e.spec.ts:16:5 › 008M3 executes every staff documentation action through real Django (3.7s)

  1 passed (16.8s)

Exit code: 0
