Creating test database for alias 'default' ('file:memorydb_default?mode=memory&cache=shared')...
Found 31 test(s).
Operations to perform:
  Synchronize unmigrated apps: corsheaders
  Apply all migrations: applications, communications, configurations, contenttypes, documents, identity, members, scheduler, tracer, workflows
Synchronizing apps without migrations:
  Creating tables...
    Running deferred SQL...
Running migrations:
  Applying identity.0001_initial... OK
  Applying identity.0002_permission_rolepermission_and_more... OK
  Applying members.0001_initial... OK
  Applying members.0002_profile_shells... OK
  Applying members.0003_individual_profile_details... OK
  Applying members.0004_nominee... OK
  Applying members.0005_shareholding_and_more... OK
  Applying members.0006_landholding_cropplan_and_more... OK
  Applying documents.0001_initial... OK
  Applying members.0007_kycprofile_kycdocument_and_more... OK
  Applying members.0008_cancelledcheque_bankaccount_and_more... OK
  Applying identity.0003_portal_member_auth... OK
  Applying applications.0001_initial... OK
  Applying applications.0002_loanapplication_submitted_by_user... OK
  Applying applications.0003_systemsequence_loanrequestregisterentry... OK
  Applying applications.0004_applicationdocument_and_more... OK
  Applying applications.0005_application_deficiency... OK
  Applying applications.0006_rejection_note... OK
  Applying applications.0007_eligibilityassessment... OK
  Applying communications.0001_initial... OK
  Applying communications.0002_communication... OK
  Applying communications.0003_notification... OK
  Applying configurations.0001_initial... OK
  Applying contenttypes.0001_initial... OK
  Applying contenttypes.0002_remove_content_type_name... OK
  Applying scheduler.0001_initial... OK
  Applying tracer.0001_initial... OK
  Applying workflows.0001_canonical_workflow_event... OK
  Applying tracer.0002_remove_tracer_workflowevent_state... OK
System check identified no issues (0 silenced).
test_application_document_checklist_upload_and_verify_are_metadata_only (sfpcl_credit.tests.test_loan_applications_api.LoanApplicationDraftApiTests.test_application_document_checklist_upload_and_verify_are_metadata_only) ... ok
test_application_document_endpoints_enforce_permissions_scope_and_version_history (sfpcl_credit.tests.test_loan_applications_api.LoanApplicationDraftApiTests.test_application_document_endpoints_enforce_permissions_scope_and_version_history) ... ok
test_completeness_pass_blocks_incomplete_draft_and_duplicate_without_partial_side_effects (sfpcl_credit.tests.test_loan_applications_api.LoanApplicationDraftApiTests.test_completeness_pass_blocks_incomplete_draft_and_duplicate_without_partial_side_effects) ... ok
test_completeness_pass_requires_verified_checklist_then_generates_reference (sfpcl_credit.tests.test_loan_applications_api.LoanApplicationDraftApiTests.test_completeness_pass_requires_verified_checklist_then_generates_reference) ... ok
test_completeness_workbench_and_pass_enforce_permissions_and_object_scope (sfpcl_credit.tests.test_loan_applications_api.LoanApplicationDraftApiTests.test_completeness_workbench_and_pass_enforce_permissions_and_object_scope) ... ok
test_completeness_workbench_read_returns_checklist_status_without_side_effects (sfpcl_credit.tests.test_loan_applications_api.LoanApplicationDraftApiTests.test_completeness_workbench_read_returns_checklist_status_without_side_effects) ... ok
test_create_and_read_draft_returns_metadata_only_response_and_audit (sfpcl_credit.tests.test_loan_applications_api.LoanApplicationDraftApiTests.test_create_and_read_draft_returns_metadata_only_response_and_audit) ... ok
test_credit_manager_can_read_credit_assessment_application_by_domain_scope (sfpcl_credit.tests.test_loan_applications_api.LoanApplicationDraftApiTests.test_credit_manager_can_read_credit_assessment_application_by_domain_scope) ... ok
test_deficiency_resolve_closes_open_item_with_metadata_only_evidence (sfpcl_credit.tests.test_loan_applications_api.LoanApplicationDraftApiTests.test_deficiency_resolve_closes_open_item_with_metadata_only_evidence) ... ok
test_draft_endpoints_enforce_permissions_and_validation (sfpcl_credit.tests.test_loan_applications_api.LoanApplicationDraftApiTests.test_draft_endpoints_enforce_permissions_and_validation) ... ok
test_eligibility_assessment_denials_and_invalid_state_create_no_success_evidence (sfpcl_credit.tests.test_loan_applications_api.LoanApplicationDraftApiTests.test_eligibility_assessment_denials_and_invalid_state_create_no_success_evidence) ... ok
test_eligibility_assessment_marks_application_eligible_when_all_source_checks_pass (sfpcl_credit.tests.test_loan_applications_api.LoanApplicationDraftApiTests.test_eligibility_assessment_marks_application_eligible_when_all_source_checks_pass) ... ok
test_eligibility_assessment_marks_blockers_ineligible_without_advancing_application (sfpcl_credit.tests.test_loan_applications_api.LoanApplicationDraftApiTests.test_eligibility_assessment_marks_blockers_ineligible_without_advancing_application) ... ok
test_eligibility_assessment_missing_terms_is_ineligible (sfpcl_credit.tests.test_loan_applications_api.LoanApplicationDraftApiTests.test_eligibility_assessment_missing_terms_is_ineligible) ... ok
test_eligibility_assessment_rerun_updates_existing_assessment (sfpcl_credit.tests.test_loan_applications_api.LoanApplicationDraftApiTests.test_eligibility_assessment_rerun_updates_existing_assessment) ... ok
test_eligibility_assessment_run_and_read_persists_manual_evidence_active_member_result (sfpcl_credit.tests.test_loan_applications_api.LoanApplicationDraftApiTests.test_eligibility_assessment_run_and_read_persists_manual_evidence_active_member_result) ... ok
test_eligibility_assessment_uses_existing_verified_active_member_facts_when_available (sfpcl_credit.tests.test_loan_applications_api.LoanApplicationDraftApiTests.test_eligibility_assessment_uses_existing_verified_active_member_facts_when_available) ... ok
test_generate_reference_after_completeness_pass_creates_register_and_metadata_only_evidence (sfpcl_credit.tests.test_loan_applications_api.LoanApplicationDraftApiTests.test_generate_reference_after_completeness_pass_creates_register_and_metadata_only_evidence) ... ok
test_list_applications_supports_staff_pagination_filtering_search_and_ordering (sfpcl_credit.tests.test_loan_applications_api.LoanApplicationDraftApiTests.test_list_applications_supports_staff_pagination_filtering_search_and_ordering) ... ok
test_loan_request_register_list_returns_generated_reference_rows (sfpcl_credit.tests.test_loan_applications_api.LoanApplicationDraftApiTests.test_loan_request_register_list_returns_generated_reference_rows) ... ok
test_patch_updates_allowed_draft_fields_and_rejects_cross_member_references (sfpcl_credit.tests.test_loan_applications_api.LoanApplicationDraftApiTests.test_patch_updates_allowed_draft_fields_and_rejects_cross_member_references) ... ok
test_reference_generation_enforces_sequence_permission_state_and_duplicate_guards (sfpcl_credit.tests.test_loan_applications_api.LoanApplicationDraftApiTests.test_reference_generation_enforces_sequence_permission_state_and_duplicate_guards) ... ok
test_rejection_note_create_and_send_enforce_staff_permissions_and_object_scope (sfpcl_credit.tests.test_loan_applications_api.LoanApplicationDraftApiTests.test_rejection_note_create_and_send_enforce_staff_permissions_and_object_scope) ... ok
test_rejection_note_create_and_send_records_metadata_only_staff_evidence (sfpcl_credit.tests.test_loan_applications_api.LoanApplicationDraftApiTests.test_rejection_note_create_and_send_records_metadata_only_staff_evidence) ... ok
test_rejection_note_validation_state_and_duplicate_guards_have_no_side_effects (sfpcl_credit.tests.test_loan_applications_api.LoanApplicationDraftApiTests.test_rejection_note_validation_state_and_duplicate_guards_have_no_side_effects) ... ok
test_return_with_deficiencies_creates_open_records_from_blocking_checklist_items (sfpcl_credit.tests.test_loan_applications_api.LoanApplicationDraftApiTests.test_return_with_deficiencies_creates_open_records_from_blocking_checklist_items) ... ok
test_return_with_deficiencies_enforces_validation_state_permission_and_scope (sfpcl_credit.tests.test_loan_applications_api.LoanApplicationDraftApiTests.test_return_with_deficiencies_enforces_validation_state_permission_and_scope) ... ok
test_staff_application_detail_returns_nullable_rejection_note_without_portal_exposure_or_read_audit (sfpcl_credit.tests.test_loan_applications_api.LoanApplicationDraftApiTests.test_staff_application_detail_returns_nullable_rejection_note_without_portal_exposure_or_read_audit) ... ok
test_submit_draft_transitions_to_submitted_and_records_metadata_only_evidence (sfpcl_credit.tests.test_loan_applications_api.LoanApplicationDraftApiTests.test_submit_draft_transitions_to_submitted_and_records_metadata_only_evidence) ... ok
test_submit_enforces_permissions_required_facts_and_draft_only_transition (sfpcl_credit.tests.test_loan_applications_api.LoanApplicationDraftApiTests.test_submit_enforces_permissions_required_facts_and_draft_only_transition) ... ok
test_unrelated_same_permission_user_is_object_access_denied_without_side_effects (sfpcl_credit.tests.test_loan_applications_api.LoanApplicationDraftApiTests.test_unrelated_same_permission_user_is_object_access_denied_without_side_effects) ... ok

----------------------------------------------------------------------
Ran 31 tests in 179.163s

OK
Destroying test database for alias 'default' ('file:memorydb_default?mode=memory&cache=shared')...
