Creating test database for alias 'default'...
Found 3 test(s).
System check identified no issues (0 silenced).
FFF
======================================================================
FAIL: test_completed_account_send_ledger_drift_is_excluded_before_count (test_009l6_closure_probes.Epic009L6ClosureReviewProbes.test_completed_account_send_ledger_drift_is_excluded_before_count)
----------------------------------------------------------------------
Traceback (most recent call last):
  File "/Users/amitkallapa/LMS/.ralph/worktrees/2026-07-19_180917_architecture_review/.ralph/runs/2026-07-19_180917_architecture_review/evidence/review-probes/test_009l6_closure_probes.py", line 43, in test_completed_account_send_ledger_drift_is_excluded_before_count
    self.assertEqual(
AssertionError: Tuples differ: (1, []) != (0, [])

First differing element 0:
1
0

- (1, [])
?  ^

+ (0, [])
?  ^


======================================================================
FAIL: test_initiation_authority_does_not_replace_public_account_read_permission (test_009l6_closure_probes.Epic009L6ClosureReviewProbes.test_initiation_authority_does_not_replace_public_account_read_permission)
----------------------------------------------------------------------
Traceback (most recent call last):
  File "/Users/amitkallapa/LMS/.ralph/worktrees/2026-07-19_180917_architecture_review/.ralph/runs/2026-07-19_180917_architecture_review/evidence/review-probes/test_009l6_closure_probes.py", line 23, in test_initiation_authority_does_not_replace_public_account_read_permission
    self.assertEqual(response.status_code, 403, response.content)
AssertionError: 200 != 403 : b'{"success": true, "data": [{"loan_account_id": "db7b2e53-554e-42c2-bd27-b2c09d6f387f", "loan_account_number": "LN-REAL-OWNER-001", "loan_application_id": "630ee283-961e-4804-bc15-ad5db2eed95c", "application_reference_number": "LO-CHECK-001", "member": {"member_id": "8ba3c3a8-7a62-48d5-9a4f-615a979c62af", "display_name": "Checklist Borrower 001"}, "sap_customer_code": "******-001", "loan_type": "short_term", "facility_type": "short_term", "interest_rate_type": "floating", "current_interest_rate": "9.0000", "sanctioned_amount": "400000.00", "disbursed_amount": "0.00", "principal_outstanding": "0.00", "interest_outstanding": "0.00", "charges_outstanding": "0.00", "total_outstanding": "0.00", "loan_account_status": "sanctioned", "tenure_start_date": null, "tenure_end_date": null, "repayment_date": "2026-07-19", "tenure_months": 12, "created_at": "2026-07-19T12:45:11.292813Z", "activated_at": null}], "pagination": {"page": 1, "page_size": 20, "total_count": 1, "total_pages": 1, "has_next": false, "has_previous": false}, "meta": {"request_id": null, "timestamp": "2026-07-19T12:45:11.580412Z", "api_version": "v1"}}'

======================================================================
FAIL: test_s37_file_integrity_drift_is_excluded_before_count (test_009l6_closure_probes.Epic009L6ClosureReviewProbes.test_s37_file_integrity_drift_is_excluded_before_count)
----------------------------------------------------------------------
Traceback (most recent call last):
  File "/Users/amitkallapa/LMS/.ralph/worktrees/2026-07-19_180917_architecture_review/.ralph/runs/2026-07-19_180917_architecture_review/evidence/review-probes/test_009l6_closure_probes.py", line 69, in test_s37_file_integrity_drift_is_excluded_before_count
    self.assertEqual(
AssertionError: Tuples differ: (1, []) != (0, [])

First differing element 0:
1
0

- (1, [])
?  ^

+ (0, [])
?  ^


----------------------------------------------------------------------
Ran 3 tests in 1.394s

FAILED (failures=3)
Destroying test database for alias 'default'...
