
> sfpcl-lms@1.0.0 e2e
> playwright test e2e/portal-kyc-correction.e2e.spec.ts

[2m[WebServer] [22m[23/Jul/2026 05:19:37] "GET /api/v1/health/ready/ HTTP/1.1" 200 202
[2m[WebServer] [22m[33mThe CJS build of Vite's Node API is deprecated. See https://vite.dev/guide/troubleshooting.html#vite-cjs-node-api-deprecated for more details.[39m
[2m[WebServer] [22m(node:32608) Warning: The 'NO_COLOR' env is ignored due to the 'FORCE_COLOR' env being set.
[2m[WebServer] [22m(Use `node --trace-warnings ...` to show where the warning was created)

Running 2 tests using 1 worker

  ✘  1 [chromium] › portal-kyc-correction.e2e.spec.ts:11:5 › member sees the borrower-safe KYC correction decision on mobile (4ms)
  ✘  2 [chromium] › portal-kyc-correction.e2e.spec.ts:26:5 › member uploads self-attested evidence and submits one own-scope correction (3ms)


  1) [chromium] › portal-kyc-correction.e2e.spec.ts:11:5 › member sees the borrower-safe KYC correction decision on mobile 

    Error: browserType.launch: Target page, context or browser has been closed
    Browser logs:

    <launching> /Applications/Google Chrome.app/Contents/MacOS/Google Chrome --disable-field-trial-config --disable-background-networking --disable-background-timer-throttling --disable-backgrounding-occluded-windows --disable-back-forward-cache --disable-breakpad --disable-client-side-phishing-detection --disable-component-extensions-with-background-pages --disable-component-update --no-default-browser-check --disable-default-apps --disable-dev-shm-usage --disable-extensions --disable-features=ImprovedCookieControls,LazyFrameLoading,GlobalMediaControls,DestroyProfileOnBrowserClose,MediaRouter,DialMediaRouteProvider,AcceptCHFrame,AutoExpandDetailsElement,CertificateTransparencyComponentUpdater,AvoidUnnecessaryBeforeUnloadCheckSync,Translate,HttpsUpgrades,PaintHolding,ThirdPartyStoragePartitioning,LensOverlay,PlzDedicatedWorker --allow-pre-commit-input --disable-hang-monitor --disable-ipc-flooding-protection --disable-popup-blocking --disable-prompt-on-repost --disable-renderer-backgrounding --force-color-profile=srgb --metrics-recording-only --no-first-run --enable-automation --password-store=basic --use-mock-keychain --no-service-autorun --export-tagged-pdf --disable-search-engine-choice-screen --unsafely-disable-devtools-self-xss-warnings --enable-use-zoom-for-dsf=false --use-angle --headless --hide-scrollbars --mute-audio --blink-settings=primaryHoverType=2,availableHoverTypes=2,primaryPointerType=4,availablePointerTypes=4 --no-sandbox --user-data-dir=/var/folders/zq/3s8051dx39q0tk8whcqx44y00000gn/T/playwright_chromiumdev_profile-uZuWo1 --remote-debugging-pipe --no-startup-window
    <launched> pid=32611
    Call log:
    [2m  - <launching> /Applications/Google Chrome.app/Contents/MacOS/Google Chrome --disable-field-trial-config --disable-background-networking --disable-background-timer-throttling --disable-backgrounding-occluded-windows --disable-back-forward-cache --disable-breakpad --disable-client-side-phishing-detection --disable-component-extensions-with-background-pages --disable-component-update --no-default-browser-check --disable-default-apps --disable-dev-shm-usage --disable-extensions --disable-features=ImprovedCookieControls,LazyFrameLoading,GlobalMediaControls,DestroyProfileOnBrowserClose,MediaRouter,DialMediaRouteProvider,AcceptCHFrame,AutoExpandDetailsElement,CertificateTransparencyComponentUpdater,AvoidUnnecessaryBeforeUnloadCheckSync,Translate,HttpsUpgrades,PaintHolding,ThirdPartyStoragePartitioning,LensOverlay,PlzDedicatedWorker --allow-pre-commit-input --disable-hang-monitor --disable-ipc-flooding-protection --disable-popup-blocking --disable-prompt-on-repost --disable-renderer-backgrounding --force-color-profile=srgb --metrics-recording-only --no-first-run --enable-automation --password-store=basic --use-mock-keychain --no-service-autorun --export-tagged-pdf --disable-search-engine-choice-screen --unsafely-disable-devtools-self-xss-warnings --enable-use-zoom-for-dsf=false --use-angle --headless --hide-scrollbars --mute-audio --blink-settings=primaryHoverType=2,availableHoverTypes=2,primaryPointerType=4,availablePointerTypes=4 --no-sandbox --user-data-dir=/var/folders/zq/3s8051dx39q0tk8whcqx44y00000gn/T/playwright_chromiumdev_profile-uZuWo1 --remote-debugging-pipe --no-startup-window[22m
    [2m  - <launched> pid=32611[22m


  2) [chromium] › portal-kyc-correction.e2e.spec.ts:26:5 › member uploads self-attested evidence and submits one own-scope correction 

    Error: browserType.launch: Target page, context or browser has been closed
    Browser logs:

    <launching> /Applications/Google Chrome.app/Contents/MacOS/Google Chrome --disable-field-trial-config --disable-background-networking --disable-background-timer-throttling --disable-backgrounding-occluded-windows --disable-back-forward-cache --disable-breakpad --disable-client-side-phishing-detection --disable-component-extensions-with-background-pages --disable-component-update --no-default-browser-check --disable-default-apps --disable-dev-shm-usage --disable-extensions --disable-features=ImprovedCookieControls,LazyFrameLoading,GlobalMediaControls,DestroyProfileOnBrowserClose,MediaRouter,DialMediaRouteProvider,AcceptCHFrame,AutoExpandDetailsElement,CertificateTransparencyComponentUpdater,AvoidUnnecessaryBeforeUnloadCheckSync,Translate,HttpsUpgrades,PaintHolding,ThirdPartyStoragePartitioning,LensOverlay,PlzDedicatedWorker --allow-pre-commit-input --disable-hang-monitor --disable-ipc-flooding-protection --disable-popup-blocking --disable-prompt-on-repost --disable-renderer-backgrounding --force-color-profile=srgb --metrics-recording-only --no-first-run --enable-automation --password-store=basic --use-mock-keychain --no-service-autorun --export-tagged-pdf --disable-search-engine-choice-screen --unsafely-disable-devtools-self-xss-warnings --enable-use-zoom-for-dsf=false --use-angle --headless --hide-scrollbars --mute-audio --blink-settings=primaryHoverType=2,availableHoverTypes=2,primaryPointerType=4,availablePointerTypes=4 --no-sandbox --user-data-dir=/var/folders/zq/3s8051dx39q0tk8whcqx44y00000gn/T/playwright_chromiumdev_profile-ew1YMk --remote-debugging-pipe --no-startup-window
    <launched> pid=32613
    Call log:
    [2m  - <launching> /Applications/Google Chrome.app/Contents/MacOS/Google Chrome --disable-field-trial-config --disable-background-networking --disable-background-timer-throttling --disable-backgrounding-occluded-windows --disable-back-forward-cache --disable-breakpad --disable-client-side-phishing-detection --disable-component-extensions-with-background-pages --disable-component-update --no-default-browser-check --disable-default-apps --disable-dev-shm-usage --disable-extensions --disable-features=ImprovedCookieControls,LazyFrameLoading,GlobalMediaControls,DestroyProfileOnBrowserClose,MediaRouter,DialMediaRouteProvider,AcceptCHFrame,AutoExpandDetailsElement,CertificateTransparencyComponentUpdater,AvoidUnnecessaryBeforeUnloadCheckSync,Translate,HttpsUpgrades,PaintHolding,ThirdPartyStoragePartitioning,LensOverlay,PlzDedicatedWorker --allow-pre-commit-input --disable-hang-monitor --disable-ipc-flooding-protection --disable-popup-blocking --disable-prompt-on-repost --disable-renderer-backgrounding --force-color-profile=srgb --metrics-recording-only --no-first-run --enable-automation --password-store=basic --use-mock-keychain --no-service-autorun --export-tagged-pdf --disable-search-engine-choice-screen --unsafely-disable-devtools-self-xss-warnings --enable-use-zoom-for-dsf=false --use-angle --headless --hide-scrollbars --mute-audio --blink-settings=primaryHoverType=2,availableHoverTypes=2,primaryPointerType=4,availablePointerTypes=4 --no-sandbox --user-data-dir=/var/folders/zq/3s8051dx39q0tk8whcqx44y00000gn/T/playwright_chromiumdev_profile-ew1YMk --remote-debugging-pipe --no-startup-window[22m
    [2m  - <launched> pid=32613[22m


  2 failed
    [chromium] › portal-kyc-correction.e2e.spec.ts:11:5 › member sees the borrower-safe KYC correction decision on mobile 
    [chromium] › portal-kyc-correction.e2e.spec.ts:26:5 › member uploads self-attested evidence and submits one own-scope correction 
