Creating test database for alias 'default'...
Found 1 test(s).
System check identified no issues (0 silenced).
FFF
======================================================================
FAIL: test_internal_auditor_requires_active_scope_for_all_three_resources (sfpcl_credit.tests.test_audit_explorer_api.AuditExplorerApiTests.test_internal_auditor_requires_active_scope_for_all_three_resources) (path='/api/v1/audit-logs/')
----------------------------------------------------------------------
Traceback (most recent call last):
  File "/Users/amitkallapa/LMS/.ralph/worktrees/2026-07-24_071133_normal_run/sfpcl_credit/tests/test_audit_explorer_api.py", line 459, in test_internal_auditor_requires_active_scope_for_all_three_resources
    self.assertEqual(response.status_code, 403, response.content)
AssertionError: 200 != 403 : b'{"success": true, "data": [{"audit_log_id": "39f21cbe-ed5d-4831-9025-50e3c8b41409", "actor": {"user_id": "ec74d07a-918a-45b0-8c7b-7a2b0fa31be0", "full_name": "Ivy Auditor"}, "actor_type": "user", "actor_role_codes": [], "actor_team_codes": [], "action": "auth.login.succeeded", "module": "auth", "entity_type": "user_session", "entity_id": "9d5d1919-2f5a-41e1-b4de-f2540a2dcfd8", "linked_record": {"entity_type": "user_session", "entity_id": "9d5d1919-2f5a-41e1-b4de-f2540a2dcfd8"}, "old_value": null, "new_value": {"outcome": "success", "email": "audit.explorer@sfpcl.example"}, "reason": null, "outcome": "success", "request_id": null, "ip_address": "127.0.0.1", "device": null, "created_at": "2026-07-24T02:04:33.885741Z"}], "pagination": {"page": 1, "page_size": 20, "total_count": 1, "total_pages": 1, "has_next": false, "has_previous": false}, "meta": {"request_id": null, "timestamp": "2026-07-24T02:04:33.888767Z", "api_version": "v1"}}'

======================================================================
FAIL: test_internal_auditor_requires_active_scope_for_all_three_resources (sfpcl_credit.tests.test_audit_explorer_api.AuditExplorerApiTests.test_internal_auditor_requires_active_scope_for_all_three_resources) (path='/api/v1/workflow-events/')
----------------------------------------------------------------------
Traceback (most recent call last):
  File "/Users/amitkallapa/LMS/.ralph/worktrees/2026-07-24_071133_normal_run/sfpcl_credit/tests/test_audit_explorer_api.py", line 459, in test_internal_auditor_requires_active_scope_for_all_three_resources
    self.assertEqual(response.status_code, 403, response.content)
AssertionError: 200 != 403 : b'{"success": true, "data": [], "pagination": {"page": 1, "page_size": 20, "total_count": 0, "total_pages": 1, "has_next": false, "has_previous": false}, "meta": {"request_id": null, "timestamp": "2026-07-24T02:04:33.891468Z", "api_version": "v1"}}'

======================================================================
FAIL: test_internal_auditor_requires_active_scope_for_all_three_resources (sfpcl_credit.tests.test_audit_explorer_api.AuditExplorerApiTests.test_internal_auditor_requires_active_scope_for_all_three_resources) (path='/api/v1/version-histories/')
----------------------------------------------------------------------
Traceback (most recent call last):
  File "/Users/amitkallapa/LMS/.ralph/worktrees/2026-07-24_071133_normal_run/sfpcl_credit/tests/test_audit_explorer_api.py", line 459, in test_internal_auditor_requires_active_scope_for_all_three_resources
    self.assertEqual(response.status_code, 403, response.content)
AssertionError: 200 != 403 : b'{"success": true, "data": [], "pagination": {"page": 1, "page_size": 20, "total_count": 0, "total_pages": 1, "has_next": false, "has_previous": false}, "meta": {"request_id": null, "timestamp": "2026-07-24T02:04:33.894934Z", "api_version": "v1"}}'

----------------------------------------------------------------------
Ran 1 test in 0.017s

FAILED (failures=3)
Destroying test database for alias 'default'...
