Creating test database for alias 'default'...
Found 24 test(s).
System check identified no issues (0 silenced).
.........E..............
======================================================================
ERROR: test_create_requires_non_blank_repayment_capacity_notes_without_writes (sfpcl_credit.tests.test_appraisal_api.AppraisalApiTests.test_create_requires_non_blank_repayment_capacity_notes_without_writes)
----------------------------------------------------------------------
Traceback (most recent call last):
  File "/Users/amitkallapa/LMS/.ralph/worktrees/2026-07-10_181310_normal_run/sfpcl_credit/tests/test_appraisal_api.py", line 234, in test_create_requires_non_blank_repayment_capacity_notes_without_writes
    response = self.client.post(
               ^^^^^^^^^^^^^^^^^
  File "/Users/amitkallapa/LMS/.ralph/venv/lib/python3.11/site-packages/django/test/client.py", line 1070, in post
    response = super().post(
               ^^^^^^^^^^^^^
  File "/Users/amitkallapa/LMS/.ralph/venv/lib/python3.11/site-packages/django/test/client.py", line 490, in post
    return self.generic(
           ^^^^^^^^^^^^^
  File "/Users/amitkallapa/LMS/.ralph/venv/lib/python3.11/site-packages/django/test/client.py", line 617, in generic
    return self.request(**r)
           ^^^^^^^^^^^^^^^^^
  File "/Users/amitkallapa/LMS/.ralph/venv/lib/python3.11/site-packages/django/test/client.py", line 1013, in request
    self.check_exception(response)
  File "/Users/amitkallapa/LMS/.ralph/venv/lib/python3.11/site-packages/django/test/client.py", line 743, in check_exception
    raise exc_value
  File "/Users/amitkallapa/LMS/.ralph/venv/lib/python3.11/site-packages/django/core/handlers/exception.py", line 55, in inner
    response = get_response(request)
               ^^^^^^^^^^^^^^^^^^^^^
  File "/Users/amitkallapa/LMS/.ralph/venv/lib/python3.11/site-packages/django/core/handlers/base.py", line 197, in _get_response
    response = wrapped_callback(request, *callback_args, **callback_kwargs)
               ^^^^^^^^^^^^^^^^^^^^^^^^^^^^^^^^^^^^^^^^^^^^^^^^^^^^^^^^^^^^
  File "/Users/amitkallapa/LMS/.ralph/venv/lib/python3.11/site-packages/django/views/decorators/http.py", line 64, in inner
    return func(request, *args, **kwargs)
           ^^^^^^^^^^^^^^^^^^^^^^^^^^^^^^
  File "/Users/amitkallapa/LMS/.ralph/worktrees/2026-07-10_181310_normal_run/sfpcl_credit/applications/views.py", line 633, in loan_application_appraisal_note
    result = AppraisalWorkflow().create_or_update(
             ^^^^^^^^^^^^^^^^^^^^^^^^^^^^^^^^^^^^^
  File "/Library/Frameworks/Python.framework/Versions/3.11/lib/python3.11/contextlib.py", line 81, in inner
    return func(*args, **kwds)
           ^^^^^^^^^^^^^^^^^^^
  File "/Users/amitkallapa/LMS/.ralph/worktrees/2026-07-10_181310_normal_run/sfpcl_credit/credit/modules/appraisal_workflow.py", line 234, in create_or_update
    repayment_capacity_notes=payload["repayment_capacity_notes"],
                             ~~~~~~~^^^^^^^^^^^^^^^^^^^^^^^^^^^^
KeyError: 'repayment_capacity_notes'

----------------------------------------------------------------------
Ran 24 tests in 0.641s

FAILED (errors=1)
Destroying test database for alias 'default'...
