Command:
RALPH_EVIDENCE_DIR=/Users/amitkallapa/LMS/.ralph/worktrees/2026-07-15_151653_normal_run/.ralph/runs/2026-07-15_151653_normal_run/evidence/screenshots E2E_DJANGO_PYTHON=/Users/amitkallapa/LMS/.ralph/venv/bin/python npm run e2e -- e2e/member-portal-documentation-actions.e2e.spec.ts e2e/member-portal-deficiency-response.e2e.spec.ts

Working directory: sfpcl-lms/


> sfpcl-lms@1.0.0 e2e
> playwright test e2e/member-portal-documentation-actions.e2e.spec.ts e2e/member-portal-deficiency-response.e2e.spec.ts

[2m[WebServer] [22m[15/Jul/2026 10:21:35] "GET /api/v1/health/ready/ HTTP/1.1" 200 202
[2m[WebServer] [22m[33mThe CJS build of Vite's Node API is deprecated. See https://vite.dev/guide/troubleshooting.html#vite-cjs-node-api-deprecated for more details.[39m
[2m[WebServer] [22m(node:11283) Warning: The 'NO_COLOR' env is ignored due to the 'FORCE_COLOR' env being set.
[2m[WebServer] [22m(Use `node --trace-warnings ...` to show where the warning was created)

Running 2 tests using 1 worker

  ✘  1 [chromium] › member-portal-deficiency-response.e2e.spec.ts:11:5 › MP11 uploads every correction and returns the application to SFPCL review (3ms)
  ✘  2 [chromium] › member-portal-documentation-actions.e2e.spec.ts:9:5 › MP07 upload authority, signed download, and completed status are routed (3ms)


  1) [chromium] › member-portal-deficiency-response.e2e.spec.ts:11:5 › MP11 uploads every correction and returns the application to SFPCL review 

    Error: browserType.launch: Executable doesn't exist at /Users/amitkallapa/Library/Caches/ms-playwright/chromium_headless_shell-1148/chrome-mac/headless_shell
    ╔═════════════════════════════════════════════════════════════════════════╗
    ║ Looks like Playwright Test or Playwright was just installed or updated. ║
    ║ Please run the following command to download new browsers:              ║
    ║                                                                         ║
    ║     npx playwright install                                              ║
    ║                                                                         ║
    ║ <3 Playwright Team                                                      ║
    ╚═════════════════════════════════════════════════════════════════════════╝

  2) [chromium] › member-portal-documentation-actions.e2e.spec.ts:9:5 › MP07 upload authority, signed download, and completed status are routed 

    Error: browserType.launch: Executable doesn't exist at /Users/amitkallapa/Library/Caches/ms-playwright/chromium_headless_shell-1148/chrome-mac/headless_shell
    ╔═════════════════════════════════════════════════════════════════════════╗
    ║ Looks like Playwright Test or Playwright was just installed or updated. ║
    ║ Please run the following command to download new browsers:              ║
    ║                                                                         ║
    ║     npx playwright install                                              ║
    ║                                                                         ║
    ║ <3 Playwright Team                                                      ║
    ╚═════════════════════════════════════════════════════════════════════════╝

  2 failed
    [chromium] › member-portal-deficiency-response.e2e.spec.ts:11:5 › MP11 uploads every correction and returns the application to SFPCL review 
    [chromium] › member-portal-documentation-actions.e2e.spec.ts:9:5 › MP07 upload authority, signed download, and completed status are routed 

Exit code: 1
