
> sfpcl-lms@1.0.0 build
> vite build

[33mThe CJS build of Vite's Node API is deprecated. See https://vite.dev/guide/troubleshooting.html#vite-cjs-node-api-deprecated for more details.[39m
vite v5.4.21 building for production...
transforming...
✓ 1871 modules transformed.
rendering chunks...
computing gzip size...
dist/index.html                     0.75 kB │ gzip:   0.43 kB
dist/assets/index-BAE8F0XK.css     51.80 kB │ gzip:   8.98 kB
dist/assets/index-B6IiDTvf.js   1,149.56 kB │ gzip: 246.60 kB

(!) Some chunks are larger than 500 kB after minification. Consider:
- Using dynamic import() to code-split the application
- Use build.rollupOptions.output.manualChunks to improve chunking: https://rollupjs.org/configuration-options/#output-manualchunks
- Adjust chunk size limit for this warning via build.chunkSizeWarningLimit.
✓ built in 2.24s

> sfpcl-lms@1.0.0 typecheck
> tsc --noEmit


> sfpcl-lms@1.0.0 lint
> eslint src


> sfpcl-lms@1.0.0 test
> vitest run

[33mThe CJS build of Vite's Node API is deprecated. See https://vite.dev/guide/troubleshooting.html#vite-cjs-node-api-deprecated for more details.[39m

 RUN  v3.2.6 /Users/amitkallapa/LMS/.ralph/worktrees/2026-07-13_143342_normal_run/sfpcl-lms

 ✓ src/pages/applications/CompletenessWorkbench.test.tsx (5 tests) 91ms
 ✓ src/pages/members/Borrower360.test.tsx (4 tests) 90ms
 ✓ src/pages/borrower/portal/PortalMemberViews.test.tsx (4 tests) 51ms
 ✓ src/pages/applications/ApplicationDetail.test.tsx (9 tests) 81ms
 ✓ src/pages/members/MemberProfile.test.tsx (26 tests) 258ms
 ✓ src/pages/appraisal/AppraisalWorkbench.test.tsx (22 tests) 229ms
 ✓ src/pages/applications/ApplicationList.test.tsx (2 tests) 35ms
 ✓ src/pages/notifications/NotificationsCenter.test.tsx (6 tests) 32ms
 ✓ src/services/authSession.test.ts (15 tests) 11ms
 ✓ src/pages/members/MemberDirectory.test.tsx (5 tests) 33ms
 ✓ src/services/portalApi.test.ts (4 tests) 6ms
 ✓ src/pages/Dashboard.test.tsx (13 tests) 52ms
 ✓ src/services/creditAssessmentApi.test.ts (5 tests) 10ms
 ✓ src/services/applicationIntakeApi.test.ts (5 tests) 21ms
 ✓ src/services/navigationPermissions.test.ts (7 tests) 10ms
 ✓ src/pages/applications/NomineeSelectionViews.test.tsx (3 tests) 11ms
 ✓ src/pages/borrower/portal/auth/MP00_Login.test.tsx (2 tests) 14ms
 ✓ src/pages/profile/MyProfile.test.tsx (1 test) 16ms
 ✓ src/contexts/RoleContext.test.tsx (2 tests) 11ms
 ✓ src/utils/applicationDisplay.test.ts (5 tests) 3ms
 ✓ src/services/tracerApi.test.ts (2 tests) 4ms
 ✓ src/pages/sanction/SanctionWorkbench.test.tsx (2 tests) 14ms
 ✓ src/pages/members/MemberProfile.container.test.tsx (4 tests) 396ms
 ✓ src/services/demoAuthFlag.test.tsx (3 tests) 3904ms
   ✓ VITE_ENABLE_DEMO_AUTH real App/RoleProvider boundary (005FA4) > fails closed when the flag is unset  2403ms
   ✓ VITE_ENABLE_DEMO_AUTH real App/RoleProvider boundary (005FA4) > fails closed when the flag is explicit false  921ms
   ✓ VITE_ENABLE_DEMO_AUTH real App/RoleProvider boundary (005FA4) > exposes only approved staff demo controls when the flag is true  579ms
 ✓ src/pages/borrower/portal/applications/MP05_NewApplication.test.tsx (7 tests) 1057ms
   ✓ MP05 loan-limit display authority (006Z2 interim regression) > shows independent 400, 403, and 409 errors without retry or projection refetch  543ms
 ✓ src/pages/applications/WitnessPanel.container.test.tsx (10 tests) 1305ms
   ✓ mounted witness resource actions > captures with the exact body and refetches the canonical collection once  447ms
 ✓ src/pages/appraisal/AppraisalWorkbench.container.test.tsx (14 tests) 1571ms
 ✓ src/pages/members/MemberGovernanceForm.test.tsx (5 tests) 2387ms
   ✓ MemberGovernanceForm > submits the institution create variant without individual identity/profile fields  1462ms
   ✓ MemberGovernanceForm > submits every individual registration profile field  760ms
 ✓ src/pages/members/MemberGovernanceForm.container.test.tsx (16 tests) 2639ms
   ✓ MemberGovernanceForm production container > routes Directory registration into canonical Profile readback with the exact create ledger  1421ms

 Test Files  29 passed (29)
      Tests  208 passed (208)
   Start at  14:48:42
   Duration  7.87s (transform 5.66s, setup 0ms, collect 10.61s, tests 14.34s, environment 2.91s, prepare 1.98s)

