Command:
RALPH_EVIDENCE_DIR=/Users/amitkallapa/LMS/.ralph/worktrees/2026-07-19_003418_normal_run/.ralph/runs/2026-07-19_012341_repair/evidence/screenshots E2E_DJANGO_PYTHON=/Users/amitkallapa/LMS/.ralph/venv/bin/python npm run e2e -- e2e/portal-disbursement-status.spec.ts

Working directory: sfpcl-lms/


> sfpcl-lms@1.0.0 e2e
> playwright test e2e/portal-disbursement-status.spec.ts

[2m[WebServer] [22m[18/Jul/2026 20:00:02] "GET /api/v1/health/ready/ HTTP/1.1" 200 202
[2m[WebServer] [22m[33mThe CJS build of Vite's Node API is deprecated. See https://vite.dev/guide/troubleshooting.html#vite-cjs-node-api-deprecated for more details.[39m

Running 3 tests using 1 worker

[2m[WebServer] [22m[18/Jul/2026 20:00:07] "OPTIONS /api/v1/portal/auth/login/ HTTP/1.1" 200 0
[2m[WebServer] [22m[18/Jul/2026 20:00:07] "POST /api/v1/portal/auth/login/ HTTP/1.1" 200 2172
[2m[WebServer] [22m[18/Jul/2026 20:00:07] "OPTIONS /api/v1/auth/me/ HTTP/1.1" 200 0
[2m[WebServer] [22m[18/Jul/2026 20:00:07] "GET /api/v1/auth/me/ HTTP/1.1" 200 1056
[2m[WebServer] [22m[18/Jul/2026 20:00:07] "OPTIONS /api/v1/portal/dashboard/ HTTP/1.1" 200 0
[2m[WebServer] [22m[18/Jul/2026 20:00:07] "OPTIONS /api/v1/portal/dashboard/ HTTP/1.1" 200 0
[2m[WebServer] [22m[18/Jul/2026 20:00:07] "GET /api/v1/portal/dashboard/ HTTP/1.1" 200 933
[2m[WebServer] [22m[18/Jul/2026 20:00:07] "GET /api/v1/portal/dashboard/ HTTP/1.1" 200 933
[2m[WebServer] [22m[18/Jul/2026 20:00:07] "OPTIONS /api/v1/portal/applications/ HTTP/1.1" 200 0
[2m[WebServer] [22m[18/Jul/2026 20:00:07] "GET /api/v1/portal/applications/ HTTP/1.1" 200 1403
[2m[WebServer] [22m[18/Jul/2026 20:00:07] "GET /api/v1/portal/applications/ HTTP/1.1" 200 1403
[2m[WebServer] [22m[18/Jul/2026 20:00:07] "GET /api/v1/portal/applications/ HTTP/1.1" 200 1403
[2m[WebServer] [22m[18/Jul/2026 20:00:07] "OPTIONS /api/v1/portal/applications/b2706ea8-f55a-44a6-a763-a0f05c6cf22d/ HTTP/1.1" 200 0
[2m[WebServer] [22m[18/Jul/2026 20:00:07] "OPTIONS /api/v1/portal/applications/b2706ea8-f55a-44a6-a763-a0f05c6cf22d/ HTTP/1.1" 200 0
[2m[WebServer] [22m[18/Jul/2026 20:00:07] "GET /api/v1/portal/applications/b2706ea8-f55a-44a6-a763-a0f05c6cf22d/ HTTP/1.1" 200 1711
[2m[WebServer] [22m[18/Jul/2026 20:00:07] "GET /api/v1/portal/applications/b2706ea8-f55a-44a6-a763-a0f05c6cf22d/ HTTP/1.1" 200 1711
  ✓  1 [chromium] › portal-disbursement-status.spec.ts:11:5 › MP14 preserves the borrower composition for current SAP-complete processing (3.7s)
[2m[WebServer] [22m[18/Jul/2026 20:00:09] "OPTIONS /api/v1/portal/auth/login/ HTTP/1.1" 200 0
[2m[WebServer] [22m[18/Jul/2026 20:00:10] "POST /api/v1/portal/auth/login/ HTTP/1.1" 200 2172
[2m[WebServer] [22m[18/Jul/2026 20:00:10] "OPTIONS /api/v1/auth/me/ HTTP/1.1" 200 0
[2m[WebServer] [22m[18/Jul/2026 20:00:10] "GET /api/v1/auth/me/ HTTP/1.1" 200 1056
[2m[WebServer] [22m[18/Jul/2026 20:00:10] "OPTIONS /api/v1/portal/dashboard/ HTTP/1.1" 200 0
[2m[WebServer] [22m[18/Jul/2026 20:00:10] "OPTIONS /api/v1/portal/dashboard/ HTTP/1.1" 200 0
[2m[WebServer] [22m[18/Jul/2026 20:00:10] "GET /api/v1/portal/dashboard/ HTTP/1.1" 200 933
[2m[WebServer] [22m[18/Jul/2026 20:00:10] "GET /api/v1/portal/dashboard/ HTTP/1.1" 200 933
[2m[WebServer] [22m[18/Jul/2026 20:00:10] "OPTIONS /api/v1/portal/applications/ HTTP/1.1" 200 0
[2m[WebServer] [22m[18/Jul/2026 20:00:10] "GET /api/v1/portal/applications/ HTTP/1.1" 200 1403
[2m[WebServer] [22m[18/Jul/2026 20:00:10] "GET /api/v1/portal/applications/ HTTP/1.1" 200 1403
[2m[WebServer] [22m[18/Jul/2026 20:00:10] "GET /api/v1/portal/applications/ HTTP/1.1" 200 1403
[2m[WebServer] [22m[18/Jul/2026 20:00:10] "OPTIONS /api/v1/portal/applications/b2706ea8-f55a-44a6-a763-a0f05c6cf22d/ HTTP/1.1" 200 0
[2m[WebServer] [22m[18/Jul/2026 20:00:10] "OPTIONS /api/v1/portal/applications/b2706ea8-f55a-44a6-a763-a0f05c6cf22d/ HTTP/1.1" 200 0
[2m[WebServer] [22m[18/Jul/2026 20:00:10] "GET /api/v1/portal/applications/b2706ea8-f55a-44a6-a763-a0f05c6cf22d/ HTTP/1.1" 200 1711
[2m[WebServer] [22m[18/Jul/2026 20:00:10] "GET /api/v1/portal/applications/b2706ea8-f55a-44a6-a763-a0f05c6cf22d/ HTTP/1.1" 200 1711
  ✓  2 [chromium] › portal-disbursement-status.spec.ts:27:5 › MP14 preserves masked transfer facts and accepted-advice availability (2.8s)
[2m[WebServer] [22m[18/Jul/2026 20:00:12] "OPTIONS /api/v1/portal/auth/login/ HTTP/1.1" 200 0
[2m[WebServer] [22m[18/Jul/2026 20:00:12] "POST /api/v1/portal/auth/login/ HTTP/1.1" 200 2172
[2m[WebServer] [22m[18/Jul/2026 20:00:12] "OPTIONS /api/v1/auth/me/ HTTP/1.1" 200 0
[2m[WebServer] [22m[18/Jul/2026 20:00:12] "GET /api/v1/auth/me/ HTTP/1.1" 200 1056
[2m[WebServer] [22m[18/Jul/2026 20:00:12] "OPTIONS /api/v1/portal/dashboard/ HTTP/1.1" 200 0
[2m[WebServer] [22m[18/Jul/2026 20:00:12] "OPTIONS /api/v1/portal/dashboard/ HTTP/1.1" 200 0
[2m[WebServer] [22m[18/Jul/2026 20:00:12] "GET /api/v1/portal/dashboard/ HTTP/1.1" 200 933
[2m[WebServer] [22m[18/Jul/2026 20:00:12] "GET /api/v1/portal/dashboard/ HTTP/1.1" 200 933
[2m[WebServer] [22m[18/Jul/2026 20:00:13] "OPTIONS /api/v1/portal/applications/ HTTP/1.1" 200 0
[2m[WebServer] [22m[18/Jul/2026 20:00:13] "GET /api/v1/portal/applications/ HTTP/1.1" 200 1403
[2m[WebServer] [22m[18/Jul/2026 20:00:13] "GET /api/v1/portal/applications/ HTTP/1.1" 200 1403
[2m[WebServer] [22m[18/Jul/2026 20:00:13] "GET /api/v1/portal/applications/ HTTP/1.1" 200 1403
[2m[WebServer] [22m[18/Jul/2026 20:00:13] "OPTIONS /api/v1/portal/applications/b2706ea8-f55a-44a6-a763-a0f05c6cf22d/ HTTP/1.1" 200 0
[2m[WebServer] [22m[18/Jul/2026 20:00:13] "OPTIONS /api/v1/portal/applications/b2706ea8-f55a-44a6-a763-a0f05c6cf22d/ HTTP/1.1" 200 0
[2m[WebServer] [22m[18/Jul/2026 20:00:13] "GET /api/v1/portal/applications/b2706ea8-f55a-44a6-a763-a0f05c6cf22d/ HTTP/1.1" 200 1711
[2m[WebServer] [22m[18/Jul/2026 20:00:13] "GET /api/v1/portal/applications/b2706ea8-f55a-44a6-a763-a0f05c6cf22d/ HTTP/1.1" 200 1711
  ✘  3 [chromium] › portal-disbursement-status.spec.ts:41:5 › MP14 renders a safe unavailable state for an exact status failure (7.6s)


  1) [chromium] › portal-disbursement-status.spec.ts:41:5 › MP14 renders a safe unavailable state for an exact status failure 

    Error: [31mTimed out 5000ms waiting for [39m[2mexpect([22m[31mlocator[39m[2m).[22mtoBeVisible[2m()[22m

    Locator: getByText('Disbursement status could not be loaded. Please try again.', { exact: true })
    Expected: visible
    Received: <element(s) not found>
    Call log:
    [2m  - expect.toBeVisible with timeout 5000ms[22m
    [2m  - waiting for getByText('Disbursement status could not be loaded. Please try again.', { exact: true })[22m


      54 |   await page.getByRole('navigation').getByRole('button', { name: 'Disbursement', exact: true }).click();
      55 |
    > 56 |   await expect(page.getByText('Disbursement status could not be loaded. Please try again.', { exact: true })).toBeVisible();
         |                                                                                                               ^
      57 |   await expect(page.getByText('Unavailable.', { exact: true })).toHaveCount(0);
      58 |   await assertNoInternalEvidence(page);
      59 |   await page.screenshot({ path: path.join(evidenceRoot, 'mp14-safe-error.png'), fullPage: true });
        at /Users/amitkallapa/LMS/.ralph/worktrees/2026-07-19_003418_normal_run/sfpcl-lms/e2e/portal-disbursement-status.spec.ts:56:111

  1 failed
    [chromium] › portal-disbursement-status.spec.ts:41:5 › MP14 renders a safe unavailable state for an exact status failure 
  2 passed (38.0s)

Duration milliseconds: 38536
Exit code: 1
