Creating test database for alias 'default'...
Found 1 test(s).
System check identified no issues (0 silenced).
E
======================================================================
ERROR: test_staff_reads_are_member_scoped_and_borrower_projection_is_safe (sfpcl_credit.tests.test_grievance_workflow.GrievanceWorkflowApiTests.test_staff_reads_are_member_scoped_and_borrower_projection_is_safe)
----------------------------------------------------------------------
Traceback (most recent call last):
  File "/Users/amitkallapa/LMS/.ralph/worktrees/2026-07-23_164006_normal_run/sfpcl_credit/tests/test_grievance_workflow.py", line 178, in test_staff_reads_are_member_scoped_and_borrower_projection_is_safe
    listed = self.client.get(
             ^^^^^^^^^^^^^^^^
  File "/Users/amitkallapa/LMS/.ralph/venv/lib/python3.11/site-packages/django/test/client.py", line 1049, in get
    response = super().get(path, data=data, secure=secure, headers=headers, **extra)
               ^^^^^^^^^^^^^^^^^^^^^^^^^^^^^^^^^^^^^^^^^^^^^^^^^^^^^^^^^^^^^^^^^^^^^
  File "/Users/amitkallapa/LMS/.ralph/venv/lib/python3.11/site-packages/django/test/client.py", line 465, in get
    return self.generic(
           ^^^^^^^^^^^^^
  File "/Users/amitkallapa/LMS/.ralph/venv/lib/python3.11/site-packages/django/test/client.py", line 617, in generic
    return self.request(**r)
           ^^^^^^^^^^^^^^^^^
  File "/Users/amitkallapa/LMS/.ralph/venv/lib/python3.11/site-packages/django/test/client.py", line 1013, in request
    self.check_exception(response)
  File "/Users/amitkallapa/LMS/.ralph/venv/lib/python3.11/site-packages/django/test/client.py", line 743, in check_exception
    raise exc_value
  File "/Users/amitkallapa/LMS/.ralph/venv/lib/python3.11/site-packages/django/core/handlers/exception.py", line 55, in inner
    response = get_response(request)
               ^^^^^^^^^^^^^^^^^^^^^
  File "/Users/amitkallapa/LMS/.ralph/venv/lib/python3.11/site-packages/django/core/handlers/base.py", line 197, in _get_response
    response = wrapped_callback(request, *callback_args, **callback_kwargs)
               ^^^^^^^^^^^^^^^^^^^^^^^^^^^^^^^^^^^^^^^^^^^^^^^^^^^^^^^^^^^^
  File "/Users/amitkallapa/LMS/.ralph/venv/lib/python3.11/site-packages/django/views/decorators/http.py", line 64, in inner
    return func(request, *args, **kwargs)
           ^^^^^^^^^^^^^^^^^^^^^^^^^^^^^^
  File "/Users/amitkallapa/LMS/.ralph/worktrees/2026-07-23_164006_normal_run/sfpcl_credit/compliance/views.py", line 156, in grievances
    return _error(request, exc, audit_denial=True)
           ^^^^^^^^^^^^^^^^^^^^^^^^^^^^^^^^^^^^^^^
  File "/Users/amitkallapa/LMS/.ralph/worktrees/2026-07-23_164006_normal_run/sfpcl_credit/compliance/views.py", line 50, in _error
    raise exc
  File "/Users/amitkallapa/LMS/.ralph/worktrees/2026-07-23_164006_normal_run/sfpcl_credit/compliance/views.py", line 153, in grievances
    data, pagination = GrievanceWorkflow.list(actor=actor, query=request.GET)
                       ^^^^^^^^^^^^^^^^^^^^^^
AttributeError: type object 'GrievanceWorkflow' has no attribute 'list'

----------------------------------------------------------------------
Ran 1 test in 0.041s

FAILED (errors=1)
Destroying test database for alias 'default'...
