Creating test database for alias 'default'...
Found 1 test(s).
System check identified no issues (0 silenced).
E
======================================================================
ERROR: test_cs_assignment_and_owner_investigation_are_monotonic_and_historic (sfpcl_credit.tests.test_grievance_workflow.GrievanceWorkflowApiTests.test_cs_assignment_and_owner_investigation_are_monotonic_and_historic)
----------------------------------------------------------------------
Traceback (most recent call last):
  File "/Users/amitkallapa/LMS/.ralph/worktrees/2026-07-23_164006_normal_run/sfpcl_credit/tests/test_grievance_workflow.py", line 256, in test_cs_assignment_and_owner_investigation_are_monotonic_and_historic
    assigned = self.client.patch(
               ^^^^^^^^^^^^^^^^^^
  File "/Users/amitkallapa/LMS/.ralph/venv/lib/python3.11/site-packages/django/test/client.py", line 1176, in patch
    response = super().patch(
               ^^^^^^^^^^^^^^
  File "/Users/amitkallapa/LMS/.ralph/venv/lib/python3.11/site-packages/django/test/client.py", line 561, in patch
    return self.generic(
           ^^^^^^^^^^^^^
  File "/Users/amitkallapa/LMS/.ralph/venv/lib/python3.11/site-packages/django/test/client.py", line 617, in generic
    return self.request(**r)
           ^^^^^^^^^^^^^^^^^
  File "/Users/amitkallapa/LMS/.ralph/venv/lib/python3.11/site-packages/django/test/client.py", line 1013, in request
    self.check_exception(response)
  File "/Users/amitkallapa/LMS/.ralph/venv/lib/python3.11/site-packages/django/test/client.py", line 743, in check_exception
    raise exc_value
  File "/Users/amitkallapa/LMS/.ralph/venv/lib/python3.11/site-packages/django/core/handlers/exception.py", line 55, in inner
    response = get_response(request)
               ^^^^^^^^^^^^^^^^^^^^^
  File "/Users/amitkallapa/LMS/.ralph/venv/lib/python3.11/site-packages/django/core/handlers/base.py", line 197, in _get_response
    response = wrapped_callback(request, *callback_args, **callback_kwargs)
               ^^^^^^^^^^^^^^^^^^^^^^^^^^^^^^^^^^^^^^^^^^^^^^^^^^^^^^^^^^^^
  File "/Users/amitkallapa/LMS/.ralph/venv/lib/python3.11/site-packages/django/views/decorators/http.py", line 64, in inner
    return func(request, *args, **kwargs)
           ^^^^^^^^^^^^^^^^^^^^^^^^^^^^^^
  File "/Users/amitkallapa/LMS/.ralph/worktrees/2026-07-23_164006_normal_run/sfpcl_credit/compliance/views.py", line 177, in grievance_detail
    return _error(request, exc, audit_denial=True)
           ^^^^^^^^^^^^^^^^^^^^^^^^^^^^^^^^^^^^^^^
  File "/Users/amitkallapa/LMS/.ralph/worktrees/2026-07-23_164006_normal_run/sfpcl_credit/compliance/views.py", line 50, in _error
    raise exc
  File "/Users/amitkallapa/LMS/.ralph/worktrees/2026-07-23_164006_normal_run/sfpcl_credit/compliance/views.py", line 170, in grievance_detail
    data = GrievanceWorkflow.update(
           ^^^^^^^^^^^^^^^^^^^^^^^^
AttributeError: type object 'GrievanceWorkflow' has no attribute 'update'

----------------------------------------------------------------------
Ran 1 test in 0.074s

FAILED (errors=1)
Destroying test database for alias 'default'...
