Creating test database for alias 'default'...
Found 23 test(s).
System check identified no issues (0 silenced).
EE.....................
======================================================================
ERROR: test_communication_dispatcher (unittest.loader._FailedTest.test_communication_dispatcher)
----------------------------------------------------------------------
ImportError: Failed to import test module: test_communication_dispatcher
Traceback (most recent call last):
  File "/Library/Frameworks/Python.framework/Versions/3.11/lib/python3.11/unittest/loader.py", line 154, in loadTestsFromName
    module = __import__(module_name)
             ^^^^^^^^^^^^^^^^^^^^^^^
ModuleNotFoundError: No module named 'sfpcl_credit.tests.test_communication_dispatcher'


======================================================================
ERROR: test_document_api (unittest.loader._FailedTest.test_document_api)
----------------------------------------------------------------------
ImportError: Failed to import test module: test_document_api
Traceback (most recent call last):
  File "/Library/Frameworks/Python.framework/Versions/3.11/lib/python3.11/unittest/loader.py", line 154, in loadTestsFromName
    module = __import__(module_name)
             ^^^^^^^^^^^^^^^^^^^^^^^
ModuleNotFoundError: No module named 'sfpcl_credit.tests.test_document_api'


----------------------------------------------------------------------
Ran 23 tests in 1.814s

FAILED (errors=2)
Destroying test database for alias 'default'...
