
> sfpcl-lms@1.0.0 build
> vite build

[33mThe CJS build of Vite's Node API is deprecated. See https://vite.dev/guide/troubleshooting.html#vite-cjs-node-api-deprecated for more details.[39m
vite v5.4.21 building for production...
transforming...
✓ 1880 modules transformed.
rendering chunks...
computing gzip size...
dist/index.html                     0.75 kB │ gzip:   0.43 kB
dist/assets/index-X2hjTs2H.css     51.00 kB │ gzip:   8.86 kB
dist/assets/index-DpsZtUT_.js   1,128.39 kB │ gzip: 243.42 kB

(!) Some chunks are larger than 500 kB after minification. Consider:
- Using dynamic import() to code-split the application
- Use build.rollupOptions.output.manualChunks to improve chunking: https://rollupjs.org/configuration-options/#output-manualchunks
- Adjust chunk size limit for this warning via build.chunkSizeWarningLimit.
✓ built in 2.38s

> sfpcl-lms@1.0.0 typecheck
> tsc --noEmit


> sfpcl-lms@1.0.0 lint
> eslint src


> sfpcl-lms@1.0.0 test
> vitest run --run

[33mThe CJS build of Vite's Node API is deprecated. See https://vite.dev/guide/troubleshooting.html#vite-cjs-node-api-deprecated for more details.[39m

 RUN  v3.2.6 /Users/amitkallapa/LMS/.ralph/worktrees/2026-07-16_120256_normal_run/sfpcl-lms

 ✓ src/pages/registers/RegistersHub.test.tsx (8 tests) 945ms
   ✓ RegistersHub owned approval register panels > applies only canonical financial-year values  328ms
 ✓ src/pages/borrower/portal/applications/MP05_NewApplication.test.tsx (7 tests) 1564ms
   ✓ MP05 loan-limit display authority (006Z2 interim regression) > creates, submits exactly once, and canonically refetches the returned amount  319ms
   ✓ MP05 loan-limit display authority (006Z2 interim regression) > shows independent 400, 403, and 409 errors without retry or projection refetch  1016ms
 ✓ src/pages/settings/SettingsHub.test.tsx (10 tests) 1860ms
   ✓ SettingsHub Approval Matrix panel > permits a canonical manager to submit a complete successor version as a pending proposal  658ms
   ✓ SettingsHub remaining panels > creates a complete successor as a separate audited draft for a canonical policy manager  682ms
 ✓ src/pages/appraisal/AppraisalWorkbench.container.test.tsx (14 tests) 2737ms
   ✓ default AppraisalWorkbench authenticated HTTP container > calculates a limit from entered source IDs and refreshes four reads  495ms
   ✓ default AppraisalWorkbench authenticated HTTP container > posts the rejected Credit Manager decision once  742ms
 ✓ src/pages/borrower/portal/documents/PortalDocumentationActions.test.tsx (8 tests) 792ms
   ✓ member portal documentation actions > renders server-owned actions and performs one canonical refetch after upload  545ms
 ✓ src/pages/documentation/DocumentationHub.test.tsx (17 tests) 3550ms
   ✓ 008M2 documentation workspace contract > posts a server-owned approval and refetches once without optimism  712ms
   ✓ 008M2 documentation workspace contract > keeps a conflict visible with no optimistic change, retry, or refetch  743ms
   ✓ 008M2 documentation workspace contract > submits a signed-copy upload through the opaque action and refetches once  681ms
 ✓ src/pages/borrower/portal/applications/MP11_DeficiencyResponse.test.tsx (2 tests) 533ms
   ✓ MP11 deficiency response > uploads a server-contracted response, refetches canonical state, and resubmits  457ms
 ✓ src/services/authSession.test.ts (36 tests) 47ms
 ✓ src/pages/members/MemberProfile.test.tsx (26 tests) 237ms
 ✓ src/pages/members/MemberProfile.container.test.tsx (4 tests) 354ms
 ✓ src/pages/applications/ApplicationDetail.test.tsx (9 tests) 82ms
 ✓ src/pages/applications/WitnessPanel.container.test.tsx (10 tests) 1133ms
   ✓ mounted witness resource actions > captures with the exact body and refetches the canonical collection once  389ms
 ✓ src/services/applicationIntakeApi.test.ts (5 tests) 16ms
(node:83759) ExperimentalWarning: buffer.File is an experimental feature and might change at any time
(Use `node --trace-warnings ...` to show where the warning was created)
 ✓ src/services/portalApi.test.ts (6 tests) 24ms
 ✓ src/pages/appraisal/AppraisalWorkbench.test.tsx (22 tests) 213ms
 ✓ src/services/creditAssessmentApi.test.ts (5 tests) 7ms
 ✓ src/pages/members/MemberGovernanceForm.test.tsx (5 tests) 2401ms
   ✓ MemberGovernanceForm > submits the institution create variant without individual identity/profile fields  1148ms
   ✓ MemberGovernanceForm > submits every individual registration profile field  945ms
 ✓ src/services/navigationPermissions.test.ts (9 tests) 8ms
 ✓ src/pages/members/Borrower360.test.tsx (4 tests) 94ms
 ✓ src/services/approvalRegistersApi.test.ts (5 tests) 7ms
 ✓ src/pages/applications/CompletenessWorkbench.test.tsx (5 tests) 72ms
 ✓ src/pages/notifications/NotificationsCenter.test.tsx (6 tests) 29ms
 ✓ src/pages/Dashboard.test.tsx (13 tests) 46ms
 ✓ src/pages/members/MemberDirectory.test.tsx (5 tests) 45ms
 ✓ src/pages/borrower/portal/PortalMemberViews.test.tsx (4 tests) 47ms
 ✓ src/services/tracerApi.test.ts (2 tests) 4ms
 ✓ src/services/loanPolicyApi.test.ts (2 tests) 8ms
 ✓ src/pages/applications/ApplicationList.test.tsx (2 tests) 38ms
 ✓ src/utils/applicationDisplay.test.ts (5 tests) 2ms
 ✓ src/pages/applications/NomineeSelectionViews.test.tsx (3 tests) 8ms
 ✓ src/contexts/RoleContext.test.tsx (2 tests) 12ms
 ✓ src/pages/sanction/SanctionWorkbench.test.tsx (39 tests) 6443ms
   ✓ SanctionWorkbench authenticated container > renders the authoritative total and replaces the queue from the next server page  516ms
   ✓ SanctionWorkbench authenticated container > keeps a newer filter authoritative while an action detail refresh finishes  638ms
   ✓ SanctionWorkbench authenticated container > keeps a newer empty filter authoritative while action submission finishes  442ms
   ✓ SanctionWorkbench authenticated container > keeps a newer denied state authoritative when an action detail refresh fails later  579ms
   ✓ SanctionWorkbench authenticated container > keeps a newer malformed state authoritative when an action detail refresh fails later  355ms
   ✓ SanctionWorkbench authenticated container > keeps a newer empty state authoritative when an action detail refresh fails later  303ms
   ✓ SanctionWorkbench authenticated container > keeps a newer filter authoritative while an action decision refresh finishes  320ms
   ✓ SanctionWorkbench authenticated container > requires a reason and sends the exact Reject request  428ms
   ✓ SanctionWorkbench authenticated container > requires a reason and sends the exact Return for Clarification request  328ms
   ✓ SanctionWorkbench authenticated container > uploads three application-scoped legal files before recording bounded special-case evidence  662ms
 ✓ src/pages/profile/MyProfile.test.tsx (1 test) 10ms
 ✓ src/pages/borrower/portal/auth/MP00_Login.test.tsx (2 tests) 10ms
 ✓ src/pages/members/MemberGovernanceForm.container.test.tsx (16 tests) 5269ms
   ✓ MemberGovernanceForm production container > routes Directory registration into canonical Profile readback with the exact create ledger  3237ms
   ✓ MemberGovernanceForm production container > performs one ordinary human-like update before canonical Profile readback with the exact update ledger  301ms
 ✓ src/services/demoAuthFlag.test.tsx (3 tests) 1383ms
   ✓ VITE_ENABLE_DEMO_AUTH real App/RoleProvider boundary (005FA4) > fails closed when the flag is unset  1236ms

 Test Files  36 passed (36)
      Tests  322 passed (322)
   Start at  12:26:44
   Duration  9.14s (transform 5.69s, setup 0ms, collect 12.20s, tests 30.03s, environment 6.30s, prepare 2.36s)

