Creating test database for alias 'default' ('file:memorydb_default?mode=memory&cache=shared')...
Found 10 test(s).
Operations to perform:
  Synchronize unmigrated apps: corsheaders
  Apply all migrations: contenttypes, identity, tracer
Synchronizing apps without migrations:
  Creating tables...
    Running deferred SQL...
Running migrations:
  Applying contenttypes.0001_initial... OK
  Applying contenttypes.0002_remove_content_type_name... OK
  Applying identity.0001_initial... OK
  Applying identity.0002_permission_rolepermission_and_more... OK
  Applying tracer.0001_initial... OK
System check identified no issues (0 silenced).
test_admin_users_list_satisfies_pagination_contract (sfpcl_credit.tests.test_api_contract_harness.ApiContractEndpointRegressionTests.test_admin_users_list_satisfies_pagination_contract) ... ok
test_admin_users_without_permission_satisfies_permission_denied_contract (sfpcl_credit.tests.test_api_contract_harness.ApiContractEndpointRegressionTests.test_admin_users_without_permission_satisfies_permission_denied_contract) ... ok
test_auth_me_success_satisfies_success_envelope_contract (sfpcl_credit.tests.test_api_contract_harness.ApiContractEndpointRegressionTests.test_auth_me_success_satisfies_success_envelope_contract) ... ok
test_partial_admin_denied_write_satisfies_permission_denied_contract (sfpcl_credit.tests.test_api_contract_harness.ApiContractEndpointRegressionTests.test_partial_admin_denied_write_satisfies_permission_denied_contract) ... ok
test_protected_endpoint_unauthenticated_satisfies_auth_required_contract (sfpcl_credit.tests.test_api_contract_harness.ApiContractEndpointRegressionTests.test_protected_endpoint_unauthenticated_satisfies_auth_required_contract) ... ok
test_revoked_access_token_satisfies_invalid_token_contract (sfpcl_credit.tests.test_api_contract_harness.ApiContractEndpointRegressionTests.test_revoked_access_token_satisfies_invalid_token_contract) ... ok
test_tracer_invalid_state_satisfies_state_transition_contract (sfpcl_credit.tests.test_api_contract_harness.ApiContractEndpointRegressionTests.test_tracer_invalid_state_satisfies_state_transition_contract) ... ok
test_available_actions_shape_accepts_target_contract_sample (sfpcl_credit.tests.test_api_contract_harness.ApiContractHarnessUnitTests.test_available_actions_shape_accepts_target_contract_sample) ... ok
test_available_actions_shape_reports_missing_item_field (sfpcl_credit.tests.test_api_contract_harness.ApiContractHarnessUnitTests.test_available_actions_shape_reports_missing_item_field) ... ok
test_success_envelope_reports_missing_meta_field (sfpcl_credit.tests.test_api_contract_harness.ApiContractHarnessUnitTests.test_success_envelope_reports_missing_meta_field) ... ok

----------------------------------------------------------------------
Ran 10 tests in 9.570s

OK
Destroying test database for alias 'default' ('file:memorydb_default?mode=memory&cache=shared')...
