Creating test database for alias 'default' ('file:memorydb_default?mode=memory&cache=shared')...
Found 1 test(s).
Operations to perform:
  Synchronize unmigrated apps: corsheaders
  Apply all migrations: contenttypes, identity, tracer
Synchronizing apps without migrations:
  Creating tables...
    Running deferred SQL...
Running migrations:
  Applying contenttypes.0001_initial... OK
  Applying contenttypes.0002_remove_content_type_name... OK
  Applying identity.0001_initial... OK
  Applying identity.0002_permission_rolepermission_and_more... OK
  Applying tracer.0001_initial... OK
System check identified no issues (0 silenced).
test_success_envelope_reports_missing_meta_field (sfpcl_credit.tests.test_api_contract_harness.ApiContractHarnessUnitTests.test_success_envelope_reports_missing_meta_field) ... ok

----------------------------------------------------------------------
Ran 1 test in 0.000s

OK
Destroying test database for alias 'default' ('file:memorydb_default?mode=memory&cache=shared')...
