Creating test database for alias 'default'...
Found 3 test(s).
System check identified no issues (0 silenced).
FFFFF
======================================================================
FAIL: test_cfc_queue_is_masked_paginated_and_projects_server_owned_actions (sfpcl_credit.tests.test_disbursement_workspace_api.DisbursementWorkspaceApiTests.test_cfc_queue_is_masked_paginated_and_projects_server_owned_actions)
----------------------------------------------------------------------
Traceback (most recent call last):
  File "/Users/amitkallapa/LMS/.ralph/worktrees/2026-07-19_034024_normal_run/sfpcl_credit/tests/test_disbursement_workspace_api.py", line 30, in test_cfc_queue_is_masked_paginated_and_projects_server_owned_actions
    self.assertEqual(response.status_code, 200, response.content)
AssertionError: 404 != 200 : b'\n<!doctype html>\n<html lang="en">\n<head>\n  <title>Not Found</title>\n</head>\n<body>\n  <h1>Not Found</h1><p>The requested resource was not found on this server.</p>\n</body>\n</html>\n'

======================================================================
FAIL: test_permission_or_role_alone_cannot_read_the_queue (sfpcl_credit.tests.test_disbursement_workspace_api.DisbursementWorkspaceApiTests.test_permission_or_role_alone_cannot_read_the_queue)
----------------------------------------------------------------------
Traceback (most recent call last):
  File "/Users/amitkallapa/LMS/.ralph/worktrees/2026-07-19_034024_normal_run/sfpcl_credit/tests/test_disbursement_workspace_api.py", line 59, in test_permission_or_role_alone_cannot_read_the_queue
    self.assertEqual(denied.status_code, 403, denied.content)
AssertionError: 404 != 403 : b'\n<!doctype html>\n<html lang="en">\n<head>\n  <title>Not Found</title>\n</head>\n<body>\n  <h1>Not Found</h1><p>The requested resource was not found on this server.</p>\n</body>\n</html>\n'

======================================================================
FAIL: test_query_validation_is_strict (sfpcl_credit.tests.test_disbursement_workspace_api.DisbursementWorkspaceApiTests.test_query_validation_is_strict) (query='page=0')
----------------------------------------------------------------------
Traceback (most recent call last):
  File "/Users/amitkallapa/LMS/.ralph/worktrees/2026-07-19_034024_normal_run/sfpcl_credit/tests/test_disbursement_workspace_api.py", line 69, in test_query_validation_is_strict
    self.assertEqual(response.status_code, 400, response.content)
AssertionError: 404 != 400 : b'\n<!doctype html>\n<html lang="en">\n<head>\n  <title>Not Found</title>\n</head>\n<body>\n  <h1>Not Found</h1><p>The requested resource was not found on this server.</p>\n</body>\n</html>\n'

======================================================================
FAIL: test_query_validation_is_strict (sfpcl_credit.tests.test_disbursement_workspace_api.DisbursementWorkspaceApiTests.test_query_validation_is_strict) (query='page_size=101')
----------------------------------------------------------------------
Traceback (most recent call last):
  File "/Users/amitkallapa/LMS/.ralph/worktrees/2026-07-19_034024_normal_run/sfpcl_credit/tests/test_disbursement_workspace_api.py", line 69, in test_query_validation_is_strict
    self.assertEqual(response.status_code, 400, response.content)
AssertionError: 404 != 400 : b'\n<!doctype html>\n<html lang="en">\n<head>\n  <title>Not Found</title>\n</head>\n<body>\n  <h1>Not Found</h1><p>The requested resource was not found on this server.</p>\n</body>\n</html>\n'

======================================================================
FAIL: test_query_validation_is_strict (sfpcl_credit.tests.test_disbursement_workspace_api.DisbursementWorkspaceApiTests.test_query_validation_is_strict) (query='status=pending')
----------------------------------------------------------------------
Traceback (most recent call last):
  File "/Users/amitkallapa/LMS/.ralph/worktrees/2026-07-19_034024_normal_run/sfpcl_credit/tests/test_disbursement_workspace_api.py", line 69, in test_query_validation_is_strict
    self.assertEqual(response.status_code, 400, response.content)
AssertionError: 404 != 400 : b'\n<!doctype html>\n<html lang="en">\n<head>\n  <title>Not Found</title>\n</head>\n<body>\n  <h1>Not Found</h1><p>The requested resource was not found on this server.</p>\n</body>\n</html>\n'

----------------------------------------------------------------------
Ran 3 tests in 1.722s

FAILED (failures=5)
Destroying test database for alias 'default'...
