
> sfpcl-lms@1.0.0 test
> vitest run --run src/services/disbursementApi.test.ts src/pages/disbursement/DisbursementHub.test.tsx src/pages/disbursement/PaymentAuthorisationHub.test.tsx

[33mThe CJS build of Vite's Node API is deprecated. See https://vite.dev/guide/troubleshooting.html#vite-cjs-node-api-deprecated for more details.[39m

 RUN  v3.2.6 /Users/amitkallapa/LMS/.ralph/worktrees/2026-07-19_034024_normal_run/sfpcl-lms


⎯⎯⎯⎯⎯⎯ Failed Suites 3 ⎯⎯⎯⎯⎯⎯⎯

 FAIL  src/services/disbursementApi.test.ts [ src/services/disbursementApi.test.ts ]
Error: Cannot find module './disbursementApi' imported from '/Users/amitkallapa/LMS/.ralph/worktrees/2026-07-19_034024_normal_run/sfpcl-lms/src/services/disbursementApi.test.ts'
 ❯ src/services/disbursementApi.test.ts:3:31
      2| import { clearStoredAuthSession, storedAuthSession } from './authSessi…
      3| import {
      4|   fetchDisbursementWorkspace,
       |                      ^
      5|   submitDisbursementAction,
      6|   type DisbursementAction,

Caused by: Error: Failed to load url ./disbursementApi (resolved id: ./disbursementApi) in /Users/amitkallapa/LMS/.ralph/worktrees/2026-07-19_034024_normal_run/sfpcl-lms/src/services/disbursementApi.test.ts. Does the file exist?
 ❯ loadAndTransform node_modules/vite/dist/node/chunks/dep-BK3b2jBa.js:51969:17

⎯⎯⎯⎯⎯⎯⎯⎯⎯⎯⎯⎯⎯⎯⎯⎯⎯⎯⎯⎯⎯⎯⎯⎯[1/3]⎯

 FAIL  src/pages/disbursement/DisbursementHub.test.tsx [ src/pages/disbursement/DisbursementHub.test.tsx ]
Error: Failed to resolve import "../../services/disbursementApi" from "src/pages/disbursement/DisbursementHub.test.tsx". Does the file exist?
  Plugin: vite:import-analysis
  File: /Users/amitkallapa/LMS/.ralph/worktrees/2026-07-19_034024_normal_run/sfpcl-lms/src/pages/disbursement/DisbursementHub.test.tsx:7:0
  9  |  const __vi_import_3__ = await import("./DisbursementHub");
  10 |  const __vi_import_4__ = await import("../../services/authSession");
  11 |  const __vi_import_5__ = await import("../../services/disbursementApi");
     |                                       ^
  12 |  const __vi_import_6__ = await import("./DisbursementHub.tsx?raw");
  13 |  
 ❯ TransformPluginContext._formatError node_modules/vite/dist/node/chunks/dep-BK3b2jBa.js:49258:41
 ❯ TransformPluginContext.error node_modules/vite/dist/node/chunks/dep-BK3b2jBa.js:49253:16
 ❯ normalizeUrl node_modules/vite/dist/node/chunks/dep-BK3b2jBa.js:64307:23
 ❯ node_modules/vite/dist/node/chunks/dep-BK3b2jBa.js:64439:39
 ❯ TransformPluginContext.transform node_modules/vite/dist/node/chunks/dep-BK3b2jBa.js:64366:7
 ❯ PluginContainer.transform node_modules/vite/dist/node/chunks/dep-BK3b2jBa.js:49099:18
 ❯ loadAndTransform node_modules/vite/dist/node/chunks/dep-BK3b2jBa.js:51978:27

⎯⎯⎯⎯⎯⎯⎯⎯⎯⎯⎯⎯⎯⎯⎯⎯⎯⎯⎯⎯⎯⎯⎯⎯[2/3]⎯

 FAIL  src/pages/disbursement/PaymentAuthorisationHub.test.tsx [ src/pages/disbursement/PaymentAuthorisationHub.test.tsx ]
Error: Failed to resolve import "../../services/disbursementApi" from "src/pages/disbursement/PaymentAuthorisationHub.test.tsx". Does the file exist?
  Plugin: vite:import-analysis
  File: /Users/amitkallapa/LMS/.ralph/worktrees/2026-07-19_034024_normal_run/sfpcl-lms/src/pages/disbursement/PaymentAuthorisationHub.test.tsx:7:0
  9  |  const __vi_import_3__ = await import("./PaymentAuthorisationHub");
  10 |  const __vi_import_4__ = await import("../../services/authSession");
  11 |  const __vi_import_5__ = await import("../../services/disbursementApi");
     |                                       ^
  12 |  const __vi_import_6__ = await import("./PaymentAuthorisationHub.tsx?raw");
  13 |  
 ❯ TransformPluginContext._formatError node_modules/vite/dist/node/chunks/dep-BK3b2jBa.js:49258:41
 ❯ TransformPluginContext.error node_modules/vite/dist/node/chunks/dep-BK3b2jBa.js:49253:16
 ❯ normalizeUrl node_modules/vite/dist/node/chunks/dep-BK3b2jBa.js:64307:23
 ❯ node_modules/vite/dist/node/chunks/dep-BK3b2jBa.js:64439:39
 ❯ TransformPluginContext.transform node_modules/vite/dist/node/chunks/dep-BK3b2jBa.js:64366:7
 ❯ PluginContainer.transform node_modules/vite/dist/node/chunks/dep-BK3b2jBa.js:49099:18
 ❯ loadAndTransform node_modules/vite/dist/node/chunks/dep-BK3b2jBa.js:51978:27

⎯⎯⎯⎯⎯⎯⎯⎯⎯⎯⎯⎯⎯⎯⎯⎯⎯⎯⎯⎯⎯⎯⎯⎯[3/3]⎯


 Test Files  3 failed (3)
      Tests  no tests
   Start at  03:48:34
   Duration  891ms (transform 93ms, setup 0ms, collect 0ms, tests 0ms, environment 753ms, prepare 453ms)

