
> sfpcl-lms@1.0.0 test
> vitest run --run src/pages/borrower/portal/applications/MP11_DeficiencyResponse.test.tsx

[33mThe CJS build of Vite's Node API is deprecated. See https://vite.dev/guide/troubleshooting.html#vite-cjs-node-api-deprecated for more details.[39m

 RUN  v3.2.6 /Users/amitkallapa/LMS/.ralph/worktrees/2026-07-15_073659_normal_run/sfpcl-lms

 ❯ src/pages/borrower/portal/applications/MP11_DeficiencyResponse.test.tsx (2 tests | 1 failed) 117ms
   × MP11 deficiency response > uploads a server-contracted response, refetches canonical state, and resubmits 35ms
     → Unable to find an element with the text: Deficiency reason. This could be because the text is broken up by multiple elements. In this case, you can provide a function for your text matcher to make your matcher more flexible.

Ignored nodes: comments, script, style
[36m<body>[39m
  [36m<div>[39m
    [36m<div[39m
      [33mclass[39m=[32m"space-y-4"[39m
    [36m>[39m
      [36m<div[39m
        [33mclass[39m=[32m"bg-white rounded-xl border border-slate-100 overflow-hidden"[39m
      [36m>[39m
        [36m<div[39m
          [33mclass[39m=[32m"px-5 py-4 bg-slate-50 border-b border-slate-100"[39m
        [36m>[39m
          [36m<h3[39m
            [33mclass[39m=[32m"font-semibold text-slate-900 flex items-center gap-2"[39m
          [36m>[39m
            [36m<svg[39m
              [33maria-hidden[39m=[32m"true"[39m
              [33mclass[39m=[32m"lucide lucide-file-exclamation-point text-amber-600"[39m
              [33mfill[39m=[32m"none"[39m
              [33mheight[39m=[32m"17"[39m
              [33mstroke[39m=[32m"currentColor"[39m
              [33mstroke-linecap[39m=[32m"round"[39m
              [33mstroke-linejoin[39m=[32m"round"[39m
              [33mstroke-width[39m=[32m"2"[39m
              [33mviewBox[39m=[32m"0 0 24 24"[39m
              [33mwidth[39m=[32m"17"[39m
              [33mxmlns[39m=[32m"http://www.w3.org/2000/svg"[39m
            [36m>[39m
              [36m<path[39m
                [33md[39m=[32m"M6 22a2 2 0 0 1-2-2V4a2 2 0 0 1 2-2h8a2.4 2.4 0 0 1 1.704.706l3.588 3.588A2.4 2.4 0 0 1 20 8v12a2 2 0 0 1-2 2z"[39m
              [36m/>[39m
              [36m<path[39m
                [33md[39m=[32m"M12 9v4"[39m
              [36m/>[39m
              [36m<path[39m
                [33md[39m=[32m"M12 17h.01"[39m
              [36m/>[39m
            [36m</svg>[39m
            [0m Deficiency Response[0m
          [36m</h3>[39m
          [36m<p[39m
            [33mclass[39m=[32m"text-xs text-slate-500 mt-1"[39m
          [36m>[39m
            [0mRespond to every requested correction before resubmitting.[0m
          [36m</p>[39m
        [36m</div>[39m
        [36m<div[39m
          [33mclass[39m=[32m"divide-y divide-slate-100"[39m
        [36m>[39m
          [36m<div[39m
            [33mclass[39m=[32m"p-5 space-y-4"[39m
          [36m>[39m
            [36m<div[39m
              [33mclass[39m=[32m"flex flex-col sm:flex-row sm:items-start justify-between gap-3"[39m
            [36m>[39m
              [36m<div>[39m
                [36m<p[39m
                  [33mclass[39m=[32m"text-sm font-semibold text-slate-900"[39m
                [36m>[39m
                  [0mUpload the missing six-month bank statement.[0m
                [36m</p>[39m
                [36m<p[39m
                  [33mclass[39m=[32m"text-xs text-slate-500 mt-1"[39m
                [36m>[39m
                  [0mRequested correction: [0m
                  [0msix month bank statement[0m
                [36m</p>[39m
              [36m</div>[39m
              [36m<span[39m
                [33mclass[39m=[32m"inline-flex items-center gap-1 font-medium rounded-full border whitespace-nowrap bg-slate-100 text-slate-700 border-slate-200 text-xs px-2 py-0.5 h-5"[39m
              [36m>[39m
                [36m<svg[39m
                  [33maria-hidden[39m=[32m"true"[39m
                  [33mclass[39m=[32m"lucide lucide-circle"[39m
                  [33mfill[39m=[32m"none"[39m
                  [33mheight[39m=[32m"10"[39m
                  [33mstroke[39m=[32m"currentColor"[39m
                  [33mstroke-linecap[39m=[32m"round"[39m
                  [33mstroke-linejoin[39m=[32m"round"[39m
                  [33mstroke-width[39m=[32m"2"[39m
                  [33mviewBox[39m=[32m"0 0 24 24"[39m
                  [33mwidth[39m=[32m"10"[39m
                  [33mxmlns[39m=[32m"http://www.w3.org/2000/svg"[39m
                [36m>[39m
                  [36m<circle[39m
                    [33mcx[39m=[32m"12"[39m
                    [33mcy[39m=[32m"12"[39m
                    [33mr[39m=[32m"10"[39m
                  [36m/>[39m
                [36m</svg>[39m
                [0mAction Needed[0m
              [36m</span>[39m
            [36m</div>[39m
            [36m<div[39m
              [33mclass[39m=[32m"grid grid-cols-1 lg:grid-cols-2 gap-4"[39m
            [36m>[39m
              [36m<label[39m
                [33mclass[39m=[32m"block text-sm font-medium text-slate-700"[39m
              [36m>[39m
                [0mReplacement document[0m
                [36m<input[39m
                  [33maccept[39m=[32m".pdf,.jpg,.jpeg,.png"[39m
                  [33maria-label[39m=[32m"Replacement document"[39m
                  [33mclass[39m=[32m"mt-1.5 block w-full text-sm text-slate-500"[39m
                  [33mtype[39m=[32m"file"[39m
                [36m/>[39m
              [36m</label>[39m
              [36m<label[39m
                [33mclass[39m=[32m"block text-sm font-medium text-slate-700"[39m
              [36m>[39m
                [0mBorrower response remark[0m
                [36m<textarea[39m
                  [33maria-label[39m=[32m"Borrower response remark"[39m
                  [33mclass[39m=[32m"mt-1.5 w-full px-4 py-2.5 border border-slate-200 rounded-lg text-sm focus:outline-none focus:ring-2 focus:ring-green-500"[39m
                  [33mmaxlength[39m=[32m"4000"[39m
                [36m/>[39m
              [36m</label>[39m
            [36m</div>[39m
            [36m<button[39m
              [33maria-label[39m=[32m"Upload response"[39m
              [33mclass[39m=[32m"flex items-center gap-2 px-4 py-2 rounded-lg text-sm font-medium bg-green-600 hover:bg-green-700 disabled:opacity-50 text-white transition-colors"[39m
              [33mdisabled[39m=[32m""[39m
            [36m>[39m
              [36m<svg[39m
                [33maria-hidden[39m=[32m"true"[39m
                [33mclass[39m=[32m"lucide lucide-upload"[39m
                [33mfill[39m=[32m"none"[39m
                [33mheight[39m=[32m"15"[39m
                [33mstroke[39m=[32m"currentColor"[39m
                [33mstroke-linecap[39m=[32m"round"[39m
                [33mstroke-linejoin[39m=[32m"round"[39m
                [33mstroke-width[39m=[32m"2"[39m
                [33mviewBox[39m=[32m"0 0 24 24"[39m
                [33mwidth[39m=[32m"15"[39m
                [33mxmlns[39m=[32m"http://www.w3.org/2000/svg"[39m
              [36m>[39m
                [36m<path[39m
                  [33md[39m=[32m"M12 3v12"[39m
                [36m/>[39m
                [36m<path[39m
                  [33md[39m=[32m"m17 8-5-5-5 5"[39m
                [36m/>[39m
                [36m<path[39m
                  [33md[39m=[32m"M21 15v4a2 2 0 0 1-2 2H5a2 2 0 0 1-2-2v-4"[39m
                [36m/>[39m
              [36m</svg>[39m
              [0mUpload response[0m
            [36m</button>[39m
          [36m</div>[39m
        [36m</div>[39m
      [36m</div>[39m
      [36m<div[39m
        [33mclass[39m=[32m"flex flex-col sm:flex-row sm:items-center justify-between gap-3 bg-white rounded-xl border border-slate-100 p-4"[39m
      [36m>[39m
        [36m<p[39m
          [33mclass[39m=[32m"text-sm text-slate-500"[39m
        [36m>[39m
          [0mAll deficiency items need a current response document.[0m
        [36m</p>[39m
        [36m<button[39m
          [33mclass[39m=[32m"flex items-center justify-center gap-2 px-4 py-2 rounded-lg text-sm font-medium bg-green-600 hover:bg-green-700 disabled:opacity-50 text-white transition-colors"[39m
          [33mdisabled[39m=[32m""[39m
        [36m>[39m
          [36m<svg[39m
            [33maria-hidden[39m=[32m"true"[39m
            [33mclass[39m=[32m"lucide lucide-send"[39m
            [33mfill[39m=[32m"none"[39m
            [33mheight[39m=[32m"15"[39m
            [33mstroke[39m=[32m"currentColor"[39m
            [33mstroke-linecap[39m=[32m"round"[39m
            [33mstroke-linejoin[39m=[32m"round"[39m
            [33mstroke-width[39m=[32m"2"[39m
            [33mviewBox[39m=[32m"0 0 24 24"[39m
            [33mwidth[39m=[32m"15"[39m
            [33mxmlns[39m=[32m"http://www.w3.org/2000/svg"[39m
          [36m>[39m
            [36m<path[39m
              [33md[39m=[32m"M14.536 21.686a.5.5 0 0 0 .937-.024l6.5-19a.496.496 0 0 0-.635-.635l-19 6.5a.5.5 0 0 0-.024.937l7.93 3.18a2 2 0 0 1 1.112 1.11z"[39m
            [36m/>[39m
            [36m<path[39m
              [33md[39m=[32m"m21.854 2.147-10.94 10.939"[39m
            [36m/>[39m
          [36m</svg>[39m
          [0mResubmit corrections[0m
        [36m</button>[39m
      [36m</div>[39m
    [36m</div>[39m
  [36m</div>[39m
[36m</body>[39m
   ✓ MP11 deficiency response > shows empty, validation, unauthorized, and generic error states without fixture fallback 82ms

⎯⎯⎯⎯⎯⎯⎯ Failed Tests 1 ⎯⎯⎯⎯⎯⎯⎯

 FAIL  src/pages/borrower/portal/applications/MP11_DeficiencyResponse.test.tsx > MP11 deficiency response > uploads a server-contracted response, refetches canonical state, and resubmits
TestingLibraryElementError: Unable to find an element with the text: Deficiency reason. This could be because the text is broken up by multiple elements. In this case, you can provide a function for your text matcher to make your matcher more flexible.

Ignored nodes: comments, script, style
[36m<body>[39m
  [36m<div>[39m
    [36m<div[39m
      [33mclass[39m=[32m"space-y-4"[39m
    [36m>[39m
      [36m<div[39m
        [33mclass[39m=[32m"bg-white rounded-xl border border-slate-100 overflow-hidden"[39m
      [36m>[39m
        [36m<div[39m
          [33mclass[39m=[32m"px-5 py-4 bg-slate-50 border-b border-slate-100"[39m
        [36m>[39m
          [36m<h3[39m
            [33mclass[39m=[32m"font-semibold text-slate-900 flex items-center gap-2"[39m
          [36m>[39m
            [36m<svg[39m
              [33maria-hidden[39m=[32m"true"[39m
              [33mclass[39m=[32m"lucide lucide-file-exclamation-point text-amber-600"[39m
              [33mfill[39m=[32m"none"[39m
              [33mheight[39m=[32m"17"[39m
              [33mstroke[39m=[32m"currentColor"[39m
              [33mstroke-linecap[39m=[32m"round"[39m
              [33mstroke-linejoin[39m=[32m"round"[39m
              [33mstroke-width[39m=[32m"2"[39m
              [33mviewBox[39m=[32m"0 0 24 24"[39m
              [33mwidth[39m=[32m"17"[39m
              [33mxmlns[39m=[32m"http://www.w3.org/2000/svg"[39m
            [36m>[39m
              [36m<path[39m
                [33md[39m=[32m"M6 22a2 2 0 0 1-2-2V4a2 2 0 0 1 2-2h8a2.4 2.4 0 0 1 1.704.706l3.588 3.588A2.4 2.4 0 0 1 20 8v12a2 2 0 0 1-2 2z"[39m
              [36m/>[39m
              [36m<path[39m
                [33md[39m=[32m"M12 9v4"[39m
              [36m/>[39m
              [36m<path[39m
                [33md[39m=[32m"M12 17h.01"[39m
              [36m/>[39m
            [36m</svg>[39m
            [0m Deficiency Response[0m
          [36m</h3>[39m
          [36m<p[39m
            [33mclass[39m=[32m"text-xs text-slate-500 mt-1"[39m
          [36m>[39m
            [0mRespond to every requested correction before resubmitting.[0m
          [36m</p>[39m
        [36m</div>[39m
        [36m<div[39m
          [33mclass[39m=[32m"divide-y divide-slate-100"[39m
        [36m>[39m
          [36m<div[39m
            [33mclass[39m=[32m"p-5 space-y-4"[39m
          [36m>[39m
            [36m<div[39m
              [33mclass[39m=[32m"flex flex-col sm:flex-row sm:items-start justify-between gap-3"[39m
            [36m>[39m
              [36m<div>[39m
                [36m<p[39m
                  [33mclass[39m=[32m"text-sm font-semibold text-slate-900"[39m
                [36m>[39m
                  [0mUpload the missing six-month bank statement.[0m
                [36m</p>[39m
                [36m<p[39m
                  [33mclass[39m=[32m"text-xs text-slate-500 mt-1"[39m
                [36m>[39m
                  [0mRequested correction: [0m
                  [0msix month bank statement[0m
                [36m</p>[39m
              [36m</div>[39m
              [36m<span[39m
                [33mclass[39m=[32m"inline-flex items-center gap-1 font-medium rounded-full border whitespace-nowrap bg-slate-100 text-slate-700 border-slate-200 text-xs px-2 py-0.5 h-5"[39m
              [36m>[39m
                [36m<svg[39m
                  [33maria-hidden[39m=[32m"true"[39m
                  [33mclass[39m=[32m"lucide lucide-circle"[39m
                  [33mfill[39m=[32m"none"[39m
                  [33mheight[39m=[32m"10"[39m
                  [33mstroke[39m=[32m"currentColor"[39m
                  [33mstroke-linecap[39m=[32m"round"[39m
                  [33mstroke-linejoin[39m=[32m"round"[39m
                  [33mstroke-width[39m=[32m"2"[39m
                  [33mviewBox[39m=[32m"0 0 24 24"[39m
                  [33mwidth[39m=[32m"10"[39m
                  [33mxmlns[39m=[32m"http://www.w3.org/2000/svg"[39m
                [36m>[39m
                  [36m<circle[39m
                    [33mcx[39m=[32m"12"[39m
                    [33mcy[39m=[32m"12"[39m
                    [33mr[39m=[32m"10"[39m
                  [36m/>[39m
                [36m</svg>[39m
                [0mAction Needed[0m
              [36m</span>[39m
            [36m</div>[39m
            [36m<div[39m
              [33mclass[39m=[32m"grid grid-cols-1 lg:grid-cols-2 gap-4"[39m
            [36m>[39m
              [36m<label[39m
                [33mclass[39m=[32m"block text-sm font-medium text-slate-700"[39m
              [36m>[39m
                [0mReplacement document[0m
                [36m<input[39m
                  [33maccept[39m=[32m".pdf,.jpg,.jpeg,.png"[39m
                  [33maria-label[39m=[32m"Replacement document"[39m
                  [33mclass[39m=[32m"mt-1.5 block w-full text-sm text-slate-500"[39m
                  [33mtype[39m=[32m"file"[39m
                [36m/>[39m
              [36m</label>[39m
              [36m<label[39m
                [33mclass[39m=[32m"block text-sm font-medium text-slate-700"[39m
              [36m>[39m
                [0mBorrower response remark[0m
                [36m<textarea[39m
                  [33maria-label[39m=[32m"Borrower response remark"[39m
                  [33mclass[39m=[32m"mt-1.5 w-full px-4 py-2.5 border border-slate-200 rounded-lg text-sm focus:outline-none focus:ring-2 focus:ring-green-500"[39m
                  [33mmaxlength[39m=[32m"4000"[39m
                [36m/>[39m
              [36m</label>[39m
            [36m</div>[39m
            [36m<button[39m
              [33maria-label[39m=[32m"Upload response"[39m
              [33mclass[39m=[32m"flex items-center gap-2 px-4 py-2 rounded-lg text-sm font-medium bg-green-600 hover:bg-green-700 disabled:opacity-50 text-white transition-colors"[39m
              [33mdisabled[39m=[32m""[39m
            [36m>[39m
              [36m<svg[39m
                [33maria-hidden[39m=[32m"true"[39m
                [33mclass[39m=[32m"lucide lucide-upload"[39m
                [33mfill[39m=[32m"none"[39m
                [33mheight[39m=[32m"15"[39m
                [33mstroke[39m=[32m"currentColor"[39m
                [33mstroke-linecap[39m=[32m"round"[39m
                [33mstroke-linejoin[39m=[32m"round"[39m
                [33mstroke-width[39m=[32m"2"[39m
                [33mviewBox[39m=[32m"0 0 24 24"[39m
                [33mwidth[39m=[32m"15"[39m
                [33mxmlns[39m=[32m"http://www.w3.org/2000/svg"[39m
              [36m>[39m
                [36m<path[39m
                  [33md[39m=[32m"M12 3v12"[39m
                [36m/>[39m
                [36m<path[39m
                  [33md[39m=[32m"m17 8-5-5-5 5"[39m
                [36m/>[39m
                [36m<path[39m
                  [33md[39m=[32m"M21 15v4a2 2 0 0 1-2 2H5a2 2 0 0 1-2-2v-4"[39m
                [36m/>[39m
              [36m</svg>[39m
              [0mUpload response[0m
            [36m</button>[39m
          [36m</div>[39m
        [36m</div>[39m
      [36m</div>[39m
      [36m<div[39m
        [33mclass[39m=[32m"flex flex-col sm:flex-row sm:items-center justify-between gap-3 bg-white rounded-xl border border-slate-100 p-4"[39m
      [36m>[39m
        [36m<p[39m
          [33mclass[39m=[32m"text-sm text-slate-500"[39m
        [36m>[39m
          [0mAll deficiency items need a current response document.[0m
        [36m</p>[39m
        [36m<button[39m
          [33mclass[39m=[32m"flex items-center justify-center gap-2 px-4 py-2 rounded-lg text-sm font-medium bg-green-600 hover:bg-green-700 disabled:opacity-50 text-white transition-colors"[39m
          [33mdisabled[39m=[32m""[39m
        [36m>[39m
          [36m<svg[39m
            [33maria-hidden[39m=[32m"true"[39m
            [33mclass[39m=[32m"lucide lucide-send"[39m
            [33mfill[39m=[32m"none"[39m
            [33mheight[39m=[32m"15"[39m
            [33mstroke[39m=[32m"currentColor"[39m
            [33mstroke-linecap[39m=[32m"round"[39m
            [33mstroke-linejoin[39m=[32m"round"[39m
            [33mstroke-width[39m=[32m"2"[39m
            [33mviewBox[39m=[32m"0 0 24 24"[39m
            [33mwidth[39m=[32m"15"[39m
            [33mxmlns[39m=[32m"http://www.w3.org/2000/svg"[39m
          [36m>[39m
            [36m<path[39m
              [33md[39m=[32m"M14.536 21.686a.5.5 0 0 0 .937-.024l6.5-19a.496.496 0 0 0-.635-.635l-19 6.5a.5.5 0 0 0-.024.937l7.93 3.18a2 2 0 0 1 1.112 1.11z"[39m
            [36m/>[39m
            [36m<path[39m
              [33md[39m=[32m"m21.854 2.147-10.94 10.939"[39m
            [36m/>[39m
          [36m</svg>[39m
          [0mResubmit corrections[0m
        [36m</button>[39m
      [36m</div>[39m
    [36m</div>[39m
  [36m</div>[39m
[36m</body>[39m
 ❯ Object.getElementError node_modules/@testing-library/dom/dist/config.js:37:19
 ❯ node_modules/@testing-library/dom/dist/query-helpers.js:76:38
 ❯ node_modules/@testing-library/dom/dist/query-helpers.js:52:17
 ❯ node_modules/@testing-library/dom/dist/query-helpers.js:95:19
 ❯ src/pages/borrower/portal/applications/MP11_DeficiencyResponse.test.tsx:72:19
     70|     expect(screen.getByText('Loading deficiency response…')).toBeTruth…
     71|     expect(await screen.findByText('Upload the missing six-month bank …
     72|     expect(screen.getByText('Deficiency reason')).toBeTruthy();
       |                   ^
     73|     expect(screen.getByText('Requested correction')).toBeTruthy();
     74|     expect(screen.getByRole('button', { name: 'Download deficiency not…

⎯⎯⎯⎯⎯⎯⎯⎯⎯⎯⎯⎯⎯⎯⎯⎯⎯⎯⎯⎯⎯⎯⎯⎯[1/1]⎯


 Test Files  1 failed (1)
      Tests  1 failed | 1 passed (2)
   Start at  08:21:51
   Duration  1.03s (transform 96ms, setup 0ms, collect 256ms, tests 117ms, environment 301ms, prepare 37ms)

