
> sfpcl-lms@1.0.0 test
> vitest run --run src/pages/borrower/portal/applications/MP11_DeficiencyResponse.test.tsx

[33mThe CJS build of Vite's Node API is deprecated. See https://vite.dev/guide/troubleshooting.html#vite-cjs-node-api-deprecated for more details.[39m

 RUN  v3.2.6 /Users/amitkallapa/LMS/.ralph/worktrees/2026-07-15_073659_normal_run/sfpcl-lms


⎯⎯⎯⎯⎯⎯ Failed Suites 1 ⎯⎯⎯⎯⎯⎯⎯

 FAIL  src/pages/borrower/portal/applications/MP11_DeficiencyResponse.test.tsx [ src/pages/borrower/portal/applications/MP11_DeficiencyResponse.test.tsx ]
Error: Failed to resolve import "./MP11_DeficiencyResponse" from "src/pages/borrower/portal/applications/MP11_DeficiencyResponse.test.tsx". Does the file exist?
  Plugin: vite:import-analysis
  File: /Users/amitkallapa/LMS/.ralph/worktrees/2026-07-15_073659_normal_run/sfpcl-lms/src/pages/borrower/portal/applications/MP11_DeficiencyResponse.test.tsx:12:0
  13 |  const __vi_import_3__ = await import("../../../../services/authSession");
  14 |  const __vi_import_4__ = await import("../../../../services/portalApi");
  15 |  const __vi_import_5__ = await import("./MP11_DeficiencyResponse");
     |                                       ^
  16 |  
  17 |  
 ❯ TransformPluginContext._formatError node_modules/vite/dist/node/chunks/dep-BK3b2jBa.js:49258:41
 ❯ TransformPluginContext.error node_modules/vite/dist/node/chunks/dep-BK3b2jBa.js:49253:16
 ❯ normalizeUrl node_modules/vite/dist/node/chunks/dep-BK3b2jBa.js:64307:23
 ❯ node_modules/vite/dist/node/chunks/dep-BK3b2jBa.js:64439:39
 ❯ TransformPluginContext.transform node_modules/vite/dist/node/chunks/dep-BK3b2jBa.js:64366:7
 ❯ PluginContainer.transform node_modules/vite/dist/node/chunks/dep-BK3b2jBa.js:49099:18
 ❯ loadAndTransform node_modules/vite/dist/node/chunks/dep-BK3b2jBa.js:51978:27

⎯⎯⎯⎯⎯⎯⎯⎯⎯⎯⎯⎯⎯⎯⎯⎯⎯⎯⎯⎯⎯⎯⎯⎯[1/1]⎯


 Test Files  1 failed (1)
      Tests  no tests
   Start at  07:58:22
   Duration  737ms (transform 10ms, setup 0ms, collect 0ms, tests 0ms, environment 318ms, prepare 37ms)

