Creating test database for alias 'default' ('file:memorydb_default?mode=memory&cache=shared')...
Found 3 test(s).
Operations to perform:
  Synchronize unmigrated apps: corsheaders
  Apply all migrations: applications, approvals, communications, configurations, contenttypes, credit, documents, identity, legal_documents, members, scheduler, tracer, workflows
Synchronizing apps without migrations:
  Creating tables...
    Running deferred SQL...
Running migrations:
  Applying identity.0001_initial... OK
  Applying identity.0002_permission_rolepermission_and_more... OK
  Applying members.0001_initial... OK
  Applying members.0002_profile_shells... OK
  Applying members.0003_individual_profile_details... OK
  Applying members.0004_nominee... OK
  Applying members.0005_shareholding_and_more... OK
  Applying members.0006_landholding_cropplan_and_more... OK
  Applying documents.0001_initial... OK
  Applying members.0007_kycprofile_kycdocument_and_more... OK
  Applying members.0008_cancelledcheque_bankaccount_and_more... OK
  Applying identity.0003_portal_member_auth... OK
  Applying applications.0001_initial... OK
  Applying applications.0002_loanapplication_submitted_by_user... OK
  Applying applications.0003_systemsequence_loanrequestregisterentry... OK
  Applying applications.0004_applicationdocument_and_more... OK
  Applying applications.0005_application_deficiency... OK
  Applying applications.0006_rejection_note... OK
  Applying applications.0007_eligibilityassessment... OK
  Applying applications.0008_loanlimitassessment... OK
  Applying applications.0009_loan_limit_policy_snapshot... OK
  Applying applications.0010_loanapplication_nominee... OK
  Applying applications.0011_witness... OK
  Applying applications.0012_witness_verification_evidence... OK
  Applying applications.0013_witness_correction... OK
  Applying applications.0014_witness_contact_fields... OK
  Applying communications.0001_initial... OK
  Applying communications.0002_communication... OK
  Applying communications.0003_notification... OK
  Applying tracer.0001_initial... OK
  Applying workflows.0001_canonical_workflow_event... OK
  Applying credit.0001_credit_assessment_model_ownership... OK
  Applying credit.0002_riskassessment_loanappraisalnote... OK
  Applying credit.0003_appraisal_prerequisite_snapshots... OK
  Applying credit.0004_appraisal_review_facts... OK
  Applying credit.0005_appraisalreviewdecision... OK
  Applying credit.0006_legacy_appraisal_history_remediation... OK
  Applying credit.0007_eligibility_active_member_snapshot... OK
  Applying approvals.0001_initial... OK
  Applying approvals.0002_approvalcase_workflow_event... OK
  Applying approvals.0003_approvalmatrixrule_sanctioncommittee... OK
  Applying approvals.0004_approval_configuration_history_constraints... OK
  Applying approvals.0005_approvalconfigurationproposal... OK
  Applying approvals.0006_approvalcase_configuration_snapshot... OK
  Applying approvals.0007_approvalcase_enrichment_snapshot... OK
  Applying approvals.0008_approvalaction... OK
  Applying approvals.0009_sanction_decision_and_case_closure... OK
  Applying approvals.0010_approvalcasereadscopegrant_and_more... OK
  Applying approvals.0011_approvalcase_appraisal_facts_json_and_more... OK
  Applying approvals.0012_approvalconflictdeclaration_and_more... OK
  Applying approvals.0013_conflict_projection_scope_closure... OK
  Applying approvals.0014_exceptionregisterentry_and_more... OK
  Applying approvals.0015_generalmeetingapproval_and_more... OK
  Applying approvals.0016_creditsanctionregisterentry... OK
  Applying approvals.0017_exceptionregisterentry_supporting_documents_json... OK
  Applying approvals.0018_creditsanctionregisterentry_source_review_facts_json... OK
  Applying approvals.0019_register_source_facts... OK
  Applying approvals.0020_approvalaction_approver_display_name... OK
  Applying configurations.0001_initial... OK
  Applying configurations.0002_version_history_approval_evidence... OK
  Applying contenttypes.0001_initial... OK
  Applying contenttypes.0002_remove_content_type_name... OK
  Applying documents.0002_documenttemplate... OK
  Applying documents.0003_documenttemplateidentity... OK
  Applying documents.0004_loandocument... OK
  Applying legal_documents.0001_transfer_loan_document_owner... OK
  Applying members.0009_member_identity_governance... OK
  Applying members.0010_member_identity_change_request... OK
  Applying members.0011_producesupplyrecord... OK
  Applying members.0012_memberserviceevidence_activememberstatus_and_more... OK
  Applying members.0013_memberserviceevidence_maker_users_and_more... OK
  Applying members.0014_remove_memberscopeassignment_uniq_member_scope_assignment_and_more... OK
  Applying scheduler.0001_initial... OK
  Applying tracer.0002_remove_tracer_workflowevent_state... OK
System check identified no issues (0 silenced).
test_word_placeholder_contract_rejects_duplicate_undeclared_and_missing_fields (sfpcl_credit.tests.test_loan_document_generation_api.LoanDocumentGenerationApiTests.test_word_placeholder_contract_rejects_duplicate_undeclared_and_missing_fields) ... 
  test_word_placeholder_contract_rejects_duplicate_undeclared_and_missing_fields (sfpcl_credit.tests.test_loan_document_generation_api.LoanDocumentGenerationApiTests.test_word_placeholder_contract_rejects_duplicate_undeclared_and_missing_fields) (fields=['borrower_name', 'borrower_name'], declared=['borrower_name']) ... FAIL
  test_word_placeholder_contract_rejects_duplicate_undeclared_and_missing_fields (sfpcl_credit.tests.test_loan_document_generation_api.LoanDocumentGenerationApiTests.test_word_placeholder_contract_rejects_duplicate_undeclared_and_missing_fields) (fields=['borrower_name', 'loan_amount'], declared=['borrower_name']) ... FAIL
  test_word_placeholder_contract_rejects_duplicate_undeclared_and_missing_fields (sfpcl_credit.tests.test_loan_document_generation_api.LoanDocumentGenerationApiTests.test_word_placeholder_contract_rejects_duplicate_undeclared_and_missing_fields) (fields=['borrower_name'], declared=['borrower_name', 'loan_amount']) ... FAIL
test_word_placeholder_contract_rejects_duplicate_undeclared_and_missing_fields (sfpcl_credit.tests.test_loan_document_generation_api.LoanDocumentGenerationApiTests.test_word_placeholder_contract_rejects_duplicate_undeclared_and_missing_fields) ... FAIL
test_renderer_rejects_every_bounded_input_class (sfpcl_credit.tests.test_loan_document_generation_api.LoanDocumentGenerationApiTests.test_renderer_rejects_every_bounded_input_class) ... 
  test_renderer_rejects_every_bounded_input_class (sfpcl_credit.tests.test_loan_document_generation_api.LoanDocumentGenerationApiTests.test_renderer_rejects_every_bounded_input_class) (limit='MAX_SOURCE_BYTES') ... ERROR
  test_renderer_rejects_every_bounded_input_class (sfpcl_credit.tests.test_loan_document_generation_api.LoanDocumentGenerationApiTests.test_renderer_rejects_every_bounded_input_class) (limit='MAX_ARCHIVE_ENTRIES') ... ERROR
  test_renderer_rejects_every_bounded_input_class (sfpcl_credit.tests.test_loan_document_generation_api.LoanDocumentGenerationApiTests.test_renderer_rejects_every_bounded_input_class) (limit='MAX_EXPANDED_BYTES') ... ERROR
  test_renderer_rejects_every_bounded_input_class (sfpcl_credit.tests.test_loan_document_generation_api.LoanDocumentGenerationApiTests.test_renderer_rejects_every_bounded_input_class) (limit='MAX_ARCHIVE_ENTRY_BYTES') ... ERROR
  test_renderer_rejects_every_bounded_input_class (sfpcl_credit.tests.test_loan_document_generation_api.LoanDocumentGenerationApiTests.test_renderer_rejects_every_bounded_input_class) (limit='MAX_XML_BYTES') ... ERROR
  test_renderer_rejects_every_bounded_input_class (sfpcl_credit.tests.test_loan_document_generation_api.LoanDocumentGenerationApiTests.test_renderer_rejects_every_bounded_input_class) (limit='MAX_TEXT_CHARS') ... ERROR
  test_renderer_rejects_every_bounded_input_class (sfpcl_credit.tests.test_loan_document_generation_api.LoanDocumentGenerationApiTests.test_renderer_rejects_every_bounded_input_class) (limit='MAX_PLACEHOLDERS') ... ERROR
  test_renderer_rejects_every_bounded_input_class (sfpcl_credit.tests.test_loan_document_generation_api.LoanDocumentGenerationApiTests.test_renderer_rejects_every_bounded_input_class) (limit='MAX_REPLACEMENT_BYTES') ... ERROR
  test_renderer_rejects_every_bounded_input_class (sfpcl_credit.tests.test_loan_document_generation_api.LoanDocumentGenerationApiTests.test_renderer_rejects_every_bounded_input_class) (limit='MAX_OUTPUT_BYTES') ... ERROR
test_m05_writer_nullable_terms_block_full_term_sheet_with_zero_writes (sfpcl_credit.tests.test_loan_document_generation_api.LoanDocumentGenerationApiTests.test_m05_writer_nullable_terms_block_full_term_sheet_with_zero_writes) ... FAIL

======================================================================
ERROR: test_renderer_rejects_every_bounded_input_class (sfpcl_credit.tests.test_loan_document_generation_api.LoanDocumentGenerationApiTests.test_renderer_rejects_every_bounded_input_class) (limit='MAX_SOURCE_BYTES')
----------------------------------------------------------------------
Traceback (most recent call last):
  File "/Users/amitkallapa/LMS/.ralph/worktrees/2026-07-14_111448_normal_run/sfpcl_credit/tests/test_loan_document_generation_api.py", line 453, in test_renderer_rejects_every_bounded_input_class
    with self.subTest(limit=limit_name), patch.object(
  File "/Library/Frameworks/Python.framework/Versions/3.11/lib/python3.11/unittest/mock.py", line 1437, in __enter__
    original, local = self.get_original()
                      ^^^^^^^^^^^^^^^^^^^
  File "/Library/Frameworks/Python.framework/Versions/3.11/lib/python3.11/unittest/mock.py", line 1410, in get_original
    raise AttributeError(
AttributeError: <module 'sfpcl_credit.legal_documents.modules.document_renderer' from '/Users/amitkallapa/LMS/.ralph/worktrees/2026-07-14_111448_normal_run/sfpcl_credit/legal_documents/modules/document_renderer.py'> does not have the attribute 'MAX_SOURCE_BYTES'

======================================================================
ERROR: test_renderer_rejects_every_bounded_input_class (sfpcl_credit.tests.test_loan_document_generation_api.LoanDocumentGenerationApiTests.test_renderer_rejects_every_bounded_input_class) (limit='MAX_ARCHIVE_ENTRIES')
----------------------------------------------------------------------
Traceback (most recent call last):
  File "/Users/amitkallapa/LMS/.ralph/worktrees/2026-07-14_111448_normal_run/sfpcl_credit/tests/test_loan_document_generation_api.py", line 453, in test_renderer_rejects_every_bounded_input_class
    with self.subTest(limit=limit_name), patch.object(
  File "/Library/Frameworks/Python.framework/Versions/3.11/lib/python3.11/unittest/mock.py", line 1437, in __enter__
    original, local = self.get_original()
                      ^^^^^^^^^^^^^^^^^^^
  File "/Library/Frameworks/Python.framework/Versions/3.11/lib/python3.11/unittest/mock.py", line 1410, in get_original
    raise AttributeError(
AttributeError: <module 'sfpcl_credit.legal_documents.modules.document_renderer' from '/Users/amitkallapa/LMS/.ralph/worktrees/2026-07-14_111448_normal_run/sfpcl_credit/legal_documents/modules/document_renderer.py'> does not have the attribute 'MAX_ARCHIVE_ENTRIES'

======================================================================
ERROR: test_renderer_rejects_every_bounded_input_class (sfpcl_credit.tests.test_loan_document_generation_api.LoanDocumentGenerationApiTests.test_renderer_rejects_every_bounded_input_class) (limit='MAX_EXPANDED_BYTES')
----------------------------------------------------------------------
Traceback (most recent call last):
  File "/Users/amitkallapa/LMS/.ralph/worktrees/2026-07-14_111448_normal_run/sfpcl_credit/tests/test_loan_document_generation_api.py", line 453, in test_renderer_rejects_every_bounded_input_class
    with self.subTest(limit=limit_name), patch.object(
  File "/Library/Frameworks/Python.framework/Versions/3.11/lib/python3.11/unittest/mock.py", line 1437, in __enter__
    original, local = self.get_original()
                      ^^^^^^^^^^^^^^^^^^^
  File "/Library/Frameworks/Python.framework/Versions/3.11/lib/python3.11/unittest/mock.py", line 1410, in get_original
    raise AttributeError(
AttributeError: <module 'sfpcl_credit.legal_documents.modules.document_renderer' from '/Users/amitkallapa/LMS/.ralph/worktrees/2026-07-14_111448_normal_run/sfpcl_credit/legal_documents/modules/document_renderer.py'> does not have the attribute 'MAX_EXPANDED_BYTES'

======================================================================
ERROR: test_renderer_rejects_every_bounded_input_class (sfpcl_credit.tests.test_loan_document_generation_api.LoanDocumentGenerationApiTests.test_renderer_rejects_every_bounded_input_class) (limit='MAX_ARCHIVE_ENTRY_BYTES')
----------------------------------------------------------------------
Traceback (most recent call last):
  File "/Users/amitkallapa/LMS/.ralph/worktrees/2026-07-14_111448_normal_run/sfpcl_credit/tests/test_loan_document_generation_api.py", line 453, in test_renderer_rejects_every_bounded_input_class
    with self.subTest(limit=limit_name), patch.object(
  File "/Library/Frameworks/Python.framework/Versions/3.11/lib/python3.11/unittest/mock.py", line 1437, in __enter__
    original, local = self.get_original()
                      ^^^^^^^^^^^^^^^^^^^
  File "/Library/Frameworks/Python.framework/Versions/3.11/lib/python3.11/unittest/mock.py", line 1410, in get_original
    raise AttributeError(
AttributeError: <module 'sfpcl_credit.legal_documents.modules.document_renderer' from '/Users/amitkallapa/LMS/.ralph/worktrees/2026-07-14_111448_normal_run/sfpcl_credit/legal_documents/modules/document_renderer.py'> does not have the attribute 'MAX_ARCHIVE_ENTRY_BYTES'

======================================================================
ERROR: test_renderer_rejects_every_bounded_input_class (sfpcl_credit.tests.test_loan_document_generation_api.LoanDocumentGenerationApiTests.test_renderer_rejects_every_bounded_input_class) (limit='MAX_XML_BYTES')
----------------------------------------------------------------------
Traceback (most recent call last):
  File "/Users/amitkallapa/LMS/.ralph/worktrees/2026-07-14_111448_normal_run/sfpcl_credit/tests/test_loan_document_generation_api.py", line 453, in test_renderer_rejects_every_bounded_input_class
    with self.subTest(limit=limit_name), patch.object(
  File "/Library/Frameworks/Python.framework/Versions/3.11/lib/python3.11/unittest/mock.py", line 1437, in __enter__
    original, local = self.get_original()
                      ^^^^^^^^^^^^^^^^^^^
  File "/Library/Frameworks/Python.framework/Versions/3.11/lib/python3.11/unittest/mock.py", line 1410, in get_original
    raise AttributeError(
AttributeError: <module 'sfpcl_credit.legal_documents.modules.document_renderer' from '/Users/amitkallapa/LMS/.ralph/worktrees/2026-07-14_111448_normal_run/sfpcl_credit/legal_documents/modules/document_renderer.py'> does not have the attribute 'MAX_XML_BYTES'

======================================================================
ERROR: test_renderer_rejects_every_bounded_input_class (sfpcl_credit.tests.test_loan_document_generation_api.LoanDocumentGenerationApiTests.test_renderer_rejects_every_bounded_input_class) (limit='MAX_TEXT_CHARS')
----------------------------------------------------------------------
Traceback (most recent call last):
  File "/Users/amitkallapa/LMS/.ralph/worktrees/2026-07-14_111448_normal_run/sfpcl_credit/tests/test_loan_document_generation_api.py", line 453, in test_renderer_rejects_every_bounded_input_class
    with self.subTest(limit=limit_name), patch.object(
  File "/Library/Frameworks/Python.framework/Versions/3.11/lib/python3.11/unittest/mock.py", line 1437, in __enter__
    original, local = self.get_original()
                      ^^^^^^^^^^^^^^^^^^^
  File "/Library/Frameworks/Python.framework/Versions/3.11/lib/python3.11/unittest/mock.py", line 1410, in get_original
    raise AttributeError(
AttributeError: <module 'sfpcl_credit.legal_documents.modules.document_renderer' from '/Users/amitkallapa/LMS/.ralph/worktrees/2026-07-14_111448_normal_run/sfpcl_credit/legal_documents/modules/document_renderer.py'> does not have the attribute 'MAX_TEXT_CHARS'

======================================================================
ERROR: test_renderer_rejects_every_bounded_input_class (sfpcl_credit.tests.test_loan_document_generation_api.LoanDocumentGenerationApiTests.test_renderer_rejects_every_bounded_input_class) (limit='MAX_PLACEHOLDERS')
----------------------------------------------------------------------
Traceback (most recent call last):
  File "/Users/amitkallapa/LMS/.ralph/worktrees/2026-07-14_111448_normal_run/sfpcl_credit/tests/test_loan_document_generation_api.py", line 453, in test_renderer_rejects_every_bounded_input_class
    with self.subTest(limit=limit_name), patch.object(
  File "/Library/Frameworks/Python.framework/Versions/3.11/lib/python3.11/unittest/mock.py", line 1437, in __enter__
    original, local = self.get_original()
                      ^^^^^^^^^^^^^^^^^^^
  File "/Library/Frameworks/Python.framework/Versions/3.11/lib/python3.11/unittest/mock.py", line 1410, in get_original
    raise AttributeError(
AttributeError: <module 'sfpcl_credit.legal_documents.modules.document_renderer' from '/Users/amitkallapa/LMS/.ralph/worktrees/2026-07-14_111448_normal_run/sfpcl_credit/legal_documents/modules/document_renderer.py'> does not have the attribute 'MAX_PLACEHOLDERS'

======================================================================
ERROR: test_renderer_rejects_every_bounded_input_class (sfpcl_credit.tests.test_loan_document_generation_api.LoanDocumentGenerationApiTests.test_renderer_rejects_every_bounded_input_class) (limit='MAX_REPLACEMENT_BYTES')
----------------------------------------------------------------------
Traceback (most recent call last):
  File "/Users/amitkallapa/LMS/.ralph/worktrees/2026-07-14_111448_normal_run/sfpcl_credit/tests/test_loan_document_generation_api.py", line 453, in test_renderer_rejects_every_bounded_input_class
    with self.subTest(limit=limit_name), patch.object(
  File "/Library/Frameworks/Python.framework/Versions/3.11/lib/python3.11/unittest/mock.py", line 1437, in __enter__
    original, local = self.get_original()
                      ^^^^^^^^^^^^^^^^^^^
  File "/Library/Frameworks/Python.framework/Versions/3.11/lib/python3.11/unittest/mock.py", line 1410, in get_original
    raise AttributeError(
AttributeError: <module 'sfpcl_credit.legal_documents.modules.document_renderer' from '/Users/amitkallapa/LMS/.ralph/worktrees/2026-07-14_111448_normal_run/sfpcl_credit/legal_documents/modules/document_renderer.py'> does not have the attribute 'MAX_REPLACEMENT_BYTES'

======================================================================
ERROR: test_renderer_rejects_every_bounded_input_class (sfpcl_credit.tests.test_loan_document_generation_api.LoanDocumentGenerationApiTests.test_renderer_rejects_every_bounded_input_class) (limit='MAX_OUTPUT_BYTES')
----------------------------------------------------------------------
Traceback (most recent call last):
  File "/Users/amitkallapa/LMS/.ralph/worktrees/2026-07-14_111448_normal_run/sfpcl_credit/tests/test_loan_document_generation_api.py", line 453, in test_renderer_rejects_every_bounded_input_class
    with self.subTest(limit=limit_name), patch.object(
  File "/Library/Frameworks/Python.framework/Versions/3.11/lib/python3.11/unittest/mock.py", line 1437, in __enter__
    original, local = self.get_original()
                      ^^^^^^^^^^^^^^^^^^^
  File "/Library/Frameworks/Python.framework/Versions/3.11/lib/python3.11/unittest/mock.py", line 1410, in get_original
    raise AttributeError(
AttributeError: <module 'sfpcl_credit.legal_documents.modules.document_renderer' from '/Users/amitkallapa/LMS/.ralph/worktrees/2026-07-14_111448_normal_run/sfpcl_credit/legal_documents/modules/document_renderer.py'> does not have the attribute 'MAX_OUTPUT_BYTES'

======================================================================
FAIL: test_word_placeholder_contract_rejects_duplicate_undeclared_and_missing_fields (sfpcl_credit.tests.test_loan_document_generation_api.LoanDocumentGenerationApiTests.test_word_placeholder_contract_rejects_duplicate_undeclared_and_missing_fields) (fields=['borrower_name', 'borrower_name'], declared=['borrower_name'])
----------------------------------------------------------------------
Traceback (most recent call last):
  File "/Users/amitkallapa/LMS/.ralph/worktrees/2026-07-14_111448_normal_run/sfpcl_credit/tests/test_loan_document_generation_api.py", line 425, in test_word_placeholder_contract_rejects_duplicate_undeclared_and_missing_fields
    self.assertEqual(response.status_code, 400, response.content)
AssertionError: 200 != 400 : b'{"success": true, "data": {"loan_document_id": "7fdcde3d-2f87-49f7-9588-002280b37195", "document_type": "term_sheet", "generation_status": "generated", "document_id": "0dd47d8f-9e8e-4d18-aace-47ae130206cc", "file_name": "term-sheet-LO00000801.docx"}, "meta": {"request_id": "req-generate-term-sheet", "timestamp": "2026-07-14T05:54:05.960859Z", "api_version": "v1"}}'

======================================================================
FAIL: test_word_placeholder_contract_rejects_duplicate_undeclared_and_missing_fields (sfpcl_credit.tests.test_loan_document_generation_api.LoanDocumentGenerationApiTests.test_word_placeholder_contract_rejects_duplicate_undeclared_and_missing_fields) (fields=['borrower_name', 'loan_amount'], declared=['borrower_name'])
----------------------------------------------------------------------
Traceback (most recent call last):
  File "/Users/amitkallapa/LMS/.ralph/worktrees/2026-07-14_111448_normal_run/sfpcl_credit/tests/test_loan_document_generation_api.py", line 425, in test_word_placeholder_contract_rejects_duplicate_undeclared_and_missing_fields
    self.assertEqual(response.status_code, 400, response.content)
AssertionError: 200 != 400 : b'{"success": true, "data": {"loan_document_id": "7fdcde3d-2f87-49f7-9588-002280b37195", "document_type": "term_sheet", "generation_status": "generated", "document_id": "0dd47d8f-9e8e-4d18-aace-47ae130206cc", "file_name": "term-sheet-LO00000801.docx"}, "meta": {"request_id": "req-generate-term-sheet", "timestamp": "2026-07-14T05:54:05.968314Z", "api_version": "v1"}}'

======================================================================
FAIL: test_word_placeholder_contract_rejects_duplicate_undeclared_and_missing_fields (sfpcl_credit.tests.test_loan_document_generation_api.LoanDocumentGenerationApiTests.test_word_placeholder_contract_rejects_duplicate_undeclared_and_missing_fields) (fields=['borrower_name'], declared=['borrower_name', 'loan_amount'])
----------------------------------------------------------------------
Traceback (most recent call last):
  File "/Users/amitkallapa/LMS/.ralph/worktrees/2026-07-14_111448_normal_run/sfpcl_credit/tests/test_loan_document_generation_api.py", line 425, in test_word_placeholder_contract_rejects_duplicate_undeclared_and_missing_fields
    self.assertEqual(response.status_code, 400, response.content)
AssertionError: 200 != 400 : b'{"success": true, "data": {"loan_document_id": "7fdcde3d-2f87-49f7-9588-002280b37195", "document_type": "term_sheet", "generation_status": "generated", "document_id": "0dd47d8f-9e8e-4d18-aace-47ae130206cc", "file_name": "term-sheet-LO00000801.docx"}, "meta": {"request_id": "req-generate-term-sheet", "timestamp": "2026-07-14T05:54:05.975621Z", "api_version": "v1"}}'

======================================================================
FAIL: test_word_placeholder_contract_rejects_duplicate_undeclared_and_missing_fields (sfpcl_credit.tests.test_loan_document_generation_api.LoanDocumentGenerationApiTests.test_word_placeholder_contract_rejects_duplicate_undeclared_and_missing_fields)
----------------------------------------------------------------------
Traceback (most recent call last):
  File "/Users/amitkallapa/LMS/.ralph/worktrees/2026-07-14_111448_normal_run/sfpcl_credit/tests/test_loan_document_generation_api.py", line 430, in test_word_placeholder_contract_rejects_duplicate_undeclared_and_missing_fields
    self.assertEqual(LoanDocument.objects.count(), 0)
AssertionError: 1 != 0

======================================================================
FAIL: test_m05_writer_nullable_terms_block_full_term_sheet_with_zero_writes (sfpcl_credit.tests.test_loan_document_generation_api.LoanDocumentGenerationApiTests.test_m05_writer_nullable_terms_block_full_term_sheet_with_zero_writes)
----------------------------------------------------------------------
Traceback (most recent call last):
  File "/Users/amitkallapa/LMS/.ralph/worktrees/2026-07-14_111448_normal_run/sfpcl_credit/tests/test_loan_document_generation_api.py", line 485, in test_m05_writer_nullable_terms_block_full_term_sheet_with_zero_writes
    self.assertEqual(
AssertionError: Items in the second set but not the first:
'charges_and_fees'

----------------------------------------------------------------------
Ran 3 tests in 0.060s

FAILED (failures=5, errors=9)
Destroying test database for alias 'default' ('file:memorydb_default?mode=memory&cache=shared')...
