Creating test database for alias 'default' ('file:memorydb_default?mode=memory&cache=shared')...
Found 5 test(s).
Operations to perform:
  Synchronize unmigrated apps: corsheaders
  Apply all migrations: applications, communications, configurations, contenttypes, documents, identity, members, scheduler, tracer, workflows
Synchronizing apps without migrations:
  Creating tables...
    Running deferred SQL...
Running migrations:
  Applying identity.0001_initial... OK
  Applying identity.0002_permission_rolepermission_and_more... OK
  Applying members.0001_initial... OK
  Applying members.0002_profile_shells... OK
  Applying members.0003_individual_profile_details... OK
  Applying members.0004_nominee... OK
  Applying members.0005_shareholding_and_more... OK
  Applying members.0006_landholding_cropplan_and_more... OK
  Applying documents.0001_initial... OK
  Applying members.0007_kycprofile_kycdocument_and_more... OK
  Applying members.0008_cancelledcheque_bankaccount_and_more... OK
  Applying applications.0001_initial... OK
  Applying applications.0002_loanapplication_submitted_by_user... OK
  Applying communications.0001_initial... OK
  Applying communications.0002_communication... OK
  Applying communications.0003_notification... OK
  Applying configurations.0001_initial... OK
  Applying contenttypes.0001_initial... OK
  Applying contenttypes.0002_remove_content_type_name... OK
  Applying scheduler.0001_initial... OK
  Applying tracer.0001_initial... OK
  Applying workflows.0001_canonical_workflow_event... OK
  Applying tracer.0002_remove_tracer_workflowevent_state... OK
System check identified no issues (0 silenced).
test_create_and_read_draft_returns_metadata_only_response_and_audit (sfpcl_credit.tests.test_loan_applications_api.LoanApplicationDraftApiTests.test_create_and_read_draft_returns_metadata_only_response_and_audit) ... ok
test_draft_endpoints_enforce_permissions_and_validation (sfpcl_credit.tests.test_loan_applications_api.LoanApplicationDraftApiTests.test_draft_endpoints_enforce_permissions_and_validation) ... ok
test_patch_updates_allowed_draft_fields_and_rejects_cross_member_references (sfpcl_credit.tests.test_loan_applications_api.LoanApplicationDraftApiTests.test_patch_updates_allowed_draft_fields_and_rejects_cross_member_references) ... ok
test_submit_draft_transitions_to_submitted_and_records_metadata_only_evidence (sfpcl_credit.tests.test_loan_applications_api.LoanApplicationDraftApiTests.test_submit_draft_transitions_to_submitted_and_records_metadata_only_evidence) ... ok
test_submit_enforces_permissions_required_facts_and_draft_only_transition (sfpcl_credit.tests.test_loan_applications_api.LoanApplicationDraftApiTests.test_submit_enforces_permissions_required_facts_and_draft_only_transition) ... ok

----------------------------------------------------------------------
Ran 5 tests in 14.624s

OK
Destroying test database for alias 'default' ('file:memorydb_default?mode=memory&cache=shared')...
