Creating test database for alias 'default' ('file:memorydb_default?mode=memory&cache=shared')...
Found 42 test(s).
Operations to perform:
  Synchronize unmigrated apps: corsheaders
  Apply all migrations: applications, approvals, communications, configurations, contenttypes, credit, disbursements, documents, finance, identity, legal_documents, loans, members, sap_workflow, scheduler, security_instruments, tracer, workflows
Synchronizing apps without migrations:
  Creating tables...
    Running deferred SQL...
Running migrations:
  Applying identity.0001_initial... OK
  Applying identity.0002_permission_rolepermission_and_more... OK
  Applying tracer.0001_initial... OK
  Applying workflows.0001_canonical_workflow_event... OK
  Applying members.0001_initial... OK
  Applying members.0002_profile_shells... OK
  Applying members.0003_individual_profile_details... OK
  Applying members.0004_nominee... OK
  Applying members.0005_shareholding_and_more... OK
  Applying members.0006_landholding_cropplan_and_more... OK
  Applying documents.0001_initial... OK
  Applying members.0007_kycprofile_kycdocument_and_more... OK
  Applying members.0008_cancelledcheque_bankaccount_and_more... OK
  Applying identity.0003_portal_member_auth... OK
  Applying members.0009_member_identity_governance... OK
  Applying members.0010_member_identity_change_request... OK
  Applying members.0011_producesupplyrecord... OK
  Applying members.0012_memberserviceevidence_activememberstatus_and_more... OK
  Applying members.0013_memberserviceevidence_maker_users_and_more... OK
  Applying members.0014_remove_memberscopeassignment_uniq_member_scope_assignment_and_more... OK
  Applying documents.0002_documenttemplate... OK
  Applying documents.0003_documenttemplateidentity... OK
  Applying applications.0001_initial... OK
  Applying documents.0004_loandocument... OK
  Applying legal_documents.0001_transfer_loan_document_owner... OK
  Applying legal_documents.0002_document_checklists... OK
  Applying legal_documents.0003_loan_document_renderer_provenance... OK
  Applying legal_documents.0004_checklistitem_notarisation_status_and_more... OK
  Applying legal_documents.0005_signature_records... OK
  Applying legal_documents.0006_stamp_notary_preparer_identity... OK
  Applying legal_documents.0007_signature_capture_maker... OK
  Applying applications.0002_loanapplication_submitted_by_user... OK
  Applying applications.0003_systemsequence_loanrequestregisterentry... OK
  Applying applications.0004_applicationdocument_and_more... OK
  Applying applications.0005_application_deficiency... OK
  Applying applications.0006_rejection_note... OK
  Applying applications.0007_eligibilityassessment... OK
  Applying applications.0008_loanlimitassessment... OK
  Applying applications.0009_loan_limit_policy_snapshot... OK
  Applying applications.0010_loanapplication_nominee... OK
  Applying legal_documents.0008_securitypackage_powerofattorney_and_more... OK
  Applying legal_documents.0009_loandocument_verification_remarks... OK
  Applying legal_documents.0010_stage4_maker_checker_constraints... OK
  Applying legal_documents.0011_final_documentation_approval_sequence... OK
  Applying legal_documents.0012_portal_documentation_submission... OK
  Applying configurations.0001_initial... OK
  Applying configurations.0002_version_history_approval_evidence... OK
  Applying applications.0011_witness... OK
  Applying applications.0012_witness_verification_evidence... OK
  Applying applications.0013_witness_correction... OK
  Applying applications.0014_witness_contact_fields... OK
  Applying applications.0015_applicationdeficiencyresponse... OK
  Applying applications.0016_bankverificationdecision_and_more... OK
  Applying applications.0017_bank_decision_terminal_sanction_snapshots... OK
  Applying communications.0001_initial... OK
  Applying communications.0002_communication... OK
  Applying communications.0003_notification... OK
  Applying credit.0001_credit_assessment_model_ownership... OK
  Applying credit.0002_riskassessment_loanappraisalnote... OK
  Applying credit.0003_appraisal_prerequisite_snapshots... OK
  Applying credit.0004_appraisal_review_facts... OK
  Applying credit.0005_appraisalreviewdecision... OK
  Applying credit.0006_legacy_appraisal_history_remediation... OK
  Applying credit.0007_eligibility_active_member_snapshot... OK
  Applying approvals.0001_initial... OK
  Applying approvals.0002_approvalcase_workflow_event... OK
  Applying approvals.0003_approvalmatrixrule_sanctioncommittee... OK
  Applying approvals.0004_approval_configuration_history_constraints... OK
  Applying approvals.0005_approvalconfigurationproposal... OK
  Applying approvals.0006_approvalcase_configuration_snapshot... OK
  Applying approvals.0007_approvalcase_enrichment_snapshot... OK
  Applying approvals.0008_approvalaction... OK
  Applying approvals.0009_sanction_decision_and_case_closure... OK
  Applying approvals.0010_approvalcasereadscopegrant_and_more... OK
  Applying approvals.0011_approvalcase_appraisal_facts_json_and_more... OK
  Applying approvals.0012_approvalconflictdeclaration_and_more... OK
  Applying approvals.0013_conflict_projection_scope_closure... OK
  Applying approvals.0014_exceptionregisterentry_and_more... OK
  Applying approvals.0015_generalmeetingapproval_and_more... OK
  Applying approvals.0016_creditsanctionregisterentry... OK
  Applying approvals.0017_exceptionregisterentry_supporting_documents_json... OK
  Applying approvals.0018_creditsanctionregisterentry_source_review_facts_json... OK
  Applying approvals.0019_register_source_facts... OK
  Applying approvals.0020_approvalaction_approver_display_name... OK
  Applying documents.0005_deterministic_document_template_constraints... OK
  Applying finance.0001_initial... OK
  Applying finance.0002_sap_customer_code_confirmation... OK
  Applying finance.0003_sap_delivery_replay_contract... OK
  Applying loans.0001_initial... OK
  Applying legal_documents.0013_application_evidence_state_anchor... OK
  Applying legal_documents.0014_staff_documentation_durable_actions... OK
  Applying disbursements.0001_initial... OK
  Applying disbursements.0002_cfc_authorisation_evidence... OK
  Applying disbursements.0003_authorisation_aggregate_integrity... OK
  Applying disbursements.0004_transfer_success... OK
  Applying disbursements.0005_disbursementadviceintent_loanregisterupdate_and_more... OK
  Applying disbursements.0006_disbursementadvicedeliveryreceipt_and_more... OK
  Applying disbursements.0007_remove_disbursement_disb_success_evidence_complete_and_more... OK
  Applying communications.0004_advice_outbox_and_receipt_owner... OK
  Applying communications.0005_advice_evidence_and_legacy_replay_closure... OK
  Applying communications.0006_communication_delivery_job... OK
  Applying communications.0007_portal_advice_download_capability... OK
  Applying communications.0008_legacy_template_provenance_closure... OK
  Applying communications.0009_generic_delivery_job_identity... OK
  Applying communications.0010_worker_claim_lease_and_recovery... OK
  Applying communications.0011_communication_exception_queue... OK
  Applying communications.0012_generic_provider_evidence... OK
  Applying communications.0013_exception_provider_vocabulary... OK
  Applying configurations.0003_source_bank_account_governance... OK
  Applying configurations.0004_source_bank_governance_history... OK
  Applying configurations.0005_source_bank_reviewable_rationale... OK
  Applying contenttypes.0001_initial... OK
  Applying contenttypes.0002_remove_content_type_name... OK
  Applying disbursements.0008_initial_loan_payment_sap_posting... OK
  Applying disbursements.0009_initial_sap_posting_pending_only... OK
  Applying disbursements.0010_enable_pgcrypto_for_exact_selector... OK
  Applying legal_documents.0015_checklist_constraint_state_owner_anchor... OK
  Applying sap_workflow.0001_sap_model_owner_state... OK
  Rendering model states... DONE
  Applying scheduler.0001_initial... OK
  Applying security_instruments.0001_transfer_security_ownership... OK
  Applying security_instruments.0002_sh4sharetransferform_and_more... OK
  Applying security_instruments.0003_cdslsharepledge_and_more... OK
  Applying security_instruments.0004_migrate_cdsl_field_encryption... OK
  Applying security_instruments.0005_blankdatedcheque_and_more... OK
  Applying security_instruments.0006_migrate_opaque_field_tokens... OK
  Applying tracer.0002_remove_tracer_workflowevent_state... OK
System check identified no issues (0 silenced).
test_completion_digest_drift_affects_neither_total_nor_page (sfpcl_credit.tests.test_loan_account_reads_api.ActiveLoanAccountReadApiTests.test_completion_digest_drift_affects_neither_total_nor_page) ... ok
test_exact_active_scope_allows_assigned_finance_cfc_and_credit (sfpcl_credit.tests.test_loan_account_reads_api.ActiveLoanAccountReadApiTests.test_exact_active_scope_allows_assigned_finance_cfc_and_credit) ... ok
test_exact_transfer_projects_active_funded_amounts_and_activation_time (sfpcl_credit.tests.test_loan_account_reads_api.ActiveLoanAccountReadApiTests.test_exact_transfer_projects_active_funded_amounts_and_activation_time) ... ok
test_member_and_account_sap_reads_reject_newer_cross_application_drift_identically (sfpcl_credit.tests.test_loan_account_reads_api.ActiveLoanAccountReadApiTests.test_member_and_account_sap_reads_reject_newer_cross_application_drift_identically) ... ok
test_admitted_senior_finance_reader_does_not_hit_internal_permission (sfpcl_credit.tests.test_disbursement_workspace_api.DisbursementWorkspaceApiTests.test_admitted_senior_finance_reader_does_not_hit_internal_permission) ... ok
test_cfc_queue_is_masked_paginated_and_projects_server_owned_actions (sfpcl_credit.tests.test_disbursement_workspace_api.DisbursementWorkspaceApiTests.test_cfc_queue_is_masked_paginated_and_projects_server_owned_actions) ... ok
test_incoherent_approved_disbursement_is_not_projected (sfpcl_credit.tests.test_disbursement_workspace_api.DisbursementWorkspaceApiTests.test_incoherent_approved_disbursement_is_not_projected) ... ok
test_permission_or_role_alone_cannot_read_the_queue (sfpcl_credit.tests.test_disbursement_workspace_api.DisbursementWorkspaceApiTests.test_permission_or_role_alone_cannot_read_the_queue) ... ok
test_primary_cfc_role_without_governed_authority_discloses_no_row_or_action (sfpcl_credit.tests.test_disbursement_workspace_api.DisbursementWorkspaceApiTests.test_primary_cfc_role_without_governed_authority_discloses_no_row_or_action) ... ok
test_query_validation_is_strict (sfpcl_credit.tests.test_disbursement_workspace_api.DisbursementWorkspaceApiTests.test_query_validation_is_strict) ... ok
test_stale_initiation_affects_neither_total_nor_page (sfpcl_credit.tests.test_disbursement_workspace_api.DisbursementWorkspaceApiTests.test_stale_initiation_affects_neither_total_nor_page) ... ok
test_completion_body_drift_affects_neither_total_nor_page (sfpcl_credit.tests.test_epic009_owner_selector_equivalence.Epic009OwnerSelectorEquivalenceTests.test_completion_body_drift_affects_neither_total_nor_page) ... ok
test_creation_team_shape_drift_affects_neither_total_nor_page (sfpcl_credit.tests.test_epic009_owner_selector_equivalence.Epic009OwnerSelectorEquivalenceTests.test_creation_team_shape_drift_affects_neither_total_nor_page) ... ok
test_initiation_body_drift_affects_neither_total_nor_page (sfpcl_credit.tests.test_epic009_owner_selector_equivalence.Epic009OwnerSelectorEquivalenceTests.test_initiation_body_drift_affects_neither_total_nor_page) ... ok
test_send_body_drift_affects_neither_total_nor_page (sfpcl_credit.tests.test_epic009_owner_selector_equivalence.Epic009OwnerSelectorEquivalenceTests.test_send_body_drift_affects_neither_total_nor_page) ... ok
test_changed_creation_amount_fails_closed_without_existence_disclosure (sfpcl_credit.tests.test_loan_account_reads_api.LoanAccountReadApiTests.test_changed_creation_amount_fails_closed_without_existence_disclosure) ... ok
test_changed_creation_audit_body_is_excluded_from_count_and_page (sfpcl_credit.tests.test_loan_account_reads_api.LoanAccountReadApiTests.test_changed_creation_audit_body_is_excluded_from_count_and_page) ... ok
test_mixed_full_first_page_query_count_is_independent_of_page_rows (sfpcl_credit.tests.test_loan_account_reads_api.LoanAccountReadApiTests.test_mixed_full_first_page_query_count_is_independent_of_page_rows) ... ok
test_mixed_last_page_is_truthful_and_query_bounded_at_one_hundred_one_rows (sfpcl_credit.tests.test_loan_account_reads_api.LoanAccountReadApiTests.test_mixed_last_page_is_truthful_and_query_bounded_at_one_hundred_one_rows) ... ok
test_mixed_second_page_is_truthful_and_query_bounded_at_twenty_one_rows (sfpcl_credit.tests.test_loan_account_reads_api.LoanAccountReadApiTests.test_mixed_second_page_is_truthful_and_query_bounded_at_twenty_one_rows) ... ok
test_nonqueryable_creation_drift_affects_neither_total_nor_page (sfpcl_credit.tests.test_loan_account_reads_api.LoanAccountReadApiTests.test_nonqueryable_creation_drift_affects_neither_total_nor_page) ... ok
test_populated_loan_account_collection_has_a_query_ceiling (sfpcl_credit.tests.test_loan_account_reads_api.LoanAccountReadApiTests.test_populated_loan_account_collection_has_a_query_ceiling) ... ok
test_portfolio_authority_requires_both_source_role_and_current_permission (sfpcl_credit.tests.test_loan_account_reads_api.LoanAccountReadApiTests.test_portfolio_authority_requires_both_source_role_and_current_permission) ... ok
test_query_validation_and_missing_detail_are_strict_and_nondisclosing (sfpcl_credit.tests.test_loan_account_reads_api.LoanAccountReadApiTests.test_query_validation_and_missing_detail_are_strict_and_nondisclosing) ... ok
test_sanctioned_list_and_detail_are_exact_paginated_zero_write_projections (sfpcl_credit.tests.test_loan_account_reads_api.LoanAccountReadApiTests.test_sanctioned_list_and_detail_are_exact_paginated_zero_write_projections) ... ok
test_six_consecutive_drifted_rows_do_not_shift_exact_pages (sfpcl_credit.tests.test_loan_account_reads_api.LoanAccountReadApiTests.test_six_consecutive_drifted_rows_do_not_shift_exact_pages) ... ok
test_source_role_scope_matrix_is_identical_for_list_and_detail (sfpcl_credit.tests.test_loan_account_reads_api.LoanAccountReadApiTests.test_source_role_scope_matrix_is_identical_for_list_and_detail) ... ok
test_source_supported_filters_and_dpd_deferral_are_explicit (sfpcl_credit.tests.test_loan_account_reads_api.LoanAccountReadApiTests.test_source_supported_filters_and_dpd_deferral_are_explicit) ... ok
test_credit_manager_gets_safe_s36_create_then_send_actions (sfpcl_credit.tests.test_disbursement_workspace_api.SapStaffWorkspaceApiTests.test_credit_manager_gets_safe_s36_create_then_send_actions) ... ok
test_every_credit_manager_accepted_by_create_owner_reaches_s36_candidate (sfpcl_credit.tests.test_disbursement_workspace_api.SapStaffWorkspaceApiTests.test_every_credit_manager_accepted_by_create_owner_reaches_s36_candidate) ... ok
test_exact_assignee_gets_optional_s37_completion_action (sfpcl_credit.tests.test_disbursement_workspace_api.SapStaffWorkspaceApiTests.test_exact_assignee_gets_optional_s37_completion_action) ... ok
test_populated_s36_collection_has_a_query_ceiling (sfpcl_credit.tests.test_disbursement_workspace_api.SapStaffWorkspaceApiTests.test_populated_s36_collection_has_a_query_ceiling) ... ok
test_send_digest_drift_affects_neither_total_nor_page (sfpcl_credit.tests.test_disbursement_workspace_api.SapStaffWorkspaceApiTests.test_send_digest_drift_affects_neither_total_nor_page) ... ok
test_other_application_completion_is_pending_through_portal_http_contract (sfpcl_credit.tests.test_portal_disbursement_status_api.PortalDisbursementStageApiTests.test_other_application_completion_is_pending_through_portal_http_contract) ... ok
test_cfc_selector_executes_sha256_and_excludes_comment_drift (sfpcl_credit.tests.test_epic009_exact_selector_postgresql.Epic009ExactSelectorPostgreSQLAcceptanceTests.test_cfc_selector_executes_sha256_and_excludes_comment_drift) ... skipped 'Exact SHA-256 selector acceptance requires PostgreSQL.'
test_combined_senior_finance_selector_projects_its_exact_count (sfpcl_credit.tests.test_epic009_exact_selector_postgresql.Epic009ExactSelectorPostgreSQLAcceptanceTests.test_combined_senior_finance_selector_projects_its_exact_count) ... skipped 'Exact SHA-256 selector acceptance requires PostgreSQL.'
test_loan_account_selector_excludes_non_array_creation_team_evidence (sfpcl_credit.tests.test_epic009_exact_selector_postgresql.Epic009ExactSelectorPostgreSQLAcceptanceTests.test_loan_account_selector_excludes_non_array_creation_team_evidence) ... skipped 'Exact SHA-256 selector acceptance requires PostgreSQL.'
test_s37_selector_excludes_send_body_key_drift (sfpcl_credit.tests.test_epic009_exact_selector_postgresql.Epic009ExactSelectorPostgreSQLAcceptanceTests.test_s37_selector_excludes_send_body_key_drift) ... skipped 'Exact SHA-256 selector acceptance requires PostgreSQL.'
test_new_extension_records_this_migration_as_owner (sfpcl_credit.tests.test_pgcrypto_migration_ownership.PgcryptoMigrationOwnershipTests.test_new_extension_records_this_migration_as_owner) ... ok
test_owned_reverse_is_restrictive_and_removes_empty_marker_table (sfpcl_credit.tests.test_pgcrypto_migration_ownership.PgcryptoMigrationOwnershipTests.test_owned_reverse_is_restrictive_and_removes_empty_marker_table) ... ok
test_preexisting_extension_is_neither_claimed_nor_recreated (sfpcl_credit.tests.test_pgcrypto_migration_ownership.PgcryptoMigrationOwnershipTests.test_preexisting_extension_is_neither_claimed_nor_recreated) ... ok
test_reverse_without_an_owner_marker_never_drops_pgcrypto (sfpcl_credit.tests.test_pgcrypto_migration_ownership.PgcryptoMigrationOwnershipTests.test_reverse_without_an_owner_marker_never_drops_pgcrypto) ... ok

----------------------------------------------------------------------
Ran 42 tests in 10.672s

OK (skipped=4)
Destroying test database for alias 'default' ('file:memorydb_default?mode=memory&cache=shared')...
