Creating test database for alias 'default' ('file:memorydb_default?mode=memory&cache=shared')...
Found 1 test(s).
Operations to perform:
  Synchronize unmigrated apps: corsheaders
  Apply all migrations: applications, approvals, communications, configurations, contenttypes, credit, documents, identity, members, scheduler, tracer, workflows
Synchronizing apps without migrations:
  Creating tables...
    Running deferred SQL...
Running migrations:
  Applying identity.0001_initial... OK
  Applying identity.0002_permission_rolepermission_and_more... OK
  Applying members.0001_initial... OK
  Applying members.0002_profile_shells... OK
  Applying members.0003_individual_profile_details... OK
  Applying members.0004_nominee... OK
  Applying members.0005_shareholding_and_more... OK
  Applying members.0006_landholding_cropplan_and_more... OK
  Applying documents.0001_initial... OK
  Applying members.0007_kycprofile_kycdocument_and_more... OK
  Applying members.0008_cancelledcheque_bankaccount_and_more... OK
  Applying identity.0003_portal_member_auth... OK
  Applying applications.0001_initial... OK
  Applying applications.0002_loanapplication_submitted_by_user... OK
  Applying applications.0003_systemsequence_loanrequestregisterentry... OK
  Applying applications.0004_applicationdocument_and_more... OK
  Applying applications.0005_application_deficiency... OK
  Applying applications.0006_rejection_note... OK
  Applying applications.0007_eligibilityassessment... OK
  Applying applications.0008_loanlimitassessment... OK
  Applying applications.0009_loan_limit_policy_snapshot... OK
  Applying applications.0010_loanapplication_nominee... OK
  Applying applications.0011_witness... OK
  Applying applications.0012_witness_verification_evidence... OK
  Applying applications.0013_witness_correction... OK
  Applying applications.0014_witness_contact_fields... OK
  Applying tracer.0001_initial... OK
  Applying workflows.0001_canonical_workflow_event... OK
  Applying credit.0001_credit_assessment_model_ownership... OK
  Applying credit.0002_riskassessment_loanappraisalnote... OK
  Applying credit.0003_appraisal_prerequisite_snapshots... OK
  Applying credit.0004_appraisal_review_facts... OK
  Applying credit.0005_appraisalreviewdecision... OK
  Applying credit.0006_legacy_appraisal_history_remediation... OK
  Applying credit.0007_eligibility_active_member_snapshot... OK
  Applying approvals.0001_initial... OK
  Applying approvals.0002_approvalcase_workflow_event... OK
  Applying approvals.0003_approvalmatrixrule_sanctioncommittee... OK
  Applying approvals.0004_approval_configuration_history_constraints... OK
  Applying approvals.0005_approvalconfigurationproposal... OK
  Applying approvals.0006_approvalcase_configuration_snapshot... OK
  Applying approvals.0007_approvalcase_enrichment_snapshot... OK
  Applying approvals.0008_approvalaction... OK
  Applying approvals.0009_sanction_decision_and_case_closure... OK
  Applying approvals.0010_approvalcasereadscopegrant_and_more... OK
  Applying approvals.0011_approvalcase_appraisal_facts_json_and_more... OK
  Applying approvals.0012_approvalconflictdeclaration_and_more... OK
  Applying approvals.0013_conflict_projection_scope_closure... OK
  Applying approvals.0014_exceptionregisterentry_and_more... OK
  Applying approvals.0015_generalmeetingapproval_and_more... OK
  Applying communications.0001_initial... OK
  Applying communications.0002_communication... OK
  Applying communications.0003_notification... OK
  Applying configurations.0001_initial... OK
  Applying configurations.0002_version_history_approval_evidence... OK
  Applying contenttypes.0001_initial... OK
  Applying contenttypes.0002_remove_content_type_name... OK
  Applying members.0009_member_identity_governance... OK
  Applying members.0010_member_identity_change_request... OK
  Applying members.0011_producesupplyrecord... OK
  Applying members.0012_memberserviceevidence_activememberstatus_and_more... OK
  Applying members.0013_memberserviceevidence_maker_users_and_more... OK
  Applying members.0014_remove_memberscopeassignment_uniq_member_scope_assignment_and_more... OK
  Applying scheduler.0001_initial... OK
  Applying tracer.0002_remove_tracer_workflowevent_state... OK
System check identified no issues (0 silenced).
test_related_party_final_approval_requires_general_meeting_evidence (sfpcl_credit.tests.test_approval_case_routing_api.ApprovalCaseRoutingApiTests.test_related_party_final_approval_requires_general_meeting_evidence) ... FAIL

======================================================================
FAIL: test_related_party_final_approval_requires_general_meeting_evidence (sfpcl_credit.tests.test_approval_case_routing_api.ApprovalCaseRoutingApiTests.test_related_party_final_approval_requires_general_meeting_evidence)
----------------------------------------------------------------------
Traceback (most recent call last):
  File "/Users/amitkallapa/LMS/.ralph/worktrees/2026-07-13_182512_normal_run/sfpcl_credit/tests/test_approval_case_routing_api.py", line 1379, in test_related_party_final_approval_requires_general_meeting_evidence
    self.assertEqual(denied.status_code, 409, denied.content)
AssertionError: 200 != 409 : b'{"success": true, "data": {"approval_case_id": "47e4e2e8-e0f4-416d-9bc1-d4cd43bf792a", "cycle_number": 1, "approval_type": "sanction", "related_entity_type": "loan_application", "related_entity_id": "f57bf4d3-9ee8-435a-b54d-074859563a50", "loan_application_id": "f57bf4d3-9ee8-435a-b54d-074859563a50", "application_reference_number": "LO00000701", "amount": "500000.00", "current_status": "approved", "decision_date": "2026-07-13", "version": 4, "approval_matrix_rule_id": "cf04fc08-08eb-4b1b-b64c-840c3a3b68ff", "approval_matrix_rule_version": "lower-v1", "sanction_committee_id": "3c2747c1-fd36-4458-a218-49400e89bd04", "sanction_committee_version": "committee-v1", "route_approvers": [{"role_code": "cfo", "user_id": "50798d2c-ee8b-4779-9e71-6687783f09e1", "full_name": "Snapshot CFO"}, {"role_code": "director", "user_id": "49d8a389-d5e2-4873-a8de-890248eaee69", "full_name": "Snapshot Director"}], "required_approvers": [{"role_code": "cfo", "user_id": "50798d2c-ee8b-4779-9e71-6687783f09e1", "full_name": "Snapshot CFO", "decision": "approved", "acted_at": "2026-07-13T13:05:53.128483Z"}, {"role_code": "director", "user_id": "49d8a389-d5e2-4873-a8de-890248eaee69", "full_name": "Snapshot Director", "decision": "approved", "acted_at": "2026-07-13T13:05:53.140031Z"}], "approval_actions": [{"approval_action_id": "f398f8a8-6a56-4101-a45d-38f8f985408b", "role_code": "cfo", "user_id": "50798d2c-ee8b-4779-9e71-6687783f09e1", "full_name": "Snapshot CFO", "decision": "approved", "comments": "CFO approval is not yet final.", "acted_at": "2026-07-13T13:05:53.128483Z"}, {"approval_action_id": "4e212491-a342-428f-b347-7d1b58a1861a", "role_code": "director", "user_id": "49d8a389-d5e2-4873-a8de-890248eaee69", "full_name": "Snapshot Director", "decision": "approved", "comments": "Director attempts final approval.", "acted_at": "2026-07-13T13:05:53.140031Z"}], "excluded_approvers": [], "general_meeting_evidence_required": true, "conflict_block_reason": null, "reason_for_approval": "Reviewed appraisal recommends approval.", "exception_condition_code": null, "matrix_projection": {"approval_matrix_rule_id": "cf04fc08-08eb-4b1b-b64c-840c3a3b68ff", "version_number": "lower-v1", "decision_type": "loan_sanction", "amount": "500000.00", "amount_min": "0.00", "amount_max": "500000.00", "condition_code": null, "decision_date": "2026-07-13", "required_approver_roles": ["cfo", "director"], "required_director_count": 1, "joint_approval_required": true, "register_required": "credit_sanction_register"}, "committee_projection": {"sanction_committee_id": "3c2747c1-fd36-4458-a218-49400e89bd04", "version_number": "committee-v1", "decision_date": "2026-07-13", "cfo_user_id": "50798d2c-ee8b-4779-9e71-6687783f09e1", "director_user_ids": ["49d8a389-d5e2-4873-a8de-890248eaee69", "e798eaec-c030-4b5b-b28e-e2b87c0b7a93"]}, "loan_limit_provenance": {"loan_limit_assessment_id": "20000000-0000-0000-0000-000000000002", "loan_application_id": "f57bf4d3-9ee8-435a-b54d-074859563a50", "exception_required_flag": false, "calculation_rule_version": "limit-v7", "policy_config_id": "30000000-0000-0000-0000-000000000003", "policy_name": "Board Loan Policy", "calculated_at": "2026-07-13T12:05:53.116477+00:00"}, "review_facts": {"maker_checker": {"application_created_by_user_id": "131a6416-851e-4ac3-8d7f-7ddd68509998", "application_received_by_user_id": "131a6416-851e-4ac3-8d7f-7ddd68509998", "application_submitted_by_user_id": null, "appraisal_prepared_by_user_id": "131a6416-851e-4ac3-8d7f-7ddd68509998", "appraisal_reviewed_by_user_id": "131a6416-851e-4ac3-8d7f-7ddd68509998"}, "eligibility": {"overall_result": "eligible", "member_active_check": "pass", "default_check": "pass", "document_check": "pass", "terms_acceptance_check": "pass", "purpose_check": "pass"}, "loan_amounts": {"requested_amount": "500000.00", "eligible_amount": "500000.00", "recommended_amount": "500000.00"}, "purpose": {"category": "crop_production", "description": "Crop production"}, "compliance_checks": {"member_active_check": "pass", "default_check": "pass", "terms_acceptance_check": "pass", "purpose_check": "pass"}, "borrowing_history": "No prior SFPCL borrowing.", "risk": {"risk_assessment_id": "d4c81c3a-fab2-4ca9-8e9d-ec9a8400a731", "market_risk_rating": "medium", "operational_risk_rating": "low", "borrower_risk_rating": "low", "overall_risk_rating": "low", "risk_mitigation_notes": "Seasonal cash-flow monitoring."}, "documentation_completeness": {"status": "complete", "document_check": "pass"}, "source_references": {"application": "/api/v1/loan-applications/f57bf4d3-9ee8-435a-b54d-074859563a50/", "appraisal": "/api/v1/loan-applications/f57bf4d3-9ee8-435a-b54d-074859563a50/appraisal-note/", "eligibility": "/api/v1/loan-applications/f57bf4d3-9ee8-435a-b54d-074859563a50/eligibility-assessment/", "loan_limit": "/api/v1/loan-applications/f57bf4d3-9ee8-435a-b54d-074859563a50/loan-limit-assessment/"}}, "available_actions": [{"action_code": "approve", "label": "Approve", "enabled": false, "disabled_reason": "Approval case is not pending.", "required_permission": "approvals.case.approve"}, {"action_code": "reject", "label": "Reject", "enabled": false, "disabled_reason": "Approval case is not pending.", "required_permission": "approvals.case.reject"}, {"action_code": "return", "label": "Return for Clarification", "enabled": false, "disabled_reason": "Approval case is not pending.", "required_permission": "approvals.case.return"}, {"action_code": "abstain", "label": "Abstain for Conflict", "enabled": false, "disabled_reason": "Approval case is not pending.", "required_permission": "approvals.case.approve"}], "approval_action_id": "4e212491-a342-428f-b347-7d1b58a1861a", "decision": "approved", "approval_case_status": "approved", "sanction_decision_created": true, "sanction_decision_id": "4735dd90-c106-4515-b002-dc0f007163a8"}, "meta": {"request_id": null, "timestamp": "2026-07-13T13:05:53.144551Z", "api_version": "v1"}}'

----------------------------------------------------------------------
Ran 1 test in 0.035s

FAILED (failures=1)
Destroying test database for alias 'default' ('file:memorydb_default?mode=memory&cache=shared')...
