
> sfpcl-lms@1.0.0 lint
> eslint src


> sfpcl-lms@1.0.0 typecheck
> tsc --noEmit


> sfpcl-lms@1.0.0 test
> vitest run --run

[33mThe CJS build of Vite's Node API is deprecated. See https://vite.dev/guide/troubleshooting.html#vite-cjs-node-api-deprecated for more details.[39m

 RUN  v3.2.6 /Users/amitkallapa/LMS/.ralph/worktrees/2026-07-12_125256_architecture_review/sfpcl-lms

 ✓ src/services/authSession.test.ts (15 tests) 11ms
 ✓ src/services/applicationIntakeApi.test.ts (5 tests) 7ms
 ✓ src/services/creditAssessmentApi.test.ts (5 tests) 7ms
 ✓ src/services/portalApi.test.ts (4 tests) 7ms
 ✓ src/pages/members/Borrower360.test.tsx (4 tests) 100ms
 ✓ src/pages/applications/ApplicationDetail.test.tsx (9 tests) 109ms
 ✓ src/services/navigationPermissions.test.ts (7 tests) 9ms
 ✓ src/pages/appraisal/AppraisalWorkbench.test.tsx (22 tests) 174ms
 ✓ src/pages/members/MemberProfile.test.tsx (26 tests) 225ms
 ✓ src/pages/applications/CompletenessWorkbench.test.tsx (5 tests) 67ms
 ✓ src/services/tracerApi.test.ts (2 tests) 9ms
 ✓ src/pages/notifications/NotificationsCenter.test.tsx (6 tests) 31ms
 ✓ src/pages/Dashboard.test.tsx (13 tests) 40ms
 ✓ src/pages/members/MemberDirectory.test.tsx (5 tests) 31ms
 ✓ src/pages/borrower/portal/PortalMemberViews.test.tsx (4 tests) 52ms
 ✓ src/pages/applications/ApplicationList.test.tsx (2 tests) 38ms
 ✓ src/utils/applicationDisplay.test.ts (5 tests) 2ms
 ✓ src/contexts/RoleContext.test.tsx (2 tests) 6ms
 ✓ src/pages/applications/NomineeSelectionViews.test.tsx (3 tests) 11ms
 ✓ src/pages/profile/MyProfile.test.tsx (1 test) 11ms
 ✓ src/pages/borrower/portal/auth/MP00_Login.test.tsx (2 tests) 12ms
 ✓ src/pages/borrower/portal/applications/MP05_NewApplication.test.tsx (2 tests) 2ms
 ✓ src/pages/sanction/SanctionWorkbench.test.tsx (2 tests) 8ms
 ✓ src/services/demoAuthFlag.test.tsx (3 tests) 1395ms
   ✓ VITE_ENABLE_DEMO_AUTH real App/RoleProvider boundary (005FA4) > fails closed when the flag is unset  1229ms
 ✓ src/pages/applications/WitnessPanel.container.test.tsx (2 tests) 349ms
 ✓ src/pages/members/MemberGovernanceForm.test.tsx (3 tests) 576ms
   ✓ MemberGovernanceForm > submits the institution create variant without individual identity/profile fields  470ms
 ✓ src/pages/appraisal/AppraisalWorkbench.container.test.tsx (14 tests) 931ms

 Test Files  27 passed (27)
      Tests  173 passed (173)
   Start at  13:03:45
   Duration  3.26s (transform 2.14s, setup 0ms, collect 4.65s, tests 4.22s, environment 1.02s, prepare 1.54s)


> sfpcl-lms@1.0.0 build
> vite build

[33mThe CJS build of Vite's Node API is deprecated. See https://vite.dev/guide/troubleshooting.html#vite-cjs-node-api-deprecated for more details.[39m
vite v5.4.21 building for production...
transforming...
✓ 1872 modules transformed.
[plugin:vite:reporter] [plugin vite:reporter] 
(!) /Users/amitkallapa/LMS/.ralph/worktrees/2026-07-12_125256_architecture_review/sfpcl-lms/src/services/memberProfileApi.ts is dynamically imported by /Users/amitkallapa/LMS/.ralph/worktrees/2026-07-12_125256_architecture_review/sfpcl-lms/src/pages/members/MemberProfile.tsx but also statically imported by /Users/amitkallapa/LMS/.ralph/worktrees/2026-07-12_125256_architecture_review/sfpcl-lms/src/pages/applications/NewApplication.tsx, /Users/amitkallapa/LMS/.ralph/worktrees/2026-07-12_125256_architecture_review/sfpcl-lms/src/pages/members/Borrower360.tsx, /Users/amitkallapa/LMS/.ralph/worktrees/2026-07-12_125256_architecture_review/sfpcl-lms/src/pages/members/MemberGovernanceForm.tsx, /Users/amitkallapa/LMS/.ralph/worktrees/2026-07-12_125256_architecture_review/sfpcl-lms/src/pages/members/MemberProfile.tsx, dynamic import will not move module into another chunk.

rendering chunks...
computing gzip size...
dist/index.html                     0.75 kB │ gzip:   0.43 kB
dist/assets/index-BAE8F0XK.css     51.80 kB │ gzip:   8.98 kB
dist/assets/index-CBEguzUb.js   1,144.55 kB │ gzip: 245.82 kB

(!) Some chunks are larger than 500 kB after minification. Consider:
- Using dynamic import() to code-split the application
- Use build.rollupOptions.output.manualChunks to improve chunking: https://rollupjs.org/configuration-options/#output-manualchunks
- Adjust chunk size limit for this warning via build.chunkSizeWarningLimit.
✓ built in 2.12s
