
> sfpcl-lms@1.0.0 test
> vitest run --run src/pages/members/MemberProfile.test.tsx

[33mThe CJS build of Vite's Node API is deprecated. See https://vite.dev/guide/troubleshooting.html#vite-cjs-node-api-deprecated for more details.[39m

 RUN  v3.2.6 /Users/amitkallapa/LMS/.ralph/worktrees/2026-07-09_125944_normal_run/sfpcl-lms

 ❯ src/pages/members/MemberProfile.test.tsx (22 tests | 4 failed) 142ms
   ✓ member profile API client > loads a member profile detail from the backend with the stored bearer token 3ms
   ✓ member profile API client > surfaces AUTH_REQUIRED without substituting mock profile data 1ms
   ✓ member profile API client > surfaces PERMISSION_DENIED without substituting mock profile data 1ms
   ✓ member profile API client > surfaces NOT_FOUND without substituting mock profile data 0ms
   ✓ member profile API client > loads member nominees through the source-backed nominee endpoint 1ms
   ✓ member profile API client > creates member nominees without falling back to mock data and surfaces validation fields 1ms
   ✓ member profile API client > loads member shareholdings through the source-backed shareholding endpoint 0ms
   ✓ member profile API client > creates member shareholdings and surfaces validation fields 0ms
   × member profile API client > loads land holdings and crop plans through source-backed endpoints 4ms
     → fetchMemberLandHoldings is not a function
   × member profile API client > creates land holdings and crop plans and surfaces validation fields 1ms
     → createMemberLandHolding is not a function
   ✓ MemberProfileView > renders API-backed overview data, masked identifiers, and no reveal controls 45ms
   ✓ MemberProfileView > renders individual farmer profile details from the API 5ms
   ✓ MemberProfileView > renders producer institution details without sensitive signatory identifiers 5ms
   ✓ MemberProfileView > uses the existing empty-value treatment when the type-specific profile is missing 4ms
   ✓ MemberProfileView > renders deferred tab empty states instead of synthetic mock rows 10ms
   ✓ MemberProfileView > renders shareholding tab list and create states from the API 13ms
   ✓ MemberProfileView > renders shareholding validation errors without falling back to profile summary rows 3ms
   ✓ MemberProfileView > renders nominee tab list and masked identifiers from the API 5ms
   ✓ MemberProfileView > renders nominee empty, loading, error, forbidden, validation, and success states 19ms
   × MemberProfileView > renders land and crop tab list, loading, empty, error, validation, and success states from the API 9ms
     → expected '<div class="p-6 space-y-4"><div class…' to contain 'Loading land and crop records'
   × MemberProfileView > renders land and crop validation errors without falling back to profile summary rows 8ms
     → expected '<div class="p-6 space-y-4"><div class…' to contain 'This field is required.'
   ✓ MemberProfileView > renders loading, empty, and auth/error states using existing profile layout patterns 4ms

⎯⎯⎯⎯⎯⎯⎯ Failed Tests 4 ⎯⎯⎯⎯⎯⎯⎯

 FAIL  src/pages/members/MemberProfile.test.tsx > member profile API client > loads land holdings and crop plans through source-backed endpoints
TypeError: fetchMemberLandHoldings is not a function
 ❯ src/pages/members/MemberProfile.test.tsx:161:30
    159|     vi.stubGlobal('fetch', fetchMock);
    160| 
    161|     const landResult = await fetchMemberLandHoldings('member-1');
       |                              ^
    162|     const cropResult = await fetchMemberCropPlans('member-1');
    163| 

⎯⎯⎯⎯⎯⎯⎯⎯⎯⎯⎯⎯⎯⎯⎯⎯⎯⎯⎯⎯⎯⎯⎯⎯[1/4]⎯

 FAIL  src/pages/members/MemberProfile.test.tsx > member profile API client > creates land holdings and crop plans and surfaces validation fields
TypeError: createMemberLandHolding is not a function
 ❯ src/pages/members/MemberProfile.test.tsx:192:18
    190|     vi.stubGlobal('fetch', fetchMock);
    191| 
    192|     await expect(createMemberLandHolding('member-1', landHoldingReques…
       |                  ^
    193|       survey_number: '123/4',
    194|       area_acres: '5.00',

⎯⎯⎯⎯⎯⎯⎯⎯⎯⎯⎯⎯⎯⎯⎯⎯⎯⎯⎯⎯⎯⎯⎯⎯[2/4]⎯

 FAIL  src/pages/members/MemberProfile.test.tsx > MemberProfileView > renders land and crop tab list, loading, empty, error, validation, and success states from the API
AssertionError: expected '<div class="p-6 space-y-4"><div class…' to contain 'Loading land and crop records'

Expected: "Loading land and crop records"
Received: "<div class="p-6 space-y-4"><div class="flex items-start gap-3"><button class="mt-1 text-slate-500 hover:text-slate-700 flex-shrink-0"><svg xmlns="http://www.w3.org/2000/svg" width="20" height="20" viewBox="0 0 24 24" fill="none" stroke="currentColor" stroke-width="2" stroke-linecap="round" stroke-linejoin="round" class="lucide lucide-chevron-left" aria-hidden="true"><path d="m15 18-6-6 6-6"></path></svg></button><div class="flex-1 min-w-0"><div class="flex items-center gap-3 flex-wrap"><div class="w-12 h-12 rounded-full flex items-center justify-center flex-shrink-0 bg-green-100"><svg xmlns="http://www.w3.org/2000/svg" width="22" height="22" viewBox="0 0 24 24" fill="none" stroke="currentColor" stroke-width="2" stroke-linecap="round" stroke-linejoin="round" class="lucide lucide-user text-green-700" aria-hidden="true"><path d="M19 21v-2a4 4 0 0 0-4-4H9a4 4 0 0 0-4 4v2"></path><circle cx="12" cy="7" r="4"></circle></svg></div><div class="flex-1 min-w-0"><div class="flex items-center gap-2 flex-wrap"><h1 class="text-xl font-bold text-slate-900">Ramesh Patil</h1><span class="inline-flex items-center gap-1 font-medium rounded-full border whitespace-nowrap bg-green-50 text-green-900 border-green-100 text-xs px-2 py-0.5 h-5"><svg xmlns="http://www.w3.org/2000/svg" width="10" height="10" viewBox="0 0 24 24" fill="none" stroke="currentColor" stroke-width="2" stroke-linecap="round" stroke-linejoin="round" class="lucide lucide-circle-check" aria-hidden="true"><circle cx="12" cy="12" r="10"></circle><path d="m9 12 2 2 4-4"></path></svg>Active Member</span><span class="inline-flex items-center gap-1 font-medium rounded-full border whitespace-nowrap bg-green-50 text-green-900 border-green-100 text-xs px-2 py-0.5 h-5"><svg xmlns="http://www.w3.org/2000/svg" width="10" height="10" viewBox="0 0 24 24" fill="none" stroke="currentColor" stroke-width="2" stroke-linecap="round" stroke-linejoin="round" class="lucide lucide-circle-check" aria-hidden="true"><circle cx="12" cy="12" r="10"></circle><path d="m9 12 2 2 4-4"></path></svg>KYC Verified</span></div><p class="text-sm text-slate-500 mt-0.5">Folio: <span class="font-semibold text-slate-900 num">FOL-456</span> · individual farmer · Member since 2021 · Shares: 100 (physical)</p></div><div class="flex gap-2 flex-shrink-0"><button class="btn-secondary text-xs disabled:opacity-50 disabled:cursor-not-allowed">Start Application</button><button class="btn-secondary text-xs">View KYC</button></div></div></div></div><div class="flex flex-col flex-1 min-h-0"><div class="border-b border-slate-200 overflow-x-auto"><div class="flex gap-0 min-w-max pr-6"><button class="flex items-center gap-1.5 px-4 py-3 text-sm font-medium border-b-2 transition-colors whitespace-nowrap focus:outline-none focus-visible:ring-2 focus-visible:ring-green-500/50 border-transparent text-slate-500 hover:text-slate-700 hover:border-slate-300">Overview</button><button class="flex items-center gap-1.5 px-4 py-3 text-sm font-medium border-b-2 transition-colors whitespace-nowrap focus:outline-none focus-visible:ring-2 focus-visible:ring-green-500/50 border-transparent text-slate-500 hover:text-slate-700 hover:border-slate-300">Shareholding</button><button class="flex items-center gap-1.5 px-4 py-3 text-sm font-medium border-b-2 transition-colors whitespace-nowrap focus:outline-none focus-visible:ring-2 focus-visible:ring-green-500/50 border-transparent text-slate-500 hover:text-slate-700 hover:border-slate-300">Produce Supply</button><button class="flex items-center gap-1.5 px-4 py-3 text-sm font-medium border-b-2 transition-colors whitespace-nowrap focus:outline-none focus-visible:ring-2 focus-visible:ring-green-500/50 border-transparent text-slate-500 hover:text-slate-700 hover:border-slate-300">Services Availed</button><button class="flex items-center gap-1.5 px-4 py-3 text-sm font-medium border-b-2 transition-colors whitespace-nowrap focus:outline-none focus-visible:ring-2 focus-visible:ring-green-500/50 border-green-600 text-green-700">Land &amp; Crop</button><button class="flex items-center gap-1.5 px-4 py-3 text-sm font-medium border-b-2 transition-colors whitespace-nowrap focus:outline-none focus-visible:ring-2 focus-visible:ring-green-500/50 border-transparent text-slate-500 hover:text-slate-700 hover:border-slate-300">KYC</button><button class="flex items-center gap-1.5 px-4 py-3 text-sm font-medium border-b-2 transition-colors whitespace-nowrap focus:outline-none focus-visible:ring-2 focus-visible:ring-green-500/50 border-transparent text-slate-500 hover:text-slate-700 hover:border-slate-300">Loans</button><button class="flex items-center gap-1.5 px-4 py-3 text-sm font-medium border-b-2 transition-colors whitespace-nowrap focus:outline-none focus-visible:ring-2 focus-visible:ring-green-500/50 border-transparent text-slate-500 hover:text-slate-700 hover:border-slate-300">Nominee</button><button class="flex items-center gap-1.5 px-4 py-3 text-sm font-medium border-b-2 transition-colors whitespace-nowrap focus:outline-none focus-visible:ring-2 focus-visible:ring-green-500/50 border-transparent text-slate-500 hover:text-slate-700 hover:border-slate-300">Communications</button><button class="flex items-center gap-1.5 px-4 py-3 text-sm font-medium border-b-2 transition-colors whitespace-nowrap focus:outline-none focus-visible:ring-2 focus-visible:ring-green-500/50 border-transparent text-slate-500 hover:text-slate-700 hover:border-slate-300">Audit Trail</button></div></div><div class="flex-1 overflow-y-auto pt-5"><div class="card space-y-4"><h3 class="font-semibold text-slate-800">Land &amp; Crop Evidence</h3><div class="grid grid-cols-2 sm:grid-cols-3 gap-4"><div class="bg-slate-50 rounded-lg p-3"><p class="text-xs text-slate-500 font-medium uppercase tracking-wide">Land Area Under Cultivation</p><p class="text-sm font-semibold text-slate-900 mt-0.5">5.00 acres</p></div><div class="bg-slate-50 rounded-lg p-3"><p class="text-xs text-slate-500 font-medium uppercase tracking-wide">Primary Crop</p><p class="text-sm font-semibold text-slate-900 mt-0.5">grapes</p></div></div><div class="flex items-center gap-3 bg-slate-50 border border-slate-200 rounded-lg p-4"><svg xmlns="http://www.w3.org/2000/svg" width="18" height="18" viewBox="0 0 24 24" fill="none" stroke="currentColor" stroke-width="2" stroke-linecap="round" stroke-linejoin="round" class="lucide lucide-file-text text-slate-500 flex-shrink-0" aria-hidden="true"><path d="M6 22a2 2 0 0 1-2-2V4a2 2 0 0 1 2-2h8a2.4 2.4 0 0 1 1.704.706l3.588 3.588A2.4 2.4 0 0 1 20 8v12a2 2 0 0 1-2 2z"></path><path d="M14 2v5a1 1 0 0 0 1 1h5"></path><path d="M10 9H8"></path><path d="M16 13H8"></path><path d="M16 17H8"></path></svg><p class="text-sm font-semibold text-slate-700">Land document and crop evidence records are not available from the backend yet.</p></div></div></div></div></div>"

 ❯ src/pages/members/MemberProfile.test.tsx:353:84
    351| 
    352|   it('renders land and crop tab list, loading, empty, error, validatio…
    353|     expect(renderProfile('success', member, 4, '', { landCropStatus: '…
       |                                                                                    ^
    354|     expect(renderProfile('success', member, 4, '', { landCropStatus: '…
    355|     expect(renderProfile('success', member, 4, '', { landCropStatus: '…

⎯⎯⎯⎯⎯⎯⎯⎯⎯⎯⎯⎯⎯⎯⎯⎯⎯⎯⎯⎯⎯⎯⎯⎯[3/4]⎯

 FAIL  src/pages/members/MemberProfile.test.tsx > MemberProfileView > renders land and crop validation errors without falling back to profile summary rows
AssertionError: expected '<div class="p-6 space-y-4"><div class…' to contain 'This field is required.'

Expected: "This field is required."
Received: "<div class="p-6 space-y-4"><div class="flex items-start gap-3"><button class="mt-1 text-slate-500 hover:text-slate-700 flex-shrink-0"><svg xmlns="http://www.w3.org/2000/svg" width="20" height="20" viewBox="0 0 24 24" fill="none" stroke="currentColor" stroke-width="2" stroke-linecap="round" stroke-linejoin="round" class="lucide lucide-chevron-left" aria-hidden="true"><path d="m15 18-6-6 6-6"></path></svg></button><div class="flex-1 min-w-0"><div class="flex items-center gap-3 flex-wrap"><div class="w-12 h-12 rounded-full flex items-center justify-center flex-shrink-0 bg-green-100"><svg xmlns="http://www.w3.org/2000/svg" width="22" height="22" viewBox="0 0 24 24" fill="none" stroke="currentColor" stroke-width="2" stroke-linecap="round" stroke-linejoin="round" class="lucide lucide-user text-green-700" aria-hidden="true"><path d="M19 21v-2a4 4 0 0 0-4-4H9a4 4 0 0 0-4 4v2"></path><circle cx="12" cy="7" r="4"></circle></svg></div><div class="flex-1 min-w-0"><div class="flex items-center gap-2 flex-wrap"><h1 class="text-xl font-bold text-slate-900">Ramesh Patil</h1><span class="inline-flex items-center gap-1 font-medium rounded-full border whitespace-nowrap bg-green-50 text-green-900 border-green-100 text-xs px-2 py-0.5 h-5"><svg xmlns="http://www.w3.org/2000/svg" width="10" height="10" viewBox="0 0 24 24" fill="none" stroke="currentColor" stroke-width="2" stroke-linecap="round" stroke-linejoin="round" class="lucide lucide-circle-check" aria-hidden="true"><circle cx="12" cy="12" r="10"></circle><path d="m9 12 2 2 4-4"></path></svg>Active Member</span><span class="inline-flex items-center gap-1 font-medium rounded-full border whitespace-nowrap bg-green-50 text-green-900 border-green-100 text-xs px-2 py-0.5 h-5"><svg xmlns="http://www.w3.org/2000/svg" width="10" height="10" viewBox="0 0 24 24" fill="none" stroke="currentColor" stroke-width="2" stroke-linecap="round" stroke-linejoin="round" class="lucide lucide-circle-check" aria-hidden="true"><circle cx="12" cy="12" r="10"></circle><path d="m9 12 2 2 4-4"></path></svg>KYC Verified</span></div><p class="text-sm text-slate-500 mt-0.5">Folio: <span class="font-semibold text-slate-900 num">FOL-456</span> · individual farmer · Member since 2021 · Shares: 100 (physical)</p></div><div class="flex gap-2 flex-shrink-0"><button class="btn-secondary text-xs disabled:opacity-50 disabled:cursor-not-allowed">Start Application</button><button class="btn-secondary text-xs">View KYC</button></div></div></div></div><div class="flex flex-col flex-1 min-h-0"><div class="border-b border-slate-200 overflow-x-auto"><div class="flex gap-0 min-w-max pr-6"><button class="flex items-center gap-1.5 px-4 py-3 text-sm font-medium border-b-2 transition-colors whitespace-nowrap focus:outline-none focus-visible:ring-2 focus-visible:ring-green-500/50 border-transparent text-slate-500 hover:text-slate-700 hover:border-slate-300">Overview</button><button class="flex items-center gap-1.5 px-4 py-3 text-sm font-medium border-b-2 transition-colors whitespace-nowrap focus:outline-none focus-visible:ring-2 focus-visible:ring-green-500/50 border-transparent text-slate-500 hover:text-slate-700 hover:border-slate-300">Shareholding</button><button class="flex items-center gap-1.5 px-4 py-3 text-sm font-medium border-b-2 transition-colors whitespace-nowrap focus:outline-none focus-visible:ring-2 focus-visible:ring-green-500/50 border-transparent text-slate-500 hover:text-slate-700 hover:border-slate-300">Produce Supply</button><button class="flex items-center gap-1.5 px-4 py-3 text-sm font-medium border-b-2 transition-colors whitespace-nowrap focus:outline-none focus-visible:ring-2 focus-visible:ring-green-500/50 border-transparent text-slate-500 hover:text-slate-700 hover:border-slate-300">Services Availed</button><button class="flex items-center gap-1.5 px-4 py-3 text-sm font-medium border-b-2 transition-colors whitespace-nowrap focus:outline-none focus-visible:ring-2 focus-visible:ring-green-500/50 border-green-600 text-green-700">Land &amp; Crop</button><button class="flex items-center gap-1.5 px-4 py-3 text-sm font-medium border-b-2 transition-colors whitespace-nowrap focus:outline-none focus-visible:ring-2 focus-visible:ring-green-500/50 border-transparent text-slate-500 hover:text-slate-700 hover:border-slate-300">KYC</button><button class="flex items-center gap-1.5 px-4 py-3 text-sm font-medium border-b-2 transition-colors whitespace-nowrap focus:outline-none focus-visible:ring-2 focus-visible:ring-green-500/50 border-transparent text-slate-500 hover:text-slate-700 hover:border-slate-300">Loans</button><button class="flex items-center gap-1.5 px-4 py-3 text-sm font-medium border-b-2 transition-colors whitespace-nowrap focus:outline-none focus-visible:ring-2 focus-visible:ring-green-500/50 border-transparent text-slate-500 hover:text-slate-700 hover:border-slate-300">Nominee</button><button class="flex items-center gap-1.5 px-4 py-3 text-sm font-medium border-b-2 transition-colors whitespace-nowrap focus:outline-none focus-visible:ring-2 focus-visible:ring-green-500/50 border-transparent text-slate-500 hover:text-slate-700 hover:border-slate-300">Communications</button><button class="flex items-center gap-1.5 px-4 py-3 text-sm font-medium border-b-2 transition-colors whitespace-nowrap focus:outline-none focus-visible:ring-2 focus-visible:ring-green-500/50 border-transparent text-slate-500 hover:text-slate-700 hover:border-slate-300">Audit Trail</button></div></div><div class="flex-1 overflow-y-auto pt-5"><div class="card space-y-4"><h3 class="font-semibold text-slate-800">Land &amp; Crop Evidence</h3><div class="grid grid-cols-2 sm:grid-cols-3 gap-4"><div class="bg-slate-50 rounded-lg p-3"><p class="text-xs text-slate-500 font-medium uppercase tracking-wide">Land Area Under Cultivation</p><p class="text-sm font-semibold text-slate-900 mt-0.5">5.00 acres</p></div><div class="bg-slate-50 rounded-lg p-3"><p class="text-xs text-slate-500 font-medium uppercase tracking-wide">Primary Crop</p><p class="text-sm font-semibold text-slate-900 mt-0.5">grapes</p></div></div><div class="flex items-center gap-3 bg-slate-50 border border-slate-200 rounded-lg p-4"><svg xmlns="http://www.w3.org/2000/svg" width="18" height="18" viewBox="0 0 24 24" fill="none" stroke="currentColor" stroke-width="2" stroke-linecap="round" stroke-linejoin="round" class="lucide lucide-file-text text-slate-500 flex-shrink-0" aria-hidden="true"><path d="M6 22a2 2 0 0 1-2-2V4a2 2 0 0 1 2-2h8a2.4 2.4 0 0 1 1.704.706l3.588 3.588A2.4 2.4 0 0 1 20 8v12a2 2 0 0 1-2 2z"></path><path d="M14 2v5a1 1 0 0 0 1 1h5"></path><path d="M10 9H8"></path><path d="M16 13H8"></path><path d="M16 17H8"></path></svg><p class="text-sm font-semibold text-slate-700">Land document and crop evidence records are not available from the backend yet.</p></div></div></div></div></div>"

 ❯ src/pages/members/MemberProfile.test.tsx:386:18
    384|     });
    385| 
    386|     expect(html).toContain('This field is required.');
       |                  ^
    387|     expect(html).toContain('Value must be greater than zero.');
    388|     expect(html).not.toContain('Land Area Under Cultivation');

⎯⎯⎯⎯⎯⎯⎯⎯⎯⎯⎯⎯⎯⎯⎯⎯⎯⎯⎯⎯⎯⎯⎯⎯[4/4]⎯


 Test Files  1 failed (1)
      Tests  4 failed | 18 passed (22)
   Start at  13:07:00
   Duration  1.07s (transform 180ms, setup 0ms, collect 275ms, tests 142ms, environment 0ms, prepare 42ms)

