
> sfpcl-lms@1.0.0 test
> vitest run --run src/services/authSession.test.ts src/services/approvalRegistersApi.test.ts src/pages/registers/RegistersHub.test.tsx src/pages/settings/SettingsHub.test.tsx src/services/navigationPermissions.test.ts

[33mThe CJS build of Vite's Node API is deprecated. See https://vite.dev/guide/troubleshooting.html#vite-cjs-node-api-deprecated for more details.[39m

 RUN  v3.2.6 /Users/amitkallapa/LMS/.ralph/worktrees/2026-07-14_000359_normal_run/sfpcl-lms

 ✓ src/services/approvalRegistersApi.test.ts (4 tests) 8ms
 ✓ src/services/authSession.test.ts (16 tests) 14ms
 ✓ src/services/navigationPermissions.test.ts (7 tests) 7ms
 ❯ src/pages/registers/RegistersHub.test.tsx (6 tests | 2 failed) 249ms
   ✓ RegistersHub owned approval register panels > renders only the server-scoped frozen sanction page and replaces pagination after a filter change 130ms
   × RegistersHub owned approval register panels > applies only canonical financial-year values 53ms
     → Invalid Chai property: toBeDisabled
   × RegistersHub owned approval register panels > loads S25 independently and keeps description and business reason distinct 26ms
     → expected "spy" to not be called at all, but actually been called 1 times

Received: 

  1st spy call:

    Array [
      Object {
        "decision": undefined,
        "financialYear": undefined,
        "page": 1,
        "pageSize": 20,
      },
    ]


Number of calls: 1

   ✓ RegistersHub owned approval register panels > hides export without canonical permission and reports its deferred state when permitted 22ms
   ✓ RegistersHub owned approval register panels > shows a nondisclosing denied state with no fallback register facts 18ms
   ✓ RegistersHub owned approval register panels > keeps mock-backed variables outside the owned S23/S25 panel source 0ms
 ❯ src/pages/settings/SettingsHub.test.tsx (5 tests | 1 failed) 446ms
   ✓ SettingsHub Approval Matrix panel > renders active and retained historical rules from the versioned API without local fixtures 93ms
   ✓ SettingsHub Approval Matrix panel > permits a canonical manager to submit a complete successor version as a pending proposal  315ms
   ✓ SettingsHub Approval Matrix panel > shows denied/error states without falling back to the inline prototype matrix 15ms
   × SettingsHub Approval Matrix panel > clears matrix rows when the actor loses canonical read permission 21ms
     → Unable to find an element with the text: Approval matrix unavailable. This could be because the text is broken up by multiple elements. In this case, you can provide a function for your text matcher to make your matcher more flexible.

Ignored nodes: comments, script, style
[36m<body[39m
  [33mstyle[39m=[32m""[39m
[36m>[39m
  [36m<div>[39m
    [36m<div[39m
      [33mclass[39m=[32m"p-6"[39m
    [36m>[39m
      [36m<div[39m
        [33mclass[39m=[32m"flex flex-col items-center py-20 text-center"[39m
      [36m>[39m
        [36m<svg[39m
          [33maria-hidden[39m=[32m"true"[39m
          [33mclass[39m=[32m"lucide lucide-shield text-slate-300 mb-4"[39m
          [33mfill[39m=[32m"none"[39m
          [33mheight[39m=[32m"40"[39m
          [33mstroke[39m=[32m"currentColor"[39m
          [33mstroke-linecap[39m=[32m"round"[39m
          [33mstroke-linejoin[39m=[32m"round"[39m
          [33mstroke-width[39m=[32m"2"[39m
          [33mviewBox[39m=[32m"0 0 24 24"[39m
          [33mwidth[39m=[32m"40"[39m
          [33mxmlns[39m=[32m"http://www.w3.org/2000/svg"[39m
        [36m>[39m
          [36m<path[39m
            [33md[39m=[32m"M20 13c0 5-3.5 7.5-7.66 8.95a1 1 0 0 1-.67-.01C7.5 20.5 4 18 4 13V6a1 1 0 0 1 1-1c2 0 4.5-1.2 6.24-2.72a1.17 1.17 0 0 1 1.52 0C14.51 3.81 17 5 19 5a1 1 0 0 1 1 1z"[39m
          [36m/>[39m
        [36m</svg>[39m
        [36m<h2[39m
          [33mclass[39m=[32m"text-lg font-semibold text-slate-700 mb-2"[39m
        [36m>[39m
          [0mAccess Restricted[0m
        [36m</h2>[39m
        [36m<p[39m
          [33mclass[39m=[32m"text-sm text-slate-400"[39m
        [36m>[39m
          [0mSettings are only accessible to Admin, CFO, and Company Secretary roles.[0m
        [36m</p>[39m
      [36m</div>[39m
    [36m</div>[39m
  [36m</div>[39m
[36m</body>[39m
   ✓ SettingsHub Approval Matrix panel > removes inline business fixtures from the owned S71 panel source 0ms

⎯⎯⎯⎯⎯⎯⎯ Failed Tests 3 ⎯⎯⎯⎯⎯⎯⎯

 FAIL  src/pages/registers/RegistersHub.test.tsx > RegistersHub owned approval register panels > applies only canonical financial-year values
Error: Invalid Chai property: toBeDisabled
 ❯ src/pages/registers/RegistersHub.test.tsx:67:72
     65| 
     66|     await userEvent.type(screen.getByLabelText('Financial year'), '202…
     67|     expect(screen.getByRole('button', { name: 'Apply financial year' }…
       |                                                                        ^
     68|     expect(fetchCreditSanctionRegister).toHaveBeenCalledTimes(1);
     69| 

⎯⎯⎯⎯⎯⎯⎯⎯⎯⎯⎯⎯⎯⎯⎯⎯⎯⎯⎯⎯⎯⎯⎯⎯[1/3]⎯

 FAIL  src/pages/registers/RegistersHub.test.tsx > RegistersHub owned approval register panels > loads S25 independently and keeps description and business reason distinct
AssertionError: expected "spy" to not be called at all, but actually been called 1 times

Received: 

  1st spy call:

    Array [
      Object {
        "decision": undefined,
        "financialYear": undefined,
        "page": 1,
        "pageSize": 20,
      },
    ]


Number of calls: 1

 ❯ src/pages/registers/RegistersHub.test.tsx:85:45
     83|     expect(await screen.findByText('Frozen exception description')).to…
     84|     expect(screen.getByText('Frozen exception business reason')).toBeT…
     85|     expect(fetchCreditSanctionRegister).not.toHaveBeenCalled();
       |                                             ^
     86| 
     87|     await userEvent.selectOptions(screen.getByLabelText('Exception sta…

⎯⎯⎯⎯⎯⎯⎯⎯⎯⎯⎯⎯⎯⎯⎯⎯⎯⎯⎯⎯⎯⎯⎯⎯[2/3]⎯

 FAIL  src/pages/settings/SettingsHub.test.tsx > SettingsHub Approval Matrix panel > clears matrix rows when the actor loses canonical read permission
TestingLibraryElementError: Unable to find an element with the text: Approval matrix unavailable. This could be because the text is broken up by multiple elements. In this case, you can provide a function for your text matcher to make your matcher more flexible.

Ignored nodes: comments, script, style
[36m<body[39m
  [33mstyle[39m=[32m""[39m
[36m>[39m
  [36m<div>[39m
    [36m<div[39m
      [33mclass[39m=[32m"p-6"[39m
    [36m>[39m
      [36m<div[39m
        [33mclass[39m=[32m"flex flex-col items-center py-20 text-center"[39m
      [36m>[39m
        [36m<svg[39m
          [33maria-hidden[39m=[32m"true"[39m
          [33mclass[39m=[32m"lucide lucide-shield text-slate-300 mb-4"[39m
          [33mfill[39m=[32m"none"[39m
          [33mheight[39m=[32m"40"[39m
          [33mstroke[39m=[32m"currentColor"[39m
          [33mstroke-linecap[39m=[32m"round"[39m
          [33mstroke-linejoin[39m=[32m"round"[39m
          [33mstroke-width[39m=[32m"2"[39m
          [33mviewBox[39m=[32m"0 0 24 24"[39m
          [33mwidth[39m=[32m"40"[39m
          [33mxmlns[39m=[32m"http://www.w3.org/2000/svg"[39m
        [36m>[39m
          [36m<path[39m
            [33md[39m=[32m"M20 13c0 5-3.5 7.5-7.66 8.95a1 1 0 0 1-.67-.01C7.5 20.5 4 18 4 13V6a1 1 0 0 1 1-1c2 0 4.5-1.2 6.24-2.72a1.17 1.17 0 0 1 1.52 0C14.51 3.81 17 5 19 5a1 1 0 0 1 1 1z"[39m
          [36m/>[39m
        [36m</svg>[39m
        [36m<h2[39m
          [33mclass[39m=[32m"text-lg font-semibold text-slate-700 mb-2"[39m
        [36m>[39m
          [0mAccess Restricted[0m
        [36m</h2>[39m
        [36m<p[39m
          [33mclass[39m=[32m"text-sm text-slate-400"[39m
        [36m>[39m
          [0mSettings are only accessible to Admin, CFO, and Company Secretary roles.[0m
        [36m</p>[39m
      [36m</div>[39m
    [36m</div>[39m
  [36m</div>[39m
[36m</body>[39m
 ❯ Object.getElementError node_modules/@testing-library/dom/dist/config.js:37:19
 ❯ node_modules/@testing-library/dom/dist/query-helpers.js:76:38
 ❯ node_modules/@testing-library/dom/dist/query-helpers.js:52:17
 ❯ node_modules/@testing-library/dom/dist/query-helpers.js:95:19
 ❯ src/pages/settings/SettingsHub.test.tsx:88:19
     86|     view.rerender(<SettingsHub />);
     87|     expect(screen.queryByText('AM-2026-02')).toBeNull();
     88|     expect(screen.getByText('Approval matrix unavailable')).toBeTruthy…
       |                   ^
     89|   });
     90| 

⎯⎯⎯⎯⎯⎯⎯⎯⎯⎯⎯⎯⎯⎯⎯⎯⎯⎯⎯⎯⎯⎯⎯⎯[3/3]⎯


 Test Files  2 failed | 3 passed (5)
      Tests  3 failed | 35 passed (38)
   Start at  00:31:33
   Duration  1.51s (transform 404ms, setup 0ms, collect 1.02s, tests 724ms, environment 688ms, prepare 249ms)

