Creating test database for alias 'default'...
Found 1 test(s).
System check identified no issues (0 silenced).
E
======================================================================
ERROR: test_backfill_only_links_unambiguous_audited_shareholding_evidence (sfpcl_credit.tests.test_witness_evidence_migration.WitnessEvidenceMigrationTests.test_backfill_only_links_unambiguous_audited_shareholding_evidence)
----------------------------------------------------------------------
Traceback (most recent call last):
  File "/Users/amitkallapa/LMS/.ralph/venv/lib/python3.11/site-packages/django/db/backends/utils.py", line 105, in _execute
    return self.cursor.execute(sql, params)
           ^^^^^^^^^^^^^^^^^^^^^^^^^^^^^^^^
  File "/Users/amitkallapa/LMS/.ralph/venv/lib/python3.11/site-packages/django/db/backends/sqlite3/base.py", line 329, in execute
    return super().execute(query, params)
           ^^^^^^^^^^^^^^^^^^^^^^^^^^^^^^
sqlite3.OperationalError: table witnesses has no column named verification_folio_number

The above exception was the direct cause of the following exception:

Traceback (most recent call last):
  File "/Users/amitkallapa/LMS/.ralph/worktrees/2026-07-20_153054_normal_run/sfpcl_credit/tests/test_witness_evidence_migration.py", line 38, in setUp
    self.ids = self._create_legacy_rows(old_apps)
               ^^^^^^^^^^^^^^^^^^^^^^^^^^^^^^^^^^
  File "/Users/amitkallapa/LMS/.ralph/worktrees/2026-07-20_153054_normal_run/sfpcl_credit/tests/test_witness_evidence_migration.py", line 151, in _create_legacy_rows
    witness = Witness.objects.create(
              ^^^^^^^^^^^^^^^^^^^^^^^
  File "/Users/amitkallapa/LMS/.ralph/venv/lib/python3.11/site-packages/django/db/models/manager.py", line 87, in manager_method
    return getattr(self.get_queryset(), name)(*args, **kwargs)
           ^^^^^^^^^^^^^^^^^^^^^^^^^^^^^^^^^^^^^^^^^^^^^^^^^^^
  File "/Users/amitkallapa/LMS/.ralph/venv/lib/python3.11/site-packages/django/db/models/query.py", line 679, in create
    obj.save(force_insert=True, using=self.db)
  File "/Users/amitkallapa/LMS/.ralph/venv/lib/python3.11/site-packages/django/db/models/base.py", line 822, in save
    self.save_base(
  File "/Users/amitkallapa/LMS/.ralph/venv/lib/python3.11/site-packages/django/db/models/base.py", line 909, in save_base
    updated = self._save_table(
              ^^^^^^^^^^^^^^^^^
  File "/Users/amitkallapa/LMS/.ralph/venv/lib/python3.11/site-packages/django/db/models/base.py", line 1071, in _save_table
    results = self._do_insert(
              ^^^^^^^^^^^^^^^^
  File "/Users/amitkallapa/LMS/.ralph/venv/lib/python3.11/site-packages/django/db/models/base.py", line 1112, in _do_insert
    return manager._insert(
           ^^^^^^^^^^^^^^^^
  File "/Users/amitkallapa/LMS/.ralph/venv/lib/python3.11/site-packages/django/db/models/manager.py", line 87, in manager_method
    return getattr(self.get_queryset(), name)(*args, **kwargs)
           ^^^^^^^^^^^^^^^^^^^^^^^^^^^^^^^^^^^^^^^^^^^^^^^^^^^
  File "/Users/amitkallapa/LMS/.ralph/venv/lib/python3.11/site-packages/django/db/models/query.py", line 1847, in _insert
    return query.get_compiler(using=using).execute_sql(returning_fields)
           ^^^^^^^^^^^^^^^^^^^^^^^^^^^^^^^^^^^^^^^^^^^^^^^^^^^^^^^^^^^^^
  File "/Users/amitkallapa/LMS/.ralph/venv/lib/python3.11/site-packages/django/db/models/sql/compiler.py", line 1823, in execute_sql
    cursor.execute(sql, params)
  File "/Users/amitkallapa/LMS/.ralph/venv/lib/python3.11/site-packages/django/db/backends/utils.py", line 79, in execute
    return self._execute_with_wrappers(
           ^^^^^^^^^^^^^^^^^^^^^^^^^^^^
  File "/Users/amitkallapa/LMS/.ralph/venv/lib/python3.11/site-packages/django/db/backends/utils.py", line 92, in _execute_with_wrappers
    return executor(sql, params, many, context)
           ^^^^^^^^^^^^^^^^^^^^^^^^^^^^^^^^^^^^
  File "/Users/amitkallapa/LMS/.ralph/venv/lib/python3.11/site-packages/django/db/backends/utils.py", line 100, in _execute
    with self.db.wrap_database_errors:
  File "/Users/amitkallapa/LMS/.ralph/venv/lib/python3.11/site-packages/django/db/utils.py", line 91, in __exit__
    raise dj_exc_value.with_traceback(traceback) from exc_value
  File "/Users/amitkallapa/LMS/.ralph/venv/lib/python3.11/site-packages/django/db/backends/utils.py", line 105, in _execute
    return self.cursor.execute(sql, params)
           ^^^^^^^^^^^^^^^^^^^^^^^^^^^^^^^^
  File "/Users/amitkallapa/LMS/.ralph/venv/lib/python3.11/site-packages/django/db/backends/sqlite3/base.py", line 329, in execute
    return super().execute(query, params)
           ^^^^^^^^^^^^^^^^^^^^^^^^^^^^^^
django.db.utils.OperationalError: table witnesses has no column named verification_folio_number

----------------------------------------------------------------------
Ran 1 test in 50.652s

FAILED (errors=1)
Destroying test database for alias 'default'...
Exit code: 1
