
> sfpcl-lms@1.0.0 build
> vite build

[33mThe CJS build of Vite's Node API is deprecated. See https://vite.dev/guide/troubleshooting.html#vite-cjs-node-api-deprecated for more details.[39m
vite v5.4.21 building for production...
transforming...
✓ 1877 modules transformed.
rendering chunks...
computing gzip size...
dist/index.html                     0.75 kB │ gzip:   0.43 kB
dist/assets/index-ymxOlAuC.css     51.59 kB │ gzip:   8.94 kB
dist/assets/index-1Ls5tBRE.js   1,143.62 kB │ gzip: 248.17 kB

(!) Some chunks are larger than 500 kB after minification. Consider:
- Using dynamic import() to code-split the application
- Use build.rollupOptions.output.manualChunks to improve chunking: https://rollupjs.org/configuration-options/#output-manualchunks
- Adjust chunk size limit for this warning via build.chunkSizeWarningLimit.
✓ built in 2.16s

> sfpcl-lms@1.0.0 typecheck
> tsc --noEmit


> sfpcl-lms@1.0.0 lint
> eslint src


> sfpcl-lms@1.0.0 test
> vitest run

[33mThe CJS build of Vite's Node API is deprecated. See https://vite.dev/guide/troubleshooting.html#vite-cjs-node-api-deprecated for more details.[39m

 RUN  v3.2.6 /Users/amitkallapa/LMS/.ralph/worktrees/2026-07-14_051852_normal_run/sfpcl-lms

 ✓ src/services/applicationIntakeApi.test.ts (5 tests) 7ms
 ✓ src/services/creditAssessmentApi.test.ts (5 tests) 10ms
 ✓ src/services/authSession.test.ts (27 tests) 27ms
 ✓ src/services/approvalRegistersApi.test.ts (5 tests) 6ms
 ✓ src/pages/members/Borrower360.test.tsx (4 tests) 82ms
 ✓ src/pages/applications/ApplicationDetail.test.tsx (9 tests) 71ms
 ✓ src/services/navigationPermissions.test.ts (9 tests) 9ms
 ✓ src/pages/members/MemberProfile.test.tsx (26 tests) 207ms
 ✓ src/pages/appraisal/AppraisalWorkbench.test.tsx (22 tests) 187ms
 ✓ src/pages/applications/CompletenessWorkbench.test.tsx (5 tests) 76ms
 ✓ src/services/portalApi.test.ts (4 tests) 6ms
 ✓ src/pages/notifications/NotificationsCenter.test.tsx (6 tests) 34ms
 ✓ src/pages/Dashboard.test.tsx (13 tests) 40ms
 ✓ src/services/loanPolicyApi.test.ts (2 tests) 4ms
 ✓ src/services/tracerApi.test.ts (2 tests) 6ms
 ✓ src/pages/borrower/portal/PortalMemberViews.test.tsx (4 tests) 49ms
 ✓ src/pages/members/MemberDirectory.test.tsx (5 tests) 42ms
 ✓ src/pages/applications/ApplicationList.test.tsx (2 tests) 47ms
 ✓ src/utils/applicationDisplay.test.ts (5 tests) 2ms
 ✓ src/contexts/RoleContext.test.tsx (2 tests) 6ms
 ✓ src/pages/applications/NomineeSelectionViews.test.tsx (3 tests) 8ms
 ✓ src/pages/profile/MyProfile.test.tsx (1 test) 11ms
 ✓ src/pages/borrower/portal/auth/MP00_Login.test.tsx (2 tests) 17ms
 ✓ src/pages/registers/RegistersHub.test.tsx (7 tests) 670ms
 ✓ src/pages/borrower/portal/applications/MP05_NewApplication.test.tsx (7 tests) 923ms
   ✓ MP05 loan-limit display authority (006Z2 interim regression) > shows independent 400, 403, and 409 errors without retry or projection refetch  558ms
 ✓ src/pages/settings/SettingsHub.test.tsx (10 tests) 1200ms
   ✓ SettingsHub Approval Matrix panel > permits a canonical manager to submit a complete successor version as a pending proposal  563ms
   ✓ SettingsHub remaining panels > creates a complete successor as a separate audited draft for a canonical policy manager  330ms
 ✓ src/pages/appraisal/AppraisalWorkbench.container.test.tsx (14 tests) 1519ms
   ✓ default AppraisalWorkbench authenticated HTTP container > posts the rejected Credit Manager decision once  300ms
 ✓ src/services/demoAuthFlag.test.tsx (3 tests) 2760ms
   ✓ VITE_ENABLE_DEMO_AUTH real App/RoleProvider boundary (005FA4) > fails closed when the flag is unset  1902ms
   ✓ VITE_ENABLE_DEMO_AUTH real App/RoleProvider boundary (005FA4) > fails closed when the flag is explicit false  432ms
   ✓ VITE_ENABLE_DEMO_AUTH real App/RoleProvider boundary (005FA4) > exposes only approved staff demo controls when the flag is true  425ms
 ✓ src/pages/members/MemberProfile.container.test.tsx (4 tests) 254ms
 ✓ src/pages/applications/WitnessPanel.container.test.tsx (10 tests) 895ms
   ✓ mounted witness resource actions > captures with the exact body and refetches the canonical collection once  314ms
 ✓ src/pages/sanction/SanctionWorkbench.test.tsx (25 tests) 2558ms
   ✓ SanctionWorkbench authenticated container > loads frozen case truth and approves through the exact case boundary before canonical refresh  339ms
   ✓ SanctionWorkbench authenticated container > requires a reason and sends the exact Reject request  342ms
   ✓ SanctionWorkbench authenticated container > requires a reason and sends the exact Return for Clarification request  356ms
   ✓ SanctionWorkbench authenticated container > uploads three application-scoped legal files before recording bounded special-case evidence  540ms
 ✓ src/pages/members/MemberGovernanceForm.test.tsx (5 tests) 1464ms
   ✓ MemberGovernanceForm > submits the institution create variant without individual identity/profile fields  821ms
   ✓ MemberGovernanceForm > submits every individual registration profile field  487ms
 ✓ src/pages/members/MemberGovernanceForm.container.test.tsx (16 tests) 2791ms
   ✓ MemberGovernanceForm production container > routes Directory registration into canonical Profile readback with the exact create ledger  1513ms

 Test Files  33 passed (33)
      Tests  269 passed (269)
   Start at  05:39:24
   Duration  7.25s (transform 5.08s, setup 0ms, collect 9.49s, tests 15.99s, environment 3.18s, prepare 1.83s)

