
> sfpcl-lms@1.0.0 test
> vitest run

[33mThe CJS build of Vite's Node API is deprecated. See https://vite.dev/guide/troubleshooting.html#vite-cjs-node-api-deprecated for more details.[39m

 RUN  v3.2.6 /Users/amitkallapa/LMS/.ralph/worktrees/2026-07-14_051852_normal_run/sfpcl-lms

 ✓ src/pages/borrower/portal/applications/MP05_NewApplication.test.tsx (7 tests) 1117ms
   ✓ MP05 loan-limit display authority (006Z2 interim regression) > shows independent 400, 403, and 409 errors without retry or projection refetch  659ms
 ✓ src/pages/applications/WitnessPanel.container.test.tsx (10 tests) 1361ms
   ✓ mounted witness resource actions > captures with the exact body and refetches the canonical collection once  510ms
 ✓ src/pages/settings/SettingsHub.test.tsx (10 tests) 1447ms
   ✓ SettingsHub Approval Matrix panel > permits a canonical manager to submit a complete successor version as a pending proposal  720ms
   ✓ SettingsHub remaining panels > creates a complete successor as a separate audited draft for a canonical policy manager  371ms
 ✓ src/pages/appraisal/AppraisalWorkbench.container.test.tsx (14 tests) 1902ms
   ✓ default AppraisalWorkbench authenticated HTTP container > calculates a limit from entered source IDs and refreshes four reads  337ms
   ✓ default AppraisalWorkbench authenticated HTTP container > posts the rejected Credit Manager decision once  360ms
 ✓ src/pages/members/MemberGovernanceForm.test.tsx (5 tests) 2621ms
   ✓ MemberGovernanceForm > submits the institution create variant without individual identity/profile fields  1198ms
   ✓ MemberGovernanceForm > submits every individual registration profile field  1118ms
 ✓ src/pages/members/MemberProfile.container.test.tsx (4 tests) 319ms
 ✓ src/pages/members/MemberProfile.test.tsx (26 tests) 169ms
 ✓ src/pages/registers/RegistersHub.test.tsx (7 tests) 654ms
 ✓ src/pages/members/Borrower360.test.tsx (4 tests) 89ms
 ✓ src/pages/applications/CompletenessWorkbench.test.tsx (5 tests) 134ms
 ✓ src/pages/sanction/SanctionWorkbench.test.tsx (25 tests) 3242ms
   ✓ SanctionWorkbench authenticated container > loads frozen case truth and approves through the exact case boundary before canonical refresh  432ms
   ✓ SanctionWorkbench authenticated container > requires a reason and sends the exact Reject request  396ms
   ✓ SanctionWorkbench authenticated container > requires a reason and sends the exact Return for Clarification request  420ms
   ✓ SanctionWorkbench authenticated container > uploads three application-scoped legal files before recording bounded special-case evidence  667ms
 ✓ src/pages/applications/ApplicationDetail.test.tsx (9 tests) 94ms
 ✓ src/pages/appraisal/AppraisalWorkbench.test.tsx (22 tests) 197ms
 ✓ src/pages/borrower/portal/PortalMemberViews.test.tsx (4 tests) 47ms
 ✓ src/pages/applications/ApplicationList.test.tsx (2 tests) 35ms
 ✓ src/pages/Dashboard.test.tsx (13 tests) 41ms
 ✓ src/pages/members/MemberDirectory.test.tsx (5 tests) 31ms
 ✓ src/pages/notifications/NotificationsCenter.test.tsx (6 tests) 32ms
 ✓ src/services/authSession.test.ts (27 tests) 36ms
 ✓ src/services/creditAssessmentApi.test.ts (5 tests) 7ms
 ✓ src/pages/borrower/portal/auth/MP00_Login.test.tsx (2 tests) 9ms
 ✓ src/pages/profile/MyProfile.test.tsx (1 test) 10ms
 ✓ src/services/navigationPermissions.test.ts (9 tests) 13ms
 ✓ src/services/applicationIntakeApi.test.ts (5 tests) 14ms
 ✓ src/services/portalApi.test.ts (4 tests) 12ms
 ✓ src/contexts/RoleContext.test.tsx (2 tests) 6ms
 ✓ src/pages/applications/NomineeSelectionViews.test.tsx (3 tests) 8ms
 ✓ src/services/approvalRegistersApi.test.ts (5 tests) 12ms
 ✓ src/services/tracerApi.test.ts (2 tests) 6ms
 ✓ src/services/loanPolicyApi.test.ts (2 tests) 5ms
 ✓ src/utils/applicationDisplay.test.ts (5 tests) 3ms
 ✓ src/services/demoAuthFlag.test.tsx (3 tests) 3041ms
   ✓ VITE_ENABLE_DEMO_AUTH real App/RoleProvider boundary (005FA4) > fails closed when the flag is unset  2540ms
 ✓ src/pages/members/MemberGovernanceForm.container.test.tsx (16 tests) 3782ms
   ✓ MemberGovernanceForm production container > routes Directory registration into canonical Profile readback with the exact create ledger  2403ms

 Test Files  33 passed (33)
      Tests  269 passed (269)
   Start at  05:49:20
   Duration  7.13s (transform 5.28s, setup 0ms, collect 10.00s, tests 20.50s, environment 3.99s, prepare 2.22s)

