[2m[WebServer] [22m[14/Jul/2026 00:05:33] "GET /api/v1/health/ready/ HTTP/1.1" 200 202
[2m[WebServer] [22m[33mThe CJS build of Vite's Node API is deprecated. See https://vite.dev/guide/troubleshooting.html#vite-cjs-node-api-deprecated for more details.[39m
[2m[WebServer] [22m(node:96709) Warning: The 'NO_COLOR' env is ignored due to the 'FORCE_COLOR' env being set.
[2m[WebServer] [22m(Use `node --trace-warnings ...` to show where the warning was created)

Running 2 tests using 1 worker

  ✘  1 [chromium] › approval-register-settings.e2e.spec.ts:9:5 › S23/S25/S70/S71 preserve scoped contracts through routed app-shell navigation (3ms)
  ✘  2 [chromium] › exception-register-evidence.e2e.spec.ts:9:5 › S25 renders frozen comments and supporting metadata without granting download authority (3ms)


  1) [chromium] › approval-register-settings.e2e.spec.ts:9:5 › S23/S25/S70/S71 preserve scoped contracts through routed app-shell navigation 

    Error: browserType.launch: Target page, context or browser has been closed
    Browser logs:

    <launching> /Users/amitkallapa/Library/Caches/ms-playwright/chromium_headless_shell-1148/chrome-mac/headless_shell --disable-field-trial-config --disable-background-networking --disable-background-timer-throttling --disable-backgrounding-occluded-windows --disable-back-forward-cache --disable-breakpad --disable-client-side-phishing-detection --disable-component-extensions-with-background-pages --disable-component-update --no-default-browser-check --disable-default-apps --disable-dev-shm-usage --disable-extensions --disable-features=ImprovedCookieControls,LazyFrameLoading,GlobalMediaControls,DestroyProfileOnBrowserClose,MediaRouter,DialMediaRouteProvider,AcceptCHFrame,AutoExpandDetailsElement,CertificateTransparencyComponentUpdater,AvoidUnnecessaryBeforeUnloadCheckSync,Translate,HttpsUpgrades,PaintHolding,ThirdPartyStoragePartitioning,LensOverlay,PlzDedicatedWorker --allow-pre-commit-input --disable-hang-monitor --disable-ipc-flooding-protection --disable-popup-blocking --disable-prompt-on-repost --disable-renderer-backgrounding --force-color-profile=srgb --metrics-recording-only --no-first-run --enable-automation --password-store=basic --use-mock-keychain --no-service-autorun --export-tagged-pdf --disable-search-engine-choice-screen --unsafely-disable-devtools-self-xss-warnings --enable-use-zoom-for-dsf=false --use-angle --headless --hide-scrollbars --mute-audio --blink-settings=primaryHoverType=2,availableHoverTypes=2,primaryPointerType=4,availablePointerTypes=4 --no-sandbox --user-data-dir=/var/folders/zq/3s8051dx39q0tk8whcqx44y00000gn/T/playwright_chromiumdev_profile-ZRxH8l --remote-debugging-pipe --no-startup-window
    <launched> pid=96712
    [pid=96712][err] [0714/053535.200251:ERROR:thermal_state_observer_mac.mm(88)] ThermalStateObserverMac unable to register to power notifications. Result: 9
    [pid=96712][err] [0714/053535.215657:ERROR:dns_config_service_posix.cc(142)] DNS config watch failed to start.
    [pid=96712][err] [0714/053535.223866:FATAL:mach_port_rendezvous.cc(399)] Check failed: kr == KERN_SUCCESS. bootstrap_check_in org.chromium.Chromium.MachPortRendezvousServer.96712: Permission denied (1100)
    Call log:
    [2m  - <launching> /Users/amitkallapa/Library/Caches/ms-playwright/chromium_headless_shell-1148/chrome-mac/headless_shell --disable-field-trial-config --disable-background-networking --disable-background-timer-throttling --disable-backgrounding-occluded-windows --disable-back-forward-cache --disable-breakpad --disable-client-side-phishing-detection --disable-component-extensions-with-background-pages --disable-component-update --no-default-browser-check --disable-default-apps --disable-dev-shm-usage --disable-extensions --disable-features=ImprovedCookieControls,LazyFrameLoading,GlobalMediaControls,DestroyProfileOnBrowserClose,MediaRouter,DialMediaRouteProvider,AcceptCHFrame,AutoExpandDetailsElement,CertificateTransparencyComponentUpdater,AvoidUnnecessaryBeforeUnloadCheckSync,Translate,HttpsUpgrades,PaintHolding,ThirdPartyStoragePartitioning,LensOverlay,PlzDedicatedWorker --allow-pre-commit-input --disable-hang-monitor --disable-ipc-flooding-protection --disable-popup-blocking --disable-prompt-on-repost --disable-renderer-backgrounding --force-color-profile=srgb --metrics-recording-only --no-first-run --enable-automation --password-store=basic --use-mock-keychain --no-service-autorun --export-tagged-pdf --disable-search-engine-choice-screen --unsafely-disable-devtools-self-xss-warnings --enable-use-zoom-for-dsf=false --use-angle --headless --hide-scrollbars --mute-audio --blink-settings=primaryHoverType=2,availableHoverTypes=2,primaryPointerType=4,availablePointerTypes=4 --no-sandbox --user-data-dir=/var/folders/zq/3s8051dx39q0tk8whcqx44y00000gn/T/playwright_chromiumdev_profile-ZRxH8l --remote-debugging-pipe --no-startup-window[22m
    [2m  - <launched> pid=96712[22m
    [2m  - [pid=96712][err] [0714/053535.200251:ERROR:thermal_state_observer_mac.mm(88)] ThermalStateObserverMac unable to register to power notifications. Result: 9[22m
    [2m  - [pid=96712][err] [0714/053535.215657:ERROR:dns_config_service_posix.cc(142)] DNS config watch failed to start.[22m
    [2m  - [pid=96712][err] [0714/053535.223866:FATAL:mach_port_rendezvous.cc(399)] Check failed: kr == KERN_SUCCESS. bootstrap_check_in org.chromium.Chromium.MachPortRendezvousServer.96712: Permission denied (1100)[22m


  2) [chromium] › exception-register-evidence.e2e.spec.ts:9:5 › S25 renders frozen comments and supporting metadata without granting download authority 

    Error: browserType.launch: Target page, context or browser has been closed
    Browser logs:

    <launching> /Users/amitkallapa/Library/Caches/ms-playwright/chromium_headless_shell-1148/chrome-mac/headless_shell --disable-field-trial-config --disable-background-networking --disable-background-timer-throttling --disable-backgrounding-occluded-windows --disable-back-forward-cache --disable-breakpad --disable-client-side-phishing-detection --disable-component-extensions-with-background-pages --disable-component-update --no-default-browser-check --disable-default-apps --disable-dev-shm-usage --disable-extensions --disable-features=ImprovedCookieControls,LazyFrameLoading,GlobalMediaControls,DestroyProfileOnBrowserClose,MediaRouter,DialMediaRouteProvider,AcceptCHFrame,AutoExpandDetailsElement,CertificateTransparencyComponentUpdater,AvoidUnnecessaryBeforeUnloadCheckSync,Translate,HttpsUpgrades,PaintHolding,ThirdPartyStoragePartitioning,LensOverlay,PlzDedicatedWorker --allow-pre-commit-input --disable-hang-monitor --disable-ipc-flooding-protection --disable-popup-blocking --disable-prompt-on-repost --disable-renderer-backgrounding --force-color-profile=srgb --metrics-recording-only --no-first-run --enable-automation --password-store=basic --use-mock-keychain --no-service-autorun --export-tagged-pdf --disable-search-engine-choice-screen --unsafely-disable-devtools-self-xss-warnings --enable-use-zoom-for-dsf=false --use-angle --headless --hide-scrollbars --mute-audio --blink-settings=primaryHoverType=2,availableHoverTypes=2,primaryPointerType=4,availablePointerTypes=4 --no-sandbox --user-data-dir=/var/folders/zq/3s8051dx39q0tk8whcqx44y00000gn/T/playwright_chromiumdev_profile-qr8WJn --remote-debugging-pipe --no-startup-window
    <launched> pid=96714
    [pid=96714][err] [0714/053535.911500:ERROR:thermal_state_observer_mac.mm(88)] ThermalStateObserverMac unable to register to power notifications. Result: 9
    [pid=96714][err] [0714/053535.912694:ERROR:dns_config_service_posix.cc(142)] DNS config watch failed to start.
    [pid=96714][err] [0714/053535.913161:FATAL:mach_port_rendezvous.cc(399)] Check failed: kr == KERN_SUCCESS. bootstrap_check_in org.chromium.Chromium.MachPortRendezvousServer.96714: Permission denied (1100)
    Call log:
    [2m  - <launching> /Users/amitkallapa/Library/Caches/ms-playwright/chromium_headless_shell-1148/chrome-mac/headless_shell --disable-field-trial-config --disable-background-networking --disable-background-timer-throttling --disable-backgrounding-occluded-windows --disable-back-forward-cache --disable-breakpad --disable-client-side-phishing-detection --disable-component-extensions-with-background-pages --disable-component-update --no-default-browser-check --disable-default-apps --disable-dev-shm-usage --disable-extensions --disable-features=ImprovedCookieControls,LazyFrameLoading,GlobalMediaControls,DestroyProfileOnBrowserClose,MediaRouter,DialMediaRouteProvider,AcceptCHFrame,AutoExpandDetailsElement,CertificateTransparencyComponentUpdater,AvoidUnnecessaryBeforeUnloadCheckSync,Translate,HttpsUpgrades,PaintHolding,ThirdPartyStoragePartitioning,LensOverlay,PlzDedicatedWorker --allow-pre-commit-input --disable-hang-monitor --disable-ipc-flooding-protection --disable-popup-blocking --disable-prompt-on-repost --disable-renderer-backgrounding --force-color-profile=srgb --metrics-recording-only --no-first-run --enable-automation --password-store=basic --use-mock-keychain --no-service-autorun --export-tagged-pdf --disable-search-engine-choice-screen --unsafely-disable-devtools-self-xss-warnings --enable-use-zoom-for-dsf=false --use-angle --headless --hide-scrollbars --mute-audio --blink-settings=primaryHoverType=2,availableHoverTypes=2,primaryPointerType=4,availablePointerTypes=4 --no-sandbox --user-data-dir=/var/folders/zq/3s8051dx39q0tk8whcqx44y00000gn/T/playwright_chromiumdev_profile-qr8WJn --remote-debugging-pipe --no-startup-window[22m
    [2m  - <launched> pid=96714[22m
    [2m  - [pid=96714][err] [0714/053535.911500:ERROR:thermal_state_observer_mac.mm(88)] ThermalStateObserverMac unable to register to power notifications. Result: 9[22m
    [2m  - [pid=96714][err] [0714/053535.912694:ERROR:dns_config_service_posix.cc(142)] DNS config watch failed to start.[22m
    [2m  - [pid=96714][err] [0714/053535.913161:FATAL:mach_port_rendezvous.cc(399)] Check failed: kr == KERN_SUCCESS. bootstrap_check_in org.chromium.Chromium.MachPortRendezvousServer.96714: Permission denied (1100)[22m


  2 failed
    [chromium] › approval-register-settings.e2e.spec.ts:9:5 › S23/S25/S70/S71 preserve scoped contracts through routed app-shell navigation 
    [chromium] › exception-register-evidence.e2e.spec.ts:9:5 › S25 renders frozen comments and supporting metadata without granting download authority 
