
> sfpcl-lms@1.0.0 test
> vitest run --run src/services/applicationIntakeApi.test.ts

[33mThe CJS build of Vite's Node API is deprecated. See https://vite.dev/guide/troubleshooting.html#vite-cjs-node-api-deprecated for more details.[39m

 RUN  v3.2.6 /Users/amitkallapa/LMS/.ralph/worktrees/2026-07-11_140734_normal_run/sfpcl-lms

 ❯ src/services/applicationIntakeApi.test.ts (4 tests | 1 failed) 8ms
   ✓ application intake API client > loads staff applications and register rows from staff endpoints with pagination 3ms
   ✓ application intake API client > creates, updates, submits, and reads application detail using staff APIs 1ms
   ✓ application intake API client > surfaces permission and object access errors without fallback data 1ms
   × application intake API client > uses the existing completeness, deficiency, resolution, and rejection contracts exactly 3ms
     → fetchApplicationCompleteness is not a function

⎯⎯⎯⎯⎯⎯⎯ Failed Tests 1 ⎯⎯⎯⎯⎯⎯⎯

 FAIL  src/services/applicationIntakeApi.test.ts > application intake API client > uses the existing completeness, deficiency, resolution, and rejection contracts exactly
TypeError: fetchApplicationCompleteness is not a function
 ❯ src/services/applicationIntakeApi.test.ts:116:18
    114|     vi.stubGlobal('fetch', fetchMock);
    115| 
    116|     await expect(fetchApplicationCompleteness('app-1')).resolves.toMat…
       |                  ^
    117|     await expect(passApplicationCompleteness('app-1')).resolves.toMatc…
    118|     await expect(returnApplicationWithDeficiencies('app-1', {

⎯⎯⎯⎯⎯⎯⎯⎯⎯⎯⎯⎯⎯⎯⎯⎯⎯⎯⎯⎯⎯⎯⎯⎯[1/1]⎯


 Test Files  1 failed (1)
      Tests  1 failed | 3 passed (4)
   Start at  14:10:28
   Duration  524ms (transform 86ms, setup 0ms, collect 86ms, tests 8ms, environment 0ms, prepare 36ms)

