Traceback (most recent call last):
  File "/Users/amitkallapa/LMS/.ralph/worktrees/2026-07-15_011600_normal_run/sfpcl_credit/manage.py", line 17, in <module>
    main()
  File "/Users/amitkallapa/LMS/.ralph/worktrees/2026-07-15_011600_normal_run/sfpcl_credit/manage.py", line 13, in main
    execute_from_command_line(sys.argv)
  File "/Users/amitkallapa/LMS/.ralph/venv/lib/python3.11/site-packages/django/core/management/__init__.py", line 442, in execute_from_command_line
    utility.execute()
  File "/Users/amitkallapa/LMS/.ralph/venv/lib/python3.11/site-packages/django/core/management/__init__.py", line 436, in execute
    self.fetch_command(subcommand).run_from_argv(self.argv)
  File "/Users/amitkallapa/LMS/.ralph/venv/lib/python3.11/site-packages/django/core/management/base.py", line 413, in run_from_argv
    self.execute(*args, **cmd_options)
  File "/Users/amitkallapa/LMS/.ralph/venv/lib/python3.11/site-packages/django/core/management/base.py", line 459, in execute
    output = self.handle(*args, **options)
             ^^^^^^^^^^^^^^^^^^^^^^^^^^^^^
  File "/Users/amitkallapa/LMS/.ralph/venv/lib/python3.11/site-packages/django/core/management/commands/check.py", line 76, in handle
    self.check(
  File "/Users/amitkallapa/LMS/.ralph/venv/lib/python3.11/site-packages/django/core/management/base.py", line 486, in check
    all_issues = checks.run_checks(
                 ^^^^^^^^^^^^^^^^^^
  File "/Users/amitkallapa/LMS/.ralph/venv/lib/python3.11/site-packages/django/core/checks/registry.py", line 88, in run_checks
    new_errors = check(app_configs=app_configs, databases=databases)
                 ^^^^^^^^^^^^^^^^^^^^^^^^^^^^^^^^^^^^^^^^^^^^^^^^^^^
  File "/Users/amitkallapa/LMS/.ralph/venv/lib/python3.11/site-packages/django/core/checks/urls.py", line 42, in check_url_namespaces_unique
    all_namespaces = _load_all_namespaces(resolver)
                     ^^^^^^^^^^^^^^^^^^^^^^^^^^^^^^
  File "/Users/amitkallapa/LMS/.ralph/venv/lib/python3.11/site-packages/django/core/checks/urls.py", line 61, in _load_all_namespaces
    url_patterns = getattr(resolver, "url_patterns", [])
                   ^^^^^^^^^^^^^^^^^^^^^^^^^^^^^^^^^^^^^
  File "/Users/amitkallapa/LMS/.ralph/venv/lib/python3.11/site-packages/django/utils/functional.py", line 47, in __get__
    res = instance.__dict__[self.name] = self.func(instance)
                                         ^^^^^^^^^^^^^^^^^^^
  File "/Users/amitkallapa/LMS/.ralph/venv/lib/python3.11/site-packages/django/urls/resolvers.py", line 738, in url_patterns
    patterns = getattr(self.urlconf_module, "urlpatterns", self.urlconf_module)
                       ^^^^^^^^^^^^^^^^^^^
  File "/Users/amitkallapa/LMS/.ralph/venv/lib/python3.11/site-packages/django/utils/functional.py", line 47, in __get__
    res = instance.__dict__[self.name] = self.func(instance)
                                         ^^^^^^^^^^^^^^^^^^^
  File "/Users/amitkallapa/LMS/.ralph/venv/lib/python3.11/site-packages/django/urls/resolvers.py", line 731, in urlconf_module
    return import_module(self.urlconf_name)
           ^^^^^^^^^^^^^^^^^^^^^^^^^^^^^^^^
  File "/Library/Frameworks/Python.framework/Versions/3.11/lib/python3.11/importlib/__init__.py", line 126, in import_module
    return _bootstrap._gcd_import(name[level:], package, level)
           ^^^^^^^^^^^^^^^^^^^^^^^^^^^^^^^^^^^^^^^^^^^^^^^^^^^^
  File "<frozen importlib._bootstrap>", line 1206, in _gcd_import
  File "<frozen importlib._bootstrap>", line 1178, in _find_and_load
  File "<frozen importlib._bootstrap>", line 1149, in _find_and_load_unlocked
  File "<frozen importlib._bootstrap>", line 690, in _load_unlocked
  File "<frozen importlib._bootstrap_external>", line 940, in exec_module
  File "<frozen importlib._bootstrap>", line 241, in _call_with_frames_removed
  File "/Users/amitkallapa/LMS/.ralph/worktrees/2026-07-15_011600_normal_run/sfpcl_credit/config/urls.py", line 23, in <module>
    from sfpcl_credit.security_instruments import views as security_instrument_views
  File "/Users/amitkallapa/LMS/.ralph/worktrees/2026-07-15_011600_normal_run/sfpcl_credit/security_instruments/views.py", line 6, in <module>
    from sfpcl_credit.processes import security_instrument_evidence
  File "/Users/amitkallapa/LMS/.ralph/worktrees/2026-07-15_011600_normal_run/sfpcl_credit/processes/security_instrument_evidence.py", line 12, in <module>
    from sfpcl_credit.documents.modules import sensitive_data_access
  File "/Users/amitkallapa/LMS/.ralph/worktrees/2026-07-15_011600_normal_run/sfpcl_credit/documents/modules/sensitive_data_access.py", line 11, in <module>
    from sfpcl_credit.shared.encryption import FieldEncryption, InvalidCiphertext
  File "/Users/amitkallapa/LMS/.ralph/worktrees/2026-07-15_011600_normal_run/sfpcl_credit/shared/encryption.py", line 6, in <module>
    from cryptography.exceptions import InvalidTag
ModuleNotFoundError: No module named 'cryptography'
