Command:
RALPH_EVIDENCE_DIR=/Users/amitkallapa/LMS/.ralph/worktrees/2026-07-23_095043_normal_run/.ralph/runs/2026-07-23_103351_repair/evidence/screenshots/run-1 E2E_DJANGO_PYTHON=/Users/amitkallapa/LMS/.ralph/venv/bin/python npm run e2e -- e2e/portal-kyc-correction.e2e.spec.ts

Working directory: sfpcl-lms/


> sfpcl-lms@1.0.0 e2e
> playwright test e2e/portal-kyc-correction.e2e.spec.ts

[2m[WebServer] [22m[23/Jul/2026 05:10:11] "GET /api/v1/health/ready/ HTTP/1.1" 200 202
[2m[WebServer] [22m[33mThe CJS build of Vite's Node API is deprecated. See https://vite.dev/guide/troubleshooting.html#vite-cjs-node-api-deprecated for more details.[39m

Running 2 tests using 1 worker

  ✘  1 [chromium] › portal-kyc-correction.e2e.spec.ts:11:5 › member sees the borrower-safe KYC correction decision on mobile (7.5s)
  ✓  2 [chromium] › portal-kyc-correction.e2e.spec.ts:26:5 › member uploads self-attested evidence and submits one own-scope correction (2.4s)


  1) [chromium] › portal-kyc-correction.e2e.spec.ts:11:5 › member sees the borrower-safe KYC correction decision on mobile 

    Error: [31mTimed out 5000ms waiting for [39m[2mexpect([22m[31mlocator[39m[2m).[22mtoBeVisible[2m()[22m

    Locator: getByText(/PAN \*{6}234F/)
    Expected: visible
    Received: <element(s) not found>
    Call log:
    [2m  - expect.toBeVisible with timeout 5000ms[22m
    [2m  - waiting for getByText(/PAN \*{6}234F/)[22m


      15 |   await expect(page.getByRole('heading', { name: 'Request a KYC correction' })).toBeVisible();
      16 |   await expect(page.getByText('Approved', { exact: true })).toBeVisible();
    > 17 |   await expect(page.getByText(/PAN \*{6}234F/)).toBeVisible();
         |                                                 ^
      18 |   await expect(page.getByText('internal evidence accepted', { exact: true })).toHaveCount(0);
      19 |   await page.screenshot({
      20 |     path: path.join(evidenceRoot, 'portal-kyc-correction-decision.png'),
        at /Users/amitkallapa/LMS/.ralph/worktrees/2026-07-23_095043_normal_run/sfpcl-lms/e2e/portal-kyc-correction.e2e.spec.ts:17:49

  1 failed
    [chromium] › portal-kyc-correction.e2e.spec.ts:11:5 › member sees the borrower-safe KYC correction decision on mobile 
  1 passed (1.0m)

Duration milliseconds: 62354
Exit code: 1
Screenshot evidence exit code: 1
Screenshot manifest: /Users/amitkallapa/LMS/.ralph/worktrees/2026-07-23_095043_normal_run/.ralph/runs/2026-07-23_103351_repair/evidence/trusted-browser-screenshots-1.sha256
