[ ]  identity.0001_initial
[ ]  identity.0002_permission_rolepermission_and_more
[ ]  tracer.0001_initial
[ ]  workflows.0001_canonical_workflow_event
[ ]  members.0001_initial
[ ]  members.0002_profile_shells
[ ]  members.0003_individual_profile_details
[ ]  members.0004_nominee
[ ]  members.0005_shareholding_and_more
[ ]  members.0006_landholding_cropplan_and_more
[ ]  documents.0001_initial
[ ]  members.0007_kycprofile_kycdocument_and_more
[ ]  members.0008_cancelledcheque_bankaccount_and_more
[ ]  identity.0003_portal_member_auth
[ ]  members.0009_member_identity_governance
[ ]  members.0010_member_identity_change_request
[ ]  members.0011_producesupplyrecord
[ ]  members.0012_memberserviceevidence_activememberstatus_and_more
[ ]  members.0013_memberserviceevidence_maker_users_and_more
[ ]  members.0014_remove_memberscopeassignment_uniq_member_scope_assignment_and_more
[ ]  documents.0002_documenttemplate
[ ]  documents.0003_documenttemplateidentity
[ ]  applications.0001_initial
[ ]  documents.0004_loandocument
[ ]  legal_documents.0001_transfer_loan_document_owner
[ ]  legal_documents.0002_document_checklists
[ ]  legal_documents.0003_loan_document_renderer_provenance
[ ]  legal_documents.0004_checklistitem_notarisation_status_and_more
[ ]  legal_documents.0005_signature_records
[ ]  legal_documents.0006_stamp_notary_preparer_identity
[ ]  legal_documents.0007_signature_capture_maker
[ ]  applications.0002_loanapplication_submitted_by_user
[ ]  applications.0003_systemsequence_loanrequestregisterentry
[ ]  applications.0004_applicationdocument_and_more
[ ]  applications.0005_application_deficiency
[ ]  applications.0006_rejection_note
[ ]  applications.0007_eligibilityassessment
[ ]  applications.0008_loanlimitassessment
[ ]  applications.0009_loan_limit_policy_snapshot
[ ]  applications.0010_loanapplication_nominee
[ ]  legal_documents.0008_securitypackage_powerofattorney_and_more
[ ]  legal_documents.0009_loandocument_verification_remarks
[ ]  legal_documents.0010_stage4_maker_checker_constraints
[ ]  legal_documents.0011_final_documentation_approval_sequence
[ ]  legal_documents.0012_portal_documentation_submission
[ ]  configurations.0001_initial
[ ]  configurations.0002_version_history_approval_evidence
[ ]  applications.0011_witness
[ ]  applications.0012_witness_verification_evidence
[ ]  applications.0013_witness_correction
[ ]  applications.0014_witness_contact_fields
[ ]  applications.0015_applicationdeficiencyresponse
[ ]  applications.0016_bankverificationdecision_and_more
[ ]  applications.0017_bank_decision_terminal_sanction_snapshots
[ ]  communications.0001_initial
[ ]  communications.0002_communication
[ ]  communications.0003_notification
[ ]  credit.0001_credit_assessment_model_ownership
[ ]  credit.0002_riskassessment_loanappraisalnote
[ ]  credit.0003_appraisal_prerequisite_snapshots
[ ]  credit.0004_appraisal_review_facts
[ ]  credit.0005_appraisalreviewdecision
[ ]  credit.0006_legacy_appraisal_history_remediation
[ ]  credit.0007_eligibility_active_member_snapshot
[ ]  approvals.0001_initial
[ ]  approvals.0002_approvalcase_workflow_event
[ ]  approvals.0003_approvalmatrixrule_sanctioncommittee
[ ]  approvals.0004_approval_configuration_history_constraints
[ ]  approvals.0005_approvalconfigurationproposal
[ ]  approvals.0006_approvalcase_configuration_snapshot
[ ]  approvals.0007_approvalcase_enrichment_snapshot
[ ]  approvals.0008_approvalaction
[ ]  approvals.0009_sanction_decision_and_case_closure
[ ]  approvals.0010_approvalcasereadscopegrant_and_more
[ ]  approvals.0011_approvalcase_appraisal_facts_json_and_more
[ ]  approvals.0012_approvalconflictdeclaration_and_more
[ ]  approvals.0013_conflict_projection_scope_closure
[ ]  approvals.0014_exceptionregisterentry_and_more
[ ]  approvals.0015_generalmeetingapproval_and_more
[ ]  approvals.0016_creditsanctionregisterentry
[ ]  approvals.0017_exceptionregisterentry_supporting_documents_json
[ ]  approvals.0018_creditsanctionregisterentry_source_review_facts_json
[ ]  approvals.0019_register_source_facts
[ ]  approvals.0020_approvalaction_approver_display_name
[ ]  contenttypes.0001_initial
[ ]  contenttypes.0002_remove_content_type_name
[ ]  documents.0005_deterministic_document_template_constraints
[ ]  finance.0001_initial
[ ]  finance.0002_sap_customer_code_confirmation
[ ]  finance.0003_sap_delivery_replay_contract
[ ]  legal_documents.0013_application_evidence_state_anchor
[ ]  legal_documents.0014_staff_documentation_durable_actions
[ ]  loans.0001_initial
[ ]  sap_workflow.0001_sap_model_owner_state
[ ]  scheduler.0001_initial
[ ]  security_instruments.0001_transfer_security_ownership
[ ]  security_instruments.0002_sh4sharetransferform_and_more
[ ]  security_instruments.0003_cdslsharepledge_and_more
[ ]  security_instruments.0004_migrate_cdsl_field_encryption
[ ]  security_instruments.0005_blankdatedcheque_and_more
[ ]  security_instruments.0006_migrate_opaque_field_tokens
[ ]  tracer.0002_remove_tracer_workflowevent_state
