Creating test database for alias 'default'...
Found 2 test(s).
System check identified no issues (0 silenced).
FF
======================================================================
FAIL: test_list_applications_supports_staff_pagination_filtering_search_and_ordering (sfpcl_credit.tests.test_loan_applications_api.LoanApplicationDraftApiTests.test_list_applications_supports_staff_pagination_filtering_search_and_ordering)
----------------------------------------------------------------------
Traceback (most recent call last):
  File "/Users/amitkallapa/LMS/.ralph/worktrees/2026-07-10_023116_normal_run/sfpcl_credit/tests/test_loan_applications_api.py", line 208, in test_list_applications_supports_staff_pagination_filtering_search_and_ordering
    self.assertEqual(response.status_code, 200)
AssertionError: 405 != 200

======================================================================
FAIL: test_loan_request_register_list_returns_generated_reference_rows (sfpcl_credit.tests.test_loan_applications_api.LoanApplicationDraftApiTests.test_loan_request_register_list_returns_generated_reference_rows)
----------------------------------------------------------------------
Traceback (most recent call last):
  File "/Users/amitkallapa/LMS/.ralph/worktrees/2026-07-10_023116_normal_run/sfpcl_credit/tests/test_loan_applications_api.py", line 249, in test_loan_request_register_list_returns_generated_reference_rows
    self.assertEqual(response.status_code, 200)
AssertionError: 404 != 200

----------------------------------------------------------------------
Ran 2 tests in 12.061s

FAILED (failures=2)
Destroying test database for alias 'default'...
