Creating test database for alias 'default' ('file:memorydb_default?mode=memory&cache=shared')...
Found 9 test(s).
Operations to perform:
  Synchronize unmigrated apps: corsheaders
  Apply all migrations: contenttypes, identity, tracer
Synchronizing apps without migrations:
  Creating tables...
    Running deferred SQL...
Running migrations:
  Applying contenttypes.0001_initial... OK
  Applying contenttypes.0002_remove_content_type_name... OK
  Applying identity.0001_initial... OK
  Applying identity.0002_permission_rolepermission_and_more... OK
  Applying tracer.0001_initial... OK
System check identified no issues (0 silenced).
test_guarded_seed_creates_expected_demo_users_and_active_memberships (sfpcl_credit.tests.test_seed_demo_users.SeedDemoUsersTests.test_guarded_seed_creates_expected_demo_users_and_active_memberships) ... Demo users seed is enabled.
FAIL
test_login_and_logout_use_existing_auth_audit_path (sfpcl_credit.tests.test_seed_demo_users.SeedDemoUsersTests.test_login_and_logout_use_existing_auth_audit_path) ... Demo users seed is enabled.
FAIL
test_read_only_demo_user_gets_standard_permission_denied_for_admin_update (sfpcl_credit.tests.test_seed_demo_users.SeedDemoUsersTests.test_read_only_demo_user_gets_standard_permission_denied_for_admin_update) ... Demo users seed is enabled.
FAIL
test_seed_is_idempotent_and_does_not_touch_e2e_users (sfpcl_credit.tests.test_seed_demo_users.SeedDemoUsersTests.test_seed_is_idempotent_and_does_not_touch_e2e_users) ... Demo users seed is enabled.
Demo users seed is enabled.
FAIL
test_seed_refuses_when_debug_is_true_but_demo_flag_is_missing (sfpcl_credit.tests.test_seed_demo_users.SeedDemoUsersTests.test_seed_refuses_when_debug_is_true_but_demo_flag_is_missing) ... ok
test_seed_refuses_without_explicit_demo_guard (sfpcl_credit.tests.test_seed_demo_users.SeedDemoUsersTests.test_seed_refuses_without_explicit_demo_guard) ... ok
test_seeded_system_admin_logs_in_and_satisfies_auth_me_and_admin_list_contracts (sfpcl_credit.tests.test_seed_demo_users.SeedDemoUsersTests.test_seeded_system_admin_logs_in_and_satisfies_auth_me_and_admin_list_contracts) ... Demo users seed is enabled.
FAIL
test_seeded_tracer_only_user_has_exact_tracer_permission (sfpcl_credit.tests.test_seed_demo_users.SeedDemoUsersTests.test_seeded_tracer_only_user_has_exact_tracer_permission) ... Demo users seed is enabled.
FAIL
test_seeded_zero_permission_user_has_neutral_auth_me_payload (sfpcl_credit.tests.test_seed_demo_users.SeedDemoUsersTests.test_seeded_zero_permission_user_has_neutral_auth_me_payload) ... Demo users seed is enabled.
FAIL

======================================================================
FAIL: test_guarded_seed_creates_expected_demo_users_and_active_memberships (sfpcl_credit.tests.test_seed_demo_users.SeedDemoUsersTests.test_guarded_seed_creates_expected_demo_users_and_active_memberships)
----------------------------------------------------------------------
Traceback (most recent call last):
  File "/Users/amitkallapa/Loan Management System Development/.ralph/worktrees/2026-07-04_184602_normal_run/sfpcl_credit/tests/test_seed_demo_users.py", line 74, in test_guarded_seed_creates_expected_demo_users_and_active_memberships
    self.assertEqual(set(users), set(DEMO_EMAILS))
AssertionError: Items in the second set but not the first:
'demo.compliance@sfpcl.example'
'demo.system_admin@sfpcl.example'
'demo.treasury@sfpcl.example'
'demo.zero@sfpcl.example'
'demo.tracer@sfpcl.example'
'demo.credit_manager@sfpcl.example'
'demo.internal_auditor@sfpcl.example'

======================================================================
FAIL: test_login_and_logout_use_existing_auth_audit_path (sfpcl_credit.tests.test_seed_demo_users.SeedDemoUsersTests.test_login_and_logout_use_existing_auth_audit_path)
----------------------------------------------------------------------
Traceback (most recent call last):
  File "/Users/amitkallapa/Loan Management System Development/.ralph/worktrees/2026-07-04_184602_normal_run/sfpcl_credit/tests/test_seed_demo_users.py", line 217, in test_login_and_logout_use_existing_auth_audit_path
    self.assertEqual(login.status_code, 200, login.content)
AssertionError: 401 != 200 : b'{"success": false, "error": {"code": "INVALID_CREDENTIALS", "message": "Email or password is incorrect.", "details": {}, "field_errors": {}}, "meta": {"request_id": null, "timestamp": "2026-07-04T13:20:06.238149Z", "api_version": "v1"}}'

======================================================================
FAIL: test_read_only_demo_user_gets_standard_permission_denied_for_admin_update (sfpcl_credit.tests.test_seed_demo_users.SeedDemoUsersTests.test_read_only_demo_user_gets_standard_permission_denied_for_admin_update)
----------------------------------------------------------------------
Traceback (most recent call last):
  File "/Users/amitkallapa/Loan Management System Development/.ralph/worktrees/2026-07-04_184602_normal_run/sfpcl_credit/tests/test_seed_demo_users.py", line 237, in test_read_only_demo_user_gets_standard_permission_denied_for_admin_update
    read_only_token = self._login_access_token("demo.internal_auditor@sfpcl.example")
                      ^^^^^^^^^^^^^^^^^^^^^^^^^^^^^^^^^^^^^^^^^^^^^^^^^^^^^^^^^^^^^^^
  File "/Users/amitkallapa/Loan Management System Development/.ralph/worktrees/2026-07-04_184602_normal_run/sfpcl_credit/tests/test_seed_demo_users.py", line 61, in _login_access_token
    self.assertEqual(response.status_code, 200, response.content)
AssertionError: 401 != 200 : b'{"success": false, "error": {"code": "INVALID_CREDENTIALS", "message": "Email or password is incorrect.", "details": {}, "field_errors": {}}, "meta": {"request_id": null, "timestamp": "2026-07-04T13:20:06.240927Z", "api_version": "v1"}}'

======================================================================
FAIL: test_seed_is_idempotent_and_does_not_touch_e2e_users (sfpcl_credit.tests.test_seed_demo_users.SeedDemoUsersTests.test_seed_is_idempotent_and_does_not_touch_e2e_users)
----------------------------------------------------------------------
Traceback (most recent call last):
  File "/Users/amitkallapa/Loan Management System Development/.ralph/worktrees/2026-07-04_184602_normal_run/sfpcl_credit/tests/test_seed_demo_users.py", line 131, in test_seed_is_idempotent_and_does_not_touch_e2e_users
    self.assertEqual(User.objects.filter(email__in=DEMO_EMAILS).count(), 7)
AssertionError: 0 != 7

======================================================================
FAIL: test_seeded_system_admin_logs_in_and_satisfies_auth_me_and_admin_list_contracts (sfpcl_credit.tests.test_seed_demo_users.SeedDemoUsersTests.test_seeded_system_admin_logs_in_and_satisfies_auth_me_and_admin_list_contracts)
----------------------------------------------------------------------
Traceback (most recent call last):
  File "/Users/amitkallapa/Loan Management System Development/.ralph/worktrees/2026-07-04_184602_normal_run/sfpcl_credit/tests/test_seed_demo_users.py", line 154, in test_seeded_system_admin_logs_in_and_satisfies_auth_me_and_admin_list_contracts
    access_token = self._login_access_token(SYSTEM_ADMIN_EMAIL)
                   ^^^^^^^^^^^^^^^^^^^^^^^^^^^^^^^^^^^^^^^^^^^^
  File "/Users/amitkallapa/Loan Management System Development/.ralph/worktrees/2026-07-04_184602_normal_run/sfpcl_credit/tests/test_seed_demo_users.py", line 61, in _login_access_token
    self.assertEqual(response.status_code, 200, response.content)
AssertionError: 401 != 200 : b'{"success": false, "error": {"code": "INVALID_CREDENTIALS", "message": "Email or password is incorrect.", "details": {}, "field_errors": {}}, "meta": {"request_id": null, "timestamp": "2026-07-04T13:20:06.248629Z", "api_version": "v1"}}'

======================================================================
FAIL: test_seeded_tracer_only_user_has_exact_tracer_permission (sfpcl_credit.tests.test_seed_demo_users.SeedDemoUsersTests.test_seeded_tracer_only_user_has_exact_tracer_permission)
----------------------------------------------------------------------
Traceback (most recent call last):
  File "/Users/amitkallapa/Loan Management System Development/.ralph/worktrees/2026-07-04_184602_normal_run/sfpcl_credit/tests/test_seed_demo_users.py", line 179, in test_seeded_tracer_only_user_has_exact_tracer_permission
    access_token = self._login_access_token(TRACER_EMAIL)
                   ^^^^^^^^^^^^^^^^^^^^^^^^^^^^^^^^^^^^^^
  File "/Users/amitkallapa/Loan Management System Development/.ralph/worktrees/2026-07-04_184602_normal_run/sfpcl_credit/tests/test_seed_demo_users.py", line 61, in _login_access_token
    self.assertEqual(response.status_code, 200, response.content)
AssertionError: 401 != 200 : b'{"success": false, "error": {"code": "INVALID_CREDENTIALS", "message": "Email or password is incorrect.", "details": {}, "field_errors": {}}, "meta": {"request_id": null, "timestamp": "2026-07-04T13:20:06.250867Z", "api_version": "v1"}}'

======================================================================
FAIL: test_seeded_zero_permission_user_has_neutral_auth_me_payload (sfpcl_credit.tests.test_seed_demo_users.SeedDemoUsersTests.test_seeded_zero_permission_user_has_neutral_auth_me_payload)
----------------------------------------------------------------------
Traceback (most recent call last):
  File "/Users/amitkallapa/Loan Management System Development/.ralph/worktrees/2026-07-04_184602_normal_run/sfpcl_credit/tests/test_seed_demo_users.py", line 196, in test_seeded_zero_permission_user_has_neutral_auth_me_payload
    access_token = self._login_access_token(ZERO_EMAIL)
                   ^^^^^^^^^^^^^^^^^^^^^^^^^^^^^^^^^^^^
  File "/Users/amitkallapa/Loan Management System Development/.ralph/worktrees/2026-07-04_184602_normal_run/sfpcl_credit/tests/test_seed_demo_users.py", line 61, in _login_access_token
    self.assertEqual(response.status_code, 200, response.content)
AssertionError: 401 != 200 : b'{"success": false, "error": {"code": "INVALID_CREDENTIALS", "message": "Email or password is incorrect.", "details": {}, "field_errors": {}}, "meta": {"request_id": null, "timestamp": "2026-07-04T13:20:06.252869Z", "api_version": "v1"}}'

----------------------------------------------------------------------
Ran 9 tests in 0.023s

FAILED (failures=7)
Destroying test database for alias 'default' ('file:memorydb_default?mode=memory&cache=shared')...
