Creating test database for alias 'default' ('file:memorydb_default?mode=memory&cache=shared')...
Found 2 test(s).
Operations to perform:
  Synchronize unmigrated apps: corsheaders
  Apply all migrations: contenttypes, identity, tracer
Synchronizing apps without migrations:
  Creating tables...
    Running deferred SQL...
Running migrations:
  Applying contenttypes.0001_initial... OK
  Applying contenttypes.0002_remove_content_type_name... OK
  Applying identity.0001_initial... OK
  Applying identity.0002_permission_rolepermission_and_more... OK
  Applying tracer.0001_initial... OK
System check identified no issues (0 silenced).
test_seed_refuses_when_debug_is_true_but_demo_flag_is_missing (sfpcl_credit.tests.test_seed_demo_users.SeedDemoUsersTests.test_seed_refuses_when_debug_is_true_but_demo_flag_is_missing) ... ok
test_seed_refuses_without_explicit_demo_guard (sfpcl_credit.tests.test_seed_demo_users.SeedDemoUsersTests.test_seed_refuses_without_explicit_demo_guard) ... ok

----------------------------------------------------------------------
Ran 2 tests in 0.004s

OK
Destroying test database for alias 'default' ('file:memorydb_default?mode=memory&cache=shared')...
