Command:
RALPH_EVIDENCE_DIR=/Users/amitkallapa/LMS/.ralph/worktrees/2026-07-19_154507_normal_run/.ralph/runs/2026-07-19_174320_repair/evidence/screenshots/run-2 E2E_DJANGO_PYTHON=/Users/amitkallapa/LMS/.ralph/venv/bin/python npm run e2e -- e2e/epic-009-staff-disbursement-closure.e2e.spec.ts

Working directory: sfpcl-lms/


> sfpcl-lms@1.0.0 e2e
> playwright test e2e/epic-009-staff-disbursement-closure.e2e.spec.ts

[2m[WebServer] [22m[19/Jul/2026 12:24:34] "GET /api/v1/health/ready/ HTTP/1.1" 200 202
[2m[WebServer] [22m[33mThe CJS build of Vite's Node API is deprecated. See https://vite.dev/guide/troubleshooting.html#vite-cjs-node-api-deprecated for more details.[39m
[2m[WebServer] [22m(node:6885) Warning: The 'NO_COLOR' env is ignored due to the 'FORCE_COLOR' env being set.
[2m[WebServer] [22m(Use `node --trace-warnings ...` to show where the warning was created)

Running 1 test using 1 worker

[2m[WebServer] [22m[19/Jul/2026 12:24:39] "OPTIONS /api/v1/auth/login/ HTTP/1.1" 200 0
[2m[WebServer] [22m[19/Jul/2026 12:24:39] "POST /api/v1/auth/login/ HTTP/1.1" 200 1315
[2m[WebServer] [22m[19/Jul/2026 12:24:39] "OPTIONS /api/v1/auth/me/ HTTP/1.1" 200 0
[2m[WebServer] [22m[19/Jul/2026 12:24:39] "GET /api/v1/auth/me/ HTTP/1.1" 200 1215
[2m[WebServer] [22m[19/Jul/2026 12:24:39] "OPTIONS /api/v1/dashboard/ HTTP/1.1" 200 0
[2m[WebServer] [22m[19/Jul/2026 12:24:39] "OPTIONS /api/v1/dashboard/ HTTP/1.1" 200 0
[2m[WebServer] [22mForbidden: /api/v1/dashboard/
[2m[WebServer] [22m[19/Jul/2026 12:24:39] "GET /api/v1/dashboard/ HTTP/1.1" 403 250
[2m[WebServer] [22mForbidden: /api/v1/dashboard/
[2m[WebServer] [22m[19/Jul/2026 12:24:39] "GET /api/v1/dashboard/ HTTP/1.1" 403 250
[2m[WebServer] [22m[19/Jul/2026 12:24:40] "OPTIONS /api/v1/loan-accounts/?page=1&page_size=20 HTTP/1.1" 200 0
[2m[WebServer] [22m[19/Jul/2026 12:24:40] "OPTIONS /api/v1/loan-accounts/?page=1&page_size=20 HTTP/1.1" 200 0
[2m[WebServer] [22m[19/Jul/2026 12:24:40] "GET /api/v1/loan-accounts/?page=1&page_size=20 HTTP/1.1" 200 1159
[2m[WebServer] [22m[19/Jul/2026 12:24:40] "GET /api/v1/loan-accounts/?page=1&page_size=20 HTTP/1.1" 200 1159
[2m[WebServer] [22m[19/Jul/2026 12:24:40] "OPTIONS /api/v1/loan-accounts/86cf19a3-5ac4-4379-936b-9723d5e2e0d2/ HTTP/1.1" 200 0
[2m[WebServer] [22m[19/Jul/2026 12:24:40] "GET /api/v1/loan-accounts/86cf19a3-5ac4-4379-936b-9723d5e2e0d2/ HTTP/1.1" 200 1035
[2m[WebServer] [22m[19/Jul/2026 12:24:41] "OPTIONS /api/v1/disbursement-workspaces/?page=1&page_size=20 HTTP/1.1" 200 0
[2m[WebServer] [22m[19/Jul/2026 12:24:41] "OPTIONS /api/v1/disbursement-workspaces/?page=1&page_size=20 HTTP/1.1" 200 0
[2m[WebServer] [22m[19/Jul/2026 12:24:41] "GET /api/v1/disbursement-workspaces/?page=1&page_size=20 HTTP/1.1" 200 4530
[2m[WebServer] [22m[19/Jul/2026 12:24:41] "GET /api/v1/disbursement-workspaces/?page=1&page_size=20 HTTP/1.1" 200 4530
[2m[WebServer] [22m[19/Jul/2026 12:24:42] "GET /api/v1/auth/me/ HTTP/1.1" 200 1215
[2m[WebServer] [22m[19/Jul/2026 12:24:42] "GET /api/v1/auth/me/ HTTP/1.1" 200 1215
[2m[WebServer] [22mForbidden: /api/v1/dashboard/
[2m[WebServer] [22m[19/Jul/2026 12:24:42] "GET /api/v1/dashboard/ HTTP/1.1" 403 250
[2m[WebServer] [22mForbidden: /api/v1/dashboard/
[2m[WebServer] [22m[19/Jul/2026 12:24:42] "GET /api/v1/dashboard/ HTTP/1.1" 403 250
[2m[WebServer] [22m[19/Jul/2026 12:24:43] "GET /api/v1/disbursement-workspaces/?page=1&page_size=20 HTTP/1.1" 200 4549
[2m[WebServer] [22m[19/Jul/2026 12:24:43] "GET /api/v1/disbursement-workspaces/?page=1&page_size=20 HTTP/1.1" 200 4549
[2m[WebServer] [22m[19/Jul/2026 12:24:44] "OPTIONS /api/v1/loan-accounts/86cf19a3-5ac4-4379-936b-9723d5e2e0d2/disbursements/initiate/ HTTP/1.1" 200 0
[2m[WebServer] [22m[19/Jul/2026 12:24:44] "POST /api/v1/loan-accounts/86cf19a3-5ac4-4379-936b-9723d5e2e0d2/disbursements/initiate/ HTTP/1.1" 200 319
[2m[WebServer] [22m[19/Jul/2026 12:24:44] "GET /api/v1/disbursement-workspaces/?page=1&page_size=20 HTTP/1.1" 200 4007
[2m[WebServer] [22m[19/Jul/2026 12:24:44] "POST /api/v1/auth/login/ HTTP/1.1" 200 1335
[2m[WebServer] [22m[19/Jul/2026 12:24:44] "GET /api/v1/auth/me/ HTTP/1.1" 200 775
[2m[WebServer] [22mForbidden: /api/v1/dashboard/
[2m[WebServer] [22m[19/Jul/2026 12:24:45] "GET /api/v1/dashboard/ HTTP/1.1" 403 250
[2m[WebServer] [22mForbidden: /api/v1/dashboard/
[2m[WebServer] [22m[19/Jul/2026 12:24:45] "GET /api/v1/dashboard/ HTTP/1.1" 403 250
[2m[WebServer] [22m[19/Jul/2026 12:24:45] "GET /api/v1/disbursement-workspaces/?page=1&page_size=20 HTTP/1.1" 200 2642
[2m[WebServer] [22m[19/Jul/2026 12:24:45] "GET /api/v1/disbursement-workspaces/?page=1&page_size=20 HTTP/1.1" 200 2642
[2m[WebServer] [22m[19/Jul/2026 12:24:45] "OPTIONS /api/v1/disbursements/7859e55b-8084-424a-9cd7-2f43432c3337/authorise/ HTTP/1.1" 200 0
[2m[WebServer] [22m[19/Jul/2026 12:24:46] "POST /api/v1/disbursements/7859e55b-8084-424a-9cd7-2f43432c3337/authorise/ HTTP/1.1" 200 373
[2m[WebServer] [22m[19/Jul/2026 12:24:46] "GET /api/v1/disbursement-workspaces/?page=1&page_size=20 HTTP/1.1" 200 280
[2m[WebServer] [22m[19/Jul/2026 12:24:47] "POST /api/v1/auth/login/ HTTP/1.1" 200 1315
[2m[WebServer] [22m[19/Jul/2026 12:24:47] "GET /api/v1/auth/me/ HTTP/1.1" 200 1215
[2m[WebServer] [22mForbidden: /api/v1/dashboard/
[2m[WebServer] [22m[19/Jul/2026 12:24:47] "GET /api/v1/dashboard/ HTTP/1.1" 403 250
[2m[WebServer] [22mForbidden: /api/v1/dashboard/
[2m[WebServer] [22m[19/Jul/2026 12:24:47] "GET /api/v1/dashboard/ HTTP/1.1" 403 250
[2m[WebServer] [22m[19/Jul/2026 12:24:47] "GET /api/v1/disbursement-workspaces/?page=1&page_size=20 HTTP/1.1" 200 4739
[2m[WebServer] [22m[19/Jul/2026 12:24:47] "GET /api/v1/disbursement-workspaces/?page=1&page_size=20 HTTP/1.1" 200 4739
[2m[WebServer] [22m[19/Jul/2026 12:24:48] "OPTIONS /api/v1/notifications/?category=finance HTTP/1.1" 200 0
[2m[WebServer] [22m[19/Jul/2026 12:24:48] "GET /api/v1/notifications/?category=finance HTTP/1.1" 200 1715
[2m[WebServer] [22m[19/Jul/2026 12:24:48] "OPTIONS /api/v1/disbursements/7859e55b-8084-424a-9cd7-2f43432c3337/mark-transfer-successful/ HTTP/1.1" 200 0
[2m[WebServer] [22m[19/Jul/2026 12:24:48] "POST /api/v1/disbursements/7859e55b-8084-424a-9cd7-2f43432c3337/mark-transfer-successful/ HTTP/1.1" 200 466
[2m[WebServer] [22m[19/Jul/2026 12:24:48] "GET /api/v1/disbursement-workspaces/?page=1&page_size=20 HTTP/1.1" 200 4585
[2m[WebServer] [22m[19/Jul/2026 12:24:49] "POST /api/v1/auth/login/ HTTP/1.1" 200 1286
[2m[WebServer] [22m[19/Jul/2026 12:24:49] "GET /api/v1/auth/me/ HTTP/1.1" 200 914
[2m[WebServer] [22mForbidden: /api/v1/dashboard/
[2m[WebServer] [22m[19/Jul/2026 12:24:49] "GET /api/v1/dashboard/ HTTP/1.1" 403 250
[2m[WebServer] [22mForbidden: /api/v1/dashboard/
[2m[WebServer] [22m[19/Jul/2026 12:24:49] "GET /api/v1/dashboard/ HTTP/1.1" 403 250
[2m[WebServer] [22m[19/Jul/2026 12:24:49] "GET /api/v1/loan-accounts/?page=1&page_size=20 HTTP/1.1" 200 1196
[2m[WebServer] [22m[19/Jul/2026 12:24:49] "GET /api/v1/loan-accounts/?page=1&page_size=20 HTTP/1.1" 200 1196
[2m[WebServer] [22m[19/Jul/2026 12:24:50] "GET /api/v1/loan-accounts/86cf19a3-5ac4-4379-936b-9723d5e2e0d2/ HTTP/1.1" 200 1072
[2m[WebServer] [22m[19/Jul/2026 12:24:51] "POST /api/v1/auth/login/ HTTP/1.1" 200 1315
[2m[WebServer] [22m[19/Jul/2026 12:24:51] "GET /api/v1/auth/me/ HTTP/1.1" 200 1215
[2m[WebServer] [22mForbidden: /api/v1/dashboard/
[2m[WebServer] [22m[19/Jul/2026 12:24:51] "GET /api/v1/dashboard/ HTTP/1.1" 403 250
[2m[WebServer] [22mForbidden: /api/v1/dashboard/
[2m[WebServer] [22m[19/Jul/2026 12:24:51] "GET /api/v1/dashboard/ HTTP/1.1" 403 250
[2m[WebServer] [22m[19/Jul/2026 12:24:51] "OPTIONS /api/v1/notifications/ HTTP/1.1" 200 0
[2m[WebServer] [22m[19/Jul/2026 12:24:51] "OPTIONS /api/v1/notifications/ HTTP/1.1" 200 0
[2m[WebServer] [22m[19/Jul/2026 12:24:51] "GET /api/v1/notifications/ HTTP/1.1" 200 2695
[2m[WebServer] [22m[19/Jul/2026 12:24:51] "GET /api/v1/notifications/ HTTP/1.1" 200 2695
[2m[WebServer] [22m[19/Jul/2026 12:24:51] "OPTIONS /api/v1/loan-accounts/00000000-0000-4000-8000-000000000999/ HTTP/1.1" 200 0
[2m[WebServer] [22m[19/Jul/2026 12:24:51] "OPTIONS /api/v1/loan-accounts/00000000-0000-4000-8000-000000000999/ HTTP/1.1" 200 0
[2m[WebServer] [22mNot Found: /api/v1/loan-accounts/00000000-0000-4000-8000-000000000999/
[2m[WebServer] [22m[19/Jul/2026 12:24:51] "GET /api/v1/loan-accounts/00000000-0000-4000-8000-000000000999/ HTTP/1.1" 404 279
[2m[WebServer] [22mNot Found: /api/v1/loan-accounts/00000000-0000-4000-8000-000000000999/
[2m[WebServer] [22m[19/Jul/2026 12:24:51] "GET /api/v1/loan-accounts/00000000-0000-4000-8000-000000000999/ HTTP/1.1" 404 279
  ✓  1 [chromium] › epic-009-staff-disbursement-closure.e2e.spec.ts:36:5 › S36-S41 and initial Loan Account 360 use real Django and retain distinct evidence (14.4s)

  1 passed (45.3s)

Duration milliseconds: 46827
Exit code: 0
Screenshot evidence exit code: 0
Screenshot manifest: /Users/amitkallapa/LMS/.ralph/worktrees/2026-07-19_154507_normal_run/.ralph/runs/2026-07-19_174320_repair/evidence/trusted-browser-screenshots-2.sha256
