Command:
RALPH_EVIDENCE_DIR=/Users/amitkallapa/LMS/.ralph/worktrees/2026-07-19_154507_normal_run/.ralph/runs/2026-07-19_174320_repair/evidence/screenshots/run-1 E2E_DJANGO_PYTHON=/Users/amitkallapa/LMS/.ralph/venv/bin/python npm run e2e -- e2e/epic-009-staff-disbursement-closure.e2e.spec.ts

Working directory: sfpcl-lms/


> sfpcl-lms@1.0.0 e2e
> playwright test e2e/epic-009-staff-disbursement-closure.e2e.spec.ts

[2m[WebServer] [22m[19/Jul/2026 12:23:45] "GET /api/v1/health/ready/ HTTP/1.1" 200 202
[2m[WebServer] [22m[33mThe CJS build of Vite's Node API is deprecated. See https://vite.dev/guide/troubleshooting.html#vite-cjs-node-api-deprecated for more details.[39m
[2m[WebServer] [22m(node:3168) Warning: The 'NO_COLOR' env is ignored due to the 'FORCE_COLOR' env being set.
[2m[WebServer] [22m(Use `node --trace-warnings ...` to show where the warning was created)

Running 1 test using 1 worker

[2m[WebServer] [22m[19/Jul/2026 12:23:52] "OPTIONS /api/v1/auth/login/ HTTP/1.1" 200 0
[2m[WebServer] [22m[19/Jul/2026 12:23:53] "POST /api/v1/auth/login/ HTTP/1.1" 200 1315
[2m[WebServer] [22m[19/Jul/2026 12:23:53] "OPTIONS /api/v1/auth/me/ HTTP/1.1" 200 0
[2m[WebServer] [22m[19/Jul/2026 12:23:53] "GET /api/v1/auth/me/ HTTP/1.1" 200 1215
[2m[WebServer] [22m[19/Jul/2026 12:23:53] "OPTIONS /api/v1/dashboard/ HTTP/1.1" 200 0
[2m[WebServer] [22m[19/Jul/2026 12:23:53] "OPTIONS /api/v1/dashboard/ HTTP/1.1" 200 0
[2m[WebServer] [22mForbidden: /api/v1/dashboard/
[2m[WebServer] [22m[19/Jul/2026 12:23:53] "GET /api/v1/dashboard/ HTTP/1.1" 403 250
[2m[WebServer] [22mForbidden: /api/v1/dashboard/
[2m[WebServer] [22m[19/Jul/2026 12:23:53] "GET /api/v1/dashboard/ HTTP/1.1" 403 250
[2m[WebServer] [22m[19/Jul/2026 12:23:53] "OPTIONS /api/v1/loan-accounts/?page=1&page_size=20 HTTP/1.1" 200 0
[2m[WebServer] [22m[19/Jul/2026 12:23:53] "OPTIONS /api/v1/loan-accounts/?page=1&page_size=20 HTTP/1.1" 200 0
[2m[WebServer] [22m[19/Jul/2026 12:23:53] "GET /api/v1/loan-accounts/?page=1&page_size=20 HTTP/1.1" 200 1159
[2m[WebServer] [22m[19/Jul/2026 12:23:53] "GET /api/v1/loan-accounts/?page=1&page_size=20 HTTP/1.1" 200 1159
[2m[WebServer] [22m[19/Jul/2026 12:23:54] "OPTIONS /api/v1/loan-accounts/3e73de30-c4c8-48e3-b81f-c8736839af13/ HTTP/1.1" 200 0
[2m[WebServer] [22m[19/Jul/2026 12:23:54] "GET /api/v1/loan-accounts/3e73de30-c4c8-48e3-b81f-c8736839af13/ HTTP/1.1" 200 1035
[2m[WebServer] [22m[19/Jul/2026 12:23:54] "OPTIONS /api/v1/disbursement-workspaces/?page=1&page_size=20 HTTP/1.1" 200 0
[2m[WebServer] [22m[19/Jul/2026 12:23:54] "OPTIONS /api/v1/disbursement-workspaces/?page=1&page_size=20 HTTP/1.1" 200 0
[2m[WebServer] [22m[19/Jul/2026 12:23:54] "GET /api/v1/disbursement-workspaces/?page=1&page_size=20 HTTP/1.1" 200 4530
[2m[WebServer] [22m[19/Jul/2026 12:23:54] "GET /api/v1/disbursement-workspaces/?page=1&page_size=20 HTTP/1.1" 200 4530
[2m[WebServer] [22m[19/Jul/2026 12:23:56] "GET /api/v1/auth/me/ HTTP/1.1" 200 1215
[2m[WebServer] [22m[19/Jul/2026 12:23:56] "GET /api/v1/auth/me/ HTTP/1.1" 200 1215
[2m[WebServer] [22mForbidden: /api/v1/dashboard/
[2m[WebServer] [22m[19/Jul/2026 12:23:56] "GET /api/v1/dashboard/ HTTP/1.1" 403 250
[2m[WebServer] [22mForbidden: /api/v1/dashboard/
[2m[WebServer] [22m[19/Jul/2026 12:23:56] "GET /api/v1/dashboard/ HTTP/1.1" 403 250
[2m[WebServer] [22m[19/Jul/2026 12:23:56] "GET /api/v1/disbursement-workspaces/?page=1&page_size=20 HTTP/1.1" 200 4549
[2m[WebServer] [22m[19/Jul/2026 12:23:56] "GET /api/v1/disbursement-workspaces/?page=1&page_size=20 HTTP/1.1" 200 4549
[2m[WebServer] [22m[19/Jul/2026 12:23:57] "OPTIONS /api/v1/loan-accounts/3e73de30-c4c8-48e3-b81f-c8736839af13/disbursements/initiate/ HTTP/1.1" 200 0
[2m[WebServer] [22m[19/Jul/2026 12:23:57] "POST /api/v1/loan-accounts/3e73de30-c4c8-48e3-b81f-c8736839af13/disbursements/initiate/ HTTP/1.1" 200 319
[2m[WebServer] [22m[19/Jul/2026 12:23:57] "GET /api/v1/disbursement-workspaces/?page=1&page_size=20 HTTP/1.1" 200 4007
[2m[WebServer] [22m[19/Jul/2026 12:23:58] "POST /api/v1/auth/login/ HTTP/1.1" 200 1335
[2m[WebServer] [22m[19/Jul/2026 12:23:58] "GET /api/v1/auth/me/ HTTP/1.1" 200 775
[2m[WebServer] [22mForbidden: /api/v1/dashboard/
[2m[WebServer] [22m[19/Jul/2026 12:23:58] "GET /api/v1/dashboard/ HTTP/1.1" 403 250
[2m[WebServer] [22mForbidden: /api/v1/dashboard/
[2m[WebServer] [22m[19/Jul/2026 12:23:58] "GET /api/v1/dashboard/ HTTP/1.1" 403 250
[2m[WebServer] [22m[19/Jul/2026 12:23:58] "GET /api/v1/disbursement-workspaces/?page=1&page_size=20 HTTP/1.1" 200 2642
[2m[WebServer] [22m[19/Jul/2026 12:23:58] "GET /api/v1/disbursement-workspaces/?page=1&page_size=20 HTTP/1.1" 200 2642
[2m[WebServer] [22m[19/Jul/2026 12:23:59] "OPTIONS /api/v1/disbursements/cdcbd512-3bdb-49b0-8adf-9974ed05b0c2/authorise/ HTTP/1.1" 200 0
[2m[WebServer] [22m[19/Jul/2026 12:23:59] "POST /api/v1/disbursements/cdcbd512-3bdb-49b0-8adf-9974ed05b0c2/authorise/ HTTP/1.1" 200 373
[2m[WebServer] [22m[19/Jul/2026 12:23:59] "GET /api/v1/disbursement-workspaces/?page=1&page_size=20 HTTP/1.1" 200 280
[2m[WebServer] [22m[19/Jul/2026 12:24:00] "POST /api/v1/auth/login/ HTTP/1.1" 200 1315
[2m[WebServer] [22m[19/Jul/2026 12:24:00] "GET /api/v1/auth/me/ HTTP/1.1" 200 1215
[2m[WebServer] [22mForbidden: /api/v1/dashboard/
[2m[WebServer] [22m[19/Jul/2026 12:24:00] "GET /api/v1/dashboard/ HTTP/1.1" 403 250
[2m[WebServer] [22mForbidden: /api/v1/dashboard/
[2m[WebServer] [22m[19/Jul/2026 12:24:00] "GET /api/v1/dashboard/ HTTP/1.1" 403 250
[2m[WebServer] [22m[19/Jul/2026 12:24:00] "GET /api/v1/disbursement-workspaces/?page=1&page_size=20 HTTP/1.1" 200 4739
[2m[WebServer] [22m[19/Jul/2026 12:24:01] "GET /api/v1/disbursement-workspaces/?page=1&page_size=20 HTTP/1.1" 200 4739
[2m[WebServer] [22m[19/Jul/2026 12:24:01] "OPTIONS /api/v1/notifications/?category=finance HTTP/1.1" 200 0
[2m[WebServer] [22m[19/Jul/2026 12:24:01] "GET /api/v1/notifications/?category=finance HTTP/1.1" 200 1715
[2m[WebServer] [22m[19/Jul/2026 12:24:01] "OPTIONS /api/v1/disbursements/cdcbd512-3bdb-49b0-8adf-9974ed05b0c2/mark-transfer-successful/ HTTP/1.1" 200 0
[2m[WebServer] [22m[19/Jul/2026 12:24:01] "POST /api/v1/disbursements/cdcbd512-3bdb-49b0-8adf-9974ed05b0c2/mark-transfer-successful/ HTTP/1.1" 200 466
[2m[WebServer] [22m[19/Jul/2026 12:24:01] "GET /api/v1/disbursement-workspaces/?page=1&page_size=20 HTTP/1.1" 200 4585
[2m[WebServer] [22m[19/Jul/2026 12:24:02] "POST /api/v1/auth/login/ HTTP/1.1" 200 1286
[2m[WebServer] [22m[19/Jul/2026 12:24:02] "GET /api/v1/auth/me/ HTTP/1.1" 200 914
[2m[WebServer] [22mForbidden: /api/v1/dashboard/
[2m[WebServer] [22m[19/Jul/2026 12:24:02] "GET /api/v1/dashboard/ HTTP/1.1" 403 250
[2m[WebServer] [22mForbidden: /api/v1/dashboard/
[2m[WebServer] [22m[19/Jul/2026 12:24:02] "GET /api/v1/dashboard/ HTTP/1.1" 403 250
[2m[WebServer] [22m[19/Jul/2026 12:24:03] "GET /api/v1/loan-accounts/?page=1&page_size=20 HTTP/1.1" 200 1196
[2m[WebServer] [22m[19/Jul/2026 12:24:03] "GET /api/v1/loan-accounts/?page=1&page_size=20 HTTP/1.1" 200 1196
[2m[WebServer] [22m[19/Jul/2026 12:24:03] "GET /api/v1/loan-accounts/3e73de30-c4c8-48e3-b81f-c8736839af13/ HTTP/1.1" 200 1072
[2m[WebServer] [22m[19/Jul/2026 12:24:04] "POST /api/v1/auth/login/ HTTP/1.1" 200 1315
[2m[WebServer] [22m[19/Jul/2026 12:24:04] "GET /api/v1/auth/me/ HTTP/1.1" 200 1215
[2m[WebServer] [22mForbidden: /api/v1/dashboard/
[2m[WebServer] [22m[19/Jul/2026 12:24:04] "GET /api/v1/dashboard/ HTTP/1.1" 403 250
[2m[WebServer] [22mForbidden: /api/v1/dashboard/
[2m[WebServer] [22m[19/Jul/2026 12:24:04] "GET /api/v1/dashboard/ HTTP/1.1" 403 250
[2m[WebServer] [22m[19/Jul/2026 12:24:04] "OPTIONS /api/v1/notifications/ HTTP/1.1" 200 0
[2m[WebServer] [22m[19/Jul/2026 12:24:04] "OPTIONS /api/v1/notifications/ HTTP/1.1" 200 0
[2m[WebServer] [22m[19/Jul/2026 12:24:04] "GET /api/v1/notifications/ HTTP/1.1" 200 2695
[2m[WebServer] [22m[19/Jul/2026 12:24:04] "GET /api/v1/notifications/ HTTP/1.1" 200 2695
[2m[WebServer] [22m[19/Jul/2026 12:24:04] "OPTIONS /api/v1/loan-accounts/00000000-0000-4000-8000-000000000999/ HTTP/1.1" 200 0
[2m[WebServer] [22m[19/Jul/2026 12:24:04] "OPTIONS /api/v1/loan-accounts/00000000-0000-4000-8000-000000000999/ HTTP/1.1" 200 0
[2m[WebServer] [22mNot Found: /api/v1/loan-accounts/00000000-0000-4000-8000-000000000999/
[2m[WebServer] [22m[19/Jul/2026 12:24:04] "GET /api/v1/loan-accounts/00000000-0000-4000-8000-000000000999/ HTTP/1.1" 404 279
[2m[WebServer] [22mNot Found: /api/v1/loan-accounts/00000000-0000-4000-8000-000000000999/
[2m[WebServer] [22m[19/Jul/2026 12:24:04] "GET /api/v1/loan-accounts/00000000-0000-4000-8000-000000000999/ HTTP/1.1" 404 279
  ✓  1 [chromium] › epic-009-staff-disbursement-closure.e2e.spec.ts:36:5 › S36-S41 and initial Loan Account 360 use real Django and retain distinct evidence (14.8s)

  1 passed (47.1s)

Duration milliseconds: 48572
Exit code: 0
Screenshot evidence exit code: 0
Screenshot manifest: /Users/amitkallapa/LMS/.ralph/worktrees/2026-07-19_154507_normal_run/.ralph/runs/2026-07-19_174320_repair/evidence/trusted-browser-screenshots-1.sha256
