Command:
RALPH_EVIDENCE_DIR=/Users/amitkallapa/LMS/.ralph/worktrees/2026-07-19_154507_normal_run/.ralph/runs/2026-07-19_161645_repair/evidence/screenshots/run-1 E2E_DJANGO_PYTHON=/Users/amitkallapa/LMS/.ralph/venv/bin/python npm run e2e -- e2e/epic-009-staff-disbursement-closure.e2e.spec.ts

Working directory: sfpcl-lms/


> sfpcl-lms@1.0.0 e2e
> playwright test e2e/epic-009-staff-disbursement-closure.e2e.spec.ts

[2m[WebServer] [22m[19/Jul/2026 10:53:41] "GET /api/v1/health/ready/ HTTP/1.1" 200 202
[2m[WebServer] [22m[33mThe CJS build of Vite's Node API is deprecated. See https://vite.dev/guide/troubleshooting.html#vite-cjs-node-api-deprecated for more details.[39m
[2m[WebServer] [22m(node:90803) Warning: The 'NO_COLOR' env is ignored due to the 'FORCE_COLOR' env being set.
[2m[WebServer] [22m(Use `node --trace-warnings ...` to show where the warning was created)

Running 1 test using 1 worker

[2m[WebServer] [22m[19/Jul/2026 10:53:46] "OPTIONS /api/v1/auth/login/ HTTP/1.1" 200 0
[2m[WebServer] [22m[19/Jul/2026 10:53:47] "POST /api/v1/auth/login/ HTTP/1.1" 200 1315
[2m[WebServer] [22m[19/Jul/2026 10:53:47] "OPTIONS /api/v1/auth/me/ HTTP/1.1" 200 0
[2m[WebServer] [22m[19/Jul/2026 10:53:47] "GET /api/v1/auth/me/ HTTP/1.1" 200 1141
[2m[WebServer] [22m[19/Jul/2026 10:53:47] "OPTIONS /api/v1/dashboard/ HTTP/1.1" 200 0
[2m[WebServer] [22m[19/Jul/2026 10:53:47] "OPTIONS /api/v1/dashboard/ HTTP/1.1" 200 0
[2m[WebServer] [22mForbidden: /api/v1/dashboard/
[2m[WebServer] [22m[19/Jul/2026 10:53:47] "GET /api/v1/dashboard/ HTTP/1.1" 403 250
[2m[WebServer] [22mForbidden: /api/v1/dashboard/
[2m[WebServer] [22m[19/Jul/2026 10:53:47] "GET /api/v1/dashboard/ HTTP/1.1" 403 250
[2m[WebServer] [22m[19/Jul/2026 10:53:47] "OPTIONS /api/v1/loan-accounts/?page=1&page_size=20 HTTP/1.1" 200 0
[2m[WebServer] [22m[19/Jul/2026 10:53:47] "OPTIONS /api/v1/loan-accounts/?page=1&page_size=20 HTTP/1.1" 200 0
[2m[WebServer] [22m[19/Jul/2026 10:53:47] "GET /api/v1/loan-accounts/?page=1&page_size=20 HTTP/1.1" 200 1159
[2m[WebServer] [22m[19/Jul/2026 10:53:47] "GET /api/v1/loan-accounts/?page=1&page_size=20 HTTP/1.1" 200 1159
[2m[WebServer] [22m[19/Jul/2026 10:53:47] "OPTIONS /api/v1/loan-accounts/0d633b7c-51e5-4c75-96d5-40225ddabcb7/ HTTP/1.1" 200 0
[2m[WebServer] [22m[19/Jul/2026 10:53:47] "GET /api/v1/loan-accounts/0d633b7c-51e5-4c75-96d5-40225ddabcb7/ HTTP/1.1" 200 1035
[2m[WebServer] [22m[19/Jul/2026 10:53:47] "OPTIONS /api/v1/disbursement-workspaces/?page=1&page_size=20 HTTP/1.1" 200 0
[2m[WebServer] [22m[19/Jul/2026 10:53:47] "OPTIONS /api/v1/disbursement-workspaces/?page=1&page_size=20 HTTP/1.1" 200 0
[2m[WebServer] [22m[19/Jul/2026 10:53:48] "GET /api/v1/disbursement-workspaces/?page=1&page_size=20 HTTP/1.1" 200 4530
[2m[WebServer] [22m[19/Jul/2026 10:53:48] "GET /api/v1/disbursement-workspaces/?page=1&page_size=20 HTTP/1.1" 200 4530
  ✘  1 [chromium] › epic-009-staff-disbursement-closure.e2e.spec.ts:35:5 › S36-S41 and initial Loan Account 360 use real Django and retain distinct evidence (9.5s)


  1) [chromium] › epic-009-staff-disbursement-closure.e2e.spec.ts:35:5 › S36-S41 and initial Loan Account 360 use real Django and retain distinct evidence 

    Error: [31mTimed out 5000ms waiting for [39m[2mexpect([22m[31mlocator[39m[2m).[22mtoBeEnabled[2m()[22m

    Locator: getByRole('button', { name: 'Initiate payment' })
    Expected: enabled
    Received: disabled
    Call log:
    [2m  - expect.toBeEnabled with timeout 5000ms[22m
    [2m  - waiting for getByRole('button', { name: 'Initiate payment' })[22m
    [2m    9 × locator resolved to <button disabled type="button" class="btn-primary mt-4 w-full flex items-center justify-center gap-2">…</button>[22m
    [2m      - unexpected value "disabled"[22m


      62 |   await open(page, 'SAP & Disbursement');
      63 |   await expect(page.getByRole('heading', { name: 'Payment Initiation', exact: true })).toBeVisible();
    > 64 |   await expect(page.getByRole('button', { name: 'Initiate payment' })).toBeEnabled();
         |                                                                        ^
      65 |   await shot(page, 'payment-initiation.png');
      66 |   await page.getByLabel('Final verification comments').fill('All current owner evidence verified.');
      67 |   await page.getByRole('button', { name: 'Initiate payment' }).click();
        at /Users/amitkallapa/LMS/.ralph/worktrees/2026-07-19_154507_normal_run/sfpcl-lms/e2e/epic-009-staff-disbursement-closure.e2e.spec.ts:64:72

  1 failed
    [chromium] › epic-009-staff-disbursement-closure.e2e.spec.ts:35:5 › S36-S41 and initial Loan Account 360 use real Django and retain distinct evidence 

Duration milliseconds: 39692
Exit code: 1
Screenshot evidence exit code: 1
Screenshot manifest: /Users/amitkallapa/LMS/.ralph/worktrees/2026-07-19_154507_normal_run/.ralph/runs/2026-07-19_161645_repair/evidence/trusted-browser-screenshots-1.sha256
