Using existing test database for alias 'default' ('test_sfpcl_credit')...
Found 1 test(s).
Operations to perform:
  Synchronize unmigrated apps: corsheaders
  Apply all migrations: applications, approvals, communications, configurations, contenttypes, credit, documents, identity, members, scheduler, tracer, workflows
Synchronizing apps without migrations:
  Creating tables...
    Running deferred SQL...
Running migrations:
  Applying approvals.0011_approvalcase_appraisal_facts_json_and_more... OK
  Applying approvals.0012_approvalconflictdeclaration_and_more... OK
  Applying approvals.0013_conflict_projection_scope_closure... OK
  Applying approvals.0014_exceptionregisterentry_and_more... OK
  Applying approvals.0015_generalmeetingapproval_and_more... OK
  Applying approvals.0016_creditsanctionregisterentry... OK
  Applying approvals.0017_exceptionregisterentry_supporting_documents_json... OK
  Applying approvals.0018_creditsanctionregisterentry_source_review_facts_json... OK
  Applying approvals.0019_register_source_facts... OK
  Applying approvals.0020_approvalaction_approver_display_name... OK
  Applying documents.0002_documenttemplate... OK
System check identified no issues (0 silenced).
test_five_overlapping_first_versions_persist_one_winner_and_evidence_set (sfpcl_credit.tests.test_document_templates_api.DocumentTemplateConcurrencyTests.test_five_overlapping_first_versions_persist_one_winner_and_evidence_set) ... FAIL

======================================================================
FAIL: test_five_overlapping_first_versions_persist_one_winner_and_evidence_set (sfpcl_credit.tests.test_document_templates_api.DocumentTemplateConcurrencyTests.test_five_overlapping_first_versions_persist_one_winner_and_evidence_set)
----------------------------------------------------------------------
Traceback (most recent call last):
  File "/Users/amitkallapa/LMS/.ralph/worktrees/2026-07-14_081204_normal_run/sfpcl_credit/tests/test_document_templates_api.py", line 594, in test_five_overlapping_first_versions_persist_one_winner_and_evidence_set
    self.assertEqual(statuses.count(200), 1, results)
AssertionError: 4 != 1 : [(200, {'success': True, 'data': {'document_template_id': '5c7a8602-502d-4183-a8a4-704ffc276951', 'template_code': 'annexure_e_first_race_v0', 'template_name': 'Term Sheet', 'document_type': 'term_sheet', 'borrower_type': 'individual_farmer', 'template_version': '1.0', 'template_file_id': None, 'template_file_name': None, 'merge_fields': ['borrower_name', 'loan_amount'], 'approval_status': 'approved', 'effective_from': '2026-01-01', 'effective_to': '2026-06-30', 'created_at': '2026-07-14T02:49:13.866904Z'}, 'meta': {'request_id': 'req-template-first-race-0', 'timestamp': '2026-07-14T02:49:13.878926Z', 'api_version': 'v1'}}), (200, {'success': True, 'data': {'document_template_id': 'bf6f5355-56ab-48e5-bfaf-0aa89b04b719', 'template_code': 'annexure_e_first_race_v1', 'template_name': 'Term Sheet', 'document_type': 'term_sheet', 'borrower_type': 'individual_farmer', 'template_version': '1.1', 'template_file_id': None, 'template_file_name': None, 'merge_fields': ['borrower_name', 'loan_amount'], 'approval_status': 'approved', 'effective_from': '2026-01-01', 'effective_to': '2026-06-30', 'created_at': '2026-07-14T02:49:13.867819Z'}, 'meta': {'request_id': 'req-template-first-race-1', 'timestamp': '2026-07-14T02:49:13.877693Z', 'api_version': 'v1'}}), (200, {'success': True, 'data': {'document_template_id': '262b22fd-b4d6-4134-8b4e-3c54aa50657b', 'template_code': 'annexure_e_first_race_v2', 'template_name': 'Term Sheet', 'document_type': 'term_sheet', 'borrower_type': 'individual_farmer', 'template_version': '1.2', 'template_file_id': None, 'template_file_name': None, 'merge_fields': ['borrower_name', 'loan_amount'], 'approval_status': 'approved', 'effective_from': '2026-01-01', 'effective_to': '2026-06-30', 'created_at': '2026-07-14T02:49:13.876584Z'}, 'meta': {'request_id': 'req-template-first-race-2', 'timestamp': '2026-07-14T02:49:13.882284Z', 'api_version': 'v1'}}), (200, {'success': True, 'data': {'document_template_id': '21494a0f-2079-4ae2-9195-a745de0354fb', 'template_code': 'annexure_e_first_race_v3', 'template_name': 'Term Sheet', 'document_type': 'term_sheet', 'borrower_type': 'individual_farmer', 'template_version': '1.3', 'template_file_id': None, 'template_file_name': None, 'merge_fields': ['borrower_name', 'loan_amount'], 'approval_status': 'approved', 'effective_from': '2026-01-01', 'effective_to': '2026-06-30', 'created_at': '2026-07-14T02:49:13.877503Z'}, 'meta': {'request_id': 'req-template-first-race-3', 'timestamp': '2026-07-14T02:49:13.883350Z', 'api_version': 'v1'}}), (400, {'success': False, 'error': {'code': 'VALIDATION_ERROR', 'message': 'Document template failed validation.', 'details': {}, 'field_errors': {'effective_from': 'Approved effective versions must not overlap.'}}, 'meta': {'request_id': 'req-template-first-race-4', 'timestamp': '2026-07-14T02:49:13.887040Z', 'api_version': 'v1'}})]

----------------------------------------------------------------------
Ran 1 test in 0.401s

FAILED (failures=1)
Preserving test database for alias 'default' ('test_sfpcl_credit')...
