Creating test database for alias 'default'...
Found 22 test(s).
System check identified no issues (0 silenced).
..........Demo users seeded: demo.cfo@sfpcl.example, demo.director1@sfpcl.example, demo.director2@sfpcl.example, demo.system_admin@sfpcl.example, demo.credit_manager@sfpcl.example, demo.compliance@sfpcl.example, demo.treasury@sfpcl.example, demo.internal_auditor@sfpcl.example, demo.tracer@sfpcl.example, demo.zero@sfpcl.example (predictable local/dev password set; do not use in production).
Approval configuration seeded: Demo Sanction Committee FY 2026 (seed-2026-1).
.Demo users seeded: demo.cfo@sfpcl.example, demo.director1@sfpcl.example, demo.director2@sfpcl.example, demo.system_admin@sfpcl.example, demo.credit_manager@sfpcl.example, demo.compliance@sfpcl.example, demo.treasury@sfpcl.example, demo.internal_auditor@sfpcl.example, demo.tracer@sfpcl.example, demo.zero@sfpcl.example (predictable local/dev password set; do not use in production).
Approval configuration seeded: Demo Sanction Committee FY 2026 (seed-2026-1).
.Demo users seeded: demo.cfo@sfpcl.example, demo.director1@sfpcl.example, demo.director2@sfpcl.example, demo.system_admin@sfpcl.example, demo.credit_manager@sfpcl.example, demo.compliance@sfpcl.example, demo.treasury@sfpcl.example, demo.internal_auditor@sfpcl.example, demo.tracer@sfpcl.example, demo.zero@sfpcl.example (predictable local/dev password set; do not use in production).
Approval configuration seeded: Demo Sanction Committee FY 2026 (seed-2026-1).
.Demo users seeded: demo.cfo@sfpcl.example, demo.director1@sfpcl.example, demo.director2@sfpcl.example, demo.system_admin@sfpcl.example, demo.credit_manager@sfpcl.example, demo.compliance@sfpcl.example, demo.treasury@sfpcl.example, demo.internal_auditor@sfpcl.example, demo.tracer@sfpcl.example, demo.zero@sfpcl.example (predictable local/dev password set; do not use in production).
Approval configuration seeded: Demo Sanction Committee FY 2026 (seed-2026-1).
Demo users seeded: demo.cfo@sfpcl.example, demo.director1@sfpcl.example, demo.director2@sfpcl.example, demo.system_admin@sfpcl.example, demo.credit_manager@sfpcl.example, demo.compliance@sfpcl.example, demo.treasury@sfpcl.example, demo.internal_auditor@sfpcl.example, demo.tracer@sfpcl.example, demo.zero@sfpcl.example (predictable local/dev password set; do not use in production).
Approval configuration seeded: Demo Sanction Committee FY 2026 (seed-2026-1).
.Demo users seeded: demo.cfo@sfpcl.example, demo.director1@sfpcl.example, demo.director2@sfpcl.example, demo.system_admin@sfpcl.example, demo.credit_manager@sfpcl.example, demo.compliance@sfpcl.example, demo.treasury@sfpcl.example, demo.internal_auditor@sfpcl.example, demo.tracer@sfpcl.example, demo.zero@sfpcl.example (predictable local/dev password set; do not use in production).
Approval configuration seeded: Demo Sanction Committee FY 2026 (seed-2026-1).
...Demo users seeded: demo.cfo@sfpcl.example, demo.director1@sfpcl.example, demo.director2@sfpcl.example, demo.system_admin@sfpcl.example, demo.credit_manager@sfpcl.example, demo.compliance@sfpcl.example, demo.treasury@sfpcl.example, demo.internal_auditor@sfpcl.example, demo.tracer@sfpcl.example, demo.zero@sfpcl.example (predictable local/dev password set; do not use in production).
Approval configuration seeded: Demo Sanction Committee FY 2026 (seed-2026-1).
.Demo users seeded: demo.cfo@sfpcl.example, demo.director1@sfpcl.example, demo.director2@sfpcl.example, demo.system_admin@sfpcl.example, demo.credit_manager@sfpcl.example, demo.compliance@sfpcl.example, demo.treasury@sfpcl.example, demo.internal_auditor@sfpcl.example, demo.tracer@sfpcl.example, demo.zero@sfpcl.example (predictable local/dev password set; do not use in production).
Approval configuration seeded: Demo Sanction Committee FY 2026 (seed-2026-1).
.Demo users seeded: demo.cfo@sfpcl.example, demo.director1@sfpcl.example, demo.director2@sfpcl.example, demo.system_admin@sfpcl.example, demo.credit_manager@sfpcl.example, demo.compliance@sfpcl.example, demo.treasury@sfpcl.example, demo.internal_auditor@sfpcl.example, demo.tracer@sfpcl.example, demo.zero@sfpcl.example (predictable local/dev password set; do not use in production).
Approval configuration seeded: Demo Sanction Committee FY 2026 (seed-2026-1).
.ss
----------------------------------------------------------------------
Ran 22 tests in 1.023s

OK (skipped=2)
Destroying test database for alias 'default'...
