Creating test database for alias 'default'...
Found 6 test(s).
System check identified no issues (0 silenced).
FFE...
======================================================================
ERROR: test_patch_supersedes_instead_of_rewriting_history (sfpcl_credit.tests.test_approval_matrix.ApprovalMatrixApiTests.test_patch_supersedes_instead_of_rewriting_history)
----------------------------------------------------------------------
Traceback (most recent call last):
  File "/Users/amitkallapa/LMS/.ralph/worktrees/2026-07-13_042414_normal_run/sfpcl_credit/tests/test_approval_matrix.py", line 168, in test_patch_supersedes_instead_of_rewriting_history
    ).json()["data"]
      ^^^^^^
  File "/Users/amitkallapa/LMS/.ralph/venv/lib/python3.11/site-packages/django/test/client.py", line 882, in _parse_json
    raise ValueError(
ValueError: Content-Type header is "text/html; charset=utf-8", not "application/json"

======================================================================
FAIL: test_auth_and_atomic_create_overlap_contract (sfpcl_credit.tests.test_approval_matrix.ApprovalMatrixApiTests.test_auth_and_atomic_create_overlap_contract)
----------------------------------------------------------------------
Traceback (most recent call last):
  File "/Users/amitkallapa/LMS/.ralph/worktrees/2026-07-13_042414_normal_run/sfpcl_credit/tests/test_approval_matrix.py", line 136, in test_auth_and_atomic_create_overlap_contract
    self.assertEqual(unauthenticated.status_code, 401)
AssertionError: 404 != 401

======================================================================
FAIL: test_committee_collection_uses_same_permissions_and_audit_pattern (sfpcl_credit.tests.test_approval_matrix.ApprovalMatrixApiTests.test_committee_collection_uses_same_permissions_and_audit_pattern)
----------------------------------------------------------------------
Traceback (most recent call last):
  File "/Users/amitkallapa/LMS/.ralph/worktrees/2026-07-13_042414_normal_run/sfpcl_credit/tests/test_approval_matrix.py", line 194, in test_committee_collection_uses_same_permissions_and_audit_pattern
    self.assertEqual(response.status_code, 200, response.content)
AssertionError: 404 != 200 : b'\n<!doctype html>\n<html lang="en">\n<head>\n  <title>Not Found</title>\n</head>\n<body>\n  <h1>Not Found</h1><p>The requested resource was not found on this server.</p>\n</body>\n</html>\n'

----------------------------------------------------------------------
Ran 6 tests in 0.019s

FAILED (failures=2, errors=1)
Destroying test database for alias 'default'...
