
> sfpcl-lms@1.0.0 typecheck
> tsc --noEmit


> sfpcl-lms@1.0.0 lint
> eslint src


> sfpcl-lms@1.0.0 build
> vite build

[33mThe CJS build of Vite's Node API is deprecated. See https://vite.dev/guide/troubleshooting.html#vite-cjs-node-api-deprecated for more details.[39m
vite v5.4.21 building for production...
transforming...
✓ 1871 modules transformed.
rendering chunks...
computing gzip size...
dist/index.html                     0.75 kB │ gzip:   0.43 kB
dist/assets/index-BAE8F0XK.css     51.80 kB │ gzip:   8.98 kB
dist/assets/index-B6IiDTvf.js   1,149.56 kB │ gzip: 246.60 kB

(!) Some chunks are larger than 500 kB after minification. Consider:
- Using dynamic import() to code-split the application
- Use build.rollupOptions.output.manualChunks to improve chunking: https://rollupjs.org/configuration-options/#output-manualchunks
- Adjust chunk size limit for this warning via build.chunkSizeWarningLimit.
✓ built in 2.15s

> sfpcl-lms@1.0.0 test
> vitest run

[33mThe CJS build of Vite's Node API is deprecated. See https://vite.dev/guide/troubleshooting.html#vite-cjs-node-api-deprecated for more details.[39m

 RUN  v3.2.6 /Users/amitkallapa/LMS/.ralph/worktrees/2026-07-13_042414_normal_run/sfpcl-lms

 ✓ src/pages/members/MemberProfile.container.test.tsx (4 tests) 299ms
 ✓ src/pages/borrower/portal/applications/MP05_NewApplication.test.tsx (7 tests) 896ms
   ✓ MP05 loan-limit display authority (006Z2 interim regression) > shows independent 400, 403, and 409 errors without retry or projection refetch  515ms
 ✓ src/pages/appraisal/AppraisalWorkbench.test.tsx (22 tests) 175ms
 ✓ src/pages/applications/WitnessPanel.container.test.tsx (10 tests) 1206ms
   ✓ mounted witness resource actions > captures with the exact body and refetches the canonical collection once  401ms
 ✓ src/pages/appraisal/AppraisalWorkbench.container.test.tsx (14 tests) 1511ms
   ✓ default AppraisalWorkbench authenticated HTTP container > calculates a limit from entered source IDs and refreshes four reads  322ms
 ✓ src/pages/members/MemberProfile.test.tsx (26 tests) 164ms
 ✓ src/pages/applications/CompletenessWorkbench.test.tsx (5 tests) 61ms
 ✓ src/pages/members/Borrower360.test.tsx (4 tests) 79ms
 ✓ src/pages/applications/ApplicationDetail.test.tsx (9 tests) 64ms
 ✓ src/pages/Dashboard.test.tsx (13 tests) 37ms
 ✓ src/pages/members/MemberGovernanceForm.test.tsx (5 tests) 2248ms
   ✓ MemberGovernanceForm > submits the institution create variant without individual identity/profile fields  1087ms
   ✓ MemberGovernanceForm > submits every individual registration profile field  908ms
 ✓ src/pages/members/MemberDirectory.test.tsx (5 tests) 44ms
 ✓ src/pages/borrower/portal/PortalMemberViews.test.tsx (4 tests) 45ms
 ✓ src/services/authSession.test.ts (15 tests) 10ms
 ✓ src/services/portalApi.test.ts (4 tests) 6ms
 ✓ src/pages/applications/ApplicationList.test.tsx (2 tests) 32ms
 ✓ src/pages/notifications/NotificationsCenter.test.tsx (6 tests) 28ms
 ✓ src/pages/sanction/SanctionWorkbench.test.tsx (2 tests) 18ms
 ✓ src/services/creditAssessmentApi.test.ts (5 tests) 10ms
 ✓ src/pages/profile/MyProfile.test.tsx (1 test) 10ms
 ✓ src/pages/borrower/portal/auth/MP00_Login.test.tsx (2 tests) 9ms
 ✓ src/pages/applications/NomineeSelectionViews.test.tsx (3 tests) 8ms
 ✓ src/services/applicationIntakeApi.test.ts (5 tests) 10ms
 ✓ src/contexts/RoleContext.test.tsx (2 tests) 6ms
 ✓ src/services/tracerApi.test.ts (2 tests) 3ms
 ✓ src/services/navigationPermissions.test.ts (7 tests) 8ms
 ✓ src/utils/applicationDisplay.test.ts (5 tests) 3ms
 ✓ src/services/demoAuthFlag.test.tsx (3 tests) 4133ms
   ✓ VITE_ENABLE_DEMO_AUTH real App/RoleProvider boundary (005FA4) > fails closed when the flag is unset  3582ms
   ✓ VITE_ENABLE_DEMO_AUTH real App/RoleProvider boundary (005FA4) > fails closed when the flag is explicit false  304ms
 ✓ src/pages/members/MemberGovernanceForm.container.test.tsx (15 tests) 6829ms
   ✓ MemberGovernanceForm production container > routes Directory registration into canonical Profile readback before an ordinary update readback  3180ms
   ✓ MemberGovernanceForm production container > submits the complete individual_farmer body through the shared HTTP transport  1034ms
   ✓ MemberGovernanceForm production container > submits the complete fpc body through the shared HTTP transport  904ms
   ✓ MemberGovernanceForm production container > submits the complete producer_institution body through the shared HTTP transport  984ms

 Test Files  29 passed (29)
      Tests  207 passed (207)
   Start at  04:37:51
   Duration  10.68s (transform 5.71s, setup 0ms, collect 8.42s, tests 17.95s, environment 2.83s, prepare 1.86s)

