
> sfpcl-lms@1.0.0 test
> vitest run --run

[33mThe CJS build of Vite's Node API is deprecated. See https://vite.dev/guide/troubleshooting.html#vite-cjs-node-api-deprecated for more details.[39m

 RUN  v3.2.6 /Users/amitkallapa/LMS/.ralph/worktrees/2026-07-19_062443_normal_run/sfpcl-lms

 ✓ src/pages/registers/RegistersHub.test.tsx (8 tests) 935ms
   ✓ RegistersHub owned approval register panels > renders only the server-scoped frozen sanction page and replaces pagination after a filter change  305ms
   ✓ RegistersHub owned approval register panels > applies only canonical financial-year values  319ms
 ✓ src/pages/borrower/portal/applications/MP05_NewApplication.test.tsx (7 tests) 1424ms
   ✓ MP05 loan-limit display authority (006Z2 interim regression) > creates, submits exactly once, and canonically refetches the returned amount  303ms
   ✓ MP05 loan-limit display authority (006Z2 interim regression) > shows independent 400, 403, and 409 errors without retry or projection refetch  831ms
 ✓ src/pages/settings/SettingsHub.test.tsx (10 tests) 1612ms
   ✓ SettingsHub Approval Matrix panel > permits a canonical manager to submit a complete successor version as a pending proposal  778ms
   ✓ SettingsHub remaining panels > creates a complete successor as a separate audited draft for a canonical policy manager  411ms
 ✓ src/pages/appraisal/AppraisalWorkbench.container.test.tsx (14 tests) 2164ms
   ✓ default AppraisalWorkbench authenticated HTTP container > calculates a limit from entered source IDs and refreshes four reads  423ms
   ✓ default AppraisalWorkbench authenticated HTTP container > posts the rejected Credit Manager decision once  354ms
 ✓ src/pages/borrower/portal/documents/PortalDocumentationActions.test.tsx (8 tests) 628ms
   ✓ member portal documentation actions > renders server-owned actions and performs one canonical refetch after upload  387ms
 ✓ src/pages/documentation/DocumentationHub.test.tsx (18 tests) 3081ms
   ✓ 008M2 documentation workspace contract > posts a server-owned approval and refetches once without optimism  682ms
   ✓ 008M2 documentation workspace contract > keeps a conflict visible with no optimistic change, retry, or refetch  423ms
   ✓ 008M2 documentation workspace contract > submits a signed-copy upload through the opaque action and refetches once  442ms
 ✓ src/pages/borrower/portal/applications/MP11_DeficiencyResponse.test.tsx (2 tests) 727ms
   ✓ MP11 deficiency response > uploads a server-contracted response, refetches canonical state, and resubmits  590ms
 ✓ src/pages/borrower/portal/PortalMemberViews.test.tsx (6 tests) 183ms
 ✓ src/pages/applications/WitnessPanel.container.test.tsx (10 tests) 1339ms
   ✓ mounted witness resource actions > captures with the exact body and refetches the canonical collection once  427ms
 ✓ src/pages/borrower/portal/disbursement/MP14_DisbursementStatus.test.tsx (4 tests) 250ms
 ✓ src/pages/disbursement/PaymentAuthorisationHub.test.tsx (4 tests) 1002ms
   ✓ 009K CFC payment authorisation workspace > shows CFC actions only when the backend projects them and posts the decision reason  470ms
   ✓ 009K CFC payment authorisation workspace > surfaces backend duplicate UTR and permission errors without optimistic success  489ms
 ✓ src/pages/members/MemberGovernanceForm.test.tsx (5 tests) 2781ms
   ✓ MemberGovernanceForm > submits the institution create variant without individual identity/profile fields  1274ms
   ✓ MemberGovernanceForm > submits every individual registration profile field  1144ms
 ✓ src/pages/disbursement/DisbursementHub.test.tsx (4 tests) 463ms
   ✓ 009K disbursement finance workspace > submits Money fields with one stable key and treats replay as success  315ms
 ✓ src/services/authSession.test.ts (36 tests) 32ms
(node:36293) ExperimentalWarning: buffer.File is an experimental feature and might change at any time
(Use `node --trace-warnings ...` to show where the warning was created)
 ✓ src/services/portalApi.test.ts (7 tests) 27ms
 ✓ src/pages/loan-accounts/LoanAccount360.test.tsx (4 tests) 176ms
 ✓ src/pages/members/MemberProfile.test.tsx (26 tests) 190ms
 ✓ src/pages/members/MemberProfile.container.test.tsx (4 tests) 341ms
 ✓ src/services/applicationIntakeApi.test.ts (5 tests) 8ms
 ✓ src/pages/applications/ApplicationDetail.test.tsx (9 tests) 78ms
 ✓ src/services/creditAssessmentApi.test.ts (5 tests) 11ms
 ✓ src/pages/members/Borrower360.test.tsx (4 tests) 70ms
 ✓ src/pages/appraisal/AppraisalWorkbench.test.tsx (22 tests) 170ms
 ✓ src/services/navigationPermissions.test.ts (9 tests) 9ms
 ✓ src/services/approvalRegistersApi.test.ts (5 tests) 12ms
 ✓ src/pages/sanction/SanctionWorkbench.test.tsx (39 tests) 6440ms
   ✓ SanctionWorkbench authenticated container > renders the authoritative total and replaces the queue from the next server page  527ms
   ✓ SanctionWorkbench authenticated container > keeps a newer filter authoritative while an action detail refresh finishes  424ms
   ✓ SanctionWorkbench authenticated container > keeps a newer empty filter authoritative while action submission finishes  336ms
   ✓ SanctionWorkbench authenticated container > keeps a newer denied state authoritative when an action detail refresh fails later  390ms
   ✓ SanctionWorkbench authenticated container > keeps a newer malformed state authoritative when an action detail refresh fails later  480ms
   ✓ SanctionWorkbench authenticated container > keeps a newer empty state authoritative when an action detail refresh fails later  319ms
   ✓ SanctionWorkbench authenticated container > keeps a newer filter authoritative while an action decision refresh finishes  364ms
   ✓ SanctionWorkbench authenticated container > loads frozen case truth and approves through the exact case boundary before canonical refresh  347ms
   ✓ SanctionWorkbench authenticated container > requires a reason and sends the exact Reject request  427ms
   ✓ SanctionWorkbench authenticated container > requires a reason and sends the exact Return for Clarification request  383ms
   ✓ SanctionWorkbench authenticated container > uploads three application-scoped legal files before recording bounded special-case evidence  776ms
 ✓ src/pages/notifications/NotificationsCenter.test.tsx (6 tests) 30ms
 ✓ src/pages/applications/CompletenessWorkbench.test.tsx (5 tests) 84ms
 ✓ src/services/disbursementApi.test.ts (3 tests) 6ms
 ✓ src/pages/Dashboard.test.tsx (13 tests) 50ms
 ✓ src/services/tracerApi.test.ts (2 tests) 9ms
 ✓ src/pages/members/MemberDirectory.test.tsx (5 tests) 148ms
 ✓ src/pages/members/MemberGovernanceForm.container.test.tsx (16 tests) 5158ms
   ✓ MemberGovernanceForm production container > routes Directory registration into canonical Profile readback with the exact create ledger  2488ms
   ✓ MemberGovernanceForm production container > posts only the protected identity delta through the shared HTTP transport  345ms
   ✓ MemberGovernanceForm production container > request preserves the backend 400 VALIDATION_ERROR facts after one mutation and no GET  304ms
   ✓ MemberGovernanceForm production container > request preserves the backend 409 STALE_WRITE facts after one mutation and no GET  385ms
 ✓ src/services/loanPolicyApi.test.ts (2 tests) 8ms
 ✓ src/utils/applicationDisplay.test.ts (5 tests) 6ms
 ✓ src/pages/applications/ApplicationList.test.tsx (2 tests) 40ms
 ✓ src/pages/applications/NomineeSelectionViews.test.tsx (3 tests) 8ms
 ✓ src/contexts/RoleContext.test.tsx (2 tests) 14ms
 ✓ src/playwrightBrowser.test.ts (4 tests) 6ms
 ✓ src/pages/profile/MyProfile.test.tsx (1 test) 10ms
 ✓ src/pages/borrower/portal/auth/MP00_Login.test.tsx (2 tests) 13ms
 ✓ src/services/demoAuthFlag.test.tsx (3 tests) 1120ms
   ✓ VITE_ENABLE_DEMO_AUTH real App/RoleProvider boundary (005FA4) > fails closed when the flag is unset  1007ms

 Test Files  42 passed (42)
      Tests  349 passed (349)
   Start at  07:01:16
   Duration  9.95s (transform 5.38s, setup 0ms, collect 13.86s, tests 30.86s, environment 7.65s, prepare 2.98s)

