Creating test database for alias 'default'...
Found 1 test(s).
System check identified no issues (0 silenced).
F
======================================================================
FAIL: test_activation_queues_honest_email_and_sms_obligations_for_active_loans (sfpcl_credit.tests.test_interest_rate_config_api.InterestRateConfigApiTests.test_activation_queues_honest_email_and_sms_obligations_for_active_loans)
----------------------------------------------------------------------
Traceback (most recent call last):
  File "/Users/amitkallapa/LMS/.ralph/worktrees/2026-07-20_041841_normal_run/sfpcl_credit/tests/test_interest_rate_config_api.py", line 375, in test_activation_queues_honest_email_and_sms_obligations_for_active_loans
    self.assertEqual(
AssertionError: {'pending': 2, 'sent': 0, 'failed': 0} != {'pending': 1, 'sent': 0, 'failed': 0}
- {'failed': 0, 'pending': 2, 'sent': 0}
?                          ^

+ {'failed': 0, 'pending': 1, 'sent': 0}
?                          ^


----------------------------------------------------------------------
Ran 1 test in 0.608s

FAILED (failures=1)
Destroying test database for alias 'default'...
EXIT_STATUS=1
