Ralph repair local validation summary

Backend interpreter for every backend command:
/Users/amitkallapa/LMS/.ralph/venv/bin/python

Django system check:
System check identified no issues (0 silenced).
Exit code: 0

Migration sync:
No changes detected
Exit code: 0

Full backend coverage suite:
Found 700 test(s).
System check identified no issues (0 silenced).
Ran 700 tests in 164.945s
OK (skipped=20)
TOTAL 25889 statements, 1819 missed, 93% coverage
Required floor: 85%
Exit code: 0

Frontend build:
1877 modules transformed.
Build completed in 2.28s.
Exit code: 0

Frontend typecheck:
tsc --noEmit
Exit code: 0

Frontend lint:
eslint src
Exit code: 0

Frontend tests:
33 test files passed.
269 tests passed.
Exit code: 0

Diff hygiene:
git diff --check
Exit code: 0
