Creating test database for alias 'default'...
Found 1 test(s).
System check identified no issues (0 silenced).
FFF
======================================================================
FAIL: test_source_read_roles_receive_only_their_canonical_loan_scope (sfpcl_credit.tests.test_disbursement_readiness_api.DisbursementReadinessApiTests.test_source_read_roles_receive_only_their_canonical_loan_scope) (role='credit_manager')
----------------------------------------------------------------------
Traceback (most recent call last):
  File "/Users/amitkallapa/LMS/.ralph/worktrees/2026-07-16_233638_normal_run/sfpcl_credit/tests/test_disbursement_readiness_api.py", line 436, in test_source_read_roles_receive_only_their_canonical_loan_scope
    self.assertEqual(response.status_code, 200, response.content)
AssertionError: 403 != 200 : b'{"success": false, "error": {"code": "FORBIDDEN", "message": "Disbursement readiness permission is required.", "details": {}, "field_errors": {}}, "meta": {"request_id": null, "timestamp": "2026-07-16T18:12:58.612630Z", "api_version": "v1"}}'

======================================================================
FAIL: test_source_read_roles_receive_only_their_canonical_loan_scope (sfpcl_credit.tests.test_disbursement_readiness_api.DisbursementReadinessApiTests.test_source_read_roles_receive_only_their_canonical_loan_scope) (role='cfo')
----------------------------------------------------------------------
Traceback (most recent call last):
  File "/Users/amitkallapa/LMS/.ralph/worktrees/2026-07-16_233638_normal_run/sfpcl_credit/tests/test_disbursement_readiness_api.py", line 436, in test_source_read_roles_receive_only_their_canonical_loan_scope
    self.assertEqual(response.status_code, 200, response.content)
AssertionError: 403 != 200 : b'{"success": false, "error": {"code": "FORBIDDEN", "message": "Disbursement readiness permission is required.", "details": {}, "field_errors": {}}, "meta": {"request_id": null, "timestamp": "2026-07-16T18:12:58.616456Z", "api_version": "v1"}}'

======================================================================
FAIL: test_source_read_roles_receive_only_their_canonical_loan_scope (sfpcl_credit.tests.test_disbursement_readiness_api.DisbursementReadinessApiTests.test_source_read_roles_receive_only_their_canonical_loan_scope) (role='internal_auditor')
----------------------------------------------------------------------
Traceback (most recent call last):
  File "/Users/amitkallapa/LMS/.ralph/worktrees/2026-07-16_233638_normal_run/sfpcl_credit/tests/test_disbursement_readiness_api.py", line 436, in test_source_read_roles_receive_only_their_canonical_loan_scope
    self.assertEqual(response.status_code, 200, response.content)
AssertionError: 403 != 200 : b'{"success": false, "error": {"code": "FORBIDDEN", "message": "Disbursement readiness permission is required.", "details": {}, "field_errors": {}}, "meta": {"request_id": null, "timestamp": "2026-07-16T18:12:58.619919Z", "api_version": "v1"}}'

----------------------------------------------------------------------
Ran 1 test in 0.049s

FAILED (failures=3)
Destroying test database for alias 'default'...
