Creating test database for alias 'default' ('file:memorydb_default?mode=memory&cache=shared')...
Found 4 test(s).
Operations to perform:
  Synchronize unmigrated apps: corsheaders
  Apply all migrations: communications, configurations, contenttypes, documents, identity, members, scheduler, tracer, workflows
Synchronizing apps without migrations:
  Creating tables...
    Running deferred SQL...
Running migrations:
  Applying identity.0001_initial... OK
  Applying identity.0002_permission_rolepermission_and_more... OK
  Applying communications.0001_initial... OK
  Applying communications.0002_communication... OK
  Applying communications.0003_notification... OK
  Applying configurations.0001_initial... OK
  Applying contenttypes.0001_initial... OK
  Applying contenttypes.0002_remove_content_type_name... OK
  Applying documents.0001_initial... OK
  Applying members.0001_initial... OK
  Applying members.0002_profile_shells... OK
  Applying scheduler.0001_initial... OK
  Applying tracer.0001_initial... OK
  Applying workflows.0001_canonical_workflow_event... OK
  Applying tracer.0002_remove_tracer_workflowevent_state... OK
System check identified no issues (0 silenced).
test_authenticated_user_can_retrieve_masked_member_profile_detail (sfpcl_credit.tests.test_member_profile_api.MemberProfileApiTests.test_authenticated_user_can_retrieve_masked_member_profile_detail) ... ok
test_masked_profile_read_does_not_create_audit_or_workflow_events (sfpcl_credit.tests.test_member_profile_api.MemberProfileApiTests.test_masked_profile_read_does_not_create_audit_or_workflow_events) ... ok
test_member_profile_requires_authentication_and_member_read_permission (sfpcl_credit.tests.test_member_profile_api.MemberProfileApiTests.test_member_profile_requires_authentication_and_member_read_permission) ... ok
test_member_profile_returns_not_found_for_unknown_or_deleted_member (sfpcl_credit.tests.test_member_profile_api.MemberProfileApiTests.test_member_profile_returns_not_found_for_unknown_or_deleted_member) ... ok

----------------------------------------------------------------------
Ran 4 tests in 4.598s

OK
Destroying test database for alias 'default' ('file:memorydb_default?mode=memory&cache=shared')...
