
> sfpcl-lms@1.0.0 test
> vitest run src/pages/members/MemberProfile.test.tsx

[33mThe CJS build of Vite's Node API is deprecated. See https://vite.dev/guide/troubleshooting.html#vite-cjs-node-api-deprecated for more details.[39m

 RUN  v3.2.6 /Users/amitkallapa/Loan Management System Development/.ralph/worktrees/2026-07-08_094146_repair/sfpcl-lms


⎯⎯⎯⎯⎯⎯ Failed Suites 1 ⎯⎯⎯⎯⎯⎯⎯

 FAIL  src/pages/members/MemberProfile.test.tsx [ src/pages/members/MemberProfile.test.tsx ]
Error: Cannot find module '../../services/memberProfileApi' imported from '/Users/amitkallapa/Loan Management System Development/.ralph/worktrees/2026-07-08_094146_repair/sfpcl-lms/src/pages/members/MemberProfile.test.tsx'
 ❯ src/pages/members/MemberProfile.test.tsx:5:31
      3| import { afterEach, beforeEach, describe, expect, it, vi } from 'vites…
      4| import { clearStoredAuthSession, storedAuthSession } from '../../servi…
      5| import { fetchMemberProfile, type MemberProfileDetail } from '../../se…
       |                               ^
      6| import { MemberProfileView } from './MemberProfile';
      7| 

Caused by: Error: Failed to load url ../../services/memberProfileApi (resolved id: ../../services/memberProfileApi) in /Users/amitkallapa/Loan Management System Development/.ralph/worktrees/2026-07-08_094146_repair/sfpcl-lms/src/pages/members/MemberProfile.test.tsx. Does the file exist?
 ❯ loadAndTransform ../../../../../Loan%20Management%20System%20Development/.ralph/worktrees/2026-07-08_094146_repair/sfpcl-lms/node_modules/vite/dist/node/chunks/dep-BK3b2jBa.js:51969:17

⎯⎯⎯⎯⎯⎯⎯⎯⎯⎯⎯⎯⎯⎯⎯⎯⎯⎯⎯⎯⎯⎯⎯⎯[1/1]⎯


 Test Files  1 failed (1)
      Tests  no tests
   Start at  09:48:16
   Duration  427ms (transform 55ms, setup 0ms, collect 0ms, tests 0ms, environment 0ms, prepare 38ms)

