Command:
RALPH_EVIDENCE_DIR=/Users/amitkallapa/LMS/.ralph/worktrees/2026-07-12_171448_normal_run/.ralph/runs/2026-07-12_180154_repair/evidence/screenshots E2E_DJANGO_PYTHON=/Users/amitkallapa/LMS/.ralph/venv/bin/python npm run e2e -- e2e/member-governance-variants.e2e.spec.ts

Working directory: sfpcl-lms/


> sfpcl-lms@1.0.0 e2e
> playwright test e2e/member-governance-variants.e2e.spec.ts

[2m[WebServer] [22m[12/Jul/2026 12:43:39] "GET /api/v1/health/ready/ HTTP/1.1" 200 202
[2m[WebServer] [22m[33mThe CJS build of Vite's Node API is deprecated. See https://vite.dev/guide/troubleshooting.html#vite-cjs-node-api-deprecated for more details.[39m
[2m[WebServer] [22m(node:40951) Warning: The 'NO_COLOR' env is ignored due to the 'FORCE_COLOR' env being set.
[2m[WebServer] [22m(Use `node --trace-warnings ...` to show where the warning was created)

Running 1 test using 1 worker

[2m[WebServer] [22m[12/Jul/2026 12:43:42] "OPTIONS /api/v1/auth/login/ HTTP/1.1" 200 0
[2m[WebServer] [22m[12/Jul/2026 12:43:42] "POST /api/v1/auth/login/ HTTP/1.1" 200 1314
[2m[WebServer] [22m[12/Jul/2026 12:43:42] "OPTIONS /api/v1/auth/me/ HTTP/1.1" 200 0
[2m[WebServer] [22m[12/Jul/2026 12:43:42] "GET /api/v1/auth/me/ HTTP/1.1" 200 1723
[2m[WebServer] [22m[12/Jul/2026 12:43:42] "OPTIONS /api/v1/dashboard/ HTTP/1.1" 200 0
[2m[WebServer] [22m[12/Jul/2026 12:43:42] "OPTIONS /api/v1/dashboard/ HTTP/1.1" 200 0
[2m[WebServer] [22mForbidden: /api/v1/dashboard/
[2m[WebServer] [22m[12/Jul/2026 12:43:42] "GET /api/v1/dashboard/ HTTP/1.1" 403 250
[2m[WebServer] [22mForbidden: /api/v1/dashboard/
[2m[WebServer] [22m[12/Jul/2026 12:43:42] "GET /api/v1/dashboard/ HTTP/1.1" 403 250
[2m[WebServer] [22m[12/Jul/2026 12:43:42] "OPTIONS /api/v1/members/ HTTP/1.1" 200 0
[2m[WebServer] [22m[12/Jul/2026 12:43:42] "OPTIONS /api/v1/members/ HTTP/1.1" 200 0
[2m[WebServer] [22m[12/Jul/2026 12:43:42] "GET /api/v1/members/ HTTP/1.1" 200 1394
[2m[WebServer] [22m[12/Jul/2026 12:43:42] "GET /api/v1/members/ HTTP/1.1" 200 1394
[2m[WebServer] [22m[12/Jul/2026 12:43:43] "POST /api/v1/members/ HTTP/1.1" 200 2326
[2m[WebServer] [22m[12/Jul/2026 12:43:43] "OPTIONS /api/v1/members/9488f0a8-43a8-41ac-80c0-771cbfd5dea2/ HTTP/1.1" 200 0
[2m[WebServer] [22m[12/Jul/2026 12:43:43] "GET /api/v1/members/9488f0a8-43a8-41ac-80c0-771cbfd5dea2/ HTTP/1.1" 200 2326
[2m[WebServer] [22m[12/Jul/2026 12:43:43] "PATCH /api/v1/members/9488f0a8-43a8-41ac-80c0-771cbfd5dea2/ HTTP/1.1" 200 2328
[2m[WebServer] [22m[12/Jul/2026 12:43:43] "GET /api/v1/members/9488f0a8-43a8-41ac-80c0-771cbfd5dea2/ HTTP/1.1" 200 2328
[2m[WebServer] [22m[12/Jul/2026 12:43:43] "GET /api/v1/members/ HTTP/1.1" 200 2003
[2m[WebServer] [22m[12/Jul/2026 12:43:43] "GET /api/v1/members/ HTTP/1.1" 200 2003
[2m[WebServer] [22m[12/Jul/2026 12:43:43] "POST /api/v1/members/ HTTP/1.1" 200 2183
[2m[WebServer] [22m[12/Jul/2026 12:43:43] "OPTIONS /api/v1/members/d2f62a13-26cc-488f-89ca-1e6b09c7f2e4/ HTTP/1.1" 200 0
[2m[WebServer] [22m[12/Jul/2026 12:43:43] "GET /api/v1/members/d2f62a13-26cc-488f-89ca-1e6b09c7f2e4/ HTTP/1.1" 200 2183
[2m[WebServer] [22m[12/Jul/2026 12:43:44] "GET /api/v1/members/ HTTP/1.1" 200 2600
[2m[WebServer] [22m[12/Jul/2026 12:43:44] "GET /api/v1/members/ HTTP/1.1" 200 2600
[2m[WebServer] [22m[12/Jul/2026 12:43:44] "OPTIONS /api/v1/members/?search=Epic+006+Browser+Member HTTP/1.1" 200 0
[2m[WebServer] [22m[12/Jul/2026 12:43:44] "GET /api/v1/members/?search=Epic+006+Browser+Member HTTP/1.1" 200 816
[2m[WebServer] [22m[12/Jul/2026 12:43:44] "OPTIONS /api/v1/members/00000000-0000-4000-8000-000000000602/ HTTP/1.1" 200 0
[2m[WebServer] [22m[12/Jul/2026 12:43:44] "GET /api/v1/members/00000000-0000-4000-8000-000000000602/ HTTP/1.1" 200 5276
[2m[WebServer] [22m[12/Jul/2026 12:43:44] "OPTIONS /api/v1/members/00000000-0000-4000-8000-000000000602/identity-change-requests/ HTTP/1.1" 200 0
[2m[WebServer] [22m[12/Jul/2026 12:43:44] "POST /api/v1/members/00000000-0000-4000-8000-000000000602/identity-change-requests/ HTTP/1.1" 200 287
[2m[WebServer] [22m[12/Jul/2026 12:43:44] "GET /api/v1/members/00000000-0000-4000-8000-000000000602/ HTTP/1.1" 200 5408
[2m[WebServer] [22m[12/Jul/2026 12:43:44] "OPTIONS /api/v1/auth/logout/ HTTP/1.1" 200 0
[2m[WebServer] [22m[12/Jul/2026 12:43:44] "POST /api/v1/auth/logout/ HTTP/1.1" 200 142
[2m[WebServer] [22m[12/Jul/2026 12:43:44] "POST /api/v1/auth/login/ HTTP/1.1" 200 1288
[2m[WebServer] [22m[12/Jul/2026 12:43:44] "GET /api/v1/auth/me/ HTTP/1.1" 200 2300
[2m[WebServer] [22m[12/Jul/2026 12:43:44] "GET /api/v1/dashboard/ HTTP/1.1" 200 1454
[2m[WebServer] [22m[12/Jul/2026 12:43:44] "GET /api/v1/dashboard/ HTTP/1.1" 200 1454
[2m[WebServer] [22m[12/Jul/2026 12:43:45] "GET /api/v1/members/ HTTP/1.1" 200 2600
[2m[WebServer] [22m[12/Jul/2026 12:43:45] "GET /api/v1/members/ HTTP/1.1" 200 2600
[2m[WebServer] [22m[12/Jul/2026 12:43:45] "GET /api/v1/members/?search=Epic+006+Browser+Member HTTP/1.1" 200 816
[2m[WebServer] [22m[12/Jul/2026 12:43:45] "GET /api/v1/members/00000000-0000-4000-8000-000000000602/ HTTP/1.1" 200 5353
[2m[WebServer] [22m[12/Jul/2026 12:43:45] "OPTIONS /api/v1/member-identity-change-requests/ad0246c2-2043-4fb2-8bfc-c1ea897694d1/approve/ HTTP/1.1" 200 0
[2m[WebServer] [22m[12/Jul/2026 12:43:45] "POST /api/v1/member-identity-change-requests/ad0246c2-2043-4fb2-8bfc-c1ea897694d1/approve/ HTTP/1.1" 200 5352
[2m[WebServer] [22m[12/Jul/2026 12:43:45] "GET /api/v1/members/00000000-0000-4000-8000-000000000602/ HTTP/1.1" 200 5352
  ✓  1 [chromium] › member-governance-variants.e2e.spec.ts:15:5 › complete member variants and protected identity approval cross real staff sessions (5.0s)

  1 passed (10.4s)

Exit code: 0
