Command:
RALPH_EVIDENCE_DIR=/Users/amitkallapa/LMS/.ralph/worktrees/2026-07-12_171448_normal_run/.ralph/runs/2026-07-12_180154_repair/evidence/screenshots E2E_DJANGO_PYTHON=/Users/amitkallapa/LMS/.ralph/venv/bin/python npm run e2e -- e2e/member-governance-variants.e2e.spec.ts

Working directory: sfpcl-lms/


> sfpcl-lms@1.0.0 e2e
> playwright test e2e/member-governance-variants.e2e.spec.ts

[2m[WebServer] [22m[12/Jul/2026 12:43:49] "GET /api/v1/health/ready/ HTTP/1.1" 200 202
[2m[WebServer] [22m[33mThe CJS build of Vite's Node API is deprecated. See https://vite.dev/guide/troubleshooting.html#vite-cjs-node-api-deprecated for more details.[39m
[2m[WebServer] [22m(node:41065) Warning: The 'NO_COLOR' env is ignored due to the 'FORCE_COLOR' env being set.
[2m[WebServer] [22m(Use `node --trace-warnings ...` to show where the warning was created)

Running 1 test using 1 worker

[2m[WebServer] [22m[12/Jul/2026 12:43:52] "OPTIONS /api/v1/auth/login/ HTTP/1.1" 200 0
[2m[WebServer] [22m[12/Jul/2026 12:43:52] "POST /api/v1/auth/login/ HTTP/1.1" 200 1314
[2m[WebServer] [22m[12/Jul/2026 12:43:52] "OPTIONS /api/v1/auth/me/ HTTP/1.1" 200 0
[2m[WebServer] [22m[12/Jul/2026 12:43:52] "GET /api/v1/auth/me/ HTTP/1.1" 200 1723
[2m[WebServer] [22m[12/Jul/2026 12:43:52] "OPTIONS /api/v1/dashboard/ HTTP/1.1" 200 0
[2m[WebServer] [22m[12/Jul/2026 12:43:52] "OPTIONS /api/v1/dashboard/ HTTP/1.1" 200 0
[2m[WebServer] [22mForbidden: /api/v1/dashboard/
[2m[WebServer] [22m[12/Jul/2026 12:43:52] "GET /api/v1/dashboard/ HTTP/1.1" 403 250
[2m[WebServer] [22mForbidden: /api/v1/dashboard/
[2m[WebServer] [22m[12/Jul/2026 12:43:52] "GET /api/v1/dashboard/ HTTP/1.1" 403 250
[2m[WebServer] [22m[12/Jul/2026 12:43:52] "OPTIONS /api/v1/members/ HTTP/1.1" 200 0
[2m[WebServer] [22m[12/Jul/2026 12:43:52] "OPTIONS /api/v1/members/ HTTP/1.1" 200 0
[2m[WebServer] [22m[12/Jul/2026 12:43:52] "GET /api/v1/members/ HTTP/1.1" 200 1394
[2m[WebServer] [22m[12/Jul/2026 12:43:52] "GET /api/v1/members/ HTTP/1.1" 200 1394
[2m[WebServer] [22m[12/Jul/2026 12:43:53] "POST /api/v1/members/ HTTP/1.1" 200 2326
[2m[WebServer] [22m[12/Jul/2026 12:43:53] "OPTIONS /api/v1/members/4155270a-ab1a-483e-a718-adf0733d9b92/ HTTP/1.1" 200 0
[2m[WebServer] [22m[12/Jul/2026 12:43:53] "GET /api/v1/members/4155270a-ab1a-483e-a718-adf0733d9b92/ HTTP/1.1" 200 2326
[2m[WebServer] [22m[12/Jul/2026 12:43:53] "PATCH /api/v1/members/4155270a-ab1a-483e-a718-adf0733d9b92/ HTTP/1.1" 200 2328
[2m[WebServer] [22m[12/Jul/2026 12:43:53] "GET /api/v1/members/4155270a-ab1a-483e-a718-adf0733d9b92/ HTTP/1.1" 200 2328
[2m[WebServer] [22m[12/Jul/2026 12:43:53] "GET /api/v1/members/ HTTP/1.1" 200 2003
[2m[WebServer] [22m[12/Jul/2026 12:43:53] "GET /api/v1/members/ HTTP/1.1" 200 2003
[2m[WebServer] [22m[12/Jul/2026 12:43:54] "POST /api/v1/members/ HTTP/1.1" 200 2183
[2m[WebServer] [22m[12/Jul/2026 12:43:54] "OPTIONS /api/v1/members/65240261-1845-487d-acc7-71befc3224c3/ HTTP/1.1" 200 0
[2m[WebServer] [22m[12/Jul/2026 12:43:54] "GET /api/v1/members/65240261-1845-487d-acc7-71befc3224c3/ HTTP/1.1" 200 2183
[2m[WebServer] [22m[12/Jul/2026 12:43:54] "GET /api/v1/members/ HTTP/1.1" 200 2600
[2m[WebServer] [22m[12/Jul/2026 12:43:54] "GET /api/v1/members/ HTTP/1.1" 200 2600
[2m[WebServer] [22m[12/Jul/2026 12:43:54] "OPTIONS /api/v1/members/?search=Epic+006+Browser+Member HTTP/1.1" 200 0
[2m[WebServer] [22m[12/Jul/2026 12:43:54] "GET /api/v1/members/?search=Epic+006+Browser+Member HTTP/1.1" 200 816
[2m[WebServer] [22m[12/Jul/2026 12:43:54] "OPTIONS /api/v1/members/00000000-0000-4000-8000-000000000602/ HTTP/1.1" 200 0
[2m[WebServer] [22m[12/Jul/2026 12:43:54] "GET /api/v1/members/00000000-0000-4000-8000-000000000602/ HTTP/1.1" 200 5276
[2m[WebServer] [22m[12/Jul/2026 12:43:54] "OPTIONS /api/v1/members/00000000-0000-4000-8000-000000000602/identity-change-requests/ HTTP/1.1" 200 0
[2m[WebServer] [22m[12/Jul/2026 12:43:54] "POST /api/v1/members/00000000-0000-4000-8000-000000000602/identity-change-requests/ HTTP/1.1" 200 287
[2m[WebServer] [22m[12/Jul/2026 12:43:54] "GET /api/v1/members/00000000-0000-4000-8000-000000000602/ HTTP/1.1" 200 5408
[2m[WebServer] [22m[12/Jul/2026 12:43:54] "OPTIONS /api/v1/auth/logout/ HTTP/1.1" 200 0
[2m[WebServer] [22m[12/Jul/2026 12:43:54] "POST /api/v1/auth/logout/ HTTP/1.1" 200 142
[2m[WebServer] [22m[12/Jul/2026 12:43:55] "POST /api/v1/auth/login/ HTTP/1.1" 200 1288
[2m[WebServer] [22m[12/Jul/2026 12:43:55] "GET /api/v1/auth/me/ HTTP/1.1" 200 2300
[2m[WebServer] [22m[12/Jul/2026 12:43:55] "GET /api/v1/dashboard/ HTTP/1.1" 200 1454
[2m[WebServer] [22m[12/Jul/2026 12:43:55] "GET /api/v1/dashboard/ HTTP/1.1" 200 1454
[2m[WebServer] [22m[12/Jul/2026 12:43:55] "GET /api/v1/members/ HTTP/1.1" 200 2600
[2m[WebServer] [22m[12/Jul/2026 12:43:55] "GET /api/v1/members/ HTTP/1.1" 200 2600
[2m[WebServer] [22m[12/Jul/2026 12:43:55] "GET /api/v1/members/?search=Epic+006+Browser+Member HTTP/1.1" 200 816
[2m[WebServer] [22m[12/Jul/2026 12:43:55] "GET /api/v1/members/00000000-0000-4000-8000-000000000602/ HTTP/1.1" 200 5353
[2m[WebServer] [22m[12/Jul/2026 12:43:55] "OPTIONS /api/v1/member-identity-change-requests/b77025e0-d171-4655-90fe-241fd14bb1f1/approve/ HTTP/1.1" 200 0
[2m[WebServer] [22m[12/Jul/2026 12:43:55] "POST /api/v1/member-identity-change-requests/b77025e0-d171-4655-90fe-241fd14bb1f1/approve/ HTTP/1.1" 200 5352
[2m[WebServer] [22m[12/Jul/2026 12:43:55] "GET /api/v1/members/00000000-0000-4000-8000-000000000602/ HTTP/1.1" 200 5352
  ✓  1 [chromium] › member-governance-variants.e2e.spec.ts:15:5 › complete member variants and protected identity approval cross real staff sessions (5.6s)

  1 passed (9.8s)

Exit code: 0
