Creating test database for alias 'default' ('file:memorydb_default?mode=memory&cache=shared')...
Found 6 test(s).
Operations to perform:
  Synchronize unmigrated apps: corsheaders
  Apply all migrations: communications, configurations, contenttypes, documents, identity, members, scheduler, tracer, workflows
Synchronizing apps without migrations:
  Creating tables...
    Running deferred SQL...
Running migrations:
  Applying identity.0001_initial... OK
  Applying identity.0002_permission_rolepermission_and_more... OK
  Applying communications.0001_initial... OK
  Applying communications.0002_communication... OK
  Applying communications.0003_notification... OK
  Applying configurations.0001_initial... OK
  Applying contenttypes.0001_initial... OK
  Applying contenttypes.0002_remove_content_type_name... OK
  Applying documents.0001_initial... OK
  Applying members.0001_initial... OK
  Applying members.0002_profile_shells... OK
  Applying members.0003_individual_profile_details... OK
  Applying members.0004_nominee... OK
  Applying scheduler.0001_initial... OK
  Applying tracer.0001_initial... OK
  Applying workflows.0001_canonical_workflow_event... OK
  Applying tracer.0002_remove_tracer_workflowevent_state... OK
System check identified no issues (0 silenced).
test_member_nominee_create_audits_metadata_without_plaintext_identity_values (sfpcl_credit.tests.test_member_nominees_api.MemberNomineeApiTests.test_member_nominee_create_audits_metadata_without_plaintext_identity_values) ... ok
test_member_nominee_create_rejects_minor_and_missing_birth_date (sfpcl_credit.tests.test_member_nominees_api.MemberNomineeApiTests.test_member_nominee_create_rejects_minor_and_missing_birth_date) ... ok
test_member_nominee_create_rejects_missing_and_invalid_identity_fields (sfpcl_credit.tests.test_member_nominees_api.MemberNomineeApiTests.test_member_nominee_create_rejects_missing_and_invalid_identity_fields) ... ok
test_member_nominees_can_be_created_and_listed_with_masked_identifiers (sfpcl_credit.tests.test_member_nominees_api.MemberNomineeApiTests.test_member_nominees_can_be_created_and_listed_with_masked_identifiers) ... ok
test_member_nominees_require_authentication_and_separate_read_create_permissions (sfpcl_credit.tests.test_member_nominees_api.MemberNomineeApiTests.test_member_nominees_require_authentication_and_separate_read_create_permissions) ... ok
test_member_nominees_return_not_found_for_unknown_or_deleted_member (sfpcl_credit.tests.test_member_nominees_api.MemberNomineeApiTests.test_member_nominees_return_not_found_for_unknown_or_deleted_member) ... ok

----------------------------------------------------------------------
Ran 6 tests in 13.884s

OK
Destroying test database for alias 'default' ('file:memorydb_default?mode=memory&cache=shared')...
