Creating test database for alias 'default'...
Found 1 test(s).
System check identified no issues (0 silenced).
F
======================================================================
FAIL: test_formal_register_retains_routed_approver_identities_after_renames (sfpcl_credit.tests.test_approval_case_routing_api.ApprovalCaseRoutingApiTests.test_formal_register_retains_routed_approver_identities_after_renames)
----------------------------------------------------------------------
Traceback (most recent call last):
  File "/Users/amitkallapa/LMS/.ralph/worktrees/2026-07-14_070825_normal_run/sfpcl_credit/tests/test_approval_case_routing_api.py", line 2842, in test_formal_register_retains_routed_approver_identities_after_renames
    self.assertEqual(
AssertionError: Lists differ: ['CFO renamed after action', 'Director renamed after terminal action'] != ['Snapshot CFO', 'Snapshot Director']

First differing element 0:
'CFO renamed after action'
'Snapshot CFO'

- ['CFO renamed after action', 'Director renamed after terminal action']
+ ['Snapshot CFO', 'Snapshot Director']

----------------------------------------------------------------------
Ran 1 test in 0.050s

FAILED (failures=1)
Destroying test database for alias 'default'...
