tests/test_member_profile_api.py                                            213      0   100%
tests/test_member_shareholdings_api.py                                      113      0   100%
tests/test_notifications_api.py                                             155      1    99%
tests/test_object_permissions.py                                             60      0   100%
tests/test_portal_auth_api.py                                                89      0   100%
tests/test_portal_member_api.py                                             148      0   100%
tests/test_scheduler_services.py                                             48      0   100%
tests/test_seed_demo_users.py                                               140      0   100%
tests/test_seed_e2e_users.py                                                 59      0   100%
tests/test_tracer_api.py                                                    125      0   100%
tests/test_workflow_events_api.py                                           102      0   100%
tests/test_workflow_guard.py                                                 28      0   100%
tracer/__init__.py                                                            0      0   100%
tracer/apps.py                                                                4      0   100%
tracer/migrations/0001_initial.py                                             8      0   100%
tracer/migrations/0002_remove_tracer_workflowevent_state.py                   4      0   100%
tracer/migrations/__init__.py                                                 0      0   100%
tracer/models.py                                                             46      0   100%
tracer/services.py                                                          118      4    97%
tracer/views.py                                                             100     16    84%
workflows/__init__.py                                                         2      0   100%
workflows/apps.py                                                             4      0   100%
workflows/event_views.py                                                     17      0   100%
workflows/events.py                                                          61      2    97%
workflows/guard.py                                                           51      2    96%
workflows/migrations/0001_canonical_workflow_event.py                         8      0   100%
workflows/migrations/__init__.py                                              0      0   100%
workflows/models.py                                                          16      0   100%
---------------------------------------------------------------------------------------------
TOTAL                                                                      9986    497    95%
