Command:
RALPH_EVIDENCE_DIR=/Users/amitkallapa/LMS/.ralph/worktrees/2026-07-19_154507_normal_run/.ralph/runs/2026-07-19_163229_repair/evidence/screenshots/run-1 E2E_DJANGO_PYTHON=/Users/amitkallapa/LMS/.ralph/venv/bin/python npm run e2e -- e2e/epic-009-staff-disbursement-closure.e2e.spec.ts

Working directory: sfpcl-lms/


> sfpcl-lms@1.0.0 e2e
> playwright test e2e/epic-009-staff-disbursement-closure.e2e.spec.ts

[2m[WebServer] [22m[19/Jul/2026 11:11:49] "GET /api/v1/health/ready/ HTTP/1.1" 200 202
[2m[WebServer] [22m[33mThe CJS build of Vite's Node API is deprecated. See https://vite.dev/guide/troubleshooting.html#vite-cjs-node-api-deprecated for more details.[39m
[2m[WebServer] [22m(node:81370) Warning: The 'NO_COLOR' env is ignored due to the 'FORCE_COLOR' env being set.
[2m[WebServer] [22m(Use `node --trace-warnings ...` to show where the warning was created)

Running 1 test using 1 worker

[2m[WebServer] [22m[19/Jul/2026 11:11:54] "OPTIONS /api/v1/auth/login/ HTTP/1.1" 200 0
[2m[WebServer] [22m[19/Jul/2026 11:11:54] "POST /api/v1/auth/login/ HTTP/1.1" 200 1315
[2m[WebServer] [22m[19/Jul/2026 11:11:54] "OPTIONS /api/v1/auth/me/ HTTP/1.1" 200 0
[2m[WebServer] [22m[19/Jul/2026 11:11:54] "GET /api/v1/auth/me/ HTTP/1.1" 200 1141
[2m[WebServer] [22m[19/Jul/2026 11:11:54] "OPTIONS /api/v1/dashboard/ HTTP/1.1" 200 0
[2m[WebServer] [22m[19/Jul/2026 11:11:54] "OPTIONS /api/v1/dashboard/ HTTP/1.1" 200 0
[2m[WebServer] [22mForbidden: /api/v1/dashboard/
[2m[WebServer] [22m[19/Jul/2026 11:11:54] "GET /api/v1/dashboard/ HTTP/1.1" 403 250
[2m[WebServer] [22mForbidden: /api/v1/dashboard/
[2m[WebServer] [22m[19/Jul/2026 11:11:54] "GET /api/v1/dashboard/ HTTP/1.1" 403 250
[2m[WebServer] [22m[19/Jul/2026 11:11:55] "OPTIONS /api/v1/loan-accounts/?page=1&page_size=20 HTTP/1.1" 200 0
[2m[WebServer] [22m[19/Jul/2026 11:11:55] "OPTIONS /api/v1/loan-accounts/?page=1&page_size=20 HTTP/1.1" 200 0
[2m[WebServer] [22m[19/Jul/2026 11:11:55] "GET /api/v1/loan-accounts/?page=1&page_size=20 HTTP/1.1" 200 1159
[2m[WebServer] [22m[19/Jul/2026 11:11:55] "GET /api/v1/loan-accounts/?page=1&page_size=20 HTTP/1.1" 200 1159
[2m[WebServer] [22m[19/Jul/2026 11:11:55] "OPTIONS /api/v1/loan-accounts/d596a086-d5a4-4c3a-a437-1b1d36e4960f/ HTTP/1.1" 200 0
[2m[WebServer] [22m[19/Jul/2026 11:11:55] "GET /api/v1/loan-accounts/d596a086-d5a4-4c3a-a437-1b1d36e4960f/ HTTP/1.1" 200 1035
[2m[WebServer] [22m[19/Jul/2026 11:11:55] "OPTIONS /api/v1/disbursement-workspaces/?page=1&page_size=20 HTTP/1.1" 200 0
[2m[WebServer] [22m[19/Jul/2026 11:11:55] "OPTIONS /api/v1/disbursement-workspaces/?page=1&page_size=20 HTTP/1.1" 200 0
[2m[WebServer] [22m[19/Jul/2026 11:11:56] "GET /api/v1/disbursement-workspaces/?page=1&page_size=20 HTTP/1.1" 200 4530
[2m[WebServer] [22m[19/Jul/2026 11:11:56] "GET /api/v1/disbursement-workspaces/?page=1&page_size=20 HTTP/1.1" 200 4530
[2m[WebServer] [22m[19/Jul/2026 11:11:57] "GET /api/v1/auth/me/ HTTP/1.1" 200 1141
[2m[WebServer] [22m[19/Jul/2026 11:11:57] "GET /api/v1/auth/me/ HTTP/1.1" 200 1141
[2m[WebServer] [22mForbidden: /api/v1/dashboard/
[2m[WebServer] [22m[19/Jul/2026 11:11:57] "GET /api/v1/dashboard/ HTTP/1.1" 403 250
[2m[WebServer] [22mForbidden: /api/v1/dashboard/
[2m[WebServer] [22m[19/Jul/2026 11:11:57] "GET /api/v1/dashboard/ HTTP/1.1" 403 250
[2m[WebServer] [22m[19/Jul/2026 11:11:57] "GET /api/v1/disbursement-workspaces/?page=1&page_size=20 HTTP/1.1" 200 4549
[2m[WebServer] [22m[19/Jul/2026 11:11:57] "GET /api/v1/disbursement-workspaces/?page=1&page_size=20 HTTP/1.1" 200 4549
[2m[WebServer] [22m[19/Jul/2026 11:11:57] "OPTIONS /api/v1/loan-accounts/d596a086-d5a4-4c3a-a437-1b1d36e4960f/disbursements/initiate/ HTTP/1.1" 200 0
[2m[WebServer] [22mBad Request: /api/v1/loan-accounts/d596a086-d5a4-4c3a-a437-1b1d36e4960f/disbursements/initiate/
[2m[WebServer] [22m[19/Jul/2026 11:11:57] "POST /api/v1/loan-accounts/d596a086-d5a4-4c3a-a437-1b1d36e4960f/disbursements/initiate/ HTTP/1.1" 400 336
  ✘  1 [chromium] › epic-009-staff-disbursement-closure.e2e.spec.ts:35:5 › S36-S41 and initial Loan Account 360 use real Django and retain distinct evidence (5.4s)


  1) [chromium] › epic-009-staff-disbursement-closure.e2e.spec.ts:35:5 › S36-S41 and initial Loan Account 360 use real Django and retain distinct evidence 

    Error: [2mexpect([22m[31mreceived[39m[2m).[22mtoBe[2m([22m[32mexpected[39m[2m) // Object.is equality[22m

    Expected: [32mtrue[39m
    Received: [31mfalse[39m

      72 |   await page.getByRole('button', { name: 'Initiate payment' }).click();
      73 |   const initiationResponse = await initiationResponsePromise;
    > 74 |   expect(initiationResponse.ok()).toBe(true);
         |                                   ^
      75 |   const initiationEnvelope = await initiationResponse.json() as {
      76 |     success: boolean;
      77 |     data: { initiation_status: string; authorisation_status: string; bank_transfer_status: string };
        at /Users/amitkallapa/LMS/.ralph/worktrees/2026-07-19_154507_normal_run/sfpcl-lms/e2e/epic-009-staff-disbursement-closure.e2e.spec.ts:74:35

  1 failed
    [chromium] › epic-009-staff-disbursement-closure.e2e.spec.ts:35:5 › S36-S41 and initial Loan Account 360 use real Django and retain distinct evidence 

Duration milliseconds: 32655
Exit code: 1
Screenshot evidence exit code: 1
Screenshot manifest: /Users/amitkallapa/LMS/.ralph/worktrees/2026-07-19_154507_normal_run/.ralph/runs/2026-07-19_163229_repair/evidence/trusted-browser-screenshots-1.sha256
