node:internal/process/promises:288
            triggerUncaughtException(err, true /* fromPromise */);
            ^

browserType.launch: Target page, context or browser has been closed
Browser logs:

<launching> /Users/amitkallapa/Library/Caches/ms-playwright/chromium_headless_shell-1148/chrome-mac/headless_shell --disable-field-trial-config --disable-background-networking --disable-background-timer-throttling --disable-backgrounding-occluded-windows --disable-back-forward-cache --disable-breakpad --disable-client-side-phishing-detection --disable-component-extensions-with-background-pages --disable-component-update --no-default-browser-check --disable-default-apps --disable-dev-shm-usage --disable-extensions --disable-features=ImprovedCookieControls,LazyFrameLoading,GlobalMediaControls,DestroyProfileOnBrowserClose,MediaRouter,DialMediaRouteProvider,AcceptCHFrame,AutoExpandDetailsElement,CertificateTransparencyComponentUpdater,AvoidUnnecessaryBeforeUnloadCheckSync,Translate,HttpsUpgrades,PaintHolding,ThirdPartyStoragePartitioning,LensOverlay,PlzDedicatedWorker --allow-pre-commit-input --disable-hang-monitor --disable-ipc-flooding-protection --disable-popup-blocking --disable-prompt-on-repost --disable-renderer-backgrounding --force-color-profile=srgb --metrics-recording-only --no-first-run --enable-automation --password-store=basic --use-mock-keychain --no-service-autorun --export-tagged-pdf --disable-search-engine-choice-screen --unsafely-disable-devtools-self-xss-warnings --enable-use-zoom-for-dsf=false --use-angle --headless --hide-scrollbars --mute-audio --blink-settings=primaryHoverType=2,availableHoverTypes=2,primaryPointerType=4,availablePointerTypes=4 --no-sandbox --user-data-dir=/var/folders/zq/3s8051dx39q0tk8whcqx44y00000gn/T/playwright_chromiumdev_profile-VXJKK0 --remote-debugging-pipe --no-startup-window
<launched> pid=24046
[pid=24046][err] [0709/171728.599980:ERROR:thermal_state_observer_mac.mm(88)] ThermalStateObserverMac unable to register to power notifications. Result: 9
[pid=24046][err] [0709/171728.615833:ERROR:dns_config_service_posix.cc(142)] DNS config watch failed to start.
[pid=24046][err] [0709/171728.620013:WARNING:dns_config_service_posix.cc(201)] Failed to read DnsConfig.
[pid=24046][err] [0709/171728.626609:FATAL:mach_port_rendezvous.cc(399)] Check failed: kr == KERN_SUCCESS. bootstrap_check_in org.chromium.Chromium.MachPortRendezvousServer.24046: Permission denied (1100)
Call log:
[2m  - <launching> /Users/amitkallapa/Library/Caches/ms-playwright/chromium_headless_shell-1148/chrome-mac/headless_shell --disable-field-trial-config --disable-background-networking --disable-background-timer-throttling --disable-backgrounding-occluded-windows --disable-back-forward-cache --disable-breakpad --disable-client-side-phishing-detection --disable-component-extensions-with-background-pages --disable-component-update --no-default-browser-check --disable-default-apps --disable-dev-shm-usage --disable-extensions --disable-features=ImprovedCookieControls,LazyFrameLoading,GlobalMediaControls,DestroyProfileOnBrowserClose,MediaRouter,DialMediaRouteProvider,AcceptCHFrame,AutoExpandDetailsElement,CertificateTransparencyComponentUpdater,AvoidUnnecessaryBeforeUnloadCheckSync,Translate,HttpsUpgrades,PaintHolding,ThirdPartyStoragePartitioning,LensOverlay,PlzDedicatedWorker --allow-pre-commit-input --disable-hang-monitor --disable-ipc-flooding-protection --disable-popup-blocking --disable-prompt-on-repost --disable-renderer-backgrounding --force-color-profile=srgb --metrics-recording-only --no-first-run --enable-automation --password-store=basic --use-mock-keychain --no-service-autorun --export-tagged-pdf --disable-search-engine-choice-screen --unsafely-disable-devtools-self-xss-warnings --enable-use-zoom-for-dsf=false --use-angle --headless --hide-scrollbars --mute-audio --blink-settings=primaryHoverType=2,availableHoverTypes=2,primaryPointerType=4,availablePointerTypes=4 --no-sandbox --user-data-dir=/var/folders/zq/3s8051dx39q0tk8whcqx44y00000gn/T/playwright_chromiumdev_profile-VXJKK0 --remote-debugging-pipe --no-startup-window[22m
[2m  - <launched> pid=24046[22m
[2m  - [pid=24046][err] [0709/171728.599980:ERROR:thermal_state_observer_mac.mm(88)] ThermalStateObserverMac unable to register to power notifications. Result: 9[22m
[2m  - [pid=24046][err] [0709/171728.615833:ERROR:dns_config_service_posix.cc(142)] DNS config watch failed to start.[22m
[2m  - [pid=24046][err] [0709/171728.620013:WARNING:dns_config_service_posix.cc(201)] Failed to read DnsConfig.[22m
[2m  - [pid=24046][err] [0709/171728.626609:FATAL:mach_port_rendezvous.cc(399)] Check failed: kr == KERN_SUCCESS. bootstrap_check_in org.chromium.Chromium.MachPortRendezvousServer.24046: Permission denied (1100)[22m

    at /Users/amitkallapa/LMS/.ralph/worktrees/2026-07-09_170359_normal_run/sfpcl-lms/[stdin]:7:34
    at /Users/amitkallapa/LMS/.ralph/worktrees/2026-07-09_170359_normal_run/sfpcl-lms/[stdin]:12:3
    at /Users/amitkallapa/LMS/.ralph/worktrees/2026-07-09_170359_normal_run/sfpcl-lms/[stdin]-wrapper:6:24

Node.js v18.20.4
