Command:
RALPH_EVIDENCE_DIR=/Users/amitkallapa/LMS/.ralph/worktrees/2026-07-12_094433_normal_run/.ralph/runs/2026-07-12_100436_repair/evidence/screenshots E2E_DJANGO_PYTHON=/Users/amitkallapa/LMS/.ralph/venv/bin/python npm run e2e -- e2e/member-governance-closure.e2e.spec.ts

Working directory: sfpcl-lms/


> sfpcl-lms@1.0.0 e2e
> playwright test e2e/member-governance-closure.e2e.spec.ts

[2m[WebServer] [22m[12/Jul/2026 04:41:07] "GET /api/v1/health/ready/ HTTP/1.1" 200 202
[2m[WebServer] [22m[33mThe CJS build of Vite's Node API is deprecated. See https://vite.dev/guide/troubleshooting.html#vite-cjs-node-api-deprecated for more details.[39m

Running 1 test using 1 worker

[2m[WebServer] [22m[12/Jul/2026 04:41:10] "OPTIONS /api/v1/auth/login/ HTTP/1.1" 200 0
[2m[WebServer] [22m[12/Jul/2026 04:41:10] "POST /api/v1/auth/login/ HTTP/1.1" 200 1314
[2m[WebServer] [22m[12/Jul/2026 04:41:10] "OPTIONS /api/v1/auth/me/ HTTP/1.1" 200 0
[2m[WebServer] [22m[12/Jul/2026 04:41:10] "GET /api/v1/auth/me/ HTTP/1.1" 200 1671
[2m[WebServer] [22m[12/Jul/2026 04:41:10] "OPTIONS /api/v1/dashboard/ HTTP/1.1" 200 0
[2m[WebServer] [22m[12/Jul/2026 04:41:10] "OPTIONS /api/v1/dashboard/ HTTP/1.1" 200 0
[2m[WebServer] [22mForbidden: /api/v1/dashboard/
[2m[WebServer] [22m[12/Jul/2026 04:41:10] "GET /api/v1/dashboard/ HTTP/1.1" 403 250
[2m[WebServer] [22mForbidden: /api/v1/dashboard/
[2m[WebServer] [22m[12/Jul/2026 04:41:10] "GET /api/v1/dashboard/ HTTP/1.1" 403 250
[2m[WebServer] [22m[12/Jul/2026 04:41:10] "OPTIONS /api/v1/members/ HTTP/1.1" 200 0
[2m[WebServer] [22m[12/Jul/2026 04:41:10] "OPTIONS /api/v1/members/ HTTP/1.1" 200 0
[2m[WebServer] [22m[12/Jul/2026 04:41:10] "GET /api/v1/members/ HTTP/1.1" 200 816
[2m[WebServer] [22m[12/Jul/2026 04:41:10] "GET /api/v1/members/ HTTP/1.1" 200 816
[2m[WebServer] [22m[12/Jul/2026 04:41:11] "POST /api/v1/members/ HTTP/1.1" 200 2250
[2m[WebServer] [22m[12/Jul/2026 04:41:11] "OPTIONS /api/v1/members/cf491f7b-60e4-406a-ade6-4903e900e367/ HTTP/1.1" 200 0
[2m[WebServer] [22m[12/Jul/2026 04:41:11] "OPTIONS /api/v1/members/cf491f7b-60e4-406a-ade6-4903e900e367/ HTTP/1.1" 200 0
[2m[WebServer] [22m[12/Jul/2026 04:41:11] "GET /api/v1/members/cf491f7b-60e4-406a-ade6-4903e900e367/ HTTP/1.1" 200 2250
[2m[WebServer] [22m[12/Jul/2026 04:41:11] "GET /api/v1/members/cf491f7b-60e4-406a-ade6-4903e900e367/ HTTP/1.1" 200 2250
[2m[WebServer] [22m[12/Jul/2026 04:41:11] "PATCH /api/v1/members/cf491f7b-60e4-406a-ade6-4903e900e367/ HTTP/1.1" 200 2250
[2m[WebServer] [22m[12/Jul/2026 04:41:11] "GET /api/v1/members/cf491f7b-60e4-406a-ade6-4903e900e367/ HTTP/1.1" 200 2250
[2m[WebServer] [22m[12/Jul/2026 04:41:11] "GET /api/v1/members/ HTTP/1.1" 200 1415
[2m[WebServer] [22m[12/Jul/2026 04:41:11] "GET /api/v1/members/ HTTP/1.1" 200 1415
[2m[WebServer] [22m[12/Jul/2026 04:41:11] "OPTIONS /api/v1/members/?search=Epic+006+Browser+Member HTTP/1.1" 200 0
[2m[WebServer] [22m[12/Jul/2026 04:41:11] "GET /api/v1/members/?search=Epic+006+Browser+Member HTTP/1.1" 200 816
[2m[WebServer] [22m[12/Jul/2026 04:41:11] "OPTIONS /api/v1/members/00000000-0000-4000-8000-000000000602/ HTTP/1.1" 200 0
[2m[WebServer] [22m[12/Jul/2026 04:41:11] "OPTIONS /api/v1/members/00000000-0000-4000-8000-000000000602/ HTTP/1.1" 200 0
[2m[WebServer] [22m[12/Jul/2026 04:41:11] "GET /api/v1/members/00000000-0000-4000-8000-000000000602/ HTTP/1.1" 200 1766
[2m[WebServer] [22m[12/Jul/2026 04:41:11] "GET /api/v1/members/00000000-0000-4000-8000-000000000602/ HTTP/1.1" 200 1766
[2m[WebServer] [22m[12/Jul/2026 04:41:12] "OPTIONS /api/v1/members/00000000-0000-4000-8000-000000000602/identity-change-requests/ HTTP/1.1" 200 0
[2m[WebServer] [22m[12/Jul/2026 04:41:12] "POST /api/v1/members/00000000-0000-4000-8000-000000000602/identity-change-requests/ HTTP/1.1" 200 287
[2m[WebServer] [22m[12/Jul/2026 04:41:12] "GET /api/v1/members/00000000-0000-4000-8000-000000000602/ HTTP/1.1" 200 1898
[2m[WebServer] [22m[12/Jul/2026 04:41:12] "POST /api/v1/auth/login/ HTTP/1.1" 200 1288
[2m[WebServer] [22m[12/Jul/2026 04:41:12] "GET /api/v1/auth/me/ HTTP/1.1" 200 2248
[2m[WebServer] [22m[12/Jul/2026 04:41:12] "GET /api/v1/dashboard/ HTTP/1.1" 200 1454
[2m[WebServer] [22m[12/Jul/2026 04:41:12] "GET /api/v1/dashboard/ HTTP/1.1" 200 1454
[2m[WebServer] [22m[12/Jul/2026 04:41:12] "GET /api/v1/members/ HTTP/1.1" 200 1415
[2m[WebServer] [22m[12/Jul/2026 04:41:12] "GET /api/v1/members/ HTTP/1.1" 200 1415
[2m[WebServer] [22m[12/Jul/2026 04:41:12] "GET /api/v1/members/?search=Epic+006+Browser+Member HTTP/1.1" 200 816
[2m[WebServer] [22m[12/Jul/2026 04:41:12] "GET /api/v1/members/00000000-0000-4000-8000-000000000602/ HTTP/1.1" 200 1887
[2m[WebServer] [22m[12/Jul/2026 04:41:12] "GET /api/v1/members/00000000-0000-4000-8000-000000000602/ HTTP/1.1" 200 1887
  ✘  1 [chromium] › member-governance-closure.e2e.spec.ts:15:5 › member creation, canonical update, approved identity correction, and denial use real sessions (4.2s)


  1) [chromium] › member-governance-closure.e2e.spec.ts:15:5 › member creation, canonical update, approved identity correction, and denial use real sessions 

    Error: expect.toBeVisible: Error: strict mode violation: getByRole('button', { name: 'Approve identity change' }) resolved to 2 elements:
        1) <button class="btn-primary text-sm">Approve identity change</button> aka locator('div').filter({ hasText: /^Approve identity change$/ }).getByRole('button')
        2) <button class="btn-secondary text-xs disabled:opacity-50 disabled:cursor-not-allowed">Approve identity change</button> aka getByRole('button', { name: 'Approve identity change' }).nth(1)

    Call log:
    [2m  - expect.toBeVisible with timeout 5000ms[22m
    [2m  - waiting for getByRole('button', { name: 'Approve identity change' })[22m


      71 |   await page.getByPlaceholder('Search by name or folio...').fill('Epic 006 Browser Member');
      72 |   await page.getByRole('row').filter({ hasText: 'Epic 006 Browser Member' }).getByRole('button', { name: 'Profile' }).click();
    > 73 |   await expect(page.getByRole('button', { name: 'Approve identity change' })).toBeVisible();
         |                                                                               ^
      74 |   const approved = waitForMutation(page, 'POST', /\/api\/v1\/member-identity-change-requests\/[0-9a-f-]+\/approve\/$/);
      75 |   const approvedCanonical = waitForCanonicalMember(page, VERIFIED_MEMBER_ID);
      76 |   await page.getByRole('button', { name: 'Approve identity change' }).click();
        at /Users/amitkallapa/LMS/.ralph/worktrees/2026-07-12_094433_normal_run/sfpcl-lms/e2e/member-governance-closure.e2e.spec.ts:73:79

  1 failed
    [chromium] › member-governance-closure.e2e.spec.ts:15:5 › member creation, canonical update, approved identity correction, and denial use real sessions 

Exit code: 1
