Command:
RALPH_EVIDENCE_DIR=/Users/amitkallapa/LMS/.ralph/worktrees/2026-07-21_091246_normal_run/.ralph/runs/2026-07-21_091246_normal_run/evidence/screenshots/run-2 E2E_DJANGO_PYTHON=/Users/amitkallapa/LMS/.ralph/venv/bin/python npm run e2e -- e2e/member-portal-repayment-view.e2e.spec.ts

Working directory: sfpcl-lms/


> sfpcl-lms@1.0.0 e2e
> playwright test e2e/member-portal-repayment-view.e2e.spec.ts

[2m[WebServer] [22m[21/Jul/2026 04:27:17] "GET /api/v1/health/ready/ HTTP/1.1" 200 202
[2m[WebServer] [22m[33mThe CJS build of Vite's Node API is deprecated. See https://vite.dev/guide/troubleshooting.html#vite-cjs-node-api-deprecated for more details.[39m

Running 4 tests using 1 worker

[2m[WebServer] [22m[21/Jul/2026 04:27:22] "OPTIONS /api/v1/portal/auth/login/ HTTP/1.1" 200 0
[2m[WebServer] [22m[21/Jul/2026 04:27:22] "POST /api/v1/portal/auth/login/ HTTP/1.1" 200 2208
[2m[WebServer] [22m[21/Jul/2026 04:27:22] "OPTIONS /api/v1/auth/me/ HTTP/1.1" 200 0
[2m[WebServer] [22m[21/Jul/2026 04:27:22] "GET /api/v1/auth/me/ HTTP/1.1" 200 1092
[2m[WebServer] [22m[21/Jul/2026 04:27:22] "OPTIONS /api/v1/portal/dashboard/ HTTP/1.1" 200 0
[2m[WebServer] [22m[21/Jul/2026 04:27:22] "OPTIONS /api/v1/portal/dashboard/ HTTP/1.1" 200 0
[2m[WebServer] [22m[21/Jul/2026 04:27:22] "GET /api/v1/portal/dashboard/ HTTP/1.1" 200 933
[2m[WebServer] [22m[21/Jul/2026 04:27:22] "GET /api/v1/portal/dashboard/ HTTP/1.1" 200 933
  ✓  1 [chromium] › member-portal-repayment-view.e2e.spec.ts:11:5 › MP15 shows the selected borrower account without internal evidence (2.9s)
[2m[WebServer] [22m[21/Jul/2026 04:27:25] "OPTIONS /api/v1/portal/auth/login/ HTTP/1.1" 200 0
[2m[WebServer] [22m[21/Jul/2026 04:27:25] "POST /api/v1/portal/auth/login/ HTTP/1.1" 200 2208
[2m[WebServer] [22m[21/Jul/2026 04:27:25] "OPTIONS /api/v1/auth/me/ HTTP/1.1" 200 0
[2m[WebServer] [22m[21/Jul/2026 04:27:25] "GET /api/v1/auth/me/ HTTP/1.1" 200 1092
[2m[WebServer] [22m[21/Jul/2026 04:27:25] "OPTIONS /api/v1/portal/dashboard/ HTTP/1.1" 200 0
[2m[WebServer] [22m[21/Jul/2026 04:27:25] "OPTIONS /api/v1/portal/dashboard/ HTTP/1.1" 200 0
[2m[WebServer] [22m[21/Jul/2026 04:27:25] "GET /api/v1/portal/dashboard/ HTTP/1.1" 200 933
[2m[WebServer] [22m[21/Jul/2026 04:27:25] "GET /api/v1/portal/dashboard/ HTTP/1.1" 200 933
  ✓  2 [chromium] › member-portal-repayment-view.e2e.spec.ts:21:5 › MP15 preserves the real empty state (2.5s)
[2m[WebServer] [22m[21/Jul/2026 04:27:27] "OPTIONS /api/v1/portal/auth/login/ HTTP/1.1" 200 0
[2m[WebServer] [22m[21/Jul/2026 04:27:27] "POST /api/v1/portal/auth/login/ HTTP/1.1" 200 2208
[2m[WebServer] [22m[21/Jul/2026 04:27:27] "OPTIONS /api/v1/auth/me/ HTTP/1.1" 200 0
[2m[WebServer] [22m[21/Jul/2026 04:27:27] "GET /api/v1/auth/me/ HTTP/1.1" 200 1092
[2m[WebServer] [22m[21/Jul/2026 04:27:27] "OPTIONS /api/v1/portal/dashboard/ HTTP/1.1" 200 0
[2m[WebServer] [22m[21/Jul/2026 04:27:27] "OPTIONS /api/v1/portal/dashboard/ HTTP/1.1" 200 0
[2m[WebServer] [22m[21/Jul/2026 04:27:27] "GET /api/v1/portal/dashboard/ HTTP/1.1" 200 933
[2m[WebServer] [22m[21/Jul/2026 04:27:27] "GET /api/v1/portal/dashboard/ HTTP/1.1" 200 933
  ✓  3 [chromium] › member-portal-repayment-view.e2e.spec.ts:29:5 › MP15 renders a safe backend error (2.3s)
[2m[WebServer] [22m[21/Jul/2026 04:27:30] "OPTIONS /api/v1/portal/auth/login/ HTTP/1.1" 200 0
[2m[WebServer] [22m[21/Jul/2026 04:27:30] "POST /api/v1/portal/auth/login/ HTTP/1.1" 200 2208
[2m[WebServer] [22m[21/Jul/2026 04:27:30] "OPTIONS /api/v1/auth/me/ HTTP/1.1" 200 0
[2m[WebServer] [22m[21/Jul/2026 04:27:30] "GET /api/v1/auth/me/ HTTP/1.1" 200 1092
[2m[WebServer] [22m[21/Jul/2026 04:27:30] "OPTIONS /api/v1/portal/dashboard/ HTTP/1.1" 200 0
[2m[WebServer] [22m[21/Jul/2026 04:27:30] "OPTIONS /api/v1/portal/dashboard/ HTTP/1.1" 200 0
[2m[WebServer] [22m[21/Jul/2026 04:27:30] "GET /api/v1/portal/dashboard/ HTTP/1.1" 200 933
[2m[WebServer] [22m[21/Jul/2026 04:27:30] "GET /api/v1/portal/dashboard/ HTTP/1.1" 200 933
  ✓  4 [chromium] › member-portal-repayment-view.e2e.spec.ts:38:5 › MP17 and MP18 remain readable and read-only at a narrow viewport (3.2s)

  4 passed (50.9s)

Duration milliseconds: 51924
Exit code: 0
Screenshot evidence exit code: 0
Screenshot manifest: /Users/amitkallapa/LMS/.ralph/worktrees/2026-07-21_091246_normal_run/.ralph/runs/2026-07-21_091246_normal_run/evidence/trusted-browser-screenshots-2.sha256
