Command:
RALPH_EVIDENCE_DIR=/Users/amitkallapa/LMS/.ralph/worktrees/2026-07-23_192235_normal_run/.ralph/runs/2026-07-23_192235_normal_run/evidence/screenshots/run-1 E2E_DJANGO_PYTHON=/Users/amitkallapa/LMS/.ralph/venv/bin/python npm run e2e -- e2e/member-portal-communications.e2e.spec.ts

Working directory: sfpcl-lms/


> sfpcl-lms@1.0.0 e2e
> playwright test e2e/member-portal-communications.e2e.spec.ts

[2m[WebServer] [22m[23/Jul/2026 14:44:41] "GET /api/v1/health/ready/ HTTP/1.1" 200 202
[2m[WebServer] [22m[33mThe CJS build of Vite's Node API is deprecated. See https://vite.dev/guide/troubleshooting.html#vite-cjs-node-api-deprecated for more details.[39m

Running 1 test using 1 worker

[2m[WebServer] [22m[23/Jul/2026 14:44:46] "OPTIONS /api/v1/portal/auth/login/ HTTP/1.1" 200 0
[2m[WebServer] [22m[23/Jul/2026 14:44:46] "POST /api/v1/portal/auth/login/ HTTP/1.1" 200 2208
[2m[WebServer] [22m[23/Jul/2026 14:44:46] "OPTIONS /api/v1/auth/me/ HTTP/1.1" 200 0
[2m[WebServer] [22m[23/Jul/2026 14:44:46] "GET /api/v1/auth/me/ HTTP/1.1" 200 1092
[2m[WebServer] [22m[23/Jul/2026 14:44:46] "OPTIONS /api/v1/portal/dashboard/ HTTP/1.1" 200 0
[2m[WebServer] [22m[23/Jul/2026 14:44:46] "OPTIONS /api/v1/portal/dashboard/ HTTP/1.1" 200 0
[2m[WebServer] [22m[23/Jul/2026 14:44:46] "GET /api/v1/portal/dashboard/ HTTP/1.1" 200 933
[2m[WebServer] [22m[23/Jul/2026 14:44:46] "GET /api/v1/portal/dashboard/ HTTP/1.1" 200 933
  ✘  1 [chromium] › member-portal-communications.e2e.spec.ts:8:5 › member communication surfaces remain own-scoped and usable on mobile (7.9s)


  1) [chromium] › member-portal-communications.e2e.spec.ts:8:5 › member communication surfaces remain own-scoped and usable on mobile 

    Error: [31mTimed out 5000ms waiting for [39m[2mexpect([22m[31mlocator[39m[2m).[22mtoBeVisible[2m()[22m

    Locator: getByText('issued', { exact: true })
    Expected: visible
    Received: <element(s) not found>
    Call log:
    [2m  - expect.toBeVisible with timeout 5000ms[22m
    [2m  - waiting for getByText('issued', { exact: true })[22m


      17 |   await navigate(page, 'Closure & NOC');
      18 |   await expect(page.getByText('LN-PORTAL-CLOSED-001')).toBeVisible();
    > 19 |   await expect(page.getByText('issued', { exact: true })).toBeVisible();
         |                                                           ^
      20 |   await expect(page.getByText('released', { exact: true })).toBeVisible();
      21 |
      22 |   await navigate(page, 'Notifications');
        at /Users/amitkallapa/LMS/.ralph/worktrees/2026-07-23_192235_normal_run/sfpcl-lms/e2e/member-portal-communications.e2e.spec.ts:19:59

  1 failed
    [chromium] › member-portal-communications.e2e.spec.ts:8:5 › member communication surfaces remain own-scoped and usable on mobile 

Duration milliseconds: 60250
Exit code: 1
Screenshot evidence exit code: 1
Screenshot manifest: /Users/amitkallapa/LMS/.ralph/worktrees/2026-07-23_192235_normal_run/.ralph/runs/2026-07-23_192235_normal_run/evidence/trusted-browser-screenshots-1.sha256
