
> sfpcl-lms@1.0.0 test
> vitest run --run src/pages/registers/RegistersHub.test.tsx

[33mThe CJS build of Vite's Node API is deprecated. See https://vite.dev/guide/troubleshooting.html#vite-cjs-node-api-deprecated for more details.[39m

 RUN  v3.2.6 /Users/amitkallapa/LMS/.ralph/worktrees/2026-07-14_025903_normal_run/sfpcl-lms

 ❯ src/pages/registers/RegistersHub.test.tsx (7 tests | 1 failed) 354ms
   ✓ RegistersHub owned approval register panels > renders only the server-scoped frozen sanction page and replaces pagination after a filter change 137ms
   ✓ RegistersHub owned approval register panels > applies only canonical financial-year values 150ms
   × RegistersHub owned approval register panels > loads S25 independently with immutable comments and evidence but no inferred download 16ms
     → Unable to find an element with the text: CFO approved with monitoring.. This could be because the text is broken up by multiple elements. In this case, you can provide a function for your text matcher to make your matcher more flexible.

Ignored nodes: comments, script, style
[36m<body>[39m
  [36m<div>[39m
    [36m<div[39m
      [33mclass[39m=[32m"p-6 space-y-4"[39m
    [36m>[39m
      [36m<div[39m
        [33mclass[39m=[32m"flex items-center justify-between"[39m
      [36m>[39m
        [36m<div>[39m
          [36m<h1[39m
            [33mclass[39m=[32m"text-xl font-bold text-slate-900 flex items-center gap-2"[39m
          [36m>[39m
            [36m<svg[39m
              [33maria-hidden[39m=[32m"true"[39m
              [33mclass[39m=[32m"lucide lucide-book-open text-green-600"[39m
              [33mfill[39m=[32m"none"[39m
              [33mheight[39m=[32m"20"[39m
              [33mstroke[39m=[32m"currentColor"[39m
              [33mstroke-linecap[39m=[32m"round"[39m
              [33mstroke-linejoin[39m=[32m"round"[39m
              [33mstroke-width[39m=[32m"2"[39m
              [33mviewBox[39m=[32m"0 0 24 24"[39m
              [33mwidth[39m=[32m"20"[39m
              [33mxmlns[39m=[32m"http://www.w3.org/2000/svg"[39m
            [36m>[39m
              [36m<path[39m
                [33md[39m=[32m"M12 7v14"[39m
              [36m/>[39m
              [36m<path[39m
                [33md[39m=[32m"M3 18a1 1 0 0 1-1-1V4a1 1 0 0 1 1-1h5a4 4 0 0 1 4 4 4 4 0 0 1 4-4h5a1 1 0 0 1 1 1v13a1 1 0 0 1-1 1h-6a3 3 0 0 0-3 3 3 3 0 0 0-3-3z"[39m
              [36m/>[39m
            [36m</svg>[39m
            [0mRegisters[0m
          [36m</h1>[39m
          [36m<p[39m
            [33mclass[39m=[32m"text-sm text-slate-500 mt-0.5"[39m
          [36m>[39m
            [0mPermission-scoped approval registers[0m
          [36m</p>[39m
        [36m</div>[39m
      [36m</div>[39m
      [36m<div[39m
        [33mclass[39m=[32m"flex flex-col flex-1 min-h-0"[39m
      [36m>[39m
        [36m<div[39m
          [33mclass[39m=[32m"border-b border-slate-200 overflow-x-auto"[39m
        [36m>[39m
          [36m<div[39m
            [33mclass[39m=[32m"flex gap-0 min-w-max pr-6"[39m
          [36m>[39m
            [36m<button[39m
              [33mclass[39m=[32m"flex items-center gap-1.5 px-4 py-3 text-sm font-medium border-b-2 transition-colors whitespace-nowrap focus:outline-none focus-visible:ring-2 focus-visible:ring-green-500/50 border-green-600 text-green-700"[39m
            [36m>[39m
              [0mException register[0m
            [36m</button>[39m
          [36m</div>[39m
        [36m</div>[39m
        [36m<div[39m
          [33mclass[39m=[32m"flex-1 overflow-y-auto pt-5"[39m
        [36m>[39m
          [36m<div[39m
            [33mclass[39m=[32m"space-y-4"[39m
          [36m>[39m
            [36m<div[39m
              [33mclass[39m=[32m"flex flex-wrap items-center gap-3"[39m
            [36m>[39m
              [36m<select[39m
                [33maria-label[39m=[32m"Exception status"[39m
                [33mclass[39m=[32m"field-select text-sm py-2"[39m
              [36m>[39m
                [36m<option[39m
                  [33mvalue[39m=[32m""[39m
                [36m>[39m
                  [0mAll statuses[0m
                [36m</option>[39m
                [36m<option[39m
                  [33mvalue[39m=[32m"pending"[39m
                [36m>[39m
                  [0mPending[0m
                [36m</option>[39m
                [36m<option[39m
                  [33mvalue[39m=[32m"approved"[39m
                [36m>[39m
                  [0mApproved[0m
                [36m</option>[39m
                [36m<option[39m
                  [33mvalue[39m=[32m"rejected"[39m
                [36m>[39m
                  [0mRejected[0m
                [36m</option>[39m
              [36m</select>[39m
              [36m<select[39m
                [33maria-label[39m=[32m"Exception type"[39m
                [33mclass[39m=[32m"field-select text-sm py-2"[39m
              [36m>[39m
                [36m<option[39m
                  [33mvalue[39m=[32m""[39m
                [36m>[39m
                  [0mAll exception types[0m
                [36m</option>[39m
                [36m<option[39m
                  [33mvalue[39m=[32m"exceeds_loan_limit"[39m
                [36m>[39m
                  [0mExceeds loan limit[0m
                [36m</option>[39m
                [36m<option[39m
                  [33mvalue[39m=[32m"stage_bypass"[39m
                [36m>[39m
                  [0mStage bypass[0m
                [36m</option>[39m
                [36m<option[39m
                  [33mvalue[39m=[32m"waiver"[39m
                [36m>[39m
                  [0mWaiver[0m
                [36m</option>[39m
              [36m</select>[39m
            [36m</div>[39m
            [36m<div[39m
              [33mclass[39m=[32m"card p-0 overflow-hidden"[39m
            [36m>[39m
              [36m<div[39m
                [33mclass[39m=[32m"p-4 bg-slate-50 border-b border-slate-200"[39m
              [36m>[39m
                [36m<p[39m
                  [33mclass[39m=[32m"text-sm font-semibold text-slate-900 flex items-center gap-2"[39m
                [36m>[39m
                  [36m<svg[39m
                    [33maria-hidden[39m=[32m"true"[39m
                    [33mclass[39m=[32m"lucide lucide-octagon-alert text-violet-600"[39m
                    [33mfill[39m=[32m"none"[39m
                    [33mheight[39m=[32m"14"[39m
                    [33mstroke[39m=[32m"currentColor"[39m
                    [33mstroke-linecap[39m=[32m"round"[39m
                    [33mstroke-linejoin[39m=[32m"round"[39m
                    [33mstroke-width[39m=[32m"2"[39m
                    [33mviewBox[39m=[32m"0 0 24 24"[39m
                    [33mwidth[39m=[32m"14"[39m
                    [33mxmlns[39m=[32m"http://www.w3.org/2000/svg"[39m
                  [36m>[39m
                    [36m<path[39m
                      [33md[39m=[32m"M12 16h.01"[39m
                    [36m/>[39m
                    [36m<path[39m
                      [33md[39m=[32m"M12 8v4"[39m
                    [36m/>[39m
                    [36m<path[39m
                      [33md[39m=[32m"M15.312 2a2 2 0 0 1 1.414.586l4.688 4.688A2 2 0 0 1 22 8.688v6.624a2 2 0 0 1-.586 1.414l-4.688 4.688a2 2 0 0 1-1.414.586H8.688a2 2 0 0 1-1.414-.586l-4.688-4.688A2 2 0 0 1 2 15.312V8.688a2 2 0 0 1 .586-1.414l4.688-4.688A2 2 0 0 1 8.688 2z"[39m
                    [36m/>[39m
                  [36m</svg>[39m
                  [0m Exception register[0m
                [36m</p>[39m
                [36m<p[39m
                  [33mclass[39m=[32m"text-xs text-slate-500 mt-0.5"[39m
                [36m>[39m
                  [0m1 record[0m
                [36m</p>[39m
              [36m</div>[39m
              [36m<div[39m
                [33mclass[39m=[32m"overflow-x-auto"[39m
              [36m>[39m
                [36m<table[39m
                  [33mclass[39m=[32m"w-full text-sm min-w-max"[39m
                [36m>[39m
                  [36m<thead>[39m
                    [36m<tr[39m
                      [33mclass[39m=[32m"bg-slate-50 border-b border-slate-200"[39m
                    [36m>[39m
                      [36m<th[39m
                        [33mclass[39m=[32m"table-header text-left"[39m
                      [36m>[39m
                        [0mException ID[0m
                      [36m</th>[39m
                      [36m<th[39m
                        [33mclass[39m=[32m"table-header text-left"[39m
                      [36m>[39m
                        [0mApplication / loan[0m
                      [36m</th>[39m
                      [36m<th[39m
                        [33mclass[39m=[32m"table-header text-left"[39m
                      [36m>[39m
                        [0mCycle[0m
                      [36m</th>[39m
                      [36m<th[39m
                        [33mclass[39m=[32m"table-header text-left"[39m
                      [36m>[39m
                        [0mType[0m
                      [36m</th>[39m
                      [36m<th[39m
                        [33mclass[39m=[32m"table-header text-left"[39m
                      [36m>[39m
                        [0mDescription[0m
                      [36m</th>[39m
                      [36m<th[39m
                        [33mclass[39m=[32m"table-header text-left"[39m
                      [36m>[39m
                        [0mBusiness reason[0m
                      [36m</th>[39m
                      [36m<th[39m
                        [33mclass[39m=[32m"table-header text-left"[39m
                      [36m>[39m
                        [0mRisk[0m
                      [36m</th>[39m
                      [36m<th[39m
                        [33mclass[39m=[32m"table-header text-left"[39m
                      [36m>[39m
                        [0mRequired authority[0m
                      [36m</th>[39m
                      [36m<th[39m
                        [33mclass[39m=[32m"table-header text-left"[39m
                      [36m>[39m
                        [0mDecision[0m
                      [36m</th>[39m
                      [36m<th[39m
                        [33mclass[39m=[32m"table-header text-left"[39m
                      [36m>[39m
                        [0mCase status[0m
                      [36m</th>[39m
                      [36m<th[39m
                        [33mclass[39m=[32m"table-header text-left"[39m
                      [36m>[39m
                        [0mCreated[0m
                      [36m</th>[39m
                      [36m<th[39m
                        [33mclass[39m=[32m"table-header text-left"[39m
                      [36m>[39m
                        [0mClosed[0m
                      [36m</th>[39m
                    [36m</tr>[39m
                  [36m</thead>[39m
                  [36m<tbody[39m
                    [33mclass[39m=[32m"divide-y divide-slate-100"[39m
                  [36m>[39m
                    [36m<tr[39m
                      [33mclass[39m=[32m"hover:bg-slate-50"[39m
                    [36m>[39m
                      [36m<td[39m
                        [33mclass[39m=[32m"table-cell num font-semibold text-violet-700"[39m
                      [36m>[39m
                        [0mexception-1[0m
                      [36m</td>[39m
                      [36m<td[39m
                        [33mclass[39m=[32m"table-cell num"[39m
                      [36m>[39m
                        [0mapplication-valid[0m
                      [36m</td>[39m
                      [36m<td[39m
                        [33mclass[39m=[32m"table-cell num"[39m
                      [36m>[39m
                        [0m1[0m
                      [36m</td>[39m
                      [36m<td[39m
                        [33mclass[39m=[32m"table-cell capitalize"[39m
                      [36m>[39m
                        [0mstage bypass[0m
                      [36m</td>[39m
                      [36m<td[39m
                        [33mclass[39m=[32m"table-cell text-slate-600 max-w-72 whitespace-normal"[39m
                      [36m>[39m
                        [0mFrozen exception description[0m
                      [36m</td>[39m
                      [36m<td[39m
                        [33mclass[39m=[32m"table-cell text-slate-600 max-w-72 whitespace-normal"[39m
                      [36m>[39m
                        [0mFrozen exception business reason[0m
                      [36m</td>[39m
                      [36m<td[39m
                        [33mclass[39m=[32m"table-cell"[39m
                      [36m>[39m
                        [0mMedium[0m
                      [36m</td>[39m
                      [36m<td[39m
                        [33mclass[39m=[32m"table-cell text-slate-600 max-w-72 whitespace-normal"[39m
                      [36m>[39m
                        [0mCFO: CFO One (pending)[0m
                      [36m</td>[39m
                      [36m<td[39m
                        [33mclass[39m=[32m"table-cell"[39m
                      [36m>[39m
                        [36m<span[39m
                          [33mclass[39m=[32m"inline-flex items-center gap-1 font-medium rounded-full border whitespace-nowrap bg-slate-100 text-slate-700 border-slate-200 text-xs px-2 py-0.5 h-5"[39m
                        [36m>[39m
                          [36m<svg[39m
                            [33maria-hidden[39m=[32m"true"[39m
                            [33mclass[39m=[32m"lucide lucide-circle"[39m
                            [33mfill[39m=[32m"none"[39m
                            [33mheight[39m=[32m"10"[39m
                            [33mstroke[39m=[32m"currentColor"[39m
                            [33mstroke-linecap[39m=[32m"round"[39m
                            [33mstroke-linejoin[39m=[32m"round"[39m
                            [33mstroke-width[39m=[32m"2"[39m
                            [33mviewBox[39m=[32m"0 0 24 24"[39m
                            [33mwidth[39m=[32m"10"[39m
                            [33mxmlns[39m=[32m"http://www.w3.org/2000/svg"[39m
                          [36m>[39m
                            [36m<circle[39m
                              [33mcx[39m=[32m"12"[39m
                              [33mcy[39m=[32m"12"[39m
                              [33mr[39m=[32m"10"[39m
                            [36m/>[39m
                          [36m</svg>[39m
                          [0mPending[0m
                        [36m</span>[39m
                      [36m</td>[39m
                      [36m<td[39m
                        [33mclass[39m=[32m"table-cell"[39m
                      [36m>[39m
                        [36m<span[39m
                          [33mclass[39m=[32m"inline-flex items-center gap-1 font-medium rounded-full border whitespace-nowrap bg-slate-100 text-slate-700 border-slate-200 text-xs px-2 py-0.5 h-5"[39m
                        [36m>[39m
                          [36m<svg[39m
                            [33maria-hidden[39m=[32m"true"[39m
                            [33mclass[39m=[32m"lucide lucide-circle"[39m
                            [33mfill[39m=[32m"none"[39m
                            [33mheight[39m=[32m"10"[39m
                            [33mstroke[39m=[32m"currentColor"[39m
                            [33mstroke-linecap[39m=[32m"round"[39m
                            [33mstroke-linejoin[39m=[32m"round"[39m
                            [33mstroke-width[39m=[32m"2"[39m
                            [33mviewBox[39m=[32m"0 0 24 24"[39m
                            [33mwidth[39m=[32m"10"[39m
                            [33mxmlns[39m=[32m"http://www.w3.org/2000/svg"[39m
                          [36m>[39m
                            [36m<circle[39m
                              [33mcx[39m=[32m"12"[39m
                              [33mcy[39m=[32m"12"[39m
                              [33mr[39m=[32m"10"[39m
                            [36m/>[39m
                          [36m</svg>[39m
                          [0mPending[0m
                        [36m</span>[39m
                      [36m</td>[39m
                      [36m<td[39m
                        [33mclass[39m=[32m"table-cell"[39m
                      [36m>[39m
                        [0m13 Jul 2026[0m
                      [36m</td>[39m
                      [36m<td[39m
                        [33mclass[39m=[32m"table-cell"[39m
                      [36m>[39m
                        [0m—[0m
                      [36m</td>[39m
                    [36m</tr>[39m
                  [36m</tbody>[39m
                [36m</table>[39m
              [36m</div>[39m
              [36m<div[39m
                [33mclass[39m=[32m"px-4 py-3 border-t border-slate-200 flex items-center justify-between text-sm"[39m
              [36m>[39m
                [36m<span[39m
                  [33mclass[39m=[32m"text-slate-500"[39m
                [36m>[39m
                  [0mPage [0m
                  [0m1[0m
                  [0m of [0m
                  [0m1[0m
                [36m</span>[39m
                [36m<div[39m
                  [33mclass[39m=[32m"flex gap-2"[39m
                [36m>[39m
                  [36m<button[39m
                    [33mclass[39m=[32m"btn-secondary flex items-center gap-1 text-sm"[39m
                    [33mdisabled[39m=[32m""[39m
                  [36m>[39m
                    [36m<svg[39m
                      [33maria-hidden[39m=[32m"true"[39m
                      [33mclass[39m=[32m"lucide lucide-chevron-left"[39m
                      [33mfill[39m=[32m"none"[39m
                      [33mheight[39m=[32m"14"[39m
                      [33mstroke[39m=[32m"currentColor"[39m
                      [33mstroke-linecap[39m=[32m"round"[39m
                      [33mstroke-linejoin[39m=[32m"round"[39m
                      [33mstroke-width[39m=[32m"2"[39m
                      [33mviewBox[39m=[32m"0 0 24 24"[39m
                      [33mwidth[39m=[32m"14"[39m
                      [33mxmlns[39m=[32m"http://www.w3.org/2000/svg"[39m
                    [36m>[39m
                      [36m<path[39m
                        [33md[39m=[32m"m15 18-6-6 6-6"[39m
                      [36m/>[39m
                    [36m</svg>[39m
                    [0m Previous[0m
                  [36m</button>[39m
                  [36m<button[39m
                    [33mclass[39m=[32m"btn-secondary flex items-center gap-1 text-sm"[39m
                    [33mdisabled[39m=[32m""[39m
                  [36m>[39m
                    [0mNext [0m
                    [36m<svg[39m
                      [33maria-hidden[39m=[32m"true"[39m
                      [33mclass[39m=[32m"lucide lucide-chevron-right"[39m
                      [33mfill[39m=[32m"none"[39m
                      [33mheight[39m=[32m"14"[39m
                      [33mstroke[39m=[32m"currentColor"[39m
                      [33mstroke-linecap[39m=[32m"round"[39m
                      [33mstroke-linejoin[39m=[32m"round"[39m
                      [33mstroke-width[39m=[32m"2"[39m
                      [33mviewBox[39m=[32m"0 0 24 24"[39m
                      [33mwidth[39m=[32m"14"[39m
                      [33mxmlns[39m=[32m"http://www.w3.org/2000/svg"[39m
                    [36m>[39m
                      [36m<path[39m
                        [33md[39m=[32m"m9 18 6-6-6-6"[39m
                      [36m/>[39m
                    [36m</svg>[39m
                  [36m</button>[39m
                [36m</div>[39m
              [36m</div>[39m
            [36m</div>[39m
          [36m</div>[39m
        [36m</div>[39m
      [36m</div>[39m
    [36m</div>[39m
  [36m</div>[39m
[36m</body>[39m
   ✓ RegistersHub owned approval register panels > hides export without canonical permission and reports its deferred state when permitted 18ms
   ✓ RegistersHub owned approval register panels > shows a nondisclosing denied state with no fallback register facts 20ms
   ✓ RegistersHub owned approval register panels > clears scoped register facts when the actor loses canonical permission 11ms
   ✓ RegistersHub owned approval register panels > keeps mock-backed variables outside the owned S23/S25 panel source 0ms

⎯⎯⎯⎯⎯⎯⎯ Failed Tests 1 ⎯⎯⎯⎯⎯⎯⎯

 FAIL  src/pages/registers/RegistersHub.test.tsx > RegistersHub owned approval register panels > loads S25 independently with immutable comments and evidence but no inferred download
TestingLibraryElementError: Unable to find an element with the text: CFO approved with monitoring.. This could be because the text is broken up by multiple elements. In this case, you can provide a function for your text matcher to make your matcher more flexible.

Ignored nodes: comments, script, style
[36m<body>[39m
  [36m<div>[39m
    [36m<div[39m
      [33mclass[39m=[32m"p-6 space-y-4"[39m
    [36m>[39m
      [36m<div[39m
        [33mclass[39m=[32m"flex items-center justify-between"[39m
      [36m>[39m
        [36m<div>[39m
          [36m<h1[39m
            [33mclass[39m=[32m"text-xl font-bold text-slate-900 flex items-center gap-2"[39m
          [36m>[39m
            [36m<svg[39m
              [33maria-hidden[39m=[32m"true"[39m
              [33mclass[39m=[32m"lucide lucide-book-open text-green-600"[39m
              [33mfill[39m=[32m"none"[39m
              [33mheight[39m=[32m"20"[39m
              [33mstroke[39m=[32m"currentColor"[39m
              [33mstroke-linecap[39m=[32m"round"[39m
              [33mstroke-linejoin[39m=[32m"round"[39m
              [33mstroke-width[39m=[32m"2"[39m
              [33mviewBox[39m=[32m"0 0 24 24"[39m
              [33mwidth[39m=[32m"20"[39m
              [33mxmlns[39m=[32m"http://www.w3.org/2000/svg"[39m
            [36m>[39m
              [36m<path[39m
                [33md[39m=[32m"M12 7v14"[39m
              [36m/>[39m
              [36m<path[39m
                [33md[39m=[32m"M3 18a1 1 0 0 1-1-1V4a1 1 0 0 1 1-1h5a4 4 0 0 1 4 4 4 4 0 0 1 4-4h5a1 1 0 0 1 1 1v13a1 1 0 0 1-1 1h-6a3 3 0 0 0-3 3 3 3 0 0 0-3-3z"[39m
              [36m/>[39m
            [36m</svg>[39m
            [0mRegisters[0m
          [36m</h1>[39m
          [36m<p[39m
            [33mclass[39m=[32m"text-sm text-slate-500 mt-0.5"[39m
          [36m>[39m
            [0mPermission-scoped approval registers[0m
          [36m</p>[39m
        [36m</div>[39m
      [36m</div>[39m
      [36m<div[39m
        [33mclass[39m=[32m"flex flex-col flex-1 min-h-0"[39m
      [36m>[39m
        [36m<div[39m
          [33mclass[39m=[32m"border-b border-slate-200 overflow-x-auto"[39m
        [36m>[39m
          [36m<div[39m
            [33mclass[39m=[32m"flex gap-0 min-w-max pr-6"[39m
          [36m>[39m
            [36m<button[39m
              [33mclass[39m=[32m"flex items-center gap-1.5 px-4 py-3 text-sm font-medium border-b-2 transition-colors whitespace-nowrap focus:outline-none focus-visible:ring-2 focus-visible:ring-green-500/50 border-green-600 text-green-700"[39m
            [36m>[39m
              [0mException register[0m
            [36m</button>[39m
          [36m</div>[39m
        [36m</div>[39m
        [36m<div[39m
          [33mclass[39m=[32m"flex-1 overflow-y-auto pt-5"[39m
        [36m>[39m
          [36m<div[39m
            [33mclass[39m=[32m"space-y-4"[39m
          [36m>[39m
            [36m<div[39m
              [33mclass[39m=[32m"flex flex-wrap items-center gap-3"[39m
            [36m>[39m
              [36m<select[39m
                [33maria-label[39m=[32m"Exception status"[39m
                [33mclass[39m=[32m"field-select text-sm py-2"[39m
              [36m>[39m
                [36m<option[39m
                  [33mvalue[39m=[32m""[39m
                [36m>[39m
                  [0mAll statuses[0m
                [36m</option>[39m
                [36m<option[39m
                  [33mvalue[39m=[32m"pending"[39m
                [36m>[39m
                  [0mPending[0m
                [36m</option>[39m
                [36m<option[39m
                  [33mvalue[39m=[32m"approved"[39m
                [36m>[39m
                  [0mApproved[0m
                [36m</option>[39m
                [36m<option[39m
                  [33mvalue[39m=[32m"rejected"[39m
                [36m>[39m
                  [0mRejected[0m
                [36m</option>[39m
              [36m</select>[39m
              [36m<select[39m
                [33maria-label[39m=[32m"Exception type"[39m
                [33mclass[39m=[32m"field-select text-sm py-2"[39m
              [36m>[39m
                [36m<option[39m
                  [33mvalue[39m=[32m""[39m
                [36m>[39m
                  [0mAll exception types[0m
                [36m</option>[39m
                [36m<option[39m
                  [33mvalue[39m=[32m"exceeds_loan_limit"[39m
                [36m>[39m
                  [0mExceeds loan limit[0m
                [36m</option>[39m
                [36m<option[39m
                  [33mvalue[39m=[32m"stage_bypass"[39m
                [36m>[39m
                  [0mStage bypass[0m
                [36m</option>[39m
                [36m<option[39m
                  [33mvalue[39m=[32m"waiver"[39m
                [36m>[39m
                  [0mWaiver[0m
                [36m</option>[39m
              [36m</select>[39m
            [36m</div>[39m
            [36m<div[39m
              [33mclass[39m=[32m"card p-0 overflow-hidden"[39m
            [36m>[39m
              [36m<div[39m
                [33mclass[39m=[32m"p-4 bg-slate-50 border-b border-slate-200"[39m
              [36m>[39m
                [36m<p[39m
                  [33mclass[39m=[32m"text-sm font-semibold text-slate-900 flex items-center gap-2"[39m
                [36m>[39m
                  [36m<svg[39m
                    [33maria-hidden[39m=[32m"true"[39m
                    [33mclass[39m=[32m"lucide lucide-octagon-alert text-violet-600"[39m
                    [33mfill[39m=[32m"none"[39m
                    [33mheight[39m=[32m"14"[39m
                    [33mstroke[39m=[32m"currentColor"[39m
                    [33mstroke-linecap[39m=[32m"round"[39m
                    [33mstroke-linejoin[39m=[32m"round"[39m
                    [33mstroke-width[39m=[32m"2"[39m
                    [33mviewBox[39m=[32m"0 0 24 24"[39m
                    [33mwidth[39m=[32m"14"[39m
                    [33mxmlns[39m=[32m"http://www.w3.org/2000/svg"[39m
                  [36m>[39m
                    [36m<path[39m
                      [33md[39m=[32m"M12 16h.01"[39m
                    [36m/>[39m
                    [36m<path[39m
                      [33md[39m=[32m"M12 8v4"[39m
                    [36m/>[39m
                    [36m<path[39m
                      [33md[39m=[32m"M15.312 2a2 2 0 0 1 1.414.586l4.688 4.688A2 2 0 0 1 22 8.688v6.624a2 2 0 0 1-.586 1.414l-4.688 4.688a2 2 0 0 1-1.414.586H8.688a2 2 0 0 1-1.414-.586l-4.688-4.688A2 2 0 0 1 2 15.312V8.688a2 2 0 0 1 .586-1.414l4.688-4.688A2 2 0 0 1 8.688 2z"[39m
                    [36m/>[39m
                  [36m</svg>[39m
                  [0m Exception register[0m
                [36m</p>[39m
                [36m<p[39m
                  [33mclass[39m=[32m"text-xs text-slate-500 mt-0.5"[39m
                [36m>[39m
                  [0m1 record[0m
                [36m</p>[39m
              [36m</div>[39m
              [36m<div[39m
                [33mclass[39m=[32m"overflow-x-auto"[39m
              [36m>[39m
                [36m<table[39m
                  [33mclass[39m=[32m"w-full text-sm min-w-max"[39m
                [36m>[39m
                  [36m<thead>[39m
                    [36m<tr[39m
                      [33mclass[39m=[32m"bg-slate-50 border-b border-slate-200"[39m
                    [36m>[39m
                      [36m<th[39m
                        [33mclass[39m=[32m"table-header text-left"[39m
                      [36m>[39m
                        [0mException ID[0m
                      [36m</th>[39m
                      [36m<th[39m
                        [33mclass[39m=[32m"table-header text-left"[39m
                      [36m>[39m
                        [0mApplication / loan[0m
                      [36m</th>[39m
                      [36m<th[39m
                        [33mclass[39m=[32m"table-header text-left"[39m
                      [36m>[39m
                        [0mCycle[0m
                      [36m</th>[39m
                      [36m<th[39m
                        [33mclass[39m=[32m"table-header text-left"[39m
                      [36m>[39m
                        [0mType[0m
                      [36m</th>[39m
                      [36m<th[39m
                        [33mclass[39m=[32m"table-header text-left"[39m
                      [36m>[39m
                        [0mDescription[0m
                      [36m</th>[39m
                      [36m<th[39m
                        [33mclass[39m=[32m"table-header text-left"[39m
                      [36m>[39m
                        [0mBusiness reason[0m
                      [36m</th>[39m
                      [36m<th[39m
                        [33mclass[39m=[32m"table-header text-left"[39m
                      [36m>[39m
                        [0mRisk[0m
                      [36m</th>[39m
                      [36m<th[39m
                        [33mclass[39m=[32m"table-header text-left"[39m
                      [36m>[39m
                        [0mRequired authority[0m
                      [36m</th>[39m
                      [36m<th[39m
                        [33mclass[39m=[32m"table-header text-left"[39m
                      [36m>[39m
                        [0mDecision[0m
                      [36m</th>[39m
                      [36m<th[39m
                        [33mclass[39m=[32m"table-header text-left"[39m
                      [36m>[39m
                        [0mCase status[0m
                      [36m</th>[39m
                      [36m<th[39m
                        [33mclass[39m=[32m"table-header text-left"[39m
                      [36m>[39m
                        [0mCreated[0m
                      [36m</th>[39m
                      [36m<th[39m
                        [33mclass[39m=[32m"table-header text-left"[39m
                      [36m>[39m
                        [0mClosed[0m
                      [36m</th>[39m
                    [36m</tr>[39m
                  [36m</thead>[39m
                  [36m<tbody[39m
                    [33mclass[39m=[32m"divide-y divide-slate-100"[39m
                  [36m>[39m
                    [36m<tr[39m
                      [33mclass[39m=[32m"hover:bg-slate-50"[39m
                    [36m>[39m
                      [36m<td[39m
                        [33mclass[39m=[32m"table-cell num font-semibold text-violet-700"[39m
                      [36m>[39m
                        [0mexception-1[0m
                      [36m</td>[39m
                      [36m<td[39m
                        [33mclass[39m=[32m"table-cell num"[39m
                      [36m>[39m
                        [0mapplication-valid[0m
                      [36m</td>[39m
                      [36m<td[39m
                        [33mclass[39m=[32m"table-cell num"[39m
                      [36m>[39m
                        [0m1[0m
                      [36m</td>[39m
                      [36m<td[39m
                        [33mclass[39m=[32m"table-cell capitalize"[39m
                      [36m>[39m
                        [0mstage bypass[0m
                      [36m</td>[39m
                      [36m<td[39m
                        [33mclass[39m=[32m"table-cell text-slate-600 max-w-72 whitespace-normal"[39m
                      [36m>[39m
                        [0mFrozen exception description[0m
                      [36m</td>[39m
                      [36m<td[39m
                        [33mclass[39m=[32m"table-cell text-slate-600 max-w-72 whitespace-normal"[39m
                      [36m>[39m
                        [0mFrozen exception business reason[0m
                      [36m</td>[39m
                      [36m<td[39m
                        [33mclass[39m=[32m"table-cell"[39m
                      [36m>[39m
                        [0mMedium[0m
                      [36m</td>[39m
                      [36m<td[39m
                        [33mclass[39m=[32m"table-cell text-slate-600 max-w-72 whitespace-normal"[39m
                      [36m>[39m
                        [0mCFO: CFO One (pending)[0m
                      [36m</td>[39m
                      [36m<td[39m
                        [33mclass[39m=[32m"table-cell"[39m
                      [36m>[39m
                        [36m<span[39m
                          [33mclass[39m=[32m"inline-flex items-center gap-1 font-medium rounded-full border whitespace-nowrap bg-slate-100 text-slate-700 border-slate-200 text-xs px-2 py-0.5 h-5"[39m
                        [36m>[39m
                          [36m<svg[39m
                            [33maria-hidden[39m=[32m"true"[39m
                            [33mclass[39m=[32m"lucide lucide-circle"[39m
                            [33mfill[39m=[32m"none"[39m
                            [33mheight[39m=[32m"10"[39m
                            [33mstroke[39m=[32m"currentColor"[39m
                            [33mstroke-linecap[39m=[32m"round"[39m
                            [33mstroke-linejoin[39m=[32m"round"[39m
                            [33mstroke-width[39m=[32m"2"[39m
                            [33mviewBox[39m=[32m"0 0 24 24"[39m
                            [33mwidth[39m=[32m"10"[39m
                            [33mxmlns[39m=[32m"http://www.w3.org/2000/svg"[39m
                          [36m>[39m
                            [36m<circle[39m
                              [33mcx[39m=[32m"12"[39m
                              [33mcy[39m=[32m"12"[39m
                              [33mr[39m=[32m"10"[39m
                            [36m/>[39m
                          [36m</svg>[39m
                          [0mPending[0m
                        [36m</span>[39m
                      [36m</td>[39m
                      [36m<td[39m
                        [33mclass[39m=[32m"table-cell"[39m
                      [36m>[39m
                        [36m<span[39m
                          [33mclass[39m=[32m"inline-flex items-center gap-1 font-medium rounded-full border whitespace-nowrap bg-slate-100 text-slate-700 border-slate-200 text-xs px-2 py-0.5 h-5"[39m
                        [36m>[39m
                          [36m<svg[39m
                            [33maria-hidden[39m=[32m"true"[39m
                            [33mclass[39m=[32m"lucide lucide-circle"[39m
                            [33mfill[39m=[32m"none"[39m
                            [33mheight[39m=[32m"10"[39m
                            [33mstroke[39m=[32m"currentColor"[39m
                            [33mstroke-linecap[39m=[32m"round"[39m
                            [33mstroke-linejoin[39m=[32m"round"[39m
                            [33mstroke-width[39m=[32m"2"[39m
                            [33mviewBox[39m=[32m"0 0 24 24"[39m
                            [33mwidth[39m=[32m"10"[39m
                            [33mxmlns[39m=[32m"http://www.w3.org/2000/svg"[39m
                          [36m>[39m
                            [36m<circle[39m
                              [33mcx[39m=[32m"12"[39m
                              [33mcy[39m=[32m"12"[39m
                              [33mr[39m=[32m"10"[39m
                            [36m/>[39m
                          [36m</svg>[39m
                          [0mPending[0m
                        [36m</span>[39m
                      [36m</td>[39m
                      [36m<td[39m
                        [33mclass[39m=[32m"table-cell"[39m
                      [36m>[39m
                        [0m13 Jul 2026[0m
                      [36m</td>[39m
                      [36m<td[39m
                        [33mclass[39m=[32m"table-cell"[39m
                      [36m>[39m
                        [0m—[0m
                      [36m</td>[39m
                    [36m</tr>[39m
                  [36m</tbody>[39m
                [36m</table>[39m
              [36m</div>[39m
              [36m<div[39m
                [33mclass[39m=[32m"px-4 py-3 border-t border-slate-200 flex items-center justify-between text-sm"[39m
              [36m>[39m
                [36m<span[39m
                  [33mclass[39m=[32m"text-slate-500"[39m
                [36m>[39m
                  [0mPage [0m
                  [0m1[0m
                  [0m of [0m
                  [0m1[0m
                [36m</span>[39m
                [36m<div[39m
                  [33mclass[39m=[32m"flex gap-2"[39m
                [36m>[39m
                  [36m<button[39m
                    [33mclass[39m=[32m"btn-secondary flex items-center gap-1 text-sm"[39m
                    [33mdisabled[39m=[32m""[39m
                  [36m>[39m
                    [36m<svg[39m
                      [33maria-hidden[39m=[32m"true"[39m
                      [33mclass[39m=[32m"lucide lucide-chevron-left"[39m
                      [33mfill[39m=[32m"none"[39m
                      [33mheight[39m=[32m"14"[39m
                      [33mstroke[39m=[32m"currentColor"[39m
                      [33mstroke-linecap[39m=[32m"round"[39m
                      [33mstroke-linejoin[39m=[32m"round"[39m
                      [33mstroke-width[39m=[32m"2"[39m
                      [33mviewBox[39m=[32m"0 0 24 24"[39m
                      [33mwidth[39m=[32m"14"[39m
                      [33mxmlns[39m=[32m"http://www.w3.org/2000/svg"[39m
                    [36m>[39m
                      [36m<path[39m
                        [33md[39m=[32m"m15 18-6-6 6-6"[39m
                      [36m/>[39m
                    [36m</svg>[39m
                    [0m Previous[0m
                  [36m</button>[39m
                  [36m<button[39m
                    [33mclass[39m=[32m"btn-secondary flex items-center gap-1 text-sm"[39m
                    [33mdisabled[39m=[32m""[39m
                  [36m>[39m
                    [0mNext [0m
                    [36m<svg[39m
                      [33maria-hidden[39m=[32m"true"[39m
                      [33mclass[39m=[32m"lucide lucide-chevron-right"[39m
                      [33mfill[39m=[32m"none"[39m
                      [33mheight[39m=[32m"14"[39m
                      [33mstroke[39m=[32m"currentColor"[39m
                      [33mstroke-linecap[39m=[32m"round"[39m
                      [33mstroke-linejoin[39m=[32m"round"[39m
                      [33mstroke-width[39m=[32m"2"[39m
                      [33mviewBox[39m=[32m"0 0 24 24"[39m
                      [33mwidth[39m=[32m"14"[39m
                      [33mxmlns[39m=[32m"http://www.w3.org/2000/svg"[39m
                    [36m>[39m
                      [36m<path[39m
                        [33md[39m=[32m"m9 18 6-6-6-6"[39m
                      [36m/>[39m
                    [36m</svg>[39m
                  [36m</button>[39m
                [36m</div>[39m
              [36m</div>[39m
            [36m</div>[39m
          [36m</div>[39m
        [36m</div>[39m
      [36m</div>[39m
    [36m</div>[39m
  [36m</div>[39m
[36m</body>[39m
 ❯ Object.getElementError node_modules/@testing-library/dom/dist/config.js:37:19
 ❯ node_modules/@testing-library/dom/dist/query-helpers.js:76:38
 ❯ node_modules/@testing-library/dom/dist/query-helpers.js:52:17
 ❯ node_modules/@testing-library/dom/dist/query-helpers.js:95:19
 ❯ src/pages/registers/RegistersHub.test.tsx:89:19
     87|     expect(await screen.findByText('Frozen exception description')).to…
     88|     expect(screen.getByText('Frozen exception business reason')).toBeT…
     89|     expect(screen.getByText('CFO approved with monitoring.')).toBeTrut…
       |                   ^
     90|     expect(screen.getByText('cash-flow-evidence.pdf')).toBeTruthy();
     91|     expect(screen.getByText('Restricted')).toBeTruthy();

⎯⎯⎯⎯⎯⎯⎯⎯⎯⎯⎯⎯⎯⎯⎯⎯⎯⎯⎯⎯⎯⎯⎯⎯[1/1]⎯


 Test Files  1 failed (1)
      Tests  1 failed | 6 passed (7)
   Start at  03:06:46
   Duration  1.41s (transform 202ms, setup 0ms, collect 369ms, tests 354ms, environment 294ms, prepare 40ms)

