Creating test database for alias 'default'...
Found 1 test(s).
System check identified no issues (0 silenced).
F
======================================================================
FAIL: test_bounded_active_portfolio_reports_each_outcome (sfpcl_credit.tests.test_dpd_monitoring_api.DpdMonitoringApiTests.test_bounded_active_portfolio_reports_each_outcome)
----------------------------------------------------------------------
Traceback (most recent call last):
  File "/Users/amitkallapa/LMS/.ralph/worktrees/2026-07-22_191406_normal_run/sfpcl_credit/tests/test_dpd_monitoring_api.py", line 226, in test_bounded_active_portfolio_reports_each_outcome
    self.assertLessEqual(len(queries), 20)
AssertionError: 23 not less than or equal to 20

----------------------------------------------------------------------
Ran 1 test in 0.670s

FAILED (failures=1)
Destroying test database for alias 'default'...
[DEBUG-dpd-q23] 1 SELECT "user_sessions"."user_session_id", "user_sessions"."user_id", "user_sessions"."refresh_token_hash", "user_sessions"."session_status", "user_sessions"."ip_address", "user_sessions"."user_agent", "user_sessions"."created_at", "user_sessions"."last_used_at", "user_sessions"."expires_at", "user_sessions"."revoked_at", "user_sessions"."revoked_reason", "users"."user_id", "users"."full_name", "users"."email", "users"."mobile_number", "users"."employee_code", "users"."status", "users"."primary_r
[DEBUG-dpd-q23] 2 SELECT "portal_accounts"."portal_account_id", "portal_accounts"."member_id", "portal_accounts"."user_id", "portal_accounts"."status", "portal_accounts"."activated_at", "portal_accounts"."otp_login_enabled", "portal_accounts"."created_at", "portal_accounts"."updated_at", "members"."member_id", "members"."member_number", "members"."member_type", "members"."legal_name", "members"."display_name", "members"."folio_number", "members"."membership_start_date", "members"."membership_status", "members"."p
[DEBUG-dpd-q23] 3 SELECT "permissions"."permission_code" FROM "permissions" INNER JOIN "role_permissions" ON ("permissions"."permission_id" = "role_permissions"."permission_id") WHERE "role_permissions"."role_id" = '59ebd9eb68264fa0bdfab63ad97bdb43' ORDER BY "permissions"."permission_code" ASC
[DEBUG-dpd-q23] 4 SELECT "permissions"."permission_code" FROM "permissions" INNER JOIN "role_permissions" ON ("permissions"."permission_id" = "role_permissions"."permission_id") WHERE "role_permissions"."role_id" = '59ebd9eb68264fa0bdfab63ad97bdb43' ORDER BY "permissions"."permission_code" ASC
[DEBUG-dpd-q23] 5 SELECT "loan_accounts"."loan_account_id" FROM "loan_accounts" WHERE "loan_accounts"."loan_account_status" IN ('overdue', 'grace_period', 'active', 'partially_repaid', 'non_recoverable_under_review', 'extended') ORDER BY "loan_accounts"."loan_account_id" ASC LIMIT 100
[DEBUG-dpd-q23] 6 SAVEPOINT "s8400346752_x96"
[DEBUG-dpd-q23] 7 SELECT "loan_accounts"."loan_account_id", "loan_accounts"."loan_application_id", "loan_accounts"."loan_account_number", "loan_accounts"."loan_account_number_normalized", "loan_accounts"."member_id", "loan_accounts"."sap_customer_code_id", "loan_accounts"."sanction_decision_id", "loan_accounts"."sanctioned_amount", "loan_accounts"."disbursed_amount", "loan_accounts"."loan_type", "loan_accounts"."tenure_start_date", "loan_accounts"."tenure_end_date", "loan_accounts"."interest_rate_type", "loan_acc
[DEBUG-dpd-q23] 8 SELECT "permissions"."permission_code" FROM "permissions" INNER JOIN "role_permissions" ON ("permissions"."permission_id" = "role_permissions"."permission_id") WHERE "role_permissions"."role_id" = '59ebd9eb68264fa0bdfab63ad97bdb43' ORDER BY "permissions"."permission_code" ASC
[DEBUG-dpd-q23] 9 SELECT 1 AS "a" FROM "loan_accounts" WHERE "loan_accounts"."loan_account_id" = '90056fdfa1c14ac38c4aff944b12b228' LIMIT 1
[DEBUG-dpd-q23] 10 SELECT "repayment_schedules"."repayment_schedule_id", "repayment_schedules"."loan_account_id", "repayment_schedules"."installment_number", "repayment_schedules"."due_date", "repayment_schedules"."principal_due", "repayment_schedules"."interest_due", "repayment_schedules"."charges_due", "repayment_schedules"."total_due", "repayment_schedules"."paid_principal", "repayment_schedules"."paid_interest", "repayment_schedules"."paid_charges", "repayment_schedules"."schedule_status", "repayment_schedules
[DEBUG-dpd-q23] 11 SELECT "repayment_schedule_allocations"."repayment_schedule_allocation_id", "repayment_schedule_allocations"."allocation_id", "repayment_schedule_allocations"."repayment_schedule_id", "repayment_schedule_allocations"."principal_applied", "repayment_schedule_allocations"."interest_applied", "repayment_schedule_allocations"."schedule_status_before", "repayment_schedule_allocations"."schedule_status_after", "repayment_allocations"."repayment_allocation_id", "repayment_allocations"."repayment_id", "
[DEBUG-dpd-q23] 12 SELECT "interest_capitalisation_schedule_evidence"."interest_capitalisation_schedule_evidence_id", "interest_capitalisation_schedule_evidence"."capitalisation_id", "interest_capitalisation_schedule_evidence"."repayment_schedule_id", "interest_capitalisation_schedule_evidence"."interest_reclassified_amount", "interest_capitalisation_schedule_evidence"."schedule_status_before", "interest_capitalisation_schedule_evidence"."schedule_status_after" FROM "interest_capitalisation_schedule_evidence" WHER
[DEBUG-dpd-q23] 13 SELECT "dpd_statuses"."dpd_status_id", "dpd_statuses"."loan_account_id", "dpd_statuses"."as_of_date", "dpd_statuses"."days_past_due", "dpd_statuses"."sop_bucket", "dpd_statuses"."standard_bucket", "dpd_statuses"."principal_overdue_amount", "dpd_statuses"."interest_overdue_amount", "dpd_statuses"."total_overdue_amount", "dpd_statuses"."earliest_unpaid_due_date", "dpd_statuses"."calculation_version", "dpd_statuses"."operational_scheme_id", "dpd_statuses"."calculation_inputs_json", "dpd_statuses"."
[DEBUG-dpd-q23] 14 SELECT "dpd_operational_bucket_schemes"."dpd_operational_bucket_scheme_id", "dpd_operational_bucket_schemes"."version", "dpd_operational_bucket_schemes"."effective_from", "dpd_operational_bucket_schemes"."effective_to", "dpd_operational_bucket_schemes"."first_upper_days", "dpd_operational_bucket_schemes"."second_upper_days", "dpd_operational_bucket_schemes"."third_upper_days", "dpd_operational_bucket_schemes"."status", "dpd_operational_bucket_schemes"."created_at" FROM "dpd_operational_bucket_sc
[DEBUG-dpd-q23] 15 INSERT INTO "audit_logs" ("audit_log_id", "actor_user_id", "actor_type", "action", "entity_type", "entity_id", "old_value_json", "new_value_json", "selector_manifest_json", "selector_manifest_sha256", "ip_address", "user_agent", "created_at") VALUES ('df32a3ae182241f4a4de023f56e9c6e9', '4d7d153d434040a1ab15a115e4912e2c', 'user', 'monitoring.dpd.calculated', 'loan_account', '90056fdfa1c14ac38c4aff944b12b228', NULL, '{"as_of_date": "2026-07-01", "calculation_version": "DPD-CALC-1"}', '', '', '127.
[DEBUG-dpd-q23] 16 INSERT INTO "dpd_statuses" ("dpd_status_id", "loan_account_id", "as_of_date", "days_past_due", "sop_bucket", "standard_bucket", "principal_overdue_amount", "interest_overdue_amount", "total_overdue_amount", "earliest_unpaid_due_date", "calculation_version", "operational_scheme_id", "calculation_inputs_json", "calculated_by_user_id", "calculation_audit_id", "created_at") VALUES ('9630c6aa110a45b6a7e89395e4713db4', '90056fdfa1c14ac38c4aff944b12b228', '2026-07-01', 1, 'current', NULL, '1000.00', '1
[DEBUG-dpd-q23] 17 SELECT "dpd_statuses"."as_of_date" FROM "dpd_statuses" WHERE ("dpd_statuses"."loan_account_id" = '90056fdfa1c14ac38c4aff944b12b228' AND "dpd_statuses"."dpd_status_id" IS NULL) ORDER BY "dpd_statuses"."as_of_date" DESC, "dpd_statuses"."created_at" DESC, "dpd_statuses"."dpd_status_id" DESC LIMIT 1
[DEBUG-dpd-q23] 18 SAVEPOINT "s8400346752_x97"
[DEBUG-dpd-q23] 19 SELECT "loan_accounts"."loan_account_status", "loan_accounts"."closed_at" FROM "loan_accounts" WHERE "loan_accounts"."loan_account_id" = '90056fdfa1c14ac38c4aff944b12b228'
[DEBUG-dpd-q23] 20 UPDATE "loan_accounts" SET "current_dpd_status_id" = '9630c6aa110a45b6a7e89395e4713db4' WHERE "loan_accounts"."loan_account_id" = '90056fdfa1c14ac38c4aff944b12b228'
[DEBUG-dpd-q23] 21 RELEASE SAVEPOINT "s8400346752_x97"
[DEBUG-dpd-q23] 22 RELEASE SAVEPOINT "s8400346752_x96"
[DEBUG-dpd-q23] 23 INSERT INTO "audit_logs" ("audit_log_id", "actor_user_id", "actor_type", "action", "entity_type", "entity_id", "old_value_json", "new_value_json", "selector_manifest_json", "selector_manifest_sha256", "ip_address", "user_agent", "created_at") VALUES ('7b79f9b11ed14b94b7b0d3afab75e5e7', '4d7d153d434040a1ab15a115e4912e2c', 'user', 'monitoring.dpd.portfolio_calculated', 'dpd_portfolio_run', '0f436227aeed440bb539fcf04e953d04', NULL, '{"as_of_date": "2026-07-01", "calculated_count": 1, "skipped_count
