
> sfpcl-lms@1.0.0 test
> vitest run --run

[33mThe CJS build of Vite's Node API is deprecated. See https://vite.dev/guide/troubleshooting.html#vite-cjs-node-api-deprecated for more details.[39m

 RUN  v3.2.6 /Users/amitkallapa/LMS/.ralph/worktrees/2026-07-13_085050_normal_run/sfpcl-lms

 ✓ src/services/authSession.test.ts (15 tests) 13ms
 ✓ src/services/creditAssessmentApi.test.ts (5 tests) 7ms
 ✓ src/services/applicationIntakeApi.test.ts (5 tests) 10ms
 ✓ src/services/portalApi.test.ts (4 tests) 10ms
 ✓ src/pages/members/Borrower360.test.tsx (4 tests) 93ms
 ✓ src/pages/applications/ApplicationDetail.test.tsx (9 tests) 92ms
 ✓ src/services/navigationPermissions.test.ts (7 tests) 6ms
 ✓ src/pages/applications/CompletenessWorkbench.test.tsx (5 tests) 75ms
 ✓ src/pages/members/MemberProfile.test.tsx (26 tests) 258ms
 ✓ src/pages/appraisal/AppraisalWorkbench.test.tsx (22 tests) 236ms
 ✓ src/pages/notifications/NotificationsCenter.test.tsx (6 tests) 32ms
 ✓ src/services/tracerApi.test.ts (2 tests) 7ms
 ✓ src/pages/Dashboard.test.tsx (13 tests) 45ms
 ✓ src/pages/borrower/portal/PortalMemberViews.test.tsx (4 tests) 41ms
 ✓ src/pages/members/MemberDirectory.test.tsx (5 tests) 33ms
 ✓ src/pages/applications/ApplicationList.test.tsx (2 tests) 39ms
 ✓ src/utils/applicationDisplay.test.ts (5 tests) 2ms
 ✓ src/contexts/RoleContext.test.tsx (2 tests) 11ms
 ✓ src/pages/applications/NomineeSelectionViews.test.tsx (3 tests) 8ms
 ✓ src/pages/profile/MyProfile.test.tsx (1 test) 10ms
 ✓ src/pages/sanction/SanctionWorkbench.test.tsx (2 tests) 14ms
 ✓ src/pages/borrower/portal/auth/MP00_Login.test.tsx (2 tests) 16ms
 ✓ src/pages/members/MemberProfile.container.test.tsx (4 tests) 311ms
 ✓ src/pages/borrower/portal/applications/MP05_NewApplication.test.tsx (7 tests) 861ms
   ✓ MP05 loan-limit display authority (006Z2 interim regression) > shows independent 400, 403, and 409 errors without retry or projection refetch  496ms
 ✓ src/services/demoAuthFlag.test.tsx (3 tests) 2817ms
   ✓ VITE_ENABLE_DEMO_AUTH real App/RoleProvider boundary (005FA4) > fails closed when the flag is unset  2161ms
   ✓ VITE_ENABLE_DEMO_AUTH real App/RoleProvider boundary (005FA4) > fails closed when the flag is explicit false  326ms
   ✓ VITE_ENABLE_DEMO_AUTH real App/RoleProvider boundary (005FA4) > exposes only approved staff demo controls when the flag is true  328ms
 ✓ src/pages/applications/WitnessPanel.container.test.tsx (10 tests) 1135ms
   ✓ mounted witness resource actions > captures with the exact body and refetches the canonical collection once  335ms
 ✓ src/pages/appraisal/AppraisalWorkbench.container.test.tsx (14 tests) 1430ms
 ✓ src/pages/members/MemberGovernanceForm.test.tsx (5 tests) 1934ms
   ✓ MemberGovernanceForm > submits the institution create variant without individual identity/profile fields  1117ms
   ✓ MemberGovernanceForm > submits every individual registration profile field  684ms
 ✓ src/pages/members/MemberGovernanceForm.container.test.tsx (16 tests) 2532ms
   ✓ MemberGovernanceForm production container > routes Directory registration into canonical Profile readback with the exact create ledger  1363ms

 Test Files  29 passed (29)
      Tests  208 passed (208)
   Start at  08:55:14
   Duration  7.18s (transform 4.94s, setup 0ms, collect 8.92s, tests 12.08s, environment 2.44s, prepare 1.91s)

