
> sfpcl-lms@1.0.0 e2e
> playwright test e2e/member-portal-documentation-actions.e2e.spec.ts e2e/member-portal-deficiency-response.e2e.spec.ts

[2m[WebServer] [22m[15/Jul/2026 10:42:42] "GET /api/v1/health/ready/ HTTP/1.1" 200 202
[2m[WebServer] [22m[33mThe CJS build of Vite's Node API is deprecated. See https://vite.dev/guide/troubleshooting.html#vite-cjs-node-api-deprecated for more details.[39m
[2m[WebServer] [22m(node:25945) Warning: The 'NO_COLOR' env is ignored due to the 'FORCE_COLOR' env being set.
[2m[WebServer] [22m(Use `node --trace-warnings ...` to show where the warning was created)

Running 2 tests using 1 worker

  ✘  1 [chromium] › member-portal-deficiency-response.e2e.spec.ts:11:5 › MP11 uploads every correction and returns the application to SFPCL review (3ms)
  ✘  2 [chromium] › member-portal-documentation-actions.e2e.spec.ts:9:5 › MP07 upload authority, signed download, and completed status are routed (4ms)


  1) [chromium] › member-portal-deficiency-response.e2e.spec.ts:11:5 › MP11 uploads every correction and returns the application to SFPCL review 

    Error: browserType.launch: Target page, context or browser has been closed
    Browser logs:

    <launching> /Users/amitkallapa/Library/Caches/ms-playwright/chromium_headless_shell-1148/chrome-mac/headless_shell --disable-field-trial-config --disable-background-networking --disable-background-timer-throttling --disable-backgrounding-occluded-windows --disable-back-forward-cache --disable-breakpad --disable-client-side-phishing-detection --disable-component-extensions-with-background-pages --disable-component-update --no-default-browser-check --disable-default-apps --disable-dev-shm-usage --disable-extensions --disable-features=ImprovedCookieControls,LazyFrameLoading,GlobalMediaControls,DestroyProfileOnBrowserClose,MediaRouter,DialMediaRouteProvider,AcceptCHFrame,AutoExpandDetailsElement,CertificateTransparencyComponentUpdater,AvoidUnnecessaryBeforeUnloadCheckSync,Translate,HttpsUpgrades,PaintHolding,ThirdPartyStoragePartitioning,LensOverlay,PlzDedicatedWorker --allow-pre-commit-input --disable-hang-monitor --disable-ipc-flooding-protection --disable-popup-blocking --disable-prompt-on-repost --disable-renderer-backgrounding --force-color-profile=srgb --metrics-recording-only --no-first-run --enable-automation --password-store=basic --use-mock-keychain --no-service-autorun --export-tagged-pdf --disable-search-engine-choice-screen --unsafely-disable-devtools-self-xss-warnings --enable-use-zoom-for-dsf=false --use-angle --headless --hide-scrollbars --mute-audio --blink-settings=primaryHoverType=2,availableHoverTypes=2,primaryPointerType=4,availablePointerTypes=4 --no-sandbox --user-data-dir=/var/folders/zq/3s8051dx39q0tk8whcqx44y00000gn/T/playwright_chromiumdev_profile-kSp26A --remote-debugging-pipe --no-startup-window
    <launched> pid=25962
    [pid=25962][err] [0715/161244.796444:ERROR:thermal_state_observer_mac.mm(88)] ThermalStateObserverMac unable to register to power notifications. Result: 9
    [pid=25962][err] [0715/161244.814272:ERROR:dns_config_service_posix.cc(142)] DNS config watch failed to start.
    [pid=25962][err] [0715/161244.828109:FATAL:mach_port_rendezvous.cc(399)] Check failed: kr == KERN_SUCCESS. bootstrap_check_in org.chromium.Chromium.MachPortRendezvousServer.25962: Permission denied (1100)
    Call log:
    [2m  - <launching> /Users/amitkallapa/Library/Caches/ms-playwright/chromium_headless_shell-1148/chrome-mac/headless_shell --disable-field-trial-config --disable-background-networking --disable-background-timer-throttling --disable-backgrounding-occluded-windows --disable-back-forward-cache --disable-breakpad --disable-client-side-phishing-detection --disable-component-extensions-with-background-pages --disable-component-update --no-default-browser-check --disable-default-apps --disable-dev-shm-usage --disable-extensions --disable-features=ImprovedCookieControls,LazyFrameLoading,GlobalMediaControls,DestroyProfileOnBrowserClose,MediaRouter,DialMediaRouteProvider,AcceptCHFrame,AutoExpandDetailsElement,CertificateTransparencyComponentUpdater,AvoidUnnecessaryBeforeUnloadCheckSync,Translate,HttpsUpgrades,PaintHolding,ThirdPartyStoragePartitioning,LensOverlay,PlzDedicatedWorker --allow-pre-commit-input --disable-hang-monitor --disable-ipc-flooding-protection --disable-popup-blocking --disable-prompt-on-repost --disable-renderer-backgrounding --force-color-profile=srgb --metrics-recording-only --no-first-run --enable-automation --password-store=basic --use-mock-keychain --no-service-autorun --export-tagged-pdf --disable-search-engine-choice-screen --unsafely-disable-devtools-self-xss-warnings --enable-use-zoom-for-dsf=false --use-angle --headless --hide-scrollbars --mute-audio --blink-settings=primaryHoverType=2,availableHoverTypes=2,primaryPointerType=4,availablePointerTypes=4 --no-sandbox --user-data-dir=/var/folders/zq/3s8051dx39q0tk8whcqx44y00000gn/T/playwright_chromiumdev_profile-kSp26A --remote-debugging-pipe --no-startup-window[22m
    [2m  - <launched> pid=25962[22m
    [2m  - [pid=25962][err] [0715/161244.796444:ERROR:thermal_state_observer_mac.mm(88)] ThermalStateObserverMac unable to register to power notifications. Result: 9[22m
    [2m  - [pid=25962][err] [0715/161244.814272:ERROR:dns_config_service_posix.cc(142)] DNS config watch failed to start.[22m
    [2m  - [pid=25962][err] [0715/161244.828109:FATAL:mach_port_rendezvous.cc(399)] Check failed: kr == KERN_SUCCESS. bootstrap_check_in org.chromium.Chromium.MachPortRendezvousServer.25962: Permission denied (1100)[22m


  2) [chromium] › member-portal-documentation-actions.e2e.spec.ts:9:5 › MP07 upload authority, signed download, and completed status are routed 

    Error: browserType.launch: Target page, context or browser has been closed
    Browser logs:

    <launching> /Users/amitkallapa/Library/Caches/ms-playwright/chromium_headless_shell-1148/chrome-mac/headless_shell --disable-field-trial-config --disable-background-networking --disable-background-timer-throttling --disable-backgrounding-occluded-windows --disable-back-forward-cache --disable-breakpad --disable-client-side-phishing-detection --disable-component-extensions-with-background-pages --disable-component-update --no-default-browser-check --disable-default-apps --disable-dev-shm-usage --disable-extensions --disable-features=ImprovedCookieControls,LazyFrameLoading,GlobalMediaControls,DestroyProfileOnBrowserClose,MediaRouter,DialMediaRouteProvider,AcceptCHFrame,AutoExpandDetailsElement,CertificateTransparencyComponentUpdater,AvoidUnnecessaryBeforeUnloadCheckSync,Translate,HttpsUpgrades,PaintHolding,ThirdPartyStoragePartitioning,LensOverlay,PlzDedicatedWorker --allow-pre-commit-input --disable-hang-monitor --disable-ipc-flooding-protection --disable-popup-blocking --disable-prompt-on-repost --disable-renderer-backgrounding --force-color-profile=srgb --metrics-recording-only --no-first-run --enable-automation --password-store=basic --use-mock-keychain --no-service-autorun --export-tagged-pdf --disable-search-engine-choice-screen --unsafely-disable-devtools-self-xss-warnings --enable-use-zoom-for-dsf=false --use-angle --headless --hide-scrollbars --mute-audio --blink-settings=primaryHoverType=2,availableHoverTypes=2,primaryPointerType=4,availablePointerTypes=4 --no-sandbox --user-data-dir=/var/folders/zq/3s8051dx39q0tk8whcqx44y00000gn/T/playwright_chromiumdev_profile-6sowf6 --remote-debugging-pipe --no-startup-window
    <launched> pid=25978
    [pid=25978][err] [0715/161245.605163:ERROR:thermal_state_observer_mac.mm(88)] ThermalStateObserverMac unable to register to power notifications. Result: 9
    [pid=25978][err] [0715/161245.606796:ERROR:dns_config_service_posix.cc(142)] DNS config watch failed to start.
    [pid=25978][err] [0715/161245.607280:FATAL:mach_port_rendezvous.cc(399)] Check failed: kr == KERN_SUCCESS. bootstrap_check_in org.chromium.Chromium.MachPortRendezvousServer.25978: Permission denied (1100)
    [pid=25978] <process did exit: exitCode=null, signal=SIGTRAP>
    [pid=25978] starting temporary directories cleanup
    Call log:
    [2m  - <launching> /Users/amitkallapa/Library/Caches/ms-playwright/chromium_headless_shell-1148/chrome-mac/headless_shell --disable-field-trial-config --disable-background-networking --disable-background-timer-throttling --disable-backgrounding-occluded-windows --disable-back-forward-cache --disable-breakpad --disable-client-side-phishing-detection --disable-component-extensions-with-background-pages --disable-component-update --no-default-browser-check --disable-default-apps --disable-dev-shm-usage --disable-extensions --disable-features=ImprovedCookieControls,LazyFrameLoading,GlobalMediaControls,DestroyProfileOnBrowserClose,MediaRouter,DialMediaRouteProvider,AcceptCHFrame,AutoExpandDetailsElement,CertificateTransparencyComponentUpdater,AvoidUnnecessaryBeforeUnloadCheckSync,Translate,HttpsUpgrades,PaintHolding,ThirdPartyStoragePartitioning,LensOverlay,PlzDedicatedWorker --allow-pre-commit-input --disable-hang-monitor --disable-ipc-flooding-protection --disable-popup-blocking --disable-prompt-on-repost --disable-renderer-backgrounding --force-color-profile=srgb --metrics-recording-only --no-first-run --enable-automation --password-store=basic --use-mock-keychain --no-service-autorun --export-tagged-pdf --disable-search-engine-choice-screen --unsafely-disable-devtools-self-xss-warnings --enable-use-zoom-for-dsf=false --use-angle --headless --hide-scrollbars --mute-audio --blink-settings=primaryHoverType=2,availableHoverTypes=2,primaryPointerType=4,availablePointerTypes=4 --no-sandbox --user-data-dir=/var/folders/zq/3s8051dx39q0tk8whcqx44y00000gn/T/playwright_chromiumdev_profile-6sowf6 --remote-debugging-pipe --no-startup-window[22m
    [2m  - <launched> pid=25978[22m
    [2m  - [pid=25978][err] [0715/161245.605163:ERROR:thermal_state_observer_mac.mm(88)] ThermalStateObserverMac unable to register to power notifications. Result: 9[22m
    [2m  - [pid=25978][err] [0715/161245.606796:ERROR:dns_config_service_posix.cc(142)] DNS config watch failed to start.[22m
    [2m  - [pid=25978][err] [0715/161245.607280:FATAL:mach_port_rendezvous.cc(399)] Check failed: kr == KERN_SUCCESS. bootstrap_check_in org.chromium.Chromium.MachPortRendezvousServer.25978: Permission denied (1100)[22m
    [2m  - [pid=25978] <process did exit: exitCode=null, signal=SIGTRAP>[22m
    [2m  - [pid=25978] starting temporary directories cleanup[22m


  2 failed
    [chromium] › member-portal-deficiency-response.e2e.spec.ts:11:5 › MP11 uploads every correction and returns the application to SFPCL review 
    [chromium] › member-portal-documentation-actions.e2e.spec.ts:9:5 › MP07 upload authority, signed download, and completed status are routed 
