Creating test database for alias 'default'...
Found 31 test(s).
System check identified no issues (0 silenced).
......Catalogue seeded: 183 permissions, 20 roles, 8 teams, 203 role-permission links.
Catalogue seeded: 183 permissions, 20 roles, 8 teams, 203 role-permission links.
..........Demo users seeded: demo.cfo@sfpcl.example, demo.director1@sfpcl.example, demo.director2@sfpcl.example, demo.system_admin@sfpcl.example, demo.credit_manager@sfpcl.example, demo.compliance@sfpcl.example, demo.treasury@sfpcl.example, demo.internal_auditor@sfpcl.example, demo.tracer@sfpcl.example, demo.zero@sfpcl.example (predictable local/dev password set; do not use in production).
Approval configuration seeded: Demo Sanction Committee FY 2026 (seed-2026-1).
.Demo users seeded: demo.cfo@sfpcl.example, demo.director1@sfpcl.example, demo.director2@sfpcl.example, demo.system_admin@sfpcl.example, demo.credit_manager@sfpcl.example, demo.compliance@sfpcl.example, demo.treasury@sfpcl.example, demo.internal_auditor@sfpcl.example, demo.tracer@sfpcl.example, demo.zero@sfpcl.example (predictable local/dev password set; do not use in production).
Approval configuration seeded: Demo Sanction Committee FY 2026 (seed-2026-1).
.Demo users seeded: demo.cfo@sfpcl.example, demo.director1@sfpcl.example, demo.director2@sfpcl.example, demo.system_admin@sfpcl.example, demo.credit_manager@sfpcl.example, demo.compliance@sfpcl.example, demo.treasury@sfpcl.example, demo.internal_auditor@sfpcl.example, demo.tracer@sfpcl.example, demo.zero@sfpcl.example (predictable local/dev password set; do not use in production).
Approval configuration seeded: Demo Sanction Committee FY 2026 (seed-2026-1).
.Demo users seeded: demo.cfo@sfpcl.example, demo.director1@sfpcl.example, demo.director2@sfpcl.example, demo.system_admin@sfpcl.example, demo.credit_manager@sfpcl.example, demo.compliance@sfpcl.example, demo.treasury@sfpcl.example, demo.internal_auditor@sfpcl.example, demo.tracer@sfpcl.example, demo.zero@sfpcl.example (predictable local/dev password set; do not use in production).
Approval configuration seeded: Demo Sanction Committee FY 2026 (seed-2026-1).
Demo users seeded: demo.cfo@sfpcl.example, demo.director1@sfpcl.example, demo.director2@sfpcl.example, demo.system_admin@sfpcl.example, demo.credit_manager@sfpcl.example, demo.compliance@sfpcl.example, demo.treasury@sfpcl.example, demo.internal_auditor@sfpcl.example, demo.tracer@sfpcl.example, demo.zero@sfpcl.example (predictable local/dev password set; do not use in production).
Approval configuration seeded: Demo Sanction Committee FY 2026 (seed-2026-1).
.Demo users seeded: demo.cfo@sfpcl.example, demo.director1@sfpcl.example, demo.director2@sfpcl.example, demo.system_admin@sfpcl.example, demo.credit_manager@sfpcl.example, demo.compliance@sfpcl.example, demo.treasury@sfpcl.example, demo.internal_auditor@sfpcl.example, demo.tracer@sfpcl.example, demo.zero@sfpcl.example (predictable local/dev password set; do not use in production).
Approval configuration seeded: Demo Sanction Committee FY 2026 (seed-2026-1).
...Demo users seeded: demo.cfo@sfpcl.example, demo.director1@sfpcl.example, demo.director2@sfpcl.example, demo.system_admin@sfpcl.example, demo.credit_manager@sfpcl.example, demo.compliance@sfpcl.example, demo.treasury@sfpcl.example, demo.internal_auditor@sfpcl.example, demo.tracer@sfpcl.example, demo.zero@sfpcl.example (predictable local/dev password set; do not use in production).
Approval configuration seeded: Demo Sanction Committee FY 2026 (seed-2026-1).
.Demo users seeded: demo.cfo@sfpcl.example, demo.director1@sfpcl.example, demo.director2@sfpcl.example, demo.system_admin@sfpcl.example, demo.credit_manager@sfpcl.example, demo.compliance@sfpcl.example, demo.treasury@sfpcl.example, demo.internal_auditor@sfpcl.example, demo.tracer@sfpcl.example, demo.zero@sfpcl.example (predictable local/dev password set; do not use in production).
Approval configuration seeded: Demo Sanction Committee FY 2026 (seed-2026-1).
.Demo users seeded: demo.cfo@sfpcl.example, demo.director1@sfpcl.example, demo.director2@sfpcl.example, demo.system_admin@sfpcl.example, demo.credit_manager@sfpcl.example, demo.compliance@sfpcl.example, demo.treasury@sfpcl.example, demo.internal_auditor@sfpcl.example, demo.tracer@sfpcl.example, demo.zero@sfpcl.example (predictable local/dev password set; do not use in production).
Approval configuration seeded: Demo Sanction Committee FY 2026 (seed-2026-1).
......
----------------------------------------------------------------------
Ran 31 tests in 3.030s

OK
Destroying test database for alias 'default'...
