System check identified no issues (0 silenced).
No changes detected
tracked_nonralph_files=16 tracked_nonralph_lines=530
     144 sfpcl_credit/legal_documents/migrations/0011_final_documentation_approval_sequence.py
     681 sfpcl_credit/legal_documents/modules/checklist_actions.py
     555 sfpcl_credit/tests/test_final_documentation_approval_api.py
    1380 total
 M .ralph/progress.md
 M .ralph/state.json
 M docs/slices/008K-final-documentation-approval-sequence.md
 M docs/slices/008L-member-portal-documentation-actions.md
 M docs/slices/008M-documentation-hub-frontend-wiring.md
 M docs/working/API_CONTRACTS.md
 M docs/working/ASSUMPTIONS.md
 M docs/working/CONTEXT.md
 M docs/working/HANDOFF.md
 M docs/working/digests/epic-008-documentation-security-package.md
 M sfpcl_credit/approvals/modules/document_checklist_access.py
 M sfpcl_credit/config/urls.py
 M sfpcl_credit/identity/catalogue.py
 M sfpcl_credit/legal_documents/models.py
 M sfpcl_credit/legal_documents/modules/document_checklist.py
 M sfpcl_credit/legal_documents/request_contracts.py
 M sfpcl_credit/legal_documents/serializers.py
 M sfpcl_credit/legal_documents/views.py
?? .ralph/runs/2026-07-15_030045_normal_run/
?? sfpcl_credit/legal_documents/migrations/0011_final_documentation_approval_sequence.py
?? sfpcl_credit/legal_documents/modules/checklist_actions.py
?? sfpcl_credit/tests/test_final_documentation_approval_api.py
