
> sfpcl-lms@1.0.0 test
> vitest run

[33mThe CJS build of Vite's Node API is deprecated. See https://vite.dev/guide/troubleshooting.html#vite-cjs-node-api-deprecated for more details.[39m

 RUN  v3.2.6 /Users/amitkallapa/LMS/.ralph/worktrees/2026-07-13_052556_normal_run/sfpcl-lms

 ✓ src/services/authSession.test.ts (15 tests) 16ms
 ✓ src/services/applicationIntakeApi.test.ts (5 tests) 7ms
 ✓ src/services/creditAssessmentApi.test.ts (5 tests) 7ms
 ✓ src/services/portalApi.test.ts (4 tests) 6ms
 ✓ src/pages/members/Borrower360.test.tsx (4 tests) 75ms
 ✓ src/pages/applications/ApplicationDetail.test.tsx (9 tests) 77ms
 ✓ src/services/navigationPermissions.test.ts (7 tests) 13ms
 ✓ src/pages/members/MemberProfile.test.tsx (26 tests) 186ms
 ✓ src/pages/applications/CompletenessWorkbench.test.tsx (5 tests) 84ms
 ✓ src/pages/appraisal/AppraisalWorkbench.test.tsx (22 tests) 205ms
 ✓ src/services/tracerApi.test.ts (2 tests) 4ms
 ✓ src/pages/notifications/NotificationsCenter.test.tsx (6 tests) 33ms
 ✓ src/pages/Dashboard.test.tsx (13 tests) 49ms
 ✓ src/pages/members/MemberDirectory.test.tsx (5 tests) 31ms
 ✓ src/pages/borrower/portal/PortalMemberViews.test.tsx (4 tests) 35ms
 ✓ src/pages/applications/ApplicationList.test.tsx (2 tests) 34ms
 ✓ src/utils/applicationDisplay.test.ts (5 tests) 2ms
 ✓ src/contexts/RoleContext.test.tsx (2 tests) 7ms
 ✓ src/pages/applications/NomineeSelectionViews.test.tsx (3 tests) 8ms
 ✓ src/pages/profile/MyProfile.test.tsx (1 test) 10ms
 ✓ src/pages/borrower/portal/auth/MP00_Login.test.tsx (2 tests) 23ms
 ✓ src/pages/sanction/SanctionWorkbench.test.tsx (2 tests) 16ms
 ✓ src/pages/members/MemberProfile.container.test.tsx (4 tests) 266ms
 ✓ src/pages/borrower/portal/applications/MP05_NewApplication.test.tsx (7 tests) 794ms
   ✓ MP05 loan-limit display authority (006Z2 interim regression) > shows independent 400, 403, and 409 errors without retry or projection refetch  462ms
 ✓ src/pages/applications/WitnessPanel.container.test.tsx (10 tests) 1010ms
   ✓ mounted witness resource actions > captures with the exact body and refetches the canonical collection once  347ms
 ✓ src/services/demoAuthFlag.test.tsx (3 tests) 2500ms
   ✓ VITE_ENABLE_DEMO_AUTH real App/RoleProvider boundary (005FA4) > fails closed when the flag is unset  1869ms
   ✓ VITE_ENABLE_DEMO_AUTH real App/RoleProvider boundary (005FA4) > fails closed when the flag is explicit false  321ms
   ✓ VITE_ENABLE_DEMO_AUTH real App/RoleProvider boundary (005FA4) > exposes only approved staff demo controls when the flag is true  309ms
 ✓ src/pages/appraisal/AppraisalWorkbench.container.test.tsx (14 tests) 1325ms
 ✓ src/pages/members/MemberGovernanceForm.test.tsx (5 tests) 1760ms
   ✓ MemberGovernanceForm > submits the institution create variant without individual identity/profile fields  997ms
   ✓ MemberGovernanceForm > submits every individual registration profile field  608ms
 ✓ src/pages/members/MemberGovernanceForm.container.test.tsx (15 tests) 6861ms
   ✓ MemberGovernanceForm production container > routes Directory registration into canonical Profile readback before an ordinary update readback  2834ms
   ✓ MemberGovernanceForm production container > submits the complete individual_farmer body through the shared HTTP transport  1174ms
   ✓ MemberGovernanceForm production container > submits the complete fpc body through the shared HTTP transport  964ms
   ✓ MemberGovernanceForm production container > submits the complete producer_institution body through the shared HTTP transport  1093ms

 Test Files  29 passed (29)
      Tests  207 passed (207)
   Start at  05:35:39
   Duration  10.86s (transform 4.35s, setup 0ms, collect 7.84s, tests 15.44s, environment 2.28s, prepare 1.71s)

