
> sfpcl-lms@1.0.0 test
> vitest run --run src/services/authSession.test.ts -t sends multipart bodies

[33mThe CJS build of Vite's Node API is deprecated. See https://vite.dev/guide/troubleshooting.html#vite-cjs-node-api-deprecated for more details.[39m

 RUN  v3.2.6 /Users/amitkallapa/LMS/.ralph/worktrees/2026-07-14_023135_normal_run/sfpcl-lms

 ❯ src/services/authSession.test.ts (17 tests | 1 failed | 16 skipped) 20ms
   × auth session API flow > sends multipart bodies through the shared authenticated envelope boundary 19ms
     → expected "spy" to be called with arguments: [ …(2) ]

Received: 

  1st spy call:

@@ -1,9 +1,11 @@
  [
    "http://127.0.0.1:8000/api/v1/document-files/",
-   ObjectContaining {
-     "body": Any<FormData>,
+   {
+     "body": {
+       "document_category": "legal",
+     },
      "headers": {
        "Accept": "application/json",
        "Authorization": "Bearer upload-access",
      },
      "method": "POST",


Number of calls: 1

   ↓ auth session API flow > posts credentials, stores tokens, calls /auth/me/, and returns backend current user state
   ↓ auth session API flow > does not store a session when login returns invalid credentials
   ↓ auth session API flow > clears stored auth when /auth/me/ rejects an expired or invalid token
   ↓ auth session API flow > posts the refresh token on logout and clears local auth state
   ↓ member portal auth API flow > posts portal credentials, stores tokens, and maps borrower member scope from /auth/me/
   ↓ member portal auth API flow > calls portal activation and password reset endpoints using standard envelopes
   ↓ member portal auth API flow > posts portal password changes with the stored bearer token
   ↓ backend current-user mapping > uses roles and teams objects for display and derives compatibility codes from those arrays
   ↓ backend current-user mapping > maps canonical backend permissions to existing prototype permission checks without granting unknown codes
   ↓ backend current-user mapping > maps approval register and matrix permissions to resource-scoped navigation gates
   ↓ backend current-user mapping > maps only the explicit tracer permission to the tracer workspace action
   ↓ backend current-user mapping > keeps tracer lifecycle mapping isolated from every non-tracer prototype permission
   ↓ backend current-user mapping > keeps zero-permission roles restricted to unrestricted routes
   ↓ backend current-user mapping > maps zero-permission IT Head to a neutral backend staff role without auditor/admin/borrower behavior
   ↓ backend current-user mapping > maps zero-permission Management Viewer to a neutral backend staff role without prototype permissions
   ↓ backend current-user mapping > maps unknown and empty-role current-user responses to neutral backend staff without prototype permissions

⎯⎯⎯⎯⎯⎯⎯ Failed Tests 1 ⎯⎯⎯⎯⎯⎯⎯

 FAIL  src/services/authSession.test.ts > auth session API flow > sends multipart bodies through the shared authenticated envelope boundary
AssertionError: expected "spy" to be called with arguments: [ …(2) ]

Received: 

  1st spy call:

@@ -1,9 +1,11 @@
  [
    "http://127.0.0.1:8000/api/v1/document-files/",
-   ObjectContaining {
-     "body": Any<FormData>,
+   {
+     "body": {
+       "document_category": "legal",
+     },
      "headers": {
        "Accept": "application/json",
        "Authorization": "Bearer upload-access",
      },
      "method": "POST",


Number of calls: 1

 ❯ src/services/authSession.test.ts:106:23
    104|     )).resolves.toEqual({ document_id: 'document-1' });
    105| 
    106|     expect(fetchMock).toHaveBeenCalledWith(
       |                       ^
    107|       'http://127.0.0.1:8000/api/v1/document-files/',
    108|       expect.objectContaining({

⎯⎯⎯⎯⎯⎯⎯⎯⎯⎯⎯⎯⎯⎯⎯⎯⎯⎯⎯⎯⎯⎯⎯⎯[1/1]⎯


 Test Files  1 failed (1)
      Tests  1 failed | 16 skipped (17)
   Start at  02:49:01
   Duration  387ms (transform 88ms, setup 0ms, collect 87ms, tests 20ms, environment 0ms, prepare 36ms)

