
> sfpcl-lms@1.0.0 test
> vitest run

[33mThe CJS build of Vite's Node API is deprecated. See https://vite.dev/guide/troubleshooting.html#vite-cjs-node-api-deprecated for more details.[39m

 RUN  v3.2.6 /Users/amitkallapa/LMS/.ralph/worktrees/2026-07-14_023135_normal_run/sfpcl-lms

 ✓ src/services/applicationIntakeApi.test.ts (5 tests) 15ms
 ✓ src/services/authSession.test.ts (17 tests) 29ms
 ✓ src/services/creditAssessmentApi.test.ts (5 tests) 16ms
 ✓ src/services/approvalRegistersApi.test.ts (4 tests) 5ms
 ✓ src/pages/members/Borrower360.test.tsx (4 tests) 74ms
 ✓ src/pages/applications/ApplicationDetail.test.tsx (9 tests) 71ms
 ✓ src/services/navigationPermissions.test.ts (8 tests) 7ms
 ✓ src/pages/members/MemberProfile.test.tsx (26 tests) 193ms
 ✓ src/pages/applications/CompletenessWorkbench.test.tsx (5 tests) 92ms
 ✓ src/pages/appraisal/AppraisalWorkbench.test.tsx (22 tests) 189ms
 ✓ src/services/portalApi.test.ts (4 tests) 7ms
 ✓ src/services/loanPolicyApi.test.ts (2 tests) 4ms
 ✓ src/services/tracerApi.test.ts (2 tests) 4ms
 ✓ src/pages/notifications/NotificationsCenter.test.tsx (6 tests) 42ms
 ✓ src/pages/Dashboard.test.tsx (13 tests) 45ms
 ✓ src/pages/members/MemberDirectory.test.tsx (5 tests) 34ms
 ✓ src/pages/borrower/portal/PortalMemberViews.test.tsx (4 tests) 39ms
 ✓ src/pages/applications/ApplicationList.test.tsx (2 tests) 40ms
 ✓ src/utils/applicationDisplay.test.ts (5 tests) 5ms
 ✓ src/contexts/RoleContext.test.tsx (2 tests) 6ms
 ✓ src/pages/applications/NomineeSelectionViews.test.tsx (3 tests) 10ms
 ✓ src/pages/borrower/portal/auth/MP00_Login.test.tsx (2 tests) 14ms
 ✓ src/pages/profile/MyProfile.test.tsx (1 test) 13ms
 ✓ src/pages/registers/RegistersHub.test.tsx (7 tests) 653ms
   ✓ RegistersHub owned approval register panels > applies only canonical financial-year values  327ms
 ✓ src/pages/borrower/portal/applications/MP05_NewApplication.test.tsx (7 tests) 936ms
   ✓ MP05 loan-limit display authority (006Z2 interim regression) > shows independent 400, 403, and 409 errors without retry or projection refetch  586ms
 ✓ src/pages/settings/SettingsHub.test.tsx (9 tests) 1353ms
   ✓ SettingsHub Approval Matrix panel > permits a canonical manager to submit a complete successor version as a pending proposal  699ms
   ✓ SettingsHub remaining panels > creates a complete successor as a separate audited draft for a canonical policy manager  338ms
 ✓ src/pages/appraisal/AppraisalWorkbench.container.test.tsx (14 tests) 1692ms
   ✓ default AppraisalWorkbench authenticated HTTP container > calculates a limit from entered source IDs and refreshes four reads  326ms
   ✓ default AppraisalWorkbench authenticated HTTP container > posts the rejected Credit Manager decision once  328ms
 ✓ src/services/demoAuthFlag.test.tsx (3 tests) 3571ms
   ✓ VITE_ENABLE_DEMO_AUTH real App/RoleProvider boundary (005FA4) > fails closed when the flag is unset  2471ms
   ✓ VITE_ENABLE_DEMO_AUTH real App/RoleProvider boundary (005FA4) > fails closed when the flag is explicit false  612ms
   ✓ VITE_ENABLE_DEMO_AUTH real App/RoleProvider boundary (005FA4) > exposes only approved staff demo controls when the flag is true  488ms
 ✓ src/pages/members/MemberProfile.container.test.tsx (4 tests) 241ms
 ✓ src/pages/sanction/SanctionWorkbench.test.tsx (22 tests) 2712ms
   ✓ SanctionWorkbench authenticated container > loads frozen case truth and approves through the exact case boundary before canonical refresh  516ms
   ✓ SanctionWorkbench authenticated container > requires a reason and sends the exact Reject request  452ms
   ✓ SanctionWorkbench authenticated container > requires a reason and sends the exact Return for Clarification request  377ms
   ✓ SanctionWorkbench authenticated container > uploads three application-scoped legal files before recording bounded special-case evidence  641ms
 ✓ src/pages/applications/WitnessPanel.container.test.tsx (10 tests) 1122ms
   ✓ mounted witness resource actions > captures with the exact body and refetches the canonical collection once  400ms
 ✓ src/pages/members/MemberGovernanceForm.test.tsx (5 tests) 1845ms
   ✓ MemberGovernanceForm > submits the institution create variant without individual identity/profile fields  1054ms
   ✓ MemberGovernanceForm > submits every individual registration profile field  624ms
 ✓ src/pages/members/MemberGovernanceForm.container.test.tsx (16 tests) 2806ms
   ✓ MemberGovernanceForm production container > routes Directory registration into canonical Profile readback with the exact create ledger  1568ms

 Test Files  33 passed (33)
      Tests  253 passed (253)
   Start at  02:45:34
   Duration  7.98s (transform 6.04s, setup 0ms, collect 10.84s, tests 17.89s, environment 3.32s, prepare 2.14s)

