Command:
RALPH_EVIDENCE_DIR=/Users/amitkallapa/LMS/.ralph/worktrees/2026-07-22_173435_normal_run/.ralph/runs/2026-07-22_181905_repair/evidence/screenshots/run-1 E2E_DJANGO_PYTHON=/Users/amitkallapa/LMS/.ralph/venv/bin/python npm run e2e -- e2e/recovery-action-execution.e2e.spec.ts

Working directory: sfpcl-lms/


> sfpcl-lms@1.0.0 e2e
> playwright test e2e/recovery-action-execution.e2e.spec.ts

[2m[WebServer] [22m[22/Jul/2026 13:14:58] "GET /api/v1/health/ready/ HTTP/1.1" 200 202
[2m[WebServer] [22m[33mThe CJS build of Vite's Node API is deprecated. See https://vite.dev/guide/troubleshooting.html#vite-cjs-node-api-deprecated for more details.[39m

Running 2 tests using 1 worker

[2m[WebServer] [22m[22/Jul/2026 13:15:04] "POST /api/v1/auth/login/ HTTP/1.1" 200 1288
[2m[WebServer] [22m[22/Jul/2026 13:15:04] "GET /api/v1/auth/me/ HTTP/1.1" 200 3300
[2m[WebServer] [22m[22/Jul/2026 13:15:05] "GET /api/v1/dashboard/ HTTP/1.1" 200 1454
[2m[WebServer] [22m[22/Jul/2026 13:15:05] "GET /api/v1/dashboard/ HTTP/1.1" 200 1454
[2m[WebServer] [22m[22/Jul/2026 13:15:05] "GET /api/v1/notifications/?read_status=unread&page_size=4 HTTP/1.1" 200 245
[2m[WebServer] [22m[22/Jul/2026 13:15:05] "GET /api/v1/notifications/?read_status=unread&page_size=4 HTTP/1.1" 200 245
  ✓  1 [chromium] › recovery-action-execution.e2e.spec.ts:12:5 › S57 blocks execution when no approved action is exposed (3.3s)
[2m[WebServer] [22m[22/Jul/2026 13:15:07] "POST /api/v1/auth/login/ HTTP/1.1" 200 1288
[2m[WebServer] [22m[22/Jul/2026 13:15:07] "GET /api/v1/dashboard/ HTTP/1.1" 200 1454
[2m[WebServer] [22m[22/Jul/2026 13:15:07] "GET /api/v1/dashboard/ HTTP/1.1" 200 1454
[2m[WebServer] [22m[22/Jul/2026 13:15:07] "GET /api/v1/notifications/?read_status=unread&page_size=4 HTTP/1.1" 200 245
[2m[WebServer] [22m[22/Jul/2026 13:15:07] "GET /api/v1/notifications/?read_status=unread&page_size=4 HTTP/1.1" 200 245
  ✓  2 [chromium] › recovery-action-execution.e2e.spec.ts:19:5 › S57 renders the exact approved route and evidence controls (2.5s)

  2 passed (55.5s)

Duration milliseconds: 56253
Exit code: 0
Screenshot evidence exit code: 0
Screenshot manifest: /Users/amitkallapa/LMS/.ralph/worktrees/2026-07-22_173435_normal_run/.ralph/runs/2026-07-22_181905_repair/evidence/trusted-browser-screenshots-1.sha256
