Creating test database for alias 'default' ('file:memorydb_default?mode=memory&cache=shared')...
Found 51 test(s).
Operations to perform:
  Synchronize unmigrated apps: corsheaders, sap_workflow
  Apply all migrations: applications, approvals, communications, configurations, contenttypes, credit, documents, finance, identity, legal_documents, members, scheduler, security_instruments, tracer, workflows
Synchronizing apps without migrations:
  Creating tables...
    Running deferred SQL...
Running migrations:
  Applying identity.0001_initial... OK
  Applying identity.0002_permission_rolepermission_and_more... OK
  Applying tracer.0001_initial... OK
  Applying workflows.0001_canonical_workflow_event... OK
  Applying members.0001_initial... OK
  Applying members.0002_profile_shells... OK
  Applying members.0003_individual_profile_details... OK
  Applying members.0004_nominee... OK
  Applying members.0005_shareholding_and_more... OK
  Applying members.0006_landholding_cropplan_and_more... OK
  Applying documents.0001_initial... OK
  Applying members.0007_kycprofile_kycdocument_and_more... OK
  Applying members.0008_cancelledcheque_bankaccount_and_more... OK
  Applying identity.0003_portal_member_auth... OK
  Applying members.0009_member_identity_governance... OK
  Applying members.0010_member_identity_change_request... OK
  Applying members.0011_producesupplyrecord... OK
  Applying members.0012_memberserviceevidence_activememberstatus_and_more... OK
  Applying members.0013_memberserviceevidence_maker_users_and_more... OK
  Applying members.0014_remove_memberscopeassignment_uniq_member_scope_assignment_and_more... OK
  Applying documents.0002_documenttemplate... OK
  Applying documents.0003_documenttemplateidentity... OK
  Applying applications.0001_initial... OK
  Applying documents.0004_loandocument... OK
  Applying legal_documents.0001_transfer_loan_document_owner... OK
  Applying legal_documents.0002_document_checklists... OK
  Applying legal_documents.0003_loan_document_renderer_provenance... OK
  Applying legal_documents.0004_checklistitem_notarisation_status_and_more... OK
  Applying legal_documents.0005_signature_records... OK
  Applying legal_documents.0006_stamp_notary_preparer_identity... OK
  Applying legal_documents.0007_signature_capture_maker... OK
  Applying applications.0002_loanapplication_submitted_by_user... OK
  Applying applications.0003_systemsequence_loanrequestregisterentry... OK
  Applying applications.0004_applicationdocument_and_more... OK
  Applying applications.0005_application_deficiency... OK
  Applying applications.0006_rejection_note... OK
  Applying applications.0007_eligibilityassessment... OK
  Applying applications.0008_loanlimitassessment... OK
  Applying applications.0009_loan_limit_policy_snapshot... OK
  Applying applications.0010_loanapplication_nominee... OK
  Applying legal_documents.0008_securitypackage_powerofattorney_and_more... OK
  Applying legal_documents.0009_loandocument_verification_remarks... OK
  Applying legal_documents.0010_stage4_maker_checker_constraints... OK
  Applying legal_documents.0011_final_documentation_approval_sequence... OK
  Applying legal_documents.0012_portal_documentation_submission... OK
  Applying configurations.0001_initial... OK
  Applying configurations.0002_version_history_approval_evidence... OK
  Applying applications.0011_witness... OK
  Applying applications.0012_witness_verification_evidence... OK
  Applying applications.0013_witness_correction... OK
  Applying applications.0014_witness_contact_fields... OK
  Applying applications.0015_applicationdeficiencyresponse... OK
  Applying applications.0016_bankverificationdecision_and_more... OK
  Applying applications.0017_bank_decision_terminal_sanction_snapshots... OK
  Applying communications.0001_initial... OK
  Applying communications.0002_communication... OK
  Applying communications.0003_notification... OK
  Applying credit.0001_credit_assessment_model_ownership... OK
  Applying credit.0002_riskassessment_loanappraisalnote... OK
  Applying credit.0003_appraisal_prerequisite_snapshots... OK
  Applying credit.0004_appraisal_review_facts... OK
  Applying credit.0005_appraisalreviewdecision... OK
  Applying credit.0006_legacy_appraisal_history_remediation... OK
  Applying credit.0007_eligibility_active_member_snapshot... OK
  Applying approvals.0001_initial... OK
  Applying approvals.0002_approvalcase_workflow_event... OK
  Applying approvals.0003_approvalmatrixrule_sanctioncommittee... OK
  Applying approvals.0004_approval_configuration_history_constraints... OK
  Applying approvals.0005_approvalconfigurationproposal... OK
  Applying approvals.0006_approvalcase_configuration_snapshot... OK
  Applying approvals.0007_approvalcase_enrichment_snapshot... OK
  Applying approvals.0008_approvalaction... OK
  Applying approvals.0009_sanction_decision_and_case_closure... OK
  Applying approvals.0010_approvalcasereadscopegrant_and_more... OK
  Applying approvals.0011_approvalcase_appraisal_facts_json_and_more... OK
  Applying approvals.0012_approvalconflictdeclaration_and_more... OK
  Applying approvals.0013_conflict_projection_scope_closure... OK
  Applying approvals.0014_exceptionregisterentry_and_more... OK
  Applying approvals.0015_generalmeetingapproval_and_more... OK
  Applying approvals.0016_creditsanctionregisterentry... OK
  Applying approvals.0017_exceptionregisterentry_supporting_documents_json... OK
  Applying approvals.0018_creditsanctionregisterentry_source_review_facts_json... OK
  Applying approvals.0019_register_source_facts... OK
  Applying approvals.0020_approvalaction_approver_display_name... OK
  Applying contenttypes.0001_initial... OK
  Applying contenttypes.0002_remove_content_type_name... OK
  Applying documents.0005_deterministic_document_template_constraints... OK
  Applying finance.0001_initial... OK
  Applying finance.0002_sap_customer_code_confirmation... OK
  Applying finance.0003_sap_delivery_replay_contract... OK
  Applying legal_documents.0013_application_evidence_state_anchor... OK
  Applying scheduler.0001_initial... OK
  Applying security_instruments.0001_transfer_security_ownership... OK
  Applying security_instruments.0002_sh4sharetransferform_and_more... OK
  Applying security_instruments.0003_cdslsharepledge_and_more... OK
  Applying security_instruments.0004_migrate_cdsl_field_encryption... OK
  Applying security_instruments.0005_blankdatedcheque_and_more... OK
  Applying security_instruments.0006_migrate_opaque_field_tokens... OK
  Applying tracer.0002_remove_tracer_workflowevent_state... OK
System check identified no issues (0 silenced).
test_active_customer_code_can_start_reuse_request_and_missing_fact_rolls_back (sfpcl_credit.tests.test_sap_customer_profile_repair.SapCustomerProfileRepairTests.test_active_customer_code_can_start_reuse_request_and_missing_fact_rolls_back) ... ok
test_capability_denies_cross_user_request_application_and_file (sfpcl_credit.tests.test_sap_customer_profile_repair.SapCustomerProfileRepairTests.test_capability_denies_cross_user_request_application_and_file) ... ok
test_capability_is_one_use_expiring_tamper_safe_and_replaceable (sfpcl_credit.tests.test_sap_customer_profile_repair.SapCustomerProfileRepairTests.test_capability_is_one_use_expiring_tamper_safe_and_replaceable) ... ok
test_client_cannot_substitute_canonical_fields (sfpcl_credit.tests.test_sap_customer_profile_repair.SapCustomerProfileRepairTests.test_client_cannot_substitute_canonical_fields) ... ok
test_completion_rejects_invalid_payload_state_assignee_and_stale_cycle (sfpcl_credit.tests.test_sap_customer_profile_repair.SapCustomerProfileRepairTests.test_completion_rejects_invalid_payload_state_assignee_and_stale_cycle) ... ok
test_completion_replay_changed_facts_and_global_duplicate_are_zero_write (sfpcl_credit.tests.test_sap_customer_profile_repair.SapCustomerProfileRepairTests.test_completion_replay_changed_facts_and_global_duplicate_are_zero_write) ... ok
test_create_send_complete_read_and_download_audits_freeze_safe_context (sfpcl_credit.tests.test_sap_customer_profile_repair.SapCustomerProfileRepairTests.test_create_send_complete_read_and_download_audits_freeze_safe_context) ... ok
test_credit_manager_creates_draft_request_after_terminal_sanction (sfpcl_credit.tests.test_sap_customer_profile_repair.SapCustomerProfileRepairTests.test_credit_manager_creates_draft_request_after_terminal_sanction) ... ok
test_cross_object_denial_and_inactive_identities_leave_no_artifacts (sfpcl_credit.tests.test_sap_customer_profile_repair.SapCustomerProfileRepairTests.test_cross_object_denial_and_inactive_identities_leave_no_artifacts) ... ok
test_current_verified_bank_fact_freezes_only_last_four_and_ifsc (sfpcl_credit.tests.test_sap_customer_profile_repair.SapCustomerProfileRepairTests.test_current_verified_bank_fact_freezes_only_last_four_and_ifsc) ... ok
test_database_blocks_case_and_padding_variants_of_global_code (sfpcl_credit.tests.test_sap_customer_profile_repair.SapCustomerProfileRepairTests.test_database_blocks_case_and_padding_variants_of_global_code) ... ok
test_existing_same_member_code_reuses_without_overwriting_history (sfpcl_credit.tests.test_sap_customer_profile_repair.SapCustomerProfileRepairTests.test_existing_same_member_code_reuses_without_overwriting_history) ... ok
test_fpc_request_does_not_fabricate_aadhaar (sfpcl_credit.tests.test_sap_customer_profile_repair.SapCustomerProfileRepairTests.test_fpc_request_does_not_fabricate_aadhaar) ... ok
test_http_and_downstream_dependencies_use_public_sap_owner (sfpcl_credit.tests.test_sap_customer_profile_repair.SapCustomerProfileRepairTests.test_http_and_downstream_dependencies_use_public_sap_owner) ... ok
test_inactive_member_code_history_is_not_reactivated_or_overwritten (sfpcl_credit.tests.test_sap_customer_profile_repair.SapCustomerProfileRepairTests.test_inactive_member_code_history_is_not_reactivated_or_overwritten) ... ok
test_invalid_requests_leave_no_request_file_or_evidence (sfpcl_credit.tests.test_sap_customer_profile_repair.SapCustomerProfileRepairTests.test_invalid_requests_leave_no_request_file_or_evidence) ... ok
test_manual_and_fake_adapters_share_the_public_contract (sfpcl_credit.tests.test_sap_customer_profile_repair.SapCustomerProfileRepairTests.test_manual_and_fake_adapters_share_the_public_contract) ... ok
test_member_read_is_masked_assignee_scoped_and_nondisclosing (sfpcl_credit.tests.test_sap_customer_profile_repair.SapCustomerProfileRepairTests.test_member_read_is_masked_assignee_scoped_and_nondisclosing) ... ok
test_pending_same_member_request_loses_but_later_request_can_reuse (sfpcl_credit.tests.test_sap_customer_profile_repair.SapCustomerProfileRepairTests.test_pending_same_member_request_loses_but_later_request_can_reuse) ... ok
test_public_send_complete_and_masked_member_read_happy_path (sfpcl_credit.tests.test_sap_customer_profile_repair.SapCustomerProfileRepairTests.test_public_send_complete_and_masked_member_read_happy_path) ... ok
test_request_replay_remains_zero_write_when_code_appears_later (sfpcl_credit.tests.test_sap_customer_profile_repair.SapCustomerProfileRepairTests.test_request_replay_remains_zero_write_when_code_appears_later) ... ok
test_restricted_confirmation_evidence_must_match_actor_and_scope (sfpcl_credit.tests.test_sap_customer_profile_repair.SapCustomerProfileRepairTests.test_restricted_confirmation_evidence_must_match_actor_and_scope) ... ok
test_reuse_changed_optional_payload_conflicts_without_loser_artifacts (sfpcl_credit.tests.test_sap_customer_profile_repair.SapCustomerProfileRepairTests.test_reuse_changed_optional_payload_conflicts_without_loser_artifacts) ... ok
test_send_replay_change_owner_and_terminal_state_are_zero_write (sfpcl_credit.tests.test_sap_customer_profile_repair.SapCustomerProfileRepairTests.test_send_replay_change_owner_and_terminal_state_are_zero_write) ... ok
test_sent_assignee_reads_exact_retained_workbook_through_delivery_capability (sfpcl_credit.tests.test_sap_customer_profile_repair.SapCustomerProfileRepairTests.test_sent_assignee_reads_exact_retained_workbook_through_delivery_capability) ... ok
test_sequential_retry_returns_same_request_without_duplicate_artifacts (sfpcl_credit.tests.test_sap_customer_profile_repair.SapCustomerProfileRepairTests.test_sequential_retry_returns_same_request_without_duplicate_artifacts) ... ok
test_service_freezes_canonical_sensitive_facts_in_restricted_annexure (sfpcl_credit.tests.test_sap_customer_profile_repair.SapCustomerProfileRepairTests.test_service_freezes_canonical_sensitive_facts_in_restricted_annexure) ... ok
test_service_reloads_persisted_actor_before_authorizing (sfpcl_credit.tests.test_sap_customer_profile_repair.SapCustomerProfileRepairTests.test_service_reloads_persisted_actor_before_authorizing) ... ok
test_wrong_role_and_missing_application_follow_nondisclosure_contract (sfpcl_credit.tests.test_sap_customer_profile_repair.SapCustomerProfileRepairTests.test_wrong_role_and_missing_application_follow_nondisclosure_contract) ... ok
test_active_customer_code_can_start_reuse_request_and_missing_fact_rolls_back (sfpcl_credit.tests.test_sap_customer_profile_request_api.SapCustomerProfileRequestApiTests.test_active_customer_code_can_start_reuse_request_and_missing_fact_rolls_back) ... ok
test_client_cannot_substitute_canonical_fields (sfpcl_credit.tests.test_sap_customer_profile_request_api.SapCustomerProfileRequestApiTests.test_client_cannot_substitute_canonical_fields) ... ok
test_completion_rejects_invalid_payload_state_assignee_and_stale_cycle (sfpcl_credit.tests.test_sap_customer_profile_request_api.SapCustomerProfileRequestApiTests.test_completion_rejects_invalid_payload_state_assignee_and_stale_cycle) ... ok
test_completion_replay_changed_facts_and_global_duplicate_are_zero_write (sfpcl_credit.tests.test_sap_customer_profile_request_api.SapCustomerProfileRequestApiTests.test_completion_replay_changed_facts_and_global_duplicate_are_zero_write) ... ok
test_credit_manager_creates_draft_request_after_terminal_sanction (sfpcl_credit.tests.test_sap_customer_profile_request_api.SapCustomerProfileRequestApiTests.test_credit_manager_creates_draft_request_after_terminal_sanction) ... ok
test_cross_object_denial_and_inactive_identities_leave_no_artifacts (sfpcl_credit.tests.test_sap_customer_profile_request_api.SapCustomerProfileRequestApiTests.test_cross_object_denial_and_inactive_identities_leave_no_artifacts) ... ok
test_current_verified_bank_fact_freezes_only_last_four_and_ifsc (sfpcl_credit.tests.test_sap_customer_profile_request_api.SapCustomerProfileRequestApiTests.test_current_verified_bank_fact_freezes_only_last_four_and_ifsc) ... ok
test_database_blocks_case_and_padding_variants_of_global_code (sfpcl_credit.tests.test_sap_customer_profile_request_api.SapCustomerProfileRequestApiTests.test_database_blocks_case_and_padding_variants_of_global_code) ... ok
test_existing_same_member_code_reuses_without_overwriting_history (sfpcl_credit.tests.test_sap_customer_profile_request_api.SapCustomerProfileRequestApiTests.test_existing_same_member_code_reuses_without_overwriting_history) ... ok
test_fpc_request_does_not_fabricate_aadhaar (sfpcl_credit.tests.test_sap_customer_profile_request_api.SapCustomerProfileRequestApiTests.test_fpc_request_does_not_fabricate_aadhaar) ... ok
test_inactive_member_code_history_is_not_reactivated_or_overwritten (sfpcl_credit.tests.test_sap_customer_profile_request_api.SapCustomerProfileRequestApiTests.test_inactive_member_code_history_is_not_reactivated_or_overwritten) ... ok
test_invalid_requests_leave_no_request_file_or_evidence (sfpcl_credit.tests.test_sap_customer_profile_request_api.SapCustomerProfileRequestApiTests.test_invalid_requests_leave_no_request_file_or_evidence) ... ok
test_member_read_is_masked_assignee_scoped_and_nondisclosing (sfpcl_credit.tests.test_sap_customer_profile_request_api.SapCustomerProfileRequestApiTests.test_member_read_is_masked_assignee_scoped_and_nondisclosing) ... ok
test_pending_same_member_request_loses_but_later_request_can_reuse (sfpcl_credit.tests.test_sap_customer_profile_request_api.SapCustomerProfileRequestApiTests.test_pending_same_member_request_loses_but_later_request_can_reuse) ... ok
test_public_send_complete_and_masked_member_read_happy_path (sfpcl_credit.tests.test_sap_customer_profile_request_api.SapCustomerProfileRequestApiTests.test_public_send_complete_and_masked_member_read_happy_path) ... ok
test_request_replay_remains_zero_write_when_code_appears_later (sfpcl_credit.tests.test_sap_customer_profile_request_api.SapCustomerProfileRequestApiTests.test_request_replay_remains_zero_write_when_code_appears_later) ... ok
test_restricted_confirmation_evidence_must_match_actor_and_scope (sfpcl_credit.tests.test_sap_customer_profile_request_api.SapCustomerProfileRequestApiTests.test_restricted_confirmation_evidence_must_match_actor_and_scope) ... ok
test_send_replay_change_owner_and_terminal_state_are_zero_write (sfpcl_credit.tests.test_sap_customer_profile_request_api.SapCustomerProfileRequestApiTests.test_send_replay_change_owner_and_terminal_state_are_zero_write) ... ok
test_sequential_retry_returns_same_request_without_duplicate_artifacts (sfpcl_credit.tests.test_sap_customer_profile_request_api.SapCustomerProfileRequestApiTests.test_sequential_retry_returns_same_request_without_duplicate_artifacts) ... ok
test_service_freezes_canonical_sensitive_facts_in_restricted_annexure (sfpcl_credit.tests.test_sap_customer_profile_request_api.SapCustomerProfileRequestApiTests.test_service_freezes_canonical_sensitive_facts_in_restricted_annexure) ... ok
test_service_reloads_persisted_actor_before_authorizing (sfpcl_credit.tests.test_sap_customer_profile_request_api.SapCustomerProfileRequestApiTests.test_service_reloads_persisted_actor_before_authorizing) ... ok
test_wrong_role_and_missing_application_follow_nondisclosure_contract (sfpcl_credit.tests.test_sap_customer_profile_request_api.SapCustomerProfileRequestApiTests.test_wrong_role_and_missing_application_follow_nondisclosure_contract) ... ok

----------------------------------------------------------------------
Ran 51 tests in 2.010s

OK
Destroying test database for alias 'default' ('file:memorydb_default?mode=memory&cache=shared')...
