
> sfpcl-lms@1.0.0 test
> vitest run --run

[33mThe CJS build of Vite's Node API is deprecated. See https://vite.dev/guide/troubleshooting.html#vite-cjs-node-api-deprecated for more details.[39m

 RUN  v3.2.6 /Users/amitkallapa/LMS/.ralph/worktrees/2026-07-13_001731_normal_run/sfpcl-lms

 ✓ src/services/authSession.test.ts (15 tests) 10ms
 ✓ src/services/applicationIntakeApi.test.ts (5 tests) 7ms
 ✓ src/services/creditAssessmentApi.test.ts (5 tests) 7ms
 ✓ src/services/portalApi.test.ts (4 tests) 6ms
 ✓ src/pages/members/Borrower360.test.tsx (4 tests) 78ms
 ✓ src/pages/applications/ApplicationDetail.test.tsx (9 tests) 73ms
 ✓ src/services/navigationPermissions.test.ts (7 tests) 12ms
 ✓ src/pages/applications/CompletenessWorkbench.test.tsx (5 tests) 123ms
 ✓ src/pages/members/MemberProfile.test.tsx (26 tests) 316ms
 ✓ src/pages/appraisal/AppraisalWorkbench.test.tsx (22 tests) 254ms
 ✓ src/pages/Dashboard.test.tsx (13 tests) 53ms
 ✓ src/pages/notifications/NotificationsCenter.test.tsx (6 tests) 36ms
 ✓ src/services/tracerApi.test.ts (2 tests) 6ms
 ✓ src/pages/members/MemberDirectory.test.tsx (5 tests) 34ms
 ✓ src/pages/borrower/portal/PortalMemberViews.test.tsx (4 tests) 48ms
 ✓ src/pages/applications/ApplicationList.test.tsx (2 tests) 36ms
 ✓ src/utils/applicationDisplay.test.ts (5 tests) 2ms
 ✓ src/contexts/RoleContext.test.tsx (2 tests) 7ms
 ✓ src/pages/profile/MyProfile.test.tsx (1 test) 11ms
 ✓ src/pages/applications/NomineeSelectionViews.test.tsx (3 tests) 17ms
 ✓ src/pages/borrower/portal/auth/MP00_Login.test.tsx (2 tests) 9ms
 ✓ src/pages/borrower/portal/applications/MP05_NewApplication.test.tsx (2 tests) 3ms
 ✓ src/pages/sanction/SanctionWorkbench.test.tsx (2 tests) 13ms
 ✓ src/pages/members/MemberProfile.container.test.tsx (4 tests) 247ms
 ✓ src/services/demoAuthFlag.test.tsx (3 tests) 2396ms
   ✓ VITE_ENABLE_DEMO_AUTH real App/RoleProvider boundary (005FA4) > fails closed when the flag is unset  1812ms
   ✓ VITE_ENABLE_DEMO_AUTH real App/RoleProvider boundary (005FA4) > fails closed when the flag is explicit false  303ms
 ✓ src/pages/applications/WitnessPanel.container.test.tsx (10 tests) 1013ms
   ✓ mounted witness resource actions > captures with the exact body and refetches the canonical collection once  329ms
 ✓ src/pages/appraisal/AppraisalWorkbench.container.test.tsx (14 tests) 1269ms
 ✓ src/pages/members/MemberGovernanceForm.test.tsx (5 tests) 1758ms
   ✓ MemberGovernanceForm > submits the institution create variant without individual identity/profile fields  930ms
   ✓ MemberGovernanceForm > submits every individual registration profile field  661ms
 ✓ src/pages/members/MemberGovernanceForm.container.test.tsx (15 tests) 6450ms
   ✓ MemberGovernanceForm production container > routes Directory registration into canonical Profile readback before an ordinary update readback  2831ms
   ✓ MemberGovernanceForm production container > submits the complete individual_farmer body through the shared HTTP transport  1079ms
   ✓ MemberGovernanceForm production container > submits the complete fpc body through the shared HTTP transport  904ms
   ✓ MemberGovernanceForm production container > submits the complete producer_institution body through the shared HTTP transport  957ms

 Test Files  29 passed (29)
      Tests  202 passed (202)
   Start at  00:22:54
   Duration  10.72s (transform 4.13s, setup 0ms, collect 8.33s, tests 14.30s, environment 2.00s, prepare 1.84s)

