credit/modules/borrower_limit_projection.py:14:    IndividualMemberProfile,
credit/modules/borrower_limit_projection.py:15:    LandHolding,
credit/modules/borrower_limit_projection.py:16:    Shareholding,
credit/modules/borrower_limit_projection.py:18:from sfpcl_credit.members.modules.active_member_status import ActiveMemberStatusModule
credit/modules/borrower_limit_projection.py:21:def project_borrower_limit(*, member, requested_amount=None):
credit/modules/borrower_limit_projection.py:38:    current_result = ActiveMemberStatusModule().calculate(
credit/modules/borrower_limit_projection.py:49:    shareholdings = list(Shareholding.objects.filter(
credit/modules/borrower_limit_projection.py:56:    verified_land = list(LandHolding.objects.filter(member=member, verification_status="verified"))
credit/modules/borrower_limit_projection.py:57:    profile = IndividualMemberProfile.objects.filter(member=member).first()
tests/test_portal_member_api.py:9:from sfpcl_credit.configurations.models import LoanPolicyConfig
tests/test_portal_member_api.py:10:from sfpcl_credit.credit.models import LoanLimitAssessment
tests/test_portal_member_api.py:11:from sfpcl_credit.identity.models import AuditLog
tests/test_portal_member_api.py:17:    IndividualMemberProfile,
tests/test_portal_member_api.py:19:    LandHolding,
tests/test_portal_member_api.py:21:    MemberServiceEvidence,
tests/test_portal_member_api.py:23:    ProduceSupplyRecord,
tests/test_portal_member_api.py:24:    Shareholding,
tests/test_portal_member_api.py:27:from sfpcl_credit.members.modules.active_member_status import ActiveMemberStatusModule
tests/test_portal_member_api.py:29:from sfpcl_credit.workflows.models import WorkflowEvent
tests/test_portal_member_api.py:133:        IndividualMemberProfile.objects.create(
tests/test_portal_member_api.py:154:        Shareholding.objects.create(
tests/test_portal_member_api.py:162:        LandHolding.objects.create(
tests/test_portal_member_api.py:407:            AuditLog.objects.filter(action="portal.application.draft_created").count(),
tests/test_portal_member_api.py:411:            AuditLog.objects.filter(action="portal.application.saved").count(),
tests/test_portal_member_api.py:415:            AuditLog.objects.filter(action="portal.application.submitted").count(),
tests/test_portal_member_api.py:419:            AuditLog.objects.filter(
tests/test_portal_member_api.py:428:            AuditLog.objects.filter(action__startswith="portal.application.").values_list(
tests/test_portal_member_api.py:437:            WorkflowEvent.objects.filter(entity_type="loan_application", to_state="submitted").count(),
tests/test_portal_member_api.py:474:        IndividualMemberProfile.objects.create(
tests/test_portal_member_api.py:480:        MemberServiceEvidence.objects.create(
tests/test_portal_member_api.py:491:        result = ActiveMemberStatusModule().calculate(
tests/test_portal_member_api.py:510:        Shareholding.objects.create(
tests/test_portal_member_api.py:521:        LandHolding.objects.create(
tests/test_portal_member_api.py:531:        LoanPolicyConfig.objects.create(
tests/test_portal_member_api.py:546:            status=LoanPolicyConfig.STATUS_ACTIVE,
tests/test_portal_member_api.py:550:        unchanged = ActiveMemberStatusModule().calculate(
tests/test_portal_member_api.py:586:        IndividualMemberProfile.objects.create(
tests/test_portal_member_api.py:590:        MemberServiceEvidence.objects.create(
tests/test_portal_member_api.py:596:        result = ActiveMemberStatusModule().calculate(
tests/test_portal_member_api.py:609:        Shareholding.objects.create(
tests/test_portal_member_api.py:615:        LandHolding.objects.create(
tests/test_portal_member_api.py:624:            LoanPolicyConfig.objects.create(
tests/test_portal_member_api.py:632:                status=LoanPolicyConfig.STATUS_ACTIVE,
tests/test_portal_member_api.py:635:        reloaded_result = ActiveMemberStatusModule().calculate(
tests/test_portal_member_api.py:696:            evidence = MemberServiceEvidence.objects.get(member=self.member)
tests/test_portal_member_api.py:703:            duplicate = Shareholding.objects.create(
tests/test_portal_member_api.py:712:            profile = IndividualMemberProfile.objects.get(member=self.member)
tests/test_portal_member_api.py:719:            stored_policy = LoanPolicyConfig.objects.get(policy_version="stored-v1")
tests/test_portal_member_api.py:720:            stored_policy.status = LoanPolicyConfig.STATUS_RETIRED
tests/test_portal_member_api.py:723:            stored_policy.status = LoanPolicyConfig.STATUS_ACTIVE
tests/test_portal_member_api.py:745:        profile = IndividualMemberProfile.objects.create(
tests/test_portal_member_api.py:749:        service = MemberServiceEvidence.objects.create(
tests/test_portal_member_api.py:755:        supply = ProduceSupplyRecord.objects.create(
tests/test_portal_member_api.py:762:        result = ActiveMemberStatusModule().calculate(
tests/test_portal_member_api.py:775:        shareholding = Shareholding.objects.create(
tests/test_portal_member_api.py:781:        landholding = LandHolding.objects.create(
tests/test_portal_member_api.py:786:        policy = LoanPolicyConfig.objects.create(
tests/test_portal_member_api.py:795:            board_approval_reference="MATRIX-BOARD-PRIVATE", status=LoanPolicyConfig.STATUS_ACTIVE,
tests/test_portal_member_api.py:829:        values.extend(ProduceSupplyRecord.objects.values_list("evidence_reference", flat=True))
tests/test_portal_member_api.py:830:        values.extend(MemberServiceEvidence.objects.values_list("evidence_reference", flat=True))
tests/test_portal_member_api.py:831:        values.extend(str(value) for value in LoanPolicyConfig.objects.values_list(
tests/test_portal_member_api.py:834:        values.extend(LoanPolicyConfig.objects.values_list("board_approval_reference", flat=True))
tests/test_portal_member_api.py:869:            "supply": list(ProduceSupplyRecord.objects.filter(member=self.member).values()),
tests/test_portal_member_api.py:871:                MemberServiceEvidence.objects.filter(member=self.member).values()
tests/test_portal_member_api.py:873:            "shareholdings": list(Shareholding.objects.filter(member=self.member).values()),
tests/test_portal_member_api.py:874:            "landholdings": list(LandHolding.objects.filter(member=self.member).values()),
tests/test_portal_member_api.py:876:                IndividualMemberProfile.objects.filter(member=self.member).values()
tests/test_portal_member_api.py:878:            "assessments": list(LoanLimitAssessment.objects.filter(member=self.member).values()),
tests/test_portal_member_api.py:880:            "audits": list(AuditLog.objects.all().values()),
tests/test_portal_member_api.py:881:            "workflows": list(WorkflowEvent.objects.all().values()),
tests/test_portal_member_api.py:882:            "policies": list(LoanPolicyConfig.objects.all().values()),
tests/test_portal_member_api.py:949:                    AuditLog.objects.filter(action="portal.application.draft_created").exists()
tests/test_portal_member_api.py:952:                    WorkflowEvent.objects.filter(entity_type="loan_application").exists()
tests/test_portal_member_api.py:968:            "saved": AuditLog.objects.filter(
tests/test_portal_member_api.py:971:            "workflows": WorkflowEvent.objects.filter(entity_id=application_id).count(),
tests/test_portal_member_api.py:990:                    AuditLog.objects.filter(
tests/test_portal_member_api.py:996:                    WorkflowEvent.objects.filter(entity_id=application_id).count(),
tests/test_portal_member_api.py:1137:        self.assertFalse(AuditLog.objects.filter(action__startswith="portal.application.").exists())
tests/test_portal_member_api.py:1138:        self.assertFalse(WorkflowEvent.objects.exists())
members/portal_services.py:9:from sfpcl_credit.members.models import BankAccount, KycProfile, ProduceSupplyRecord
members/portal_services.py:10:from sfpcl_credit.members.modules.active_member_status import ActiveMemberStatusModule
members/portal_services.py:11:from sfpcl_credit.credit.modules.borrower_limit_projection import project_borrower_limit
members/portal_services.py:87:        ProduceSupplyRecord.objects.filter(member=member).order_by("-financial_year", "produce_supply_record_id")
members/portal_services.py:89:    status = ActiveMemberStatusModule().calculate(member_id=member.member_id)
members/portal_services.py:95:    totals = ProduceSupplyRecord.objects.filter(
members/portal_services.py:119:    return project_borrower_limit(member=member, requested_amount=requested_amount)
