Creating test database for alias 'default'...
Found 1 test(s).
System check identified no issues (0 silenced).
Catalogue seeded: 195 permissions, 20 roles, 8 teams, 272 role-permission links.
E
======================================================================
ERROR: test_loan_portfolio_reconciles_to_scoped_loan_accounts (sfpcl_credit.tests.test_report_api.PortfolioReportApiTests.test_loan_portfolio_reconciles_to_scoped_loan_accounts)
----------------------------------------------------------------------
Traceback (most recent call last):
  File "/Users/amitkallapa/LMS/.ralph/worktrees/2026-07-24_002010_normal_run/sfpcl_credit/tests/test_report_api.py", line 244, in test_loan_portfolio_reconciles_to_scoped_loan_accounts
    response = self.client.get(
               ^^^^^^^^^^^^^^^^
  File "/Users/amitkallapa/LMS/.ralph/venv/lib/python3.11/site-packages/django/test/client.py", line 1049, in get
    response = super().get(path, data=data, secure=secure, headers=headers, **extra)
               ^^^^^^^^^^^^^^^^^^^^^^^^^^^^^^^^^^^^^^^^^^^^^^^^^^^^^^^^^^^^^^^^^^^^^
  File "/Users/amitkallapa/LMS/.ralph/venv/lib/python3.11/site-packages/django/test/client.py", line 465, in get
    return self.generic(
           ^^^^^^^^^^^^^
  File "/Users/amitkallapa/LMS/.ralph/venv/lib/python3.11/site-packages/django/test/client.py", line 617, in generic
    return self.request(**r)
           ^^^^^^^^^^^^^^^^^
  File "/Users/amitkallapa/LMS/.ralph/venv/lib/python3.11/site-packages/django/test/client.py", line 1013, in request
    self.check_exception(response)
  File "/Users/amitkallapa/LMS/.ralph/venv/lib/python3.11/site-packages/django/test/client.py", line 743, in check_exception
    raise exc_value
  File "/Users/amitkallapa/LMS/.ralph/venv/lib/python3.11/site-packages/django/core/handlers/exception.py", line 55, in inner
    response = get_response(request)
               ^^^^^^^^^^^^^^^^^^^^^
  File "/Users/amitkallapa/LMS/.ralph/venv/lib/python3.11/site-packages/django/core/handlers/base.py", line 197, in _get_response
    response = wrapped_callback(request, *callback_args, **callback_kwargs)
               ^^^^^^^^^^^^^^^^^^^^^^^^^^^^^^^^^^^^^^^^^^^^^^^^^^^^^^^^^^^^
  File "/Users/amitkallapa/LMS/.ralph/venv/lib/python3.11/site-packages/django/views/decorators/http.py", line 64, in inner
    return func(request, *args, **kwargs)
           ^^^^^^^^^^^^^^^^^^^^^^^^^^^^^^
  File "/Users/amitkallapa/LMS/.ralph/worktrees/2026-07-24_002010_normal_run/sfpcl_credit/reports/views.py", line 15, in report
    rows, pagination = run_report(
                       ^^^^^^^^^^^
  File "/Users/amitkallapa/LMS/.ralph/worktrees/2026-07-24_002010_normal_run/sfpcl_credit/reports/registry.py", line 31, in run_report
    return REPORTS[report_code].selector(
           ~~~~~~~^^^^^^^^^^^^^
KeyError: 'loan-portfolio'

----------------------------------------------------------------------
Ran 1 test in 0.195s

FAILED (errors=1)
Destroying test database for alias 'default'...
