Found 15 test(s).
Skipping setup of unused database(s): default.
System check identified no issues (0 silenced).
test_guard_accepts_future_legal_owned_operation (sfpcl_credit.tests.test_legal_checklist_migration_anchor.LegalChecklistMigrationOwnershipGuardTests.test_guard_accepts_future_legal_owned_operation) ... ok
test_guard_allows_only_reviewed_009g2_history_in_repository (sfpcl_credit.tests.test_legal_checklist_migration_anchor.LegalChecklistMigrationOwnershipGuardTests.test_guard_allows_only_reviewed_009g2_history_in_repository) ... ok
test_guard_does_not_report_database_only_runpython (sfpcl_credit.tests.test_legal_checklist_migration_anchor.LegalChecklistMigrationOwnershipGuardTests.test_guard_does_not_report_database_only_runpython) ... ok
test_guard_rejects_helper_indirected_cross_app_operation (sfpcl_credit.tests.test_legal_checklist_migration_anchor.LegalChecklistMigrationOwnershipGuardTests.test_guard_rejects_helper_indirected_cross_app_operation) ... ok
test_guard_rejects_imported_cross_app_operation (sfpcl_credit.tests.test_legal_checklist_migration_anchor.LegalChecklistMigrationOwnershipGuardTests.test_guard_rejects_imported_cross_app_operation) ... ok
test_guard_rejects_inherited_cross_app_operation (sfpcl_credit.tests.test_legal_checklist_migration_anchor.LegalChecklistMigrationOwnershipGuardTests.test_guard_rejects_inherited_cross_app_operation) ... ok
test_guard_rejects_module_constant_cross_app_checklist_state_mutation (sfpcl_credit.tests.test_legal_checklist_migration_anchor.LegalChecklistMigrationOwnershipGuardTests.test_guard_rejects_module_constant_cross_app_checklist_state_mutation) ... ok
test_guard_rejects_synthetic_cross_app_checklist_state_mutation (sfpcl_credit.tests.test_legal_checklist_migration_anchor.LegalChecklistMigrationOwnershipGuardTests.test_guard_rejects_synthetic_cross_app_checklist_state_mutation) ... ok
test_historical_exception_is_immutable_and_rejects_sibling_operation (sfpcl_credit.tests.test_legal_checklist_migration_anchor.LegalChecklistMigrationOwnershipGuardTests.test_historical_exception_is_immutable_and_rejects_sibling_operation) ... ok
test_historical_exception_rejects_changed_expected_constraint_definition (sfpcl_credit.tests.test_legal_checklist_migration_anchor.LegalChecklistMigrationOwnershipGuardTests.test_historical_exception_rejects_changed_expected_constraint_definition) ... ok
test_historical_exception_rejects_changed_target_footprint (sfpcl_credit.tests.test_legal_checklist_migration_anchor.LegalChecklistMigrationOwnershipGuardTests.test_historical_exception_rejects_changed_target_footprint) ... ok
test_historical_exception_rejects_complete_model_state_mutation_matrix (sfpcl_credit.tests.test_legal_checklist_migration_anchor.LegalChecklistMigrationOwnershipGuardTests.test_historical_exception_rejects_complete_model_state_mutation_matrix) ... 
  test_historical_exception_rejects_complete_model_state_mutation_matrix (sfpcl_credit.tests.test_legal_checklist_migration_anchor.LegalChecklistMigrationOwnershipGuardTests.test_historical_exception_rejects_complete_model_state_mutation_matrix) (footprint='indexes') ... FAIL
test_historical_exception_rejects_extra_same_model_option_mutation (sfpcl_credit.tests.test_legal_checklist_migration_anchor.LegalChecklistMigrationOwnershipGuardTests.test_historical_exception_rejects_extra_same_model_option_mutation) ... ok
test_historical_exception_rejects_renamed_path_and_class (sfpcl_credit.tests.test_legal_checklist_migration_anchor.LegalChecklistMigrationOwnershipGuardTests.test_historical_exception_rejects_renamed_path_and_class) ... ok
test_shared_package_contains_no_legal_migration_policy (sfpcl_credit.tests.test_legal_checklist_migration_anchor.LegalChecklistMigrationOwnershipGuardTests.test_shared_package_contains_no_legal_migration_policy) ... ok

======================================================================
FAIL: test_historical_exception_rejects_complete_model_state_mutation_matrix (sfpcl_credit.tests.test_legal_checklist_migration_anchor.LegalChecklistMigrationOwnershipGuardTests.test_historical_exception_rejects_complete_model_state_mutation_matrix) (footprint='indexes')
----------------------------------------------------------------------
Traceback (most recent call last):
  File "/Users/amitkallapa/LMS/.ralph/worktrees/2026-07-18_155947_normal_run/sfpcl_credit/tests/test_legal_checklist_migration_anchor.py", line 421, in test_historical_exception_rejects_complete_model_state_mutation_matrix
    self.assertFalse(
AssertionError: True is not false

----------------------------------------------------------------------
Ran 15 tests in 0.326s

FAILED (failures=1)
