Command:
RALPH_EVIDENCE_DIR=/Users/amitkallapa/LMS/.ralph/worktrees/2026-07-19_201636_normal_run/.ralph/runs/2026-07-19_201636_normal_run/evidence/screenshots/run-2 E2E_DJANGO_PYTHON=/Users/amitkallapa/LMS/.ralph/venv/bin/python npm run e2e -- e2e/epic-009-staff-disbursement-closure.e2e.spec.ts

Working directory: sfpcl-lms/


> sfpcl-lms@1.0.0 e2e
> playwright test e2e/epic-009-staff-disbursement-closure.e2e.spec.ts

[2m[WebServer] [22m[19/Jul/2026 15:28:37] "GET /api/v1/health/ready/ HTTP/1.1" 200 202
[2m[WebServer] [22m[33mThe CJS build of Vite's Node API is deprecated. See https://vite.dev/guide/troubleshooting.html#vite-cjs-node-api-deprecated for more details.[39m

Running 1 test using 1 worker

[2m[WebServer] [22m[19/Jul/2026 15:28:42] "OPTIONS /api/v1/auth/login/ HTTP/1.1" 200 0
[2m[WebServer] [22m[19/Jul/2026 15:28:42] "POST /api/v1/auth/login/ HTTP/1.1" 200 1315
[2m[WebServer] [22m[19/Jul/2026 15:28:42] "OPTIONS /api/v1/auth/me/ HTTP/1.1" 200 0
[2m[WebServer] [22m[19/Jul/2026 15:28:42] "GET /api/v1/auth/me/ HTTP/1.1" 200 1338
[2m[WebServer] [22m[19/Jul/2026 15:28:42] "OPTIONS /api/v1/dashboard/ HTTP/1.1" 200 0
[2m[WebServer] [22m[19/Jul/2026 15:28:42] "OPTIONS /api/v1/dashboard/ HTTP/1.1" 200 0
[2m[WebServer] [22m[19/Jul/2026 15:28:42] "GET /api/v1/dashboard/ HTTP/1.1" 200 1029
[2m[WebServer] [22m[19/Jul/2026 15:28:42] "GET /api/v1/dashboard/ HTTP/1.1" 200 1029
[2m[WebServer] [22m[19/Jul/2026 15:28:42] "OPTIONS /api/v1/loan-accounts/?page=1&page_size=20 HTTP/1.1" 200 0
[2m[WebServer] [22m[19/Jul/2026 15:28:42] "OPTIONS /api/v1/loan-accounts/?page=1&page_size=20 HTTP/1.1" 200 0
[2m[WebServer] [22m[19/Jul/2026 15:28:42] "GET /api/v1/loan-accounts/?page=1&page_size=20 HTTP/1.1" 200 1159
[2m[WebServer] [22m[19/Jul/2026 15:28:43] "GET /api/v1/loan-accounts/?page=1&page_size=20 HTTP/1.1" 200 1159
[2m[WebServer] [22m[19/Jul/2026 15:28:43] "OPTIONS /api/v1/loan-accounts/4a6ae485-95e9-4403-ba6d-712c6b49f166/ HTTP/1.1" 200 0
[2m[WebServer] [22m[19/Jul/2026 15:28:43] "GET /api/v1/loan-accounts/4a6ae485-95e9-4403-ba6d-712c6b49f166/ HTTP/1.1" 200 1035
[2m[WebServer] [22m[19/Jul/2026 15:28:44] "OPTIONS /api/v1/disbursement-workspaces/?page=1&page_size=20 HTTP/1.1" 200 0
[2m[WebServer] [22m[19/Jul/2026 15:28:44] "OPTIONS /api/v1/disbursement-workspaces/?page=1&page_size=20 HTTP/1.1" 200 0
[2m[WebServer] [22m[19/Jul/2026 15:28:44] "GET /api/v1/disbursement-workspaces/?page=1&page_size=20 HTTP/1.1" 200 4530
[2m[WebServer] [22m[19/Jul/2026 15:28:45] "GET /api/v1/disbursement-workspaces/?page=1&page_size=20 HTTP/1.1" 200 4530
[2m[WebServer] [22m[19/Jul/2026 15:28:45] "GET /api/v1/auth/me/ HTTP/1.1" 200 1338
[2m[WebServer] [22m[19/Jul/2026 15:28:45] "GET /api/v1/auth/me/ HTTP/1.1" 200 1338
[2m[WebServer] [22m[19/Jul/2026 15:28:45] "GET /api/v1/dashboard/ HTTP/1.1" 200 1029
[2m[WebServer] [22m[19/Jul/2026 15:28:45] "GET /api/v1/dashboard/ HTTP/1.1" 200 1029
[2m[WebServer] [22m[19/Jul/2026 15:28:46] "GET /api/v1/disbursement-workspaces/?page=1&page_size=20 HTTP/1.1" 200 4549
[2m[WebServer] [22m[19/Jul/2026 15:28:46] "GET /api/v1/disbursement-workspaces/?page=1&page_size=20 HTTP/1.1" 200 4549
[2m[WebServer] [22m[19/Jul/2026 15:28:47] "OPTIONS /api/v1/loan-accounts/4a6ae485-95e9-4403-ba6d-712c6b49f166/disbursements/initiate/ HTTP/1.1" 200 0
[2m[WebServer] [22m[19/Jul/2026 15:28:47] "POST /api/v1/loan-accounts/4a6ae485-95e9-4403-ba6d-712c6b49f166/disbursements/initiate/ HTTP/1.1" 200 319
[2m[WebServer] [22m[19/Jul/2026 15:28:47] "GET /api/v1/disbursement-workspaces/?page=1&page_size=20 HTTP/1.1" 200 4007
[2m[WebServer] [22m[19/Jul/2026 15:28:48] "POST /api/v1/auth/login/ HTTP/1.1" 200 1335
[2m[WebServer] [22m[19/Jul/2026 15:28:48] "GET /api/v1/auth/me/ HTTP/1.1" 200 1101
[2m[WebServer] [22m[19/Jul/2026 15:28:48] "GET /api/v1/dashboard/ HTTP/1.1" 200 1029
[2m[WebServer] [22m[19/Jul/2026 15:28:48] "GET /api/v1/dashboard/ HTTP/1.1" 200 1029
[2m[WebServer] [22m[19/Jul/2026 15:28:49] "GET /api/v1/disbursement-workspaces/?page=1&page_size=20 HTTP/1.1" 200 4819
[2m[WebServer] [22m[19/Jul/2026 15:28:49] "GET /api/v1/disbursement-workspaces/?page=1&page_size=20 HTTP/1.1" 200 4819
[2m[WebServer] [22m[19/Jul/2026 15:28:50] "OPTIONS /api/v1/disbursements/71fd6cd7-1e79-4c93-945d-e9113386fc99/authorise/ HTTP/1.1" 200 0
[2m[WebServer] [22m[19/Jul/2026 15:28:50] "POST /api/v1/disbursements/71fd6cd7-1e79-4c93-945d-e9113386fc99/authorise/ HTTP/1.1" 200 373
[2m[WebServer] [22m[19/Jul/2026 15:28:50] "GET /api/v1/disbursement-workspaces/?page=1&page_size=20 HTTP/1.1" 200 280
[2m[WebServer] [22m[19/Jul/2026 15:28:50] "POST /api/v1/auth/login/ HTTP/1.1" 200 1315
[2m[WebServer] [22m[19/Jul/2026 15:28:51] "GET /api/v1/auth/me/ HTTP/1.1" 200 1338
[2m[WebServer] [22m[19/Jul/2026 15:28:51] "GET /api/v1/dashboard/ HTTP/1.1" 200 1029
[2m[WebServer] [22m[19/Jul/2026 15:28:51] "GET /api/v1/dashboard/ HTTP/1.1" 200 1029
[2m[WebServer] [22m[19/Jul/2026 15:28:51] "GET /api/v1/disbursement-workspaces/?page=1&page_size=20 HTTP/1.1" 200 4739
[2m[WebServer] [22m[19/Jul/2026 15:28:52] "GET /api/v1/disbursement-workspaces/?page=1&page_size=20 HTTP/1.1" 200 4739
[2m[WebServer] [22m[19/Jul/2026 15:28:52] "OPTIONS /api/v1/notifications/?category=finance HTTP/1.1" 200 0
[2m[WebServer] [22m[19/Jul/2026 15:28:52] "GET /api/v1/notifications/?category=finance HTTP/1.1" 200 1715
[2m[WebServer] [22m[19/Jul/2026 15:28:52] "OPTIONS /api/v1/disbursements/71fd6cd7-1e79-4c93-945d-e9113386fc99/mark-transfer-successful/ HTTP/1.1" 200 0
[2m[WebServer] [22m[19/Jul/2026 15:28:52] "POST /api/v1/disbursements/71fd6cd7-1e79-4c93-945d-e9113386fc99/mark-transfer-successful/ HTTP/1.1" 200 466
[2m[WebServer] [22m[19/Jul/2026 15:28:53] "GET /api/v1/disbursement-workspaces/?page=1&page_size=20 HTTP/1.1" 200 4585
[2m[WebServer] [22m[19/Jul/2026 15:28:54] "POST /api/v1/auth/login/ HTTP/1.1" 200 1286
[2m[WebServer] [22m[19/Jul/2026 15:28:54] "GET /api/v1/auth/me/ HTTP/1.1" 200 2476
[2m[WebServer] [22m[19/Jul/2026 15:28:54] "GET /api/v1/dashboard/ HTTP/1.1" 200 1454
[2m[WebServer] [22m[19/Jul/2026 15:28:54] "GET /api/v1/dashboard/ HTTP/1.1" 200 1454
[2m[WebServer] [22m[19/Jul/2026 15:28:54] "GET /api/v1/loan-accounts/?page=1&page_size=20 HTTP/1.1" 200 1196
[2m[WebServer] [22m[19/Jul/2026 15:28:54] "GET /api/v1/loan-accounts/?page=1&page_size=20 HTTP/1.1" 200 1196
[2m[WebServer] [22m[19/Jul/2026 15:28:55] "GET /api/v1/loan-accounts/4a6ae485-95e9-4403-ba6d-712c6b49f166/ HTTP/1.1" 200 1072
[2m[WebServer] [22m[19/Jul/2026 15:28:56] "POST /api/v1/auth/login/ HTTP/1.1" 200 1315
[2m[WebServer] [22m[19/Jul/2026 15:28:56] "GET /api/v1/auth/me/ HTTP/1.1" 200 1338
[2m[WebServer] [22m[19/Jul/2026 15:28:56] "GET /api/v1/dashboard/ HTTP/1.1" 200 1029
[2m[WebServer] [22m[19/Jul/2026 15:28:56] "GET /api/v1/dashboard/ HTTP/1.1" 200 1029
[2m[WebServer] [22m[19/Jul/2026 15:28:56] "OPTIONS /api/v1/notifications/ HTTP/1.1" 200 0
[2m[WebServer] [22m[19/Jul/2026 15:28:56] "OPTIONS /api/v1/notifications/ HTTP/1.1" 200 0
[2m[WebServer] [22m[19/Jul/2026 15:28:56] "GET /api/v1/notifications/ HTTP/1.1" 200 2695
[2m[WebServer] [22m[19/Jul/2026 15:28:56] "GET /api/v1/notifications/ HTTP/1.1" 200 2695
[2m[WebServer] [22m[19/Jul/2026 15:28:56] "OPTIONS /api/v1/loan-accounts/00000000-0000-4000-8000-000000000999/ HTTP/1.1" 200 0
[2m[WebServer] [22m[19/Jul/2026 15:28:56] "OPTIONS /api/v1/loan-accounts/00000000-0000-4000-8000-000000000999/ HTTP/1.1" 200 0
[2m[WebServer] [22mNot Found: /api/v1/loan-accounts/00000000-0000-4000-8000-000000000999/
[2m[WebServer] [22m[19/Jul/2026 15:28:56] "GET /api/v1/loan-accounts/00000000-0000-4000-8000-000000000999/ HTTP/1.1" 404 279
[2m[WebServer] [22mNot Found: /api/v1/loan-accounts/00000000-0000-4000-8000-000000000999/
[2m[WebServer] [22m[19/Jul/2026 15:28:57] "GET /api/v1/loan-accounts/00000000-0000-4000-8000-000000000999/ HTTP/1.1" 404 279
  ✓  1 [chromium] › epic-009-staff-disbursement-closure.e2e.spec.ts:36:5 › S36-S41 and initial Loan Account 360 use real Django and retain distinct evidence (17.2s)

  Slow test file: [chromium] › epic-009-staff-disbursement-closure.e2e.spec.ts (17.2s)
  Consider splitting slow test files to speed up parallel execution
  1 passed (40.4s)

Duration milliseconds: 41523
Exit code: 0
Screenshot evidence exit code: 0
Screenshot manifest: /Users/amitkallapa/LMS/.ralph/worktrees/2026-07-19_201636_normal_run/.ralph/runs/2026-07-19_201636_normal_run/evidence/trusted-browser-screenshots-2.sha256
