Command:
RALPH_EVIDENCE_DIR=/Users/amitkallapa/LMS/.ralph/worktrees/2026-07-24_211119_normal_run/.ralph/runs/2026-07-24_211119_normal_run/evidence/screenshots/run-1 E2E_DJANGO_PYTHON=/Users/amitkallapa/LMS/.ralph/venv/bin/python npm run e2e -- e2e/default-closure-compliance-staff.e2e.spec.ts

Working directory: sfpcl-lms/


> sfpcl-lms@1.0.0 e2e
> playwright test e2e/default-closure-compliance-staff.e2e.spec.ts

[2m[WebServer] [22m[24/Jul/2026 16:07:23] "GET /api/v1/health/ready/ HTTP/1.1" 200 202
[2m[WebServer] [22m[33mThe CJS build of Vite's Node API is deprecated. See https://vite.dev/guide/troubleshooting.html#vite-cjs-node-api-deprecated for more details.[39m

Running 1 test using 1 worker

[2m[WebServer] [22mUnauthorized: /api/v1/notifications/
[2m[WebServer] [22m[24/Jul/2026 16:07:31] "GET /api/v1/notifications/?read_status=unread&page_size=4 HTTP/1.1" 401 223
[2m[WebServer] [22mUnauthorized: /api/v1/notifications/
[2m[WebServer] [22m[24/Jul/2026 16:07:31] "GET /api/v1/notifications/?read_status=unread&page_size=4 HTTP/1.1" 401 223
  ✘  1 [chromium] › default-closure-compliance-staff.e2e.spec.ts:32:5 › S53-S55 render server evidence while S56-S57 remain unavailable (10.1s)


  1) [chromium] › default-closure-compliance-staff.e2e.spec.ts:32:5 › S53-S55 render server evidence while S56-S57 remain unavailable 

    Error: [31mTimed out 5000ms waiting for [39m[2mexpect([22m[31mlocator[39m[2m).[22mtoHaveCount[2m([22m[32mexpected[39m[2m)[22m

    Locator: getByRole('textbox')
    Expected: [32m0[39m
    Received: [31m2[39m
    Call log:
    [2m  - expect.toHaveCount with timeout 5000ms[22m
    [2m  - waiting for getByRole('textbox')[22m
    [2m    9 × locator resolved to 2 elements[22m
    [2m      - unexpected value "2"[22m


      53 |   await expect(page.getByText('Seeded grace expired unpaid.')).toBeVisible();
      54 |   await expect(page.getByText('Browser Credit Assessor')).toBeVisible();
    > 55 |   await expect(page.getByRole('textbox')).toHaveCount(0);
         |                                           ^
      56 |   await expect(page.getByRole('button', { name: 'Recovery Approval' })).toBeDisabled();
      57 |   await expect(page.getByRole('button', { name: 'Security Invocation' })).toBeDisabled();
      58 |   expect(mutations).toEqual([]);
        at /Users/amitkallapa/LMS/.ralph/worktrees/2026-07-24_211119_normal_run/sfpcl-lms/e2e/default-closure-compliance-staff.e2e.spec.ts:55:43

  1 failed
    [chromium] › default-closure-compliance-staff.e2e.spec.ts:32:5 › S53-S55 render server evidence while S56-S57 remain unavailable 

Duration milliseconds: 66508
Exit code: 1
Screenshot evidence exit code: 1
Screenshot manifest: /Users/amitkallapa/LMS/.ralph/worktrees/2026-07-24_211119_normal_run/.ralph/runs/2026-07-24_211119_normal_run/evidence/trusted-browser-screenshots-1.sha256
