Command:
RALPH_EVIDENCE_DIR=/Users/amitkallapa/LMS/.ralph/worktrees/2026-07-24_191534_normal_run/.ralph/runs/2026-07-24_200452_repair/evidence/screenshots/run-1 E2E_DJANGO_PYTHON=/Users/amitkallapa/LMS/.ralph/venv/bin/python npm run e2e -- e2e/performance-readiness.e2e.spec.ts

Working directory: sfpcl-lms/


> sfpcl-lms@1.0.0 e2e
> playwright test e2e/performance-readiness.e2e.spec.ts

[2m[WebServer] [22m[24/Jul/2026 14:47:39] "GET /api/v1/health/ready/ HTTP/1.1" 200 202
[2m[WebServer] [22m[33mThe CJS build of Vite's Node API is deprecated. See https://vite.dev/guide/troubleshooting.html#vite-cjs-node-api-deprecated for more details.[39m

Running 2 tests using 1 worker

[2m[WebServer] [22m[24/Jul/2026 14:47:45] "POST /api/v1/auth/login/ HTTP/1.1" 200 1314
[2m[WebServer] [22m[24/Jul/2026 14:47:45] "GET /api/v1/auth/me/ HTTP/1.1" 200 2001
[2m[WebServer] [22m[24/Jul/2026 14:47:45] "GET /api/v1/notifications/?read_status=unread&page_size=4 HTTP/1.1" 200 245
[2m[WebServer] [22m[24/Jul/2026 14:47:45] "GET /api/v1/notifications/?read_status=unread&page_size=4 HTTP/1.1" 200 245
  ✓  1 [chromium] › performance-readiness.e2e.spec.ts:23:7 › 012F2 populated dashboard performance smoke repetition 1 (2.6s)
[2m[WebServer] [22m[24/Jul/2026 14:47:47] "POST /api/v1/auth/login/ HTTP/1.1" 200 1314
[2m[WebServer] [22m[24/Jul/2026 14:47:47] "GET /api/v1/auth/me/ HTTP/1.1" 200 2001
[2m[WebServer] [22m[24/Jul/2026 14:47:47] "GET /api/v1/notifications/?read_status=unread&page_size=4 HTTP/1.1" 200 245
[2m[WebServer] [22m[24/Jul/2026 14:47:47] "GET /api/v1/notifications/?read_status=unread&page_size=4 HTTP/1.1" 200 245
  ✓  2 [chromium] › performance-readiness.e2e.spec.ts:23:7 › 012F2 populated dashboard performance smoke repetition 2 (2.2s)

  2 passed (59.8s)

Duration milliseconds: 60512
Exit code: 0
Screenshot evidence exit code: 0
Screenshot manifest: /Users/amitkallapa/LMS/.ralph/worktrees/2026-07-24_191534_normal_run/.ralph/runs/2026-07-24_200452_repair/evidence/trusted-browser-screenshots-1.sha256
