
> sfpcl-lms@1.0.0 test
> vitest run

[33mThe CJS build of Vite's Node API is deprecated. See https://vite.dev/guide/troubleshooting.html#vite-cjs-node-api-deprecated for more details.[39m

 RUN  v3.2.6 /Users/amitkallapa/LMS/.ralph/worktrees/2026-07-12_211948_normal_run/sfpcl-lms

 ✓ src/services/authSession.test.ts (15 tests) 14ms
 ✓ src/services/creditAssessmentApi.test.ts (5 tests) 7ms
 ✓ src/services/applicationIntakeApi.test.ts (5 tests) 9ms
 ✓ src/services/portalApi.test.ts (4 tests) 14ms
 ✓ src/pages/members/Borrower360.test.tsx (4 tests) 89ms
 ✓ src/pages/applications/ApplicationDetail.test.tsx (9 tests) 89ms
 ✓ src/services/navigationPermissions.test.ts (7 tests) 16ms
 ✓ src/pages/members/MemberProfile.test.tsx (26 tests) 228ms
 ✓ src/pages/applications/CompletenessWorkbench.test.tsx (5 tests) 90ms
 ✓ src/pages/appraisal/AppraisalWorkbench.test.tsx (22 tests) 203ms
 ✓ src/services/tracerApi.test.ts (2 tests) 7ms
 ✓ src/pages/Dashboard.test.tsx (13 tests) 41ms
 ✓ src/pages/notifications/NotificationsCenter.test.tsx (6 tests) 41ms
 ✓ src/pages/members/MemberDirectory.test.tsx (5 tests) 60ms
 ✓ src/pages/applications/ApplicationList.test.tsx (2 tests) 35ms
 ✓ src/pages/borrower/portal/PortalMemberViews.test.tsx (4 tests) 64ms
 ✓ src/utils/applicationDisplay.test.ts (5 tests) 2ms
 ✓ src/contexts/RoleContext.test.tsx (2 tests) 9ms
 ✓ src/pages/applications/NomineeSelectionViews.test.tsx (3 tests) 15ms
 ✓ src/pages/profile/MyProfile.test.tsx (1 test) 13ms
 ✓ src/pages/borrower/portal/applications/MP05_NewApplication.test.tsx (2 tests) 2ms
 ✓ src/pages/borrower/portal/auth/MP00_Login.test.tsx (2 tests) 15ms
 ✓ src/pages/sanction/SanctionWorkbench.test.tsx (2 tests) 10ms
 ✓ src/pages/members/MemberProfile.container.test.tsx (4 tests) 329ms
 ✓ src/services/demoAuthFlag.test.tsx (3 tests) 2549ms
   ✓ VITE_ENABLE_DEMO_AUTH real App/RoleProvider boundary (005FA4) > fails closed when the flag is unset  2177ms
 ✓ src/pages/applications/WitnessPanel.container.test.tsx (10 tests) 1089ms
   ✓ mounted witness resource actions > captures with the exact body and refetches the canonical collection once  335ms
 ✓ src/pages/appraisal/AppraisalWorkbench.container.test.tsx (14 tests) 1382ms
 ✓ src/pages/members/MemberGovernanceForm.test.tsx (4 tests) 1730ms
   ✓ MemberGovernanceForm > submits the institution create variant without individual identity/profile fields  1008ms
   ✓ MemberGovernanceForm > submits every individual registration profile field  635ms
 ✓ src/pages/members/MemberGovernanceForm.container.test.tsx (13 tests) 3903ms
   ✓ MemberGovernanceForm production container > submits the complete individual_farmer body through the shared HTTP transport  1741ms
   ✓ MemberGovernanceForm production container > submits the complete fpc body through the shared HTTP transport  851ms
   ✓ MemberGovernanceForm production container > submits the complete producer_institution body through the shared HTTP transport  859ms

 Test Files  29 passed (29)
      Tests  199 passed (199)
   Start at  21:27:07
   Duration  6.93s (transform 3.51s, setup 0ms, collect 6.91s, tests 12.06s, environment 2.22s, prepare 1.94s)

