
> sfpcl-lms@1.0.0 test
> vitest run --run src/pages/members/MemberGovernanceForm.container.test.tsx

[33mThe CJS build of Vite's Node API is deprecated. See https://vite.dev/guide/troubleshooting.html#vite-cjs-node-api-deprecated for more details.[39m

 RUN  v3.2.6 /Users/amitkallapa/LMS/.ralph/worktrees/2026-07-12_211948_normal_run/sfpcl-lms

 ❯ src/pages/members/MemberGovernanceForm.container.test.tsx (1 test | 1 failed) 1160ms
   × MemberGovernanceForm production container > renders the backend stale-conflict reason verbatim after one PATCH and no refetch 1159ms
     → Unable to find an element with the text: Version 7 is stale; current member version is 8.. This could be because the text is broken up by multiple elements. In this case, you can provide a function for your text matcher to make your matcher more flexible.

Ignored nodes: comments, script, style
[36m<body>[39m
  [36m<div>[39m
    [36m<form[39m
      [33mclass[39m=[32m"card space-y-4"[39m
    [36m>[39m
      [36m<div[39m
        [33mclass[39m=[32m"flex items-center justify-between"[39m
      [36m>[39m
        [36m<h3[39m
          [33mclass[39m=[32m"font-semibold text-slate-800"[39m
        [36m>[39m
          [0mEdit Member[0m
        [36m</h3>[39m
      [36m</div>[39m
      [36m<div[39m
        [33mclass[39m=[32m"rounded-lg border px-4 py-3 bg-amber-50 border-amber-200"[39m
      [36m>[39m
        [36m<div[39m
          [33mclass[39m=[32m"flex items-start gap-2.5"[39m
        [36m>[39m
          [36m<svg[39m
            [33maria-hidden[39m=[32m"true"[39m
            [33mclass[39m=[32m"lucide lucide-triangle-alert text-amber-600 flex-shrink-0 mt-0.5"[39m
            [33mfill[39m=[32m"none"[39m
            [33mheight[39m=[32m"16"[39m
            [33mstroke[39m=[32m"currentColor"[39m
            [33mstroke-linecap[39m=[32m"round"[39m
            [33mstroke-linejoin[39m=[32m"round"[39m
            [33mstroke-width[39m=[32m"2"[39m
            [33mviewBox[39m=[32m"0 0 24 24"[39m
            [33mwidth[39m=[32m"16"[39m
            [33mxmlns[39m=[32m"http://www.w3.org/2000/svg"[39m
          [36m>[39m
            [36m<path[39m
              [33md[39m=[32m"m21.73 18-8-14a2 2 0 0 0-3.48 0l-8 14A2 2 0 0 0 4 21h16a2 2 0 0 0 1.73-3"[39m
            [36m/>[39m
            [36m<path[39m
              [33md[39m=[32m"M12 9v4"[39m
            [36m/>[39m
            [36m<path[39m
              [33md[39m=[32m"M12 17h.01"[39m
            [36m/>[39m
          [36m</svg>[39m
          [36m<div[39m
            [33mclass[39m=[32m"flex-1 min-w-0"[39m
          [36m>[39m
            [36m<p[39m
              [33mclass[39m=[32m"text-sm font-semibold text-amber-900"[39m
            [36m>[39m
              [0mMember could not be saved[0m
            [36m</p>[39m
            [36m<p[39m
              [33mclass[39m=[32m"text-sm mt-0.5 text-amber-700"[39m
            [36m>[39m
              [0mMember changed on the server. Refresh and retry.[0m
            [36m</p>[39m
          [36m</div>[39m
        [36m</div>[39m
      [36m</div>[39m
      [36m<div[39m
        [33mclass[39m=[32m"grid grid-cols-1 md:grid-cols-2 gap-3"[39m
      [36m>[39m
        [36m<label[39m
          [33mclass[39m=[32m"space-y-1 text-sm"[39m
        [36m>[39m
          [36m<span[39m
            [33mclass[39m=[32m"text-slate-600"[39m
          [36m>[39m
            [0mLegal Name[0m
          [36m</span>[39m
          [36m<input[39m
            [33maria-label[39m=[32m"Legal Name"[39m
            [33mclass[39m=[32m"field-input"[39m
            [33mtype[39m=[32m"text"[39m
            [33mvalue[39m=[32m"Synthetic Member"[39m
          [36m/>[39m
        [36m</label>[39m
        [36m<label[39m
          [33mclass[39m=[32m"space-y-1 text-sm"[39m
        [36m>[39m
          [36m<span[39m
            [33mclass[39m=[32m"text-slate-600"[39m
          [36m>[39m
            [0mDisplay Name[0m
          [36m</span>[39m
          [36m<input[39m
            [33maria-label[39m=[32m"Display Name"[39m
            [33mclass[39m=[32m"field-input"[39m
            [33mtype[39m=[32m"text"[39m
            [33mvalue[39m=[32m"Changed display"[39m
          [36m/>[39m
        [36m</label>[39m
        [36m<label[39m
          [33mclass[39m=[32m"space-y-1 text-sm"[39m
        [36m>[39m
          [36m<span[39m
            [33mclass[39m=[32m"text-slate-600"[39m
          [36m>[39m
            [0mMembership Start Date[0m
          [36m</span>[39m
          [36m<input[39m
            [33maria-label[39m=[32m"Membership Start Date"[39m
            [33mclass[39m=[32m"field-input"[39m
            [33mtype[39m=[32m"date"[39m
            [33mvalue[39m=[32m"2026-01-01"[39m
          [36m/>[39m
        [36m</label>[39m
        [36m<label[39m
          [33mclass[39m=[32m"space-y-1 text-sm"[39m
        [36m>[39m
          [36m<span[39m
            [33mclass[39m=[32m"text-slate-600"[39m
          [36m>[39m
            [0mMobile Number[0m
          [36m</span>[39m
          [36m<input[39m
            [33maria-label[39m=[32m"Mobile Number"[39m
            [33mclass[39m=[32m"field-input"[39m
            [33mtype[39m=[32m"text"[39m
            [33mvalue[39m=[32m"+919876543210"[39m
          [36m/>[39m
        [36m</label>[39m
        [36m<label[39m
          [33mclass[39m=[32m"space-y-1 text-sm"[39m
        [36m>[39m
          [36m<span[39m
            [33mclass[39m=[32m"text-slate-600"[39m
          [36m>[39m
            [0mEmail[0m
          [36m</span>[39m
          [36m<input[39m
            [33maria-label[39m=[32m"Email"[39m
            [33mclass[39m=[32m"field-input"[39m
            [33mtype[39m=[32m"email"[39m
            [33mvalue[39m=[32m"member@example.test"[39m
          [36m/>[39m
        [36m</label>[39m
        [36m<label[39m
          [33mclass[39m=[32m"space-y-1 text-sm"[39m
        [36m>[39m
          [36m<span[39m
            [33mclass[39m=[32m"text-slate-600"[39m
          [36m>[39m
            [0mAddress Line 1[0m
          [36m</span>[39m
          [36m<input[39m
            [33maria-label[39m=[32m"Address Line 1"[39m
            [33mclass[39m=[32m"field-input"[39m
            [33mtype[39m=[32m"text"[39m
            [33mvalue[39m=[32m"Line 1"[39m
          [36m/>[39m
        [36m</label>[39m
        [36m<label[39m
          [33mclass[39m=[32m"space-y-1 text-sm"[39m
        [36m>[39m
          [36m<span[39m
            [33mclass[39m=[32m"text-slate-600"[39m
          [36m>[39m
            [0mAddress Line 2[0m
          [36m</span>[39m
          [36m<input[39m
            [33maria-label[39m=[32m"Address Line 2"[39m
            [33mclass[39m=[32m"field-input"[39m
            [33mtype[39m=[32m"text"[39m
            [33mvalue[39m=[32m"Line 2"[39m
          [36m/>[39m
        [36m</label>[39m
        [36m<label[39m
          [33mclass[39m=[32m"space-y-1 text-sm"[39m
        [36m>[39m
          [36m<span[39m
            [33mclass[39m=[32m"text-slate-600"[39m
          [36m>[39m
            [0mVillage / City[0m
          [36m</span>[39m
          [36m<input[39m
            [33maria-label[39m=[32m"Village / City"[39m
            [33mclass[39m=[32m"field-input"[39m
            [33mtype[39m=[32m"text"[39m
            [33mvalue[39m=[32m"Nashik"[39m
          [36m/>[39m
        [36m</label>[39m
        [36m<label[39m
          [33mclass[39m=[32m"space-y-1 text-sm"[39m
        [36m>[39m
          [36m<span[39m
            [33mclass[39m=[32m"text-slate-600"[39m
          [36m>[39m
            [0mDistrict[0m
          [36m</span>[39m
          [36m<input[39m
            [33maria-label[39m=[32m"District"[39m
            [33mclass[39m=[32m"field-input"[39m
            [33mtype[39m=[32m"text"[39m
            [33mvalue[39m=[32m"Nashik"[39m
          [36m/>[39m
        [36m</label>[39m
        [36m<label[39m
          [33mclass[39m=[32m"space-y-1 text-sm"[39m
        [36m>[39m
          [36m<span[39m
            [33mclass[39m=[32m"text-slate-600"[39m
          [36m>[39m
            [0mState[0m
          [36m</span>[39m
          [36m<input[39m
            [33maria-label[39m=[32m"State"[39m
            [33mclass[39m=[32m"field-input"[39m
            [33mtype[39m=[32m"text"[39m
            [33mvalue[39m=[32m"Maharashtra"[39m
          [36m/>[39m
        [36m</label>[39m
        [36m<label[39m
          [33mclass[39m=[32m"space-y-1 text-sm"[39m
        [36m>[39m
          [36m<span[39m
            [33mclass[39m=[32m"text-slate-600"[39m
          [36m>[39m
            [0mPincode[0m
          [36m</span>[39m
          [36m<input[39m
            [33maria-label[39m=[32m"Pincode"[39m
            [33mclass[39m=[32m"field-input"[39m
            [33mtype[39m=[32m"text"[39m
            [33mvalue[39m=[32m"422001"[39m
          [36m/>[39m
        [36m</label>[39m
      [36m</div>[39m
      [36m<div[39m
        [33mclass[39m=[32m"grid grid-cols-1 md:grid-cols-2 gap-3"[39m
      [36m>[39m
        [36m<label[39m
          [33mclass[39m=[32m"space-y-1 text-sm"[39m
        [36m>[39m
          [36m<span[39m
            [33mclass[39m=[32m"text-slate-600"[39m
          [36m>[39m
            [0mPAN[0m
          [36m</span>[39m
          [36m<input[39m
            [33maria-label[39m=[32m"PAN"[39m
            [33mclass[39m=[32m"field-input"[39m
            [33mtype[39m=[32m"text"[39m
            [33mvalue[39m=[32m""[39m
          [36m/>[39m
        [36m</label>[39m
        [36m<label[39m
          [33mclass[39m=[32m"space-y-1 text-sm"[39m
        [36m>[39m
          [36m<span[39m
            [33mclass[39m=[32m"text-slate-600"[39m
          [36m>[39m
            [0mAadhaar[0m
          [36m</span>[39m
          [36m<input[39m
            [33maria-label[39m=[32m"Aadhaar"[39m
            [33mclass[39m=[32m"field-input"[39m
            [33mtype[39m=[32m"text"[39m
            [33mvalue[39m=[32m""[39m
          [36m/>[39m
        [36m</label>[39m
      [36m</div>[39m
      [36m<button[39m
        [33mclass[39m=[32m"btn-primary text-sm"[39m
      [36m>[39m
        [0mSave member[0m
      [36m</button>[39m
    [36m</form>[39m
  [36m</div>[39m
[36m</body>[39m

Ignored nodes: comments, script, style
[36m<body>[39m
  [36m<div>[39m
    [36m<form[39m
      [33mclass[39m=[32m"card space-y-4"[39m
    [36m>[39m
      [36m<div[39m
        [33mclass[39m=[32m"flex items-center justify-between"[39m
      [36m>[39m
        [36m<h3[39m
          [33mclass[39m=[32m"font-semibold text-slate-800"[39m
        [36m>[39m
          [0mEdit Member[0m
        [36m</h3>[39m
      [36m</div>[39m
      [36m<div[39m
        [33mclass[39m=[32m"rounded-lg border px-4 py-3 bg-amber-50 border-amber-200"[39m
      [36m>[39m
        [36m<div[39m
          [33mclass[39m=[32m"flex items-start gap-2.5"[39m
        [36m>[39m
          [36m<svg[39m
            [33maria-hidden[39m=[32m"true"[39m
            [33mclass[39m=[32m"lucide lucide-triangle-alert text-amber-600 flex-shrink-0 mt-0.5"[39m
            [33mfill[39m=[32m"none"[39m
            [33mheight[39m=[32m"16"[39m
            [33mstroke[39m=[32m"currentColor"[39m
            [33mstroke-linecap[39m=[32m"round"[39m
            [33mstroke-linejoin[39m=[32m"round"[39m
            [33mstroke-width[39m=[32m"2"[39m
            [33mviewBox[39m=[32m"0 0 24 24"[39m
            [33mwidth[39m=[32m"16"[39m
            [33mxmlns[39m=[32m"http://www.w3.org/2000/svg"[39m
          [36m>[39m
            [36m<path[39m
              [33md[39m=[32m"m21.73 18-8-14a2 2 0 0 0-3.48 0l-8 14A2 2 0 0 0 4 21h16a2 2 0 0 0 1.73-3"[39m
            [36m/>[39m
            [36m<path[39m
              [33md[39m=[32m"M12 9v4"[39m
            [36m/>[39m
            [36m<path[39m
              [33md[39m=[32m"M12 17h.01"[39m
            [36m/>[39m
          [36m</svg>[39m
          [36m<div[39m
            [33mclass[39m=[32m"flex-1 min-w-0"[39m
          [36m>[39m
            [36m<p[39m
              [33mclass[39m=[32m"text-sm font-semibold text-amber-900"[39m
            [36m>[39m
              [0mMember could not be saved[0m
            [36m</p>[39m
            [36m<p[39m
              [33mclass[39m=[32m"text-sm mt-0.5 text-amber-700"[39m
            [36m>[39m
              [0mMember changed on the server. Refresh and retry.[0m
            [36m</p>[39m
          [36m</div>[39m
        [36m</div>[39m
      [36m</div>[39m
      [36m<div[39m
        [33mclass[39m=[32m"grid grid-cols-1 md:grid-cols-2 gap-3"[39m
      [36m>[39m
        [36m<label[39m
          [33mclass[39m=[32m"space-y-1 text-sm"[39m
        [36m>[39m
          [36m<span[39m
            [33mclass[39m=[32m"text-slate-600"[39m
          [36m>[39m
            [0mLegal Name[0m
          [36m</span>[39m
          [36m<input[39m
            [33maria-label[39m=[32m"Legal Name"[39m
            [33mclass[39m=[32m"field-input"[39m
            [33mtype[39m=[32m"text"[39m
            [33mvalue[39m=[32m"Synthetic Member"[39m
          [36m/>[39m
        [36m</label>[39m
        [36m<label[39m
          [33mclass[39m=[32m"space-y-1 text-sm"[39m
        [36m>[39m
          [36m<span[39m
            [33mclass[39m=[32m"text-slate-600"[39m
          [36m>[39m
            [0mDisplay Name[0m
          [36m</span>[39m
          [36m<input[39m
            [33maria-label[39m=[32m"Display Name"[39m
            [33mclass[39m=[32m"field-input"[39m
            [33mtype[39m=[32m"text"[39m
            [33mvalue[39m=[32m"Changed display"[39m
          [36m/>[39m
        [36m</label>[39m
        [36m<label[39m
          [33mclass[39m=[32m"space-y-1 text-sm"[39m
        [36m>[39m
          [36m<span[39m
            [33mclass[39m=[32m"text-slate-600"[39m
          [36m>[39m
            [0mMembership Start Date[0m
          [36m</span>[39m
          [36m<input[39m
            [33maria-label[39m=[32m"Membership Start Date"[39m
            [33mclass[39m=[32m"field-input"[39m
            [33mtype[39m=[32m"date"[39m
            [33mvalue[39m=[32m"2026-01-01"[39m
          [36m/>[39m
        [36m</label>[39m
        [36m<label[39m
          [33mclass[39m=[32m"space-y-1 text-sm"[39m
        [36m>[39m
          [36m<span[39m
            [33mclass[39m=[32m"text-slate-600"[39m
          [36m>[39m
            [0mMobile Number[0m
          [36m</span>[39m
          [36m<input[39m
            [33maria-label[39m=[32m"Mobile Number"[39m
            [33mclass[39m=[32m"field-input"[39m
            [33mtype[39m=[32m"text"[39m
            [33mvalue[39m=[32m"+919876543210"[39m
          [36m/>[39m
        [36m</label>[39m
        [36m<label[39m
          [33mclass[39m=[32m"space-y-1 text-sm"[39m
        [36m>[39m
          [36m<span[39m
            [33mclass[39m=[32m"text-slate-600"[39m
          [36m>[39m
            [0mEmail[0m
          [36m</span>[39m
          [36m<input[39m
            [33maria-label[39m=[32m"Email"[39m
            [33mclass[39m=[32m"field-input"[39m
            [33mtype[39m=[32m"email"[39m
            [33mvalue[39m=[32m"member@example.test"[39m
          [36m/>[39m
        [36m</label>[39m
        [36m<label[39m
          [33mclass[39m=[32m"space-y-1 text-sm"[39m
        [36m>[39m
          [36m<span[39m
            [33mclass[39m=[32m"text-slate-600"[39m
          [36m>[39m
            [0mAddress Line 1[0m
          [36m</span>[39m
          [36m<input[39m
            [33maria-label[39m=[32m"Address Line 1"[39m
            [33mclass[39m=[32m"field-input"[39m
            [33mtype[39m=[32m"text"[39m
            [33mvalue[39m=[32m"Line 1"[39m
          [36m/>[39m
        [36m</label>[39m
        [36m<label[39m
          [33mclass[39m=[32m"space-y-1 text-sm"[39m
        [36m>[39m
          [36m<span[39m
            [33mclass[39m=[32m"text-slate-600"[39m
          [36m>[39m
            [0mAddress Line 2[0m
          [36m</span>[39m
          [36m<input[39m
            [33maria-label[39m=[32m"Address Line 2"[39m
            [33mclass[39m=[32m"field-input"[39m
            [33mtype[39m=[32m"text"[39m
            [33mvalue[39m=[32m"Line 2"[39m
          [36m/>[39m
        [36m</label>[39m
        [36m<label[39m
          [33mclass[39m=[32m"space-y-1 text-sm"[39m
        [36m>[39m
          [36m<span[39m
            [33mclass[39m=[32m"text-slate-600"[39m
          [36m>[39m
            [0mVillage / City[0m
          [36m</span>[39m
          [36m<input[39m
            [33maria-label[39m=[32m"Village / City"[39m
            [33mclass[39m=[32m"field-input"[39m
            [33mtype[39m=[32m"text"[39m
            [33mvalue[39m=[32m"Nashik"[39m
          [36m/>[39m
        [36m</label>[39m
        [36m<label[39m
          [33mclass[39m=[32m"space-y-1 text-sm"[39m
        [36m>[39m
          [36m<span[39m
            [33mclass[39m=[32m"text-slate-600"[39m
          [36m>[39m
            [0mDistrict[0m
          [36m</span>[39m
          [36m<input[39m
            [33maria-label[39m=[32m"District"[39m
            [33mclass[39m=[32m"field-input"[39m
            [33mtype[39m=[32m"text"[39m
            [33mvalue[39m=[32m"Nashik"[39m
          [36m/>[39m
        [36m</label>[39m
        [36m<label[39m
          [33mclass[39m=[32m"space-y-1 text-sm"[39m
        [36m>[39m
          [36m<span[39m
            [33mclass[39m=[32m"text-slate-600"[39m
          [36m>[39m
            [0mState[0m
          [36m</span>[39m
          [36m<input[39m
            [33maria-label[39m=[32m"State"[39m
            [33mclass[39m=[32m"field-input"[39m
            [33mtype[39m=[32m"text"[39m
            [33mvalue[39m=[32m"Maharashtra"[39m
          [36m/>[39m
        [36m</label>[39m
        [36m<label[39m
          [33mclass[39m=[32m"space-y-1 text-sm"[39m
        [36m>[39m
          [36m<span[39m
            [33mclass[39m=[32m"text-slate-600"[39m
          [36m>[39m
            [0mPincode[0m
          [36m</span>[39m
          [36m<input[39m
            [33maria-label[39m=[32m"Pincode"[39m
            [33mclass[39m=[32m"field-input"[39m
            [33mtype[39m=[32m"text"[39m
            [33mvalue[39m=[32m"422001"[39m
          [36m/>[39m
        [36m</label>[39m
      [36m</div>[39m
      [36m<div[39m
        [33mclass[39m=[32m"grid grid-cols-1 md:grid-cols-2 gap-3"[39m
      [36m>[39m
        [36m<label[39m
          [33mclass[39m=[32m"space-y-1 text-sm"[39m
        [36m>[39m
          [36m<span[39m
            [33mclass[39m=[32m"text-slate-600"[39m
          [36m>[39m
            [0mPAN[0m
          [36m</span>[39m
          [36m<input[39m
            [33maria-label[39m=[32m"PAN"[39m
            [33mclass[39m=[32m"field-input"[39m
            [33mtype[39m=[32m"text"[39m
            [33mvalue[39m=[32m""[39m
          [36m/>[39m
        [36m</label>[39m
        [36m<label[39m
          [33mclass[39m=[32m"space-y-1 text-sm"[39m
        [36m>[39m
          [36m<span[39m
            [33mclass[39m=[32m"text-slate-600"[39m
          [36m>[39m
            [0mAadhaar[0m
          [36m</span>[39m
          [36m<input[39m
            [33maria-label[39m=[32m"Aadhaar"[39m
            [33mclass[39m=[32m"field-input"[39m
            [33mtype[39m=[32m"text"[39m
            [33mvalue[39m=[32m""[39m
          [36m/>[39m
        [36m</label>[39m
      [36m</div>[39m
      [36m<button[39m
        [33mclass[39m=[32m"btn-primary text-sm"[39m
      [36m>[39m
        [0mSave member[0m
      [36m</button>[39m
    [36m</form>[39m
  [36m</div>[39m
[36m</body>[39m

⎯⎯⎯⎯⎯⎯⎯ Failed Tests 1 ⎯⎯⎯⎯⎯⎯⎯

 FAIL  src/pages/members/MemberGovernanceForm.container.test.tsx > MemberGovernanceForm production container > renders the backend stale-conflict reason verbatim after one PATCH and no refetch
TestingLibraryElementError: Unable to find an element with the text: Version 7 is stale; current member version is 8.. This could be because the text is broken up by multiple elements. In this case, you can provide a function for your text matcher to make your matcher more flexible.

Ignored nodes: comments, script, style
[36m<body>[39m
  [36m<div>[39m
    [36m<form[39m
      [33mclass[39m=[32m"card space-y-4"[39m
    [36m>[39m
      [36m<div[39m
        [33mclass[39m=[32m"flex items-center justify-between"[39m
      [36m>[39m
        [36m<h3[39m
          [33mclass[39m=[32m"font-semibold text-slate-800"[39m
        [36m>[39m
          [0mEdit Member[0m
        [36m</h3>[39m
      [36m</div>[39m
      [36m<div[39m
        [33mclass[39m=[32m"rounded-lg border px-4 py-3 bg-amber-50 border-amber-200"[39m
      [36m>[39m
        [36m<div[39m
          [33mclass[39m=[32m"flex items-start gap-2.5"[39m
        [36m>[39m
          [36m<svg[39m
            [33maria-hidden[39m=[32m"true"[39m
            [33mclass[39m=[32m"lucide lucide-triangle-alert text-amber-600 flex-shrink-0 mt-0.5"[39m
            [33mfill[39m=[32m"none"[39m
            [33mheight[39m=[32m"16"[39m
            [33mstroke[39m=[32m"currentColor"[39m
            [33mstroke-linecap[39m=[32m"round"[39m
            [33mstroke-linejoin[39m=[32m"round"[39m
            [33mstroke-width[39m=[32m"2"[39m
            [33mviewBox[39m=[32m"0 0 24 24"[39m
            [33mwidth[39m=[32m"16"[39m
            [33mxmlns[39m=[32m"http://www.w3.org/2000/svg"[39m
          [36m>[39m
            [36m<path[39m
              [33md[39m=[32m"m21.73 18-8-14a2 2 0 0 0-3.48 0l-8 14A2 2 0 0 0 4 21h16a2 2 0 0 0 1.73-3"[39m
            [36m/>[39m
            [36m<path[39m
              [33md[39m=[32m"M12 9v4"[39m
            [36m/>[39m
            [36m<path[39m
              [33md[39m=[32m"M12 17h.01"[39m
            [36m/>[39m
          [36m</svg>[39m
          [36m<div[39m
            [33mclass[39m=[32m"flex-1 min-w-0"[39m
          [36m>[39m
            [36m<p[39m
              [33mclass[39m=[32m"text-sm font-semibold text-amber-900"[39m
            [36m>[39m
              [0mMember could not be saved[0m
            [36m</p>[39m
            [36m<p[39m
              [33mclass[39m=[32m"text-sm mt-0.5 text-amber-700"[39m
            [36m>[39m
              [0mMember changed on the server. Refresh and retry.[0m
            [36m</p>[39m
          [36m</div>[39m
        [36m</div>[39m
      [36m</div>[39m
      [36m<div[39m
        [33mclass[39m=[32m"grid grid-cols-1 md:grid-cols-2 gap-3"[39m
      [36m>[39m
        [36m<label[39m
          [33mclass[39m=[32m"space-y-1 text-sm"[39m
        [36m>[39m
          [36m<span[39m
            [33mclass[39m=[32m"text-slate-600"[39m
          [36m>[39m
            [0mLegal Name[0m
          [36m</span>[39m
          [36m<input[39m
            [33maria-label[39m=[32m"Legal Name"[39m
            [33mclass[39m=[32m"field-input"[39m
            [33mtype[39m=[32m"text"[39m
            [33mvalue[39m=[32m"Synthetic Member"[39m
          [36m/>[39m
        [36m</label>[39m
        [36m<label[39m
          [33mclass[39m=[32m"space-y-1 text-sm"[39m
        [36m>[39m
          [36m<span[39m
            [33mclass[39m=[32m"text-slate-600"[39m
          [36m>[39m
            [0mDisplay Name[0m
          [36m</span>[39m
          [36m<input[39m
            [33maria-label[39m=[32m"Display Name"[39m
            [33mclass[39m=[32m"field-input"[39m
            [33mtype[39m=[32m"text"[39m
            [33mvalue[39m=[32m"Changed display"[39m
          [36m/>[39m
        [36m</label>[39m
        [36m<label[39m
          [33mclass[39m=[32m"space-y-1 text-sm"[39m
        [36m>[39m
          [36m<span[39m
            [33mclass[39m=[32m"text-slate-600"[39m
          [36m>[39m
            [0mMembership Start Date[0m
          [36m</span>[39m
          [36m<input[39m
            [33maria-label[39m=[32m"Membership Start Date"[39m
            [33mclass[39m=[32m"field-input"[39m
            [33mtype[39m=[32m"date"[39m
            [33mvalue[39m=[32m"2026-01-01"[39m
          [36m/>[39m
        [36m</label>[39m
        [36m<label[39m
          [33mclass[39m=[32m"space-y-1 text-sm"[39m
        [36m>[39m
          [36m<span[39m
            [33mclass[39m=[32m"text-slate-600"[39m
          [36m>[39m
            [0mMobile Number[0m
          [36m</span>[39m
          [36m<input[39m
            [33maria-label[39m=[32m"Mobile Number"[39m
            [33mclass[39m=[32m"field-input"[39m
            [33mtype[39m=[32m"text"[39m
            [33mvalue[39m=[32m"+919876543210"[39m
          [36m/>[39m
        [36m</label>[39m
        [36m<label[39m
          [33mclass[39m=[32m"space-y-1 text-sm"[39m
        [36m>[39m
          [36m<span[39m
            [33mclass[39m=[32m"text-slate-600"[39m
          [36m>[39m
            [0mEmail[0m
          [36m</span>[39m
          [36m<input[39m
            [33maria-label[39m=[32m"Email"[39m
            [33mclass[39m=[32m"field-input"[39m
            [33mtype[39m=[32m"email"[39m
            [33mvalue[39m=[32m"member@example.test"[39m
          [36m/>[39m
        [36m</label>[39m
        [36m<label[39m
          [33mclass[39m=[32m"space-y-1 text-sm"[39m
        [36m>[39m
          [36m<span[39m
            [33mclass[39m=[32m"text-slate-600"[39m
          [36m>[39m
            [0mAddress Line 1[0m
          [36m</span>[39m
          [36m<input[39m
            [33maria-label[39m=[32m"Address Line 1"[39m
            [33mclass[39m=[32m"field-input"[39m
            [33mtype[39m=[32m"text"[39m
            [33mvalue[39m=[32m"Line 1"[39m
          [36m/>[39m
        [36m</label>[39m
        [36m<label[39m
          [33mclass[39m=[32m"space-y-1 text-sm"[39m
        [36m>[39m
          [36m<span[39m
            [33mclass[39m=[32m"text-slate-600"[39m
          [36m>[39m
            [0mAddress Line 2[0m
          [36m</span>[39m
          [36m<input[39m
            [33maria-label[39m=[32m"Address Line 2"[39m
            [33mclass[39m=[32m"field-input"[39m
            [33mtype[39m=[32m"text"[39m
            [33mvalue[39m=[32m"Line 2"[39m
          [36m/>[39m
        [36m</label>[39m
        [36m<label[39m
          [33mclass[39m=[32m"space-y-1 text-sm"[39m
        [36m>[39m
          [36m<span[39m
            [33mclass[39m=[32m"text-slate-600"[39m
          [36m>[39m
            [0mVillage / City[0m
          [36m</span>[39m
          [36m<input[39m
            [33maria-label[39m=[32m"Village / City"[39m
            [33mclass[39m=[32m"field-input"[39m
            [33mtype[39m=[32m"text"[39m
            [33mvalue[39m=[32m"Nashik"[39m
          [36m/>[39m
        [36m</label>[39m
        [36m<label[39m
          [33mclass[39m=[32m"space-y-1 text-sm"[39m
        [36m>[39m
          [36m<span[39m
            [33mclass[39m=[32m"text-slate-600"[39m
          [36m>[39m
            [0mDistrict[0m
          [36m</span>[39m
          [36m<input[39m
            [33maria-label[39m=[32m"District"[39m
            [33mclass[39m=[32m"field-input"[39m
            [33mtype[39m=[32m"text"[39m
            [33mvalue[39m=[32m"Nashik"[39m
          [36m/>[39m
        [36m</label>[39m
        [36m<label[39m
          [33mclass[39m=[32m"space-y-1 text-sm"[39m
        [36m>[39m
          [36m<span[39m
            [33mclass[39m=[32m"text-slate-600"[39m
          [36m>[39m
            [0mState[0m
          [36m</span>[39m
          [36m<input[39m
            [33maria-label[39m=[32m"State"[39m
            [33mclass[39m=[32m"field-input"[39m
            [33mtype[39m=[32m"text"[39m
            [33mvalue[39m=[32m"Maharashtra"[39m
          [36m/>[39m
        [36m</label>[39m
        [36m<label[39m
          [33mclass[39m=[32m"space-y-1 text-sm"[39m
        [36m>[39m
          [36m<span[39m
            [33mclass[39m=[32m"text-slate-600"[39m
          [36m>[39m
            [0mPincode[0m
          [36m</span>[39m
          [36m<input[39m
            [33maria-label[39m=[32m"Pincode"[39m
            [33mclass[39m=[32m"field-input"[39m
            [33mtype[39m=[32m"text"[39m
            [33mvalue[39m=[32m"422001"[39m
          [36m/>[39m
        [36m</label>[39m
      [36m</div>[39m
      [36m<div[39m
        [33mclass[39m=[32m"grid grid-cols-1 md:grid-cols-2 gap-3"[39m
      [36m>[39m
        [36m<label[39m
          [33mclass[39m=[32m"space-y-1 text-sm"[39m
        [36m>[39m
          [36m<span[39m
            [33mclass[39m=[32m"text-slate-600"[39m
          [36m>[39m
            [0mPAN[0m
          [36m</span>[39m
          [36m<input[39m
            [33maria-label[39m=[32m"PAN"[39m
            [33mclass[39m=[32m"field-input"[39m
            [33mtype[39m=[32m"text"[39m
            [33mvalue[39m=[32m""[39m
          [36m/>[39m
        [36m</label>[39m
        [36m<label[39m
          [33mclass[39m=[32m"space-y-1 text-sm"[39m
        [36m>[39m
          [36m<span[39m
            [33mclass[39m=[32m"text-slate-600"[39m
          [36m>[39m
            [0mAadhaar[0m
          [36m</span>[39m
          [36m<input[39m
            [33maria-label[39m=[32m"Aadhaar"[39m
            [33mclass[39m=[32m"field-input"[39m
            [33mtype[39m=[32m"text"[39m
            [33mvalue[39m=[32m""[39m
          [36m/>[39m
        [36m</label>[39m
      [36m</div>[39m
      [36m<button[39m
        [33mclass[39m=[32m"btn-primary text-sm"[39m
      [36m>[39m
        [0mSave member[0m
      [36m</button>[39m
    [36m</form>[39m
  [36m</div>[39m
[36m</body>[39m

Ignored nodes: comments, script, style
[36m<body>[39m
  [36m<div>[39m
    [36m<form[39m
      [33mclass[39m=[32m"card space-y-4"[39m
    [36m>[39m
      [36m<div[39m
        [33mclass[39m=[32m"flex items-center justify-between"[39m
      [36m>[39m
        [36m<h3[39m
          [33mclass[39m=[32m"font-semibold text-slate-800"[39m
        [36m>[39m
          [0mEdit Member[0m
        [36m</h3>[39m
      [36m</div>[39m
      [36m<div[39m
        [33mclass[39m=[32m"rounded-lg border px-4 py-3 bg-amber-50 border-amber-200"[39m
      [36m>[39m
        [36m<div[39m
          [33mclass[39m=[32m"flex items-start gap-2.5"[39m
        [36m>[39m
          [36m<svg[39m
            [33maria-hidden[39m=[32m"true"[39m
            [33mclass[39m=[32m"lucide lucide-triangle-alert text-amber-600 flex-shrink-0 mt-0.5"[39m
            [33mfill[39m=[32m"none"[39m
            [33mheight[39m=[32m"16"[39m
            [33mstroke[39m=[32m"currentColor"[39m
            [33mstroke-linecap[39m=[32m"round"[39m
            [33mstroke-linejoin[39m=[32m"round"[39m
            [33mstroke-width[39m=[32m"2"[39m
            [33mviewBox[39m=[32m"0 0 24 24"[39m
            [33mwidth[39m=[32m"16"[39m
            [33mxmlns[39m=[32m"http://www.w3.org/2000/svg"[39m
          [36m>[39m
            [36m<path[39m
              [33md[39m=[32m"m21.73 18-8-14a2 2 0 0 0-3.48 0l-8 14A2 2 0 0 0 4 21h16a2 2 0 0 0 1.73-3"[39m
            [36m/>[39m
            [36m<path[39m
              [33md[39m=[32m"M12 9v4"[39m
            [36m/>[39m
            [36m<path[39m
              [33md[39m=[32m"M12 17h.01"[39m
            [36m/>[39m
          [36m</svg>[39m
          [36m<div[39m
            [33mclass[39m=[32m"flex-1 min-w-0"[39m
          [36m>[39m
            [36m<p[39m
              [33mclass[39m=[32m"text-sm font-semibold text-amber-900"[39m
            [36m>[39m
              [0mMember could not be saved[0m
            [36m</p>[39m
            [36m<p[39m
              [33mclass[39m=[32m"text-sm mt-0.5 text-amber-700"[39m
            [36m>[39m
              [0mMember changed on the server. Refresh and retry.[0m
            [36m</p>[39m
          [36m</div>[39m
        [36m</div>[39m
      [36m</div>[39m
      [36m<div[39m
        [33mclass[39m=[32m"grid grid-cols-1 md:grid-cols-2 gap-3"[39m
      [36m>[39m
        [36m<label[39m
          [33mclass[39m=[32m"space-y-1 text-sm"[39m
        [36m>[39m
          [36m<span[39m
            [33mclass[39m=[32m"text-slate-600"[39m
          [36m>[39m
            [0mLegal Name[0m
          [36m</span>[39m
          [36m<input[39m
            [33maria-label[39m=[32m"Legal Name"[39m
            [33mclass[39m=[32m"field-input"[39m
            [33mtype[39m=[32m"text"[39m
            [33mvalue[39m=[32m"Synthetic Member"[39m
          [36m/>[39m
        [36m</label>[39m
        [36m<label[39m
          [33mclass[39m=[32m"space-y-1 text-sm"[39m
        [36m>[39m
          [36m<span[39m
            [33mclass[39m=[32m"text-slate-600"[39m
          [36m>[39m
            [0mDisplay Name[0m
          [36m</span>[39m
          [36m<input[39m
            [33maria-label[39m=[32m"Display Name"[39m
            [33mclass[39m=[32m"field-input"[39m
            [33mtype[39m=[32m"text"[39m
            [33mvalue[39m=[32m"Changed display"[39m
          [36m/>[39m
        [36m</label>[39m
        [36m<label[39m
          [33mclass[39m=[32m"space-y-1 text-sm"[39m
        [36m>[39m
          [36m<span[39m
            [33mclass[39m=[32m"text-slate-600"[39m
          [36m>[39m
            [0mMembership Start Date[0m
          [36m</span>[39m
          [36m<input[39m
            [33maria-label[39m=[32m"Membership Start Date"[39m
            [33mclass[39m=[32m"field-input"[39m
            [33mtype[39m=[32m"date"[39m
            [33mvalue[39m=[32m"2026-01-01"[39m
          [36m/>[39m
        [36m</label>[39m
        [36m<label[39m
          [33mclass[39m=[32m"space-y-1 text-sm"[39m
        [36m>[39m
          [36m<span[39m
            [33mclass[39m=[32m"text-slate-600"[39m
          [36m>[39m
            [0mMobile Number[0m
          [36m</span>[39m
          [36m<input[39m
            [33maria-label[39m=[32m"Mobile Number"[39m
            [33mclass[39m=[32m"field-input"[39m
            [33mtype[39m=[32m"text"[39m
            [33mvalue[39m=[32m"+919876543210"[39m
          [36m/>[39m
        [36m</label>[39m
        [36m<label[39m
          [33mclass[39m=[32m"space-y-1 text-sm"[39m
        [36m>[39m
          [36m<span[39m
            [33mclass[39m=[32m"text-slate-600"[39m
          [36m>[39m
            [0mEmail[0m
          [36m</span>[39m
          [36m<input[39m
            [33maria-label[39m=[32m"Email"[39m
            [33mclass[39m=[32m"field-input"[39m
            [33mtype[39m=[32m"email"[39m
            [33mvalue[39m=[32m"member@example.test"[39m
          [36m/>[39m
        [36m</label>[39m
        [36m<label[39m
          [33mclass[39m=[32m"space-y-1 text-sm"[39m
        [36m>[39m
          [36m<span[39m
            [33mclass[39m=[32m"text-slate-600"[39m
          [36m>[39m
            [0mAddress Line 1[0m
          [36m</span>[39m
          [36m<input[39m
            [33maria-label[39m=[32m"Address Line 1"[39m
            [33mclass[39m=[32m"field-input"[39m
            [33mtype[39m=[32m"text"[39m
            [33mvalue[39m=[32m"Line 1"[39m
          [36m/>[39m
        [36m</label>[39m
        [36m<label[39m
          [33mclass[39m=[32m"space-y-1 text-sm"[39m
        [36m>[39m
          [36m<span[39m
            [33mclass[39m=[32m"text-slate-600"[39m
          [36m>[39m
            [0mAddress Line 2[0m
          [36m</span>[39m
          [36m<input[39m
            [33maria-label[39m=[32m"Address Line 2"[39m
            [33mclass[39m=[32m"field-input"[39m
            [33mtype[39m=[32m"text"[39m
            [33mvalue[39m=[32m"Line 2"[39m
          [36m/>[39m
        [36m</label>[39m
        [36m<label[39m
          [33mclass[39m=[32m"space-y-1 text-sm"[39m
        [36m>[39m
          [36m<span[39m
            [33mclass[39m=[32m"text-slate-600"[39m
          [36m>[39m
            [0mVillage / City[0m
          [36m</span>[39m
          [36m<input[39m
            [33maria-label[39m=[32m"Village / City"[39m
            [33mclass[39m=[32m"field-input"[39m
            [33mtype[39m=[32m"text"[39m
            [33mvalue[39m=[32m"Nashik"[39m
          [36m/>[39m
        [36m</label>[39m
        [36m<label[39m
          [33mclass[39m=[32m"space-y-1 text-sm"[39m
        [36m>[39m
          [36m<span[39m
            [33mclass[39m=[32m"text-slate-600"[39m
          [36m>[39m
            [0mDistrict[0m
          [36m</span>[39m
          [36m<input[39m
            [33maria-label[39m=[32m"District"[39m
            [33mclass[39m=[32m"field-input"[39m
            [33mtype[39m=[32m"text"[39m
            [33mvalue[39m=[32m"Nashik"[39m
          [36m/>[39m
        [36m</label>[39m
        [36m<label[39m
          [33mclass[39m=[32m"space-y-1 text-sm"[39m
        [36m>[39m
          [36m<span[39m
            [33mclass[39m=[32m"text-slate-600"[39m
          [36m>[39m
            [0mState[0m
          [36m</span>[39m
          [36m<input[39m
            [33maria-label[39m=[32m"State"[39m
            [33mclass[39m=[32m"field-input"[39m
            [33mtype[39m=[32m"text"[39m
            [33mvalue[39m=[32m"Maharashtra"[39m
          [36m/>[39m
        [36m</label>[39m
        [36m<label[39m
          [33mclass[39m=[32m"space-y-1 text-sm"[39m
        [36m>[39m
          [36m<span[39m
            [33mclass[39m=[32m"text-slate-600"[39m
          [36m>[39m
            [0mPincode[0m
          [36m</span>[39m
          [36m<input[39m
            [33maria-label[39m=[32m"Pincode"[39m
            [33mclass[39m=[32m"field-input"[39m
            [33mtype[39m=[32m"text"[39m
            [33mvalue[39m=[32m"422001"[39m
          [36m/>[39m
        [36m</label>[39m
      [36m</div>[39m
      [36m<div[39m
        [33mclass[39m=[32m"grid grid-cols-1 md:grid-cols-2 gap-3"[39m
      [36m>[39m
        [36m<label[39m
          [33mclass[39m=[32m"space-y-1 text-sm"[39m
        [36m>[39m
          [36m<span[39m
            [33mclass[39m=[32m"text-slate-600"[39m
          [36m>[39m
            [0mPAN[0m
          [36m</span>[39m
          [36m<input[39m
            [33maria-label[39m=[32m"PAN"[39m
            [33mclass[39m=[32m"field-input"[39m
            [33mtype[39m=[32m"text"[39m
            [33mvalue[39m=[32m""[39m
          [36m/>[39m
        [36m</label>[39m
        [36m<label[39m
          [33mclass[39m=[32m"space-y-1 text-sm"[39m
        [36m>[39m
          [36m<span[39m
            [33mclass[39m=[32m"text-slate-600"[39m
          [36m>[39m
            [0mAadhaar[0m
          [36m</span>[39m
          [36m<input[39m
            [33maria-label[39m=[32m"Aadhaar"[39m
            [33mclass[39m=[32m"field-input"[39m
            [33mtype[39m=[32m"text"[39m
            [33mvalue[39m=[32m""[39m
          [36m/>[39m
        [36m</label>[39m
      [36m</div>[39m
      [36m<button[39m
        [33mclass[39m=[32m"btn-primary text-sm"[39m
      [36m>[39m
        [0mSave member[0m
      [36m</button>[39m
    [36m</form>[39m
  [36m</div>[39m
[36m</body>[39m
 ❯ waitForWrapper node_modules/@testing-library/dom/dist/wait-for.js:163:27
 ❯ node_modules/@testing-library/dom/dist/query-helpers.js:86:33
 ❯ src/pages/members/MemberGovernanceForm.container.test.tsx:37:25
     35|     await userEvent.click(screen.getByRole('button', { name: 'Save mem…
     36| 
     37|     expect(await screen.findByText('Version 7 is stale; current member…
       |                         ^
     38|     expect(fetchMock).toHaveBeenCalledTimes(1);
     39|     expect(fetchMock).toHaveBeenCalledWith(

⎯⎯⎯⎯⎯⎯⎯⎯⎯⎯⎯⎯⎯⎯⎯⎯⎯⎯⎯⎯⎯⎯⎯⎯[1/1]⎯


 Test Files  1 failed (1)
      Tests  1 failed (1)
   Start at  21:22:29
   Duration  1.98s (transform 108ms, setup 0ms, collect 262ms, tests 1.16s, environment 300ms, prepare 36ms)

