Creating test database for alias 'default'...
Found 1 test(s).
System check identified no issues (0 silenced).
EF
======================================================================
ERROR: test_missing_or_inaccessible_template_file_is_rejected_without_writes (sfpcl_credit.tests.test_document_templates_api.DocumentTemplateApiTests.test_missing_or_inaccessible_template_file_is_rejected_without_writes) (file_id=UUID('6c4b0da4-6614-4b10-97b6-463a359101e2'))
----------------------------------------------------------------------
Traceback (most recent call last):
  File "/Users/amitkallapa/LMS/.ralph/venv/lib/python3.11/site-packages/django/db/models/fields/related_descriptors.py", line 236, in __get__
    rel_obj = self.field.get_cached_value(instance)
              ^^^^^^^^^^^^^^^^^^^^^^^^^^^^^^^^^^^^^
  File "/Users/amitkallapa/LMS/.ralph/venv/lib/python3.11/site-packages/django/db/models/fields/mixins.py", line 15, in get_cached_value
    return instance._state.fields_cache[cache_name]
           ~~~~~~~~~~~~~~~~~~~~~~~~~~~~^^^^^^^^^^^^
KeyError: 'template_file'

During handling of the above exception, another exception occurred:

Traceback (most recent call last):
  File "/Users/amitkallapa/LMS/.ralph/worktrees/2026-07-14_055848_normal_run/sfpcl_credit/tests/test_document_templates_api.py", line 141, in test_missing_or_inaccessible_template_file_is_rejected_without_writes
    response = self.client.post(
               ^^^^^^^^^^^^^^^^^
  File "/Users/amitkallapa/LMS/.ralph/venv/lib/python3.11/site-packages/django/test/client.py", line 1070, in post
    response = super().post(
               ^^^^^^^^^^^^^
  File "/Users/amitkallapa/LMS/.ralph/venv/lib/python3.11/site-packages/django/test/client.py", line 490, in post
    return self.generic(
           ^^^^^^^^^^^^^
  File "/Users/amitkallapa/LMS/.ralph/venv/lib/python3.11/site-packages/django/test/client.py", line 617, in generic
    return self.request(**r)
           ^^^^^^^^^^^^^^^^^
  File "/Users/amitkallapa/LMS/.ralph/venv/lib/python3.11/site-packages/django/test/client.py", line 1013, in request
    self.check_exception(response)
  File "/Users/amitkallapa/LMS/.ralph/venv/lib/python3.11/site-packages/django/test/client.py", line 743, in check_exception
    raise exc_value
  File "/Users/amitkallapa/LMS/.ralph/venv/lib/python3.11/site-packages/django/core/handlers/exception.py", line 55, in inner
    response = get_response(request)
               ^^^^^^^^^^^^^^^^^^^^^
  File "/Users/amitkallapa/LMS/.ralph/venv/lib/python3.11/site-packages/django/core/handlers/base.py", line 197, in _get_response
    response = wrapped_callback(request, *callback_args, **callback_kwargs)
               ^^^^^^^^^^^^^^^^^^^^^^^^^^^^^^^^^^^^^^^^^^^^^^^^^^^^^^^^^^^^
  File "/Users/amitkallapa/LMS/.ralph/venv/lib/python3.11/site-packages/django/views/decorators/http.py", line 64, in inner
    return func(request, *args, **kwargs)
           ^^^^^^^^^^^^^^^^^^^^^^^^^^^^^^
  File "/Users/amitkallapa/LMS/.ralph/worktrees/2026-07-14_055848_normal_run/sfpcl_credit/documents/views.py", line 83, in document_template_collection
    data = document_templates.create(
           ^^^^^^^^^^^^^^^^^^^^^^^^^^
  File "/Users/amitkallapa/LMS/.ralph/worktrees/2026-07-14_055848_normal_run/sfpcl_credit/documents/modules/document_templates.py", line 90, in create
    _record_evidence(
  File "/Users/amitkallapa/LMS/.ralph/worktrees/2026-07-14_055848_normal_run/sfpcl_credit/documents/modules/document_templates.py", line 278, in _record_evidence
    **serialize(template),
      ^^^^^^^^^^^^^^^^^^^
  File "/Users/amitkallapa/LMS/.ralph/worktrees/2026-07-14_055848_normal_run/sfpcl_credit/documents/modules/document_templates.py", line 70, in serialize
    template.template_file.file_name if template.template_file_id else None
    ^^^^^^^^^^^^^^^^^^^^^^
  File "/Users/amitkallapa/LMS/.ralph/venv/lib/python3.11/site-packages/django/db/models/fields/related_descriptors.py", line 254, in __get__
    rel_obj = self.get_object(instance)
              ^^^^^^^^^^^^^^^^^^^^^^^^^
  File "/Users/amitkallapa/LMS/.ralph/venv/lib/python3.11/site-packages/django/db/models/fields/related_descriptors.py", line 217, in get_object
    return qs.get(self.field.get_reverse_related_filter(instance))
           ^^^^^^^^^^^^^^^^^^^^^^^^^^^^^^^^^^^^^^^^^^^^^^^^^^^^^^^
  File "/Users/amitkallapa/LMS/.ralph/venv/lib/python3.11/site-packages/django/db/models/query.py", line 649, in get
    raise self.model.DoesNotExist(
sfpcl_credit.documents.models.DocumentFile.DoesNotExist: DocumentFile matching query does not exist.

======================================================================
FAIL: test_missing_or_inaccessible_template_file_is_rejected_without_writes (sfpcl_credit.tests.test_document_templates_api.DocumentTemplateApiTests.test_missing_or_inaccessible_template_file_is_rejected_without_writes) (file_id=UUID('65e34677-fc34-487b-8404-cf9b48414299'))
----------------------------------------------------------------------
Traceback (most recent call last):
  File "/Users/amitkallapa/LMS/.ralph/worktrees/2026-07-14_055848_normal_run/sfpcl_credit/tests/test_document_templates_api.py", line 147, in test_missing_or_inaccessible_template_file_is_rejected_without_writes
    self.assertEqual(response.status_code, 400, response.content)
AssertionError: 200 != 400 : b'{"success": true, "data": {"document_template_id": "60a03101-8cab-4e36-835e-65111b17db8f", "template_code": "annexure_e_term_sheet_v1", "template_name": "Term Sheet", "document_type": "term_sheet", "borrower_type": "individual_farmer", "template_version": "1.0", "template_file_id": "65e34677-fc34-487b-8404-cf9b48414299", "template_file_name": "term-sheet.docx", "merge_fields": ["borrower_name", "loan_amount"], "approval_status": "approved", "effective_from": "2026-01-01", "effective_to": "2026-06-30", "created_at": "2026-07-14T00:35:43.096503Z"}, "meta": {"request_id": null, "timestamp": "2026-07-14T00:35:43.097169Z", "api_version": "v1"}}'

----------------------------------------------------------------------
Ran 1 test in 0.058s

FAILED (failures=1, errors=1)
Destroying test database for alias 'default'...
