Creating test database for alias 'default'...
Found 6 test(s).
System check identified no issues (0 silenced).
....E.
======================================================================
ERROR: test_replay_duplicate_client_money_and_missing_configuration_fail_closed (sfpcl_credit.tests.test_interest_accrual_api.MonthlyInterestAccrualApiTests.test_replay_duplicate_client_money_and_missing_configuration_fail_closed)
----------------------------------------------------------------------
Traceback (most recent call last):
  File "/Users/amitkallapa/LMS/.ralph/worktrees/2026-07-20_082615_normal_run/sfpcl_credit/tests/test_interest_accrual_api.py", line 162, in test_replay_duplicate_client_money_and_missing_configuration_fail_closed
    InterestInvoiceConfiguration.objects.all().delete()
  File "/Users/amitkallapa/LMS/.ralph/venv/lib/python3.11/site-packages/django/db/models/query.py", line 1187, in delete
    collector.collect(del_query)
  File "/Users/amitkallapa/LMS/.ralph/venv/lib/python3.11/site-packages/django/db/models/deletion.py", line 355, in collect
    raise ProtectedError(
django.db.models.deletion.ProtectedError: ("Cannot delete some instances of model 'InterestInvoiceConfiguration' because they are referenced through protected foreign keys: 'AccrualEntry.calculation_configuration'.", {<AccrualEntry: AccrualEntry object (7bdce93d-b623-4827-b188-3eed0f258f63)>})

----------------------------------------------------------------------
Ran 6 tests in 3.572s

FAILED (errors=1)
Destroying test database for alias 'default'...
EXIT_STATUS=1
