Creating test database for alias 'default' ('file:memorydb_default?mode=memory&cache=shared')...
Found 1 test(s).
Operations to perform:
  Synchronize unmigrated apps: corsheaders
  Apply all migrations: applications, approvals, communications, configurations, contenttypes, credit, documents, identity, members, scheduler, tracer, workflows
Synchronizing apps without migrations:
  Creating tables...
    Running deferred SQL...
Running migrations:
  Applying identity.0001_initial... OK
  Applying identity.0002_permission_rolepermission_and_more... OK
  Applying members.0001_initial... OK
  Applying members.0002_profile_shells... OK
  Applying members.0003_individual_profile_details... OK
  Applying members.0004_nominee... OK
  Applying members.0005_shareholding_and_more... OK
  Applying members.0006_landholding_cropplan_and_more... OK
  Applying documents.0001_initial... OK
  Applying members.0007_kycprofile_kycdocument_and_more... OK
  Applying members.0008_cancelledcheque_bankaccount_and_more... OK
  Applying identity.0003_portal_member_auth... OK
  Applying applications.0001_initial... OK
  Applying applications.0002_loanapplication_submitted_by_user... OK
  Applying applications.0003_systemsequence_loanrequestregisterentry... OK
  Applying applications.0004_applicationdocument_and_more... OK
  Applying applications.0005_application_deficiency... OK
  Applying applications.0006_rejection_note... OK
  Applying applications.0007_eligibilityassessment... OK
  Applying applications.0008_loanlimitassessment... OK
  Applying applications.0009_loan_limit_policy_snapshot... OK
  Applying applications.0010_loanapplication_nominee... OK
  Applying applications.0011_witness... OK
  Applying applications.0012_witness_verification_evidence... OK
  Applying tracer.0001_initial... OK
  Applying workflows.0001_canonical_workflow_event... OK
  Applying credit.0001_credit_assessment_model_ownership... OK
  Applying credit.0002_riskassessment_loanappraisalnote... OK
  Applying credit.0003_appraisal_prerequisite_snapshots... OK
  Applying credit.0004_appraisal_review_facts... OK
  Applying credit.0005_appraisalreviewdecision... OK
  Applying approvals.0001_initial... OK
  Applying approvals.0002_approvalcase_workflow_event... OK
  Applying communications.0001_initial... OK
  Applying communications.0002_communication... OK
  Applying communications.0003_notification... OK
  Applying configurations.0001_initial... OK
  Applying contenttypes.0001_initial... OK
  Applying contenttypes.0002_remove_content_type_name... OK
  Applying credit.0006_legacy_appraisal_history_remediation... OK
  Applying members.0009_member_identity_governance... OK
  Applying scheduler.0001_initial... OK
  Applying tracer.0002_remove_tracer_workflowevent_state... OK
System check identified no issues (0 silenced).
test_permission_denials_project_the_public_write_reason_without_success_evidence (sfpcl_credit.tests.test_credit_action_parity_matrix.CreditActionParityMatrixTests.test_permission_denials_project_the_public_write_reason_without_success_evidence) ... 
  test_permission_denials_project_the_public_write_reason_without_success_evidence (sfpcl_credit.tests.test_credit_action_parity_matrix.CreditActionParityMatrixTests.test_permission_denials_project_the_public_write_reason_without_success_evidence) (action_code='credit.appraisal.update') ... FAIL
  test_permission_denials_project_the_public_write_reason_without_success_evidence (sfpcl_credit.tests.test_credit_action_parity_matrix.CreditActionParityMatrixTests.test_permission_denials_project_the_public_write_reason_without_success_evidence) (action_code='revalidate_appraisal_prerequisites') ... FAIL
  test_permission_denials_project_the_public_write_reason_without_success_evidence (sfpcl_credit.tests.test_credit_action_parity_matrix.CreditActionParityMatrixTests.test_permission_denials_project_the_public_write_reason_without_success_evidence) (action_code='credit.appraisal.submit_review') ... FAIL
  test_permission_denials_project_the_public_write_reason_without_success_evidence (sfpcl_credit.tests.test_credit_action_parity_matrix.CreditActionParityMatrixTests.test_permission_denials_project_the_public_write_reason_without_success_evidence) (action_code='credit.appraisal.review') ... FAIL
  test_permission_denials_project_the_public_write_reason_without_success_evidence (sfpcl_credit.tests.test_credit_action_parity_matrix.CreditActionParityMatrixTests.test_permission_denials_project_the_public_write_reason_without_success_evidence) (action_code='credit.appraisal.submit_sanction') ... FAIL
test_permission_denials_project_the_public_write_reason_without_success_evidence (sfpcl_credit.tests.test_credit_action_parity_matrix.CreditActionParityMatrixTests.test_permission_denials_project_the_public_write_reason_without_success_evidence) ... FAIL

======================================================================
FAIL: test_permission_denials_project_the_public_write_reason_without_success_evidence (sfpcl_credit.tests.test_credit_action_parity_matrix.CreditActionParityMatrixTests.test_permission_denials_project_the_public_write_reason_without_success_evidence) (action_code='credit.appraisal.update')
----------------------------------------------------------------------
Traceback (most recent call last):
  File "/Users/amitkallapa/LMS/.ralph/worktrees/2026-07-12_093545_normal_run/sfpcl_credit/tests/test_credit_action_parity_matrix.py", line 65, in test_permission_denials_project_the_public_write_reason_without_success_evidence
    self.assertEqual(actions[action_code]["disabled_reason"], expected_reason)
AssertionError: 'Required permission credit.appraisal.update is missing.' != 'You do not have permission to update appraisal notes.'
- Required permission credit.appraisal.update is missing.
+ You do not have permission to update appraisal notes.


======================================================================
FAIL: test_permission_denials_project_the_public_write_reason_without_success_evidence (sfpcl_credit.tests.test_credit_action_parity_matrix.CreditActionParityMatrixTests.test_permission_denials_project_the_public_write_reason_without_success_evidence) (action_code='revalidate_appraisal_prerequisites')
----------------------------------------------------------------------
Traceback (most recent call last):
  File "/Users/amitkallapa/LMS/.ralph/worktrees/2026-07-12_093545_normal_run/sfpcl_credit/tests/test_credit_action_parity_matrix.py", line 65, in test_permission_denials_project_the_public_write_reason_without_success_evidence
    self.assertEqual(actions[action_code]["disabled_reason"], expected_reason)
AssertionError: 'Required permission credit.appraisal.update is missing.' != 'You do not have permission to revalidate appraisal prerequisites.'
- Required permission credit.appraisal.update is missing.
+ You do not have permission to revalidate appraisal prerequisites.


======================================================================
FAIL: test_permission_denials_project_the_public_write_reason_without_success_evidence (sfpcl_credit.tests.test_credit_action_parity_matrix.CreditActionParityMatrixTests.test_permission_denials_project_the_public_write_reason_without_success_evidence) (action_code='credit.appraisal.submit_review')
----------------------------------------------------------------------
Traceback (most recent call last):
  File "/Users/amitkallapa/LMS/.ralph/worktrees/2026-07-12_093545_normal_run/sfpcl_credit/tests/test_credit_action_parity_matrix.py", line 65, in test_permission_denials_project_the_public_write_reason_without_success_evidence
    self.assertEqual(actions[action_code]["disabled_reason"], expected_reason)
AssertionError: 'Required permission credit.appraisal.submit_review is missing.' != 'You do not have permission to submit appraisal notes for review.'
- Required permission credit.appraisal.submit_review is missing.
+ You do not have permission to submit appraisal notes for review.


======================================================================
FAIL: test_permission_denials_project_the_public_write_reason_without_success_evidence (sfpcl_credit.tests.test_credit_action_parity_matrix.CreditActionParityMatrixTests.test_permission_denials_project_the_public_write_reason_without_success_evidence) (action_code='credit.appraisal.review')
----------------------------------------------------------------------
Traceback (most recent call last):
  File "/Users/amitkallapa/LMS/.ralph/worktrees/2026-07-12_093545_normal_run/sfpcl_credit/tests/test_credit_action_parity_matrix.py", line 65, in test_permission_denials_project_the_public_write_reason_without_success_evidence
    self.assertEqual(actions[action_code]["disabled_reason"], expected_reason)
AssertionError: 'Required permission credit.appraisal.review is missing.' != 'You do not have permission to review appraisal notes.'
- Required permission credit.appraisal.review is missing.
+ You do not have permission to review appraisal notes.


======================================================================
FAIL: test_permission_denials_project_the_public_write_reason_without_success_evidence (sfpcl_credit.tests.test_credit_action_parity_matrix.CreditActionParityMatrixTests.test_permission_denials_project_the_public_write_reason_without_success_evidence) (action_code='credit.appraisal.submit_sanction')
----------------------------------------------------------------------
Traceback (most recent call last):
  File "/Users/amitkallapa/LMS/.ralph/worktrees/2026-07-12_093545_normal_run/sfpcl_credit/tests/test_credit_action_parity_matrix.py", line 65, in test_permission_denials_project_the_public_write_reason_without_success_evidence
    self.assertEqual(actions[action_code]["disabled_reason"], expected_reason)
AssertionError: 'Required permission credit.appraisal.submit_sanction is missing.' != 'You do not have permission to submit appraisals for sanction.'
- Required permission credit.appraisal.submit_sanction is missing.
+ You do not have permission to submit appraisals for sanction.


======================================================================
FAIL: test_permission_denials_project_the_public_write_reason_without_success_evidence (sfpcl_credit.tests.test_credit_action_parity_matrix.CreditActionParityMatrixTests.test_permission_denials_project_the_public_write_reason_without_success_evidence)
----------------------------------------------------------------------
sfpcl_credit.domain_errors.DomainPermissionDenied: You do not have permission to manage risk assessments.

During handling of the above exception, another exception occurred:

Traceback (most recent call last):
  File "/Users/amitkallapa/LMS/.ralph/worktrees/2026-07-12_093545_normal_run/sfpcl_credit/tests/test_credit_action_parity_matrix.py", line 69, in test_permission_denials_project_the_public_write_reason_without_success_evidence
    with self.assertRaisesMessage(CreditModulePermissionDenied, ACTION_MATRIX[0][1]):
  File "/Library/Frameworks/Python.framework/Versions/3.11/lib/python3.11/contextlib.py", line 155, in __exit__
    self.gen.throw(typ, value, traceback)
  File "/Users/amitkallapa/LMS/.ralph/venv/lib/python3.11/site-packages/django/test/testcases.py", line 742, in _assert_raises_or_warns_cm
    self.assertIn(expected_message, str(getattr(cm, cm_attr)))
AssertionError: 'You do not have permission to update appraisal notes.' not found in 'You do not have permission to manage risk assessments.'

----------------------------------------------------------------------
Ran 1 test in 0.022s

FAILED (failures=6)
Destroying test database for alias 'default' ('file:memorydb_default?mode=memory&cache=shared')...
