Creating test database for alias 'default' ('file:memorydb_default?mode=memory&cache=shared')...
Found 12 test(s).
Operations to perform:
  Synchronize unmigrated apps: corsheaders
  Apply all migrations: applications, approvals, communications, configurations, contenttypes, credit, documents, identity, legal_documents, members, scheduler, security_instruments, tracer, workflows
Synchronizing apps without migrations:
  Creating tables...
    Running deferred SQL...
Running migrations:
  Applying identity.0001_initial... OK
  Applying identity.0002_permission_rolepermission_and_more... OK
  Applying members.0001_initial... OK
  Applying members.0002_profile_shells... OK
  Applying members.0003_individual_profile_details... OK
  Applying members.0004_nominee... OK
  Applying members.0005_shareholding_and_more... OK
  Applying members.0006_landholding_cropplan_and_more... OK
  Applying documents.0001_initial... OK
  Applying members.0007_kycprofile_kycdocument_and_more... OK
  Applying members.0008_cancelledcheque_bankaccount_and_more... OK
  Applying identity.0003_portal_member_auth... OK
  Applying applications.0001_initial... OK
  Applying applications.0002_loanapplication_submitted_by_user... OK
  Applying applications.0003_systemsequence_loanrequestregisterentry... OK
  Applying applications.0004_applicationdocument_and_more... OK
  Applying applications.0005_application_deficiency... OK
  Applying applications.0006_rejection_note... OK
  Applying applications.0007_eligibilityassessment... OK
  Applying applications.0008_loanlimitassessment... OK
  Applying applications.0009_loan_limit_policy_snapshot... OK
  Applying applications.0010_loanapplication_nominee... OK
  Applying applications.0011_witness... OK
  Applying applications.0012_witness_verification_evidence... OK
  Applying applications.0013_witness_correction... OK
  Applying applications.0014_witness_contact_fields... OK
  Applying communications.0001_initial... OK
  Applying communications.0002_communication... OK
  Applying communications.0003_notification... OK
  Applying tracer.0001_initial... OK
  Applying workflows.0001_canonical_workflow_event... OK
  Applying credit.0001_credit_assessment_model_ownership... OK
  Applying credit.0002_riskassessment_loanappraisalnote... OK
  Applying credit.0003_appraisal_prerequisite_snapshots... OK
  Applying credit.0004_appraisal_review_facts... OK
  Applying credit.0005_appraisalreviewdecision... OK
  Applying credit.0006_legacy_appraisal_history_remediation... OK
  Applying credit.0007_eligibility_active_member_snapshot... OK
  Applying approvals.0001_initial... OK
  Applying approvals.0002_approvalcase_workflow_event... OK
  Applying approvals.0003_approvalmatrixrule_sanctioncommittee... OK
  Applying approvals.0004_approval_configuration_history_constraints... OK
  Applying approvals.0005_approvalconfigurationproposal... OK
  Applying approvals.0006_approvalcase_configuration_snapshot... OK
  Applying approvals.0007_approvalcase_enrichment_snapshot... OK
  Applying approvals.0008_approvalaction... OK
  Applying approvals.0009_sanction_decision_and_case_closure... OK
  Applying approvals.0010_approvalcasereadscopegrant_and_more... OK
  Applying approvals.0011_approvalcase_appraisal_facts_json_and_more... OK
  Applying approvals.0012_approvalconflictdeclaration_and_more... OK
  Applying approvals.0013_conflict_projection_scope_closure... OK
  Applying approvals.0014_exceptionregisterentry_and_more... OK
  Applying approvals.0015_generalmeetingapproval_and_more... OK
  Applying approvals.0016_creditsanctionregisterentry... OK
  Applying approvals.0017_exceptionregisterentry_supporting_documents_json... OK
  Applying approvals.0018_creditsanctionregisterentry_source_review_facts_json... OK
  Applying approvals.0019_register_source_facts... OK
  Applying approvals.0020_approvalaction_approver_display_name... OK
  Applying configurations.0001_initial... OK
  Applying configurations.0002_version_history_approval_evidence... OK
  Applying contenttypes.0001_initial... OK
  Applying contenttypes.0002_remove_content_type_name... OK
  Applying documents.0002_documenttemplate... OK
  Applying documents.0003_documenttemplateidentity... OK
  Applying documents.0004_loandocument... OK
  Applying members.0009_member_identity_governance... OK
  Applying members.0010_member_identity_change_request... OK
  Applying members.0011_producesupplyrecord... OK
  Applying members.0012_memberserviceevidence_activememberstatus_and_more... OK
  Applying members.0013_memberserviceevidence_maker_users_and_more... OK
  Applying members.0014_remove_memberscopeassignment_uniq_member_scope_assignment_and_more... OK
  Applying legal_documents.0001_transfer_loan_document_owner... OK
  Applying legal_documents.0002_document_checklists... OK
  Applying legal_documents.0003_loan_document_renderer_provenance... OK
  Applying legal_documents.0004_checklistitem_notarisation_status_and_more... OK
  Applying legal_documents.0005_signature_records... OK
  Applying legal_documents.0006_stamp_notary_preparer_identity... OK
  Applying legal_documents.0007_signature_capture_maker... OK
  Applying legal_documents.0008_securitypackage_powerofattorney_and_more... OK
  Applying legal_documents.0009_loandocument_verification_remarks... OK
  Applying legal_documents.0010_stage4_maker_checker_constraints... OK
  Applying scheduler.0001_initial... OK
  Applying security_instruments.0001_transfer_security_ownership... OK
  Applying security_instruments.0002_sh4sharetransferform_and_more... OK
  Applying security_instruments.0003_cdslsharepledge_and_more... OK
  Applying tracer.0002_remove_tracer_workflowevent_state... OK
System check identified no issues (0 silenced).
test_demat_package_supports_one_masked_replay_safe_prepared_pledge (sfpcl_credit.tests.test_cdsl_share_pledge_api.CDSLSharePledgeApiTests.test_demat_package_supports_one_masked_replay_safe_prepared_pledge) ... ok
test_distinct_company_secretary_accepts_submitted_prf_and_freezes_evidence (sfpcl_credit.tests.test_cdsl_share_pledge_api.CDSLSharePledgeApiTests.test_distinct_company_secretary_accepts_submitted_prf_and_freezes_evidence) ... ok
test_explicit_company_secretary_reveal_is_one_time_and_separately_audited (sfpcl_credit.tests.test_cdsl_share_pledge_api.CDSLSharePledgeApiTests.test_explicit_company_secretary_reveal_is_one_time_and_separately_audited) ... ok
test_invalid_scope_shape_state_and_projection_conflict_write_no_pledge (sfpcl_credit.tests.test_cdsl_share_pledge_api.CDSLSharePledgeApiTests.test_invalid_scope_shape_state_and_projection_conflict_write_no_pledge) ... ok
test_company_secretary_activates_only_with_current_maker_checker_and_signatures (sfpcl_credit.tests.test_power_of_attorney_api.PowerOfAttorneyApiTests.test_company_secretary_activates_only_with_current_maker_checker_and_signatures) ... ok
test_compliance_prepares_one_replay_safe_draft_from_canonical_facts (sfpcl_credit.tests.test_power_of_attorney_api.PowerOfAttorneyApiTests.test_compliance_prepares_one_replay_safe_draft_from_canonical_facts) ... ok
test_missing_manage_permission_denies_before_payload_and_writes_nothing (sfpcl_credit.tests.test_power_of_attorney_api.PowerOfAttorneyApiTests.test_missing_manage_permission_denies_before_payload_and_writes_nothing) ... ok
test_missing_projection_target_rolls_back_poa_and_success_evidence (sfpcl_credit.tests.test_power_of_attorney_api.PowerOfAttorneyApiTests.test_missing_projection_target_rolls_back_poa_and_success_evidence) ... ok
test_mutable_status_without_frozen_sanction_cannot_create_package (sfpcl_credit.tests.test_power_of_attorney_api.PowerOfAttorneyApiTests.test_mutable_status_without_frozen_sanction_cannot_create_package) ... ok
test_package_refresh_is_replay_safe_and_preserves_checklist_truth (sfpcl_credit.tests.test_power_of_attorney_api.PowerOfAttorneyApiTests.test_package_refresh_is_replay_safe_and_preserves_checklist_truth) ... ok
test_five_changed_acceptance_attempts_retain_one_terminal_winner (sfpcl_credit.tests.test_cdsl_share_pledge_api.CDSLSharePledgeConcurrencyTests.test_five_changed_acceptance_attempts_retain_one_terminal_winner) ... skipped 'PostgreSQL row-lock acceptance only'
test_five_different_psn_creates_retain_one_masked_current_pledge (sfpcl_credit.tests.test_cdsl_share_pledge_api.CDSLSharePledgeConcurrencyTests.test_five_different_psn_creates_retain_one_masked_current_pledge) ... skipped 'PostgreSQL row-lock acceptance only'

----------------------------------------------------------------------
Ran 12 tests in 1.105s

OK (skipped=2)
Destroying test database for alias 'default' ('file:memorydb_default?mode=memory&cache=shared')...
