Creating test database for alias 'default' ('file:memorydb_default?mode=memory&cache=shared')...
Found 1 test(s).
Operations to perform:
  Synchronize unmigrated apps: corsheaders
  Apply all migrations: applications, approvals, communications, configurations, contenttypes, credit, documents, identity, members, scheduler, tracer, workflows
Synchronizing apps without migrations:
  Creating tables...
    Running deferred SQL...
Running migrations:
  Applying identity.0001_initial... OK
  Applying identity.0002_permission_rolepermission_and_more... OK
  Applying members.0001_initial... OK
  Applying members.0002_profile_shells... OK
  Applying members.0003_individual_profile_details... OK
  Applying members.0004_nominee... OK
  Applying members.0005_shareholding_and_more... OK
  Applying members.0006_landholding_cropplan_and_more... OK
  Applying documents.0001_initial... OK
  Applying members.0007_kycprofile_kycdocument_and_more... OK
  Applying members.0008_cancelledcheque_bankaccount_and_more... OK
  Applying identity.0003_portal_member_auth... OK
  Applying applications.0001_initial... OK
  Applying applications.0002_loanapplication_submitted_by_user... OK
  Applying applications.0003_systemsequence_loanrequestregisterentry... OK
  Applying applications.0004_applicationdocument_and_more... OK
  Applying applications.0005_application_deficiency... OK
  Applying applications.0006_rejection_note... OK
  Applying applications.0007_eligibilityassessment... OK
  Applying applications.0008_loanlimitassessment... OK
  Applying applications.0009_loan_limit_policy_snapshot... OK
  Applying applications.0010_loanapplication_nominee... OK
  Applying credit.0001_credit_assessment_model_ownership... OK
  Applying credit.0002_riskassessment_loanappraisalnote... OK
  Applying credit.0003_appraisal_prerequisite_snapshots... OK
  Applying credit.0004_appraisal_review_facts... OK
  Applying credit.0005_appraisalreviewdecision... OK
  Applying approvals.0001_initial... OK
  Applying communications.0001_initial... OK
  Applying communications.0002_communication... OK
  Applying communications.0003_notification... OK
  Applying configurations.0001_initial... OK
  Applying contenttypes.0001_initial... OK
  Applying contenttypes.0002_remove_content_type_name... OK
  Applying scheduler.0001_initial... OK
  Applying tracer.0001_initial... OK
  Applying workflows.0001_canonical_workflow_event... OK
  Applying tracer.0002_remove_tracer_workflowevent_state... OK
System check identified no issues (0 silenced).
test_forward_backfills_returned_projection_after_resubmission (sfpcl_credit.tests.test_appraisal_api.LegacyAppraisalRemediationMigrationTests.test_forward_backfills_returned_projection_after_resubmission) ... ERROR

======================================================================
ERROR: test_forward_backfills_returned_projection_after_resubmission (sfpcl_credit.tests.test_appraisal_api.LegacyAppraisalRemediationMigrationTests.test_forward_backfills_returned_projection_after_resubmission)
----------------------------------------------------------------------
Traceback (most recent call last):
  File "/Users/amitkallapa/LMS/.ralph/worktrees/2026-07-10_215124_normal_run/sfpcl_credit/tests/test_appraisal_api.py", line 2680, in test_forward_backfills_returned_projection_after_resubmission
    self.executor.migrate(self.migrate_to)
  File "/Users/amitkallapa/LMS/.ralph/venv/lib/python3.11/site-packages/django/db/migrations/executor.py", line 110, in migrate
    plan = self.migration_plan(targets)
           ^^^^^^^^^^^^^^^^^^^^^^^^^^^^
  File "/Users/amitkallapa/LMS/.ralph/venv/lib/python3.11/site-packages/django/db/migrations/executor.py", line 67, in migration_plan
    for migration in self.loader.graph.forwards_plan(target):
                     ^^^^^^^^^^^^^^^^^^^^^^^^^^^^^^^^^^^^^^^
  File "/Users/amitkallapa/LMS/.ralph/venv/lib/python3.11/site-packages/django/db/migrations/graph.py", line 207, in forwards_plan
    raise NodeNotFoundError("Node %r not a valid node" % (target,), target)
django.db.migrations.exceptions.NodeNotFoundError: Node ('credit', '0006_legacy_appraisal_history_remediation') not a valid node

----------------------------------------------------------------------
Ran 1 test in 0.027s

FAILED (errors=1)
Destroying test database for alias 'default' ('file:memorydb_default?mode=memory&cache=shared')...
