 .ralph/progress.md                                 |  16 +
 .ralph/state.json                                  |   7 +-
 ...y-appraisal-remediation-and-history-backfill.md |   2 +-
 ...6F4-postgresql-credit-concurrency-acceptance.md |   9 +
 docs/working/API_CONTRACTS.md                      |  23 +-
 docs/working/HANDOFF.md                            |  54 +-
 .../epic-006-eligibility-loan-limit-appraisal.md   |  19 +
 sfpcl_credit/applications/views.py                 |   8 +
 sfpcl_credit/credit/modules/appraisal_workflow.py  |  50 +-
 sfpcl_credit/tests/test_appraisal_api.py           | 617 +++++++++++++++++++++
 10 files changed, 751 insertions(+), 54 deletions(-)
 M .ralph/progress.md
 M .ralph/state.json
 M docs/slices/006E4-legacy-appraisal-remediation-and-history-backfill.md
 M docs/slices/006F4-postgresql-credit-concurrency-acceptance.md
 M docs/working/API_CONTRACTS.md
 M docs/working/HANDOFF.md
 M docs/working/digests/epic-006-eligibility-loan-limit-appraisal.md
 M sfpcl_credit/applications/views.py
 M sfpcl_credit/credit/modules/appraisal_workflow.py
 M sfpcl_credit/tests/test_appraisal_api.py
?? .ralph/runs/2026-07-10_215124_normal_run/
?? sfpcl_credit/credit/migrations/0006_legacy_appraisal_history_remediation.py
