
> sfpcl-lms@1.0.0 test
> vitest run --run src/services/portalApi.test.ts src/pages/borrower/portal/PortalMemberViews.test.tsx

[33mThe CJS build of Vite's Node API is deprecated. See https://vite.dev/guide/troubleshooting.html#vite-cjs-node-api-deprecated for more details.[39m

 RUN  v3.2.6 /Users/amitkallapa/LMS/.ralph/worktrees/2026-07-23_095043_normal_run/sfpcl-lms

(node:34759) ExperimentalWarning: buffer.File is an experimental feature and might change at any time
(Use `node --trace-warnings ...` to show where the warning was created)
 ✓ src/services/portalApi.test.ts (10 tests) 29ms
 ✓ src/pages/borrower/portal/PortalMemberViews.test.tsx (7 tests) 157ms

 Test Files  2 passed (2)
      Tests  17 passed (17)
   Start at  10:28:08
   Duration  1.00s (transform 203ms, setup 0ms, collect 381ms, tests 186ms, environment 326ms, prepare 77ms)


> sfpcl-lms@1.0.0 typecheck
> tsc --noEmit


> sfpcl-lms@1.0.0 lint
> eslint src


> sfpcl-lms@1.0.0 build
> vite build

[33mThe CJS build of Vite's Node API is deprecated. See https://vite.dev/guide/troubleshooting.html#vite-cjs-node-api-deprecated for more details.[39m
vite v5.4.21 building for production...
transforming...
✓ 1887 modules transformed.
rendering chunks...
computing gzip size...
dist/index.html                     0.75 kB │ gzip:   0.43 kB
dist/assets/index-CpK71YI6.css     49.40 kB │ gzip:   8.54 kB
dist/assets/index-BwCcCoY0.js   1,077.96 kB │ gzip: 241.13 kB

(!) Some chunks are larger than 500 kB after minification. Consider:
- Using dynamic import() to code-split the application
- Use build.rollupOptions.output.manualChunks to improve chunking: https://rollupjs.org/configuration-options/#output-manualchunks
- Adjust chunk size limit for this warning via build.chunkSizeWarningLimit.
✓ built in 2.15s
