Creating test database for alias 'default' ('file:memorydb_default?mode=memory&cache=shared')...
Found 1 test(s).
Operations to perform:
  Synchronize unmigrated apps: corsheaders
  Apply all migrations: contenttypes, identity, tracer
Synchronizing apps without migrations:
  Creating tables...
    Running deferred SQL...
Running migrations:
  Applying contenttypes.0001_initial... OK
  Applying contenttypes.0002_remove_content_type_name... OK
  Applying identity.0001_initial... OK
  Applying identity.0002_permission_rolepermission_and_more... OK
  Applying tracer.0001_initial... OK
System check identified no issues (0 silenced).
test_seed_keeps_non_demo_sales_team_user_permission_neutral (sfpcl_credit.tests.test_seed_demo_users.SeedDemoUsersTests.test_seed_keeps_non_demo_sales_team_user_permission_neutral) ... Demo users seeded: demo.system_admin@sfpcl.example, demo.credit_manager@sfpcl.example, demo.compliance@sfpcl.example, demo.treasury@sfpcl.example, demo.internal_auditor@sfpcl.example, demo.tracer@sfpcl.example, demo.zero@sfpcl.example (predictable local/dev password set; do not use in production).
ok

----------------------------------------------------------------------
Ran 1 test in 3.473s

OK
Destroying test database for alias 'default' ('file:memorydb_default?mode=memory&cache=shared')...
